d:\facultate\semestrul_2_master\aea\code-automated-algorithm-selection\pso\cpp_project\cpp_project\x64\debug\vc143.pdb
d:\facultate\semestrul_2_master\aea\code-automated-algorithm-selection\pso\cpp_project\cpp_project\x64\debug\vc143.idb
d:\facultate\semestrul_2_master\aea\code-automated-algorithm-selection\pso\cpp_project\cpp_project\x64\debug\parallel_main.obj
d:\facultate\semestrul_2_master\aea\code-automated-algorithm-selection\pso\cpp_project\cpp_project\x64\debug\main.obj
d:\facultate\semestrul_2_master\aea\code-automated-algorithm-selection\pso\cpp_project\x64\debug\cpp_project.pdb
d:\facultate\semestrul_2_master\aea\code-automated-algorithm-selection\pso\cpp_project\cpp_project\x64\debug\cpp_project.tlog\cl.command.1.tlog
d:\facultate\semestrul_2_master\aea\code-automated-algorithm-selection\pso\cpp_project\cpp_project\x64\debug\cpp_project.tlog\cl.read.1.tlog
d:\facultate\semestrul_2_master\aea\code-automated-algorithm-selection\pso\cpp_project\cpp_project\x64\debug\cpp_project.tlog\cl.write.1.tlog
d:\facultate\semestrul_2_master\aea\code-automated-algorithm-selection\pso\cpp_project\cpp_project\x64\debug\cpp_project.tlog\link-cvtres.read.1.tlog
d:\facultate\semestrul_2_master\aea\code-automated-algorithm-selection\pso\cpp_project\cpp_project\x64\debug\cpp_project.tlog\link-cvtres.write.1.tlog
d:\facultate\semestrul_2_master\aea\code-automated-algorithm-selection\pso\cpp_project\cpp_project\x64\debug\cpp_project.tlog\link-rc.read.1.tlog
d:\facultate\semestrul_2_master\aea\code-automated-algorithm-selection\pso\cpp_project\cpp_project\x64\debug\cpp_project.tlog\link-rc.write.1.tlog
d:\facultate\semestrul_2_master\aea\code-automated-algorithm-selection\pso\cpp_project\cpp_project\x64\debug\cpp_project.tlog\link.command.1.tlog
d:\facultate\semestrul_2_master\aea\code-automated-algorithm-selection\pso\cpp_project\cpp_project\x64\debug\cpp_project.tlog\link.read.1.tlog
d:\facultate\semestrul_2_master\aea\code-automated-algorithm-selection\pso\cpp_project\cpp_project\x64\debug\cpp_project.tlog\link.read.2.tlog
d:\facultate\semestrul_2_master\aea\code-automated-algorithm-selection\pso\cpp_project\cpp_project\x64\debug\cpp_project.tlog\link.read.3.tlog
d:\facultate\semestrul_2_master\aea\code-automated-algorithm-selection\pso\cpp_project\cpp_project\x64\debug\cpp_project.tlog\link.read.4.tlog
d:\facultate\semestrul_2_master\aea\code-automated-algorithm-selection\pso\cpp_project\cpp_project\x64\debug\cpp_project.tlog\link.read.5.tlog
d:\facultate\semestrul_2_master\aea\code-automated-algorithm-selection\pso\cpp_project\cpp_project\x64\debug\cpp_project.tlog\link.read.6.tlog
d:\facultate\semestrul_2_master\aea\code-automated-algorithm-selection\pso\cpp_project\cpp_project\x64\debug\cpp_project.tlog\link.write.1.tlog
