  parallel_main.cpp
D:\Facultate\Semestrul_2_Master\AEA\Code-Automated-Algorithm-Selection\pso\parallel_main.cpp(329,14): warning C4311: 'type cast': pointer truncation from 'void *' to 'long'
D:\Facultate\Semestrul_2_Master\AEA\Code-Automated-Algorithm-Selection\pso\parallel_main.cpp(329,14): warning C4302: 'type cast': truncation from 'void *' to 'long'
D:\Facultate\Semestrul_2_Master\AEA\Code-Automated-Algorithm-Selection\pso\parallel_main.cpp(343,18): warning C4244: 'initializing': conversion from 'double' to 'float', possible loss of data
D:\Facultate\Semestrul_2_Master\AEA\Code-Automated-Algorithm-Selection\pso\parallel_main.cpp(344,18): warning C4244: 'initializing': conversion from 'double' to 'float', possible loss of data
D:\Facultate\Semestrul_2_Master\AEA\Code-Automated-Algorithm-Selection\pso\parallel_main.cpp(346,23): warning C4244: 'initializing': conversion from '_Ty' to 'float', possible loss of data
D:\Facultate\Semestrul_2_Master\AEA\Code-Automated-Algorithm-Selection\pso\parallel_main.cpp(346,23): warning C4244:         with
D:\Facultate\Semestrul_2_Master\AEA\Code-Automated-Algorithm-Selection\pso\parallel_main.cpp(346,23): warning C4244:         [
D:\Facultate\Semestrul_2_Master\AEA\Code-Automated-Algorithm-Selection\pso\parallel_main.cpp(346,23): warning C4244:             _Ty=int
D:\Facultate\Semestrul_2_Master\AEA\Code-Automated-Algorithm-Selection\pso\parallel_main.cpp(346,23): warning C4244:         ]
D:\Facultate\Semestrul_2_Master\AEA\Code-Automated-Algorithm-Selection\pso\parallel_main.cpp(347,23): warning C4244: 'initializing': conversion from '_Ty' to 'float', possible loss of data
D:\Facultate\Semestrul_2_Master\AEA\Code-Automated-Algorithm-Selection\pso\parallel_main.cpp(347,23): warning C4244:         with
D:\Facultate\Semestrul_2_Master\AEA\Code-Automated-Algorithm-Selection\pso\parallel_main.cpp(347,23): warning C4244:         [
D:\Facultate\Semestrul_2_Master\AEA\Code-Automated-Algorithm-Selection\pso\parallel_main.cpp(347,23): warning C4244:             _Ty=int
D:\Facultate\Semestrul_2_Master\AEA\Code-Automated-Algorithm-Selection\pso\parallel_main.cpp(347,23): warning C4244:         ]
D:\Facultate\Semestrul_2_Master\AEA\Code-Automated-Algorithm-Selection\pso\parallel_main.cpp(436,20): warning C4267: 'initializing': conversion from 'size_t' to 'unsigned int', possible loss of data
D:\Facultate\Semestrul_2_Master\AEA\Code-Automated-Algorithm-Selection\pso\parallel_main.cpp(437,20): warning C4267: 'initializing': conversion from 'size_t' to 'unsigned int', possible loss of data
D:\Facultate\Semestrul_2_Master\AEA\Code-Automated-Algorithm-Selection\pso\parallel_main.cpp(486,10): warning C4305: '=': truncation from 'double' to 'float'
D:\Facultate\Semestrul_2_Master\AEA\Code-Automated-Algorithm-Selection\pso\parallel_main.cpp(487,10): warning C4305: '=': truncation from 'double' to 'float'
D:\Facultate\Semestrul_2_Master\AEA\Code-Automated-Algorithm-Selection\pso\parallel_main.cpp(488,17): warning C4305: '=': truncation from 'double' to 'float'
D:\Facultate\Semestrul_2_Master\AEA\Code-Automated-Algorithm-Selection\pso\parallel_main.cpp(489,17): warning C4305: '=': truncation from 'double' to 'float'
D:\Facultate\Semestrul_2_Master\AEA\Code-Automated-Algorithm-Selection\pso\parallel_main.cpp(490,13): warning C4305: '=': truncation from 'double' to 'float'
D:\Facultate\Semestrul_2_Master\AEA\Code-Automated-Algorithm-Selection\pso\parallel_main.cpp(492,29): warning C4244: '=': conversion from 'int' to 'float', possible loss of data
D:\Facultate\Semestrul_2_Master\AEA\Code-Automated-Algorithm-Selection\pso\parallel_main.cpp(493,30): warning C4244: '=': conversion from 'int' to 'float', possible loss of data
D:\Facultate\Semestrul_2_Master\AEA\Code-Automated-Algorithm-Selection\pso\parallel_main.cpp(514,67): warning C4312: 'type cast': conversion from 'long' to 'void *' of greater size
C:\Program Files\Microsoft Visual Studio\2022\Community\VC\Tools\MSVC\14.38.33130\include\numeric(524,20): warning C4244: '=': conversion from '_Ty' to 'float', possible loss of data
C:\Program Files\Microsoft Visual Studio\2022\Community\VC\Tools\MSVC\14.38.33130\include\numeric(524,20): warning C4244:         with
C:\Program Files\Microsoft Visual Studio\2022\Community\VC\Tools\MSVC\14.38.33130\include\numeric(524,20): warning C4244:         [
C:\Program Files\Microsoft Visual Studio\2022\Community\VC\Tools\MSVC\14.38.33130\include\numeric(524,20): warning C4244:             _Ty=int
C:\Program Files\Microsoft Visual Studio\2022\Community\VC\Tools\MSVC\14.38.33130\include\numeric(524,20): warning C4244:         ]
  (compiling source file '../../parallel_main.cpp')
  C:\Program Files\Microsoft Visual Studio\2022\Community\VC\Tools\MSVC\14.38.33130\include\numeric(524,20):
  the template instantiation context (the oldest one first) is
  	D:\Facultate\Semestrul_2_Master\AEA\Code-Automated-Algorithm-Selection\pso\parallel_main.cpp(338,5):
  	see reference to function template instantiation 'void std::iota<std::_Vector_iterator<std::_Vector_val<std::_Simple_types<_Ty>>>,int>(_FwdIt,_FwdIt,int)' being compiled
          with
          [
              _Ty=float,
              _FwdIt=std::_Vector_iterator<std::_Vector_val<std::_Simple_types<float>>>
          ]
  
  Cpp_Project.vcxproj -> D:\Facultate\Semestrul_2_Master\AEA\Code-Automated-Algorithm-Selection\pso\Cpp_Project\x64\Debug\Cpp_Project.exe
  'pwsh.exe' is not recognized as an internal or external command,
  operable program or batch file.
