100 1767
0 : 0 551 38 90 1
1 : 0 1090 24 82 1
2 : 0 1479 18 75 1
3 : 0 103 88 98 1
4 : 0 277 27 97 1
5 : 0 98 4 99 1
6 : 0 899 14 85 1
7 : 0 875 24 85 1
8 : 0 1360 28 76 1
9 : 47 1682 46 35 0
10 : 0 1612 20 69 1
11 : 0 1244 21 79 1
12 : 0 18 41 99 1
13 : 0 714 49 88 1
14 : 0 312 39 96 1
15 : 0 1060 30 82 1
16 : 0 398 15 95 1
17 : 0 413 14 95 1
18 : 0 351 19 96 1
19 : 0 455 50 93 1
20 : 0 102 1 99 1
21 : 0 1409 40 75 1
22 : 0 1632 11 69 1
23 : 0 994 82 66 0
24 : 0 1311 49 76 1
25 : 0 828 85 47 0
26 : 0 1135 64 79 1
27 : 0 1585 27 69 1
28 : 0 304 8 97 1
29 : 0 427 28 94 1
30 : 0 1449 30 75 1
31 : 0 1553 32 69 1
32 : 0 589 29 90 1
33 : 0 59 39 99 1
34 : 59 1728 7 11 0
35 : 0 0 100 18 0
36 : 0 653 61 88 1
37 : 0 1388 12 76 1
38 : 0 1199 45 79 1
39 : 0 370 28 95 1
40 : 0 1676 6 67 1
41 : 0 1682 47 46 0
42 : 0 1728 45 39 0
43 : 0 975 19 84 1
44 : 0 913 12 85 1
45 : 0 507 44 91 1
46 : 0 1497 56 70 1
47 : 0 1114 21 82 1
48 : 0 1281 30 77 1
49 : 0 505 2 93 1
50 : 45 1728 31 14 1
51 : 0 618 35 89 1
52 : 0 1400 9 76 1
53 : 0 1643 22 68 1
54 : 0 1265 16 79 1
55 : 0 1665 11 68 1
56 : 0 925 50 84 1
57 : 0 763 3 87 1
58 : 0 766 62 86 1
59 : 0 191 98 86 0
