92 223
0 : 0 0 11 9 0
1 : 11 0 1 1 0
2 : 12 0 9 11 1
3 : 23 0 1 29 1
4 : 52 0 9 11 1
5 : 63 0 19 15 0
6 : 0 15 50 29 0
7 : 50 15 1 19 0
8 : 51 15 18 18 0
9 : 0 44 12 45 1
10 : 45 44 19 15 0
11 : 64 44 14 12 1
12 : 0 59 12 45 1
13 : 45 59 27 13 0
14 : 0 72 43 13 0
15 : 0 85 55 13 0
16 : 43 72 31 13 0
17 : 72 59 19 15 0
18 : 0 98 11 79 1
19 : 0 109 50 50 0
20 : 55 85 2 37 1
21 : 50 109 31 13 1
22 : 0 159 92 17 0
23 : 69 15 21 13 1
24 : 79 98 11 9 1
25 : 63 109 33 13 1
26 : 76 109 28 13 1
27 : 82 15 1 29 0
28 : 74 72 13 10 1
29 : 0 176 27 13 0
30 : 0 189 17 88 1
31 : 27 176 19 15 0
32 : 83 15 1 19 0
33 : 0 206 86 17 0
34 : 89 109 1 48 0
35 : 88 98 4 6 0
36 : 82 0 13 10 1
37 : 84 72 4 6 0
