92 235
0 : 35 221 11 9 0
1 : 19 234 1 1 0
2 : 13 221 9 11 1
3 : 0 233 1 29 1
4 : 24 221 9 11 1
5 : 19 119 19 15 0
6 : 50 0 50 29 1
7 : 58 233 1 19 1
8 : 0 50 18 18 0
9 : 0 186 12 45 1
10 : 38 119 19 15 0
11 : 0 198 14 12 0
12 : 45 186 12 45 1
13 : 0 173 27 13 0
14 : 0 147 43 13 0
15 : 0 134 55 13 0
16 : 31 160 31 13 0
17 : 0 119 19 15 0
18 : 0 210 11 79 1
19 : 0 0 50 50 0
20 : 0 231 2 37 1
21 : 0 160 31 13 0
22 : 0 68 92 17 0
23 : 54 173 21 13 0
24 : 46 221 11 9 0
25 : 43 147 33 13 0
26 : 62 160 28 13 0
27 : 29 233 1 29 1
28 : 79 210 13 10 0
29 : 27 173 27 13 0
30 : 0 85 17 88 1
31 : 57 119 19 15 0
32 : 0 234 1 19 1
33 : 0 102 86 17 0
34 : 37 231 1 48 1
35 : 57 221 4 6 0
36 : 0 221 13 10 0
37 : 61 221 4 6 0
