100 1872
0 : 98 268 1 74 0
1 : 0 804 24 88 1
2 : 0 1335 16 77 1
3 : 0 347 98 7 0
4 : 0 1226 9 81 1
5 : 75 1452 22 71 0
6 : 0 775 29 88 1
7 : 0 0 100 39 0
8 : 0 1025 85 45 0
9 : 0 316 31 98 1
10 : 82 1097 68 11 1
11 : 0 848 16 88 1
12 : 86 912 9 86 0
13 : 0 1688 67 46 0
14 : 0 1773 41 66 1
15 : 0 423 92 87 0
16 : 99 107 1 83 0
17 : 0 1622 35 70 1
18 : 0 1734 39 67 1
19 : 0 1657 31 68 1
20 : 88 691 5 88 0
21 : 0 981 30 86 1
22 : 0 107 99 65 0
23 : 0 743 32 88 1
24 : 67 1688 21 66 0
25 : 0 1502 36 75 1
26 : 0 402 21 93 1
27 : 0 1165 44 81 1
28 : 0 864 48 87 1
29 : 92 515 4 10 0
30 : 0 1351 53 76 1
31 : 0 1080 17 83 1
32 : 72 1580 37 24 1
33 : 0 1260 33 78 1
34 : 0 1097 49 82 1
35 : 0 691 52 88 1
36 : 66 1773 38 28 1
37 : 0 570 25 91 1
38 : 0 686 5 89 1
39 : 0 1452 50 75 1
40 : 98 172 1 96 0
41 : 0 1293 27 78 1
42 : 0 1159 82 6 0
43 : 92 550 8 1 0
44 : 0 1235 25 80 1
45 : 0 1538 42 73 1
46 : 92 423 4 92 0
47 : 0 78 29 100 1
48 : 76 1351 10 72 0
49 : 0 1320 78 15 0
50 : 0 641 45 89 1
51 : 0 1814 60 58 0
52 : 88 1260 8 73 0
53 : 93 691 6 87 0
54 : 0 354 48 93 1
55 : 96 423 4 87 0
56 : 0 1209 17 81 1
57 : 0 1617 5 71 1
58 : 86 1351 13 71 0
59 : 78 1260 10 75 0
60 : 0 278 38 98 1
61 : 0 172 66 98 1
62 : 0 510 40 92 1
63 : 0 1070 84 10 0
64 : 0 828 20 88 1
65 : 0 39 39 100 1
66 : 68 1657 28 30 0
67 : 95 912 5 77 0
68 : 0 1011 14 86 1
69 : 88 1688 24 12 1
70 : 70 1622 28 33 0
71 : 0 595 46 90 1
72 : 0 550 20 92 1
73 : 0 912 69 86 1
74 : 0 238 40 98 1
75 : 0 1404 48 76 1
76 : 0 1580 37 72 1
77 : 73 1538 28 22 1
78 : 0 1146 13 82 1
79 : 81 1165 11 70 0
