3000 5147
0 : 0 4962 365 185 0
1 : 2703 3453 378 200 1
2 : 365 4962 410 165 0
3 : 2852 4002 425 148 1
4 : 2541 2898 425 296 1
5 : 2865 610 439 116 1
6 : 0 4498 464 1006 1
7 : 2498 3453 520 205 1
8 : 2550 1754 520 350 1
9 : 1413 3453 540 530 1
10 : 0 3453 549 1413 1
11 : 659 2898 549 1882 1
12 : 0 4002 553 496 0
13 : 2082 2326 555 755 1
14 : 1943 3453 555 496 0
15 : 0 2898 555 659 1
16 : 2515 0 567 473 1
17 : 1490 2326 572 592 1
18 : 1575 1754 572 975 1
19 : 1690 610 572 1175 1
20 : 0 1754 572 1575 1
21 : 1590 1182 572 1390 1
22 : 0 2326 572 1490 1
23 : 0 1182 572 1590 1
24 : 0 610 572 1690 1
25 : 625 0 572 1890 1
26 : 0 0 610 625 1
27 : 553 4002 660 490 0
28 : 2162 4002 690 447 0
29 : 1976 4498 949 445 0
30 : 1213 4002 949 478 0
31 : 1006 4498 970 463 0
