247 776
0 : 205 646 39 27 0
1 : 0 613 41 33 0
2 : 47 673 46 17 0
3 : 177 717 33 17 0
4 : 184 742 27 17 0
5 : 102 461 88 17 0
6 : 33 742 31 17 0
7 : 34 690 43 17 0
8 : 0 165 213 40 0
9 : 0 742 33 17 0
10 : 126 742 29 17 0
11 : 97 613 45 27 0
12 : 134 559 57 27 0
13 : 114 717 36 17 0
14 : 0 461 102 17 0
15 : 0 717 39 17 0
16 : 0 81 240 40 0
17 : 150 717 25 27 1
18 : 82 478 82 17 0
19 : 142 613 54 17 0
20 : 211 742 24 17 0
21 : 210 717 33 17 0
22 : 112 347 117 33 0
23 : 0 559 67 17 0
24 : 103 396 99 27 0
25 : 162 690 40 17 0
26 : 0 39 244 42 0
27 : 39 717 38 17 0
28 : 0 314 146 33 0
29 : 0 478 82 17 0
30 : 105 646 50 17 0
31 : 95 742 31 17 0
32 : 0 121 224 44 0
33 : 77 717 37 17 0
34 : 0 423 88 38 0
35 : 0 205 207 44 0
36 : 0 249 152 65 0
37 : 0 396 103 27 0
38 : 130 532 58 27 0
39 : 0 532 61 27 0
40 : 0 505 71 27 0
41 : 0 673 47 17 0
42 : 88 423 98 27 0
43 : 147 505 76 17 0
44 : 63 586 50 27 0
45 : 67 559 67 17 0
46 : 0 0 247 39 0
47 : 20 759 17 17 0
48 : 202 690 39 17 0
49 : 64 742 31 17 0
50 : 37 759 15 17 0
51 : 0 646 53 17 0
52 : 0 347 112 49 0
53 : 71 505 76 17 0
54 : 93 673 46 17 0
55 : 77 690 43 17 0
56 : 61 532 69 17 0
57 : 139 673 45 17 0
58 : 155 742 29 17 0
59 : 164 478 71 27 0
60 : 184 673 44 17 0
61 : 173 586 60 17 0
62 : 41 613 56 17 0
63 : 0 759 20 17 0
64 : 155 646 50 17 0
65 : 113 586 60 17 0
66 : 0 586 63 17 0
67 : 120 690 42 17 0
68 : 0 690 34 27 0
69 : 53 646 52 17 0
