100 32
0 : 38 19 5 4 0
1 : 49 23 3 13 1
2 : 0 23 49 3 0
3 : 0 26 3 5 1
4 : 63 12 5 5 0
5 : 5 26 3 5 1
6 : 68 12 5 5 0
7 : 35 29 3 3 0
8 : 0 19 4 10 1
9 : 93 26 3 4 1
10 : 83 12 4 11 1
11 : 62 23 3 7 1
12 : 67 0 9 8 1
13 : 0 12 7 33 1
14 : 53 12 5 5 0
15 : 15 26 5 3 0
16 : 23 19 4 5 1
17 : 28 19 5 4 0
18 : 20 26 5 3 0
19 : 25 26 3 5 1
20 : 33 12 12 5 0
21 : 32 29 3 3 0
22 : 4 29 3 4 1
23 : 29 29 3 3 0
24 : 65 26 3 5 1
25 : 80 26 5 3 0
26 : 75 26 3 5 1
27 : 69 23 3 7 1
28 : 58 12 5 5 0
29 : 35 26 5 3 0
30 : 10 26 5 3 0
31 : 76 23 3 7 1
32 : 55 26 5 3 0
33 : 38 29 3 3 0
34 : 89 26 3 4 1
35 : 43 19 5 4 0
36 : 57 19 4 4 0
37 : 8 29 3 4 1
38 : 20 29 3 3 0
39 : 10 19 4 8 1
40 : 48 19 5 4 0
41 : 40 26 5 3 0
42 : 12 29 4 3 0
43 : 34 0 12 33 1
44 : 45 26 3 5 1
45 : 26 29 3 3 0
46 : 53 19 4 4 0
47 : 30 26 3 5 1
48 : 78 12 5 5 0
49 : 18 19 5 4 0
50 : 83 23 7 3 0
51 : 50 26 5 3 0
52 : 33 19 5 4 0
53 : 60 26 5 3 0
54 : 85 26 3 4 1
55 : 16 29 3 4 1
56 : 70 26 3 5 1
57 : 23 29 3 3 0
58 : 0 29 3 4 1
59 : 90 23 7 3 0
60 : 45 12 5 8 1
61 : 0 0 34 12 0
62 : 73 12 5 5 0
