1000 8647
0 : 0 0 541 745 1
1 : 650 2913 344 301 0
2 : 673 2482 413 294 1
3 : 701 1619 266 341 0
4 : 589 5579 543 388 1
5 : 0 1619 367 701 1
6 : 0 807 526 707 1
7 : 0 1333 286 706 1
8 : 0 4567 614 289 0
9 : 0 5231 348 592 1
10 : 0 2482 673 431 0
11 : 634 3775 475 362 1
12 : 0 6150 562 439 0
13 : 0 3245 530 638 1
14 : 0 4856 609 375 0
15 : 0 7086 540 274 0
16 : 0 3775 486 634 1
17 : 614 4567 272 377 1
18 : 0 4261 623 306 0
19 : 0 541 266 714 1
20 : 609 4856 341 336 0
21 : 623 4261 340 296 0
22 : 0 7360 531 479 0
23 : 0 5579 571 589 1
24 : 0 1986 674 496 0
25 : 0 6589 560 497 0
26 : 0 7839 509 389 0
27 : 0 2913 650 332 0
28 : 674 1986 474 285 1
29 : 0 8228 419 503 1
