200 226
0 : 154 75 8 47 0
1 : 0 0 143 26 0
2 : 0 26 16 107 1
3 : 0 42 33 95 1
4 : 174 189 5 21 0
5 : 143 0 54 40 0
6 : 95 42 84 15 0
7 : 129 189 32 25 1
8 : 138 149 52 45 0
9 : 176 75 13 39 0
10 : 107 26 86 20 0
11 : 0 75 50 77 1
12 : 77 75 77 31 0
13 : 77 125 24 74 1
14 : 188 189 11 12 0
15 : 73 149 22 65 1
16 : 64 189 27 53 1
17 : 162 75 14 46 0
18 : 179 189 17 9 1
19 : 185 42 15 21 0
20 : 179 42 31 6 1
21 : 191 125 8 38 0
22 : 0 125 23 77 1
23 : 117 189 12 35 0
24 : 193 26 5 12 0
25 : 154 189 20 23 0
26 : 0 149 73 40 0
27 : 151 125 40 39 0
28 : 0 189 64 37 0
