300 609
0 : 90 342 90 36 0
1 : 0 482 79 15 0
2 : 202 234 90 36 0
3 : 0 95 244 70 0
4 : 120 578 39 15 0
5 : 222 482 55 15 1
6 : 266 482 53 14 1
7 : 180 378 90 36 0
8 : 80 450 80 32 0
9 : 0 306 101 36 0
10 : 259 95 62 31 1
11 : 199 560 40 16 0
12 : 237 578 38 15 0
13 : 270 342 24 32 0
14 : 0 0 300 95 0
15 : 0 450 80 32 0
16 : 0 594 38 15 0
17 : 239 560 40 16 0
18 : 0 165 209 33 0
19 : 0 234 101 36 0
20 : 152 560 47 15 0
21 : 0 578 40 16 0
22 : 240 450 60 24 0
23 : 191 306 90 36 0
24 : 159 578 39 15 0
25 : 198 578 39 15 0
26 : 51 560 51 15 0
27 : 40 578 40 15 0
28 : 101 234 101 36 0
29 : 157 482 60 18 1
30 : 237 482 55 15 1
31 : 193 482 60 15 1
32 : 244 95 66 15 1
33 : 270 378 24 32 0
34 : 180 342 90 36 0
35 : 0 560 51 18 0
36 : 101 306 90 36 0
37 : 0 378 90 36 0
38 : 175 482 60 18 1
39 : 90 378 90 36 0
40 : 281 306 17 16 1
41 : 208 482 59 14 1
42 : 0 198 163 15 0
43 : 163 198 101 36 0
44 : 0 414 90 36 0
45 : 280 482 52 15 1
46 : 90 414 90 36 0
47 : 102 560 50 15 0
48 : 80 578 40 15 0
49 : 252 482 54 14 1
50 : 0 270 101 36 0
51 : 180 414 90 36 0
52 : 101 270 101 36 0
53 : 209 165 90 36 0
54 : 79 482 78 78 0
55 : 202 270 90 36 0
56 : 0 342 90 36 0
57 : 160 450 80 15 0
