35 473
0 : 0 0 12 10 0
1 : 0 10 2 31 1
2 : 12 0 10 13 1
3 : 0 12 16 16 0
4 : 16 12 16 16 0
5 : 0 28 16 16 0
6 : 16 28 16 16 0
7 : 32 12 2 15 0
8 : 25 0 8 7 1
9 : 0 44 13 13 0
10 : 13 44 16 16 0
11 : 0 60 8 7 0
12 : 8 60 16 16 0
13 : 24 60 16 7 1
14 : 0 76 16 16 0
15 : 16 76 16 15 1
16 : 0 92 15 15 0
17 : 0 107 24 21 0
18 : 0 128 1 26 1
19 : 15 92 16 16 0
20 : 24 107 11 14 0
21 : 0 129 24 21 0
22 : 0 150 16 15 0
23 : 16 150 16 16 0
24 : 0 166 16 16 0
25 : 26 128 7 7 0
26 : 16 166 16 16 0
27 : 0 182 13 14 1
28 : 14 182 16 15 0
29 : 33 128 2 7 0
30 : 24 129 8 10 0
31 : 0 197 13 11 0
32 : 13 197 16 15 0
33 : 0 212 13 12 0
34 : 13 212 16 16 0
35 : 0 228 16 16 0
36 : 31 10 1 1 0
37 : 32 28 2 16 0
38 : 16 228 12 10 1
39 : 26 228 8 10 0
40 : 0 244 12 10 0
41 : 0 254 24 24 0
42 : 12 244 16 15 0
43 : 0 278 16 15 0
44 : 0 293 32 32 0
45 : 28 244 7 7 0
46 : 24 254 3 22 0
47 : 16 278 16 16 0
48 : 0 325 16 16 0
49 : 0 341 35 7 0
50 : 16 325 16 16 0
51 : 32 129 3 19 0
52 : 30 182 3 15 0
53 : 0 348 24 21 0
54 : 0 369 16 16 0
55 : 16 369 16 15 1
56 : 0 385 16 16 0
57 : 16 385 16 16 0
58 : 24 348 11 11 0
59 : 0 401 16 15 0
60 : 16 401 11 11 0
61 : 0 416 24 21 0
62 : 0 437 24 21 0
63 : 0 458 16 15 0
64 : 29 197 3 11 0
