200 291
0 : 0 69 66 25 0
1 : 183 127 14 30 0
2 : 99 244 18 14 1
3 : 127 194 43 34 1
4 : 83 97 59 30 0
5 : 46 244 10 16 0
6 : 56 127 8 33 1
7 : 89 127 22 47 1
8 : 0 265 18 16 0
9 : 147 157 26 13 1
10 : 22 244 24 17 0
11 : 181 69 26 4 1
12 : 185 69 7 28 0
13 : 181 157 26 14 1
14 : 0 157 30 51 1
15 : 108 157 39 25 0
16 : 152 244 7 3 1
17 : 102 194 19 9 1
18 : 192 69 25 6 1
19 : 83 244 8 14 0
20 : 83 0 18 78 1
21 : 165 244 14 17 0
22 : 0 54 62 12 0
23 : 62 54 15 64 1
24 : 195 157 16 5 1
25 : 0 97 46 13 0
26 : 39 265 27 26 0
27 : 91 18 12 63 1
28 : 189 97 30 8 1
29 : 0 18 36 91 1
30 : 161 194 23 31 0
31 : 91 244 8 13 0
32 : 166 157 22 9 1
33 : 66 69 9 50 1
34 : 187 54 14 4 1
35 : 184 194 8 16 0
36 : 90 194 22 12 1
37 : 51 157 57 37 0
38 : 71 265 7 6 1
39 : 136 127 12 36 1
40 : 172 127 11 29 0
41 : 0 127 30 56 1
42 : 0 194 50 62 1
43 : 126 54 61 13 0
44 : 161 244 4 7 0
45 : 161 0 7 33 1
46 : 111 194 16 26 0
47 : 154 18 12 46 1
48 : 56 244 21 27 1
49 : 116 69 28 65 1
50 : 77 265 4 4 0
51 : 81 194 9 19 0
52 : 142 97 40 13 0
53 : 175 157 6 19 0
54 : 0 244 15 22 1
55 : 62 194 19 31 0
56 : 113 244 21 17 1
57 : 66 265 5 6 0
58 : 191 54 5 15 0
59 : 182 97 30 7 1
60 : 160 157 6 19 0
61 : 130 244 8 12 0
62 : 179 244 11 8 1
63 : 18 265 19 21 1
64 : 138 244 18 14 1
65 : 197 97 3 20 0
66 : 194 0 18 3 1
67 : 0 0 83 16 0
68 : 187 244 16 13 1
69 : 197 0 2 7 0
70 : 155 244 6 10 0
71 : 46 97 37 6 0
72 : 196 54 8 3 1
