1000 1404
0 : 0 0 66 61 0
1 : 66 0 62 48 0
2 : 128 0 62 46 0
3 : 190 0 61 43 0
4 : 490 0 39 62 1
5 : 931 0 38 61 0
6 : 552 0 30 71 1
7 : 654 61 56 37 0
8 : 826 61 52 39 0
9 : 771 61 36 55 1
10 : 623 0 74 27 0
11 : 198 100 42 47 1
12 : 710 61 61 32 0
13 : 941 61 58 32 0
14 : 829 100 51 36 0
15 : 325 142 46 40 0
16 : 332 0 79 23 0
17 : 277 142 48 38 0
18 : 411 0 79 23 0
19 : 969 0 30 60 0
20 : 251 0 22 81 1
21 : 900 142 36 49 1
22 : 364 61 25 71 1
23 : 0 61 73 24 0
24 : 519 100 57 31 0
25 : 73 61 72 25 0
26 : 850 142 50 35 0
27 : 60 142 56 31 0
28 : 116 142 33 54 1
29 : 804 142 39 46 1
30 : 878 61 28 63 1
31 : 697 0 77 23 0
32 : 918 182 43 40 0
33 : 537 182 36 48 1
34 : 773 100 56 31 0
35 : 949 142 51 34 0
36 : 223 142 54 32 0
37 : 709 182 44 40 0
38 : 119 182 37 47 1
39 : 631 142 51 34 0
40 : 435 182 48 36 0
41 : 170 142 53 33 0
42 : 289 182 39 45 1
43 : 334 182 34 50 1
44 : 853 0 22 78 1
45 : 384 182 51 33 0
46 : 880 100 29 58 1
47 : 291 61 73 23 0
48 : 145 61 23 73 1
49 : 671 222 37 45 1
50 : 218 61 73 23 0
51 : 502 222 42 40 0
52 : 0 100 26 64 1
53 : 0 182 31 54 1
54 : 508 61 23 72 1
55 : 774 0 79 21 0
56 : 176 222 35 47 1
57 : 818 182 33 50 1
58 : 900 222 39 42 1
59 : 868 182 33 50 1
60 : 483 182 54 30 0
61 : 0 142 60 27 0
62 : 0 262 47 34 0
63 : 435 61 22 73 1
64 : 127 222 49 33 0
65 : 472 262 37 43 1
66 : 223 222 30 52 1
67 : 131 100 67 23 0
68 : 694 262 35 45 1
69 : 938 100 62 25 0
70 : 640 100 24 64 1
71 : 796 262 35 45 1
72 : 178 299 36 43 1
73 : 745 142 26 59 1
74 : 391 335 43 36 0
75 : 64 100 67 23 0
76 : 346 335 34 45 1
77 : 576 100 64 24 0
78 : 898 262 32 48 1
79 : 942 222 30 51 1
80 : 946 262 32 48 1
81 : 502 142 25 61 1
82 : 334 222 55 27 0
83 : 448 222 54 28 0
84 : 0 335 33 46 1
85 : 697 299 31 48 1
86 : 541 335 45 33 0
87 : 421 262 51 29 0
88 : 807 335 43 35 0
89 : 580 61 74 20 0
90 : 745 299 50 29 0
91 : 961 182 40 37 1
92 : 585 182 25 59 1
93 : 434 335 31 47 1
94 : 637 335 30 48 1
95 : 857 371 46 31 0
96 : 119 402 37 39 1
97 : 158 402 37 39 1
98 : 682 142 63 22 0
99 : 197 402 34 42 1
100 : 845 222 26 55 1
101 : 239 402 31 45 1
102 : 452 100 67 21 0
103 : 166 182 23 61 1
104 : 275 222 23 59 1
105 : 284 402 46 30 0
106 : 227 182 62 22 0
107 : 0 299 26 54 1
108 : 378 439 36 39 1
109 : 389 222 59 23 0
110 : 245 100 69 20 0
111 : 586 335 51 27 0
112 : 230 439 31 44 1
113 : 230 371 28 49 1
114 : 963 335 37 37 0
115 : 935 402 34 41 1
116 : 274 439 31 44 1
117 : 632 371 49 28 0
118 : 371 142 65 21 0
119 : 384 100 20 68 1
120 : 962 439 36 38 1
121 : 639 262 55 25 0
122 : 221 299 24 55 1
123 : 618 475 33 40 1
124 : 314 100 70 19 0
125 : 580 439 29 45 1
126 : 625 439 31 43 1
127 : 739 262 57 23 0
128 : 850 335 52 26 0
129 : 866 439 45 29 0
130 : 436 142 20 66 1
131 : 841 262 23 57 1
132 : 101 475 45 29 0
133 : 330 402 51 25 0
134 : 337 371 25 52 1
135 : 0 222 20 63 1
136 : 704 100 69 19 0
137 : 848 475 44 29 0
138 : 55 475 28 46 1
139 : 230 335 23 56 1
140 : 364 508 28 45 1
141 : 381 402 26 50 1
142 : 320 567 37 34 0
143 : 54 182 65 20 0
144 : 668 439 28 46 1
145 : 644 182 65 19 0
146 : 521 299 56 23 0
147 : 753 475 46 27 0
148 : 573 475 28 45 1
149 : 417 439 47 27 0
150 : 951 508 38 33 0
151 : 946 475 45 28 0
152 : 63 222 64 19 0
153 : 431 402 24 52 1
154 : 563 142 18 68 1
155 : 887 536 40 31 0
156 : 104 508 46 27 0
157 : 111 262 20 61 1
158 : 501 601 32 38 1
159 : 483 402 52 24 0
160 : 463 601 38 32 0
161 : 964 371 34 36 1
162 : 137 567 30 41 1
163 : 927 536 44 27 0
164 : 229 601 31 39 1
165 : 235 262 20 61 1
166 : 185 699 33 36 1
167 : 409 508 26 47 1
168 : 56 508 48 25 0
169 : 651 633 32 37 1
170 : 296 262 62 19 0
171 : 97 567 31 40 1
172 : 749 508 28 44 1
173 : 658 475 48 25 0
174 : 544 222 19 63 1
175 : 706 475 47 26 0
176 : 277 633 40 30 0
177 : 557 508 46 26 0
178 : 126 666 36 33 0
179 : 139 633 40 30 0
180 : 577 299 20 59 1
181 : 957 567 34 35 1
182 : 575 633 37 32 0
183 : 230 567 28 43 1
184 : 380 666 33 36 1
185 : 157 536 26 46 1
186 : 918 299 21 58 1
187 : 886 601 29 41 1
188 : 368 475 24 49 1
189 : 102 633 33 37 1
190 : 300 666 32 37 1
191 : 263 666 37 32 0
192 : 0 371 56 21 0
193 : 753 182 65 18 0
194 : 714 439 23 51 1
195 : 765 439 23 51 1
196 : 87 666 30 39 1
197 : 816 439 50 24 0
198 : 769 402 52 23 0
199 : 0 666 37 32 0
200 : 911 439 51 23 0
201 : 179 633 27 43 1
202 : 947 633 30 39 1
203 : 509 508 48 24 0
204 : 174 371 56 21 0
205 : 603 508 25 47 1
206 : 799 475 24 49 1
207 : 862 633 38 31 0
208 : 578 262 19 61 1
209 : 640 699 33 35 1
210 : 339 299 59 20 0
211 : 650 508 25 47 1
212 : 675 699 31 37 1
213 : 420 633 27 43 1
214 : 732 567 25 45 1
215 : 607 222 18 64 1
216 : 777 567 27 43 1
217 : 820 567 27 43 1
218 : 854 699 36 32 0
219 : 688 633 30 39 1
220 : 107 335 60 19 0
221 : 793 508 24 48 1
222 : 914 567 27 43 1
223 : 54 299 61 19 0
224 : 286 335 60 19 0
225 : 890 699 29 39 1
226 : 612 633 30 39 1
227 : 273 567 24 47 1
228 : 98 601 26 44 1
229 : 142 601 26 44 1
230 : 398 299 60 19 0
231 : 523 475 50 23 0
232 : 595 402 56 20 0
233 : 186 601 43 27 0
234 : 50 732 29 39 1
235 : 681 371 57 20 0
236 : 780 222 65 17 0
237 : 201 475 21 53 1
238 : 201 508 51 22 0
239 : 716 222 18 64 1
240 : 0 567 47 24 0
241 : 150 508 51 22 0
242 : 172 262 63 18 0
243 : 954 732 30 37 1
244 : 268 601 24 46 1
245 : 142 699 26 43 1
246 : 520 761 31 36 1
247 : 459 567 48 23 0
248 : 365 601 46 24 0
249 : 858 299 19 60 1
250 : 272 761 31 36 1
251 : 255 792 31 36 1
252 : 138 732 28 40 1
253 : 788 601 46 24 0
254 : 279 371 58 19 0
255 : 929 666 26 43 1
256 : 841 666 27 42 1
257 : 46 335 18 61 1
258 : 178 732 40 28 0
259 : 354 761 30 37 1
260 : 270 732 28 40 1
261 : 539 601 46 24 0
262 : 116 439 54 21 0
263 : 798 666 26 43 1
264 : 816 792 33 34 1
265 : 740 792 35 32 0
266 : 484 792 36 31 0
267 : 655 666 25 44 1
268 : 436 761 30 37 1
269 : 362 732 27 41 1
270 : 585 601 23 47 1
271 : 47 262 64 17 0
272 : 337 666 26 43 1
273 : 515 262 17 63 1
274 : 403 732 27 41 1
275 : 773 633 44 25 0
276 : 116 371 58 19 0
277 : 967 792 33 33 0
278 : 416 666 44 25 0
279 : 740 536 49 22 0
280 : 601 761 29 38 1
281 : 203 536 50 22 0
282 : 106 536 51 21 0
283 : 235 761 30 37 1
284 : 78 792 31 36 1
285 : 41 792 30 37 1
286 : 636 299 18 61 1
287 : 48 699 24 45 1
288 : 496 732 25 43 1
289 : 772 761 40 27 0
290 : 539 732 26 42 1
291 : 880 402 20 55 1
292 : 732 761 40 27 0
293 : 115 825 30 36 1
294 : 0 825 34 32 0
295 : 78 825 29 37 1
296 : 855 761 39 28 0
297 : 789 536 48 23 0
298 : 318 886 32 33 1
299 : 692 761 40 27 0
300 : 817 633 24 45 1
301 : 633 732 24 44 1
302 : 0 601 23 47 1
303 : 263 857 29 37 1
304 : 417 475 20 53 1
305 : 84 857 27 39 1
306 : 0 439 19 56 1
307 : 460 666 45 24 0
308 : 889 792 37 29 0
309 : 481 335 18 60 1
310 : 765 825 30 36 1
311 : 509 825 37 29 0
312 : 725 732 24 44 1
313 : 300 857 27 39 1
314 : 609 792 26 41 1
315 : 727 633 23 46 1
316 : 221 699 46 23 0
317 : 688 601 48 22 0
318 : 685 335 61 17 0
319 : 746 335 61 17 0
320 : 769 732 23 45 1
321 : 0 792 26 41 1
322 : 373 633 23 47 1
323 : 47 567 50 21 0
324 : 462 857 39 27 0
325 : 837 536 50 21 0
326 : 697 508 52 20 0
327 : 0 536 52 20 0
328 : 358 262 17 63 1
329 : 255 825 37 29 0
330 : 56 371 17 60 1
331 : 0 402 17 60 1
332 : 344 825 27 39 1
333 : 738 371 18 59 1
334 : 883 666 23 46 1
335 : 660 886 32 33 1
336 : 814 732 24 44 1
337 : 364 699 23 45 1
338 : 775 792 26 41 1
339 : 122 886 30 35 1
340 : 409 567 50 21 0
341 : 944 886 34 31 0
342 : 417 536 52 20 0
343 : 785 857 36 29 0
344 : 590 825 41 25 0
345 : 850 792 27 39 1
346 : 409 699 23 45 1
347 : 197 918 26 39 1
348 : 462 886 30 35 1
349 : 427 886 35 30 0
350 : 894 761 24 43 1
351 : 693 886 37 28 0
352 : 651 402 18 58 1
353 : 339 857 26 40 1
354 : 0 918 27 38 1
355 : 697 792 24 43 1
356 : 236 918 32 33 1
357 : 454 699 24 44 1
358 : 0 475 19 55 1
359 : 351 886 37 28 0
360 : 60 402 18 59 1
361 : 470 475 53 20 0
362 : 0 886 28 37 1
363 : 119 918 28 37 1
364 : 699 666 22 47 1
365 : 157 886 27 38 1
366 : 0 857 40 26 0
367 : 892 475 19 54 1
368 : 389 371 60 17 0
369 : 80 918 26 39 1
370 : 369 950 28 36 1
371 : 520 792 42 25 0
372 : 0 699 21 48 1
373 : 592 857 28 37 1
374 : 749 857 29 36 1
375 : 812 761 43 24 0
376 : 866 857 37 28 0
377 : 146 475 55 19 0
378 : 498 699 22 46 1
379 : 159 982 28 36 1
380 : 178 567 52 19 0
381 : 279 886 26 39 1
382 : 655 918 31 33 1
383 : 388 886 26 39 1
384 : 582 886 37 28 0
385 : 458 299 63 16 0
386 : 900 633 47 22 0
387 : 574 536 52 20 0
388 : 902 335 17 61 1
389 : 379 857 24 42 1
390 : 421 857 25 41 1
391 : 577 950 33 31 0
392 : 968 918 32 32 0
393 : 309 508 18 55 1
394 : 653 950 35 29 0
395 : 521 536 53 19 0
396 : 501 857 25 41 1
397 : 115 299 63 16 0
398 : 870 950 32 32 0
399 : 797 371 17 60 1
400 : 934 950 37 27 0
401 : 245 950 27 37 1
402 : 818 1012 30 33 1
403 : 144 761 43 24 0
404 : 770 950 34 30 0
405 : 926 792 25 41 1
406 : 469 536 52 20 0
407 : 804 950 33 31 0
408 : 576 1012 33 30 0
409 : 927 601 50 20 0
410 : 629 857 25 40 1
411 : 837 950 33 31 0
412 : 669 857 38 27 0
413 : 0 633 20 50 1
414 : 556 761 45 22 0
415 : 902 950 32 32 0
416 : 320 918 26 39 1
417 : 801 825 42 24 0
418 : 276 299 63 16 0
419 : 556 666 48 21 0
420 : 571 371 16 61 1
421 : 48 982 38 26 0
422 : 383 825 25 41 1
423 : 86 982 28 36 1
424 : 730 886 26 39 1
425 : 456 508 19 53 1
426 : 795 299 63 16 0
427 : 114 792 23 44 1
428 : 907 732 21 47 1
429 : 618 918 37 27 0
430 : 122 982 37 27 0
431 : 447 1012 29 34 1
432 : 195 982 28 36 1
433 : 195 886 25 40 1
434 : 331 982 30 34 1
435 : 415 982 36 28 0
436 : 424 825 23 43 1
437 : 411 1012 36 27 0
438 : 317 699 21 47 1
439 : 467 825 24 42 1
440 : 510 371 16 61 1
441 : 504 918 25 39 1
442 : 449 371 61 16 0
443 : 543 918 38 26 0
444 : 53 761 23 44 1
445 : 300 1012 30 33 1
446 : 167 335 63 16 0
447 : 535 402 60 16 0
448 : 227 1012 30 33 1
449 : 308 761 46 21 0
450 : 544 699 21 47 1
451 : 391 761 22 45 1
452 : 581 918 27 37 1
453 : 946 857 23 42 1
454 : 253 536 18 54 1
455 : 93 699 49 20 0
456 : 712 699 20 48 1
457 : 760 699 21 47 1
458 : 192 1012 28 35 1
459 : 156 918 24 41 1
460 : 619 886 41 24 0
461 : 722 825 43 23 0
462 : 807 699 21 47 1
463 : 688 918 27 37 1
464 : 863 567 19 51 1
465 : 357 567 19 52 1
466 : 725 918 24 40 1
467 : 0 1012 28 35 1
468 : 350 1073 32 30 0
469 : 941 982 30 33 1
470 : 811 886 23 42 1
471 : 47 601 19 51 1
472 : 359 918 41 24 0
473 : 750 982 27 36 1
474 : 715 982 28 35 1
475 : 808 918 25 39 1
476 : 497 886 41 24 0
477 : 847 918 25 39 1
478 : 0 508 56 17 0
479 : 769 886 23 42 1
480 : 841 508 17 55 1
481 : 682 982 30 33 1
482 : 896 508 17 55 1
483 : 821 402 16 59 1
484 : 38 918 23 42 1
485 : 52 536 54 18 0
486 : 930 918 26 38 1
487 : 314 601 51 19 0
488 : 40 857 44 22 0
489 : 903 371 61 16 0
490 : 34 825 44 22 0
491 : 535 1073 28 34 1
492 : 707 857 23 42 1
493 : 0 950 25 39 1
494 : 209 1042 37 26 0
495 : 321 1042 31 31 0
496 : 709 402 16 60 1
497 : 729 950 23 41 1
498 : 677 732 48 20 0
499 : 174 1042 28 35 1
500 : 534 1042 30 32 1
501 : 39 950 40 24 0
502 : 411 601 52 18 0
503 : 311 475 57 17 0
504 : 79 950 25 39 1
505 : 80 886 23 42 1
506 : 631 825 21 45 1
507 : 858 732 49 19 0
508 : 501 1103 31 30 0
509 : 546 825 22 44 1
510 : 118 950 23 41 1
511 : 373 1012 38 25 0
512 : 825 982 25 38 1
513 : 464 439 57 17 0
514 : 699 1042 26 36 1
515 : 972 666 28 33 0
516 : 204 950 23 41 1
517 : 37 666 50 19 0
518 : 603 1073 27 35 1
519 : 819 1073 27 35 1
520 : 604 982 24 39 1
521 : 389 1042 28 34 1
522 : 254 475 17 57 1
523 : 208 792 20 47 1
524 : 930 1042 26 36 1
525 : 274 1073 37 25 0
526 : 934 825 22 44 1
527 : 328 950 41 23 0
528 : 786 982 39 24 0
529 : 307 536 17 55 1
530 : 154 1012 25 38 1
531 : 162 666 50 19 0
532 : 212 666 18 51 1
533 : 566 1042 29 33 1
534 : 956 1103 31 30 0
535 : 599 1042 29 33 1
536 : 668 1042 31 31 0
537 : 267 699 50 19 0
538 : 591 699 49 19 0
539 : 682 1103 32 29 0
540 : 643 982 24 39 1
541 : 853 886 22 43 1
542 : 889 825 45 21 0
543 : 569 1073 34 28 0
544 : 650 792 47 20 0
545 : 405 950 22 42 1
546 : 447 950 22 42 1
547 : 863 982 25 38 1
548 : 362 536 17 55 1
549 : 843 825 20 46 1
550 : 74 1012 39 24 0
551 : 535 950 22 42 1
552 : 676 825 20 46 1
553 : 736 601 52 18 0
554 : 966 1042 30 31 1
555 : 362 1103 34 27 0
556 : 91 1073 34 28 0
557 : 125 1073 37 25 0
558 : 199 1073 28 34 1
559 : 187 761 48 19 0
560 : 688 950 23 41 1
561 : 572 1103 29 32 1
562 : 498 1073 37 25 0
563 : 562 792 47 20 0
564 : 538 886 21 44 1
565 : 252 508 57 16 0
566 : 923 1103 28 33 1
567 : 650 1012 39 24 0
568 : 778 1012 40 23 0
569 : 714 1103 28 33 1
570 : 784 1103 29 32 1
571 : 97 761 47 20 0
572 : 462 1042 25 37 1
573 : 499 1042 35 27 0
574 : 899 1012 23 40 1
575 : 43 1042 24 39 1
576 : 56 439 15 60 1
577 : 632 1042 26 36 1
578 : 31 1133 26 35 1
579 : 0 1103 27 34 1
580 : 73 1103 26 35 1
581 : 834 601 52 18 0
582 : 318 439 60 15 0
583 : 735 1042 38 24 0
584 : 817 1042 38 24 0
585 : 892 1042 38 24 0
586 : 971 950 29 32 0
587 : 821 857 45 20 0
588 : 505 666 18 51 1
589 : 903 857 22 43 1
590 : 170 439 60 15 0
591 : 929 699 49 19 0
592 : 0 732 18 50 1
593 : 0 1133 31 30 0
594 : 382 1073 25 37 1
595 : 419 1073 38 24 0
596 : 37 886 43 22 0
597 : 901 982 40 23 0
598 : 473 761 20 47 1
599 : 604 666 51 18 0
600 : 686 1073 37 25 0
601 : 35 1012 39 24 0
602 : 854 1073 26 36 1
603 : 246 1042 25 37 1
604 : 283 1042 24 38 1
605 : 143 1133 33 27 0
606 : 891 1103 29 32 1
607 : 437 792 20 47 1
608 : 352 1042 25 37 1
609 : 113 1012 22 41 1
610 : 66 1133 31 30 0
611 : 466 1103 35 26 0
612 : 423 1042 23 39 1
613 : 389 792 19 48 1
614 : 235 886 21 44 1
615 : 89 732 49 19 0
616 : 260 1012 23 40 1
617 : 521 439 15 59 1
618 : 648 1103 27 34 1
619 : 333 1012 23 40 1
620 : 396 1103 26 35 1
621 : 610 950 21 43 1
622 : 341 792 19 48 1
623 : 971 536 31 29 1
624 : 426 1133 31 29 0
625 : 431 1103 26 35 1
626 : 765 918 43 21 0
627 : 50 633 52 18 0
628 : 855 1042 25 37 1
629 : 976 402 37 24 1
630 : 609 1012 41 22 0
631 : 816 1103 33 28 0
632 : 250 1133 28 32 1
633 : 123 857 20 46 1
634 : 737 1012 41 22 0
635 : 886 918 44 20 0
636 : 162 1073 25 37 1
637 : 169 857 19 47 1
638 : 318 1133 27 33 1
639 : 233 1073 41 21 0
640 : 747 1103 37 24 0
641 : 216 857 47 19 0
642 : 311 1073 39 23 0
643 : 0 1163 27 32 1
644 : 501 1133 35 25 0
645 : 536 1133 26 34 1
646 : 939 1012 42 21 0
647 : 844 1133 27 32 1
648 : 282 1133 36 24 0
649 : 383 1163 27 32 1
650 : 962 1133 32 27 0
651 : 187 1103 22 39 1
652 : 0 1042 20 43 1
653 : 563 1192 30 28 0
654 : 639 1163 32 27 0
655 : 291 792 50 17 0
656 : 457 1073 21 41 1
657 : 82 1042 42 21 0
658 : 218 732 52 16 0
659 : 746 666 17 52 1
660 : 391 1133 35 25 0
661 : 159 950 19 45 1
662 : 609 1163 29 30 1
663 : 108 1103 22 39 1
664 : 531 1163 33 26 0
665 : 499 1163 27 32 1
666 : 225 1163 32 27 0
667 : 491 1192 29 29 0
668 : 890 1073 21 40 1
669 : 976 299 36 24 1
670 : 663 1133 35 24 0
671 : 176 1133 23 37 1
672 : 34 1103 22 39 1
673 : 158 792 17 50 1
674 : 213 1133 23 37 1
675 : 715 1163 26 32 1
676 : 147 1103 40 21 0
677 : 737 1133 36 23 0
678 : 773 1133 23 36 1
679 : 310 732 16 52 1
680 : 809 1133 35 24 0
681 : 747 1163 24 34 1
682 : 282 950 18 46 1
683 : 626 536 57 15 0
684 : 781 1163 35 23 0
685 : 683 536 57 15 0
686 : 532 1103 40 21 0
687 : 816 1163 24 34 1
688 : 850 1163 28 30 1
689 : 880 1163 23 35 1
690 : 444 732 52 16 0
691 : 507 567 56 15 0
692 : 489 950 46 18 0
693 : 340 1192 30 28 0
694 : 633 1192 28 29 0
695 : 896 886 17 48 1
696 : 222 633 15 55 1
697 : 581 732 52 16 0
698 : 563 567 57 14 0
699 : 317 633 56 14 0
700 : 620 567 15 56 1
701 : 72 1163 23 36 1
702 : 676 567 56 15 0
703 : 542 857 16 50 1
704 : 956 1163 25 33 1
705 : 152 1163 37 22 0
706 : 189 1163 36 23 0
707 : 0 1192 33 25 0
708 : 661 1192 31 26 0
709 : 75 1192 35 23 0
710 : 110 1192 36 22 0
711 : 146 1192 23 35 1
712 : 692 1192 24 33 1
713 : 937 761 52 15 0
714 : 974 982 26 30 0
715 : 263 1192 35 23 0
716 : 463 633 56 14 0
717 : 767 1192 30 27 0
718 : 351 1133 20 40 1
719 : 797 1192 33 24 0
720 : 773 1042 44 18 0
721 : 830 1192 31 26 0
722 : 849 1103 42 19 0
723 : 519 633 56 14 0
724 : 455 1192 36 22 0
725 : 698 1133 20 39 1
726 : 552 1221 31 25 0
727 : 632 601 14 56 1
728 : 903 1192 22 35 1
729 : 938 1192 21 36 1
730 : 583 1221 27 29 1
731 : 0 761 53 15 0
732 : 42 1221 35 22 0
733 : 320 1103 42 19 0
734 : 363 1248 27 28 1
735 : 612 1221 34 22 0
736 : 646 1221 31 25 0
737 : 199 1221 21 36 1
738 : 677 1221 31 25 0
739 : 0 982 16 48 1
740 : 0 1073 17 45 1
741 : 247 1248 28 27 0
742 : 974 1192 29 26 1
743 : 275 1248 30 25 0
744 : 305 1248 25 30 1
745 : 821 1221 33 23 0
746 : 431 1221 37 20 0
747 : 335 1248 27 28 1
748 : 892 1221 22 34 1
749 : 140 1248 21 35 1
750 : 964 1221 34 22 0
751 : 391 1248 25 30 1
752 : 36 1248 33 23 0
753 : 421 1248 27 28 1
754 : 106 1248 34 22 0
755 : 273 1221 37 20 0
756 : 552 1248 23 32 1
757 : 45 1073 16 46 1
758 : 620 1275 27 27 0
759 : 787 1248 23 32 1
760 : 121 1221 20 37 1
761 : 481 1012 16 47 1
762 : 978 699 22 33 0
763 : 32 1163 40 19 0
764 : 528 1012 48 15 0
765 : 520 1248 32 23 0
766 : 977 601 32 23 1
767 : 151 825 52 14 0
768 : 182 1275 22 33 1
769 : 203 825 14 52 1
770 : 269 918 14 51 1
771 : 747 1221 36 20 0
772 : 604 1103 44 17 0
773 : 415 1163 42 17 0
774 : 689 1012 48 15 0
775 : 310 1275 29 25 0
776 : 923 1248 34 21 0
777 : 257 1163 18 41 1
778 : 298 1163 18 41 1
779 : 819 1248 24 31 1
780 : 639 761 53 14 0
781 : 754 1248 33 22 0
782 : 593 1192 40 18 0
783 : 446 1275 27 27 0
784 : 235 1221 38 19 0
785 : 616 1248 32 23 0
786 : 148 1275 34 21 0
787 : 292 825 52 14 0
788 : 850 1248 21 34 1
789 : 215 1275 22 33 1
790 : 75 1275 21 34 1
791 : 584 1248 32 23 0
792 : 978 825 22 32 0
793 : 707 1275 30 24 0
794 : 915 1163 17 41 1
795 : 231 982 14 50 1
796 : 212 1248 35 21 0
797 : 647 1275 25 29 1
798 : 97 1133 46 15 0
799 : 0 1248 20 36 1
800 : 282 1275 28 26 0
801 : 720 1248 34 21 0
802 : 69 1248 19 37 1
803 : 926 1221 18 38 1
804 : 352 1221 18 39 1
805 : 485 1302 23 30 1
806 : 851 1012 15 48 1
807 : 181 1192 17 41 1
808 : 546 1302 31 22 0
809 : 281 982 50 14 0
810 : 248 1275 34 20 0
811 : 457 1163 17 42 1
812 : 400 918 52 13 0
813 : 676 1275 31 23 0
814 : 222 1192 41 17 0
815 : 648 1248 20 35 1
816 : 613 1302 21 32 1
817 : 175 1248 37 19 0
818 : 391 1221 40 17 0
819 : 365 982 14 50 1
820 : 754 1302 31 22 0
821 : 457 1133 16 44 1
822 : 919 1133 16 43 1
823 : 876 1133 16 43 1
824 : 849 1302 24 28 1
825 : 68 1302 26 27 1
826 : 198 1302 29 24 0
827 : 0 1328 28 24 0
828 : 238 1328 26 26 0
829 : 485 1248 20 35 1
830 : 821 1302 24 28 1
831 : 452 918 13 52 1
832 : 451 982 13 51 1
833 : 683 1248 18 37 1
834 : 978 886 22 31 0
835 : 33 1192 16 42 1
836 : 449 1248 19 36 1
837 : 671 1163 15 44 1
838 : 327 1302 32 21 0
839 : 424 1302 31 22 0
840 : 775 1275 19 35 1
841 : 455 1302 30 23 0
842 : 273 1103 47 14 0
843 : 120 1328 23 29 1
844 : 296 1328 27 25 0
845 : 515 1302 31 22 0
846 : 38 1275 18 37 1
847 : 638 1073 48 14 0
848 : 158 1221 41 16 0
849 : 178 1328 28 24 0
850 : 854 1221 18 38 1
851 : 708 1221 17 39 1
852 : 417 1328 27 25 0
853 : 957 1248 36 19 0
854 : 571 1328 28 24 0
855 : 226 1103 14 47 1
856 : 392 1302 21 32 1
857 : 124 1042 50 13 0
858 : 783 1221 38 18 0
859 : 599 1328 28 24 0
860 : 92 1328 28 24 0
861 : 723 1073 14 48 1
862 : 298 1192 16 42 1
863 : 771 1073 14 48 1
864 : 370 1192 15 43 1
865 : 509 1328 24 28 1
866 : 386 1328 31 21 0
867 : 935 1302 31 21 0
868 : 570 1133 14 46 1
869 : 776 1328 25 26 0
870 : 0 1302 33 20 0
871 : 695 1328 24 27 1
872 : 722 1328 26 25 1
873 : 966 1302 29 23 0
874 : 375 1275 36 18 0
875 : 164 1302 34 19 0
876 : 413 1192 42 16 0
877 : 922 1328 28 23 0
878 : 149 1328 23 29 1
879 : 227 1302 20 33 1
880 : 877 1302 27 25 0
881 : 184 1354 27 24 0
882 : 28 1328 31 21 0
883 : 260 1302 34 19 0
884 : 294 1302 20 33 1
885 : 273 1354 27 24 0
886 : 411 1275 35 19 0
887 : 323 1328 30 22 0
888 : 339 1163 15 44 1
889 : 978 1073 22 30 0
890 : 359 1302 33 20 0
891 : 510 1275 35 19 0
892 : 310 1221 15 42 1
893 : 362 1354 26 25 0
894 : 388 1354 21 30 1
895 : 418 1354 25 26 1
896 : 477 1354 27 24 0
897 : 504 1354 28 23 0
898 : 884 1248 16 39 1
899 : 502 982 13 51 1
900 : 553 982 13 51 1
901 : 123 1354 30 21 0
902 : 520 1192 43 15 0
903 : 564 1163 14 45 1
904 : 904 1302 31 21 0
905 : 108 1163 44 15 0
906 : 922 1275 18 35 1
907 : 532 1354 27 23 0
908 : 957 1275 18 35 1
909 : 559 1354 24 26 1
910 : 585 1354 24 26 1
911 : 835 1328 22 29 1
912 : 864 1328 23 28 1
913 : 339 1275 36 18 0
914 : 33 1302 35 18 0
915 : 206 1328 32 20 0
916 : 892 1328 21 30 1
917 : 747 1328 29 22 0
918 : 611 1354 28 22 0
919 : 0 1354 25 26 1
920 : 353 1328 33 19 0
921 : 26 1354 29 22 0
922 : 639 1354 24 26 1
923 : 444 1328 19 33 1
924 : 665 1354 28 22 0
925 : 95 1302 34 19 0
926 : 153 1354 31 20 0
927 : 51 1379 23 27 1
928 : 129 1302 35 18 0
929 : 25 1379 26 24 0
930 : 921 1354 24 26 1
931 : 0 1275 17 38 1
932 : 865 1354 24 26 1
933 : 468 1221 15 42 1
934 : 473 1275 37 17 0
935 : 78 1379 27 23 0
936 : 0 1221 15 42 1
937 : 109 1275 16 39 1
938 : 545 1275 37 17 0
939 : 721 1354 23 27 1
940 : 582 1275 38 16 0
941 : 510 1221 42 15 0
942 : 837 1354 28 22 0
943 : 616 1133 13 47 1
944 : 477 1328 20 32 1
945 : 0 1379 25 25 0
946 : 537 1328 34 18 0
947 : 211 1354 32 19 0
948 : 725 1192 15 42 1
949 : 243 1354 30 21 0
950 : 861 1192 15 42 1
951 : 300 1354 32 19 0
952 : 737 1275 38 16 0
953 : 332 1354 30 21 0
954 : 930 1073 48 13 0
955 : 810 1275 37 17 0
956 : 693 1354 28 22 0
957 : 264 1328 32 20 0
958 : 577 1302 36 17 0
959 : 847 1275 37 17 0
960 : 59 1328 19 33 1
961 : 748 1354 20 30 1
962 : 778 1354 29 21 0
963 : 266 1379 25 24 1
964 : 374 1379 23 26 1
965 : 444 1354 18 33 1
966 : 645 1302 36 17 0
967 : 134 1379 21 28 1
968 : 162 1379 26 23 0
969 : 188 1379 25 24 1
970 : 681 1302 37 16 0
971 : 718 1302 36 17 0
972 : 891 1354 20 30 1
973 : 661 1328 18 34 1
974 : 212 1379 23 26 1
975 : 318 1379 21 28 1
976 : 627 1328 34 18 0
977 : 884 1275 38 16 0
978 : 785 1302 17 36 1
979 : 105 1379 29 21 0
980 : 429 1379 26 23 0
981 : 801 1328 17 34 1
982 : 290 1379 28 21 0
983 : 950 1328 33 18 0
984 : 238 1379 28 21 0
985 : 55 1354 17 34 1
986 : 807 1354 30 20 0
987 : 540 1379 29 20 0
988 : 346 1379 21 28 1
989 : 981 1012 30 19 1
990 : 569 1379 24 24 0
991 : 89 1354 34 17 0
992 : 400 1379 20 29 1
993 : 947 1354 31 19 0
994 : 593 1379 24 24 0
995 : 455 1379 21 28 1
996 : 483 1379 30 19 0
997 : 617 1379 28 20 0
998 : 513 1379 22 27 1
999 : 77 1221 13 44 1
