40400 49913
0 : 0 0 4629 1596 0
1 : 4629 0 2919 783 0
2 : 7548 0 8067 1832 0
3 : 15615 0 7180 2974 0
4 : 22795 0 1685 1708 0
5 : 24480 0 2029 601 1
6 : 25081 0 15046 7040 0
7 : 0 7040 6726 7039 1
8 : 7548 1832 7958 5170 0
9 : 15615 2974 3621 4223 1
10 : 7039 7040 4358 6846 1
11 : 13885 7040 6272 1268 1
12 : 4629 783 6171 1473 1
13 : 6102 783 3448 1249 1
14 : 15153 7040 6389 10170 1
15 : 25323 7040 7910 5092 0
16 : 0 13766 4629 11306 1
17 : 25323 12132 1279 1621 0
18 : 33233 7040 3529 6846 1
19 : 33233 10569 3770 3117 0
20 : 0 1596 3924 3177 0
21 : 24480 2029 2672 556 1
22 : 11306 13766 15046 5222 0
23 : 7039 11398 2050 2287 0
24 : 26352 13766 7958 5152 0
25 : 0 4773 1063 2033 0
26 : 34310 13766 1823 5782 1
27 : 0 18988 4047 5429 1
28 : 26602 12132 6416 1491 0
29 : 1063 4773 859 2104 0
30 : 5429 18988 6378 12850 1
31 : 18279 18988 10744 2912 0
32 : 9089 11398 4629 2353 0
33 : 19838 2974 2919 838 0
34 : 29023 18988 8067 5014 0
35 : 37003 10569 3139 2974 0
36 : 22795 1708 1685 1469 0
37 : 6102 4231 2029 824 1
38 : 0 25366 15046 5406 0
39 : 18279 21900 6726 3329 0
40 : 15046 25366 7958 9256 1
41 : 29023 24002 1080 4223 1
42 : 24302 25366 2407 6846 0
43 : 26709 25366 6272 5296 1
44 : 37090 18988 6171 1375 1
45 : 33246 24002 1253 1249 0
46 : 0 33324 6389 10729 1
47 : 32005 25366 7910 7563 0
48 : 10729 33324 4629 6465 1
49 : 26709 31638 503 1621 0
50 : 17194 33324 7629 6846 0
51 : 24823 33324 6549 3117 1
52 : 27940 33324 6978 3177 0
53 : 1922 4773 2672 869 0
54 : 0 40170 15046 3231 0
55 : 0 23035 4676 2287 0
56 : 0 30772 7958 2142 0
57 : 10729 37953 3638 2033 0
58 : 24302 32212 1823 1064 0
59 : 27212 31638 4047 1135 0
60 : 34918 33324 6416 1357 1
61 : 25005 21900 3842 2104 0
62 : 15046 40170 6378 8049 1
63 : 23095 40170 10744 9743 0
