70 694
0 : 0 0 43 31 0
1 : 0 31 43 31 0
2 : 0 62 43 31 0
3 : 0 93 43 31 0
4 : 0 124 41 30 0
5 : 0 154 41 30 0
6 : 0 636 39 29 0
7 : 0 665 39 29 0
8 : 0 184 39 29 0
9 : 0 213 39 29 0
10 : 0 242 38 28 0
11 : 0 270 38 28 0
12 : 0 298 38 28 0
13 : 0 326 38 28 0
14 : 0 354 37 27 0
15 : 0 381 37 27 0
16 : 0 408 37 27 0
17 : 0 435 36 26 0
18 : 0 461 36 26 0
19 : 0 487 36 26 0
20 : 0 513 36 26 0
21 : 0 539 35 25 0
22 : 35 539 35 25 0
23 : 0 564 35 25 0
24 : 0 589 34 24 0
25 : 35 564 34 24 0
26 : 36 435 34 24 0
27 : 36 461 34 24 0
28 : 36 487 23 33 1
29 : 36 513 23 33 1
30 : 37 354 23 33 1
31 : 0 613 23 33 1
32 : 34 589 32 22 0
33 : 37 381 32 22 0
34 : 37 408 32 22 0
35 : 43 31 21 31 0
36 : 43 62 21 31 0
37 : 43 93 21 31 0
38 : 41 124 18 29 0
39 : 41 154 18 29 0
40 : 43 0 18 29 0
41 : 38 242 27 17 1
42 : 38 270 27 17 1
43 : 55 242 24 15 1
44 : 55 270 24 15 1
45 : 38 298 25 16 1
46 : 54 298 25 16 1
47 : 38 326 25 16 1
48 : 54 326 25 16 1
49 : 39 184 24 15 1
50 : 33 613 14 23 0
51 : 47 613 14 23 0
52 : 54 184 14 23 0
53 : 39 213 14 23 0
54 : 53 213 12 21 0
55 : 39 636 12 21 0
56 : 51 636 12 21 0
57 : 39 665 11 19 0
58 : 50 665 11 19 0
59 : 59 124 11 19 0
60 : 59 154 11 19 0
61 : 61 613 17 9 1
