1000 8781
0 : 0 5155 340 857 1
1 : 776 5495 104 178 1
2 : 0 2790 943 389 0
3 : 677 6806 189 491 0
4 : 561 7877 146 162 0
5 : 0 2672 33 963 1
6 : 678 8265 497 135 1
7 : 0 0 652 992 1
8 : 0 7756 121 598 1
9 : 882 4376 42 727 0
10 : 536 8265 142 505 0
11 : 761 6371 24 83 1
12 : 0 5495 150 776 1
13 : 0 4092 49 921 1
14 : 0 6806 493 677 1
15 : 0 4291 85 886 1
16 : 538 8123 421 99 0
17 : 0 1632 970 933 0
18 : 0 6406 252 738 1
19 : 0 7877 561 246 0
20 : 0 4376 882 779 0
21 : 998 3179 298 2 1
22 : 647 7299 452 169 1
23 : 944 5155 253 49 1
24 : 857 5155 338 87 1
25 : 919 6658 81 148 0
26 : 598 7756 59 375 1
27 : 0 7299 457 647 1
28 : 738 6639 12 189 1
29 : 992 6806 8 169 0
30 : 738 6406 191 233 0
31 : 0 2705 85 947 1
32 : 865 5645 629 135 1
33 : 0 2565 965 107 0
34 : 816 7299 359 109 1
35 : 931 3179 840 67 1
36 : 0 8123 538 142 0
37 : 761 5645 104 726 0
38 : 984 652 15 871 0
39 : 689 6658 144 230 1
40 : 983 6995 10 114 0
41 : 0 5645 761 761 0
42 : 0 652 984 980 0
43 : 866 6806 408 117 1
44 : 983 6806 9 189 0
45 : 0 3179 931 913 0
46 : 0 8265 516 536 1
47 : 0 4141 150 906 1
48 : 0 6658 689 148 0
49 : 707 7877 103 146 0
