70 692
0 : 0 0 43 31 0
1 : 0 31 43 31 0
2 : 0 62 43 31 0
3 : 0 93 43 31 0
4 : 0 124 41 30 0
5 : 0 154 41 30 0
6 : 0 184 39 29 0
7 : 0 213 39 29 0
8 : 0 242 39 29 0
9 : 0 271 39 29 0
10 : 0 300 38 28 0
11 : 0 328 38 28 0
12 : 0 356 38 28 0
13 : 0 384 38 28 0
14 : 0 412 37 27 0
15 : 0 439 37 27 0
16 : 0 466 37 27 0
17 : 0 493 36 26 0
18 : 0 519 36 26 0
19 : 0 545 36 26 0
20 : 0 571 36 26 0
21 : 0 597 35 25 0
22 : 35 597 35 25 0
23 : 0 622 35 25 0
24 : 35 622 34 24 0
25 : 36 493 34 24 0
26 : 36 519 34 24 0
27 : 36 545 34 24 0
28 : 36 571 23 33 1
29 : 37 412 23 33 1
30 : 37 439 23 33 1
31 : 37 466 23 33 1
32 : 38 300 32 22 0
33 : 38 328 32 22 0
34 : 38 356 32 22 0
35 : 43 0 21 31 0
36 : 43 31 21 31 0
37 : 43 62 21 31 0
38 : 39 184 18 29 0
39 : 39 213 18 29 0
40 : 39 242 18 29 0
41 : 38 384 27 17 1
42 : 39 271 27 17 1
43 : 25 647 24 15 0
44 : 55 384 24 15 1
45 : 41 124 25 16 1
46 : 41 154 25 16 1
47 : 43 93 25 16 1
48 : 0 647 25 16 0
49 : 0 663 24 15 0
50 : 24 663 14 23 1
51 : 47 663 14 23 1
52 : 56 271 14 23 0
53 : 0 678 14 23 1
54 : 23 678 12 21 1
55 : 44 678 12 21 1
56 : 49 647 12 21 1
57 : 57 184 11 19 0
58 : 57 213 11 19 0
59 : 57 242 11 19 0
60 : 57 124 11 19 0
61 : 57 154 17 9 1
