247 623
0 : 203 450 39 27 0
1 : 207 230 41 33 1
2 : 0 572 46 17 0
3 : 229 314 33 17 1
4 : 220 572 27 17 0
5 : 115 450 88 17 0
6 : 97 606 31 17 0
7 : 92 572 43 17 0
8 : 0 274 213 40 0
9 : 0 606 33 17 0
10 : 159 606 29 17 0
11 : 201 396 45 27 0
12 : 58 450 57 27 0
13 : 193 589 36 17 0
14 : 71 423 102 17 0
15 : 40 589 39 17 0
16 : 0 190 240 40 0
17 : 214 477 25 27 0
18 : 82 477 82 17 0
19 : 176 538 54 17 0
20 : 221 504 24 17 0
21 : 33 606 33 17 0
22 : 112 314 117 33 0
23 : 0 521 67 17 0
24 : 146 363 99 27 0
25 : 0 589 40 17 0
26 : 0 0 244 42 0
27 : 118 589 38 17 0
28 : 0 363 146 33 0
29 : 0 477 82 17 0
30 : 197 521 50 17 0
31 : 66 606 31 17 0
32 : 0 107 224 44 0
33 : 156 589 37 17 0
34 : 152 42 88 38 0
35 : 0 230 207 44 0
36 : 0 42 152 65 0
37 : 0 396 103 27 0
38 : 0 450 58 27 0
39 : 173 423 61 27 0
40 : 0 423 71 27 0
41 : 155 555 47 17 0
42 : 103 396 98 27 0
43 : 0 504 76 17 0
44 : 164 477 50 27 0
45 : 67 521 67 17 0
46 : 0 151 247 39 0
47 : 230 538 17 17 0
48 : 79 589 39 17 0
49 : 128 606 31 17 0
50 : 229 589 15 17 0
51 : 0 555 53 17 0
52 : 0 314 112 49 0
53 : 76 504 76 17 0
54 : 46 572 46 17 0
55 : 135 572 43 17 0
56 : 152 504 69 17 0
57 : 202 555 45 17 0
58 : 188 606 29 17 0
59 : 152 80 71 27 0
60 : 224 107 44 17 1
61 : 0 538 60 17 0
62 : 120 538 56 17 0
63 : 223 80 20 17 0
64 : 105 555 50 17 0
65 : 60 538 60 17 0
66 : 134 521 63 17 0
67 : 178 572 42 17 0
68 : 213 274 34 27 0
69 : 53 555 52 17 0
