1000 28468
0 : 0 10286 602 738 1
1 : 0 8449 897 620 0
2 : 0 3161 743 708 0
3 : 667 18324 308 409 0
4 : 0 19230 447 477 1
5 : 912 18780 421 71 1
6 : 726 22964 167 331 0
7 : 837 4561 667 149 1
8 : 0 15935 792 493 0
9 : 770 6567 190 567 0
10 : 0 24785 320 711 1
11 : 0 15417 891 518 0
12 : 0 13763 750 559 0
13 : 664 16918 220 428 0
14 : 912 19201 10 55 1
15 : 0 25722 990 287 0
16 : 0 0 986 840 0
17 : 477 19230 482 431 0
18 : 572 16428 393 471 0
19 : 711 9069 524 139 1
20 : 0 28358 963 110 0
21 : 0 14322 554 971 1
22 : 787 5250 143 657 0
23 : 0 7828 621 642 1
24 : 0 7200 628 649 1
25 : 0 6567 633 770 1
26 : 792 15935 473 184 1
27 : 816 1676 729 109 1
28 : 0 22189 601 395 0
29 : 844 2426 151 693 0
30 : 708 24440 342 281 1
31 : 893 22964 82 351 0
32 : 0 24079 531 361 0
33 : 898 5927 82 636 0
34 : 0 840 926 836 0
35 : 0 2426 844 735 0
36 : 0 26544 246 940 1
37 : 0 27758 867 175 0
38 : 0 13203 560 664 1
39 : 0 20123 896 438 0
40 : 0 9069 711 613 0
41 : 0 19677 860 446 0
42 : 0 27397 182 927 1
43 : 738 10286 579 258 1
44 : 0 23337 753 372 0
45 : 0 27933 153 759 1
46 : 612 21791 361 371 0
47 : 971 14322 519 5 1
48 : 0 28229 866 129 0
49 : 0 26284 826 260 0
50 : 786 22584 361 202 1
51 : 0 16918 475 664 1
52 : 850 9069 125 483 0
53 : 0 14876 541 953 1
54 : 743 11476 573 141 1
55 : 673 17863 294 360 0
56 : 893 3869 95 681 0
57 : 0 27004 733 204 0
58 : 0 25415 907 307 0
59 : 0 5250 677 787 1
60 : 0 24440 345 708 1
61 : 0 21791 398 612 1
62 : 0 16428 572 490 0
63 : 0 20974 587 412 0
64 : 0 26009 275 786 1
65 : 0 26790 861 214 0
66 : 0 12054 997 576 0
67 : 753 23337 300 211 1
68 : 0 27208 790 189 0
69 : 786 26009 274 183 1
70 : 0 3869 893 692 0
71 : 0 17393 470 908 1
72 : 0 18324 456 667 1
73 : 0 11476 578 743 1
74 : 788 21386 196 327 0
75 : 896 20123 68 404 0
76 : 750 13763 162 380 0
77 : 897 8449 563 59 1
78 : 0 12630 881 573 0
79 : 0 25105 910 310 0
80 : 547 20561 367 451 1
81 : 0 5927 898 640 0
82 : 925 1676 697 52 1
83 : 0 10888 588 646 1
84 : 0 9682 604 688 1
85 : 477 19661 469 1 0
86 : 0 17863 673 461 0
87 : 842 23709 105 307 0
88 : 0 23709 842 370 0
89 : 0 21386 405 788 1
90 : 0 18780 450 912 1
91 : 0 1676 816 750 0
92 : 0 27579 881 179 0
93 : 964 20123 16 427 0
94 : 0 20561 547 413 0
95 : 0 4561 689 837 1
96 : 0 22584 380 786 1
97 : 980 5927 13 616 0
98 : 0 28086 783 143 0
99 : 0 22964 373 726 1
