247 784
0 : 184 724 39 27 0
1 : 0 751 41 33 0
2 : 162 626 46 17 0
3 : 189 697 33 17 0
4 : 223 724 27 17 1
5 : 98 407 88 17 0
6 : 64 724 31 17 0
7 : 135 653 43 17 0
8 : 0 165 213 40 0
9 : 0 724 33 17 0
10 : 155 724 29 17 0
11 : 111 697 45 27 0
12 : 58 626 57 27 0
13 : 75 697 36 17 0
14 : 0 347 102 17 0
15 : 171 670 39 17 0
16 : 0 81 240 40 0
17 : 124 751 25 27 0
18 : 0 434 82 17 0
19 : 116 582 54 17 0
20 : 41 751 24 17 1
21 : 156 697 33 17 0
22 : 102 347 117 33 0
23 : 0 538 67 17 0
24 : 103 380 99 27 0
25 : 42 670 40 17 0
26 : 0 39 244 42 0
27 : 0 697 38 17 0
28 : 0 249 146 33 0
29 : 82 434 82 17 0
30 : 163 599 50 17 0
31 : 95 724 31 17 0
32 : 0 121 224 44 0
33 : 38 697 37 17 0
34 : 145 500 88 38 0
35 : 0 205 207 44 0
36 : 0 282 152 65 0
37 : 0 380 103 27 0
38 : 0 626 58 27 0
39 : 52 599 61 27 0
40 : 71 555 71 27 0
41 : 115 626 47 17 0
42 : 0 407 98 27 0
43 : 112 451 76 17 0
44 : 82 670 50 27 0
45 : 67 538 67 17 0
46 : 0 0 247 39 0
47 : 149 751 17 17 0
48 : 132 670 39 17 0
49 : 33 724 31 17 0
50 : 109 751 15 17 0
51 : 170 582 53 17 0
52 : 0 451 112 49 0
53 : 0 500 76 17 0
54 : 0 653 46 17 0
55 : 178 653 43 17 0
56 : 76 500 69 17 0
57 : 46 653 45 17 0
58 : 126 724 29 17 0
59 : 0 555 71 27 0
60 : 91 653 44 17 0
61 : 0 582 60 17 0
62 : 60 582 56 17 0
63 : 92 751 20 17 1
64 : 113 599 50 17 0
65 : 142 555 60 17 0
66 : 134 538 63 17 0
67 : 0 670 42 17 0
68 : 58 751 34 27 0
69 : 0 599 52 17 0
