247 712
0 : 45 515 39 27 0
1 : 117 401 41 33 0
2 : 97 627 46 17 0
3 : 189 661 33 17 0
4 : 217 678 27 17 0
5 : 0 542 88 17 0
6 : 66 678 31 17 0
7 : 44 644 43 17 0
8 : 0 284 213 40 0
9 : 0 678 33 17 0
10 : 188 678 29 17 0
11 : 0 515 45 27 0
12 : 119 488 57 27 0
13 : 153 661 36 17 0
14 : 143 515 102 17 0
15 : 0 661 39 17 0
16 : 0 244 240 40 0
17 : 118 515 25 27 0
18 : 0 559 82 17 0
19 : 0 610 54 17 0
20 : 0 695 24 17 0
21 : 33 678 33 17 0
22 : 0 401 117 33 0
23 : 136 576 67 17 0
24 : 103 434 99 27 0
25 : 172 644 40 17 0
26 : 0 202 244 42 0
27 : 78 661 38 17 0
28 : 88 363 146 33 0
29 : 88 542 82 17 0
30 : 159 610 50 17 0
31 : 97 678 31 17 0
32 : 0 114 224 44 0
33 : 116 661 37 17 0
34 : 0 363 88 38 0
35 : 0 158 207 44 0
36 : 0 0 152 65 0
37 : 0 434 103 27 0
38 : 61 488 58 27 0
39 : 0 488 61 27 0
40 : 169 461 71 27 0
41 : 50 627 47 17 0
42 : 0 461 98 27 0
43 : 82 559 76 17 0
44 : 176 488 50 27 0
45 : 69 576 67 17 0
46 : 0 324 247 39 0
47 : 44 695 17 17 0
48 : 39 661 39 17 0
49 : 128 678 31 17 0
50 : 61 695 15 17 0
51 : 54 610 53 17 0
52 : 0 65 112 49 0
53 : 158 559 76 17 0
54 : 143 627 46 17 0
55 : 87 644 43 17 0
56 : 0 576 69 17 0
57 : 189 627 45 17 0
58 : 159 678 29 17 0
59 : 98 461 71 27 0
60 : 0 644 44 17 0
61 : 63 593 60 17 0
62 : 183 593 56 17 0
63 : 24 695 20 17 0
64 : 0 627 50 17 0
65 : 123 593 60 17 0
66 : 0 593 63 17 0
67 : 130 644 42 17 0
68 : 84 515 34 27 0
69 : 107 610 52 17 0
