200 337
0 : 78 36 66 25 0
1 : 31 263 14 30 1
2 : 154 308 18 14 1
3 : 46 206 43 34 0
4 : 0 139 59 30 0
5 : 0 327 10 16 1
6 : 73 240 8 33 1
7 : 101 176 22 47 1
8 : 124 308 18 16 1
9 : 96 282 26 13 0
10 : 154 282 24 17 1
11 : 122 282 26 4 0
12 : 150 263 7 28 1
13 : 70 282 26 14 0
14 : 0 176 30 51 1
15 : 129 206 39 25 0
16 : 146 327 7 3 1
17 : 84 308 19 9 0
18 : 148 282 25 6 1
19 : 63 327 8 14 1
20 : 0 36 18 78 1
21 : 171 308 14 17 0
22 : 62 89 62 12 0
23 : 65 61 15 64 1
24 : 32 327 16 5 0
25 : 148 176 46 13 0
26 : 0 282 27 26 0
27 : 129 61 12 63 1
28 : 61 263 30 8 0
29 : 0 0 36 91 1
30 : 139 240 23 31 1
31 : 91 327 8 13 1
32 : 0 308 22 9 0
33 : 51 176 9 50 1
34 : 77 327 14 4 0
35 : 16 327 8 16 1
36 : 186 282 22 12 1
37 : 59 139 57 37 0
38 : 136 327 7 6 1
39 : 37 240 12 36 1
40 : 121 263 11 29 1
41 : 116 139 30 56 1
42 : 0 89 50 62 1
43 : 124 89 61 13 0
44 : 142 327 4 7 0
45 : 106 240 7 33 1
46 : 54 282 16 26 0
47 : 0 206 12 46 1
48 : 27 282 21 27 1
49 : 0 61 28 65 1
50 : 156 327 4 4 0
51 : 103 308 9 19 0
52 : 89 206 40 13 0
53 : 118 308 6 19 0
54 : 171 282 15 22 0
55 : 0 263 19 31 1
56 : 43 308 21 17 0
57 : 151 327 5 6 0
58 : 48 327 5 15 1
59 : 91 263 30 7 0
60 : 112 308 6 19 0
61 : 104 327 8 12 1
62 : 116 327 11 8 0
63 : 22 308 19 21 1
64 : 140 308 18 14 1
65 : 64 308 3 20 1
66 : 168 308 18 3 1
67 : 91 0 83 16 0
68 : 185 308 16 13 1
69 : 149 327 2 7 0
70 : 127 327 6 10 0
71 : 0 240 37 6 0
72 : 133 327 8 3 1
