92 193
0 : 35 183 11 9 0
1 : 88 124 1 1 0
2 : 13 183 9 11 1
3 : 0 166 1 29 1
4 : 24 183 9 11 1
5 : 0 168 19 15 0
6 : 50 0 50 29 1
7 : 72 165 1 19 1
8 : 54 150 18 18 0
9 : 0 125 12 45 1
10 : 19 168 19 15 0
11 : 78 168 14 12 1
12 : 45 125 12 45 1
13 : 0 150 27 13 0
14 : 79 0 43 13 1
15 : 0 112 55 13 0
16 : 31 137 31 13 0
17 : 72 150 19 15 0
18 : 0 101 11 79 1
19 : 0 0 50 50 0
20 : 0 163 2 37 1
21 : 0 137 31 13 0
22 : 0 50 92 17 0
23 : 57 168 21 13 0
24 : 46 183 11 9 0
25 : 55 112 33 13 0
26 : 62 137 28 13 0
27 : 0 167 1 29 1
28 : 79 101 13 10 0
29 : 27 150 27 13 0
30 : 0 67 17 88 1
31 : 38 168 19 15 0
32 : 72 166 1 19 1
33 : 0 84 86 17 0
34 : 0 165 1 48 1
35 : 88 112 4 6 0
36 : 0 183 13 10 0
37 : 88 118 4 6 0
