200 279
0 : 0 0 66 25 0
1 : 66 0 14 30 1
2 : 96 0 18 14 1
3 : 110 0 43 34 0
4 : 0 34 59 30 0
5 : 59 34 10 16 0
6 : 153 0 8 33 0
7 : 69 34 22 47 1
8 : 116 34 18 16 1
9 : 132 34 26 13 1
10 : 145 34 24 17 1
11 : 162 34 26 4 1
12 : 166 34 7 28 0
13 : 173 34 26 14 1
14 : 0 64 30 51 1
15 : 51 64 39 25 0
16 : 187 34 7 3 1
17 : 190 34 19 9 1
18 : 90 64 25 6 1
19 : 96 64 8 14 0
20 : 104 64 18 78 1
21 : 182 64 14 17 0
22 : 0 94 62 12 0
23 : 62 94 15 64 1
24 : 126 94 16 5 0
25 : 142 94 46 13 0
26 : 161 0 27 26 1
27 : 0 109 12 63 1
28 : 187 0 30 8 1
29 : 63 109 36 91 1
30 : 154 109 23 31 0
31 : 188 94 8 13 0
32 : 177 109 22 9 1
33 : 0 145 9 50 1
34 : 196 94 14 4 1
35 : 50 145 8 16 1
36 : 66 145 22 12 0
37 : 88 145 57 37 0
38 : 186 109 7 6 1
39 : 145 145 12 36 0
40 : 157 145 11 29 0
41 : 0 182 30 56 1
42 : 56 182 50 62 1
43 : 118 182 61 13 0
44 : 196 64 4 7 0
45 : 192 109 7 33 0
46 : 168 145 16 26 0
47 : 179 182 12 46 0
48 : 0 232 21 27 1
49 : 27 232 28 65 1
50 : 92 232 4 4 0
51 : 96 232 9 19 0
52 : 105 232 40 13 0
53 : 145 232 6 19 0
54 : 151 232 15 22 0
55 : 166 232 19 31 1
56 : 0 260 21 17 0
57 : 21 260 5 6 0
58 : 26 260 5 15 0
59 : 184 145 30 7 1
60 : 31 260 6 19 1
61 : 50 260 8 12 0
62 : 58 260 11 8 1
63 : 66 260 19 21 1
64 : 87 260 18 14 1
65 : 197 232 3 20 0
66 : 101 260 18 3 1
67 : 104 260 83 16 0
68 : 187 260 16 13 1
69 : 195 0 2 7 0
70 : 191 145 6 10 0
71 : 191 182 37 6 1
72 : 197 0 8 3 1
