70 688
0 : 0 0 43 31 0
1 : 0 31 43 31 0
2 : 0 62 43 31 0
3 : 0 93 43 31 0
4 : 0 124 41 30 0
5 : 0 154 41 30 0
6 : 0 184 39 29 0
7 : 0 213 39 29 0
8 : 0 242 39 29 0
9 : 0 271 39 29 0
10 : 0 300 38 28 0
11 : 0 328 38 28 0
12 : 0 356 38 28 0
13 : 0 384 38 28 0
14 : 0 412 37 27 0
15 : 0 439 37 27 0
16 : 0 466 37 27 0
17 : 0 493 36 26 0
18 : 0 519 36 26 0
19 : 0 545 36 26 0
20 : 0 571 36 26 0
21 : 0 597 35 25 0
22 : 35 597 35 25 0
23 : 0 622 35 25 0
24 : 36 493 34 24 0
25 : 36 519 34 24 0
26 : 36 545 34 24 0
27 : 36 571 34 24 0
28 : 37 412 23 33 1
29 : 37 439 23 33 1
30 : 37 466 23 33 1
31 : 35 622 23 33 1
32 : 38 300 32 22 0
33 : 38 328 32 22 0
34 : 38 356 32 22 0
35 : 43 0 21 31 0
36 : 43 31 21 31 0
37 : 43 62 21 31 0
38 : 43 93 18 29 0
39 : 41 124 18 29 0
40 : 41 154 18 29 0
41 : 39 184 27 17 1
42 : 39 213 27 17 1
43 : 39 242 24 15 1
44 : 54 242 24 15 1
45 : 39 271 25 16 1
46 : 38 384 25 16 1
47 : 54 384 25 16 1
48 : 0 647 25 16 0
49 : 55 271 24 15 1
50 : 56 184 14 23 0
51 : 56 213 14 23 0
52 : 25 647 14 23 1
53 : 0 663 14 23 1
54 : 48 647 12 21 1
55 : 23 663 12 21 1
56 : 44 663 12 21 1
57 : 59 124 11 19 0
58 : 59 154 11 19 0
59 : 0 677 11 19 1
60 : 19 677 11 19 1
61 : 61 93 17 9 1
