200 320
0 : 105 236 8 47 1
1 : 0 0 143 26 0
2 : 0 26 16 107 1
3 : 0 42 33 95 1
4 : 139 281 5 21 0
5 : 129 196 54 40 0
6 : 0 75 84 15 0
7 : 73 281 32 25 1
8 : 53 236 52 45 0
9 : 40 281 13 39 0
10 : 95 42 86 20 0
11 : 84 75 50 77 1
12 : 0 125 77 31 0
13 : 0 156 24 74 1
14 : 153 281 11 12 0
15 : 0 196 22 65 1
16 : 0 236 27 53 1
17 : 152 236 14 46 1
18 : 144 281 17 9 1
19 : 124 281 15 21 0
20 : 98 281 31 6 1
21 : 53 281 8 38 0
22 : 77 125 23 77 1
23 : 61 281 12 35 0
24 : 164 281 5 12 0
25 : 104 281 20 23 0
26 : 74 156 73 40 0
27 : 0 281 40 39 0
28 : 65 196 64 37 0
