200 240
0 : 0 0 8 47 1
1 : 47 0 143 26 0
2 : 0 26 16 107 1
3 : 0 42 33 95 1
4 : 190 0 5 21 0
5 : 95 42 54 40 0
6 : 107 26 84 15 0
7 : 149 42 32 25 1
8 : 0 82 52 45 0
9 : 0 8 13 39 1
10 : 52 82 86 20 0
11 : 0 127 50 77 1
12 : 77 127 77 31 0
13 : 52 102 24 74 1
14 : 126 102 11 12 0
15 : 0 177 22 65 1
16 : 138 82 27 53 1
17 : 138 109 14 46 1
18 : 184 109 17 9 1
19 : 174 42 15 21 0
20 : 154 127 31 6 0
21 : 154 133 8 38 0
22 : 65 177 23 77 1
23 : 162 133 12 35 0
24 : 39 8 5 12 0
25 : 174 133 20 23 0
26 : 0 200 73 40 0
27 : 73 200 40 39 0
28 : 113 200 64 37 0
