92 276
0 : 0 0 11 9 0
1 : 11 0 1 1 0
2 : 12 0 9 11 1
3 : 23 0 1 29 1
4 : 52 0 9 11 1
5 : 63 0 19 15 0
6 : 0 15 50 29 0
7 : 50 15 1 19 0
8 : 51 15 18 18 0
9 : 0 44 12 45 1
10 : 45 44 19 15 0
11 : 64 44 14 12 1
12 : 0 59 12 45 1
13 : 45 59 27 13 0
14 : 0 72 43 13 0
15 : 0 85 55 13 0
16 : 55 85 31 13 0
17 : 0 98 19 15 0
18 : 0 113 11 79 1
19 : 0 124 50 50 0
20 : 50 124 2 37 0
21 : 52 124 31 13 1
22 : 0 174 92 17 0
23 : 0 191 21 13 0
24 : 21 191 11 9 1
25 : 30 191 33 13 0
26 : 63 191 28 13 0
27 : 0 204 1 29 1
28 : 29 204 13 10 0
29 : 42 204 27 13 0
30 : 0 217 17 88 1
31 : 0 234 19 15 0
32 : 19 234 1 19 1
33 : 0 249 86 17 0
34 : 0 266 1 48 1
35 : 48 266 4 6 1
36 : 54 266 13 10 0
37 : 67 266 4 6 0
