200 269
0 : 0 261 8 47 1
1 : 0 158 143 26 0
2 : 0 230 16 107 1
3 : 64 90 33 95 1
4 : 116 261 5 21 1
5 : 73 50 54 40 0
6 : 107 230 84 15 0
7 : 143 158 32 25 0
8 : 77 0 52 45 0
9 : 67 246 13 39 1
10 : 65 208 86 20 0
11 : 0 0 50 77 1
12 : 0 127 77 31 0
13 : 0 184 24 74 1
14 : 141 246 11 12 0
15 : 0 208 22 65 1
16 : 77 127 27 53 1
17 : 21 246 14 46 1
18 : 152 246 17 9 0
19 : 0 246 15 21 1
20 : 85 261 31 6 0
21 : 47 261 8 38 1
22 : 74 184 23 77 1
23 : 106 246 12 35 1
24 : 137 261 5 12 1
25 : 151 208 20 23 1
26 : 0 50 73 40 0
27 : 127 50 40 39 0
28 : 0 90 64 37 0
