200 219
0 : 109 26 15 72 1
1 : 0 153 15 47 1
2 : 0 104 67 11 0
3 : 99 65 56 39 0
4 : 79 176 6 35 1
5 : 134 191 11 17 0
6 : 145 191 8 20 1
7 : 189 168 22 8 1
8 : 91 86 8 12 0
9 : 71 205 3 16 1
10 : 91 198 11 9 0
11 : 102 56 9 61 1
12 : 32 168 47 7 0
13 : 168 180 11 11 0
14 : 51 203 5 18 1
15 : 25 125 6 22 1
16 : 128 201 5 7 0
17 : 114 201 6 14 1
18 : 120 168 25 21 0
19 : 173 126 22 4 0
20 : 16 208 16 11 0
21 : 58 86 33 17 0
22 : 105 143 8 7 1
23 : 76 164 4 8 1
24 : 0 0 26 110 1
25 : 149 147 11 4 0
26 : 54 131 58 12 0
27 : 67 104 56 21 0
28 : 0 44 21 102 1
29 : 0 125 6 25 1
30 : 54 143 9 51 1
31 : 0 208 16 11 0
32 : 170 44 30 5 0
33 : 191 191 12 9 1
34 : 84 164 4 6 1
35 : 32 175 26 16 0
36 : 102 44 68 12 0
37 : 71 191 20 10 0
38 : 176 0 21 26 0
39 : 51 191 20 12 0
40 : 112 131 49 16 0
41 : 170 49 6 28 1
42 : 155 101 11 3 0
43 : 161 131 37 12 0
44 : 145 199 9 18 1
45 : 198 56 2 9 0
46 : 47 125 5 14 1
47 : 47 164 15 4 0
48 : 161 143 39 9 0
49 : 0 115 64 10 0
50 : 79 182 32 7 0
51 : 0 191 16 26 1
52 : 0 65 99 21 0
53 : 180 65 38 19 1
54 : 0 168 23 32 1
55 : 112 147 6 37 1
56 : 0 131 22 54 1
57 : 155 65 25 36 0
58 : 123 104 50 27 0
59 : 173 104 27 22 0
60 : 79 168 8 41 1
61 : 110 0 66 23 0
62 : 191 203 8 5 0
63 : 197 168 15 3 1
64 : 181 26 18 12 0
65 : 190 164 9 4 0
66 : 198 49 6 2 1
67 : 111 182 9 6 0
68 : 91 98 5 8 1
69 : 71 201 4 18 1
70 : 58 175 15 19 1
71 : 61 125 8 5 0
72 : 62 164 14 4 0
73 : 98 153 48 13 0
74 : 165 191 14 14 0
75 : 145 180 23 10 0
76 : 181 38 5 18 1
77 : 179 168 10 23 0
78 : 47 153 51 11 0
79 : 0 86 58 14 0
80 : 102 198 7 12 1
81 : 32 208 10 9 1
82 : 179 191 16 12 1
83 : 165 205 13 3 0
84 : 163 56 35 9 0
85 : 145 168 34 12 0
86 : 26 191 17 25 1
87 : 87 205 3 3 0
88 : 91 191 7 23 1
89 : 114 191 10 20 1
90 : 0 26 109 18 0
91 : 41 208 7 7 0
92 : 114 176 6 6 0
93 : 146 153 44 13 0
94 : 178 205 3 1 1
95 : 102 205 3 12 1
96 : 190 153 10 11 0
