200 218
0 : 109 0 15 72 1
1 : 0 130 15 47 1
2 : 102 44 67 11 0
3 : 72 157 56 39 0
4 : 157 65 6 35 1
5 : 121 142 11 17 1
6 : 188 130 8 20 0
7 : 169 44 22 8 0
8 : 60 176 8 12 1
9 : 109 15 3 16 1
10 : 56 187 11 9 0
11 : 110 30 9 61 1
12 : 0 109 47 7 0
13 : 157 196 11 11 0
14 : 151 125 5 18 1
15 : 178 22 6 22 1
16 : 194 30 5 7 0
17 : 185 80 6 14 1
18 : 94 196 25 21 0
19 : 178 18 22 4 0
20 : 44 176 16 11 0
21 : 128 157 33 17 1
22 : 140 196 8 7 1
23 : 188 150 4 8 1
24 : 0 18 26 110 1
25 : 191 44 11 4 1
26 : 99 65 58 12 0
27 : 95 109 56 21 0
28 : 0 44 21 102 1
29 : 175 86 6 25 1
30 : 99 77 9 51 1
31 : 170 183 16 11 0
32 : 110 39 30 5 0
33 : 44 187 12 9 0
34 : 196 74 4 6 0
35 : 170 157 26 16 1
36 : 110 18 68 12 0
37 : 101 142 20 10 0
38 : 53 196 21 26 1
39 : 186 157 20 12 1
40 : 151 109 49 16 0
41 : 157 80 6 28 1
42 : 84 122 11 3 0
43 : 101 130 37 12 0
44 : 185 0 9 18 0
45 : 150 77 2 9 0
46 : 47 152 5 14 1
47 : 192 65 15 4 1
48 : 124 97 39 9 0
49 : 102 55 64 10 0
50 : 166 55 32 7 0
51 : 0 196 16 26 1
52 : 0 65 99 21 0
53 : 34 157 38 19 0
54 : 0 169 23 32 1
55 : 47 122 6 37 1
56 : 47 130 22 54 1
57 : 145 157 25 36 0
58 : 138 130 50 27 0
59 : 26 196 27 22 0
60 : 0 100 8 41 1
61 : 58 86 66 23 0
62 : 169 125 8 5 0
63 : 124 106 15 3 0
64 : 186 177 18 12 1
65 : 196 65 9 4 1
66 : 47 128 6 2 0
67 : 128 190 9 6 0
68 : 158 39 5 8 1
69 : 181 0 4 18 0
70 : 79 196 15 19 0
71 : 61 152 8 5 0
72 : 196 130 14 4 1
73 : 47 109 48 13 0
74 : 168 196 14 14 0
75 : 23 145 23 10 0
76 : 140 39 5 18 1
77 : 0 145 10 23 1
78 : 124 86 51 11 0
79 : 0 86 58 14 0
80 : 41 100 7 12 1
81 : 131 196 10 9 1
82 : 119 196 16 12 1
83 : 44 116 13 3 1
84 : 157 71 35 9 0
85 : 0 157 34 12 0
86 : 175 92 17 25 1
87 : 166 62 3 3 0
88 : 171 30 7 23 1
89 : 34 176 10 20 0
90 : 0 0 109 18 0
91 : 182 196 7 7 0
92 : 194 0 6 6 0
93 : 0 116 44 13 0
94 : 0 108 3 1 0
95 : 163 97 3 12 1
96 : 147 196 10 11 0
