100 29
0 : 91 0 5 4 1
1 : 62 19 3 13 1
2 : 13 19 49 3 0
3 : 14 23 3 5 1
4 : 63 12 5 5 0
5 : 19 23 3 5 1
6 : 68 12 5 5 0
7 : 43 26 3 3 0
8 : 79 0 4 10 0
9 : 4 26 3 4 1
10 : 75 0 4 11 0
11 : 75 19 3 7 1
12 : 67 0 9 8 1
13 : 0 12 7 33 1
14 : 53 12 5 5 0
15 : 29 23 5 3 0
16 : 95 12 4 5 0
17 : 83 0 5 4 1
18 : 34 23 5 3 0
19 : 39 23 3 5 1
20 : 33 12 12 5 0
21 : 40 26 3 3 0
22 : 12 26 3 4 1
23 : 37 26 3 3 0
24 : 79 23 3 5 1
25 : 94 23 5 3 0
26 : 89 23 3 5 1
27 : 82 19 3 7 1
28 : 58 12 5 5 0
29 : 49 23 5 3 0
30 : 24 23 5 3 0
31 : 89 19 3 7 1
32 : 69 23 5 3 0
33 : 46 26 3 3 0
34 : 0 26 3 4 1
35 : 95 0 5 4 1
36 : 9 19 4 4 0
37 : 16 26 3 4 1
38 : 28 26 3 3 0
39 : 83 12 4 8 1
40 : 0 19 5 4 0
41 : 54 23 5 3 0
42 : 20 26 4 3 0
43 : 34 0 12 33 1
44 : 59 23 3 5 1
45 : 34 26 3 3 0
46 : 5 19 4 4 0
47 : 44 23 3 5 1
48 : 78 12 5 5 0
49 : 91 12 5 4 1
50 : 0 23 7 3 0
51 : 64 23 5 3 0
52 : 87 0 5 4 1
53 : 74 23 5 3 0
54 : 96 19 3 4 0
55 : 24 26 3 4 1
56 : 84 23 3 5 1
57 : 31 26 3 3 0
58 : 8 26 3 4 1
59 : 7 23 7 3 0
60 : 45 12 5 8 1
61 : 0 0 34 12 0
62 : 73 12 5 5 0
