1000 9074
0 : 0 1424 340 857 1
1 : 738 1899 104 178 0
2 : 0 887 943 389 0
3 : 505 2414 189 491 1
4 : 752 3343 146 162 0
5 : 0 0 33 963 1
6 : 0 2556 497 135 0
7 : 0 2691 652 992 1
8 : 0 2151 121 598 1
9 : 0 591 42 727 1
10 : 0 2414 142 505 1
11 : 947 82 24 83 0
12 : 0 633 150 776 1
13 : 0 33 49 921 1
14 : 0 4215 493 677 1
15 : 0 289 85 886 1
16 : 538 2272 421 99 0
17 : 0 5487 970 933 0
18 : 0 1899 252 738 1
19 : 0 3343 561 246 0
20 : 0 4708 882 779 0
21 : 943 887 298 2 1
22 : 0 3589 452 169 0
23 : 727 591 253 49 0
24 : 857 1424 338 87 1
25 : 840 374 81 148 1
26 : 598 2151 59 375 1
27 : 0 3758 457 647 1
28 : 726 783 12 189 1
29 : 945 887 8 169 0
30 : 561 3343 191 233 0
31 : 0 82 85 947 1
32 : 0 1764 629 135 0
33 : 0 167 965 107 0
34 : 629 1764 359 109 0
35 : 0 374 840 67 0
36 : 0 2272 538 142 0
37 : 0 783 104 726 1
38 : 0 274 15 871 1
39 : 689 1276 144 230 1
40 : 871 274 10 114 1
41 : 0 8313 761 761 0
42 : 0 7333 984 980 0
43 : 497 2556 408 117 0
44 : 776 633 9 189 1
45 : 0 6420 931 913 0
46 : 452 3589 516 536 1
47 : 0 441 150 906 1
48 : 0 1276 689 148 0
49 : 842 1899 103 146 0
