1000 1329
0 : 37 1114 66 61 0
1 : 194 804 62 48 0
2 : 79 723 62 46 0
3 : 88 646 61 43 0
4 : 202 479 39 62 1
5 : 0 479 38 61 1
6 : 415 118 30 71 1
7 : 38 609 56 37 0
8 : 107 852 52 39 0
9 : 94 609 36 55 1
10 : 869 23 74 27 0
11 : 500 1114 42 47 0
12 : 511 302 61 32 0
13 : 290 386 58 32 0
14 : 891 723 51 36 0
15 : 833 1074 46 40 0
16 : 239 0 79 23 0
17 : 47 962 48 38 0
18 : 160 0 79 23 0
19 : 0 302 30 60 1
20 : 0 0 22 81 1
21 : 37 852 36 49 1
22 : 384 50 25 71 1
23 : 138 23 73 24 0
24 : 233 386 57 31 0
25 : 797 23 72 25 0
26 : 36 769 50 35 0
27 : 560 418 56 31 0
28 : 591 518 33 54 1
29 : 720 1035 39 46 1
30 : 0 223 28 63 1
31 : 396 0 77 23 0
32 : 358 1215 43 40 0
33 : 410 852 36 48 1
34 : 0 418 56 31 0
35 : 149 689 51 34 0
36 : 774 479 54 32 0
37 : 55 1175 44 40 0
38 : 0 962 37 47 1
39 : 48 689 51 34 0
40 : 222 891 48 36 0
41 : 767 551 53 33 0
42 : 589 1074 39 45 1
43 : 577 689 34 50 1
44 : 318 0 22 78 1
45 : 0 646 51 33 0
46 : 875 302 29 58 1
47 : 763 0 73 23 0
48 : 690 0 23 73 1
49 : 0 1035 37 45 1
50 : 904 0 73 23 0
51 : 834 1215 42 40 0
52 : 0 172 26 64 1
53 : 100 479 31 54 1
54 : 211 23 23 72 1
55 : 81 0 79 21 0
56 : 552 852 35 47 1
57 : 241 689 33 50 1
58 : 316 1215 39 42 1
59 : 99 689 33 50 1
60 : 187 449 54 30 0
61 : 732 251 60 27 0
62 : 850 804 47 34 1
63 : 547 0 22 73 1
64 : 386 723 49 33 0
65 : 759 1074 37 43 1
66 : 916 479 30 52 1
67 : 309 75 67 23 0
68 : 377 927 35 45 1
69 : 661 172 62 25 0
70 : 57 148 24 64 1
71 : 332 927 35 45 1
72 : 579 1035 36 43 1
73 : 356 251 26 59 1
74 : 536 1035 43 36 0
75 : 441 75 67 23 0
76 : 0 927 34 45 1
77 : 121 148 64 24 0
78 : 289 723 32 48 1
79 : 540 518 30 51 1
80 : 166 723 32 48 1
81 : 220 198 25 61 1
82 : 575 334 55 27 0
83 : 398 386 54 28 0
84 : 794 804 33 46 0
85 : 0 689 31 48 1
86 : 270 891 45 33 0
87 : 43 518 51 29 0
88 : 284 1000 43 35 0
89 : 473 0 74 20 0
90 : 490 518 50 29 0
91 : 246 1215 40 37 0
92 : 668 223 25 59 1
93 : 488 723 31 47 1
94 : 819 609 30 48 1
95 : 345 769 46 31 0
96 : 213 1255 37 39 1
97 : 277 1255 37 39 1
98 : 659 118 63 22 0
99 : 632 1000 34 42 1
100 : 668 302 26 55 1
101 : 892 769 31 45 1
102 : 455 50 67 21 0
103 : 379 172 23 61 1
104 : 648 198 23 59 1
105 : 458 723 46 30 1
106 : 185 148 62 22 0
107 : 426 334 26 54 1
108 : 180 1215 36 39 1
109 : 161 198 59 23 0
110 : 69 23 69 20 0
111 : 616 418 51 27 0
112 : 763 804 31 44 0
113 : 47 551 28 49 1
114 : 438 1292 37 37 0
115 : 411 1035 34 41 1
116 : 732 804 31 44 0
117 : 441 518 49 28 0
118 : 376 75 65 21 0
119 : 283 23 20 68 1
120 : 420 1255 36 38 1
121 : 161 302 55 25 0
122 : 701 278 24 55 1
123 : 347 1035 33 40 1
124 : 620 0 70 19 0
125 : 845 689 29 45 1
126 : 599 852 31 43 1
127 : 727 223 57 23 0
128 : 632 386 52 26 0
129 : 337 723 45 29 1
130 : 318 50 20 66 1
131 : 784 223 23 57 1
132 : 260 723 45 29 1
133 : 182 386 51 25 0
134 : 602 361 25 52 1
135 : 121 98 20 63 1
136 : 0 23 69 19 0
137 : 144 769 44 29 0
138 : 908 609 28 46 1
139 : 463 251 23 56 1
140 : 609 646 28 45 1
141 : 933 418 26 50 1
142 : 36 1215 37 34 0
143 : 120 75 65 20 0
144 : 546 609 28 46 1
145 : 63 50 65 19 0
146 : 676 251 56 23 0
147 : 272 609 46 27 0
148 : 367 646 28 45 1
149 : 522 551 47 27 0
150 : 334 1114 38 33 1
151 : 322 646 45 28 0
152 : 707 50 64 19 0
153 : 330 334 24 52 1
154 : 836 0 18 68 1
155 : 550 962 40 31 0
156 : 377 609 46 27 0
157 : 0 118 20 61 1
158 : 91 1074 32 38 1
159 : 732 334 52 24 0
160 : 129 1074 38 32 0
161 : 776 1215 34 36 0
162 : 45 927 30 41 1
163 : 887 646 44 27 0
164 : 710 1000 31 39 1
165 : 778 118 20 61 1
166 : 0 1215 33 36 1
167 : 938 518 26 47 1
168 : 460 449 48 25 0
169 : 220 1114 32 37 0
170 : 929 75 62 19 0
171 : 679 962 31 40 1
172 : 925 689 28 44 1
173 : 154 479 48 25 0
174 : 246 75 19 63 1
175 : 0 551 47 26 0
176 : 861 927 40 30 0
177 : 943 551 46 26 0
178 : 942 1175 36 33 1
179 : 208 927 40 30 0
180 : 581 148 20 59 1
181 : 646 1255 34 35 0
182 : 103 1114 37 32 1
183 : 629 723 28 43 0
184 : 909 1175 33 36 0
185 : 644 551 26 46 1
186 : 495 172 21 58 1
187 : 446 891 29 41 1
188 : 104 418 24 49 1
189 : 530 1175 33 37 0
190 : 0 1114 32 37 1
191 : 938 1074 37 32 1
192 : 867 198 56 21 0
193 : 542 23 65 18 0
194 : 681 334 23 51 1
195 : 630 334 23 51 1
196 : 719 962 30 39 1
197 : 348 386 50 24 0
198 : 360 302 52 23 0
199 : 906 1074 37 32 1
200 : 186 334 51 23 0
201 : 645 689 27 43 1
202 : 758 962 30 39 1
203 : 796 418 48 24 0
204 : 759 198 56 21 0
205 : 682 479 25 47 1
206 : 376 418 24 49 1
207 : 126 1035 38 31 0
208 : 884 98 19 61 1
209 : 656 1215 33 35 0
210 : 692 148 59 20 0
211 : 139 518 25 47 1
212 : 802 1074 31 37 0
213 : 491 689 27 43 1
214 : 395 551 25 45 1
215 : 128 50 18 64 1
216 : 430 689 27 43 1
217 : 387 689 27 43 1
218 : 498 1175 36 32 1
219 : 797 962 30 39 1
220 : 61 118 60 19 0
221 : 0 449 24 48 1
222 : 291 689 27 43 1
223 : 425 98 61 19 0
224 : 543 118 60 19 0
225 : 293 927 29 39 1
226 : 836 962 30 39 1
227 : 508 449 24 47 1
228 : 484 609 26 44 1
229 : 440 609 26 44 1
230 : 355 118 60 19 0
231 : 696 361 50 23 0
232 : 55 198 56 20 0
233 : 534 689 43 27 0
234 : 422 927 29 39 1
235 : 604 172 57 20 0
236 : 351 23 65 17 0
237 : 202 278 21 53 1
238 : 774 302 51 22 0
239 : 522 50 18 64 1
240 : 413 449 47 24 0
241 : 723 302 51 22 0
242 : 832 50 63 18 0
243 : 0 1074 30 37 1
244 : 350 479 24 46 1
245 : 278 646 26 43 0
246 : 818 1114 31 36 0
247 : 153 418 48 23 0
248 : 396 479 46 24 0
249 : 121 118 19 60 1
250 : 542 1114 31 36 0
251 : 445 1114 31 36 0
252 : 39 891 28 40 1
253 : 442 479 46 24 0
254 : 471 148 58 19 0
255 : 234 646 26 43 0
256 : 188 769 27 42 1
257 : 0 98 18 61 1
258 : 832 852 40 28 0
259 : 826 1035 30 37 0
260 : 693 852 28 40 1
261 : 532 479 46 24 0
262 : 622 251 54 21 0
263 : 535 646 26 43 0
264 : 900 1255 33 34 0
265 : 670 1175 35 32 1
266 : 303 1114 36 31 1
267 : 418 584 25 44 1
268 : 796 1035 30 37 0
269 : 115 804 27 41 1
270 : 140 449 23 47 1
271 : 670 23 64 17 0
272 : 446 646 26 43 0
273 : 255 50 17 63 1
274 : 696 769 27 41 1
275 : 244 584 44 25 0
276 : 357 148 58 19 0
277 : 320 1292 33 33 0
278 : 288 584 44 25 0
279 : 368 361 49 22 0
280 : 918 962 29 38 0
281 : 525 334 50 22 0
282 : 110 302 51 21 0
283 : 622 1035 30 37 0
284 : 135 1114 31 36 0
285 : 766 1035 30 37 0
286 : 364 98 18 61 1
287 : 816 518 24 45 1
288 : 634 609 25 43 1
289 : 453 804 40 27 1
290 : 214 723 26 42 0
291 : 111 223 20 55 1
292 : 378 804 40 27 1
293 : 201 1074 30 36 1
294 : 713 1215 34 32 1
295 : 749 1000 29 37 1
296 : 939 891 39 28 0
297 : 56 418 48 23 0
298 : 482 1255 32 33 0
299 : 299 804 40 27 1
300 : 309 518 24 45 1
301 : 440 551 24 44 1
302 : 48 449 23 47 1
303 : 70 1035 29 37 0
304 : 48 251 20 53 1
305 : 0 891 27 39 1
306 : 825 172 19 56 1
307 : 688 518 45 24 0
308 : 573 1000 37 29 0
309 : 656 98 18 60 1
310 : 328 1074 30 36 1
311 : 822 1000 37 29 0
312 : 310 551 24 44 1
313 : 918 852 27 39 0
314 : 839 723 26 41 0
315 : 813 449 23 46 1
316 : 859 449 46 23 0
317 : 134 386 48 22 0
318 : 569 75 61 17 0
319 : 508 75 61 17 0
320 : 94 518 23 45 1
321 : 963 723 26 41 0
322 : 708 418 23 47 1
323 : 461 302 50 21 0
324 : 755 852 39 27 1
325 : 48 334 50 21 0
326 : 889 251 52 20 0
327 : 0 278 52 20 0
328 : 192 50 17 63 1
329 : 490 1000 37 29 0
330 : 304 98 17 60 1
331 : 184 98 17 60 1
332 : 642 852 27 39 0
333 : 181 118 18 59 1
334 : 595 449 23 46 1
335 : 0 1292 32 33 1
336 : 899 551 24 44 1
337 : 871 479 23 45 1
338 : 865 723 26 41 0
339 : 654 1114 30 35 0
340 : 825 302 50 21 0
341 : 878 1175 34 31 1
342 : 408 278 52 20 0
343 : 318 1035 36 29 1
344 : 535 723 41 25 1
345 : 79 891 27 39 1
346 : 729 479 23 45 1
347 : 610 804 26 39 0
348 : 849 1114 30 35 0
349 : 958 1114 35 30 1
350 : 332 584 24 43 1
351 : 947 962 37 28 1
352 : 896 118 18 58 1
353 : 737 769 26 40 1
354 : 837 891 27 38 1
355 : 375 584 24 43 1
356 : 705 1255 32 33 0
357 : 266 551 24 44 1
358 : 0 198 19 55 1
359 : 0 1000 37 28 0
360 : 240 118 18 59 1
361 : 200 251 53 20 0
362 : 37 1000 28 37 1
363 : 74 1000 28 37 1
364 : 471 418 22 47 1
365 : 651 891 27 38 1
366 : 581 769 40 26 0
367 : 923 198 19 54 1
368 : 61 98 60 17 0
369 : 180 852 26 39 0
370 : 786 1000 28 36 1
371 : 561 646 42 25 1
372 : 142 361 21 48 1
373 : 111 1000 28 37 1
374 : 479 1035 29 36 0
375 : 504 584 43 24 0
376 : 210 1000 37 28 0
377 : 281 198 55 19 0
378 : 241 449 22 46 1
379 : 349 1000 28 36 1
380 : 570 251 52 19 0
381 : 326 804 26 39 0
382 : 151 1255 31 33 1
383 : 352 804 26 39 0
384 : 247 1000 37 28 0
385 : 416 23 63 16 0
386 : 201 418 47 22 0
387 : 306 278 52 20 0
388 : 809 75 17 61 1
389 : 172 646 24 42 0
390 : 728 689 25 41 1
391 : 745 1215 33 31 1
392 : 231 1292 32 32 0
393 : 881 172 18 55 1
394 : 259 1074 35 29 0
395 : 218 223 53 19 0
396 : 560 723 25 41 0
397 : 479 23 63 16 0
398 : 288 1292 32 32 0
399 : 244 98 17 60 1
400 : 684 927 37 27 0
401 : 746 927 27 37 1
402 : 550 1215 30 33 0
403 : 547 584 43 24 0
404 : 468 1175 34 30 1
405 : 141 723 25 41 0
406 : 941 251 52 20 0
407 : 876 1215 33 31 1
408 : 491 1215 33 30 1
409 : 851 278 50 20 0
410 : 585 723 25 40 0
411 : 932 1215 33 31 1
412 : 756 891 38 27 0
413 : 60 302 20 50 1
414 : 768 449 45 22 0
415 : 353 1292 32 32 0
416 : 706 804 26 39 0
417 : 954 609 42 24 0
418 : 734 23 63 16 0
419 : 746 361 48 21 0
420 : 185 75 16 61 1
421 : 872 852 38 26 1
422 : 769 689 25 41 1
423 : 886 1000 28 36 1
424 : 884 804 26 39 0
425 : 841 223 19 53 1
426 : 0 50 63 16 0
427 : 96 551 23 44 1
428 : 452 386 21 47 1
429 : 461 927 37 27 0
430 : 578 927 37 27 0
431 : 789 1114 29 34 0
432 : 385 1000 28 36 1
433 : 287 769 25 40 1
434 : 616 1175 30 34 0
435 : 674 1000 36 28 0
436 : 43 584 23 43 1
437 : 121 962 36 27 1
438 : 585 386 21 47 1
439 : 592 609 24 42 1
440 : 771 50 16 61 1
441 : 76 804 25 39 1
442 : 895 50 61 16 0
443 : 318 852 38 26 1
444 : 397 518 23 44 1
445 : 461 1215 30 33 0
446 : 607 23 63 16 0
447 : 690 75 60 16 0
448 : 431 1215 30 33 0
449 : 425 418 46 21 0
450 : 906 386 21 47 1
451 : 723 449 22 45 1
452 : 498 927 27 37 1
453 : 590 584 23 42 1
454 : 488 198 18 54 1
455 : 412 302 49 20 0
456 : 47 361 20 48 1
457 : 953 386 21 47 1
458 : 508 1035 28 35 0
459 : 695 646 24 41 0
460 : 719 646 41 24 1
461 : 0 584 43 23 0
462 : 772 386 21 47 1
463 : 148 927 27 37 1
464 : 255 278 19 51 1
465 : 253 251 19 52 1
466 : 0 723 24 40 1
467 : 264 1035 28 35 0
468 : 30 1255 32 30 0
469 : 401 1215 30 33 0
470 : 632 584 23 42 1
471 : 103 278 19 51 1
472 : 954 646 41 24 1
473 : 193 962 27 36 0
474 : 192 1035 28 35 0
475 : 430 769 25 39 1
476 : 200 689 41 24 0
477 : 391 769 25 39 1
478 : 415 148 56 17 0
479 : 753 584 23 42 1
480 : 222 172 17 55 1
481 : 286 1215 30 33 0
482 : 908 148 17 55 1
483 : 870 75 16 59 1
484 : 318 609 23 42 1
485 : 594 198 54 18 0
486 : 269 852 26 38 0
487 : 52 278 51 19 0
488 : 225 518 44 22 0
489 : 646 50 61 16 0
490 : 622 479 44 22 0
491 : 731 1074 28 34 0
492 : 462 584 23 42 1
493 : 621 769 25 39 1
494 : 590 891 37 26 0
495 : 502 1292 31 31 0
496 : 630 75 16 60 1
497 : 778 609 23 41 1
498 : 916 334 48 20 0
499 : 164 1035 28 35 0
500 : 88 1255 30 32 1
501 : 688 689 40 24 0
502 : 373 223 52 18 0
503 : 839 118 57 17 0
504 : 853 769 25 39 1
505 : 674 584 23 42 1
506 : 95 449 21 45 1
507 : 901 278 49 19 0
508 : 86 1292 31 30 1
509 : 488 479 22 44 1
510 : 696 609 23 41 1
511 : 585 804 38 25 1
512 : 560 804 25 38 0
513 : 0 148 57 17 0
514 : 783 927 26 36 1
515 : 736 1114 28 33 0
516 : 737 609 23 41 1
517 : 554 278 50 19 0
518 : 945 1000 27 35 0
519 : 859 1000 27 35 0
520 : 230 769 24 39 1
521 : 167 1074 28 34 1
522 : 247 148 17 57 1
523 : 232 361 20 47 1
524 : 95 962 26 36 0
525 : 315 891 37 25 0
526 : 578 479 22 44 1
527 : 149 646 41 23 1
528 : 771 723 39 24 1
529 : 440 172 17 55 1
530 : 428 804 25 38 0
531 : 756 278 50 19 0
532 : 305 251 18 51 1
533 : 368 1175 29 33 0
534 : 933 1255 31 30 1
535 : 563 1175 29 33 0
536 : 200 1292 31 31 0
537 : 604 278 50 19 0
538 : 950 278 49 19 0
539 : 802 1175 32 29 1
540 : 681 723 24 39 0
541 : 773 518 22 43 1
542 : 844 418 45 21 0
543 : 411 1074 34 28 0
544 : 464 361 47 20 0
545 : 202 584 22 42 1
546 : 160 584 22 42 1
547 : 929 804 25 38 0
548 : 64 172 17 55 1
549 : 684 386 20 46 1
550 : 795 723 39 24 1
551 : 224 551 22 42 1
552 : 42 386 20 46 1
553 : 321 223 52 18 0
554 : 116 1292 30 31 0
555 : 452 1035 34 27 1
556 : 294 1074 34 28 0
557 : 185 891 37 25 0
558 : 657 1074 28 34 0
559 : 0 334 48 19 0
560 : 867 609 23 41 1
561 : 73 1215 29 32 0
562 : 510 891 37 25 0
563 : 417 361 47 20 0
564 : 369 449 21 44 1
565 : 486 118 57 16 0
566 : 192 1114 28 33 0
567 : 705 723 39 24 1
568 : 782 646 40 23 1
569 : 252 1114 28 33 0
570 : 521 1215 29 32 0
571 : 279 361 47 20 0
572 : 372 891 25 37 1
573 : 463 1000 35 27 1
574 : 586 646 23 40 0
575 : 105 769 24 39 1
576 : 0 75 15 60 1
577 : 957 927 26 36 1
578 : 382 962 26 35 0
579 : 898 1035 27 34 0
580 : 408 962 26 35 0
581 : 166 223 52 18 0
582 : 586 50 60 15 0
583 : 156 804 38 24 0
584 : 0 804 38 24 0
585 : 815 769 38 24 0
586 : 702 1175 29 32 0
587 : 248 418 45 20 0
588 : 519 251 18 51 1
589 : 354 518 22 43 1
590 : 60 75 60 15 0
591 : 262 302 49 19 0
592 : 358 278 18 50 1
593 : 786 1255 31 30 1
594 : 409 891 25 37 1
595 : 777 769 38 24 0
596 : 645 518 43 22 0
597 : 864 646 40 23 1
598 : 555 361 20 47 1
599 : 149 251 51 18 0
600 : 968 852 37 25 1
601 : 657 723 39 24 1
602 : 921 927 26 36 1
603 : 782 852 25 37 0
604 : 38 804 24 38 1
605 : 879 1074 33 27 1
606 : 128 1215 29 32 0
607 : 95 361 20 47 1
608 : 481 852 25 37 0
609 : 231 609 22 41 1
610 : 514 1255 31 30 1
611 : 455 962 35 26 1
612 : 40 723 23 39 1
613 : 620 302 19 48 1
614 : 306 479 21 44 1
615 : 311 302 49 19 0
616 : 931 646 23 40 0
617 : 750 75 15 59 1
618 : 99 1035 27 34 0
619 : 472 646 23 40 0
620 : 502 962 26 35 0
621 : 0 518 21 43 1
622 : 572 302 19 48 1
623 : 184 1255 31 29 1
624 : 120 1255 31 29 0
625 : 267 962 26 35 0
626 : 828 479 43 21 0
627 : 425 223 52 18 0
628 : 807 852 25 37 0
629 : 0 852 37 24 0
630 : 190 609 41 22 0
631 : 367 1114 33 28 1
632 : 99 1175 28 32 0
633 : 88 386 20 46 1
634 : 149 609 41 22 0
635 : 889 418 44 20 0
636 : 344 852 25 37 0
637 : 283 334 19 47 1
638 : 58 1074 27 33 1
639 : 858 551 41 21 0
640 : 636 804 37 24 1
641 : 0 361 47 19 0
642 : 435 723 39 23 1
643 : 418 1114 27 32 0
644 : 639 927 35 25 1
645 : 547 1000 26 34 0
646 : 182 551 42 21 0
647 : 573 1114 27 32 0
648 : 669 852 36 24 1
649 : 600 1114 27 32 0
650 : 627 1114 32 27 1
651 : 495 646 22 39 0
652 : 641 449 20 43 1
653 : 604 1215 30 28 1
654 : 684 1114 32 27 1
655 : 894 223 50 17 0
656 : 354 551 21 41 1
657 : 140 551 42 21 0
658 : 936 172 52 16 0
659 : 815 198 17 52 1
660 : 721 927 35 25 1
661 : 861 386 19 45 1
662 : 843 1255 29 30 0
663 : 673 646 22 39 0
664 : 292 1035 33 26 1
665 : 879 1114 27 32 0
666 : 906 1114 32 27 1
667 : 385 1292 29 29 0
668 : 795 584 21 40 1
669 : 528 852 36 24 1
670 : 711 891 35 24 1
671 : 506 769 23 37 1
672 : 743 646 22 39 0
673 : 839 251 17 50 1
674 : 469 769 23 37 1
675 : 445 1074 26 32 0
676 : 835 584 40 21 0
677 : 660 804 36 23 1
678 : 683 804 23 36 0
679 : 542 198 16 52 1
680 : 627 891 35 24 1
681 : 615 927 24 34 0
682 : 237 334 18 46 1
683 : 542 98 57 15 0
684 : 295 852 35 23 1
685 : 599 98 57 15 0
686 : 912 584 40 21 0
687 : 269 927 24 34 0
688 : 0 1255 28 30 1
689 : 487 891 23 35 0
690 : 436 198 52 16 0
691 : 603 118 56 15 0
692 : 827 334 46 18 0
693 : 316 1255 30 28 1
694 : 872 1255 28 29 0
695 : 506 278 17 48 1
696 : 945 98 15 55 1
697 : 707 198 52 16 0
698 : 943 23 57 14 0
699 : 828 98 56 14 0
700 : 722 118 15 56 1
701 : 827 804 23 36 0
702 : 299 118 56 15 0
703 : 271 223 16 50 1
704 : 972 1000 25 33 0
705 : 749 723 37 22 1
706 : 405 804 36 23 1
707 : 45 1035 33 25 1
708 : 970 1074 31 26 1
709 : 458 852 35 23 1
710 : 660 769 36 22 0
711 : 150 891 23 35 1
712 : 177 1000 24 33 1
713 : 723 172 52 15 0
714 : 222 1175 26 30 0
715 : 945 852 35 23 1
716 : 772 98 56 14 0
717 : 219 1215 30 27 1
718 : 690 551 20 40 1
719 : 220 962 33 24 1
720 : 541 386 44 18 0
721 : 166 1114 31 26 1
722 : 946 449 42 19 0
723 : 716 98 56 14 0
724 : 277 804 36 22 1
725 : 952 584 20 39 1
726 : 364 1074 31 25 1
727 : 486 98 14 56 1
728 : 954 804 22 35 0
729 : 942 723 21 36 0
730 : 368 1255 27 29 0
731 : 803 148 53 15 0
732 : 976 804 35 22 1
733 : 264 479 42 19 0
734 : 33 1292 27 28 0
735 : 733 852 34 22 1
736 : 516 1074 31 25 1
737 : 0 769 21 36 1
738 : 541 1074 31 25 1
739 : 154 278 16 48 1
740 : 480 334 17 45 1
741 : 569 1255 28 27 1
742 : 102 1215 29 26 1
743 : 711 1114 30 25 1
744 : 764 1114 25 30 0
745 : 555 927 33 23 1
746 : 214 646 37 20 1
747 : 146 1292 27 28 0
748 : 506 852 22 34 0
749 : 256 804 21 35 0
750 : 388 852 34 22 1
751 : 933 1114 25 30 0
752 : 185 927 33 23 1
753 : 816 1255 27 28 0
754 : 547 891 34 22 1
755 : 805 646 37 20 1
756 : 244 962 23 32 0
757 : 216 302 16 46 1
758 : 173 1292 27 27 0
759 : 293 962 23 32 0
760 : 825 646 20 37 0
761 : 654 278 16 47 1
762 : 917 891 22 33 0
763 : 733 518 40 19 0
764 : 0 251 48 15 0
765 : 611 962 32 23 1
766 : 656 962 32 23 1
767 : 856 148 52 14 0
768 : 689 891 22 33 0
769 : 119 172 14 52 1
770 : 553 172 14 51 1
771 : 366 723 36 20 1
772 : 511 361 44 17 0
773 : 518 418 42 17 0
774 : 415 251 48 15 0
775 : 320 1175 29 25 1
776 : 86 852 34 21 1
777 : 905 449 18 41 1
778 : 328 449 18 41 1
779 : 387 1035 24 31 0
780 : 304 148 53 14 0
781 : 875 891 33 22 1
782 : 269 518 40 18 0
783 : 475 1292 27 27 0
784 : 0 609 38 19 0
785 : 170 962 32 23 1
786 : 159 852 34 21 1
787 : 751 148 52 14 0
788 : 206 852 21 34 0
789 : 815 891 22 33 0
790 : 227 852 21 34 0
791 : 316 962 32 23 1
792 : 126 927 22 32 0
793 : 685 1074 30 24 1
794 : 755 418 17 41 1
795 : 386 198 14 50 1
796 : 976 769 35 21 1
797 : 271 1175 25 29 0
798 : 460 278 46 15 0
799 : 240 723 20 36 0
800 : 62 1255 28 26 1
801 : 248 852 34 21 1
802 : 51 646 19 37 1
803 : 484 551 18 38 1
804 : 899 518 18 39 1
805 : 674 1035 23 30 0
806 : 101 251 15 48 1
807 : 287 449 17 41 1
808 : 875 962 31 22 1
809 : 336 198 50 14 0
810 : 956 769 34 20 1
811 : 334 418 17 42 1
812 : 529 148 52 13 0
813 : 922 1000 31 23 1
814 : 667 418 41 17 0
815 : 819 723 20 35 0
816 : 794 891 21 32 0
817 : 677 609 37 19 1
818 : 555 449 40 17 0
819 : 111 198 14 50 1
820 : 148 962 31 22 1
821 : 382 334 16 44 1
822 : 794 361 16 43 1
823 : 837 361 16 43 1
824 : 198 1175 24 28 0
825 : 60 1292 26 27 0
826 : 476 1114 29 24 1
827 : 646 1175 28 24 1
828 : 533 1292 26 26 0
829 : 729 723 20 35 0
830 : 397 1175 24 28 0
831 : 640 148 13 52 1
832 : 328 172 13 51 1
833 : 716 584 18 37 1
834 : 360 962 22 31 0
835 : 499 386 16 42 1
836 : 845 646 19 36 0
837 : 142 334 15 44 1
838 : 735 891 32 21 1
839 : 528 962 31 22 1
840 : 334 689 19 35 1
841 : 697 1035 30 23 1
842 : 944 223 47 14 0
843 : 634 1074 23 29 0
844 : 395 1255 27 25 1
845 : 634 962 31 22 1
846 : 875 584 18 37 1
847 : 477 223 48 14 0
848 : 293 418 41 16 0
849 : 421 1175 28 24 1
850 : 569 551 18 38 1
851 : 186 518 17 39 1
852 : 252 1255 27 25 1
853 : 654 646 36 19 1
854 : 592 1175 28 24 1
855 : 792 251 14 47 1
856 : 569 891 21 32 0
857 : 775 172 50 13 0
858 : 820 551 38 18 0
859 : 127 1175 28 24 1
860 : 151 1175 28 24 1
861 : 525 223 14 48 1
862 : 819 386 16 42 1
863 : 573 223 14 48 1
864 : 784 334 15 43 1
865 : 296 1175 24 28 0
866 : 819 927 31 21 1
867 : 840 927 31 21 1
868 : 954 118 14 46 1
869 : 621 1255 25 26 0
870 : 480 804 33 20 1
871 : 580 1215 24 27 0
872 : 544 1255 26 25 1
873 : 566 1074 29 23 1
874 : 196 646 36 18 1
875 : 969 689 34 19 1
876 : 730 386 42 16 0
877 : 280 1114 28 23 1
878 : 471 1074 23 29 0
879 : 500 804 20 33 0
880 : 907 1215 27 25 1
881 : 731 1175 27 24 1
882 : 105 927 31 21 1
883 : 610 723 34 19 1
884 : 520 804 20 33 0
885 : 755 1175 27 24 1
886 : 890 689 35 19 0
887 : 327 1000 30 22 1
888 : 933 302 15 44 1
889 : 610 1000 22 30 0
890 : 540 804 33 20 1
891 : 810 689 35 19 0
892 : 326 361 15 42 1
893 : 680 1255 26 25 1
894 : 481 962 21 30 0
895 : 596 1255 25 26 0
896 : 831 1175 27 24 1
897 : 0 1175 28 23 0
898 : 684 449 16 39 1
899 : 277 172 13 51 1
900 : 171 172 13 51 1
901 : 590 962 30 21 1
902 : 873 334 43 15 0
903 : 806 278 14 45 1
904 : 248 927 31 21 1
905 : 98 334 44 15 0
906 : 517 646 18 35 0
907 : 345 1175 27 23 1
908 : 304 646 18 35 0
909 : 810 1215 24 26 0
910 : 963 1215 24 26 0
911 : 220 1035 22 29 0
912 : 395 1114 23 28 0
913 : 528 609 36 18 1
914 : 260 646 35 18 1
915 : 352 891 32 20 1
916 : 897 962 21 30 0
917 : 652 1035 29 22 1
918 : 494 1074 28 22 1
919 : 761 1255 25 26 0
920 : 543 769 33 19 1
921 : 242 1035 29 22 1
922 : 344 1255 24 26 0
923 : 562 769 19 33 0
924 : 709 1074 28 22 1
925 : 86 769 34 19 1
926 : 897 891 31 20 1
927 : 445 1175 23 27 0
928 : 978 646 35 18 1
929 : 458 1255 26 24 1
930 : 632 1215 24 26 0
931 : 861 518 17 38 1
932 : 689 1215 24 26 0
933 : 654 361 15 42 1
934 : 607 551 37 17 0
935 : 175 1175 27 23 1
936 : 880 361 15 42 1
937 : 61 479 16 39 1
938 : 730 551 37 17 0
939 : 248 1175 23 27 0
940 : 968 479 38 16 1
941 : 922 361 42 15 0
942 : 237 1074 28 22 1
943 : 621 223 13 47 1
944 : 898 852 20 32 0
945 : 263 1292 25 25 0
946 : 627 689 34 18 1
947 : 977 302 32 19 1
948 : 0 386 15 42 1
949 : 339 962 30 21 1
950 : 190 361 15 42 1
951 : 910 804 32 19 1
952 : 984 479 38 16 1
953 : 434 962 30 21 1
954 : 63 223 48 13 0
955 : 86 584 37 17 0
956 : 389 1074 28 22 1
957 : 118 891 32 20 0
958 : 964 334 36 17 0
959 : 123 584 37 17 0
960 : 937 769 19 33 0
961 : 535 927 20 30 0
962 : 442 1000 29 21 1
963 : 963 1255 25 24 1
964 : 779 1175 23 26 0
965 : 269 769 18 33 0
966 : 964 361 36 17 0
967 : 856 1035 21 28 0
968 : 855 1175 26 23 1
969 : 737 1255 25 24 1
970 : 963 148 37 16 0
971 : 360 609 36 17 1
972 : 664 927 20 30 0
973 : 473 689 18 34 0
974 : 975 1175 23 26 0
975 : 877 1035 21 28 0
976 : 369 689 34 18 1
977 : 666 479 38 16 1
978 : 423 609 17 36 0
979 : 421 1000 29 21 1
980 : 157 1215 26 23 1
981 : 412 646 17 34 0
982 : 925 1035 28 21 1
983 : 327 769 33 18 1
984 : 946 1035 28 21 1
985 : 429 646 17 34 0
986 : 901 927 30 20 1
987 : 975 962 29 20 1
988 : 967 1035 21 28 0
989 : 978 891 30 19 1
990 : 559 1292 24 24 0
991 : 765 646 34 17 1
992 : 148 1000 20 29 1
993 : 369 852 31 19 1
994 : 414 1292 24 24 0
995 : 37 1074 21 28 0
996 : 86 927 30 19 1
997 : 527 1000 28 20 1
998 : 28 1175 22 27 1
999 : 956 50 13 44 1
