100 2094
0 : 0 2093 1 74 1
1 : 0 1693 24 88 1
2 : 0 1895 16 77 1
3 : 0 2044 98 7 0
4 : 0 2027 9 81 1
5 : 0 1741 22 71 1
6 : 0 1531 29 88 1
7 : 0 1082 100 39 0
8 : 0 830 85 45 0
9 : 0 1410 31 98 1
10 : 0 1977 68 11 0
11 : 0 1879 16 88 1
12 : 0 2018 9 86 1
13 : 0 739 67 46 0
14 : 0 961 41 66 1
15 : 0 0 92 87 0
16 : 0 2092 1 83 1
17 : 0 1310 35 70 1
18 : 0 1160 39 67 1
19 : 0 1441 31 68 1
20 : 0 2068 5 88 1
21 : 0 1472 30 86 1
22 : 0 222 99 65 0
23 : 0 1378 32 88 1
24 : 0 1784 21 66 1
25 : 0 1274 36 75 1
26 : 0 1763 21 93 1
27 : 0 875 44 81 1
28 : 0 597 48 87 1
29 : 87 2087 4 10 1
30 : 0 345 53 76 1
31 : 0 1845 17 83 1
32 : 0 1717 37 24 0
33 : 0 1345 33 78 1
34 : 0 500 49 82 1
35 : 0 398 52 88 1
36 : 0 1560 38 28 0
37 : 0 1643 25 91 1
38 : 0 2063 5 89 1
39 : 0 450 50 75 1
40 : 0 2091 1 96 1
41 : 0 1616 27 78 1
42 : 0 2057 82 6 0
43 : 74 2093 8 1 0
44 : 0 1668 25 80 1
45 : 0 919 42 73 1
46 : 0 2083 4 92 1
47 : 0 1502 29 100 1
48 : 0 2008 10 72 1
49 : 0 1911 78 15 0
50 : 0 785 45 89 1
51 : 0 287 60 58 0
52 : 0 2036 8 73 1
53 : 0 2051 6 87 1
54 : 0 549 48 93 1
55 : 0 2087 4 87 1
56 : 0 1862 17 81 1
57 : 0 2078 5 71 1
58 : 0 1953 13 71 1
59 : 0 1998 10 75 1
60 : 0 1199 38 98 1
61 : 0 156 66 98 1
62 : 0 1042 40 92 1
63 : 0 1988 84 10 0
64 : 0 1825 20 88 1
65 : 0 1121 39 100 1
66 : 0 1588 28 30 1
67 : 0 2073 5 77 1
68 : 0 1926 14 86 1
69 : 71 1953 24 12 0
70 : 38 1560 28 33 1
71 : 0 693 46 90 1
72 : 0 1805 20 92 1
73 : 0 87 69 86 1
74 : 0 1002 40 98 1
75 : 0 645 48 76 1
76 : 0 1237 37 72 1
77 : 71 1741 28 22 0
78 : 0 1940 13 82 1
79 : 0 1966 11 70 1
