1000 1324
0 : 0 0 66 61 0
1 : 66 0 62 48 0
2 : 128 0 62 46 0
3 : 190 0 61 43 0
4 : 251 0 39 62 1
5 : 313 0 38 61 0
6 : 351 0 30 71 1
7 : 422 0 56 37 1
8 : 459 0 52 39 1
9 : 572 0 36 55 0
10 : 498 0 74 27 0
11 : 608 0 42 47 0
12 : 650 0 61 32 0
13 : 711 0 58 32 1
14 : 783 0 51 36 1
15 : 743 0 46 40 1
16 : 857 0 79 23 0
17 : 819 0 48 38 1
18 : 0 61 79 23 0
19 : 79 61 30 60 1
20 : 257 61 22 81 1
21 : 540 61 36 49 1
22 : 392 61 25 71 1
23 : 741 61 73 24 0
24 : 936 0 57 31 1
25 : 139 61 72 25 0
26 : 814 61 50 35 0
27 : 0 101 56 31 0
28 : 338 61 33 54 1
29 : 211 61 39 46 1
30 : 589 61 28 63 1
31 : 463 61 77 23 0
32 : 308 101 43 40 0
33 : 260 101 36 48 1
34 : 967 0 56 31 1
35 : 56 101 51 34 0
36 : 158 101 54 32 0
37 : 652 61 44 40 0
38 : 917 61 37 47 1
39 : 107 101 51 34 0
40 : 212 101 48 36 0
41 : 864 61 53 33 0
42 : 696 61 39 45 1
43 : 429 101 34 50 1
44 : 351 101 22 78 1
45 : 479 101 51 33 0
46 : 530 101 29 58 1
47 : 630 101 73 23 0
48 : 703 101 23 73 1
49 : 903 101 37 45 1
50 : 776 101 73 23 0
51 : 588 101 42 40 0
52 : 0 141 26 64 1
53 : 849 101 31 54 1
54 : 143 141 23 72 1
55 : 64 141 79 21 0
56 : 315 141 35 47 1
57 : 215 141 33 50 1
58 : 362 141 39 42 1
59 : 265 141 33 50 1
60 : 404 141 54 30 0
61 : 458 141 60 27 0
62 : 640 141 47 34 0
63 : 567 141 22 73 1
64 : 518 141 49 33 0
65 : 687 141 37 43 1
66 : 820 141 30 52 1
67 : 0 180 67 23 0
68 : 730 141 35 45 1
69 : 872 141 62 25 0
70 : 134 180 24 64 1
71 : 775 141 35 45 1
72 : 934 141 36 43 1
73 : 358 180 26 59 1
74 : 948 101 43 36 0
75 : 67 180 67 23 0
76 : 417 180 34 45 1
77 : 198 180 64 24 0
78 : 262 180 32 48 1
79 : 462 180 30 51 1
80 : 310 180 32 48 1
81 : 513 180 25 61 1
82 : 765 180 55 27 0
83 : 620 180 54 28 0
84 : 574 180 33 46 1
85 : 717 180 31 48 1
86 : 820 180 45 33 0
87 : 0 217 51 29 0
88 : 674 180 43 35 0
89 : 865 180 74 20 0
90 : 157 217 50 29 0
91 : 939 180 40 37 0
92 : 51 217 25 59 1
93 : 110 217 31 47 1
94 : 285 217 30 48 1
95 : 430 217 46 31 0
96 : 207 217 37 39 1
97 : 246 217 37 39 1
98 : 744 217 63 22 0
99 : 388 217 34 42 1
100 : 333 217 26 55 1
101 : 658 217 31 45 1
102 : 476 217 67 21 0
103 : 597 217 23 61 1
104 : 570 254 23 59 1
105 : 876 217 46 30 0
106 : 337 254 62 22 0
107 : 543 217 26 54 1
108 : 964 61 36 39 0
109 : 511 254 59 23 0
110 : 807 217 69 20 0
111 : 922 217 51 27 0
112 : 293 254 31 44 1
113 : 55 254 28 49 1
114 : 153 254 37 37 0
115 : 703 217 34 41 1
116 : 399 254 31 44 1
117 : 104 254 49 28 0
118 : 228 254 65 21 0
119 : 443 254 20 68 1
120 : 190 254 36 38 1
121 : 0 254 55 25 0
122 : 794 254 24 55 1
123 : 849 254 33 40 1
124 : 724 254 70 19 0
125 : 273 291 29 45 1
126 : 681 254 31 43 1
127 : 0 291 57 23 0
128 : 629 254 52 26 0
129 : 183 291 45 29 0
130 : 889 254 20 66 1
131 : 57 291 23 57 1
132 : 228 291 45 29 0
133 : 733 291 51 25 0
134 : 318 291 25 52 1
135 : 876 291 20 63 1
136 : 114 291 69 19 0
137 : 689 291 44 29 0
138 : 485 291 28 46 1
139 : 531 291 23 56 1
140 : 831 291 28 45 1
141 : 370 291 26 50 1
142 : 0 320 37 34 0
143 : 420 291 65 20 0
144 : 587 291 28 46 1
145 : 351 320 65 19 0
146 : 633 291 56 23 0
147 : 179 320 46 27 0
148 : 939 291 28 45 1
149 : 784 291 47 27 0
150 : 37 320 38 33 0
151 : 955 254 45 28 0
152 : 916 320 64 19 0
153 : 75 320 24 52 1
154 : 501 320 18 68 1
155 : 271 320 40 31 0
156 : 225 320 46 27 0
157 : 736 320 20 61 1
158 : 0 354 32 38 1
159 : 127 320 52 24 0
160 : 38 354 38 32 0
161 : 569 320 34 36 1
162 : 460 320 30 41 1
163 : 667 354 44 27 0
164 : 76 354 31 39 1
165 : 797 320 20 61 1
166 : 783 354 33 36 1
167 : 605 320 26 47 1
168 : 286 354 48 25 0
169 : 819 354 32 37 1
170 : 155 388 62 19 0
171 : 311 320 31 40 1
172 : 416 320 28 44 1
173 : 158 354 48 25 0
174 : 384 354 19 63 1
175 : 652 320 47 26 0
176 : 206 354 40 30 0
177 : 447 354 46 26 0
178 : 711 354 36 33 0
179 : 246 354 40 30 0
180 : 37 388 20 59 1
181 : 591 354 34 35 1
182 : 856 354 37 32 0
183 : 115 354 28 43 1
184 : 747 354 33 36 1
185 : 493 354 26 46 1
186 : 858 320 21 58 1
187 : 626 354 29 41 1
188 : 255 388 24 49 1
189 : 699 320 33 37 1
190 : 893 354 32 37 1
191 : 930 354 37 32 0
192 : 409 388 56 21 0
193 : 712 388 65 18 0
194 : 559 388 23 51 1
195 : 610 388 23 51 1
196 : 777 388 30 39 1
197 : 334 354 50 24 0
198 : 539 354 52 23 0
199 : 0 388 37 32 0
200 : 661 388 51 23 0
201 : 933 388 27 43 1
202 : 816 388 30 39 1
203 : 372 420 48 24 0
204 : 304 388 56 21 0
205 : 512 388 25 47 1
206 : 360 388 24 49 1
207 : 217 388 38 31 0
208 : 215 420 19 61 1
209 : 337 420 33 35 1
210 : 96 388 59 20 0
211 : 465 388 25 47 1
212 : 682 420 31 37 1
213 : 0 420 27 43 1
214 : 448 453 25 45 1
215 : 420 420 18 64 1
216 : 86 420 27 43 1
217 : 129 420 27 43 1
218 : 484 420 36 32 0
219 : 855 388 30 39 1
220 : 807 420 60 19 0
221 : 520 420 24 48 1
222 : 172 420 27 43 1
223 : 276 420 61 19 0
224 : 867 420 60 19 0
225 : 315 453 29 39 1
226 : 894 388 30 39 1
227 : 354 453 24 47 1
228 : 719 420 26 44 1
229 : 763 420 26 44 1
230 : 0 453 60 19 0
231 : 632 420 50 23 0
232 : 750 453 56 20 0
233 : 43 420 43 27 0
234 : 276 453 29 39 1
235 : 60 453 57 20 0
236 : 500 485 65 17 0
237 : 180 485 21 53 1
238 : 493 453 51 22 0
239 : 568 420 18 64 1
240 : 401 453 47 24 0
241 : 544 453 51 22 0
242 : 171 453 63 18 0
243 : 233 485 30 37 1
244 : 751 485 24 46 1
245 : 806 453 26 43 1
246 : 0 485 31 36 1
247 : 611 485 48 23 0
248 : 705 485 46 24 0
249 : 927 420 19 60 1
250 : 36 485 31 36 1
251 : 72 485 31 36 1
252 : 595 453 28 40 1
253 : 565 485 46 24 0
254 : 845 485 58 19 0
255 : 892 453 26 43 1
256 : 234 453 27 42 1
257 : 237 516 18 61 1
258 : 670 453 40 28 0
259 : 307 485 30 37 1
260 : 710 453 28 40 1
261 : 659 485 46 24 0
262 : 117 453 54 21 0
263 : 849 453 26 43 1
264 : 967 354 33 34 0
265 : 635 453 35 32 0
266 : 108 485 36 31 0
267 : 88 516 25 44 1
268 : 344 485 30 37 1
269 : 418 485 27 41 1
270 : 571 516 23 47 1
271 : 473 516 64 17 0
272 : 935 453 26 43 1
273 : 469 549 17 63 1
274 : 459 485 27 41 1
275 : 0 516 44 25 0
276 : 903 485 58 19 0
277 : 440 516 33 33 0
278 : 44 516 44 25 0
279 : 141 549 49 22 0
280 : 961 485 29 38 1
281 : 132 516 50 22 0
282 : 418 549 51 21 0
283 : 381 485 30 37 1
284 : 144 485 31 36 1
285 : 270 485 30 37 1
286 : 298 516 18 61 1
287 : 757 516 24 45 1
288 : 190 549 25 43 1
289 : 802 516 40 27 0
290 : 359 516 26 42 1
291 : 182 516 20 55 1
292 : 842 516 40 27 0
293 : 882 516 30 36 1
294 : 537 516 34 32 0
295 : 233 549 29 37 1
296 : 401 516 39 28 0
297 : 797 485 48 23 0
298 : 307 579 32 33 1
299 : 918 516 40 27 0
300 : 712 516 24 45 1
301 : 340 579 24 44 1
302 : 618 516 23 47 1
303 : 270 549 29 37 1
304 : 892 549 20 53 1
305 : 618 579 27 39 1
306 : 718 549 19 56 1
307 : 0 549 45 24 0
308 : 307 549 37 29 0
309 : 45 549 18 60 1
310 : 105 549 30 36 1
311 : 344 549 37 29 0
312 : 384 579 24 44 1
313 : 540 579 27 39 1
314 : 595 549 26 41 1
315 : 0 579 23 46 1
316 : 46 579 46 23 0
317 : 138 579 48 22 0
318 : 580 611 61 17 0
319 : 641 611 61 17 0
320 : 0 640 23 45 1
321 : 636 549 26 41 1
322 : 665 516 23 47 1
323 : 657 579 50 21 0
324 : 501 579 39 27 0
325 : 707 579 50 21 0
326 : 240 611 52 20 0
327 : 292 611 52 20 0
328 : 532 549 17 63 1
329 : 381 549 37 29 0
330 : 33 672 17 60 1
331 : 93 672 17 60 1
332 : 462 579 27 39 1
333 : 774 549 18 59 1
334 : 92 579 23 46 1
335 : 230 579 32 33 1
336 : 263 579 24 44 1
337 : 45 640 23 45 1
338 : 677 549 26 41 1
339 : 757 579 30 35 1
340 : 792 579 50 21 0
341 : 428 579 34 31 0
342 : 344 611 52 20 0
343 : 146 611 36 29 0
344 : 569 640 41 25 0
345 : 579 579 27 39 1
346 : 90 640 23 45 1
347 : 532 672 26 39 1
348 : 842 579 30 35 1
349 : 877 579 35 30 0
350 : 272 640 24 43 1
351 : 800 611 37 28 0
352 : 182 611 18 58 1
353 : 448 611 26 40 1
354 : 401 640 27 38 1
355 : 315 640 24 43 1
356 : 958 516 32 33 1
357 : 186 579 24 44 1
358 : 0 611 19 55 1
359 : 911 611 37 28 0
360 : 833 549 18 59 1
361 : 945 549 53 20 0
362 : 948 611 28 37 1
363 : 954 579 28 37 1
364 : 182 640 22 47 1
365 : 439 640 27 38 1
366 : 488 611 40 26 0
367 : 477 640 19 54 1
368 : 247 672 60 17 0
369 : 415 672 26 39 1
370 : 891 672 28 36 1
371 : 912 579 42 25 0
372 : 744 672 21 48 1
373 : 837 611 28 37 1
374 : 110 611 29 36 1
375 : 358 640 43 24 0
376 : 763 611 37 28 0
377 : 55 611 55 19 0
378 : 698 672 22 46 1
379 : 927 672 28 36 1
380 : 434 731 52 19 0
381 : 454 672 26 39 1
382 : 870 640 31 33 1
383 : 376 672 26 39 1
384 : 874 611 37 28 0
385 : 315 703 63 16 0
386 : 135 640 47 22 0
387 : 396 611 52 20 0
388 : 702 611 17 61 1
389 : 378 703 24 42 1
390 : 692 640 25 41 1
391 : 0 672 33 31 0
392 : 838 640 32 32 0
393 : 66 731 18 55 1
394 : 341 672 35 29 0
395 : 498 703 53 19 0
396 : 733 640 25 41 1
397 : 792 672 63 16 0
398 : 774 640 32 32 0
399 : 153 672 17 60 1
400 : 784 703 37 27 0
401 : 821 703 27 37 1
402 : 33 731 30 33 1
403 : 229 640 43 24 0
404 : 213 672 34 30 0
405 : 651 640 25 41 1
406 : 528 611 52 20 0
407 : 903 640 33 31 0
408 : 0 731 33 30 0
409 : 604 703 50 20 0
410 : 744 703 25 40 1
411 : 936 640 33 31 0
412 : 531 640 38 27 0
413 : 694 703 20 50 1
414 : 154 731 45 22 0
415 : 806 640 32 32 0
416 : 493 672 26 39 1
417 : 162 703 42 24 0
418 : 204 703 63 16 0
419 : 267 703 48 21 0
420 : 332 761 16 61 1
421 : 396 731 38 26 0
422 : 610 640 25 41 1
423 : 420 703 28 36 1
424 : 571 672 26 39 1
425 : 551 703 19 53 1
426 : 63 703 63 16 0
427 : 654 672 23 44 1
428 : 802 731 21 47 1
429 : 858 703 37 27 0
430 : 895 703 37 27 0
431 : 849 731 29 34 1
432 : 126 703 28 36 1
433 : 654 703 25 40 1
434 : 307 672 30 34 1
435 : 855 672 36 28 0
436 : 310 731 23 43 1
437 : 818 761 36 27 0
438 : 614 731 21 47 1
439 : 456 703 24 42 1
440 : 393 761 16 61 1
441 : 554 761 25 39 1
442 : 271 761 61 16 0
443 : 486 731 38 26 0
444 : 610 672 23 44 1
445 : 121 731 30 33 1
446 : 0 703 63 16 0
447 : 0 819 60 16 0
448 : 963 672 30 33 1
449 : 560 789 46 21 0
450 : 661 731 21 47 1
451 : 199 731 22 45 1
452 : 932 703 27 37 1
453 : 476 789 23 42 1
454 : 764 761 18 54 1
455 : 117 761 49 20 0
456 : 60 819 20 48 1
457 : 708 731 21 47 1
458 : 201 761 28 35 1
459 : 924 731 24 41 1
460 : 0 761 41 24 0
461 : 353 731 43 23 0
462 : 755 731 21 47 1
463 : 973 217 27 37 0
464 : 0 789 19 51 1
465 : 524 731 19 52 1
466 : 727 789 24 40 1
467 : 166 761 28 35 1
468 : 969 640 32 30 1
469 : 244 731 30 33 1
470 : 606 789 23 42 1
471 : 890 761 19 51 1
472 : 883 731 41 24 0
473 : 854 761 27 36 1
474 : 236 761 28 35 1
475 : 515 761 25 39 1
476 : 41 761 41 24 0
477 : 593 761 25 39 1
478 : 344 819 56 17 0
479 : 518 789 23 42 1
480 : 202 874 17 55 1
481 : 277 731 30 33 1
482 : 312 874 17 55 1
483 : 0 848 16 59 1
484 : 434 789 23 42 1
485 : 710 761 54 18 0
486 : 576 731 26 38 1
487 : 108 789 51 19 0
488 : 260 789 44 22 0
489 : 454 761 61 16 0
490 : 304 789 44 22 0
491 : 276 819 28 34 1
492 : 648 789 23 42 1
493 : 632 761 25 39 1
494 : 690 789 37 26 0
495 : 969 703 31 31 0
496 : 767 789 16 60 1
497 : 141 848 23 41 1
498 : 827 789 48 20 0
499 : 82 761 28 35 1
500 : 875 789 30 32 1
501 : 907 789 40 24 0
502 : 917 848 52 18 0
503 : 941 761 57 17 0
504 : 671 761 25 39 1
505 : 392 789 23 42 1
506 : 831 819 21 45 1
507 : 422 874 49 19 0
508 : 680 874 31 30 0
509 : 216 789 22 44 1
510 : 59 848 23 41 1
511 : 400 819 38 25 0
512 : 438 819 25 38 1
513 : 159 789 57 17 0
514 : 767 848 26 36 1
515 : 567 904 28 33 1
516 : 100 848 23 41 1
517 : 514 819 50 19 0
518 : 911 819 27 35 1
519 : 946 819 27 35 1
520 : 803 848 24 39 1
521 : 310 819 28 34 1
522 : 51 789 17 57 1
523 : 311 848 20 47 1
524 : 842 848 26 36 1
525 : 74 904 37 25 0
526 : 348 789 22 44 1
527 : 182 848 41 23 0
528 : 52 874 39 24 0
529 : 367 874 17 55 1
530 : 614 819 25 38 1
531 : 652 819 50 19 0
532 : 0 932 18 51 1
533 : 108 819 29 33 1
534 : 649 874 31 30 0
535 : 141 819 29 33 1
536 : 965 731 31 31 0
537 : 564 819 50 19 0
538 : 471 874 49 19 0
539 : 774 874 32 29 0
540 : 546 848 24 39 1
541 : 788 819 22 43 1
542 : 947 789 45 21 0
543 : 174 819 34 28 0
544 : 405 848 47 20 0
545 : 481 904 22 42 1
546 : 373 904 22 42 1
547 : 476 819 25 38 1
548 : 257 874 17 55 1
549 : 894 904 20 46 1
550 : 676 848 39 24 0
551 : 600 904 22 42 1
552 : 848 904 20 46 1
553 : 715 848 52 18 0
554 : 969 848 30 31 1
555 : 153 932 34 27 0
556 : 208 819 34 28 0
557 : 111 904 37 25 0
558 : 242 819 28 34 1
559 : 369 932 48 19 0
560 : 223 848 23 41 1
561 : 742 874 29 32 1
562 : 185 904 37 25 0
563 : 358 848 47 20 0
564 : 296 904 21 44 1
565 : 417 932 57 16 0
566 : 340 904 28 33 1
567 : 878 848 39 24 0
568 : 728 904 40 23 0
569 : 415 904 28 33 1
570 : 870 874 29 32 1
571 : 264 848 47 20 0
572 : 0 904 25 37 1
573 : 876 819 35 27 0
574 : 808 904 23 40 1
575 : 637 848 24 39 1
576 : 196 959 15 60 1
577 : 166 874 26 36 1
578 : 681 932 26 35 1
579 : 187 932 27 34 1
580 : 786 932 26 35 1
581 : 585 848 52 18 0
582 : 256 959 60 15 0
583 : 255 932 38 24 0
584 : 293 932 38 24 0
585 : 331 932 38 24 0
586 : 806 874 29 32 1
587 : 41 959 45 20 0
588 : 51 932 18 51 1
589 : 745 819 22 43 1
590 : 86 959 60 15 0
591 : 520 874 49 19 0
592 : 146 959 18 50 1
593 : 618 874 31 30 0
594 : 148 904 25 37 1
595 : 512 932 38 24 0
596 : 702 819 43 22 0
597 : 768 904 40 23 0
598 : 452 848 20 47 1
599 : 102 932 51 18 0
600 : 902 874 37 25 0
601 : 91 874 39 24 0
602 : 130 874 26 36 1
603 : 37 904 25 37 1
604 : 474 932 24 38 1
605 : 543 959 33 27 0
606 : 838 874 29 32 1
607 : 499 848 20 47 1
608 : 222 904 25 37 1
609 : 907 932 22 41 1
610 : 711 874 31 30 0
611 : 716 932 35 26 0
612 : 378 959 23 39 1
613 : 598 932 19 48 1
614 : 523 904 21 44 1
615 : 569 874 49 19 0
616 : 940 904 23 40 1
617 : 683 959 15 59 1
618 : 221 932 27 34 1
619 : 642 904 23 40 1
620 : 646 932 26 35 1
621 : 821 932 21 43 1
622 : 550 932 19 48 1
623 : 347 959 31 29 0
624 : 316 959 31 29 0
625 : 751 932 26 35 1
626 : 864 932 43 21 0
627 : 0 874 52 18 0
628 : 939 874 25 37 1
629 : 646 959 37 24 0
630 : 948 932 41 22 0
631 : 448 904 33 28 0
632 : 417 959 28 32 1
633 : 682 904 20 46 1
634 : 0 959 41 22 0
635 : 912 959 44 20 0
636 : 259 904 25 37 1
637 : 449 959 19 47 1
638 : 576 959 27 33 1
639 : 361 988 41 21 0
640 : 609 959 37 24 0
641 : 496 959 47 19 0
642 : 977 141 39 23 1
643 : 97 988 27 32 1
644 : 956 959 35 25 0
645 : 742 959 26 34 1
646 : 828 959 42 21 0
647 : 129 988 27 32 1
648 : 161 988 36 24 0
649 : 197 988 27 32 1
650 : 65 988 32 27 0
651 : 486 988 22 39 1
652 : 443 988 20 43 1
653 : 0 1017 30 28 0
654 : 229 988 32 27 0
655 : 869 988 50 17 0
656 : 402 988 21 41 1
657 : 870 959 42 21 0
658 : 448 1017 52 16 0
659 : 776 959 17 52 1
660 : 0 988 35 25 0
661 : 636 988 19 45 1
662 : 35 988 29 30 1
663 : 525 988 22 39 1
664 : 564 988 33 26 0
665 : 261 988 27 32 1
666 : 293 988 32 27 0
667 : 969 988 29 29 0
668 : 70 1017 21 40 1
669 : 325 988 36 24 0
670 : 413 1017 35 24 0
671 : 832 988 23 37 1
672 : 597 988 22 39 1
673 : 919 988 17 50 1
674 : 795 988 23 37 1
675 : 500 1017 26 32 1
676 : 140 1017 40 21 0
677 : 688 1017 36 23 0
678 : 724 1017 23 36 1
679 : 532 1017 16 52 1
680 : 322 1017 35 24 0
681 : 88 1045 24 34 1
682 : 806 1017 18 46 1
683 : 738 988 57 15 0
684 : 438 1045 35 23 0
685 : 681 988 57 15 0
686 : 30 1017 40 21 0
687 : 122 1045 24 34 1
688 : 110 1017 28 30 1
689 : 403 1045 23 35 1
690 : 584 1017 52 16 0
691 : 180 1017 56 15 0
692 : 760 1017 46 18 0
693 : 236 1017 30 28 0
694 : 957 1017 28 29 1
695 : 156 1045 17 48 1
696 : 0 1045 15 55 1
697 : 636 1017 52 16 0
698 : 598 1045 57 14 0
699 : 0 1072 56 14 0
700 : 266 1017 15 56 1
701 : 852 1017 23 36 1
702 : 357 1017 56 15 0
703 : 508 1045 16 50 1
704 : 55 1045 25 33 1
705 : 204 1045 37 22 0
706 : 888 1017 36 23 0
707 : 924 1017 33 25 0
708 : 302 1045 31 26 0
709 : 473 1045 35 23 0
710 : 792 1045 36 22 0
711 : 333 1045 23 35 1
712 : 828 1045 24 33 1
713 : 253 1072 52 15 0
714 : 305 1072 26 30 1
715 : 368 1045 35 23 0
716 : 56 1072 56 14 0
717 : 241 1045 30 27 0
718 : 558 1045 20 40 1
719 : 861 1045 33 24 0
720 : 894 1045 44 18 0
721 : 271 1045 31 26 0
722 : 655 1045 42 19 0
723 : 112 1072 56 14 0
724 : 938 1045 36 22 0
725 : 335 1072 20 39 1
726 : 374 1072 31 25 0
727 : 168 1072 14 56 1
728 : 467 1072 22 35 1
729 : 979 180 21 36 0
730 : 224 1072 27 29 1
731 : 739 1045 53 15 0
732 : 502 1072 35 22 0
733 : 697 1045 42 19 0
734 : 736 1072 27 28 1
735 : 60 1099 34 22 0
736 : 436 1072 31 25 0
737 : 764 1072 21 36 1
738 : 405 1072 31 25 0
739 : 537 1072 16 48 1
740 : 585 1072 17 45 1
741 : 800 1072 28 27 0
742 : 884 1072 29 26 0
743 : 960 1072 30 25 0
744 : 0 1099 25 30 1
745 : 670 1072 33 23 0
746 : 330 1099 37 20 0
747 : 828 1072 27 28 1
748 : 138 1099 22 34 1
749 : 724 1099 21 35 1
750 : 172 1099 34 22 0
751 : 30 1099 25 30 1
752 : 703 1072 33 23 0
753 : 856 1072 27 28 1
754 : 206 1099 34 22 0
755 : 293 1099 37 20 0
756 : 628 1099 23 32 1
757 : 518 1099 16 46 1
758 : 794 1099 27 27 0
759 : 596 1099 23 32 1
760 : 367 1099 20 37 1
761 : 913 1072 16 47 1
762 : 52 1126 22 33 1
763 : 630 1072 40 19 0
764 : 316 1126 48 15 0
765 : 660 1099 32 23 0
766 : 692 1099 32 23 0
767 : 900 1099 52 14 0
768 : 85 1126 22 33 1
769 : 848 1099 14 52 1
770 : 570 1126 14 51 1
771 : 280 1126 36 20 0
772 : 94 1099 44 17 0
773 : 621 1126 42 17 0
774 : 404 1126 48 15 0
775 : 184 1126 29 25 0
776 : 536 1126 34 21 0
777 : 404 1099 18 41 1
778 : 445 1099 18 41 1
779 : 976 388 24 31 0
780 : 240 1099 53 14 0
781 : 118 1126 33 22 0
782 : 364 1126 40 18 0
783 : 821 1099 27 27 0
784 : 242 1126 38 19 0
785 : 486 1099 32 23 0
786 : 773 1126 34 21 0
787 : 0 1126 52 14 0
788 : 697 1126 21 34 1
789 : 151 1126 22 33 1
790 : 663 1126 21 34 1
791 : 564 1099 32 23 0
792 : 978 453 22 32 0
793 : 976 874 30 24 1
794 : 341 1151 17 41 1
795 : 89 1151 14 50 1
796 : 759 1099 35 21 0
797 : 213 1126 25 29 1
798 : 411 1151 46 15 0
799 : 452 1126 20 36 1
800 : 952 1099 28 26 0
801 : 807 1126 34 21 0
802 : 953 1126 19 37 1
803 : 603 1151 18 38 1
804 : 0 1151 18 39 1
805 : 457 1151 23 30 1
806 : 488 1126 15 48 1
807 : 259 1151 17 41 1
808 : 789 1151 31 22 0
809 : 39 1151 50 14 0
810 : 980 320 34 20 1
811 : 731 1126 17 42 1
812 : 0 1175 52 13 0
813 : 841 1126 31 23 0
814 : 300 1151 41 17 0
815 : 139 1151 20 35 1
816 : 253 1175 21 32 1
817 : 916 1126 37 19 0
818 : 944 1151 40 17 0
819 : 174 1151 14 50 1
820 : 851 1151 31 22 0
821 : 872 1126 16 44 1
822 : 517 1151 16 43 1
823 : 560 1151 16 43 1
824 : 361 1175 24 28 1
825 : 974 1045 26 27 0
826 : 382 1151 29 24 0
827 : 389 1175 28 24 0
828 : 52 1175 26 26 0
829 : 224 1151 20 35 1
830 : 519 1175 24 28 1
831 : 78 1175 13 52 1
832 : 70 1201 13 51 1
833 : 888 1175 18 37 1
834 : 882 1151 22 31 1
835 : 417 1175 16 42 1
836 : 641 1151 19 36 1
837 : 262 1201 15 44 1
838 : 769 1175 32 21 0
839 : 820 1151 31 22 0
840 : 0 1201 19 35 1
841 : 487 1151 30 23 0
842 : 586 1201 47 14 0
843 : 830 1175 23 29 1
844 : 130 1175 27 25 0
845 : 913 1151 31 22 0
846 : 925 1175 18 37 1
847 : 285 1175 48 14 0
848 : 680 1201 41 16 0
849 : 333 1175 28 24 0
850 : 677 1151 18 38 1
851 : 223 1201 17 39 1
852 : 157 1175 27 25 0
853 : 715 1151 36 19 0
854 : 459 1175 28 24 0
855 : 633 1201 14 47 1
856 : 487 1175 21 32 1
857 : 897 1201 50 13 0
858 : 751 1151 38 18 0
859 : 547 1175 28 24 0
860 : 575 1175 28 24 0
861 : 603 1175 14 48 1
862 : 651 1175 16 42 1
863 : 693 1175 14 48 1
864 : 346 1226 15 43 1
865 : 741 1175 24 28 1
866 : 752 1201 31 21 0
867 : 721 1201 31 21 0
868 : 432 1226 14 46 1
869 : 871 1201 25 26 1
870 : 350 1201 33 20 0
871 : 26 1226 24 27 1
872 : 845 1201 26 25 0
873 : 801 1175 29 23 0
874 : 107 1226 36 18 0
875 : 240 1226 34 19 0
876 : 211 1175 42 16 0
877 : 478 1226 28 23 0
878 : 859 1175 23 29 1
879 : 383 1201 20 33 1
880 : 184 1175 27 25 0
881 : 53 1226 27 24 0
882 : 783 1201 31 21 0
883 : 206 1226 34 19 0
884 : 416 1201 20 33 1
885 : 80 1226 27 24 0
886 : 35 1201 35 19 0
887 : 449 1201 30 22 0
888 : 479 1201 15 44 1
889 : 523 1201 22 30 1
890 : 553 1201 33 20 0
891 : 962 1175 35 19 0
892 : 251 1251 15 42 1
893 : 947 1201 26 25 0
894 : 107 1251 21 30 1
895 : 0 1226 25 26 1
896 : 143 1226 27 24 0
897 : 534 1226 28 23 0
898 : 607 1251 16 39 1
899 : 172 1201 13 51 1
900 : 121 1201 13 51 1
901 : 790 1226 30 21 0
902 : 389 1226 43 15 0
903 : 745 1226 14 45 1
904 : 814 1201 31 21 0
905 : 306 1201 44 15 0
906 : 820 1226 18 35 1
907 : 889 1251 27 23 0
908 : 897 1226 18 35 1
909 : 646 1251 24 26 1
910 : 672 1251 24 26 1
911 : 658 1226 22 29 1
912 : 506 1226 23 28 1
913 : 170 1226 36 18 0
914 : 0 1251 35 18 0
915 : 562 1226 32 20 0
916 : 35 1251 21 30 1
917 : 687 1226 29 22 0
918 : 31 1276 28 22 0
919 : 973 1201 25 26 1
920 : 483 1251 33 19 0
921 : 716 1226 29 22 0
922 : 698 1251 24 26 1
923 : 549 1251 19 33 1
924 : 59 1276 28 22 0
925 : 274 1226 34 19 0
926 : 0 1276 31 20 0
927 : 970 1251 23 27 1
928 : 962 1226 35 18 0
929 : 863 1251 26 24 0
930 : 837 1251 24 26 1
931 : 308 1226 17 38 1
932 : 724 1251 24 26 1
933 : 137 1251 15 42 1
934 : 372 1251 37 17 0
935 : 916 1251 27 23 0
936 : 293 1251 15 42 1
937 : 750 1251 16 39 1
938 : 409 1251 37 17 0
939 : 943 1251 23 27 1
940 : 596 1276 38 16 0
941 : 179 1251 42 15 0
942 : 87 1276 28 22 0
943 : 389 1276 13 47 1
944 : 626 1226 20 32 1
945 : 582 1251 25 25 0
946 : 179 1276 34 18 0
947 : 494 1276 32 19 0
948 : 65 1251 15 42 1
949 : 932 1226 30 21 0
950 : 855 1226 15 42 1
951 : 526 1276 32 19 0
952 : 558 1276 38 16 0
953 : 221 1251 30 21 0
954 : 789 1251 48 13 0
955 : 446 1251 37 17 0
956 : 115 1276 28 22 0
957 : 594 1226 32 20 0
958 : 317 1276 36 17 0
959 : 335 1251 37 17 0
960 : 516 1251 19 33 1
961 : 672 1276 20 30 1
962 : 436 1276 29 21 0
963 : 702 1276 25 24 0
964 : 812 1276 23 26 1
965 : 916 1276 18 33 1
966 : 143 1276 36 17 0
967 : 95 1300 21 28 1
968 : 890 1276 26 23 0
969 : 757 1276 25 24 0
970 : 27 1300 37 16 0
971 : 213 1276 36 17 0
972 : 782 1276 20 30 1
973 : 249 1276 18 34 1
974 : 838 1276 23 26 1
975 : 123 1300 21 28 1
976 : 283 1276 34 18 0
977 : 634 1276 38 16 0
978 : 353 1276 17 36 1
979 : 465 1276 29 21 0
980 : 864 1276 26 23 0
981 : 321 1300 17 34 1
982 : 151 1300 28 21 0
983 : 949 1276 33 18 0
984 : 179 1300 28 21 0
985 : 355 1300 17 34 1
986 : 727 1276 30 20 0
987 : 263 1300 29 20 0
988 : 207 1300 21 28 1
989 : 515 1300 30 19 0
990 : 423 1300 24 24 0
991 : 389 1300 34 17 0
992 : 292 1300 20 29 1
993 : 64 1300 31 19 0
994 : 447 1300 24 24 0
995 : 235 1300 21 28 1
996 : 545 1300 30 19 0
997 : 980 904 28 20 1
998 : 0 1300 22 27 1
999 : 471 1300 13 44 1
