40400 46443
0 : 34323 20329 4629 1596 0
1 : 39337 12262 2919 783 1
2 : 15046 10271 8067 1832 0
3 : 23594 18651 7180 2974 0
4 : 0 41055 1685 1708 0
5 : 39791 24677 2029 601 1
6 : 0 0 15046 7040 0
7 : 31407 29963 6726 7039 0
8 : 27475 22005 7958 5170 0
9 : 0 42822 3621 4223 1
10 : 35433 22005 4358 6846 0
11 : 15046 5406 6272 1268 0
12 : 21318 5406 6171 1473 0
13 : 30774 18651 3448 1249 0
14 : 0 22005 6389 10170 1
15 : 15868 29963 7910 5092 0
16 : 30092 0 4629 11306 0
17 : 25842 28383 1279 1621 1
18 : 0 37526 3529 6846 1
19 : 8147 42822 3770 3117 0
20 : 4223 42822 3924 3177 0
21 : 39791 22005 2672 556 1
22 : 0 7040 15046 5222 0
23 : 30774 19900 2050 2287 1
24 : 0 29963 7958 5152 0
25 : 39337 15181 1063 2033 0
26 : 6978 18640 1823 5782 1
27 : 32858 37526 4047 5429 1
28 : 0 28394 6416 1491 0
29 : 33061 19900 859 2104 0
30 : 0 12262 6378 12850 1
31 : 34721 0 10744 2912 1
32 : 37633 0 4629 2353 1
33 : 30092 11306 2919 838 0
34 : 34323 12262 8067 5014 1
35 : 11917 42822 3139 2974 1
36 : 34721 10744 1685 1469 0
37 : 38287 41368 2029 824 0
38 : 15046 0 15046 5406 0
39 : 6846 37526 6726 3329 0
40 : 10170 22005 7958 9256 1
41 : 35433 28851 1080 4223 1
42 : 0 35115 2407 6846 1
43 : 26586 37526 6272 5296 0
44 : 23113 10271 6171 1375 0
45 : 36905 41573 1253 1249 0
46 : 23594 12262 6389 10729 1
47 : 7958 29963 7910 7563 0
48 : 20121 37526 4629 6465 1
49 : 27489 5406 503 1621 0
50 : 23778 29963 7629 6846 0
51 : 13572 37526 6549 3117 0
52 : 0 18640 6978 3177 0
53 : 37633 4629 2672 869 0
54 : 15046 7040 15046 3231 0
55 : 15868 35055 4676 2287 0
56 : 27475 27175 7958 2142 0
57 : 13572 40643 3638 2033 0
58 : 6846 35115 1823 1064 1
59 : 32858 41573 4047 1135 0
60 : 19426 28383 6416 1357 0
61 : 38287 37526 3842 2104 1
62 : 19426 22005 6378 8049 1
63 : 12850 12262 10744 9743 0
