92 197
0 : 46 179 11 9 1
1 : 79 123 1 1 0
2 : 79 65 9 11 1
3 : 0 137 1 29 1
4 : 37 179 9 11 0
5 : 40 164 19 15 0
6 : 50 75 50 29 1
7 : 0 177 1 19 1
8 : 19 179 18 18 0
9 : 80 75 12 45 0
10 : 59 164 19 15 0
11 : 78 164 14 12 0
12 : 0 125 12 45 1
13 : 31 151 27 13 0
14 : 45 125 43 13 0
15 : 0 62 55 13 0
16 : 33 138 31 13 0
17 : 21 164 19 15 0
18 : 0 51 11 79 1
19 : 0 75 50 50 0
20 : 55 62 2 37 1
21 : 0 151 31 13 0
22 : 0 0 92 17 0
23 : 0 164 21 13 0
24 : 68 65 11 9 0
25 : 0 138 33 13 0
26 : 64 138 28 13 0
27 : 55 64 1 29 1
28 : 79 51 13 10 0
29 : 58 151 27 13 0
30 : 0 17 17 88 1
31 : 0 179 19 15 0
32 : 0 178 1 19 1
33 : 0 34 86 17 0
34 : 79 75 1 48 0
35 : 88 125 4 6 0
36 : 55 65 13 10 0
37 : 88 131 4 6 0
