40400 46443
0 : 34323 20329 4629 1596 0
1 : 30092 11306 2919 783 0
2 : 15046 10271 8067 1832 0
3 : 23594 18651 7180 2974 0
4 : 37633 8267 1685 1708 0
5 : 12226 18640 2029 601 1
6 : 0 0 15046 7040 0
7 : 31407 29963 6726 7039 0
8 : 27475 22005 7958 5170 0
9 : 0 42822 3621 4223 1
10 : 0 37526 4358 6846 1
11 : 38610 22005 6272 1268 1
12 : 0 28394 6171 1473 0
13 : 6171 28394 3448 1249 0
14 : 0 22005 6389 10170 1
15 : 15868 29963 7910 5092 0
16 : 30092 0 4629 11306 0
17 : 25842 28383 1279 1621 1
18 : 6846 37526 3529 6846 1
19 : 8147 42822 3770 3117 0
20 : 4223 42822 3924 3177 0
21 : 34721 11613 2672 556 0
22 : 0 7040 15046 5222 0
23 : 21650 35055 2050 2287 0
24 : 0 29963 7958 5152 0
25 : 37201 41573 1063 2033 1
26 : 15868 35055 1823 5782 1
27 : 32978 37526 4047 5429 1
28 : 19426 28383 6416 1491 0
29 : 6846 35115 859 2104 0
30 : 0 12262 6378 12850 1
31 : 34721 0 10744 2912 1
32 : 37633 0 4629 2353 1
33 : 35433 28983 2919 838 0
34 : 34323 12262 8067 5014 1
35 : 30774 18651 3139 2974 0
36 : 37633 9975 1685 1469 0
37 : 11402 18640 2029 824 1
38 : 15046 0 15046 5406 0
39 : 0 18640 6726 3329 0
40 : 10170 22005 7958 9256 1
41 : 32978 41573 1080 4223 1
42 : 0 35115 2407 6846 1
43 : 26706 37526 6272 5296 0
44 : 38133 29963 6171 1375 1
45 : 38133 36134 1253 1249 0
46 : 23594 12262 6389 10729 1
47 : 7958 29963 7910 7563 0
48 : 20241 37526 4629 6465 1
49 : 37633 11444 503 1621 1
50 : 23778 29963 7629 6846 0
51 : 13692 37526 6549 3117 0
52 : 35433 22005 6978 3177 1
53 : 34721 10744 2672 869 0
54 : 15046 7040 15046 3231 0
55 : 6726 18640 4676 2287 0
56 : 27475 27175 7958 2142 0
57 : 37633 4629 3638 2033 1
58 : 17534 40643 1823 1064 0
59 : 38407 37526 4047 1135 1
60 : 23113 10271 6416 1357 0
61 : 13692 40643 3842 2104 0
62 : 19426 22005 6378 8049 1
63 : 12850 12262 10744 9743 0
