48 2118
0 : 0 1478 32 32 0
1 : 0 1510 48 48 0
2 : 0 2038 32 32 0
3 : 0 150 32 32 0
4 : 0 182 48 48 0
5 : 0 230 32 32 0
6 : 0 262 48 48 0
7 : 0 998 48 48 0
8 : 0 310 48 48 0
9 : 0 358 32 32 0
10 : 0 50 28 25 0
11 : 0 390 32 32 0
12 : 0 422 32 32 0
13 : 0 454 32 32 0
14 : 0 486 48 48 0
15 : 0 534 32 32 0
16 : 0 566 48 48 0
17 : 0 614 32 32 0
18 : 0 646 32 32 0
19 : 0 678 48 48 0
20 : 0 726 32 32 0
21 : 0 1782 32 32 0
22 : 0 758 48 48 0
23 : 0 806 32 32 0
24 : 0 838 32 32 0
25 : 0 870 32 32 0
26 : 0 902 48 48 0
27 : 0 950 48 48 0
28 : 0 1286 32 32 0
29 : 0 1046 32 32 0
30 : 0 1078 32 32 0
31 : 0 1110 48 48 0
32 : 0 1158 32 32 0
33 : 0 1190 48 48 0
34 : 0 1238 48 48 0
35 : 0 0 28 25 0
36 : 0 1318 48 48 0
37 : 0 1366 32 32 0
38 : 0 1398 32 32 0
39 : 0 1430 48 48 0
40 : 0 75 28 25 0
41 : 0 100 28 25 0
42 : 0 1558 48 48 0
43 : 0 1606 32 32 0
44 : 0 1638 48 48 0
45 : 0 1686 32 32 0
46 : 0 1718 32 32 0
47 : 0 1750 32 32 0
48 : 0 2070 48 48 0
49 : 0 1814 48 48 0
50 : 0 1862 48 48 0
51 : 0 1910 48 48 0
52 : 0 1958 48 48 0
53 : 0 2006 32 32 0
54 : 0 125 28 25 0
55 : 0 25 28 25 0
