247 663
0 : 137 592 39 27 0
1 : 203 494 41 33 0
2 : 0 592 46 17 0
3 : 145 619 33 17 0
4 : 91 646 27 17 0
5 : 98 423 88 17 0
6 : 31 646 31 17 0
7 : 224 205 43 17 1
8 : 0 165 213 40 0
9 : 211 619 33 17 0
10 : 62 646 29 17 0
11 : 202 565 45 27 0
12 : 0 538 57 27 0
13 : 75 619 36 17 0
14 : 103 396 102 17 0
15 : 176 592 39 17 0
16 : 0 81 240 40 0
17 : 220 538 25 27 0
18 : 0 450 82 17 0
19 : 113 538 54 17 0
20 : 118 646 24 17 0
21 : 178 619 33 17 0
22 : 0 347 117 33 0
23 : 69 494 67 17 0
24 : 146 314 99 27 0
25 : 213 165 40 17 1
26 : 0 39 244 42 0
27 : 0 619 38 17 0
28 : 0 314 146 33 0
29 : 82 450 82 17 0
30 : 102 565 50 17 0
31 : 0 646 31 17 0
32 : 0 121 224 44 0
33 : 38 619 37 17 0
34 : 152 249 88 38 0
35 : 0 205 207 44 0
36 : 0 249 152 65 0
37 : 0 396 103 27 0
38 : 183 511 58 27 0
39 : 186 423 61 27 0
40 : 147 467 71 27 0
41 : 229 347 47 17 1
42 : 0 423 98 27 0
43 : 0 467 76 17 0
44 : 52 565 50 27 0
45 : 136 494 67 17 0
46 : 0 0 247 39 0
47 : 162 646 17 17 0
48 : 230 165 39 17 1
49 : 215 592 31 17 0
50 : 179 646 15 17 0
51 : 167 538 53 17 0
52 : 117 347 112 49 0
53 : 164 450 76 17 0
54 : 46 592 46 17 0
55 : 207 205 43 17 1
56 : 0 494 69 17 0
57 : 92 592 45 17 0
58 : 218 467 29 17 0
59 : 76 467 71 27 0
60 : 224 121 44 17 1
61 : 123 511 60 17 0
62 : 57 538 56 17 0
63 : 142 646 20 17 0
64 : 152 565 50 17 0
65 : 63 511 60 17 0
66 : 0 511 63 17 0
67 : 205 396 42 17 0
68 : 111 619 34 27 0
69 : 0 565 52 17 0
