300 568
0 : 180 342 90 36 0
1 : 80 213 79 15 0
2 : 202 270 90 36 0
3 : 0 95 244 70 0
4 : 40 544 39 15 0
5 : 90 482 55 15 0
6 : 0 486 53 14 0
7 : 0 414 90 36 0
8 : 90 450 80 32 0
9 : 0 306 101 36 0
10 : 259 95 62 31 1
11 : 160 528 40 16 0
12 : 52 500 38 15 0
13 : 264 198 24 32 0
14 : 0 0 300 95 0
15 : 209 165 80 32 0
16 : 157 544 38 15 0
17 : 200 528 40 16 0
18 : 0 165 209 33 0
19 : 0 234 101 36 0
20 : 270 402 47 15 1
21 : 240 528 40 16 0
22 : 270 342 60 24 1
23 : 0 342 90 36 0
24 : 79 544 39 15 0
25 : 118 544 39 15 0
26 : 59 528 51 15 0
27 : 285 402 40 15 1
28 : 101 234 101 36 0
29 : 248 450 60 18 1
30 : 90 497 55 15 0
31 : 284 450 60 15 1
32 : 244 95 66 15 1
33 : 195 544 24 32 1
34 : 0 378 90 36 0
35 : 248 510 51 18 0
36 : 191 306 90 36 0
37 : 90 378 90 36 0
38 : 266 450 60 18 1
39 : 180 378 90 36 0
40 : 144 512 17 16 0
41 : 0 528 59 14 0
42 : 0 198 163 15 0
43 : 163 198 101 36 0
44 : 90 414 90 36 0
45 : 0 500 52 15 0
46 : 180 414 90 36 0
47 : 110 528 50 15 0
48 : 0 544 40 15 0
49 : 90 512 54 14 0
50 : 0 270 101 36 0
51 : 0 450 90 36 0
52 : 101 270 101 36 0
53 : 202 234 90 36 0
54 : 170 450 78 78 0
55 : 101 306 90 36 0
56 : 90 342 90 36 0
57 : 0 213 80 15 0
