300 771
0 : 0 0 90 36 0
1 : 90 0 79 15 0
2 : 169 0 90 36 0
3 : 0 36 244 70 0
4 : 244 36 39 15 1
5 : 259 36 55 15 1
6 : 274 36 53 14 1
7 : 0 106 90 36 0
8 : 90 106 80 32 0
9 : 170 106 101 36 0
10 : 0 142 62 31 0
11 : 62 142 40 16 0
12 : 102 142 38 15 0
13 : 140 142 24 32 1
14 : 0 173 300 95 0
15 : 0 268 80 32 0
16 : 80 268 38 15 0
17 : 118 268 40 16 0
18 : 0 300 209 33 0
19 : 0 333 101 36 0
20 : 101 333 47 15 0
21 : 148 333 40 16 0
22 : 188 333 60 24 0
23 : 0 369 90 36 0
24 : 90 369 39 15 0
25 : 129 369 39 15 0
26 : 168 369 51 15 0
27 : 219 369 40 15 0
28 : 0 405 101 36 0
29 : 101 405 60 18 0
30 : 161 405 55 15 0
31 : 216 405 60 15 0
32 : 0 441 66 15 0
33 : 66 441 24 32 1
34 : 98 441 90 36 0
35 : 188 441 51 18 0
36 : 0 477 90 36 0
37 : 90 477 90 36 0
38 : 180 477 60 18 0
39 : 0 513 90 36 0
40 : 90 513 17 16 1
41 : 106 513 59 14 0
42 : 0 549 163 15 0
43 : 163 549 101 36 0
44 : 0 585 90 36 0
45 : 90 585 52 15 0
46 : 142 585 90 36 0
47 : 232 585 50 15 0
48 : 0 621 40 15 0
49 : 40 621 54 14 0
50 : 94 621 101 36 0
51 : 195 621 90 36 0
52 : 0 657 101 36 0
53 : 101 657 90 36 0
54 : 191 657 78 78 0
55 : 0 735 90 36 0
56 : 90 735 90 36 0
57 : 180 735 80 15 0
