200 326
0 : 0 30 110 32 0
1 : 112 272 12 33 1
2 : 0 112 78 15 0
3 : 64 165 62 18 0
4 : 0 206 16 53 1
5 : 78 112 37 76 1
6 : 0 62 14 97 1
7 : 0 244 28 43 1
8 : 36 313 16 9 0
9 : 101 294 15 22 1
10 : 0 165 64 19 0
11 : 79 313 10 13 0
12 : 27 294 4 27 1
13 : 67 313 12 13 0
14 : 109 313 3 6 0
15 : 123 294 7 22 1
16 : 72 149 67 16 0
17 : 0 294 27 14 0
18 : 84 244 13 41 1
19 : 91 77 78 35 0
20 : 0 0 30 115 1
21 : 119 184 8 54 1
22 : 0 77 20 91 1
23 : 103 313 6 6 0
24 : 0 149 72 12 0
25 : 97 62 15 92 1
26 : 61 184 22 58 1
27 : 186 294 19 6 1
28 : 53 206 38 48 1
29 : 0 184 21 61 1
30 : 0 272 10 38 1
31 : 101 206 22 47 1
32 : 38 272 22 37 1
33 : 145 272 5 30 1
34 : 95 313 5 9 0
35 : 52 313 3 15 1
36 : 54 294 24 10 0
37 : 75 272 20 37 1
38 : 0 313 18 13 0
39 : 78 294 23 19 0
40 : 43 244 41 27 0
41 : 18 313 18 5 0
42 : 89 313 6 11 0
43 : 125 244 39 24 0
44 : 145 294 21 6 0
45 : 126 165 62 17 0
46 : 166 294 20 15 0
47 : 100 313 3 8 0
48 : 148 206 44 7 0
