247 638
0 : 213 274 39 27 1
1 : 207 230 41 33 1
2 : 0 562 46 17 0
3 : 36 604 33 17 0
4 : 226 450 27 17 1
5 : 0 477 88 17 0
6 : 166 604 31 17 0
7 : 137 562 43 17 0
8 : 0 274 213 40 0
9 : 69 604 33 17 0
10 : 0 621 29 17 0
11 : 201 396 45 27 0
12 : 119 450 57 27 0
13 : 0 604 36 17 0
14 : 142 423 102 17 0
15 : 67 579 39 17 0
16 : 0 190 240 40 0
17 : 40 579 25 27 1
18 : 0 494 82 17 0
19 : 176 528 54 17 0
20 : 223 562 24 17 0
21 : 102 604 33 17 0
22 : 112 314 117 33 0
23 : 0 511 67 17 0
24 : 146 363 99 27 0
25 : 0 579 40 17 0
26 : 0 0 244 42 0
27 : 145 579 38 17 0
28 : 0 363 146 33 0
29 : 88 477 82 17 0
30 : 105 545 50 17 0
31 : 135 604 31 17 0
32 : 0 107 224 44 0
33 : 183 579 37 17 0
34 : 152 42 88 38 0
35 : 0 230 207 44 0
36 : 0 42 152 65 0
37 : 0 396 103 27 0
38 : 61 450 58 27 0
39 : 0 450 61 27 0
40 : 71 423 71 27 0
41 : 229 314 47 17 1
42 : 103 396 98 27 0
43 : 170 477 76 17 0
44 : 176 450 50 27 0
45 : 67 511 67 17 0
46 : 0 151 247 39 0
47 : 230 528 17 17 0
48 : 106 579 39 17 0
49 : 197 604 31 17 0
50 : 231 511 15 17 0
51 : 0 545 53 17 0
52 : 0 314 112 49 0
53 : 82 494 76 17 0
54 : 46 562 46 17 0
55 : 180 562 43 17 0
56 : 158 494 69 17 0
57 : 92 562 45 17 0
58 : 29 621 29 17 0
59 : 0 423 71 27 0
60 : 224 107 44 17 1
61 : 0 528 60 17 0
62 : 120 528 56 17 0
63 : 227 494 20 17 0
64 : 155 545 50 17 0
65 : 60 528 60 17 0
66 : 134 511 63 17 0
67 : 205 545 42 17 0
68 : 197 511 34 27 0
69 : 53 545 52 17 0
