200 223
0 : 78 38 110 32 0
1 : 72 211 12 33 1
2 : 92 182 78 15 0
3 : 87 146 62 18 0
4 : 129 165 16 53 1
5 : 48 0 37 76 1
6 : 0 197 14 97 1
7 : 115 73 28 43 1
8 : 182 165 16 9 1
9 : 142 103 15 22 1
10 : 0 146 64 19 0
11 : 165 197 10 13 0
12 : 193 38 4 27 0
13 : 105 211 12 13 1
14 : 192 197 3 6 0
15 : 164 103 7 22 0
16 : 62 165 67 16 0
17 : 97 197 27 14 0
18 : 124 197 13 41 1
19 : 0 38 78 35 0
20 : 0 73 30 115 1
21 : 142 211 8 54 1
22 : 61 125 20 91 1
23 : 181 197 6 6 0
24 : 0 211 72 12 0
25 : 0 182 15 92 1
26 : 0 103 22 58 1
27 : 162 146 19 6 1
28 : 0 0 38 48 1
29 : 0 125 21 61 1
30 : 183 0 10 38 0
31 : 58 103 22 47 1
32 : 105 103 22 37 1
33 : 188 38 5 30 0
34 : 187 197 5 9 0
35 : 190 182 3 15 0
36 : 118 211 24 10 0
37 : 163 0 20 37 0
38 : 149 146 18 13 1
39 : 64 146 23 19 0
40 : 158 73 41 27 0
41 : 168 146 18 5 1
42 : 175 197 6 11 0
43 : 124 0 39 24 0
44 : 171 103 21 6 1
45 : 0 165 62 17 0
46 : 170 182 20 15 0
47 : 196 211 3 8 0
48 : 152 125 44 7 0
