200 223
0 : 0 0 110 32 0
1 : 161 127 12 33 1
2 : 43 146 78 15 0
3 : 121 146 62 18 0
4 : 0 201 16 53 1
5 : 115 32 37 76 1
6 : 0 127 14 97 1
7 : 0 146 28 43 1
8 : 191 0 16 9 1
9 : 168 201 15 22 0
10 : 97 127 64 19 0
11 : 180 19 10 13 0
12 : 196 174 4 27 0
13 : 168 19 12 13 0
14 : 115 170 3 6 1
15 : 189 174 7 22 0
16 : 126 90 67 16 0
17 : 183 146 27 14 1
18 : 127 201 13 41 1
19 : 0 69 78 35 0
20 : 0 32 30 115 1
21 : 110 22 8 54 1
22 : 0 107 20 91 1
23 : 190 19 6 6 0
24 : 43 161 72 12 0
25 : 91 107 15 92 1
26 : 110 0 22 58 1
27 : 0 62 19 6 0
28 : 78 69 38 48 1
29 : 126 69 21 61 1
30 : 121 164 10 38 1
31 : 103 174 22 47 1
32 : 53 201 22 37 1
33 : 191 32 5 30 0
34 : 115 161 5 9 0
35 : 193 90 3 15 0
36 : 159 164 24 10 0
37 : 90 201 20 37 1
38 : 187 69 18 13 1
39 : 168 0 23 19 0
40 : 0 174 41 27 0
41 : 85 191 18 5 0
42 : 194 127 6 11 0
43 : 150 174 39 24 0
44 : 161 139 21 6 0
45 : 41 174 62 17 0
46 : 183 107 20 15 1
47 : 164 22 3 8 0
48 : 41 191 44 7 0
