200 211
0 : 0 116 66 25 0
1 : 86 159 14 30 1
2 : 142 159 18 14 0
3 : 119 0 43 34 0
4 : 91 50 59 30 0
5 : 150 76 10 16 1
6 : 0 199 8 33 1
7 : 66 116 22 47 1
8 : 182 141 18 16 1
9 : 61 174 26 13 0
10 : 163 116 24 17 0
11 : 0 207 26 4 0
12 : 135 199 7 28 1
13 : 116 159 26 14 0
14 : 56 86 30 51 1
15 : 162 0 39 25 1
16 : 196 192 7 3 1
17 : 177 187 19 9 0
18 : 113 135 25 6 0
19 : 63 199 8 14 1
20 : 0 141 18 78 1
21 : 145 34 14 17 1
22 : 0 187 62 12 0
23 : 0 159 15 64 1
24 : 177 81 16 5 0
25 : 187 0 46 13 1
26 : 150 50 27 26 0
27 : 87 174 12 63 1
28 : 33 199 30 8 0
29 : 0 50 36 91 1
30 : 177 50 23 31 0
31 : 77 199 8 13 1
32 : 162 39 22 9 0
33 : 127 187 9 50 1
34 : 144 137 14 4 0
35 : 163 133 8 16 1
36 : 187 116 22 12 1
37 : 62 0 57 37 0
38 : 179 133 7 6 0
39 : 62 187 12 36 1
40 : 98 187 11 29 1
41 : 0 86 30 56 1
42 : 0 0 50 62 1
43 : 0 174 61 13 0
44 : 187 46 4 7 1
45 : 102 199 7 33 1
46 : 119 34 16 26 1
47 : 150 174 12 46 1
48 : 172 86 21 27 0
49 : 107 86 28 65 1
50 : 158 137 4 4 0
51 : 178 159 9 19 1
52 : 62 37 40 13 0
53 : 178 168 6 19 1
54 : 64 159 15 22 1
55 : 113 116 19 31 1
56 : 78 141 21 17 0
57 : 193 81 5 6 1
58 : 173 199 5 15 1
59 : 193 86 30 7 1
60 : 128 80 6 19 1
61 : 90 199 8 12 1
62 : 166 76 11 8 0
63 : 144 116 19 21 0
64 : 160 159 18 14 0
65 : 172 113 3 20 1
66 : 196 174 18 3 1
67 : 99 141 83 16 0
68 : 102 37 16 13 0
69 : 179 139 2 7 1
70 : 163 199 6 10 1
71 : 91 80 37 6 0
72 : 184 39 8 3 1
