200 264
0 : 0 62 8 47 1
1 : 0 0 143 26 0
2 : 0 26 16 107 1
3 : 86 42 33 95 1
4 : 195 99 5 21 0
5 : 64 180 54 40 0
6 : 107 26 84 15 0
7 : 150 130 32 25 0
8 : 118 180 52 45 0
9 : 47 62 13 39 1
10 : 0 42 86 20 0
11 : 73 130 50 77 1
12 : 0 99 77 31 0
13 : 77 75 24 74 1
14 : 181 42 11 12 0
15 : 77 99 22 65 1
16 : 142 99 27 53 1
17 : 151 75 14 46 1
18 : 178 0 17 9 0
19 : 182 130 15 21 0
20 : 77 121 31 6 0
21 : 151 89 8 38 1
22 : 0 75 23 77 1
23 : 143 0 12 35 1
24 : 191 26 5 12 0
25 : 150 155 20 23 0
26 : 0 130 73 40 0
27 : 0 225 40 39 0
28 : 0 180 64 37 0
