100 36
0 : 59 24 5 4 1
1 : 83 0 3 13 1
2 : 0 0 49 3 0
3 : 79 24 3 5 0
4 : 26 24 5 5 0
5 : 82 24 3 5 0
6 : 31 24 5 5 0
7 : 88 29 3 3 0
8 : 71 12 4 10 0
9 : 70 29 3 4 0
10 : 96 0 4 11 0
11 : 0 24 3 7 1
12 : 75 12 9 8 1
13 : 33 12 7 33 1
14 : 21 24 5 5 0
15 : 91 24 5 3 1
16 : 71 24 4 5 0
17 : 75 24 5 4 1
18 : 94 24 5 3 1
19 : 97 24 3 5 0
20 : 66 12 12 5 1
21 : 0 33 3 3 0
22 : 76 29 3 4 0
23 : 97 29 3 3 0
24 : 85 24 3 5 0
25 : 20 29 5 3 0
26 : 30 29 3 5 1
27 : 14 24 3 7 1
28 : 46 24 5 5 0
29 : 35 29 5 3 0
30 : 15 29 5 3 0
31 : 95 12 3 7 0
32 : 5 29 5 3 0
33 : 82 29 3 3 0
34 : 61 29 3 4 0
35 : 63 24 5 4 1
36 : 54 29 4 4 0
37 : 64 29 3 4 0
38 : 85 29 3 3 0
39 : 88 12 4 8 0
40 : 67 24 5 4 1
41 : 25 29 5 3 0
42 : 58 29 4 3 1
43 : 0 12 12 33 1
44 : 40 29 3 5 1
45 : 91 29 3 3 0
46 : 50 29 4 4 0
47 : 0 29 3 5 1
48 : 41 24 5 5 0
49 : 51 24 5 4 1
50 : 7 24 7 3 0
51 : 10 29 5 3 0
52 : 55 24 5 4 1
53 : 88 24 5 3 1
54 : 67 29 3 4 0
55 : 79 29 3 4 0
56 : 45 29 3 5 1
57 : 94 29 3 3 0
58 : 73 29 3 4 0
59 : 92 12 7 3 1
60 : 83 12 5 8 0
61 : 49 0 34 12 0
62 : 36 24 5 5 0
