100 32
0 : 86 20 5 4 1
1 : 0 20 3 13 1
2 : 0 12 49 3 0
3 : 93 25 3 5 1
4 : 18 20 5 5 0
5 : 18 25 3 5 1
6 : 23 20 5 5 0
7 : 37 29 3 3 0
8 : 86 12 4 10 1
9 : 5 29 3 4 1
10 : 70 12 4 11 1
11 : 57 20 3 7 1
12 : 49 12 9 8 0
13 : 67 0 7 33 1
14 : 13 20 5 5 0
15 : 33 25 5 3 0
16 : 0 25 4 5 1
17 : 5 25 5 4 0
18 : 38 25 5 3 0
19 : 43 25 3 5 1
20 : 58 12 12 5 0
21 : 55 29 3 3 0
22 : 29 29 3 4 1
23 : 52 29 3 3 0
24 : 73 25 3 5 1
25 : 28 25 5 3 0
26 : 23 25 3 5 1
27 : 71 20 3 7 1
28 : 38 20 5 5 0
29 : 78 25 5 3 0
30 : 58 25 5 3 0
31 : 50 20 3 7 1
32 : 53 25 5 3 0
33 : 43 29 3 3 0
34 : 17 29 3 4 1
35 : 90 20 5 4 1
36 : 14 25 4 4 0
37 : 9 29 3 4 1
38 : 40 29 3 3 0
39 : 96 12 4 8 0
40 : 94 20 5 4 1
41 : 68 25 5 3 0
42 : 13 29 4 3 0
43 : 34 0 12 33 1
44 : 83 25 3 5 1
45 : 46 29 3 3 0
46 : 10 25 4 4 0
47 : 0 29 3 5 1
48 : 33 20 5 5 0
49 : 78 20 5 4 1
50 : 64 20 7 3 0
51 : 48 25 5 3 0
52 : 82 20 5 4 1
53 : 63 25 5 3 0
54 : 21 29 3 4 1
55 : 33 29 3 4 1
56 : 88 25 3 5 1
57 : 49 29 3 3 0
58 : 25 29 3 4 1
59 : 43 20 7 3 0
60 : 81 12 5 8 0
61 : 0 0 34 12 0
62 : 28 20 5 5 0
