135 409
0 : 0 357 29 18 0
1 : 85 145 49 16 0
2 : 29 375 29 16 0
3 : 0 70 75 21 0
4 : 80 375 23 16 0
5 : 0 111 88 16 0
6 : 76 127 57 18 0
7 : 50 278 42 21 0
8 : 86 315 45 16 0
9 : 0 217 61 18 0
10 : 39 337 29 20 0
11 : 53 36 67 26 0
12 : 0 315 52 16 0
13 : 0 16 93 20 0
14 : 103 375 22 16 0
15 : 115 217 19 16 0
16 : 98 258 36 20 0
17 : 0 299 55 16 0
18 : 0 0 135 16 0
19 : 0 278 50 18 0
20 : 29 357 31 16 0
21 : 55 299 53 16 0
22 : 58 375 22 18 0
23 : 71 199 62 18 0
24 : 75 70 58 21 0
25 : 0 199 71 16 0
26 : 88 111 45 16 0
27 : 0 145 85 16 0
28 : 0 337 39 16 0
29 : 93 16 40 18 0
30 : 113 237 20 21 0
31 : 50 237 63 16 0
32 : 47 258 51 18 0
33 : 71 161 63 18 0
34 : 87 357 29 16 0
35 : 0 91 73 20 0
36 : 116 357 19 16 0
37 : 0 375 29 16 0
38 : 0 258 47 20 0
39 : 103 337 29 18 0
40 : 0 237 50 21 0
41 : 52 315 34 22 0
42 : 61 217 54 20 0
43 : 73 91 62 20 0
44 : 92 278 30 21 0
45 : 60 357 27 18 0
46 : 19 393 16 16 0
47 : 0 393 19 16 0
48 : 108 299 27 16 0
49 : 0 179 66 18 0
50 : 0 36 53 34 0
51 : 0 127 76 18 0
52 : 0 161 71 18 0
53 : 66 179 58 20 0
54 : 68 337 35 16 0
