35 516
0 : 24 120 12 10 1
1 : 0 0 2 31 1
2 : 0 26 10 13 1
3 : 0 252 16 16 0
4 : 16 252 16 16 0
5 : 0 484 16 16 0
6 : 11 468 16 16 0
7 : 0 16 2 15 1
8 : 0 177 8 7 0
9 : 0 420 13 13 0
10 : 16 404 16 16 0
11 : 8 177 8 7 0
12 : 0 404 16 16 0
13 : 0 19 16 7 0
14 : 0 388 16 16 0
15 : 16 177 16 15 0
16 : 16 372 15 15 0
17 : 0 99 24 21 0
18 : 0 9 1 26 1
19 : 7 356 16 16 0
20 : 24 99 11 14 0
21 : 0 120 24 21 0
22 : 0 192 16 15 0
23 : 0 268 16 16 0
24 : 16 268 16 16 0
25 : 16 484 7 7 0
26 : 11 452 16 16 0
27 : 16 192 13 14 0
28 : 0 207 16 15 0
29 : 27 19 2 7 0
30 : 24 141 8 10 0
31 : 0 151 13 11 0
32 : 16 207 16 15 0
33 : 0 222 13 12 0
34 : 0 308 16 16 0
35 : 16 308 16 16 0
36 : 29 420 1 1 0
37 : 19 13 2 16 1
38 : 12 141 12 10 0
39 : 13 151 8 10 0
40 : 0 141 12 10 0
41 : 0 284 24 24 0
42 : 13 222 16 15 0
43 : 0 237 16 15 0
44 : 0 324 32 32 0
45 : 0 356 7 7 0
46 : 0 10 3 22 1
47 : 0 372 16 16 0
48 : 0 436 16 16 0
49 : 0 2 35 7 0
50 : 16 388 16 16 0
51 : 0 13 3 19 1
52 : 15 16 3 15 1
53 : 0 78 24 21 0
54 : 13 420 16 16 0
55 : 16 237 16 15 0
56 : 0 500 16 16 0
57 : 16 436 16 16 0
58 : 0 452 11 11 0
59 : 0 162 16 15 0
60 : 0 468 11 11 0
61 : 0 57 24 21 0
62 : 0 36 24 21 0
63 : 16 162 16 15 0
64 : 16 19 3 11 1
