100 1817
0 : 0 1061 38 90 1
1 : 0 1482 24 82 1
2 : 0 1646 18 75 1
3 : 0 0 88 98 1
4 : 0 1404 27 97 1
5 : 0 1807 4 99 1
6 : 0 1709 14 85 1
7 : 0 1458 24 85 1
8 : 0 1376 28 76 1
9 : 0 1134 46 35 0
10 : 0 1570 20 69 1
11 : 0 1549 21 79 1
12 : 0 863 41 99 1
13 : 0 583 49 88 1
14 : 0 983 39 96 1
15 : 0 1201 30 82 1
16 : 0 1680 15 95 1
17 : 0 1695 14 95 1
18 : 0 1590 19 96 1
19 : 0 483 50 93 1
20 : 0 1816 1 99 1
21 : 0 904 40 75 1
22 : 0 1761 11 69 1
23 : 0 174 82 66 0
24 : 0 632 49 76 1
25 : 0 681 85 47 0
26 : 0 240 64 79 1
27 : 0 1431 27 69 1
28 : 0 1792 8 97 1
29 : 0 1348 28 94 1
30 : 0 1261 30 75 1
31 : 0 1169 32 69 1
32 : 0 1291 29 90 1
33 : 0 944 39 99 1
34 : 0 1800 7 11 1
35 : 0 1628 100 18 0
36 : 0 366 61 88 1
37 : 0 1749 12 76 1
38 : 0 774 45 79 1
39 : 0 1320 28 95 1
40 : 11 1800 6 67 1
41 : 0 728 47 46 0
42 : 0 1022 45 39 0
43 : 0 1609 19 84 1
44 : 0 1737 12 85 1
45 : 0 819 44 91 1
46 : 0 427 56 70 1
47 : 0 1528 21 82 1
48 : 0 1231 30 77 1
49 : 0 1814 2 93 1
50 : 0 1723 31 14 0
51 : 0 1099 35 89 1
52 : 0 1783 9 76 1
53 : 0 1506 22 68 1
54 : 0 1664 16 79 1
55 : 0 1772 11 68 1
56 : 0 533 50 84 1
57 : 0 1811 3 87 1
58 : 0 304 62 86 1
59 : 0 88 98 86 0
