1000 8646
0 : 0 571 541 745 1
1 : 623 7225 344 301 0
2 : 503 4996 413 294 1
3 : 614 7531 266 341 1
4 : 0 5415 543 388 0
5 : 0 6178 367 701 1
6 : 0 1642 526 707 1
7 : 0 7820 286 706 1
8 : 0 7531 614 289 0
9 : 0 6545 348 592 1
10 : 0 4565 673 431 0
11 : 531 3647 475 362 1
12 : 0 4126 562 439 0
13 : 0 1112 530 638 1
14 : 0 5803 609 375 0
15 : 0 8106 540 274 0
16 : 0 3161 486 634 1
17 : 540 8106 272 377 1
18 : 0 7225 623 306 0
19 : 0 8380 266 714 1
20 : 592 6545 341 336 1
21 : 701 6178 340 296 1
22 : 0 3647 531 479 0
23 : 0 0 571 589 1
24 : 0 2665 674 496 0
25 : 0 2168 560 497 0
26 : 589 0 509 389 1
27 : 0 6893 650 332 0
28 : 634 3161 474 285 1
29 : 0 4996 419 503 1
