200 343
0 : 66 104 15 72 1
1 : 49 189 15 47 1
2 : 68 127 67 11 0
3 : 99 65 56 39 0
4 : 114 274 6 35 1
5 : 81 306 11 17 1
6 : 98 306 8 20 1
7 : 168 291 22 8 0
8 : 143 320 8 12 1
9 : 22 331 3 16 1
10 : 155 320 11 9 0
11 : 58 175 9 61 1
12 : 32 230 47 7 0
13 : 92 320 11 11 0
14 : 56 320 5 18 1
15 : 118 306 6 22 1
16 : 185 331 5 7 0
17 : 166 320 6 14 1
18 : 102 253 25 21 0
19 : 34 320 22 4 0
20 : 18 320 16 11 0
21 : 79 230 33 17 0
22 : 114 331 8 7 1
23 : 175 331 4 8 0
24 : 0 0 26 110 1
25 : 103 331 11 4 0
26 : 119 175 58 12 0
27 : 135 127 56 21 0
28 : 0 44 21 102 1
29 : 143 291 6 25 1
30 : 36 205 9 51 1
31 : 170 306 16 11 0
32 : 0 291 30 5 0
33 : 131 320 12 9 0
34 : 192 331 4 6 0
35 : 88 274 26 16 0
36 : 0 127 68 12 0
37 : 0 306 20 10 0
38 : 76 253 21 26 1
39 : 123 291 20 12 0
40 : 0 189 49 16 0
41 : 49 291 6 28 1
42 : 133 331 11 3 0
43 : 0 253 37 12 0
44 : 0 320 9 18 1
45 : 190 331 2 9 0
46 : 38 331 5 14 1
47 : 180 320 15 4 0
48 : 37 253 39 9 0
49 : 104 148 64 10 0
50 : 149 274 32 7 0
51 : 37 274 16 26 1
52 : 0 65 99 21 0
53 : 87 205 38 19 0
54 : 0 230 23 32 1
55 : 0 274 6 37 1
56 : 50 148 22 54 1
57 : 0 205 25 36 1
58 : 0 148 50 27 0
59 : 153 230 27 22 0
60 : 112 230 8 41 1
61 : 0 104 66 23 0
62 : 151 331 8 5 1
63 : 52 331 15 3 0
64 : 20 306 18 12 0
65 : 156 331 9 4 0
66 : 196 331 6 2 1
67 : 94 331 9 6 0
68 : 165 331 5 8 0
69 : 103 320 4 18 1
70 : 30 291 15 19 1
71 : 170 331 8 5 1
72 : 67 331 14 4 0
73 : 147 189 48 13 0
74 : 140 306 14 14 0
75 : 77 291 23 10 0
76 : 74 320 5 18 1
77 : 100 291 10 23 1
78 : 96 189 51 11 0
79 : 0 175 58 14 0
80 : 0 331 7 12 1
81 : 12 331 10 9 0
82 : 154 306 16 12 0
83 : 81 331 13 3 0
84 : 161 253 35 9 0
85 : 127 253 34 12 0
86 : 63 274 17 25 1
87 : 0 340 3 3 0
88 : 38 306 7 23 1
89 : 61 306 10 20 1
90 : 0 26 109 18 0
91 : 144 331 7 7 0
92 : 179 331 6 6 0
93 : 125 205 44 13 0
94 : 3 340 3 1 0
95 : 121 331 3 12 1
96 : 121 320 10 11 0
