200 253
0 : 0 44 110 32 0
1 : 97 30 12 33 1
2 : 115 0 78 15 0
3 : 126 96 62 18 0
4 : 139 115 16 53 1
5 : 0 150 37 76 1
6 : 0 30 14 97 1
7 : 37 187 28 43 1
8 : 177 50 16 9 0
9 : 76 172 15 22 1
10 : 0 96 64 19 0
11 : 181 174 10 13 0
12 : 154 68 4 27 1
13 : 187 15 12 13 1
14 : 193 11 3 6 1
15 : 177 131 7 22 1
16 : 110 44 67 16 0
17 : 130 30 27 14 0
18 : 78 136 13 41 1
19 : 0 115 78 35 0
20 : 0 0 30 115 1
21 : 110 60 8 54 1
22 : 92 76 20 91 1
23 : 192 115 6 6 0
24 : 115 15 72 12 0
25 : 0 76 15 92 1
26 : 76 150 22 58 1
27 : 188 96 19 6 1
28 : 0 215 38 48 1
29 : 78 115 21 61 1
30 : 139 131 10 38 1
31 : 134 150 22 47 1
32 : 80 187 22 37 1
33 : 164 60 5 30 1
34 : 193 50 5 9 0
35 : 177 138 3 15 1
36 : 181 150 24 10 1
37 : 0 187 20 37 1
38 : 119 136 18 13 0
39 : 48 215 23 19 1
40 : 156 187 41 27 0
41 : 194 96 18 5 1
42 : 193 0 6 11 0
43 : 117 187 39 24 0
44 : 177 44 21 6 0
45 : 64 96 62 17 0
46 : 183 76 20 15 1
47 : 192 138 3 8 1
48 : 110 68 44 7 0
