3000 6737
0 : 1445 5017 365 185 1
1 : 1630 5017 378 200 1
2 : 2393 4445 410 165 1
3 : 2245 4445 425 148 1
4 : 0 5572 425 296 0
5 : 1924 4445 439 116 1
6 : 0 3981 464 1006 1
7 : 2040 4445 520 205 1
8 : 1830 5017 520 350 1
9 : 1217 6127 540 530 1
10 : 1490 2837 549 1413 1
11 : 0 0 549 1882 1
12 : 2206 5572 553 496 1
13 : 690 5017 555 755 1
14 : 1651 5572 555 496 0
15 : 425 5572 555 659 1
16 : 1084 5572 567 473 0
17 : 0 6127 572 592 1
18 : 949 4445 572 975 1
19 : 1390 3409 572 1175 1
20 : 0 2265 572 1575 1
21 : 0 3409 572 1390 1
22 : 0 2837 572 1490 1
23 : 0 1693 572 1590 1
24 : 0 1121 572 1690 1
25 : 0 549 572 1890 1
26 : 592 6127 610 625 1
27 : 2180 5017 660 490 0
28 : 0 5017 690 447 0
29 : 1976 3981 949 445 0
30 : 0 4445 949 478 0
31 : 1006 3981 970 463 0
