1000 8667
0 : 0 0 541 745 1
1 : 614 8084 344 301 0
2 : 540 8373 413 294 0
3 : 701 4078 266 341 0
4 : 589 1597 543 388 1
5 : 0 4078 367 701 1
6 : 0 541 526 707 1
7 : 0 6837 286 706 1
8 : 0 8084 614 289 0
9 : 0 6489 348 592 1
10 : 0 3150 673 431 0
11 : 531 4445 475 362 1
12 : 0 4924 562 439 0
13 : 0 1067 530 638 1
14 : 0 5363 609 375 0
15 : 0 8373 540 274 0
16 : 0 2664 486 634 1
17 : 509 7123 272 377 0
18 : 0 7512 623 306 0
19 : 0 7818 266 714 1
20 : 650 5738 341 336 0
21 : 592 6489 340 296 1
22 : 0 4445 531 479 0
23 : 0 1597 571 589 1
24 : 0 2168 674 496 0
25 : 0 3581 560 497 0
26 : 0 7123 509 389 0
27 : 0 5738 650 332 0
28 : 634 2664 474 285 1
29 : 0 6070 419 503 1
