92 211
0 : 69 146 11 9 1
1 : 91 62 1 1 0
2 : 78 146 9 11 0
3 : 0 88 1 29 1
4 : 48 146 9 11 0
5 : 67 131 19 15 0
6 : 0 89 50 29 0
7 : 81 89 1 19 0
8 : 0 161 18 18 0
9 : 0 76 12 45 1
10 : 0 146 19 15 0
11 : 57 146 14 12 1
12 : 45 76 12 45 1
13 : 59 118 27 13 0
14 : 48 62 43 13 0
15 : 0 63 55 13 0
16 : 0 118 31 13 0
17 : 48 131 19 15 0
18 : 0 51 11 79 1
19 : 18 161 50 50 0
20 : 55 63 2 37 1
21 : 50 89 31 13 0
22 : 0 0 92 17 0
23 : 27 131 21 13 0
24 : 83 89 11 9 1
25 : 58 88 33 13 0
26 : 31 118 28 13 0
27 : 29 88 1 29 1
28 : 79 51 13 10 0
29 : 0 131 27 13 0
30 : 0 17 17 88 1
31 : 19 146 19 15 0
32 : 82 89 1 19 0
33 : 0 34 86 17 0
34 : 0 62 1 48 1
35 : 86 34 4 6 0
36 : 38 146 13 10 1
37 : 88 17 4 6 0
