200 305
0 : 0 0 110 32 0
1 : 0 271 12 33 1
2 : 0 176 78 15 0
3 : 78 176 62 18 0
4 : 111 225 16 53 1
5 : 115 32 37 76 1
6 : 0 127 14 97 1
7 : 122 148 28 43 1
8 : 106 286 16 9 0
9 : 98 271 15 22 1
10 : 58 148 64 19 0
11 : 122 286 10 13 0
12 : 172 286 4 27 1
13 : 42 286 12 13 0
14 : 67 299 3 6 0
15 : 54 286 7 22 1
16 : 0 203 67 16 0
17 : 71 271 27 14 0
18 : 74 249 13 41 1
19 : 0 69 78 35 0
20 : 0 32 30 115 1
21 : 138 249 8 54 1
22 : 0 107 20 91 1
23 : 53 299 6 6 0
24 : 39 225 72 12 0
25 : 91 107 15 92 1
26 : 0 148 22 58 1
27 : 153 286 19 6 0
28 : 78 69 38 48 1
29 : 97 127 21 61 1
30 : 33 271 10 38 1
31 : 129 203 22 47 1
32 : 0 249 22 37 1
33 : 76 286 5 30 1
34 : 29 299 5 9 1
35 : 38 299 3 15 1
36 : 0 286 24 10 0
37 : 37 249 20 37 1
38 : 24 286 18 13 0
39 : 115 249 23 19 0
40 : 140 176 41 27 0
41 : 0 299 18 5 0
42 : 18 299 6 11 1
43 : 0 225 39 24 0
44 : 132 286 21 6 0
45 : 67 203 62 17 0
46 : 164 271 20 15 0
47 : 59 299 3 8 1
48 : 120 271 44 7 0
