200 322
0 : 0 131 15 72 1
1 : 70 172 15 47 1
2 : 107 156 67 11 0
3 : 110 0 56 39 0
4 : 153 270 6 35 1
5 : 70 282 11 17 1
6 : 23 296 8 20 1
7 : 87 282 22 8 0
8 : 164 296 8 12 1
9 : 160 307 3 16 1
10 : 153 296 11 9 0
11 : 84 217 9 61 1
12 : 39 255 47 7 0
13 : 120 296 11 11 0
14 : 176 296 5 18 1
15 : 98 296 6 22 1
16 : 75 316 5 7 1
17 : 62 307 6 14 1
18 : 171 217 25 21 0
19 : 28 307 22 4 0
20 : 109 282 16 11 0
21 : 0 217 33 17 0
22 : 123 307 8 7 1
23 : 93 316 4 8 1
24 : 0 0 26 110 1
25 : 0 316 11 4 0
26 : 117 172 58 12 0
27 : 104 104 56 21 0
28 : 0 39 21 102 1
29 : 43 296 6 25 1
30 : 0 238 9 51 1
31 : 125 282 16 11 0
32 : 68 296 30 5 0
33 : 141 296 12 9 0
34 : 101 316 4 6 0
35 : 113 238 26 16 0
36 : 108 131 68 12 0
37 : 20 282 20 10 0
38 : 145 217 21 26 1
39 : 0 270 20 12 0
40 : 58 156 49 16 0
41 : 141 282 6 28 1
42 : 82 316 11 3 0
43 : 51 238 37 12 0
44 : 169 282 9 18 1
45 : 105 316 2 9 1
46 : 94 307 5 14 1
47 : 108 307 15 4 0
48 : 0 255 39 9 0
49 : 0 195 64 10 0
50 : 66 270 32 7 0
51 : 139 238 16 26 1
52 : 0 60 99 21 0
53 : 32 172 38 19 0
54 : 0 172 23 32 1
55 : 98 270 6 37 1
56 : 50 104 22 54 1
57 : 72 131 25 36 1
58 : 0 104 50 27 0
59 : 112 195 27 22 0
60 : 86 255 8 41 1
61 : 109 81 66 23 0
62 : 27 316 8 5 0
63 : 176 307 15 3 0
64 : 135 270 18 12 0
65 : 48 316 9 4 0
66 : 114 316 6 2 0
67 : 144 307 9 6 0
68 : 11 316 5 8 1
69 : 76 307 4 18 1
70 : 162 255 15 19 1
71 : 19 316 8 5 0
72 : 130 307 14 4 0
73 : 64 195 48 13 0
74 : 40 282 14 14 0
75 : 20 270 23 10 0
76 : 0 307 5 18 1
77 : 43 270 10 23 1
78 : 33 217 51 11 0
79 : 0 156 58 14 0
80 : 50 307 7 12 1
81 : 18 307 10 9 0
82 : 54 282 16 12 0
83 : 35 316 13 3 0
84 : 127 255 35 9 0
85 : 165 238 34 12 0
86 : 88 238 17 25 1
87 : 120 316 3 3 0
88 : 0 296 7 23 1
89 : 0 282 10 20 1
90 : 0 81 109 18 0
91 : 153 307 7 7 0
92 : 57 316 6 6 0
93 : 139 195 44 13 0
94 : 123 316 3 1 1
95 : 63 316 3 12 1
96 : 131 296 10 11 0
