35 547
0 : 0 0 12 10 0
1 : 0 10 2 31 1
2 : 0 12 10 13 1
3 : 13 12 16 16 0
4 : 0 28 16 16 0
5 : 16 28 16 16 0
6 : 0 44 16 16 0
7 : 16 44 2 15 0
8 : 18 44 8 7 1
9 : 0 60 13 13 0
10 : 13 60 16 16 0
11 : 0 76 8 7 0
12 : 8 76 16 16 0
13 : 24 76 16 7 1
14 : 0 92 16 16 0
15 : 16 92 16 15 0
16 : 0 108 15 15 0
17 : 0 123 24 21 0
18 : 0 144 1 26 1
19 : 0 145 16 16 0
20 : 16 145 11 14 0
21 : 0 161 24 21 0
22 : 0 182 16 15 0
23 : 16 182 16 16 0
24 : 0 198 16 16 0
25 : 16 198 7 7 0
26 : 0 214 16 16 0
27 : 16 214 13 14 0
28 : 0 230 16 15 0
29 : 16 230 2 7 0
30 : 18 230 8 10 0
31 : 0 245 13 11 0
32 : 13 245 16 15 0
33 : 0 260 13 12 0
34 : 13 260 16 16 0
35 : 0 276 16 16 0
36 : 16 276 1 1 0
37 : 17 276 2 16 0
38 : 19 276 12 10 1
39 : 0 292 8 10 1
40 : 10 292 12 10 0
41 : 0 302 24 24 0
42 : 0 326 16 15 0
43 : 16 326 16 15 0
44 : 0 341 32 32 0
45 : 0 373 7 7 0
46 : 7 373 3 22 1
47 : 0 380 16 16 0
48 : 16 380 16 16 0
49 : 0 396 35 7 0
50 : 0 403 16 16 0
51 : 16 403 3 19 1
52 : 0 419 3 15 1
53 : 0 422 24 21 0
54 : 0 443 16 16 0
55 : 16 443 16 15 0
56 : 0 459 16 16 0
57 : 16 459 16 16 0
58 : 0 475 11 11 0
59 : 11 475 16 15 0
60 : 0 490 11 11 0
61 : 11 490 24 21 0
62 : 0 511 24 21 0
63 : 0 532 16 15 0
64 : 16 532 3 11 0
