100 39
0 : 71 24 5 4 1
1 : 66 12 3 13 1
2 : 0 0 49 3 0
3 : 91 24 3 5 0
4 : 38 24 5 5 0
5 : 94 24 3 5 0
6 : 43 24 5 5 0
7 : 10 36 3 3 0
8 : 95 12 4 10 0
9 : 91 32 3 4 0
10 : 91 12 4 11 0
11 : 24 24 3 7 0
12 : 0 24 9 8 0
13 : 33 12 7 33 1
14 : 33 24 5 5 0
15 : 5 32 5 3 0
16 : 83 24 4 5 0
17 : 87 24 5 4 1
18 : 10 32 5 3 0
19 : 15 32 3 5 1
20 : 79 12 12 5 0
21 : 22 36 3 3 0
22 : 97 32 3 4 0
23 : 19 36 3 3 0
24 : 97 24 3 5 0
25 : 40 32 5 3 0
26 : 50 32 3 5 1
27 : 30 24 3 7 0
28 : 58 24 5 5 0
29 : 55 32 5 3 0
30 : 35 32 5 3 0
31 : 21 24 3 7 0
32 : 25 32 5 3 0
33 : 4 36 3 3 0
34 : 82 32 3 4 0
35 : 75 24 5 4 1
36 : 74 32 4 4 0
37 : 85 32 3 4 0
38 : 7 36 3 3 0
39 : 14 24 4 8 0
40 : 79 24 5 4 1
41 : 45 32 5 3 0
42 : 78 32 4 3 0
43 : 0 12 12 33 1
44 : 60 32 3 5 1
45 : 13 36 3 3 0
46 : 70 32 4 4 0
47 : 20 32 3 5 1
48 : 53 24 5 5 0
49 : 63 24 5 4 1
50 : 27 24 7 3 1
51 : 30 32 5 3 0
52 : 67 24 5 4 1
53 : 0 32 5 3 0
54 : 88 32 3 4 0
55 : 0 36 3 4 1
56 : 65 32 3 5 1
57 : 16 36 3 3 0
58 : 94 32 3 4 0
59 : 18 24 7 3 1
60 : 9 24 5 8 0
61 : 49 0 34 12 0
62 : 48 24 5 5 0
