92 243
0 : 48 226 11 9 0
1 : 19 242 1 1 0
2 : 26 226 9 11 1
3 : 0 238 1 29 1
4 : 37 226 9 11 1
5 : 0 211 19 15 0
6 : 0 101 50 29 0
7 : 70 238 1 19 1
8 : 54 193 18 18 0
9 : 43 154 12 45 1
10 : 19 211 19 15 0
11 : 78 211 14 12 1
12 : 0 167 12 45 1
13 : 0 193 27 13 0
14 : 0 154 43 13 0
15 : 0 141 55 13 0
16 : 31 180 31 13 0
17 : 72 193 19 15 0
18 : 0 130 11 79 1
19 : 0 0 50 50 0
20 : 0 236 2 37 1
21 : 0 180 31 13 0
22 : 0 50 92 17 0
23 : 57 211 21 13 0
24 : 59 226 11 9 0
25 : 45 167 33 13 0
26 : 62 180 28 13 0
27 : 29 238 1 29 1
28 : 0 226 13 10 0
29 : 27 193 27 13 0
30 : 0 67 17 88 1
31 : 38 211 19 15 0
32 : 0 242 1 19 1
33 : 0 84 86 17 0
34 : 37 236 1 48 1
35 : 58 238 4 6 1
36 : 13 226 13 10 0
37 : 64 238 4 6 1
