200 251
0 : 0 30 110 32 0
1 : 44 236 12 33 1
2 : 92 85 78 15 0
3 : 128 138 62 18 0
4 : 0 187 16 53 1
5 : 115 0 37 76 1
6 : 0 65 14 97 1
7 : 120 159 28 43 1
8 : 188 65 16 9 1
9 : 169 214 15 22 1
10 : 120 100 64 19 0
11 : 127 236 10 13 0
12 : 194 187 4 27 0
13 : 115 236 12 13 0
14 : 160 236 3 6 0
15 : 191 214 7 22 0
16 : 0 138 67 16 0
17 : 180 187 27 14 1
18 : 128 214 13 41 1
19 : 110 30 78 35 0
20 : 0 0 30 115 1
21 : 0 214 8 54 1
22 : 97 65 20 91 1
23 : 151 236 6 6 0
24 : 48 100 72 12 0
25 : 0 85 15 92 1
26 : 0 159 22 58 1
27 : 193 85 19 6 1
28 : 0 100 38 48 1
29 : 67 138 21 61 1
30 : 184 100 10 38 0
31 : 53 187 22 47 1
32 : 54 214 22 37 1
33 : 188 30 5 30 0
34 : 146 236 5 9 0
35 : 137 236 3 15 0
36 : 163 159 24 10 1
37 : 91 214 20 37 1
38 : 97 236 18 13 0
39 : 170 85 23 19 0
40 : 100 187 41 27 0
41 : 173 159 18 5 1
42 : 140 236 6 11 0
43 : 141 187 39 24 0
44 : 190 138 21 6 1
45 : 58 159 62 17 0
46 : 77 236 20 15 0
47 : 157 236 3 8 0
48 : 0 236 44 7 0
