1000 28657
0 : 0 18702 602 738 1
1 : 0 6349 897 620 0
2 : 0 17416 743 708 0
3 : 587 26141 308 409 0
4 : 482 27817 447 477 1
5 : 926 3336 421 71 1
6 : 753 16485 167 331 0
7 : 787 14224 667 149 1
8 : 0 13137 792 493 0
9 : 646 24139 190 567 0
10 : 0 20290 320 711 1
11 : 0 8099 891 518 0
12 : 0 16857 750 559 0
13 : 770 15699 220 428 0
14 : 990 576 10 55 0
15 : 0 576 990 287 0
16 : 0 863 986 840 0
17 : 0 27817 482 431 0
18 : 0 28264 393 471 1
19 : 836 24139 524 139 1
20 : 0 2257 963 110 0
21 : 0 1703 554 971 1
22 : 711 19677 143 657 0
23 : 0 24727 621 642 1
24 : 0 23511 628 649 1
25 : 0 15699 633 770 1
26 : 697 26553 473 184 1
27 : 844 10333 729 109 1
28 : 0 25746 601 395 0
29 : 816 12387 151 693 0
30 : 708 20610 342 281 1
31 : 912 4172 82 351 0
32 : 0 27456 531 361 0
33 : 898 5709 82 636 0
34 : 0 3336 926 836 0
35 : 0 10333 844 735 0
36 : 0 2908 246 940 1
37 : 0 9369 867 175 0
38 : 0 22476 560 664 1
39 : 0 6969 896 438 0
40 : 0 19677 711 613 0
41 : 0 9887 860 446 0
42 : 0 3154 182 927 1
43 : 738 18702 579 258 1
44 : 0 16485 753 372 0
45 : 0 16332 153 759 1
46 : 531 27456 361 371 1
47 : 995 19677 519 5 1
48 : 0 9544 866 129 0
49 : 0 12127 826 260 0
50 : 792 13137 361 202 1
51 : 0 23036 475 664 1
52 : 572 26553 125 483 0
53 : 0 2367 541 953 1
54 : 854 19677 573 141 1
55 : 688 20955 294 360 0
56 : 837 11438 95 681 0
57 : 743 17416 733 204 1
58 : 0 5402 907 307 0
59 : 0 14224 677 787 1
60 : 0 20610 345 708 1
61 : 0 25348 398 612 1
62 : 0 26553 572 490 0
63 : 0 26141 587 412 0
64 : 0 15281 275 786 1
65 : 0 9673 861 214 0
66 : 0 0 997 576 0
67 : 786 14901 300 211 1
68 : 0 13630 790 189 0
69 : 726 19304 274 183 0
70 : 0 7407 893 692 0
71 : 0 4932 470 908 1
72 : 0 22020 456 667 1
73 : 0 18124 578 743 1
74 : 788 13819 196 327 0
75 : 932 11438 68 404 0
76 : 601 25746 162 380 0
77 : 936 14224 563 59 1
78 : 0 8617 881 573 0
79 : 0 4622 910 310 0
80 : 547 27043 367 451 1
81 : 0 5709 898 640 0
82 : 947 17416 697 52 1
83 : 0 24139 588 646 1
84 : 0 20955 604 688 1
85 : 999 17416 469 1 1
86 : 0 21559 673 461 0
87 : 895 26141 105 307 0
88 : 0 11068 842 370 0
89 : 0 13819 405 788 1
90 : 0 4172 450 912 1
91 : 0 12387 816 750 0
92 : 0 9190 881 179 0
93 : 0 28248 16 427 1
94 : 0 27043 547 413 0
95 : 0 11438 689 837 1
96 : 0 14901 380 786 1
97 : 986 863 13 616 0
98 : 0 15556 783 143 0
99 : 0 19304 373 726 1
