100 1227
0 : 0 1115 17 90 1
1 : 0 282 68 76 1
2 : 77 213 14 68 0
3 : 0 1146 22 76 1
4 : 0 612 38 83 1
5 : 0 849 29 87 1
6 : 0 350 40 100 1
7 : 0 573 39 83 1
8 : 0 213 69 77 1
9 : 0 1145 1 99 1
10 : 0 446 77 57 0
11 : 0 691 17 100 1
12 : 0 1132 13 94 1
13 : 0 746 90 27 0
14 : 0 981 27 84 1
15 : 0 390 56 83 1
16 : 0 1208 78 16 0
17 : 0 1046 31 78 1
18 : 0 1077 38 71 1
19 : 0 1194 8 86 1
20 : 0 1224 90 3 0
21 : 0 708 38 79 1
22 : 89 83 10 66 0
23 : 0 960 21 92 1
24 : 76 282 14 66 0
25 : 0 1168 7 89 1
26 : 0 915 45 68 1
27 : 0 803 46 70 1
28 : 95 0 4 73 0
29 : 0 1008 38 72 1
30 : 0 650 41 80 1
31 : 0 83 82 89 1
32 : 0 1202 6 88 1
33 : 0 543 30 98 1
34 : 0 165 99 48 0
35 : 0 773 30 87 1
36 : 0 1175 19 77 1
37 : 0 0 83 95 1
38 : 0 878 78 37 0
39 : 0 503 40 91 1
