1000 31906
0 : 0 21181 602 738 1
1 : 0 12770 897 620 0
2 : 0 29141 743 708 0
3 : 664 23608 308 409 0
4 : 0 29849 447 477 1
5 : 0 11375 421 71 0
6 : 743 18239 167 331 0
7 : 0 3590 667 149 0
8 : 0 12277 792 493 0
9 : 0 9824 190 567 1
10 : 0 8588 320 711 1
11 : 0 10014 891 518 0
12 : 0 16432 750 559 0
13 : 667 14889 220 428 0
14 : 482 28710 10 55 0
15 : 0 421 990 287 0
16 : 0 19708 986 840 0
17 : 0 28710 482 431 0
18 : 572 26588 393 471 0
19 : 0 8908 524 139 0
20 : 0 0 963 110 0
21 : 0 6667 554 971 1
22 : 0 3744 143 657 1
23 : 0 30924 621 642 1
24 : 0 30296 628 649 1
25 : 0 20548 633 770 1
26 : 792 12277 473 184 1
27 : 0 1717 729 109 0
28 : 0 15345 601 395 0
29 : 0 3235 151 693 1
30 : 360 27828 342 281 0
31 : 897 12770 82 351 0
32 : 0 17878 531 361 0
33 : 0 3153 82 636 1
34 : 0 24781 926 836 0
35 : 0 22873 844 735 0
36 : 0 887 246 940 1
37 : 0 1133 867 175 0
38 : 0 23608 560 664 1
39 : 0 5042 896 438 0
40 : 0 24168 711 613 0
41 : 0 7221 860 446 0
42 : 0 110 182 927 1
43 : 0 11446 579 258 0
44 : 0 9452 753 372 0
45 : 0 1826 153 759 1
46 : 0 31545 361 371 1
47 : 0 3739 519 5 0
48 : 0 292 866 129 0
49 : 0 2893 826 260 0
50 : 0 18817 361 202 0
51 : 0 16991 475 664 1
52 : 0 10877 125 483 1
53 : 0 7667 541 953 1
54 : 0 5950 573 141 0
55 : 0 27828 294 360 1
56 : 0 2798 95 681 1
57 : 0 3386 733 204 0
58 : 0 2491 907 307 0
59 : 0 22196 677 787 1
60 : 0 10532 345 708 1
61 : 380 14030 398 612 1
62 : 0 26588 572 490 0
63 : 0 17466 587 412 0
64 : 0 3887 275 786 1
65 : 0 1308 861 214 0
66 : 0 6091 997 576 0
67 : 0 25617 300 211 0
68 : 0 1992 790 189 0
69 : 711 24168 274 183 1
70 : 0 15740 893 692 0
71 : 0 5480 470 908 1
72 : 0 14889 456 667 1
73 : 0 18239 578 743 1
74 : 547 21783 196 327 0
75 : 421 11375 68 404 1
76 : 0 14030 162 380 1
77 : 0 4162 563 59 0
78 : 0 11704 881 573 0
79 : 0 2181 910 310 0
80 : 300 25617 367 451 1
81 : 0 13390 898 640 0
82 : 0 1522 697 52 0
83 : 0 28122 588 646 1
84 : 0 25984 604 688 1
85 : 0 4591 469 1 0
86 : 0 14428 673 461 0
87 : 601 15345 105 307 0
88 : 0 4221 842 370 0
89 : 0 9047 405 788 1
90 : 0 4592 450 912 1
91 : 0 27078 816 750 0
92 : 0 708 881 179 0
93 : 953 7667 16 427 0
94 : 0 21783 547 413 0
95 : 0 19019 689 837 1
96 : 0 8208 380 786 1
97 : 0 1979 13 616 1
98 : 0 1574 783 143 0
99 : 0 11002 373 726 1
