1000 1403
0 : 698 1150 66 61 0
1 : 341 843 62 48 0
2 : 805 728 62 46 0
3 : 510 651 61 43 0
4 : 422 481 39 62 1
5 : 220 481 38 61 1
6 : 476 118 30 71 1
7 : 397 614 56 37 0
8 : 352 891 52 39 0
9 : 453 614 36 55 1
10 : 869 23 74 27 0
11 : 217 1211 42 47 1
12 : 754 302 61 32 0
13 : 508 388 58 32 0
14 : 0 807 51 36 0
15 : 529 1150 46 40 0
16 : 239 0 79 23 0
17 : 555 1001 48 38 0
18 : 160 0 79 23 0
19 : 243 302 30 60 1
20 : 0 0 22 81 1
21 : 282 891 36 49 1
22 : 384 50 25 71 1
23 : 138 23 73 24 0
24 : 451 388 57 31 0
25 : 797 23 72 25 0
26 : 134 807 50 35 0
27 : 788 420 56 31 0
28 : 861 520 33 54 1
29 : 437 1111 39 46 1
30 : 110 223 28 63 1
31 : 396 0 77 23 0
32 : 112 1289 43 40 0
33 : 655 891 36 48 1
34 : 228 420 56 31 0
35 : 856 694 51 34 0
36 : 0 520 54 32 0
37 : 755 1211 44 40 0
38 : 482 1001 37 47 1
39 : 679 694 51 34 0
40 : 556 930 48 36 0
41 : 123 581 53 33 0
42 : 285 1150 39 45 1
43 : 318 728 34 50 1
44 : 318 0 22 78 1
45 : 422 651 51 33 0
46 : 152 334 29 58 1
47 : 763 0 73 23 0
48 : 690 0 23 73 1
49 : 668 1074 37 45 1
50 : 904 0 73 23 0
51 : 588 1289 42 40 0
52 : 107 172 26 64 1
53 : 320 481 31 54 1
54 : 211 23 23 72 1
55 : 81 0 79 21 0
56 : 797 891 35 47 1
57 : 948 694 33 50 1
58 : 70 1289 39 42 1
59 : 771 694 33 50 1
60 : 415 451 54 30 0
61 : 882 251 60 27 0
62 : 32 891 47 34 0
63 : 547 0 22 73 1
64 : 174 774 49 33 0
65 : 455 1150 37 43 1
66 : 142 520 30 52 1
67 : 309 75 67 23 0
68 : 811 966 35 45 1
69 : 768 172 62 25 0
70 : 115 148 24 64 1
71 : 766 966 35 45 1
72 : 289 1111 36 43 1
73 : 506 251 26 59 1
74 : 246 1111 43 36 0
75 : 441 75 67 23 0
76 : 415 966 34 45 1
77 : 234 148 64 24 0
78 : 45 774 32 48 1
79 : 810 520 30 51 1
80 : 892 728 32 48 1
81 : 327 198 25 61 1
82 : 829 334 55 27 0
83 : 616 388 54 28 0
84 : 941 843 33 46 0
85 : 631 694 31 48 1
86 : 604 930 45 33 0
87 : 237 520 51 29 0
88 : 870 1039 43 35 0
89 : 473 0 74 20 0
90 : 760 520 50 29 0
91 : 0 1289 40 37 0
92 : 778 223 25 59 1
93 : 308 774 31 47 1
94 : 245 651 30 48 1
95 : 443 807 46 31 0
96 : 944 1289 37 39 0
97 : 27 1329 37 39 1
98 : 720 118 63 22 0
99 : 287 1074 34 42 1
100 : 911 302 26 55 1
101 : 0 843 31 45 1
102 : 455 50 67 21 0
103 : 486 172 23 61 1
104 : 755 198 23 59 1
105 : 262 774 46 30 0
106 : 298 148 62 22 0
107 : 680 334 26 54 1
108 : 926 1253 36 39 1
109 : 268 198 59 23 0
110 : 69 23 69 20 0
111 : 844 420 51 27 0
112 : 910 843 31 44 0
113 : 344 553 28 49 1
114 : 175 1366 37 37 0
115 : 100 1111 34 41 1
116 : 879 843 31 44 0
117 : 711 520 49 28 0
118 : 376 75 65 21 0
119 : 283 23 20 68 1
120 : 170 1329 36 38 1
121 : 404 302 55 25 0
122 : 945 278 24 55 1
123 : 36 1111 33 40 1
124 : 620 0 70 19 0
125 : 602 728 29 45 1
126 : 844 891 31 43 1
127 : 837 223 57 23 0
128 : 850 388 52 26 0
129 : 93 774 45 29 0
130 : 318 50 20 66 1
131 : 894 223 23 57 1
132 : 0 774 45 29 0
133 : 400 388 51 25 0
134 : 834 363 25 52 1
135 : 178 98 20 63 1
136 : 0 23 69 19 0
137 : 242 807 44 29 0
138 : 334 651 28 46 1
139 : 613 251 23 56 1
140 : 82 694 28 45 1
141 : 178 451 26 50 1
142 : 782 1253 37 34 0
143 : 120 75 65 20 0
144 : 939 614 28 46 1
145 : 63 50 65 19 0
146 : 826 251 56 23 0
147 : 648 614 46 27 0
148 : 789 651 28 45 1
149 : 856 553 47 27 0
150 : 36 1211 38 33 0
151 : 744 651 45 28 0
152 : 707 50 64 19 0
153 : 584 334 24 52 1
154 : 836 0 18 68 1
155 : 96 1039 40 31 0
156 : 770 614 46 27 0
157 : 61 118 20 61 1
158 : 783 1111 32 38 0
159 : 0 363 52 24 0
160 : 815 1111 38 32 1
161 : 530 1289 34 36 0
162 : 460 966 30 41 1
163 : 547 694 44 27 0
164 : 365 1074 31 39 1
165 : 839 118 20 61 1
166 : 723 1253 33 36 1
167 : 250 553 26 47 1
168 : 688 451 48 25 0
169 : 907 1150 32 37 0
170 : 929 75 62 19 0
171 : 252 1039 31 40 1
172 : 682 728 28 44 1
173 : 374 481 48 25 0
174 : 246 75 19 63 1
175 : 297 553 47 26 0
176 : 376 1001 40 30 0
177 : 299 581 46 26 0
178 : 687 1253 36 33 0
179 : 642 966 40 30 0
180 : 694 148 20 59 1
181 : 396 1329 34 35 0
182 : 764 1150 37 32 1
183 : 545 774 28 43 1
184 : 651 1253 33 36 1
185 : 0 581 26 46 1
186 : 602 172 21 58 1
187 : 780 930 29 41 1
188 : 332 420 24 49 1
189 : 258 1253 33 37 1
190 : 666 1150 32 37 0
191 : 634 1150 37 32 1
192 : 0 223 56 21 0
193 : 542 23 65 18 0
194 : 935 334 23 51 1
195 : 884 334 23 51 1
196 : 292 1039 30 39 1
197 : 566 388 50 24 0
198 : 603 302 52 23 0
199 : 602 1150 37 32 1
200 : 440 334 51 23 0
201 : 402 728 27 43 1
202 : 331 1039 30 39 1
203 : 41 451 48 24 0
204 : 866 198 56 21 0
205 : 902 481 25 47 1
206 : 604 420 24 49 1
207 : 794 1074 38 31 0
208 : 0 118 19 61 1
209 : 410 1289 33 35 0
210 : 805 148 59 20 0
211 : 371 520 25 47 1
212 : 498 1150 31 37 0
213 : 232 728 27 43 1
214 : 729 553 25 45 1
215 : 128 50 18 64 1
216 : 155 728 27 43 1
217 : 112 728 27 43 1
218 : 222 1253 36 32 0
219 : 370 1039 30 39 1
220 : 122 118 60 19 0
221 : 228 451 24 48 1
222 : 0 728 27 43 1
223 : 482 98 61 19 0
224 : 604 118 60 19 0
225 : 727 966 29 39 1
226 : 409 1039 30 39 1
227 : 736 451 24 47 1
228 : 877 614 26 44 1
229 : 833 614 26 44 1
230 : 416 118 60 19 0
231 : 928 363 50 23 0
232 : 162 198 56 20 0
233 : 275 728 43 27 0
234 : 856 966 29 39 1
235 : 711 172 57 20 0
236 : 351 23 65 17 0
237 : 356 278 21 53 1
238 : 51 334 51 22 0
239 : 522 50 18 64 1
240 : 641 451 47 24 0
241 : 0 334 51 22 0
242 : 832 50 63 18 0
243 : 705 1111 30 37 0
244 : 570 481 24 46 1
245 : 700 651 26 43 0
246 : 540 1211 31 36 0
247 : 381 420 48 23 0
248 : 616 481 46 24 0
249 : 182 118 19 60 1
250 : 264 1211 31 36 0
251 : 157 1211 31 36 1
252 : 373 930 28 40 1
253 : 662 481 46 24 0
254 : 584 148 58 19 0
255 : 656 651 26 43 0
256 : 286 807 27 42 1
257 : 0 98 18 61 1
258 : 113 930 40 28 0
259 : 543 1111 30 37 0
260 : 938 891 28 40 1
261 : 752 481 46 24 0
262 : 772 251 54 21 0
263 : 957 651 26 43 0
264 : 650 1329 33 34 0
265 : 406 1253 35 32 0
266 : 0 1211 36 31 0
267 : 763 581 25 44 1
268 : 513 1111 30 37 0
269 : 262 843 27 41 1
270 : 368 451 23 47 1
271 : 670 23 64 17 0
272 : 868 651 26 43 0
273 : 255 50 17 63 1
274 : 794 807 27 41 1
275 : 589 581 44 25 0
276 : 470 148 58 19 0
277 : 57 1366 33 33 0
278 : 633 581 44 25 0
279 : 600 363 49 22 0
280 : 500 1039 29 38 1
281 : 779 334 50 22 0
282 : 353 302 51 21 0
283 : 332 1111 30 37 1
284 : 796 1150 31 36 0
285 : 483 1111 30 37 0
286 : 421 98 18 61 1
287 : 128 553 24 45 1
288 : 42 651 25 43 1
289 : 600 843 40 27 1
290 : 940 728 26 42 0
291 : 221 223 20 55 1
292 : 525 843 40 27 1
293 : 875 1111 30 36 0
294 : 467 1289 34 32 1
295 : 404 1074 29 37 1
296 : 376 966 39 28 0
297 : 284 420 48 23 0
298 : 232 1329 32 33 0
299 : 446 843 40 27 1
300 : 579 520 24 45 1
301 : 774 553 24 44 1
302 : 276 451 23 47 1
303 : 738 1074 29 37 0
304 : 198 251 20 53 1
305 : 334 930 27 39 1
306 : 932 172 19 56 1
307 : 0 553 45 24 0
308 : 220 1074 37 29 0
309 : 713 98 18 60 1
310 : 0 1150 30 36 1
311 : 477 1074 37 29 0
312 : 644 553 24 44 1
313 : 223 930 27 39 1
314 : 890 774 26 41 1
315 : 45 481 23 46 1
316 : 91 481 46 23 0
317 : 352 388 48 22 0
318 : 569 75 61 17 0
319 : 508 75 61 17 0
320 : 326 520 23 45 1
321 : 72 807 26 41 1
322 : 936 420 23 47 1
323 : 704 302 50 21 0
324 : 0 930 39 27 0
325 : 302 334 50 21 0
326 : 50 278 52 20 0
327 : 154 278 52 20 0
328 : 192 50 17 63 1
329 : 129 1074 37 29 0
330 : 361 98 17 60 1
331 : 241 98 17 60 1
332 : 887 891 27 39 0
333 : 242 118 18 59 1
334 : 823 451 23 46 1
335 : 737 1329 32 33 0
336 : 255 581 24 44 1
337 : 97 520 23 45 1
338 : 931 774 26 41 1
339 : 376 1211 30 35 0
340 : 102 334 50 21 0
341 : 617 1253 34 31 0
342 : 562 278 52 20 0
343 : 0 1111 36 29 0
344 : 355 774 41 25 0
345 : 413 930 27 39 1
346 : 949 481 23 45 1
347 : 757 843 26 39 0
348 : 571 1211 30 35 0
349 : 680 1211 35 30 1
350 : 677 581 24 43 1
351 : 538 1039 37 28 0
352 : 0 148 18 58 1
353 : 835 807 26 40 1
354 : 241 966 27 38 1
355 : 720 581 24 43 1
356 : 455 1329 32 33 0
357 : 600 553 24 44 1
358 : 107 198 19 55 1
359 : 575 1039 37 28 0
360 : 301 118 18 59 1
361 : 350 251 53 20 0
362 : 612 1039 28 37 1
363 : 669 1039 28 37 1
364 : 699 420 22 47 1
365 : 0 966 27 38 1
366 : 679 807 40 26 0
367 : 56 223 19 54 1
368 : 118 98 60 17 0
369 : 425 891 26 39 0
370 : 441 1074 28 36 1
371 : 0 694 42 25 0
372 : 374 363 21 48 1
373 : 706 1039 28 37 1
374 : 175 1111 29 36 1
375 : 849 581 43 24 0
376 : 796 1039 37 28 0
377 : 388 198 55 19 0
378 : 469 451 22 46 1
379 : 935 1039 28 36 1
380 : 720 251 52 19 0
381 : 473 843 26 39 0
382 : 884 1289 31 33 0
383 : 499 843 26 39 0
384 : 833 1039 37 28 0
385 : 416 23 63 16 0
386 : 429 420 47 22 0
387 : 460 278 52 20 0
388 : 809 75 17 61 1
389 : 594 651 24 42 0
390 : 485 728 25 41 1
391 : 499 1289 33 31 1
392 : 967 1329 32 32 0
393 : 0 198 18 55 1
394 : 927 1111 35 29 1
395 : 328 223 53 19 0
396 : 396 774 25 41 1
397 : 479 23 63 16 0
398 : 25 1366 32 32 0
399 : 301 98 17 60 1
400 : 169 1001 37 27 0
401 : 241 1001 27 37 1
402 : 304 1289 30 33 0
403 : 892 581 43 24 0
404 : 188 1253 34 30 0
405 : 867 728 25 41 0
406 : 102 278 52 20 0
407 : 630 1289 33 31 1
408 : 245 1289 33 30 1
409 : 95 302 50 20 0
410 : 437 774 25 40 1
411 : 686 1289 33 31 1
412 : 138 966 38 27 0
413 : 303 302 20 50 1
414 : 0 481 45 22 0
415 : 90 1366 32 32 0
416 : 853 843 26 39 0
417 : 380 651 42 24 0
418 : 734 23 63 16 0
419 : 0 388 48 21 0
420 : 185 75 16 61 1
421 : 153 930 38 26 0
422 : 526 728 25 41 1
423 : 549 1074 28 36 1
424 : 79 891 26 39 1
425 : 0 251 19 53 1
426 : 0 50 63 16 0
427 : 393 553 23 44 1
428 : 670 388 21 47 1
429 : 895 966 37 27 0
430 : 33 1001 37 27 0
431 : 511 1211 29 34 0
432 : 0 1074 28 36 1
433 : 385 807 25 40 1
434 : 348 1253 30 34 1
435 : 329 1074 36 28 0
436 : 388 581 23 43 1
437 : 629 1001 36 27 1
438 : 803 388 21 47 1
439 : 0 651 24 42 1
440 : 771 50 16 61 1
441 : 223 843 25 39 1
442 : 895 50 61 16 0
443 : 563 891 38 26 1
444 : 667 520 23 44 1
445 : 215 1289 30 33 0
446 : 607 23 63 16 0
447 : 690 75 60 16 0
448 : 185 1289 30 33 0
449 : 653 420 46 21 0
450 : 134 420 21 47 1
451 : 951 451 22 45 1
452 : 932 966 27 37 1
453 : 935 581 23 42 1
454 : 595 198 18 54 1
455 : 655 302 49 20 0
456 : 279 363 20 48 1
457 : 181 420 21 47 1
458 : 211 1111 28 35 1
459 : 202 694 24 41 1
460 : 243 694 41 24 0
461 : 345 581 43 23 0
462 : 0 420 21 47 1
463 : 582 966 27 37 1
464 : 409 278 19 51 1
465 : 403 251 19 52 1
466 : 726 728 24 40 1
467 : 932 1074 28 35 0
468 : 769 1289 32 30 1
469 : 155 1289 30 33 0
470 : 0 614 23 42 1
471 : 257 278 19 51 1
472 : 730 694 41 24 0
473 : 701 1001 27 36 0
474 : 860 1074 28 35 0
475 : 528 807 25 39 1
476 : 907 694 41 24 0
477 : 489 807 25 39 1
478 : 528 148 56 17 0
479 : 121 614 23 42 1
480 : 329 172 17 55 1
481 : 40 1289 30 33 0
482 : 52 172 17 55 1
483 : 870 75 16 59 1
484 : 711 614 23 42 1
485 : 701 198 54 18 0
486 : 514 891 26 38 0
487 : 206 278 51 19 0
488 : 457 520 44 22 0
489 : 646 50 61 16 0
490 : 842 481 44 22 0
491 : 427 1150 28 34 0
492 : 807 581 23 42 1
493 : 719 807 25 39 1
494 : 924 930 37 26 0
495 : 239 1366 31 31 0
496 : 630 75 16 60 1
497 : 204 651 23 41 1
498 : 184 363 48 20 0
499 : 832 1074 28 35 0
500 : 825 1289 30 32 0
501 : 445 728 40 24 0
502 : 483 223 52 18 0
503 : 900 118 57 17 0
504 : 951 807 25 39 1
505 : 42 614 23 42 1
506 : 323 451 21 45 1
507 : 145 302 49 19 0
508 : 822 1329 31 30 1
509 : 708 481 22 44 1
510 : 122 651 23 41 1
511 : 732 843 38 25 1
512 : 707 843 25 38 0
513 : 58 148 57 17 0
514 : 278 1001 26 36 1
515 : 458 1211 28 33 0
516 : 163 651 23 41 1
517 : 754 278 50 19 0
518 : 608 1074 27 35 1
519 : 514 1074 27 35 1
520 : 328 807 24 39 1
521 : 847 1111 28 34 0
522 : 360 148 17 57 1
523 : 464 363 20 47 1
524 : 603 1001 26 36 0
525 : 649 930 37 25 0
526 : 798 481 22 44 1
527 : 571 651 41 23 1
528 : 777 774 39 24 0
529 : 547 172 17 55 1
530 : 575 843 25 38 0
531 : 0 302 50 19 0
532 : 455 251 18 51 1
533 : 84 1253 29 33 1
534 : 683 1329 31 30 1
535 : 295 1253 29 33 0
536 : 936 1329 31 31 0
537 : 804 278 50 19 0
538 : 194 302 49 19 0
539 : 541 1253 32 29 1
540 : 627 774 24 39 1
541 : 85 553 22 43 1
542 : 89 451 45 21 0
543 : 89 1150 34 28 0
544 : 696 363 47 20 0
545 : 547 581 22 42 1
546 : 505 581 22 42 1
547 : 137 891 25 38 1
548 : 171 172 17 55 1
549 : 902 388 20 46 1
550 : 816 774 39 24 0
551 : 558 553 22 42 1
552 : 260 388 20 46 1
553 : 431 223 52 18 0
554 : 852 1329 30 31 0
555 : 141 1111 34 27 0
556 : 956 1111 34 28 1
557 : 519 930 37 25 0
558 : 353 1150 28 34 0
559 : 254 334 48 19 0
560 : 293 651 23 41 1
561 : 819 1253 29 32 0
562 : 844 930 37 25 0
563 : 649 363 47 20 0
564 : 597 451 21 44 1
565 : 547 118 57 16 0
566 : 879 1150 28 33 0
567 : 666 774 39 24 0
568 : 357 694 40 23 0
569 : 939 1150 28 33 0
570 : 275 1289 29 32 0
571 : 511 363 47 20 0
572 : 706 930 25 37 1
573 : 94 1074 35 27 0
574 : 42 694 23 40 1
575 : 203 807 24 39 1
576 : 0 75 15 60 1
577 : 529 1001 26 36 0
578 : 890 1001 26 35 0
579 : 615 1111 27 34 0
580 : 916 1001 26 35 0
581 : 276 223 52 18 0
582 : 586 50 60 15 0
583 : 303 843 38 24 0
584 : 112 843 38 24 0
585 : 913 807 38 24 0
586 : 441 1253 29 32 0
587 : 476 420 45 20 0
588 : 669 251 18 51 1
589 : 624 520 22 43 1
590 : 60 75 60 15 0
591 : 505 302 49 19 0
592 : 512 278 18 50 1
593 : 536 1329 31 30 1
594 : 743 930 25 37 1
595 : 875 807 38 24 0
596 : 915 520 43 22 0
597 : 507 694 40 23 0
598 : 787 363 20 47 1
599 : 299 251 51 18 0
600 : 297 930 37 25 0
601 : 588 774 39 24 0
602 : 446 1001 26 36 1
603 : 39 930 25 37 1
604 : 150 843 24 38 1
605 : 575 1150 33 27 1
606 : 874 1253 29 32 0
607 : 327 363 20 47 1
608 : 726 891 25 37 0
609 : 590 614 22 41 1
610 : 264 1329 31 30 1
611 : 963 1001 35 26 1
612 : 766 728 23 39 1
613 : 863 302 19 48 1
614 : 526 481 21 44 1
615 : 554 302 49 19 0
616 : 591 694 23 40 1
617 : 750 75 15 59 1
618 : 767 1074 27 34 0
619 : 894 651 23 40 0
620 : 30 1039 26 35 1
621 : 194 520 21 43 1
622 : 815 302 19 48 1
623 : 915 1289 31 29 1
624 : 855 1289 31 29 1
625 : 775 1001 26 35 0
626 : 54 520 43 21 0
627 : 535 223 52 18 0
628 : 76 930 25 37 1
629 : 245 891 37 24 0
630 : 549 614 41 22 0
631 : 74 1211 33 28 0
632 : 799 1211 28 32 0
633 : 306 388 20 46 1
634 : 508 614 41 22 0
635 : 134 451 44 20 0
636 : 589 891 25 37 0
637 : 537 334 19 47 1
638 : 756 1111 27 33 0
639 : 214 581 41 21 0
640 : 783 843 37 24 1
641 : 232 363 47 19 0
642 : 223 774 39 23 0
643 : 130 1211 27 32 0
644 : 104 1001 35 25 0
645 : 186 1074 26 34 1
646 : 479 553 42 21 0
647 : 295 1211 27 32 0
648 : 914 891 36 24 1
649 : 322 1211 27 32 0
650 : 349 1211 32 27 1
651 : 917 651 22 39 0
652 : 869 451 20 43 1
653 : 358 1289 30 28 1
654 : 406 1211 32 27 1
655 : 53 251 50 17 0
656 : 688 553 21 41 1
657 : 437 553 42 21 0
658 : 55 198 52 16 0
659 : 922 198 17 52 1
660 : 206 1001 35 25 0
661 : 89 420 19 45 1
662 : 593 1329 29 30 0
663 : 163 694 22 39 1
664 : 960 1074 33 26 1
665 : 601 1211 27 32 0
666 : 628 1211 32 27 1
667 : 122 1366 29 29 0
668 : 163 614 21 40 1
669 : 773 891 36 24 1
670 : 71 966 35 24 0
671 : 604 807 23 37 1
672 : 284 694 22 39 1
673 : 0 278 17 50 1
674 : 567 807 23 37 1
675 : 123 1150 26 32 1
676 : 203 614 40 21 0
677 : 807 843 36 23 1
678 : 830 843 23 36 0
679 : 649 198 16 52 1
680 : 961 930 35 24 1
681 : 70 1001 24 34 1
682 : 491 334 18 46 1
683 : 599 98 57 15 0
684 : 540 891 35 23 1
685 : 656 98 57 15 0
686 : 280 614 40 21 0
687 : 703 966 24 34 0
688 : 741 1289 28 30 0
689 : 821 930 23 35 0
690 : 543 198 52 16 0
691 : 664 118 56 15 0
692 : 95 363 46 18 0
693 : 66 1329 30 28 1
694 : 622 1329 28 29 0
695 : 706 278 17 48 1
696 : 179 148 15 55 1
697 : 814 198 52 16 0
698 : 61 98 57 14 0
699 : 885 98 56 14 0
700 : 783 118 15 56 1
701 : 974 843 23 36 0
702 : 360 118 56 15 0
703 : 381 223 16 50 1
704 : 643 1074 25 33 0
705 : 740 774 37 22 0
706 : 552 843 36 23 1
707 : 713 1074 33 25 1
708 : 827 1150 31 26 1
709 : 703 891 35 23 1
710 : 758 807 36 22 0
711 : 484 930 23 35 1
712 : 763 1039 24 33 1
713 : 830 172 52 15 0
714 : 922 1211 26 30 0
715 : 262 930 35 23 0
716 : 829 98 56 14 0
717 : 965 1253 30 27 1
718 : 46 581 20 40 1
719 : 728 1001 33 24 1
720 : 759 388 44 18 0
721 : 853 1150 31 26 1
722 : 178 481 42 19 0
723 : 773 98 56 14 0
724 : 424 843 36 22 1
725 : 320 614 20 39 1
726 : 36 1150 31 25 0
727 : 543 98 14 56 1
728 : 175 891 22 35 1
729 : 51 807 21 36 0
730 : 118 1329 27 29 0
731 : 916 148 53 15 0
732 : 210 891 35 22 0
733 : 484 481 42 19 0
734 : 769 1329 27 28 0
735 : 978 891 34 22 1
736 : 200 1150 31 25 0
737 : 113 807 21 36 0
738 : 231 1150 31 25 0
739 : 308 278 16 48 1
740 : 734 334 17 45 1
741 : 319 1329 28 27 1
742 : 848 1253 29 26 1
743 : 433 1211 30 25 1
744 : 486 1211 25 30 0
745 : 0 1001 33 23 0
746 : 636 651 37 20 1
747 : 882 1329 27 28 0
748 : 751 891 22 34 0
749 : 403 843 21 35 0
750 : 633 891 34 22 1
751 : 655 1211 25 30 0
752 : 619 966 33 23 1
753 : 566 1329 27 28 0
754 : 881 930 34 22 1
755 : 397 694 37 20 0
756 : 752 1001 23 32 0
757 : 459 302 16 46 1
758 : 909 1329 27 27 0
759 : 801 1001 23 32 0
760 : 434 694 20 37 1
761 : 898 278 16 47 1
762 : 343 966 22 33 1
763 : 45 553 40 19 0
764 : 150 251 48 15 0
765 : 157 1039 32 23 0
766 : 220 1039 32 23 0
767 : 0 172 52 14 0
768 : 38 966 22 33 1
769 : 226 172 14 52 1
770 : 660 172 14 51 1
771 : 138 774 36 20 0
772 : 743 363 44 17 0
773 : 746 420 42 17 0
774 : 565 251 48 15 0
775 : 28 1253 29 25 0
776 : 331 891 34 21 1
777 : 137 481 18 41 1
778 : 556 451 18 41 1
779 : 76 1111 24 31 0
780 : 417 148 53 14 0
781 : 279 966 33 22 0
782 : 539 520 40 18 0
783 : 212 1366 27 27 0
784 : 359 614 38 19 0
785 : 678 1001 32 23 1
786 : 404 891 34 21 1
787 : 864 148 52 14 0
788 : 451 891 21 34 0
789 : 208 966 22 33 1
790 : 472 891 21 34 0
791 : 824 1001 32 23 1
792 : 560 966 22 32 0
793 : 381 1150 30 24 1
794 : 0 451 17 41 1
795 : 493 198 14 50 1
796 : 188 843 35 21 0
797 : 971 1211 25 29 0
798 : 660 278 46 15 0
799 : 966 728 20 36 0
800 : 799 1289 28 26 1
801 : 493 891 34 21 1
802 : 473 651 19 37 1
803 : 818 553 18 38 1
804 : 211 553 18 39 1
805 : 391 1111 23 30 0
806 : 251 251 15 48 1
807 : 515 451 17 41 1
808 : 448 1039 31 22 0
809 : 443 198 50 14 0
810 : 78 843 34 20 0
811 : 562 420 17 42 1
812 : 642 148 52 13 0
813 : 585 1074 31 23 1
814 : 895 420 41 17 0
815 : 855 774 20 35 1
816 : 176 966 21 32 1
817 : 85 651 37 19 0
818 : 783 451 40 17 0
819 : 218 198 14 50 1
820 : 656 1001 31 22 1
821 : 636 334 16 44 1
822 : 48 388 16 43 1
823 : 91 388 16 43 1
824 : 898 1211 24 28 0
825 : 796 1329 26 27 0
826 : 193 1211 29 24 1
827 : 382 1253 28 24 1
828 : 270 1366 26 26 0
829 : 705 774 20 35 1
830 : 117 1253 24 28 0
831 : 753 148 13 52 1
832 : 435 172 13 51 1
833 : 84 614 18 37 1
834 : 868 1001 22 31 0
835 : 717 388 16 42 1
836 : 471 694 19 36 1
837 : 396 334 15 44 1
838 : 106 966 32 21 0
839 : 65 1039 31 22 0
840 : 43 728 19 35 1
841 : 414 1111 30 23 1
842 : 103 251 47 14 0
843 : 330 1150 23 29 0
844 : 145 1329 27 25 1
845 : 189 1039 31 22 0
846 : 243 614 18 37 1
847 : 587 223 48 14 0
848 : 521 420 41 16 0
849 : 141 1253 28 24 1
850 : 903 553 18 38 1
851 : 418 520 17 39 1
852 : 0 1329 27 25 0
853 : 127 694 36 19 0
854 : 324 1253 28 24 1
855 : 942 251 14 47 1
856 : 903 930 21 32 0
857 : 882 172 50 13 0
858 : 176 581 38 18 0
859 : 827 1211 28 24 1
860 : 851 1211 28 24 1
861 : 635 223 14 48 1
862 : 47 420 16 42 1
863 : 683 223 14 48 1
864 : 52 363 15 43 1
865 : 0 1253 24 28 1
866 : 314 1001 31 21 0
867 : 345 1001 31 21 0
868 : 614 278 14 46 1
869 : 371 1329 25 26 0
870 : 627 843 33 20 1
871 : 334 1289 24 27 0
872 : 294 1329 26 25 1
873 : 262 1150 29 23 1
874 : 618 651 36 18 1
875 : 477 774 34 19 0
876 : 948 388 42 16 0
877 : 967 1150 28 23 1
878 : 155 1150 23 29 0
879 : 647 843 20 33 0
880 : 661 1289 27 25 1
881 : 470 1253 27 24 1
882 : 539 966 31 21 1
883 : 511 774 34 19 0
884 : 667 843 20 33 0
885 : 494 1253 27 24 1
886 : 647 728 35 19 0
887 : 913 1039 30 22 1
888 : 210 334 15 44 1
889 : 257 1074 22 30 1
890 : 687 843 33 20 1
891 : 567 728 35 19 0
892 : 558 363 15 42 1
893 : 430 1329 26 25 1
894 : 0 1039 21 30 1
895 : 346 1329 25 26 0
896 : 570 1253 27 24 1
897 : 710 1211 28 23 1
898 : 912 451 16 39 1
899 : 384 172 13 51 1
900 : 278 172 13 51 1
901 : 136 1039 30 21 1
902 : 141 363 43 15 0
903 : 50 302 14 45 1
904 : 682 966 31 21 1
905 : 352 334 44 15 0
906 : 939 651 18 35 0
907 : 57 1253 27 23 0
908 : 726 651 18 35 0
909 : 564 1289 24 26 0
910 : 717 1289 24 26 0
911 : 888 1074 22 29 0
912 : 107 1211 23 28 0
913 : 921 614 36 18 1
914 : 682 651 35 18 1
915 : 686 930 32 20 1
916 : 479 1039 21 30 0
917 : 369 1111 29 22 1
918 : 178 1150 28 22 1
919 : 511 1329 25 26 0
920 : 641 807 33 19 1
921 : 910 1074 29 22 1
922 : 94 1329 24 26 0
923 : 660 807 19 33 0
924 : 405 1150 28 22 1
925 : 184 807 34 19 1
926 : 312 966 31 20 0
927 : 165 1253 23 27 0
928 : 821 694 35 18 0
929 : 208 1329 26 24 1
930 : 386 1289 24 26 0
931 : 173 553 17 38 1
932 : 443 1289 24 26 0
933 : 886 363 15 42 1
934 : 941 553 37 17 0
935 : 875 1211 27 23 1
936 : 134 388 15 42 1
937 : 281 481 16 39 1
938 : 86 581 37 17 0
939 : 948 1211 23 27 0
940 : 288 520 38 16 0
941 : 176 388 42 15 0
942 : 905 1111 28 22 1
943 : 731 223 13 47 1
944 : 191 930 20 32 1
945 : 0 1366 25 25 0
946 : 368 728 34 18 0
947 : 0 891 32 19 0
948 : 218 388 15 42 1
949 : 847 1001 30 21 1
950 : 422 363 15 42 1
951 : 118 891 32 19 1
952 : 501 520 38 16 0
953 : 942 1001 30 21 1
954 : 173 223 48 13 0
955 : 431 581 37 17 0
956 : 67 1150 28 22 1
957 : 452 930 32 20 0
958 : 631 614 36 17 1
959 : 468 581 37 17 0
960 : 45 843 19 33 1
961 : 969 966 20 30 0
962 : 65 1074 29 21 0
963 : 713 1329 25 24 1
964 : 518 1253 23 26 0
965 : 367 807 18 33 0
966 : 694 614 36 17 1
967 : 573 1111 21 28 0
968 : 594 1253 26 23 1
969 : 487 1329 25 24 1
970 : 521 553 37 16 0
971 : 753 614 36 17 1
972 : 139 1001 20 30 1
973 : 198 728 18 34 1
974 : 759 1253 23 26 0
975 : 594 1111 21 28 0
976 : 78 728 34 18 0
977 : 886 481 38 16 1
978 : 816 614 17 36 0
979 : 36 1074 29 21 0
980 : 903 1253 26 23 1
981 : 834 651 17 34 0
982 : 642 1111 28 21 1
983 : 425 807 33 18 1
984 : 663 1111 28 21 1
985 : 851 651 17 34 0
986 : 416 1001 30 20 0
987 : 649 1039 29 20 1
988 : 684 1111 21 28 0
989 : 501 966 30 19 1
990 : 296 1366 24 24 0
991 : 323 694 34 17 0
992 : 743 1039 20 29 0
993 : 614 891 31 19 1
994 : 151 1366 24 24 0
995 : 735 1111 21 28 0
996 : 520 966 30 19 1
997 : 166 1074 28 20 1
998 : 733 1211 22 27 0
999 : 854 278 13 44 1
