1000 1056
0 : 0 0 66 61 0
1 : 66 0 62 48 0
2 : 128 0 62 46 0
3 : 190 0 61 43 0
4 : 453 0 39 62 1
5 : 671 0 38 61 0
6 : 919 164 30 71 1
7 : 747 0 56 37 1
8 : 515 0 52 39 1
9 : 76 61 36 55 1
10 : 385 312 74 27 0
11 : 251 0 42 47 0
12 : 913 98 61 32 0
13 : 0 132 58 32 0
14 : 131 61 51 36 0
15 : 293 0 46 40 1
16 : 755 569 79 23 0
17 : 709 0 48 38 1
18 : 676 569 79 23 0
19 : 0 195 30 60 1
20 : 634 662 22 81 1
21 : 182 61 36 49 1
22 : 843 420 25 71 1
23 : 384 496 73 24 0
24 : 769 132 57 31 0
25 : 771 420 72 25 0
26 : 490 61 50 35 0
27 : 882 132 56 31 0
28 : 191 98 33 54 1
29 : 554 0 39 46 0
30 : 636 255 28 63 1
31 : 834 569 77 23 0
32 : 373 0 43 40 1
33 : 279 61 36 48 1
34 : 826 132 56 31 0
35 : 771 61 51 34 0
36 : 58 132 54 32 0
37 : 333 0 44 40 1
38 : 784 0 37 47 0
39 : 720 61 51 34 0
40 : 231 61 48 36 0
41 : 245 98 53 33 0
42 : 593 0 39 45 0
43 : 822 61 34 50 1
44 : 715 662 22 78 1
45 : 298 98 51 33 0
46 : 451 225 29 58 1
47 : 73 593 73 23 0
48 : 0 593 23 73 1
49 : 821 0 37 45 0
50 : 911 569 73 23 0
51 : 413 0 42 40 1
52 : 687 367 26 64 1
53 : 938 132 31 54 1
54 : 146 593 23 72 1
55 : 83 729 79 21 0
56 : 540 61 35 47 1
57 : 399 98 33 50 1
58 : 632 0 39 42 0
59 : 349 98 33 50 1
60 : 60 195 54 30 0
61 : 459 312 60 27 0
62 : 872 61 47 34 0
63 : 793 662 22 73 1
64 : 449 98 49 33 0
65 : 858 0 37 43 0
66 : 114 195 30 52 1
67 : 285 593 67 23 0
68 : 632 61 35 45 1
69 : 914 420 62 25 0
70 : 457 496 24 64 1
71 : 587 61 35 45 1
72 : 370 61 36 43 1
73 : 751 367 26 59 1
74 : 327 61 43 36 0
75 : 218 593 67 23 0
76 : 919 61 34 45 1
77 : 521 496 64 24 0
78 : 112 132 32 48 1
79 : 166 195 30 51 1
80 : 160 132 32 48 1
81 : 0 446 25 61 1
82 : 519 312 55 27 0
83 : 699 255 54 28 0
84 : 498 98 33 46 1
85 : 0 164 31 48 1
86 : 544 98 45 33 0
87 : 509 225 51 29 0
88 : 677 61 43 35 0
89 : 664 772 74 20 0
90 : 560 225 50 29 0
91 : 895 0 40 37 1
92 : 61 446 25 59 1
93 : 48 164 31 47 1
94 : 217 195 30 48 1
95 : 95 164 46 31 0
96 : 932 0 37 39 0
97 : 0 61 37 39 1
98 : 866 662 63 22 0
99 : 0 98 34 42 1
100 : 810 367 26 55 1
101 : 141 164 31 45 1
102 : 162 729 67 21 0
103 : 352 593 23 61 1
104 : 472 593 23 59 1
105 : 265 195 46 30 0
106 : 929 662 62 22 0
107 : 865 367 26 54 1
108 : 413 61 36 39 1
109 : 413 593 59 23 0
110 : 738 772 69 20 0
111 : 574 312 51 27 0
112 : 186 164 31 44 1
113 : 802 255 28 49 1
114 : 39 61 37 37 0
115 : 42 98 34 41 1
116 : 230 164 31 44 1
117 : 753 255 49 28 0
118 : 229 729 65 21 0
119 : 807 772 20 68 1
120 : 452 61 36 38 1
121 : 120 446 55 25 0
122 : 585 496 24 55 1
123 : 589 98 33 40 1
124 : 575 833 70 19 0
125 : 610 225 29 45 1
126 : 274 164 31 43 1
127 : 531 593 57 23 0
128 : 919 367 52 26 0
129 : 700 225 45 29 0
130 : 875 772 20 66 1
131 : 588 593 23 57 1
132 : 655 225 45 29 0
133 : 227 446 51 25 0
134 : 175 446 25 52 1
135 : 65 793 20 63 1
136 : 645 833 69 19 0
137 : 745 225 44 29 0
138 : 897 255 28 46 1
139 : 701 593 23 56 1
140 : 45 284 28 45 1
141 : 0 394 26 50 1
142 : 83 98 37 34 0
143 : 0 793 65 20 0
144 : 851 255 28 46 1
145 : 714 833 65 19 0
146 : 645 593 56 23 0
147 : 718 312 46 27 0
148 : 0 284 28 45 1
149 : 625 312 47 27 0
150 : 629 98 38 33 0
151 : 943 255 45 28 0
152 : 779 833 64 19 0
153 : 640 496 24 52 1
154 : 533 891 18 68 1
155 : 357 164 40 31 0
156 : 672 312 46 27 0
157 : 189 793 20 61 1
158 : 208 132 32 38 1
159 : 692 496 52 24 0
160 : 246 132 38 32 0
161 : 120 98 34 36 1
162 : 311 195 30 41 1
163 : 764 312 44 27 0
164 : 397 164 31 39 1
165 : 128 793 20 61 1
166 : 704 98 33 36 1
167 : 97 394 26 47 1
168 : 278 446 48 25 0
169 : 395 132 32 37 1
170 : 906 833 62 19 0
171 : 317 164 31 40 1
172 : 90 284 28 44 1
173 : 326 446 48 25 0
174 : 843 833 19 63 1
175 : 50 394 47 26 0
176 : 392 195 40 30 0
177 : 144 394 46 26 0
178 : 776 98 36 33 0
179 : 352 195 40 30 0
180 : 309 793 20 59 1
181 : 156 98 34 35 1
182 : 321 132 37 32 0
183 : 134 284 28 43 1
184 : 740 98 33 36 1
185 : 190 394 26 46 1
186 : 294 729 21 58 1
187 : 789 225 29 41 1
188 : 794 496 24 49 1
189 : 667 98 33 37 1
190 : 358 132 32 37 1
191 : 432 132 37 32 0
192 : 352 729 56 21 0
193 : 601 891 65 18 0
194 : 860 593 23 51 1
195 : 911 593 23 51 1
196 : 510 195 30 39 1
197 : 744 496 50 24 0
198 : 757 593 52 23 0
199 : 284 132 37 32 0
200 : 809 593 51 23 0
201 : 43 340 27 43 1
202 : 471 195 30 39 1
203 : 940 496 48 24 0
204 : 408 729 56 21 0
205 : 421 446 25 47 1
206 : 843 496 24 49 1
207 : 436 164 38 31 0
208 : 0 853 19 61 1
209 : 812 98 33 35 1
210 : 250 793 59 20 0
211 : 374 446 25 47 1
212 : 474 164 31 37 1
213 : 0 340 27 43 1
214 : 468 446 25 45 1
215 : 730 891 18 64 1
216 : 808 312 27 43 1
217 : 851 312 27 43 1
218 : 469 132 36 32 0
219 : 549 195 30 39 1
220 : 122 853 60 19 0
221 : 892 496 24 48 1
222 : 894 312 27 43 1
223 : 61 853 61 19 0
224 : 242 853 60 19 0
225 : 869 225 29 39 1
226 : 432 195 30 39 1
227 : 47 521 24 47 1
228 : 280 394 26 44 1
229 : 236 394 26 44 1
230 : 182 853 60 19 0
231 : 0 616 50 23 0
232 : 425 793 56 20 0
233 : 937 312 43 27 0
234 : 830 225 29 39 1
235 : 368 793 57 20 0
236 : 688 928 65 17 0
237 : 518 729 21 53 1
238 : 0 685 51 22 0
239 : 666 891 18 64 1
240 : 0 521 47 24 0
241 : 51 685 51 22 0
242 : 794 891 63 18 0
243 : 699 195 30 37 1
244 : 232 521 24 46 1
245 : 453 394 26 43 1
246 : 619 164 31 36 1
247 : 98 616 48 23 0
248 : 140 521 46 24 0
249 : 302 853 19 60 1
250 : 511 164 31 36 1
251 : 583 164 31 36 1
252 : 177 284 28 40 1
253 : 186 521 46 24 0
254 : 420 853 58 19 0
255 : 367 394 26 43 1
256 : 86 340 27 42 1
257 : 918 891 18 61 1
258 : 257 284 40 28 0
259 : 588 195 30 37 1
260 : 217 284 28 40 1
261 : 94 521 46 24 0
262 : 464 729 54 21 0
263 : 410 394 26 43 1
264 : 847 98 33 34 0
265 : 505 132 35 32 0
266 : 547 164 36 31 0
267 : 557 446 25 44 1
268 : 662 195 30 37 1
269 : 128 340 27 41 1
270 : 240 616 23 47 1
271 : 753 928 64 17 0
272 : 324 394 26 43 1
273 : 880 928 17 63 1
274 : 169 340 27 41 1
275 : 601 446 44 25 0
276 : 362 853 58 19 0
277 : 880 98 33 33 0
278 : 513 446 44 25 0
279 : 152 685 49 22 0
280 : 908 225 29 38 1
281 : 102 685 50 22 0
282 : 571 729 51 21 0
283 : 625 195 30 37 1
284 : 655 164 31 36 1
285 : 736 195 30 37 1
286 : 857 891 18 61 1
287 : 368 521 24 45 1
288 : 645 446 25 43 1
289 : 250 340 40 27 0
290 : 496 394 26 42 1
291 : 481 793 20 55 1
292 : 290 340 40 27 0
293 : 773 195 30 36 1
294 : 540 132 34 32 0
295 : 946 225 29 37 1
296 : 297 284 39 28 0
297 : 50 616 48 23 0
298 : 640 132 32 33 1
299 : 210 340 40 27 0
300 : 323 521 24 45 1
301 : 413 521 24 44 1
302 : 193 616 23 47 1
303 : 111 255 29 37 1
304 : 589 793 20 53 1
305 : 369 340 27 39 1
306 : 478 853 19 56 1
307 : 278 521 45 24 0
308 : 74 255 37 29 0
309 : 0 910 18 60 1
310 : 809 195 30 36 1
311 : 0 255 37 29 0
312 : 501 521 24 44 1
313 : 330 340 27 39 1
314 : 538 394 26 41 1
315 : 379 616 23 46 1
316 : 333 616 46 23 0
317 : 201 685 48 22 0
318 : 0 946 61 17 0
319 : 122 946 61 17 0
320 : 515 616 23 45 1
321 : 620 394 26 41 1
322 : 146 616 23 47 1
323 : 622 729 50 21 0
324 : 447 340 39 27 0
325 : 672 729 50 21 0
326 : 798 793 52 20 0
327 : 746 793 52 20 0
328 : 817 928 17 63 1
329 : 37 255 37 29 0
330 : 303 946 17 60 1
331 : 243 946 17 60 1
332 : 486 340 27 39 1
333 : 119 910 18 59 1
334 : 287 616 23 46 1
335 : 574 132 32 33 1
336 : 545 521 24 44 1
337 : 470 616 23 45 1
338 : 579 394 26 41 1
339 : 880 195 30 35 1
340 : 722 729 50 21 0
341 : 691 164 34 31 0
342 : 642 793 52 20 0
343 : 184 255 36 29 0
344 : 730 446 41 25 0
345 : 408 340 27 39 1
346 : 425 616 23 45 1
347 : 936 394 26 39 1
348 : 845 195 30 35 1
349 : 915 195 35 30 0
350 : 675 521 24 43 1
351 : 484 284 37 28 0
352 : 178 910 18 58 1
353 : 701 394 26 40 1
354 : 525 340 27 38 1
355 : 718 521 24 43 1
356 : 607 132 32 33 1
357 : 457 521 24 44 1
358 : 534 853 19 55 1
359 : 336 284 37 28 0
360 : 60 910 18 59 1
361 : 536 793 53 20 0
362 : 558 284 28 37 1
363 : 521 284 28 37 1
364 : 249 685 22 47 1
365 : 601 340 27 38 1
366 : 661 394 40 26 0
367 : 644 853 19 54 1
368 : 363 946 60 17 0
369 : 897 394 26 39 1
370 : 667 284 28 36 1
371 : 688 446 42 25 0
372 : 820 729 21 48 1
373 : 447 284 28 37 1
374 : 148 255 29 36 1
375 : 589 521 43 24 0
376 : 410 284 37 28 0
377 : 589 853 55 19 0
378 : 343 685 22 46 1
379 : 595 284 28 36 1
380 : 804 853 52 19 0
381 : 741 394 26 39 1
382 : 824 164 31 33 1
383 : 819 394 26 39 1
384 : 373 284 37 28 0
385 : 63 980 63 16 0
386 : 296 685 47 22 0
387 : 694 793 52 20 0
388 : 61 946 17 61 1
389 : 845 521 24 42 1
390 : 853 446 25 41 1
391 : 791 164 33 31 0
392 : 673 132 32 32 0
393 : 236 910 18 55 1
394 : 220 255 35 29 0
395 : 751 853 53 19 0
396 : 771 446 25 41 1
397 : 0 980 63 16 0
398 : 705 132 32 32 0
399 : 183 946 17 60 1
400 : 639 340 37 27 0
401 : 676 340 27 37 1
402 : 100 225 30 33 1
403 : 632 521 43 24 0
404 : 950 195 34 30 0
405 : 812 446 25 41 1
406 : 850 793 52 20 0
407 : 758 164 33 31 0
408 : 199 225 33 30 0
409 : 902 793 50 20 0
410 : 935 446 25 40 1
411 : 725 164 33 31 0
412 : 563 340 38 27 0
413 : 0 813 20 50 1
414 : 434 685 45 22 0
415 : 737 132 32 32 0
416 : 780 394 26 39 1
417 : 761 521 42 24 0
418 : 905 963 63 16 0
419 : 772 729 48 21 0
420 : 252 980 16 61 1
421 : 0 420 38 26 0
422 : 894 446 25 41 1
423 : 739 284 28 36 1
424 : 858 394 26 39 1
425 : 698 853 19 53 1
426 : 189 980 63 16 0
427 : 560 616 23 44 1
428 : 868 729 21 47 1
429 : 750 340 37 27 0
430 : 713 340 37 27 0
431 : 255 255 29 34 1
432 : 703 284 28 36 1
433 : 0 471 25 40 1
434 : 0 225 30 34 1
435 : 631 284 36 28 0
436 : 648 616 23 43 1
437 : 897 340 36 27 0
438 : 47 751 21 47 1
439 : 803 521 24 42 1
440 : 313 980 16 61 1
441 : 40 471 25 39 1
442 : 374 980 61 16 0
443 : 76 420 38 26 0
444 : 604 616 23 44 1
445 : 166 225 30 33 1
446 : 126 980 63 16 0
447 : 556 980 60 16 0
448 : 133 225 30 33 1
449 : 141 751 46 21 0
450 : 0 751 21 47 1
451 : 389 685 22 45 1
452 : 824 340 27 37 1
453 : 818 616 23 42 1
454 : 291 910 18 54 1
455 : 50 813 49 20 0
456 : 99 813 20 48 1
457 : 94 751 21 47 1
458 : 845 284 28 35 1
459 : 41 545 24 41 1
460 : 887 521 41 24 0
461 : 691 616 43 23 0
462 : 915 729 21 47 1
463 : 787 340 27 37 1
464 : 0 872 19 51 1
465 : 856 853 19 52 1
466 : 122 545 24 40 1
467 : 775 284 28 35 1
468 : 264 225 32 30 0
469 : 67 225 30 33 1
470 : 734 616 23 42 1
471 : 51 872 19 51 1
472 : 928 521 41 24 0
473 : 861 340 27 36 1
474 : 810 284 28 35 1
475 : 79 471 25 39 1
476 : 0 545 41 24 0
477 : 157 471 25 39 1
478 : 594 946 56 17 0
479 : 776 616 23 42 1
480 : 650 946 17 55 1
481 : 34 225 30 33 1
482 : 705 946 17 55 1
483 : 616 980 16 59 1
484 : 944 616 23 42 1
485 : 345 910 54 18 0
486 : 38 420 26 38 1
487 : 908 853 51 19 0
488 : 611 685 44 22 0
489 : 435 980 61 16 0
490 : 479 685 44 22 0
491 : 34 312 28 34 1
492 : 902 616 23 42 1
493 : 118 471 25 39 1
494 : 114 420 37 26 0
495 : 857 164 31 31 0
496 : 496 980 16 60 1
497 : 164 639 23 41 1
498 : 147 813 48 20 0
499 : 880 284 28 35 1
500 : 232 225 30 32 1
501 : 82 545 40 24 0
502 : 555 910 52 18 0
503 : 480 946 57 17 0
504 : 196 471 25 39 1
505 : 860 616 23 42 1
506 : 187 751 21 45 1
507 : 350 872 49 19 0
508 : 296 225 31 30 0
509 : 567 685 22 44 1
510 : 0 639 23 41 1
511 : 273 471 38 25 0
512 : 349 471 25 38 1
513 : 423 946 57 17 0
514 : 187 420 26 36 1
515 : 102 312 28 33 1
516 : 123 639 23 41 1
517 : 102 872 50 19 0
518 : 35 367 27 35 1
519 : 933 340 27 35 1
520 : 240 545 24 39 1
521 : 915 284 28 34 1
522 : 537 946 17 57 1
523 : 383 813 20 47 1
524 : 151 420 26 36 1
525 : 424 471 37 25 0
526 : 523 685 22 44 1
527 : 82 639 41 23 0
528 : 357 545 39 24 0
529 : 815 946 17 55 1
530 : 235 471 25 38 1
531 : 152 872 50 19 0
532 : 607 910 18 51 1
533 : 289 255 29 33 1
534 : 420 225 31 30 0
535 : 322 255 29 33 1
536 : 888 164 31 31 0
537 : 202 872 50 19 0
538 : 399 872 49 19 0
539 : 483 255 32 29 0
540 : 201 545 24 39 1
541 : 655 685 22 43 1
542 : 232 751 45 21 0
543 : 68 312 34 28 0
544 : 336 813 47 20 0
545 : 868 685 22 42 1
546 : 826 685 22 42 1
547 : 311 471 25 38 1
548 : 760 946 17 55 1
549 : 477 813 20 46 1
550 : 162 545 39 24 0
551 : 784 685 22 42 1
552 : 523 813 20 46 1
553 : 503 910 52 18 0
554 : 358 225 30 31 1
555 : 70 367 34 27 0
556 : 0 312 34 28 0
557 : 387 471 37 25 0
558 : 949 284 28 34 1
559 : 544 872 48 19 0
560 : 41 639 23 41 1
561 : 387 255 29 32 1
562 : 683 471 37 25 0
563 : 430 813 47 20 0
564 : 321 751 21 44 1
565 : 675 980 57 16 0
566 : 168 312 28 33 1
567 : 396 545 39 24 0
568 : 365 639 40 23 0
569 : 135 312 28 33 1
570 : 419 255 29 32 1
571 : 195 813 47 20 0
572 : 535 471 25 37 1
573 : 0 367 35 27 0
574 : 285 639 23 40 1
575 : 318 545 24 39 1
576 : 727 996 15 60 1
577 : 223 420 26 36 1
578 : 365 420 26 35 1
579 : 104 367 27 34 1
580 : 400 420 26 35 1
581 : 451 910 52 18 0
582 : 667 996 60 15 0
583 : 587 545 38 24 0
584 : 473 545 38 24 0
585 : 511 545 38 24 0
586 : 451 255 29 32 1
587 : 615 813 45 20 0
588 : 658 910 18 51 1
589 : 698 685 22 43 1
590 : 787 996 60 15 0
591 : 301 872 49 19 0
592 : 760 910 18 50 1
593 : 389 225 31 30 0
594 : 720 471 25 37 1
595 : 549 545 38 24 0
596 : 741 685 43 22 0
597 : 245 639 40 23 0
598 : 289 813 20 47 1
599 : 709 910 51 18 0
600 : 461 471 37 25 0
601 : 279 545 39 24 0
602 : 259 420 26 36 1
603 : 646 471 25 37 1
604 : 435 545 24 38 1
605 : 172 367 33 27 0
606 : 355 255 29 32 1
607 : 242 813 20 47 1
608 : 609 471 25 37 1
609 : 910 685 22 41 1
610 : 327 225 31 30 0
611 : 435 420 35 26 0
612 : 444 639 23 39 1
613 : 448 872 19 48 1
614 : 277 751 21 44 1
615 : 252 872 49 19 0
616 : 205 639 23 40 1
617 : 847 996 15 59 1
618 : 138 367 27 34 1
619 : 325 639 23 40 1
620 : 295 420 26 35 1
621 : 408 751 21 43 1
622 : 496 872 19 48 1
623 : 515 255 31 29 0
624 : 546 255 31 29 0
625 : 330 420 26 35 1
626 : 365 751 43 21 0
627 : 399 910 52 18 0
628 : 572 471 25 37 1
629 : 625 545 37 24 0
630 : 951 685 41 22 0
631 : 201 312 33 28 0
632 : 234 312 28 32 1
633 : 569 813 20 46 1
634 : 0 707 41 22 0
635 : 660 813 44 20 0
636 : 498 471 25 37 1
637 : 639 872 19 47 1
638 : 205 367 27 33 1
639 : 535 751 41 21 0
640 : 662 545 37 24 0
641 : 592 872 47 19 0
642 : 405 639 39 23 0
643 : 430 367 27 32 1
644 : 757 471 35 25 0
645 : 470 420 26 34 1
646 : 451 751 42 21 0
647 : 398 367 27 32 1
648 : 699 545 36 24 0
649 : 366 367 27 32 1
650 : 334 367 32 27 0
651 : 119 707 22 39 1
652 : 704 813 20 43 1
653 : 326 312 30 28 0
654 : 302 367 32 27 0
655 : 922 946 50 17 0
656 : 576 751 21 41 1
657 : 493 751 42 21 0
658 : 888 980 52 16 0
659 : 870 946 17 52 1
660 : 792 471 35 25 0
661 : 686 872 19 45 1
662 : 577 255 29 30 1
663 : 41 707 22 39 1
664 : 504 420 33 26 0
665 : 270 367 27 32 1
666 : 238 367 32 27 0
667 : 607 255 29 29 0
668 : 657 751 21 40 1
669 : 735 545 36 24 0
670 : 771 545 35 24 0
671 : 520 639 23 37 1
672 : 80 707 22 39 1
673 : 0 963 17 50 1
674 : 483 639 23 37 1
675 : 537 420 26 32 1
676 : 617 751 40 21 0
677 : 629 639 36 23 0
678 : 593 639 23 36 1
679 : 732 980 16 52 1
680 : 806 545 35 24 0
681 : 875 545 24 34 1
682 : 810 910 18 46 1
683 : 0 1012 57 15 0
684 : 771 639 35 23 0
685 : 906 996 57 15 0
686 : 697 751 40 21 0
687 : 841 545 24 34 1
688 : 296 312 28 30 1
689 : 806 639 23 35 1
690 : 836 980 52 16 0
691 : 57 1012 56 15 0
692 : 856 910 46 18 0
693 : 266 312 30 28 0
694 : 356 312 28 29 1
695 : 50 963 17 48 1
696 : 225 1012 15 55 1
697 : 784 980 52 16 0
698 : 84 1027 57 14 0
699 : 309 1027 56 14 0
700 : 113 1012 15 56 1
701 : 665 639 23 36 1
702 : 169 1012 56 15 0
703 : 940 980 16 50 1
704 : 860 471 25 33 1
705 : 158 707 37 22 0
706 : 557 639 36 23 0
707 : 827 471 33 25 0
708 : 569 420 31 26 0
709 : 841 639 35 23 0
710 : 231 707 36 22 0
711 : 736 639 23 35 1
712 : 942 545 24 33 1
713 : 333 1012 52 15 0
714 : 631 420 26 30 1
715 : 701 639 35 23 0
716 : 253 1027 56 14 0
717 : 462 367 30 27 0
718 : 747 813 20 40 1
719 : 909 545 33 24 0
720 : 902 910 44 18 0
721 : 600 420 31 26 0
722 : 731 872 42 19 0
723 : 141 1027 56 14 0
724 : 195 707 36 22 0
725 : 787 813 20 39 1
726 : 955 471 31 25 0
727 : 197 1027 14 56 1
728 : 302 707 22 35 1
729 : 773 751 21 36 1
730 : 492 367 27 29 1
731 : 280 1012 53 15 0
732 : 267 707 35 22 0
733 : 773 872 42 19 0
734 : 521 367 27 28 1
735 : 337 707 34 22 0
736 : 924 471 31 25 0
737 : 737 751 21 36 1
738 : 893 471 31 25 0
739 : 0 996 16 48 1
740 : 98 963 17 45 1
741 : 549 367 28 27 0
742 : 661 420 29 26 0
743 : 30 496 30 25 0
744 : 60 496 25 30 1
745 : 876 639 33 23 0
746 : 863 813 37 20 0
747 : 577 367 27 28 1
748 : 405 707 22 34 1
749 : 844 751 21 35 1
750 : 371 707 34 22 0
751 : 0 496 25 30 1
752 : 909 639 33 23 0
753 : 605 367 27 28 1
754 : 439 707 34 22 0
755 : 900 813 37 20 0
756 : 32 662 23 32 1
757 : 95 996 16 46 1
758 : 660 367 27 27 0
759 : 96 662 23 32 1
760 : 826 813 20 37 1
761 : 48 996 16 47 1
762 : 506 707 22 33 1
763 : 815 872 40 19 0
764 : 385 1012 48 15 0
765 : 128 662 32 23 0
766 : 0 662 32 23 0
767 : 418 1027 52 14 0
768 : 473 707 22 33 1
769 : 470 1027 14 52 1
770 : 574 1027 14 51 1
771 : 0 833 36 20 0
772 : 143 963 44 17 0
773 : 229 963 42 17 0
774 : 481 1012 48 15 0
775 : 90 496 29 25 0
776 : 879 751 34 21 0
777 : 946 910 18 41 1
778 : 0 928 18 41 1
779 : 0 569 24 31 1
780 : 365 1027 53 14 0
781 : 572 707 33 22 0
782 : 41 928 40 18 0
783 : 633 367 27 27 0
784 : 855 872 38 19 0
785 : 64 662 32 23 0
786 : 913 751 34 21 0
787 : 522 1027 52 14 0
788 : 947 751 21 34 1
789 : 539 707 22 33 1
790 : 0 772 21 34 1
791 : 942 639 32 23 0
792 : 605 707 22 32 1
793 : 31 569 30 24 0
794 : 271 963 17 41 1
795 : 725 1027 14 50 1
796 : 809 751 35 21 0
797 : 119 496 25 29 1
798 : 529 1012 46 15 0
799 : 937 813 20 36 1
800 : 690 420 28 26 0
801 : 34 772 34 21 0
802 : 893 872 19 37 1
803 : 120 928 18 38 1
804 : 81 928 18 39 1
805 : 191 662 23 30 1
806 : 433 1012 15 48 1
807 : 353 963 17 41 1
808 : 637 707 31 22 0
809 : 625 1027 50 14 0
810 : 106 833 34 20 0
811 : 187 963 17 42 1
812 : 138 1042 52 13 0
813 : 160 662 31 23 0
814 : 312 963 41 17 0
815 : 36 833 20 35 1
816 : 100 772 21 32 1
817 : 930 872 37 19 0
818 : 394 963 40 17 0
819 : 675 1027 14 50 1
820 : 668 707 31 22 0
821 : 141 996 16 44 1
822 : 228 996 16 43 1
823 : 185 996 16 43 1
824 : 230 569 24 28 1
825 : 718 420 26 27 1
826 : 61 569 29 24 0
827 : 90 569 28 24 0
828 : 745 420 26 26 0
829 : 71 833 20 35 1
830 : 146 569 24 28 1
831 : 190 1042 13 52 1
832 : 344 1042 13 51 1
833 : 234 928 18 37 1
834 : 699 707 22 31 1
835 : 313 996 16 42 1
836 : 0 891 19 36 1
837 : 575 1012 15 44 1
838 : 132 772 32 21 0
839 : 730 707 31 22 0
840 : 72 891 19 35 1
841 : 221 662 30 23 0
842 : 0 1042 47 14 0
843 : 309 662 23 29 1
844 : 148 496 27 25 0
845 : 761 707 31 22 0
846 : 271 928 18 37 1
847 : 823 1027 48 14 0
848 : 397 996 41 16 0
849 : 286 569 28 24 0
850 : 196 928 18 38 1
851 : 434 963 17 39 1
852 : 175 496 27 25 0
853 : 36 891 36 19 0
854 : 118 569 28 24 0
855 : 919 1027 14 47 1
856 : 68 772 21 32 1
857 : 395 1042 50 13 0
858 : 158 928 38 18 0
859 : 174 569 28 24 0
860 : 202 569 28 24 0
861 : 871 1027 14 48 1
862 : 355 996 16 42 1
863 : 775 1027 14 48 1
864 : 750 1012 15 43 1
865 : 258 569 24 28 1
866 : 195 772 31 21 0
867 : 257 772 31 21 0
868 : 47 1042 14 46 1
869 : 333 496 25 26 1
870 : 173 833 33 20 0
871 : 314 569 24 27 1
872 : 255 496 26 25 0
873 : 280 662 29 23 0
874 : 344 928 36 18 0
875 : 211 891 34 19 0
876 : 271 996 42 16 0
877 : 366 662 28 23 0
878 : 251 662 23 29 1
879 : 206 833 20 33 1
880 : 202 496 27 25 0
881 : 368 569 27 24 0
882 : 164 772 31 21 0
883 : 245 891 34 19 0
884 : 239 833 20 33 1
885 : 341 569 27 24 0
886 : 107 891 35 19 0
887 : 792 707 30 22 0
888 : 619 1012 15 44 1
889 : 822 707 22 30 1
890 : 140 833 33 20 0
891 : 142 891 35 19 0
892 : 0 1027 15 42 1
893 : 229 496 26 25 0
894 : 378 772 21 30 1
895 : 307 496 25 26 1
896 : 395 569 27 24 0
897 : 394 662 28 23 0
898 : 438 996 16 39 1
899 : 293 1042 13 51 1
900 : 242 1042 13 51 1
901 : 288 772 30 21 0
902 : 707 1012 43 15 0
903 : 93 1042 14 45 1
904 : 226 772 31 21 0
905 : 663 1012 44 15 0
906 : 485 928 18 35 1
907 : 503 662 27 23 0
908 : 415 928 18 35 1
909 : 500 569 24 26 1
910 : 422 569 24 26 1
911 : 910 707 22 29 1
912 : 338 662 23 28 1
913 : 308 928 36 18 0
914 : 380 928 35 18 0
915 : 272 833 32 20 0
916 : 348 772 21 30 1
917 : 852 707 29 22 0
918 : 967 707 28 22 0
919 : 281 496 25 26 1
920 : 279 891 33 19 0
921 : 881 707 29 22 0
922 : 448 569 24 26 1
923 : 345 891 19 33 1
924 : 939 707 28 22 0
925 : 177 891 34 19 0
926 : 368 833 31 20 0
927 : 476 662 23 27 1
928 : 450 928 35 18 0
929 : 474 569 26 24 0
930 : 526 569 24 26 1
931 : 473 963 17 38 1
932 : 552 569 24 26 1
933 : 42 1027 15 42 1
934 : 548 963 37 17 0
935 : 449 662 27 23 0
936 : 793 1012 15 42 1
937 : 477 996 16 39 1
938 : 622 963 37 17 0
939 : 422 662 23 27 1
940 : 516 996 38 16 0
941 : 835 1012 42 15 0
942 : 0 729 28 22 0
943 : 493 1042 13 47 1
944 : 336 833 20 32 1
945 : 359 496 25 25 0
946 : 554 928 34 18 0
947 : 378 891 32 19 0
948 : 877 1012 15 42 1
949 : 318 772 30 21 0
950 : 919 1012 15 42 1
951 : 410 891 32 19 0
952 : 592 996 38 16 0
953 : 408 772 30 21 0
954 : 445 1042 48 13 0
955 : 511 963 37 17 0
956 : 28 729 28 22 0
957 : 304 833 32 20 0
958 : 695 963 36 17 0
959 : 585 963 37 17 0
960 : 312 891 19 33 1
961 : 429 833 20 30 1
962 : 438 772 29 21 0
963 : 578 569 25 24 0
964 : 608 662 23 26 1
965 : 655 928 18 33 1
966 : 767 963 36 17 0
967 : 636 772 21 28 1
968 : 582 662 26 23 0
969 : 603 569 25 24 0
970 : 630 996 37 16 0
971 : 731 963 36 17 0
972 : 399 833 20 30 1
973 : 520 928 18 34 1
974 : 556 662 23 26 1
975 : 496 772 21 28 1
976 : 588 928 34 18 0
977 : 554 996 38 16 0
978 : 659 963 17 36 1
979 : 467 772 29 21 0
980 : 530 662 26 23 0
981 : 837 963 17 34 1
982 : 524 772 28 21 0
983 : 622 928 33 18 0
984 : 552 772 28 21 0
985 : 803 963 17 34 1
986 : 459 833 30 20 0
987 : 489 833 29 20 0
988 : 580 772 21 28 1
989 : 503 891 30 19 0
990 : 652 569 24 24 0
991 : 871 963 34 17 0
992 : 518 833 20 29 1
993 : 442 891 31 19 0
994 : 628 569 24 24 0
995 : 608 772 21 28 1
996 : 473 891 30 19 0
997 : 547 833 28 20 0
998 : 56 729 22 27 1
999 : 540 1042 13 44 1
