200 347
0 : 0 69 66 25 0
1 : 128 179 14 30 0
2 : 48 300 18 14 1
3 : 74 266 43 34 0
4 : 129 97 59 30 0
5 : 180 266 10 16 0
6 : 129 127 8 33 1
7 : 0 157 22 47 1
8 : 153 300 18 16 1
9 : 184 179 26 13 1
10 : 163 266 24 17 1
11 : 143 157 26 4 0
12 : 169 157 7 28 1
13 : 60 216 26 14 0
14 : 0 179 30 51 1
15 : 145 179 39 25 0
16 : 105 300 7 3 1
17 : 0 266 19 9 0
18 : 108 179 25 6 1
19 : 27 300 8 14 0
20 : 83 0 18 78 1
21 : 118 300 14 17 0
22 : 0 54 62 12 0
23 : 62 54 15 64 1
24 : 167 216 16 5 1
25 : 46 97 46 13 0
26 : 0 321 27 26 0
27 : 91 18 12 63 1
28 : 113 157 30 8 0
29 : 0 18 36 91 1
30 : 117 266 23 31 0
31 : 35 300 8 13 0
32 : 19 216 22 9 0
33 : 66 69 9 50 1
34 : 19 266 14 4 0
35 : 140 266 8 16 0
36 : 181 216 22 12 1
37 : 51 179 57 37 0
38 : 32 321 7 6 1
39 : 47 157 12 36 1
40 : 114 179 11 29 0
41 : 73 127 30 56 1
42 : 86 216 50 62 1
43 : 126 54 61 13 0
44 : 114 300 4 7 0
45 : 40 127 7 33 1
46 : 48 266 16 26 1
47 : 0 97 12 46 1
48 : 0 300 21 27 1
49 : 116 69 28 65 1
50 : 38 321 4 4 0
51 : 172 216 9 19 0
52 : 0 127 40 13 0
53 : 41 216 6 19 1
54 : 148 266 15 22 0
55 : 148 216 19 31 0
56 : 62 300 21 17 0
57 : 27 321 5 6 0
58 : 33 266 5 15 1
59 : 83 157 30 7 0
60 : 0 216 6 19 1
61 : 83 300 8 12 0
62 : 132 300 11 8 1
63 : 169 300 19 21 0
64 : 91 300 18 14 1
65 : 125 179 3 20 0
66 : 142 179 18 3 1
67 : 0 0 83 16 0
68 : 140 300 16 13 1
69 : 46 300 2 7 0
70 : 108 300 6 10 0
71 : 92 97 37 6 0
72 : 43 300 8 3 1
