200 225
0 : 109 0 15 72 1
1 : 0 130 15 47 1
2 : 102 44 67 11 0
3 : 72 157 56 39 0
4 : 157 65 6 35 1
5 : 186 177 11 17 0
6 : 23 145 8 20 1
7 : 169 44 22 8 0
8 : 192 65 8 12 0
9 : 169 52 3 16 1
10 : 142 196 11 9 1
11 : 110 30 9 61 1
12 : 0 109 47 7 0
13 : 170 196 11 11 0
14 : 195 130 5 18 0
15 : 178 22 6 22 1
16 : 195 11 5 7 0
17 : 128 190 6 14 1
18 : 105 196 25 21 0
19 : 178 18 22 4 0
20 : 53 196 16 11 1
21 : 128 157 33 17 1
22 : 49 100 8 7 0
23 : 43 145 4 8 0
24 : 0 18 26 110 1
25 : 195 0 11 4 1
26 : 99 65 58 12 0
27 : 95 109 56 21 0
28 : 0 44 21 102 1
29 : 171 30 6 25 1
30 : 99 77 9 51 1
31 : 170 183 16 11 0
32 : 151 125 30 5 0
33 : 124 142 12 9 0
34 : 196 30 4 6 0
35 : 170 157 26 16 1
36 : 110 18 68 12 0
37 : 175 86 20 10 0
38 : 64 196 21 26 1
39 : 186 157 20 12 1
40 : 151 109 49 16 0
41 : 157 80 6 28 1
42 : 84 122 11 3 0
43 : 101 130 37 12 0
44 : 186 0 9 18 0
45 : 185 84 2 9 1
46 : 195 86 5 14 0
47 : 185 80 15 4 0
48 : 124 97 39 9 0
49 : 102 55 64 10 0
50 : 166 55 32 7 0
51 : 0 196 16 26 1
52 : 0 65 99 21 0
53 : 34 157 38 19 0
54 : 0 169 23 32 1
55 : 47 122 6 37 1
56 : 47 130 22 54 1
57 : 145 157 25 36 0
58 : 138 130 50 27 0
59 : 26 196 27 22 0
60 : 0 100 8 41 1
61 : 58 86 66 23 0
62 : 195 148 8 5 1
63 : 171 36 15 3 0
64 : 59 176 18 12 1
65 : 37 153 9 4 0
66 : 194 84 6 2 0
67 : 150 77 9 6 1
68 : 191 44 5 8 0
69 : 181 125 4 18 1
70 : 90 196 15 19 0
71 : 41 100 8 5 0
72 : 23 153 14 4 0
73 : 47 109 48 13 0
74 : 181 196 14 14 0
75 : 0 145 23 10 0
76 : 181 0 5 18 0
77 : 101 142 10 23 1
78 : 124 86 51 11 0
79 : 0 86 58 14 0
80 : 163 97 7 12 1
81 : 151 196 10 9 1
82 : 130 196 16 12 1
83 : 44 116 13 3 1
84 : 157 71 35 9 0
85 : 0 157 34 12 0
86 : 34 176 17 25 1
87 : 142 190 3 3 0
88 : 188 130 7 23 0
89 : 175 96 10 20 1
90 : 0 0 109 18 0
91 : 0 218 7 7 0
92 : 124 151 6 6 0
93 : 0 116 44 13 0
94 : 199 125 3 1 1
95 : 186 36 3 12 1
96 : 160 196 10 11 0
