123 370
0 : 65 308 54 15 0
1 : 0 355 39 15 0
2 : 72 178 51 17 0
3 : 0 65 90 21 0
4 : 0 138 84 25 0
5 : 80 86 43 17 0
6 : 0 48 97 17 0
7 : 67 234 49 15 0
8 : 67 249 45 17 0
9 : 0 0 120 27 0
10 : 0 274 64 17 0
11 : 0 234 67 25 0
12 : 92 163 25 15 0
13 : 0 308 65 15 0
14 : 92 340 23 15 0
15 : 64 274 59 17 0
16 : 63 291 50 17 0
17 : 90 65 33 15 0
18 : 65 203 56 21 0
19 : 0 163 92 15 0
20 : 0 259 67 15 0
21 : 0 340 46 15 0
22 : 0 291 63 17 0
23 : 0 178 72 25 0
24 : 0 86 80 31 0
25 : 39 355 38 15 0
26 : 89 117 32 15 0
27 : 0 323 64 15 0
28 : 84 138 37 17 0
29 : 0 203 65 31 0
30 : 97 48 26 15 0
31 : 0 117 89 21 0
32 : 64 323 45 17 0
33 : 0 27 123 21 0
34 : 46 340 46 15 0
