100 1995
0 : 99 424 1 74 0
1 : 0 809 24 88 1
2 : 0 1358 16 77 1
3 : 0 347 98 7 0
4 : 0 1249 9 81 1
5 : 0 1673 22 71 1
6 : 0 780 29 88 1
7 : 0 0 100 39 0
8 : 0 1048 85 45 0
9 : 0 316 31 98 1
10 : 86 926 68 11 1
11 : 0 853 16 88 1
12 : 0 1039 9 86 1
13 : 0 1790 67 46 0
14 : 0 1875 41 66 1
15 : 0 424 92 87 0
16 : 98 424 1 83 0
17 : 0 1713 35 70 1
18 : 0 1836 39 67 1
19 : 0 1759 31 68 1
20 : 0 869 5 88 1
21 : 0 995 30 86 1
22 : 0 107 99 65 0
23 : 0 748 32 88 1
24 : 0 1916 21 66 1
25 : 0 1530 36 75 1
26 : 0 403 21 93 1
27 : 0 1188 44 81 1
28 : 0 874 48 87 1
29 : 95 1790 4 10 0
30 : 0 1379 53 76 1
31 : 0 1103 17 83 1
32 : 76 1379 37 24 1
33 : 0 1283 33 78 1
34 : 0 1120 49 82 1
35 : 0 696 52 88 1
36 : 67 1790 38 28 1
37 : 0 575 25 91 1
38 : 0 691 5 89 1
39 : 0 1480 50 75 1
40 : 0 354 1 96 1
41 : 0 1316 27 78 1
42 : 0 1182 82 6 0
43 : 99 107 8 1 1
44 : 0 1258 25 80 1
45 : 0 1576 42 73 1
46 : 0 571 4 92 1
47 : 0 78 29 100 1
48 : 0 1663 10 72 1
49 : 0 1343 78 15 0
50 : 0 646 45 89 1
51 : 0 1937 60 58 0
52 : 0 1618 8 73 1
53 : 92 424 6 87 0
54 : 0 355 48 93 1
55 : 0 922 4 87 1
56 : 0 1232 17 81 1
57 : 0 1708 5 71 1
58 : 0 1695 13 71 1
59 : 0 1566 10 75 1
60 : 0 278 38 98 1
61 : 0 172 66 98 1
62 : 0 511 40 92 1
63 : 0 1093 84 10 0
64 : 0 833 20 88 1
65 : 0 39 39 100 1
66 : 70 1713 28 30 0
67 : 0 1374 5 77 1
68 : 0 1025 14 86 1
69 : 88 696 24 12 1
70 : 72 1626 28 33 0
71 : 0 600 46 90 1
72 : 0 551 20 92 1
73 : 0 926 69 86 1
74 : 0 238 40 98 1
75 : 0 1432 48 76 1
76 : 0 1626 37 72 1
77 : 78 1283 28 22 1
78 : 0 1169 13 82 1
79 : 0 1748 11 70 1
