100 37
0 : 0 0 5 4 0
1 : 5 0 3 13 1
2 : 18 0 49 3 0
3 : 67 0 3 5 1
4 : 72 0 5 5 0
5 : 77 0 3 5 0
6 : 80 0 5 5 0
7 : 85 0 3 3 0
8 : 88 0 4 10 1
9 : 0 5 3 4 1
10 : 4 5 4 11 1
11 : 15 5 3 7 1
12 : 22 5 9 8 0
13 : 31 5 7 33 1
14 : 64 5 5 5 0
15 : 69 5 5 3 1
16 : 72 5 4 5 0
17 : 76 5 5 4 1
18 : 80 5 5 3 1
19 : 83 5 3 5 0
20 : 86 5 12 5 0
21 : 0 13 3 3 0
22 : 0 8 3 4 0
23 : 15 8 3 3 0
24 : 18 8 3 5 0
25 : 4 9 5 3 0
26 : 9 9 3 5 1
27 : 64 10 3 7 1
28 : 3 13 5 5 0
29 : 71 10 5 3 0
30 : 76 10 5 3 0
31 : 81 10 3 7 1
32 : 88 10 5 3 0
33 : 93 10 3 3 0
34 : 8 13 3 4 0
35 : 11 13 5 4 0
36 : 16 13 4 4 0
37 : 20 13 3 4 0
38 : 23 13 3 3 0
39 : 26 13 4 8 1
40 : 34 13 5 4 0
41 : 39 13 5 3 0
42 : 44 13 4 3 1
43 : 47 13 12 33 1
44 : 80 13 3 5 0
45 : 83 13 3 3 0
46 : 86 13 4 4 0
47 : 90 13 3 5 0
48 : 93 13 5 5 0
49 : 0 25 5 4 0
50 : 80 18 7 3 1
51 : 44 17 5 3 1
52 : 86 17 5 4 1
53 : 0 16 5 3 1
54 : 86 22 3 4 1
55 : 0 21 3 4 0
56 : 23 16 3 5 0
57 : 44 22 3 3 0
58 : 23 21 3 4 0
59 : 83 16 7 3 1
60 : 39 16 5 8 0
61 : 5 25 34 12 0
62 : 3 18 5 5 0
