100 1650
0 : 0 549 38 90 1
1 : 0 1076 24 82 1
2 : 76 1281 18 75 0
3 : 0 103 88 98 1
4 : 0 277 27 97 1
5 : 0 98 4 99 1
6 : 0 897 14 85 1
7 : 0 873 24 85 1
8 : 0 1330 28 76 1
9 : 47 1565 46 35 0
10 : 75 1358 20 69 0
11 : 0 1230 21 79 1
12 : 0 18 41 99 1
13 : 0 712 49 88 1
14 : 0 312 39 96 1
15 : 0 1046 30 82 1
16 : 0 398 15 95 1
17 : 0 413 14 95 1
18 : 0 351 19 96 1
19 : 0 455 50 93 1
20 : 0 102 1 99 1
21 : 0 1358 40 75 1
22 : 84 911 11 69 0
23 : 0 980 82 66 0
24 : 0 1281 49 76 1
25 : 0 826 85 47 0
26 : 0 1121 64 79 1
27 : 0 1516 27 69 1
28 : 0 304 8 97 1
29 : 0 427 28 94 1
30 : 0 1398 30 75 1
31 : 0 1484 32 69 1
32 : 0 587 29 90 1
33 : 0 59 39 99 1
34 : 93 455 7 11 0
35 : 0 0 100 18 0
36 : 0 651 61 88 1
37 : 85 826 12 76 0
38 : 0 1185 45 79 1
39 : 0 370 28 95 1
40 : 90 549 6 67 0
41 : 0 1565 47 46 0
42 : 0 1611 45 39 0
43 : 0 961 19 84 1
44 : 88 651 12 85 0
45 : 0 505 44 91 1
46 : 0 1428 56 70 1
47 : 0 1100 21 82 1
48 : 0 1251 30 77 1
49 : 98 103 2 93 0
50 : 86 764 31 14 1
51 : 0 616 35 89 1
52 : 79 1121 9 76 0
53 : 0 1543 22 68 1
54 : 82 980 16 79 0
55 : 88 1121 11 68 0
56 : 0 911 50 84 1
57 : 0 761 3 87 1
58 : 0 764 62 86 1
59 : 0 191 98 86 0
