200 230
0 : 126 54 66 25 0
1 : 47 121 14 30 1
2 : 156 177 18 14 0
3 : 26 196 43 34 0
4 : 65 79 59 30 0
5 : 0 179 10 16 0
6 : 154 44 8 33 1
7 : 0 109 22 47 1
8 : 107 196 18 16 1
9 : 0 131 26 13 0
10 : 29 171 24 17 0
11 : 195 79 26 4 1
12 : 62 69 7 28 1
13 : 68 146 26 14 0
14 : 83 109 30 51 1
15 : 29 146 39 25 0
16 : 194 6 7 3 1
17 : 187 146 19 9 1
18 : 192 54 25 6 1
19 : 69 135 8 14 1
20 : 83 0 18 78 1
21 : 15 157 14 17 0
22 : 0 54 62 12 0
23 : 62 54 15 64 1
24 : 46 66 16 5 0
25 : 154 18 46 13 0
26 : 142 196 27 26 1
27 : 91 18 12 63 1
28 : 187 79 30 8 1
29 : 0 18 36 91 1
30 : 68 160 23 31 0
31 : 187 44 8 13 1
32 : 47 135 22 9 0
33 : 91 43 9 50 1
34 : 77 121 14 4 1
35 : 191 128 8 16 0
36 : 175 146 22 12 1
37 : 134 109 57 37 0
38 : 40 188 7 6 0
39 : 47 109 12 36 1
40 : 0 146 11 29 1
41 : 124 79 30 56 1
42 : 94 146 50 62 1
43 : 91 30 61 13 0
44 : 10 179 4 7 0
45 : 161 6 7 33 1
46 : 0 196 16 26 1
47 : 0 66 12 46 1
48 : 69 196 21 27 0
49 : 0 79 28 65 1
50 : 195 105 4 4 0
51 : 191 109 9 19 0
52 : 154 31 40 13 0
53 : 26 137 6 19 1
54 : 0 157 15 22 0
55 : 156 146 19 31 0
56 : 90 196 21 17 1
57 : 10 186 5 6 0
58 : 46 71 5 15 1
59 : 180 79 30 7 1
60 : 26 131 6 19 1
61 : 141 43 8 12 1
62 : 29 188 11 8 0
63 : 123 196 19 21 0
64 : 53 171 18 14 1
65 : 62 76 3 20 1
66 : 90 69 18 3 0
67 : 0 0 83 16 0
68 : 15 174 16 13 1
69 : 191 144 2 7 1
70 : 194 31 6 10 0
71 : 161 0 37 6 0
72 : 82 76 8 3 0
