247 638
0 : 203 516 39 27 0
1 : 202 401 41 33 0
2 : 0 587 46 17 0
3 : 36 604 33 17 0
4 : 220 482 27 17 0
5 : 0 482 88 17 0
6 : 166 604 31 17 0
7 : 137 587 43 17 0
8 : 0 274 213 40 0
9 : 69 604 33 17 0
10 : 0 621 29 17 0
11 : 179 42 45 27 1
12 : 152 42 57 27 1
13 : 0 604 36 17 0
14 : 0 455 102 17 0
15 : 230 274 39 17 1
16 : 0 190 240 40 0
17 : 221 455 25 27 0
18 : 0 499 82 17 0
19 : 116 543 54 17 0
20 : 223 587 24 17 0
21 : 102 604 33 17 0
22 : 112 314 117 33 0
23 : 69 516 67 17 0
24 : 103 401 99 27 0
25 : 213 274 40 17 1
26 : 0 0 244 42 0
27 : 224 230 38 17 1
28 : 0 363 146 33 0
29 : 88 482 82 17 0
30 : 105 570 50 17 0
31 : 135 604 31 17 0
32 : 0 107 224 44 0
33 : 204 543 37 17 0
34 : 146 363 88 38 0
35 : 0 230 207 44 0
36 : 0 42 152 65 0
37 : 0 401 103 27 0
38 : 163 455 58 27 0
39 : 102 455 61 27 0
40 : 169 428 71 27 0
41 : 229 314 47 17 1
42 : 0 428 98 27 0
43 : 82 499 76 17 0
44 : 170 482 50 27 0
45 : 136 516 67 17 0
46 : 0 151 247 39 0
47 : 228 604 17 17 0
48 : 207 230 39 17 1
49 : 197 604 31 17 0
50 : 78 621 15 17 0
51 : 0 570 53 17 0
52 : 0 314 112 49 0
53 : 158 499 76 17 0
54 : 46 587 46 17 0
55 : 180 587 43 17 0
56 : 0 516 69 17 0
57 : 92 587 45 17 0
58 : 29 621 29 17 0
59 : 98 428 71 27 0
60 : 224 107 44 17 1
61 : 223 42 60 17 1
62 : 60 543 56 17 0
63 : 58 621 20 17 0
64 : 155 570 50 17 0
65 : 0 543 60 17 0
66 : 206 42 63 17 1
67 : 205 570 42 17 0
68 : 170 543 34 27 0
69 : 53 570 52 17 0
