200 261
0 : 141 143 8 47 1
1 : 0 0 143 26 0
2 : 0 76 16 107 1
3 : 0 26 33 95 1
4 : 52 217 5 21 1
5 : 52 177 54 40 0
6 : 0 59 84 15 0
7 : 143 0 32 25 0
8 : 0 177 52 45 0
9 : 180 76 13 39 0
10 : 0 92 86 20 0
11 : 95 26 50 77 1
12 : 0 116 77 31 0
13 : 77 153 24 74 1
14 : 84 59 11 12 0
15 : 106 177 22 65 1
16 : 141 116 27 53 1
17 : 151 153 14 46 1
18 : 183 198 17 9 0
19 : 183 177 15 21 0
20 : 0 147 31 6 0
21 : 151 167 8 38 1
22 : 0 153 23 77 1
23 : 171 177 12 35 0
24 : 188 143 5 12 1
25 : 106 199 20 23 0
26 : 107 76 73 40 0
27 : 0 222 40 39 0
28 : 77 116 64 37 0
