200 223
0 : 0 116 66 25 0
1 : 64 158 14 30 1
2 : 120 158 18 14 0
3 : 119 0 43 34 1
4 : 91 50 59 30 0
5 : 29 198 10 16 1
6 : 155 198 8 33 1
7 : 178 0 22 47 0
8 : 154 141 18 16 0
9 : 173 158 26 13 0
10 : 0 141 24 17 0
11 : 68 217 26 4 0
12 : 147 209 7 28 1
13 : 94 158 26 14 0
14 : 56 86 30 51 1
15 : 153 0 39 25 1
16 : 165 217 7 3 0
17 : 136 198 19 9 0
18 : 194 50 25 6 1
19 : 46 209 8 14 1
20 : 116 116 18 78 1
21 : 156 158 14 17 1
22 : 63 186 62 12 0
23 : 0 158 15 64 1
24 : 37 217 16 5 0
25 : 61 173 46 13 0
26 : 172 86 27 26 1
27 : 0 186 12 63 1
28 : 0 209 30 8 0
29 : 0 50 36 91 1
30 : 150 50 23 31 0
31 : 60 209 8 13 1
32 : 95 198 22 9 0
33 : 45 198 9 50 1
34 : 94 217 14 4 0
35 : 30 209 8 16 1
36 : 171 186 22 12 0
37 : 62 0 57 37 0
38 : 194 209 7 6 1
39 : 163 173 12 36 1
40 : 0 198 11 29 1
41 : 0 86 30 56 1
42 : 0 0 50 62 1
43 : 0 173 61 13 0
44 : 108 217 4 7 1
45 : 84 209 7 33 1
46 : 128 141 16 26 1
47 : 125 186 12 46 1
48 : 173 50 21 27 0
49 : 107 86 28 65 1
50 : 115 217 4 4 0
51 : 117 198 9 19 1
52 : 107 173 40 13 0
53 : 194 116 6 19 0
54 : 172 141 15 22 1
55 : 66 116 19 31 1
56 : 24 141 21 17 0
57 : 193 186 5 6 0
58 : 53 217 5 15 1
59 : 117 209 30 7 0
60 : 175 209 6 19 1
61 : 188 198 8 12 1
62 : 73 209 11 8 0
63 : 97 116 19 21 0
64 : 138 158 18 14 0
65 : 119 217 3 20 1
66 : 139 217 18 3 0
67 : 45 141 83 16 0
68 : 147 173 16 13 0
69 : 198 86 2 7 0
70 : 194 141 6 10 0
71 : 0 217 37 6 0
72 : 157 217 8 3 0
