200 355
0 : 99 65 15 72 1
1 : 0 209 15 47 1
2 : 68 86 67 11 0
3 : 116 121 56 39 0
4 : 35 249 6 35 1
5 : 18 330 11 17 1
6 : 82 315 8 20 1
7 : 144 294 22 8 0
8 : 180 330 8 12 0
9 : 83 330 3 16 1
10 : 21 344 11 9 0
11 : 130 98 9 61 1
12 : 47 209 47 7 0
13 : 0 344 11 11 0
14 : 157 315 5 18 1
15 : 166 294 6 22 1
16 : 108 344 5 7 0
17 : 143 330 6 14 0
18 : 0 294 25 21 0
19 : 0 315 22 4 0
20 : 51 330 16 11 0
21 : 104 249 33 17 0
22 : 75 344 8 7 1
23 : 97 344 4 8 0
24 : 0 0 26 110 1
25 : 32 344 11 4 0
26 : 58 121 58 12 0
27 : 0 160 56 21 0
28 : 0 44 21 102 1
29 : 50 294 6 25 1
30 : 0 182 9 51 1
31 : 67 330 16 11 0
32 : 32 272 30 5 0
33 : 171 330 12 9 1
34 : 119 344 4 6 0
35 : 143 272 26 16 0
36 : 0 86 68 12 0
37 : 62 315 20 10 0
38 : 117 272 21 26 1
39 : 22 315 20 12 0
40 : 101 182 49 16 0
41 : 62 272 6 28 1
42 : 43 344 11 3 0
43 : 77 224 37 12 0
44 : 139 315 9 18 1
45 : 73 344 2 9 0
46 : 149 330 5 14 0
47 : 99 330 15 4 0
48 : 0 224 39 9 0
49 : 66 98 64 10 0
50 : 0 272 32 7 0
51 : 169 272 16 26 1
52 : 0 65 99 21 0
53 : 39 224 38 19 0
54 : 137 249 23 32 1
55 : 114 224 6 37 1
56 : 56 160 22 54 1
57 : 151 224 25 36 1
58 : 51 182 50 27 0
59 : 90 272 27 22 0
60 : 138 209 8 41 1
61 : 0 98 66 23 0
62 : 82 344 8 5 1
63 : 114 330 15 3 0
64 : 121 315 18 12 0
65 : 69 344 9 4 1
66 : 123 344 6 2 1
67 : 63 344 9 6 1
68 : 92 344 5 8 0
69 : 0 330 4 18 1
70 : 102 315 15 19 1
71 : 87 344 8 5 1
72 : 154 330 14 4 0
73 : 150 182 48 13 0
74 : 129 330 14 14 0
75 : 98 294 23 10 0
76 : 175 315 5 18 1
77 : 75 294 10 23 1
78 : 110 160 51 11 0
79 : 0 121 58 14 0
80 : 188 330 7 12 0
81 : 54 344 10 9 1
82 : 35 330 16 12 0
83 : 168 330 13 3 1
84 : 0 249 35 9 0
85 : 70 249 34 12 0
86 : 25 294 17 25 1
87 : 125 344 3 3 0
88 : 121 294 7 23 1
89 : 42 315 10 20 1
90 : 0 26 109 18 0
91 : 101 344 7 7 0
92 : 113 344 6 6 0
93 : 94 209 44 13 0
94 : 128 344 3 1 1
95 : 195 330 3 12 0
96 : 11 344 10 11 0
