100 36
0 : 68 24 5 4 1
1 : 66 12 3 13 1
2 : 0 0 49 3 0
3 : 88 24 3 5 0
4 : 0 24 5 5 0
5 : 91 24 3 5 0
6 : 12 24 5 5 0
7 : 92 29 3 3 0
8 : 79 12 4 10 0
9 : 68 29 3 4 0
10 : 96 0 4 11 0
11 : 29 24 3 7 1
12 : 83 0 9 8 1
13 : 33 12 7 33 1
14 : 92 12 5 5 0
15 : 97 12 5 3 1
16 : 80 24 4 5 0
17 : 84 24 5 4 1
18 : 0 29 5 3 0
19 : 5 29 3 5 1
20 : 91 0 12 5 1
21 : 12 33 3 3 0
22 : 86 29 3 4 0
23 : 9 33 3 3 0
24 : 39 29 3 5 1
25 : 97 24 5 3 1
26 : 94 24 3 5 0
27 : 48 24 3 7 1
28 : 55 24 5 5 0
29 : 44 29 5 3 0
30 : 24 29 5 3 0
31 : 22 24 3 7 1
32 : 19 29 5 3 0
33 : 0 33 3 3 0
34 : 77 29 3 4 0
35 : 72 24 5 4 1
36 : 10 29 4 4 0
37 : 71 29 3 4 0
38 : 95 29 3 3 0
39 : 88 12 4 8 0
40 : 76 24 5 4 1
41 : 34 29 5 3 0
42 : 74 29 4 3 1
43 : 0 12 12 33 1
44 : 49 29 3 5 1
45 : 3 33 3 3 0
46 : 59 29 4 4 0
47 : 63 29 3 5 1
48 : 43 24 5 5 0
49 : 60 24 5 4 1
50 : 36 24 7 3 0
51 : 14 29 5 3 0
52 : 64 24 5 4 1
53 : 29 29 5 3 0
54 : 80 29 3 4 0
55 : 89 29 3 4 0
56 : 54 29 3 5 1
57 : 6 33 3 3 0
58 : 83 29 3 4 0
59 : 5 24 7 3 0
60 : 83 12 5 8 0
61 : 49 0 34 12 0
62 : 17 24 5 5 0
