200 323
0 : 143 288 8 47 1
1 : 0 50 143 26 0
2 : 0 224 16 107 1
3 : 0 76 33 95 1
4 : 118 308 5 21 1
5 : 0 161 54 40 0
6 : 65 263 84 15 0
7 : 149 263 32 25 0
8 : 141 116 52 45 0
9 : 46 288 13 39 1
10 : 77 201 86 20 0
11 : 0 0 50 77 1
12 : 0 116 77 31 0
13 : 54 161 24 74 1
14 : 107 308 11 12 0
15 : 0 263 22 65 1
16 : 147 224 27 53 1
17 : 0 288 14 46 1
18 : 90 308 17 9 0
19 : 0 308 15 21 1
20 : 59 308 31 6 0
21 : 21 308 8 38 1
22 : 0 201 23 77 1
23 : 108 288 12 35 1
24 : 139 308 5 12 0
25 : 85 288 20 23 1
26 : 95 76 73 40 0
27 : 107 224 40 39 0
28 : 77 116 64 37 0
