200 253
0 : 0 44 110 32 0
1 : 135 30 12 33 1
2 : 115 0 78 15 0
3 : 126 96 62 18 0
4 : 139 115 16 53 1
5 : 0 150 37 76 1
6 : 0 30 14 97 1
7 : 37 187 28 43 1
8 : 180 131 16 9 0
9 : 76 172 15 22 1
10 : 0 96 64 19 0
11 : 187 15 10 13 1
12 : 97 40 4 27 1
13 : 118 172 12 13 0
14 : 194 60 3 6 1
15 : 177 44 7 22 1
16 : 110 44 67 16 0
17 : 181 150 27 14 1
18 : 139 131 13 41 1
19 : 0 115 78 35 0
20 : 0 0 30 115 1
21 : 110 60 8 54 1
22 : 92 76 20 91 1
23 : 122 136 6 6 0
24 : 115 15 72 12 0
25 : 0 76 15 92 1
26 : 76 150 22 58 1
27 : 181 177 19 6 0
28 : 0 215 38 48 1
29 : 78 115 21 61 1
30 : 97 30 10 38 1
31 : 134 150 22 47 1
32 : 80 187 22 37 1
33 : 164 60 5 30 1
34 : 192 30 5 9 0
35 : 193 0 3 15 0
36 : 168 30 24 10 0
37 : 0 187 20 37 1
38 : 183 76 18 13 1
39 : 48 215 23 19 1
40 : 156 187 41 27 0
41 : 188 96 18 5 1
42 : 192 115 6 11 0
43 : 117 187 39 24 0
44 : 177 51 21 6 0
45 : 64 96 62 17 0
46 : 98 172 20 15 0
47 : 196 131 3 8 0
48 : 78 136 44 7 0
