135 424
0 : 0 0 29 18 0
1 : 29 0 49 16 0
2 : 78 0 29 16 0
3 : 0 18 75 21 0
4 : 107 0 23 16 0
5 : 0 39 88 16 0
6 : 75 18 57 18 0
7 : 88 39 42 21 0
8 : 0 60 45 16 0
9 : 45 60 61 18 0
10 : 106 60 29 20 0
11 : 0 80 67 26 0
12 : 67 80 52 16 0
13 : 0 106 93 20 0
14 : 119 80 22 16 1
15 : 93 106 19 16 1
16 : 0 126 36 20 0
17 : 36 126 55 16 0
18 : 0 146 135 16 0
19 : 0 162 50 18 0
20 : 50 162 31 16 0
21 : 81 162 53 16 0
22 : 109 106 22 18 0
23 : 0 180 62 18 0
24 : 62 180 58 21 0
25 : 0 201 71 16 0
26 : 71 201 45 16 0
27 : 0 217 85 16 0
28 : 85 217 39 16 0
29 : 91 126 40 18 0
30 : 0 233 20 21 1
31 : 21 233 63 16 0
32 : 84 233 51 18 0
33 : 0 253 63 18 0
34 : 63 253 29 16 0
35 : 0 271 73 20 0
36 : 116 201 19 16 0
37 : 92 253 29 16 0
38 : 73 271 47 20 0
39 : 0 291 29 18 0
40 : 29 291 50 21 0
41 : 79 291 34 22 0
42 : 0 313 54 20 0
43 : 54 313 62 20 0
44 : 0 333 30 21 0
45 : 30 333 27 18 0
46 : 116 313 16 16 0
47 : 57 333 19 16 1
48 : 73 333 27 16 0
49 : 0 354 66 18 0
50 : 66 354 53 34 0
51 : 0 388 76 18 0
52 : 0 406 71 18 0
53 : 76 388 58 20 0
54 : 71 406 35 16 0
