1000 10246
0 : 0 5407 340 857 1
1 : 551 10061 104 178 1
2 : 0 5018 943 389 0
3 : 0 9002 189 491 1
4 : 801 9870 146 162 0
5 : 0 7555 33 963 1
6 : 0 9475 497 135 0
7 : 0 3605 652 992 1
8 : 0 8881 121 598 1
9 : 0 8704 42 727 1
10 : 0 9333 142 505 1
11 : 809 10165 24 83 1
12 : 0 7974 150 776 1
13 : 0 7925 49 921 1
14 : 0 5747 493 677 1
15 : 0 7840 85 886 1
16 : 408 9644 421 99 0
17 : 0 980 970 933 0
18 : 0 7588 252 738 1
19 : 0 8458 561 246 0
20 : 0 2826 882 779 0
21 : 253 10061 298 2 0
22 : 497 9475 452 169 0
23 : 0 10061 253 49 0
24 : 0 9870 338 87 0
25 : 0 10165 81 148 1
26 : 359 9761 59 375 1
27 : 0 6240 457 647 1
28 : 148 10165 12 189 1
29 : 526 10165 8 169 1
30 : 338 9870 191 233 1
31 : 0 7470 85 947 1
32 : 0 8746 629 135 0
33 : 0 6697 965 107 0
34 : 0 9761 359 109 0
35 : 0 8124 840 67 0
36 : 0 9191 538 142 0
37 : 0 8354 104 726 1
38 : 0 8191 15 871 1
39 : 571 9870 144 230 1
40 : 695 10165 10 114 1
41 : 0 4257 761 761 0
42 : 0 0 984 980 0
43 : 0 9644 408 117 0
44 : 337 10165 9 189 1
45 : 0 1913 931 913 0
46 : 0 6954 516 536 1
47 : 0 6804 150 906 1
48 : 0 8206 689 148 0
49 : 729 10061 103 146 1
