100 37
0 : 0 0 5 4 0
1 : 5 0 3 13 1
2 : 18 0 49 3 0
3 : 67 0 3 5 1
4 : 72 0 5 5 0
5 : 77 0 3 5 0
6 : 80 0 5 5 0
7 : 85 0 3 3 0
8 : 88 0 4 10 1
9 : 0 5 3 4 1
10 : 4 5 4 11 1
11 : 15 5 3 7 1
12 : 22 5 9 8 0
13 : 31 5 7 33 1
14 : 64 5 5 5 0
15 : 69 5 5 3 1
16 : 72 5 4 5 0
17 : 76 5 5 4 1
18 : 80 5 5 3 1
19 : 83 5 3 5 0
20 : 86 5 12 5 0
21 : 0 13 3 3 0
22 : 0 8 3 4 0
23 : 15 8 3 3 0
24 : 18 8 3 5 0
25 : 4 9 5 3 0
26 : 9 9 3 5 1
27 : 64 10 3 7 1
28 : 3 13 5 5 0
29 : 71 10 5 3 0
30 : 76 10 5 3 0
31 : 81 10 3 7 1
32 : 88 10 5 3 0
33 : 93 10 3 3 0
34 : 8 13 3 4 0
35 : 11 13 5 4 1
36 : 15 13 4 4 0
37 : 19 13 3 4 0
38 : 22 13 3 3 0
39 : 25 13 4 8 1
40 : 33 13 5 4 1
41 : 37 13 5 3 1
42 : 40 13 4 3 1
43 : 43 13 12 33 1
44 : 76 13 3 5 0
45 : 79 13 3 3 0
46 : 82 13 4 4 0
47 : 86 13 3 5 0
48 : 89 13 5 5 0
49 : 94 13 5 4 1
50 : 0 25 7 3 0
51 : 76 18 5 3 1
52 : 11 18 5 4 1
53 : 8 17 5 3 1
54 : 40 17 3 4 0
55 : 40 21 3 4 0
56 : 0 16 3 5 0
57 : 8 22 3 3 0
58 : 0 21 3 4 0
59 : 22 16 7 3 1
60 : 15 17 5 8 0
61 : 7 25 34 12 0
62 : 3 18 5 5 0
