300 566
0 : 0 351 90 36 0
1 : 0 507 79 15 0
2 : 0 279 90 36 0
3 : 0 173 244 70 0
4 : 240 522 39 15 0
5 : 145 507 55 15 0
6 : 0 552 53 14 0
7 : 0 387 90 36 0
8 : 0 459 80 32 0
9 : 78 95 101 36 0
10 : 244 173 62 31 1
11 : 211 459 40 16 0
12 : 116 537 38 15 0
13 : 270 311 24 32 0
14 : 0 0 300 95 0
15 : 80 459 80 32 0
16 : 78 537 38 15 0
17 : 251 459 40 16 0
18 : 90 423 209 33 0
19 : 101 243 101 36 0
20 : 153 522 47 15 0
21 : 0 491 40 16 0
22 : 275 173 60 24 1
23 : 90 315 90 36 0
24 : 0 537 39 15 0
25 : 39 537 39 15 0
26 : 52 522 51 15 0
27 : 255 507 40 15 0
28 : 78 131 101 36 0
29 : 270 343 60 18 1
30 : 200 507 55 15 0
31 : 228 475 60 15 0
32 : 79 507 66 15 0
33 : 270 279 24 32 0
34 : 90 351 90 36 0
35 : 160 459 51 18 0
36 : 0 315 90 36 0
37 : 180 351 90 36 0
38 : 280 95 60 18 1
39 : 90 387 90 36 0
40 : 211 475 17 16 0
41 : 154 537 59 14 0
42 : 40 491 163 15 0
43 : 179 131 101 36 0
44 : 180 387 90 36 0
45 : 0 522 52 15 0
46 : 0 423 90 36 0
47 : 103 522 50 15 0
48 : 200 522 40 15 0
49 : 213 537 54 14 0
50 : 0 243 101 36 0
51 : 202 243 90 36 0
52 : 179 95 101 36 0
53 : 90 279 90 36 0
54 : 0 95 78 78 0
55 : 180 279 90 36 0
56 : 180 315 90 36 0
57 : 203 491 80 15 0
