100 1181
0 : 0 320 17 90 1
1 : 0 946 68 76 1
2 : 78 733 14 68 0
3 : 77 801 22 76 0
4 : 0 616 38 83 1
5 : 0 465 29 87 1
6 : 0 0 40 100 1
7 : 0 577 39 83 1
8 : 0 801 69 77 1
9 : 0 105 1 99 1
10 : 0 870 77 57 0
11 : 0 40 17 100 1
12 : 0 219 13 94 1
13 : 0 293 90 27 0
14 : 0 494 27 84 1
15 : 0 521 56 83 1
16 : 83 521 78 16 1
17 : 0 770 31 78 1
18 : 0 1052 38 71 1
19 : 89 340 8 86 0
20 : 0 337 90 3 0
21 : 0 695 38 79 1
22 : 90 946 10 66 0
23 : 0 232 21 92 1
24 : 76 946 14 66 0
25 : 0 422 7 89 1
26 : 0 1136 45 68 1
27 : 0 1090 46 70 1
28 : 95 136 4 73 0
29 : 0 1014 38 72 1
30 : 0 654 41 80 1
31 : 0 340 82 89 1
32 : 0 429 6 88 1
33 : 0 106 30 98 1
34 : 0 57 99 48 0
35 : 0 435 30 87 1
36 : 0 927 19 77 1
37 : 0 136 83 95 1
38 : 0 733 78 37 0
39 : 0 253 40 91 1
