100 32
0 : 94 19 5 4 1
1 : 82 0 3 13 1
2 : 0 0 49 3 0
3 : 96 7 3 5 0
4 : 45 27 5 5 0
5 : 11 19 3 5 0
6 : 61 27 5 5 0
7 : 42 27 3 3 0
8 : 76 7 4 10 0
9 : 12 27 3 4 1
10 : 72 7 4 11 0
11 : 90 7 3 7 0
12 : 78 19 9 8 0
13 : 49 0 7 33 1
14 : 73 27 5 5 0
15 : 20 19 5 3 1
16 : 67 19 4 5 0
17 : 59 19 5 4 1
18 : 14 19 5 3 1
19 : 23 19 3 5 0
20 : 67 7 12 5 1
21 : 28 27 3 3 0
22 : 4 27 3 4 1
23 : 34 27 3 3 0
24 : 17 19 3 5 0
25 : 8 19 5 3 1
26 : 50 19 3 5 0
27 : 95 0 3 7 0
28 : 37 27 5 5 0
29 : 29 19 5 3 1
30 : 26 19 5 3 1
31 : 80 7 3 7 0
32 : 35 19 5 3 1
33 : 55 27 3 3 0
34 : 21 27 3 4 0
35 : 63 19 5 4 1
36 : 24 27 4 4 0
37 : 87 19 3 4 0
38 : 31 27 3 3 0
39 : 83 7 4 8 0
40 : 16 27 5 4 0
41 : 38 19 5 3 1
42 : 56 19 4 3 1
43 : 34 7 12 33 1
44 : 41 19 3 5 0
45 : 66 27 3 3 0
46 : 69 27 4 4 0
47 : 32 19 3 5 0
48 : 50 27 5 5 0
49 : 74 19 5 4 1
50 : 93 7 7 3 1
51 : 44 19 5 3 1
52 : 90 19 5 4 1
53 : 53 19 5 3 1
54 : 0 27 3 4 1
55 : 71 19 3 4 0
56 : 47 19 3 5 0
57 : 58 27 3 3 0
58 : 8 27 3 4 1
59 : 87 7 7 3 1
60 : 0 19 5 8 1
61 : 0 7 34 12 0
62 : 78 27 5 5 0
