100 36
0 : 63 24 5 4 0
1 : 66 12 3 13 1
2 : 0 0 49 3 0
3 : 87 24 3 5 0
4 : 0 24 5 5 0
5 : 90 24 3 5 0
6 : 5 24 5 5 0
7 : 0 33 3 3 0
8 : 79 12 4 10 0
9 : 73 29 3 4 0
10 : 96 0 4 11 0
11 : 22 24 3 7 1
12 : 83 0 9 8 1
13 : 33 12 7 33 1
14 : 92 12 5 5 0
15 : 0 29 5 3 0
16 : 78 24 4 5 0
17 : 82 24 5 4 0
18 : 5 29 5 3 0
19 : 10 29 3 5 1
20 : 91 0 12 5 1
21 : 18 33 3 3 0
22 : 92 29 3 4 0
23 : 15 33 3 3 0
24 : 44 29 3 5 1
25 : 96 24 5 3 1
26 : 93 24 3 5 0
27 : 41 24 3 7 1
28 : 48 24 5 5 0
29 : 49 29 5 3 0
30 : 29 29 5 3 0
31 : 15 24 3 7 1
32 : 24 29 5 3 0
33 : 6 33 3 3 0
34 : 83 29 3 4 0
35 : 68 24 5 4 0
36 : 15 29 4 4 0
37 : 76 29 3 4 0
38 : 3 33 3 3 0
39 : 88 12 4 8 0
40 : 73 24 5 4 0
41 : 39 29 5 3 0
42 : 79 29 4 3 0
43 : 0 12 12 33 1
44 : 54 29 3 5 1
45 : 9 33 3 3 0
46 : 64 29 4 4 0
47 : 68 29 3 5 1
48 : 36 24 5 5 0
49 : 53 24 5 4 0
50 : 29 24 7 3 0
51 : 19 29 5 3 0
52 : 58 24 5 4 0
53 : 34 29 5 3 0
54 : 86 29 3 4 0
55 : 95 29 3 4 0
56 : 59 29 3 5 1
57 : 12 33 3 3 0
58 : 89 29 3 4 0
59 : 97 12 7 3 1
60 : 83 12 5 8 0
61 : 49 0 34 12 0
62 : 10 24 5 5 0
