1000 1224
0 : 831 27 66 61 0
1 : 65 88 62 48 0
2 : 127 88 62 46 0
3 : 437 88 61 43 0
4 : 189 88 39 62 1
5 : 498 88 38 61 1
6 : 144 27 30 71 1
7 : 114 198 56 37 0
8 : 53 268 52 39 0
9 : 786 198 36 55 1
10 : 473 0 74 27 0
11 : 192 414 42 47 1
12 : 963 27 61 32 1
13 : 354 166 58 32 0
14 : 52 307 51 36 0
15 : 235 456 46 40 0
16 : 160 0 79 23 0
17 : 294 376 48 38 0
18 : 81 0 79 23 0
19 : 61 136 30 60 1
20 : 0 0 22 81 1
21 : 951 198 36 49 1
22 : 215 27 25 71 1
23 : 621 0 73 24 0
24 : 702 166 57 31 0
25 : 0 27 72 25 0
26 : 715 307 50 35 0
27 : 170 198 56 31 0
28 : 165 235 33 54 1
29 : 281 456 39 46 1
30 : 286 46 28 63 1
31 : 396 0 77 23 0
32 : 352 575 43 40 0
33 : 390 376 36 48 1
34 : 226 198 56 31 0
35 : 103 307 51 34 0
36 : 219 235 54 32 0
37 : 360 535 44 40 0
38 : 239 414 37 47 1
39 : 154 307 51 34 0
40 : 342 376 48 36 0
41 : 705 235 53 33 0
42 : 184 496 39 45 1
43 : 765 307 34 50 1
44 : 318 0 22 78 1
45 : 205 307 51 33 0
46 : 412 166 29 58 1
47 : 694 0 73 23 0
48 : 767 0 23 73 1
49 : 229 496 37 45 1
50 : 840 0 73 23 0
51 : 645 615 42 40 0
52 : 72 50 26 64 1
53 : 273 235 31 54 1
54 : 72 27 23 72 1
55 : 239 0 79 21 0
56 : 286 414 35 47 1
57 : 865 307 33 50 1
58 : 687 615 39 42 1
59 : 815 307 33 50 1
60 : 327 235 54 30 0
61 : 681 108 60 27 0
62 : 333 414 47 34 0
63 : 913 0 22 73 1
64 : 750 343 49 33 0
65 : 395 575 37 43 1
66 : 105 268 30 52 1
67 : 697 27 67 23 0
68 : 274 496 35 45 1
69 : 251 88 62 25 0
70 : 356 47 24 64 1
71 : 319 496 35 45 1
72 : 438 575 36 43 1
73 : 781 136 26 59 1
74 : 481 575 43 36 0
75 : 630 27 67 23 0
76 : 364 496 34 45 1
77 : 764 48 64 24 0
78 : 486 376 32 48 1
79 : 256 307 30 51 1
80 : 438 376 32 48 1
81 : 559 88 25 61 1
82 : 841 198 55 27 0
83 : 381 235 54 28 0
84 : 327 456 33 46 1
85 : 534 376 31 48 1
86 : 409 496 45 33 0
87 : 307 307 51 29 0
88 : 524 575 43 35 0
89 : 547 0 74 20 0
90 : 915 307 50 29 0
91 : 574 689 40 37 0
92 : 840 136 25 59 1
93 : 380 414 31 47 1
94 : 582 376 30 48 1
95 : 373 456 46 31 0
96 : 639 726 37 39 1
97 : 600 726 37 39 1
98 : 897 65 63 22 0
99 : 729 615 34 42 1
100 : 896 198 26 55 1
101 : 454 496 31 45 1
102 : 764 27 67 21 0
103 : 620 88 23 61 1
104 : 899 136 23 59 1
105 : 419 456 46 30 0
106 : 313 88 62 22 0
107 : 435 235 26 54 1
108 : 678 726 36 39 1
109 : 0 166 59 23 0
110 : 356 27 69 20 0
111 : 358 307 51 27 0
112 : 448 535 31 44 1
113 : 848 343 28 49 1
114 : 114 827 37 37 0
115 : 462 655 34 41 1
116 : 404 535 31 44 1
117 : 799 343 49 28 0
118 : 0 88 65 21 0
119 : 494 27 20 68 1
120 : 195 791 36 38 1
121 : 0 235 55 25 0
122 : 55 235 24 55 1
123 : 614 689 33 40 1
124 : 286 27 70 19 0
125 : 544 496 29 45 1
126 : 567 575 31 43 1
127 : 759 166 57 23 0
128 : 157 268 52 26 0
129 : 499 496 45 29 0
130 : 897 27 20 66 1
131 : 816 166 23 57 1
132 : 589 496 45 29 0
133 : 409 307 51 25 0
134 : 209 268 25 52 1
135 : 425 46 20 63 1
136 : 425 27 69 19 0
137 : 492 535 44 29 0
138 : 511 456 28 46 1
139 : 338 198 23 56 1
140 : 724 496 28 45 1
141 : 0 343 26 50 1
142 : 151 827 37 34 0
143 : 144 57 65 20 0
144 : 465 456 28 46 1
145 : 0 52 65 19 0
146 : 282 198 56 23 0
147 : 557 456 46 27 0
148 : 679 496 28 45 1
149 : 427 414 47 27 0
150 : 966 376 38 33 1
151 : 634 496 45 28 0
152 : 494 47 64 19 0
153 : 261 268 24 52 1
154 : 562 27 18 68 1
155 : 654 689 40 31 0
156 : 603 456 46 27 0
157 : 742 88 20 61 1
158 : 271 791 32 38 1
159 : 313 268 52 24 0
160 : 233 791 38 32 0
161 : 965 307 34 36 0
162 : 503 655 30 41 1
163 : 580 535 44 27 0
164 : 717 726 31 39 1
165 : 681 88 20 61 1
166 : 109 891 33 36 1
167 : 474 414 26 47 1
168 : 678 376 48 25 0
169 : 258 827 32 37 0
170 : 375 88 62 19 0
171 : 694 689 31 40 1
172 : 536 535 28 44 1
173 : 630 376 48 25 0
174 : 425 66 19 63 1
175 : 521 414 47 26 0
176 : 774 689 40 30 0
177 : 649 456 46 26 0
178 : 73 891 36 33 0
179 : 734 689 40 30 0
180 : 118 166 20 59 1
181 : 648 924 34 35 1
182 : 290 827 37 32 0
183 : 610 575 28 43 1
184 : 37 891 33 36 1
185 : 695 456 26 46 1
186 : 470 166 21 58 1
187 : 544 655 29 41 1
188 : 897 343 24 49 1
189 : 188 827 33 37 0
190 : 364 827 32 37 0
191 : 327 827 37 32 0
192 : 394 198 56 21 0
193 : 215 52 65 18 0
194 : 511 307 23 51 1
195 : 562 307 23 51 1
196 : 873 726 30 39 1
197 : 50 343 50 24 0
198 : 365 268 52 23 0
199 : 221 827 37 32 0
200 : 460 307 51 23 0
201 : 653 575 27 43 1
202 : 795 726 30 39 1
203 : 774 376 48 24 0
204 : 450 198 56 21 0
205 : 615 414 25 47 1
206 : 946 343 24 49 1
207 : 309 791 38 31 0
208 : 803 88 19 61 1
209 : 683 924 33 35 1
210 : 59 166 59 20 0
211 : 568 414 25 47 1
212 : 396 827 31 37 0
213 : 696 575 27 43 1
214 : 769 496 25 45 1
215 : 897 47 18 64 1
216 : 739 575 27 43 1
217 : 782 575 27 43 1
218 : 145 891 36 32 0
219 : 756 726 30 39 1
220 : 741 108 60 19 0
221 : 726 376 24 48 1
222 : 825 575 27 43 1
223 : 864 88 61 19 0
224 : 121 136 60 19 0
225 : 951 726 29 39 1
226 : 834 726 30 39 1
227 : 662 414 24 47 1
228 : 668 535 26 44 1
229 : 624 535 26 44 1
230 : 863 107 60 19 0
231 : 100 343 50 23 0
232 : 506 198 56 20 0
233 : 868 575 43 27 0
234 : 912 726 29 39 1
235 : 873 166 57 20 0
236 : 215 70 65 17 0
237 : 758 235 21 53 1
238 : 664 307 51 22 0
239 : 494 66 18 64 1
240 : 709 414 47 24 0
241 : 613 307 51 22 0
242 : 562 45 63 18 0
243 : 487 827 30 37 0
244 : 787 456 24 46 1
245 : 43 615 26 43 1
246 : 217 891 31 36 1
247 : 870 376 48 23 0
248 : 879 456 46 24 0
249 : 803 107 19 60 1
250 : 289 891 31 36 1
251 : 325 891 31 36 1
252 : 854 689 28 40 1
253 : 833 456 46 24 0
254 : 528 166 58 19 0
255 : 911 575 26 43 1
256 : 958 136 27 42 1
257 : 0 136 18 61 1
258 : 814 689 40 28 0
259 : 457 827 30 37 0
260 : 971 456 28 40 0
261 : 741 456 46 24 0
262 : 489 235 54 21 0
263 : 0 615 26 43 1
264 : 105 986 33 34 1
265 : 718 924 35 32 0
266 : 253 891 36 31 0
267 : 800 535 25 44 1
268 : 547 827 30 37 0
269 : 585 655 27 41 1
270 : 803 414 23 47 1
271 : 356 71 64 17 0
272 : 954 575 26 43 1
273 : 562 63 17 63 1
274 : 626 655 27 41 1
275 : 712 535 44 25 0
276 : 586 166 58 19 0
277 : 238 1019 33 33 0
278 : 756 535 44 25 0
279 : 0 376 49 22 0
280 : 347 791 29 38 1
281 : 150 343 50 22 0
282 : 781 286 51 21 0
283 : 427 827 30 37 0
284 : 181 891 31 36 1
285 : 517 827 30 37 0
286 : 925 88 18 61 1
287 : 859 496 24 45 1
288 : 86 615 25 43 1
289 : 894 689 40 27 0
290 : 771 615 26 42 1
291 : 618 215 20 55 1
292 : 934 689 40 27 0
293 : 397 891 30 36 1
294 : 139 986 34 32 0
295 : 717 827 29 37 0
296 : 0 763 39 28 0
297 : 822 376 48 23 0
298 : 335 1019 32 33 0
299 : 0 726 40 27 0
300 : 814 496 24 45 1
301 : 888 535 24 44 1
302 : 756 414 23 47 1
303 : 614 827 29 37 0
304 : 864 235 20 53 1
305 : 195 763 27 39 1
306 : 562 198 19 56 1
307 : 904 496 45 24 0
308 : 577 827 37 29 0
309 : 181 136 18 60 1
310 : 361 891 30 36 1
311 : 643 827 37 29 0
312 : 0 575 24 44 1
313 : 156 763 27 39 1
314 : 749 655 26 41 1
315 : 0 496 23 46 1
316 : 925 456 46 23 0
317 : 918 376 48 22 0
318 : 559 113 61 17 0
319 : 620 111 61 17 0
320 : 0 535 23 45 1
321 : 708 655 26 41 1
322 : 850 414 23 47 1
323 : 200 343 50 21 0
324 : 78 763 39 27 0
325 : 250 343 50 21 0
326 : 521 268 52 20 0
327 : 417 268 52 20 0
328 : 0 71 17 63 1
329 : 680 827 37 29 0
330 : 241 136 17 60 1
331 : 421 136 17 60 1
332 : 117 763 27 39 1
333 : 236 166 18 59 1
334 : 46 496 23 46 1
335 : 271 1019 32 33 0
336 : 844 535 24 44 1
337 : 45 535 23 45 1
338 : 667 655 26 41 1
339 : 753 924 30 35 1
340 : 300 343 50 21 0
341 : 173 986 34 31 0
342 : 469 268 52 20 0
343 : 433 891 36 29 0
344 : 831 655 41 25 0
345 : 39 763 27 39 1
346 : 949 496 23 45 1
347 : 390 763 26 39 1
348 : 788 924 30 35 1
349 : 823 924 35 30 0
350 : 129 615 24 43 1
351 : 820 827 37 28 0
352 : 644 166 18 58 1
353 : 40 726 26 40 1
354 : 423 791 27 38 1
355 : 172 615 24 43 1
356 : 303 1019 32 33 0
357 : 932 535 24 44 1
358 : 729 213 19 55 1
359 : 783 827 37 28 0
360 : 177 166 18 59 1
361 : 811 235 53 20 0
362 : 857 827 28 37 0
363 : 950 827 28 37 0
364 : 897 414 22 47 1
365 : 385 791 27 38 1
366 : 80 726 40 26 0
367 : 543 235 19 54 1
368 : 361 136 60 17 0
369 : 312 763 26 39 1
370 : 613 891 28 36 1
371 : 813 615 42 25 0
372 : 0 414 21 48 1
373 : 922 827 28 37 0
374 : 469 891 29 36 1
375 : 215 615 43 24 0
376 : 746 827 37 28 0
377 : 674 213 55 19 0
378 : 92 496 22 46 1
379 : 577 891 28 36 1
380 : 677 268 52 19 0
381 : 273 763 26 39 1
382 : 367 1019 31 33 0
383 : 351 763 26 39 1
384 : 885 827 37 28 0
385 : 693 66 63 16 0
386 : 944 414 47 22 0
387 : 573 268 52 20 0
388 : 251 113 17 61 1
389 : 855 615 24 42 1
390 : 872 655 25 41 1
391 : 398 1019 33 31 0
392 : 527 1052 32 32 0
393 : 562 217 18 55 1
394 : 858 924 35 29 0
395 : 0 268 53 19 0
396 : 954 655 25 41 1
397 : 693 50 63 16 0
398 : 559 1052 32 32 0
399 : 301 136 17 60 1
400 : 74 864 37 27 0
401 : 111 864 27 37 1
402 : 620 1019 30 33 0
403 : 258 615 43 24 0
404 : 241 986 34 30 0
405 : 913 655 25 41 1
406 : 625 268 52 20 0
407 : 464 1019 33 31 0
408 : 557 1019 33 30 0
409 : 350 343 50 20 0
410 : 160 726 25 40 1
411 : 431 1019 33 31 0
412 : 461 791 38 27 0
413 : 400 343 20 50 1
414 : 90 535 45 22 0
415 : 495 1052 32 32 0
416 : 234 763 26 39 1
417 : 939 615 42 24 0
418 : 630 66 63 16 0
419 : 48 414 48 21 0
420 : 925 106 16 61 1
421 : 499 791 38 26 0
422 : 790 655 25 41 1
423 : 505 891 28 36 1
424 : 429 763 26 39 1
425 : 917 235 19 53 1
426 : 630 50 63 16 0
427 : 88 575 23 44 1
428 : 47 435 21 47 1
429 : 185 864 37 27 0
430 : 37 864 37 27 0
431 : 275 986 29 34 1
432 : 649 891 28 36 1
433 : 120 726 25 40 1
434 : 207 986 30 34 1
435 : 541 891 36 28 0
436 : 344 615 23 43 1
437 : 685 891 36 27 0
438 : 143 434 21 47 1
439 : 897 615 24 42 1
440 : 0 109 16 61 1
441 : 624 763 25 39 1
442 : 313 110 61 16 0
443 : 575 791 38 26 0
444 : 44 575 23 44 1
445 : 497 1019 30 33 0
446 : 764 72 63 16 0
447 : 481 136 60 16 0
448 : 970 235 30 33 0
449 : 138 496 46 21 0
450 : 96 434 21 47 1
451 : 135 535 22 45 1
452 : 148 864 27 37 1
453 : 0 655 23 42 1
454 : 597 235 18 54 1
455 : 49 376 49 20 0
456 : 144 414 20 48 1
457 : 0 456 21 47 1
458 : 0 958 28 35 1
459 : 82 689 24 41 1
460 : 123 689 41 24 0
461 : 301 615 43 23 0
462 : 0 435 21 47 1
463 : 0 864 27 37 1
464 : 832 286 19 51 1
465 : 729 268 19 52 1
466 : 200 726 24 40 1
467 : 928 924 28 35 1
468 : 621 1052 32 30 0
469 : 527 1019 30 33 0
470 : 84 655 23 42 1
471 : 934 286 19 51 1
472 : 0 689 41 24 0
473 : 721 891 27 36 1
474 : 893 924 28 35 1
475 : 468 763 25 39 1
476 : 41 689 41 24 0
477 : 585 763 25 39 1
478 : 618 198 56 17 0
479 : 210 655 23 42 1
480 : 55 215 17 55 1
481 : 590 1019 30 33 0
482 : 0 215 17 55 1
483 : 295 166 16 59 1
484 : 42 655 23 42 1
485 : 651 235 54 18 0
486 : 537 791 26 38 1
487 : 883 286 51 19 0
488 : 176 575 44 22 0
489 : 375 107 61 16 0
490 : 132 575 44 22 0
491 : 309 986 28 34 1
492 : 168 655 23 42 1
493 : 507 763 25 39 1
494 : 974 689 37 26 1
495 : 575 1084 31 31 0
496 : 541 136 16 60 1
497 : 205 689 23 41 1
498 : 96 414 48 20 0
499 : 963 924 28 35 1
500 : 591 1052 30 32 0
501 : 976 535 40 24 1
502 : 833 268 52 18 0
503 : 57 198 57 17 0
504 : 546 763 25 39 1
505 : 126 655 23 42 1
506 : 225 535 21 45 1
507 : 147 376 49 19 0
508 : 729 1084 31 30 0
509 : 264 575 22 44 1
510 : 287 689 23 41 1
511 : 689 791 38 25 0
512 : 727 791 25 38 1
513 : 0 198 57 17 0
514 : 757 891 26 36 1
515 : 764 1019 28 33 0
516 : 164 689 23 41 1
517 : 500 343 50 19 0
518 : 70 958 27 35 1
519 : 35 958 27 35 1
520 : 858 763 24 39 1
521 : 411 986 28 34 1
522 : 930 166 17 57 1
523 : 47 456 20 47 1
524 : 865 891 26 36 1
525 : 222 864 37 25 0
526 : 220 575 22 44 1
527 : 328 689 41 23 0
528 : 741 763 39 24 0
529 : 506 218 17 55 1
530 : 651 791 25 38 1
531 : 450 343 50 19 0
532 : 468 288 18 51 1
533 : 679 1019 29 33 0
534 : 637 1084 31 30 0
535 : 650 1019 29 33 0
536 : 544 1084 31 31 0
537 : 0 324 50 19 0
538 : 196 376 49 19 0
539 : 711 1052 32 29 0
540 : 819 763 24 39 1
541 : 473 615 22 43 1
542 : 180 535 45 21 0
543 : 343 986 34 28 0
544 : 94 456 47 20 0
545 : 336 655 22 42 1
546 : 294 655 22 42 1
547 : 613 791 25 38 1
548 : 110 235 17 55 1
549 : 93 476 20 46 1
550 : 702 763 39 24 0
551 : 252 655 22 42 1
552 : 139 476 20 46 1
553 : 781 268 52 18 0
554 : 668 1084 30 31 0
555 : 547 986 34 27 0
556 : 445 986 34 28 0
557 : 259 864 37 25 0
558 : 377 986 28 34 1
559 : 194 395 48 19 0
560 : 246 689 23 41 1
561 : 682 1052 29 32 0
562 : 555 864 37 25 0
563 : 141 456 47 20 0
564 : 315 554 21 44 1
565 : 295 182 57 16 0
566 : 736 1019 28 33 0
567 : 663 763 39 24 0
568 : 320 726 40 23 0
569 : 708 1019 28 33 0
570 : 653 1052 29 32 0
571 : 897 436 47 20 0
572 : 518 864 25 37 1
573 : 105 958 35 27 0
574 : 240 726 23 40 1
575 : 897 763 24 39 1
576 : 661 136 15 60 1
577 : 793 891 26 36 1
578 : 210 958 26 35 1
579 : 513 986 27 34 1
580 : 245 958 26 35 1
581 : 937 268 52 18 0
582 : 601 136 60 15 0
583 : 917 791 38 24 0
584 : 879 791 38 24 0
585 : 765 791 38 24 0
586 : 772 1052 29 32 0
587 : 270 535 45 20 0
588 : 417 288 18 51 1
589 : 430 615 22 43 1
590 : 721 136 60 15 0
591 : 245 376 49 19 0
592 : 550 343 18 50 1
593 : 606 1084 31 30 0
594 : 481 864 25 37 1
595 : 841 791 38 24 0
596 : 387 615 43 22 0
597 : 280 726 40 23 0
598 : 188 456 20 47 1
599 : 519 288 51 18 0
600 : 407 864 37 25 0
601 : 780 763 39 24 0
602 : 829 891 26 36 1
603 : 370 864 25 37 1
604 : 803 791 24 38 1
605 : 825 1019 33 27 0
606 : 743 1052 29 32 0
607 : 944 436 20 47 1
608 : 333 864 25 37 1
609 : 410 689 22 41 1
610 : 698 1084 31 30 0
611 : 140 958 35 26 0
612 : 0 791 23 39 1
613 : 146 395 19 48 1
614 : 308 575 21 44 1
615 : 98 376 49 19 0
616 : 360 726 23 40 1
617 : 601 151 15 59 1
618 : 479 986 27 34 1
619 : 400 726 23 40 1
620 : 175 958 26 35 1
621 : 516 615 21 43 1
622 : 98 395 19 48 1
623 : 760 1084 31 29 0
624 : 791 1084 31 29 0
625 : 280 958 26 35 1
626 : 559 615 43 21 0
627 : 885 268 52 18 0
628 : 444 864 25 37 1
629 : 629 864 37 24 0
630 : 451 689 41 22 0
631 : 792 1019 33 28 0
632 : 801 1052 28 32 0
633 : 47 476 20 46 1
634 : 369 689 41 22 0
635 : 270 555 44 20 0
636 : 296 864 25 37 1
637 : 803 437 19 47 1
638 : 973 891 27 33 0
639 : 533 689 41 21 0
640 : 592 864 37 24 0
641 : 756 437 47 19 0
642 : 936 763 39 23 0
643 : 32 1084 27 32 1
644 : 350 958 35 25 0
645 : 581 986 26 34 1
646 : 378 655 42 21 0
647 : 829 1052 27 32 0
648 : 901 891 36 24 0
649 : 856 1052 27 32 0
650 : 883 1052 32 27 0
651 : 78 791 22 39 1
652 : 602 615 20 43 1
653 : 402 1115 30 28 0
654 : 915 1052 32 27 0
655 : 650 343 50 17 0
656 : 492 689 21 41 1
657 : 420 655 42 21 0
658 : 365 291 52 16 0
659 : 0 307 17 52 1
660 : 315 958 35 25 0
661 : 315 535 19 45 1
662 : 372 1115 29 30 1
663 : 117 791 22 39 1
664 : 858 1019 33 26 0
665 : 947 1052 27 32 0
666 : 0 1084 32 27 0
667 : 120 1144 29 29 0
668 : 520 726 21 40 1
669 : 937 891 36 24 0
670 : 385 958 35 24 0
671 : 666 864 23 37 1
672 : 39 791 22 39 1
673 : 600 343 17 50 1
674 : 703 864 23 37 1
675 : 974 1052 26 32 0
676 : 480 726 40 21 0
677 : 36 924 36 23 0
678 : 0 924 23 36 1
679 : 677 287 16 52 1
680 : 420 958 35 24 0
681 : 649 986 24 34 1
682 : 0 477 18 46 1
683 : 660 151 57 15 0
684 : 525 958 35 23 0
685 : 930 183 57 15 0
686 : 440 726 40 21 0
687 : 615 986 24 34 1
688 : 432 1115 28 30 1
689 : 560 958 23 35 1
690 : 449 219 52 16 0
691 : 717 151 56 15 0
692 : 185 476 46 18 0
693 : 462 1115 30 28 0
694 : 972 1115 28 29 0
695 : 49 396 17 48 1
696 : 394 219 15 55 1
697 : 0 287 52 16 0
698 : 644 184 57 14 0
699 : 286 74 56 14 0
700 : 674 198 15 56 1
701 : 72 924 23 36 1
702 : 730 198 56 15 0
703 : 700 343 16 50 1
704 : 924 1019 25 33 0
705 : 978 827 37 22 1
706 : 108 924 36 23 0
707 : 891 1019 33 25 0
708 : 853 1084 31 26 0
709 : 490 958 35 23 0
710 : 144 924 36 22 0
711 : 595 958 23 35 1
712 : 949 1019 24 33 0
713 : 729 287 52 15 0
714 : 522 1115 26 30 1
715 : 455 958 35 23 0
716 : 177 184 56 14 0
717 : 492 1115 30 27 0
718 : 560 726 20 40 1
719 : 973 1019 33 24 1
720 : 138 517 44 18 0
721 : 822 1084 31 26 0
722 : 602 635 42 19 0
723 : 925 122 56 14 0
724 : 180 924 36 22 0
725 : 156 791 20 39 1
726 : 946 1084 31 25 0
727 : 233 184 14 56 1
728 : 630 958 22 35 1
729 : 252 924 21 36 1
730 : 149 1144 27 29 0
731 : 110 252 53 15 0
732 : 665 958 35 22 0
733 : 516 636 42 19 0
734 : 631 1144 27 28 0
735 : 751 986 34 22 0
736 : 915 1084 31 25 0
737 : 216 924 21 36 1
738 : 884 1084 31 25 0
739 : 918 398 16 48 1
740 : 92 518 17 45 1
741 : 550 1144 28 27 1
742 : 176 1144 29 26 0
743 : 552 1115 30 25 0
744 : 582 1115 25 30 1
745 : 33 1052 33 23 0
746 : 814 864 37 20 0
747 : 604 1144 27 28 0
748 : 683 986 22 34 1
749 : 700 958 21 35 1
750 : 785 986 34 22 0
751 : 612 1115 25 30 1
752 : 0 1052 33 23 0
753 : 577 1144 27 28 0
754 : 717 986 34 22 0
755 : 777 864 37 20 0
756 : 96 1084 23 32 1
757 : 521 440 16 46 1
758 : 196 1173 27 27 0
759 : 128 1084 23 32 1
760 : 740 864 20 37 1
761 : 850 437 16 47 1
762 : 165 1052 22 33 1
763 : 981 615 40 19 1
764 : 700 359 48 15 0
765 : 160 1084 32 23 0
766 : 64 1084 32 23 0
767 : 261 292 52 14 0
768 : 132 1052 22 33 1
769 : 209 293 14 52 1
770 : 570 288 14 51 1
771 : 324 924 36 20 0
772 : 0 558 44 17 0
773 : 301 638 42 17 0
774 : 550 361 48 15 0
775 : 205 1144 29 25 0
776 : 955 986 34 21 0
777 : 703 438 18 41 1
778 : 662 438 18 41 1
779 : 0 1115 24 31 1
780 : 917 254 53 14 0
781 : 66 1052 33 22 0
782 : 132 597 40 18 0
783 : 223 1173 27 27 0
784 : 955 791 38 19 0
785 : 192 1084 32 23 0
786 : 921 986 34 21 0
787 : 543 254 52 14 0
788 : 887 986 21 34 1
789 : 99 1052 22 33 1
790 : 853 986 21 34 1
791 : 224 1084 32 23 0
792 : 256 1084 22 32 1
793 : 642 1115 30 24 0
794 : 469 637 17 41 1
795 : 613 329 14 50 1
796 : 735 958 35 21 0
797 : 234 1144 25 29 0
798 : 925 479 46 15 0
799 : 288 924 20 36 1
800 : 658 1144 28 26 1
801 : 819 986 34 21 0
802 : 37 845 19 37 1
803 : 38 827 18 38 1
804 : 212 597 18 39 1
805 : 702 1115 23 30 1
806 : 0 398 15 48 1
807 : 428 637 17 41 1
808 : 124 1115 31 22 0
809 : 663 329 50 14 0
810 : 0 1019 34 20 0
811 : 558 636 17 42 1
812 : 157 294 52 13 0
813 : 977 1084 31 23 1
814 : 387 637 41 17 0
815 : 770 958 20 35 1
816 : 352 1084 21 32 1
817 : 0 845 37 19 0
818 : 172 597 40 17 0
819 : 597 253 14 50 1
820 : 155 1115 31 22 0
821 : 949 519 16 44 1
822 : 0 599 16 43 1
823 : 308 596 16 43 1
824 : 828 1144 24 28 0
825 : 250 1173 26 27 0
826 : 259 1144 29 24 0
827 : 804 1144 28 24 1
828 : 584 1173 26 26 0
829 : 805 958 20 35 1
830 : 975 763 24 28 0
831 : 313 292 13 52 1
832 : 621 288 13 51 1
833 : 74 845 18 37 1
834 : 62 1115 22 31 1
835 : 222 556 16 42 1
836 : 396 924 19 36 1
837 : 44 558 15 44 1
838 : 288 1084 32 21 0
839 : 31 1115 31 22 0
840 : 840 958 19 35 1
841 : 672 1115 30 23 0
842 : 474 440 47 14 0
843 : 340 1144 23 29 0
844 : 303 1173 27 25 0
845 : 93 1115 31 22 0
846 : 851 864 18 37 1
847 : 242 395 48 14 0
848 : 600 360 41 16 0
849 : 756 1144 28 24 1
850 : 76 827 18 38 1
851 : 560 746 17 39 1
852 : 330 1173 27 25 0
853 : 360 924 36 19 0
854 : 780 1144 28 24 1
855 : 427 441 14 47 1
856 : 320 1084 21 32 1
857 : 862 255 50 13 0
858 : 0 827 38 18 0
859 : 684 1144 28 24 1
860 : 732 1144 28 24 1
861 : 986 88 14 48 0
862 : 343 638 16 42 1
863 : 647 253 14 48 1
864 : 87 598 15 43 1
865 : 708 1144 24 28 0
866 : 186 1115 31 21 0
867 : 217 1115 31 21 0
868 : 649 482 14 46 1
869 : 685 1173 25 26 0
870 : 264 1052 33 20 0
871 : 438 1173 24 27 0
872 : 710 1173 26 25 1
873 : 288 1144 29 23 0
874 : 468 924 36 18 0
875 : 102 1019 34 19 0
876 : 180 556 42 16 0
877 : 852 1144 28 23 1
878 : 317 1144 23 29 0
879 : 198 1052 20 33 1
880 : 276 1173 27 25 0
881 : 411 1173 27 24 0
882 : 279 1115 31 21 0
883 : 34 1019 34 19 0
884 : 231 1052 20 33 1
885 : 384 1173 27 24 0
886 : 910 958 35 19 0
887 : 732 1115 30 22 0
888 : 90 557 15 44 1
889 : 762 1115 22 30 1
890 : 297 1052 33 20 0
891 : 875 958 35 19 0
892 : 0 519 15 42 1
893 : 635 1173 26 25 1
894 : 822 1115 21 30 1
895 : 610 1173 25 26 0
896 : 357 1173 27 24 0
897 : 898 1144 28 23 1
898 : 251 597 16 39 1
899 : 375 123 13 51 1
900 : 811 255 13 51 1
901 : 792 1115 30 21 0
902 : 44 598 43 15 0
903 : 769 521 14 45 1
904 : 248 1115 31 21 0
905 : 134 557 44 15 0
906 : 0 986 18 35 1
907 : 535 1173 27 23 0
908 : 945 958 18 35 1
909 : 735 1173 24 26 0
910 : 759 1173 24 26 0
911 : 363 1144 22 29 0
912 : 875 1144 23 28 0
913 : 432 924 36 18 0
914 : 70 986 35 18 0
915 : 384 1084 32 20 0
916 : 852 1115 21 30 1
917 : 385 1144 29 22 0
918 : 0 1173 28 22 0
919 : 660 1173 25 26 0
920 : 330 1052 33 19 0
921 : 414 1144 29 22 0
922 : 831 1173 24 26 0
923 : 396 1052 19 33 1
924 : 921 1144 28 22 1
925 : 68 1019 34 19 0
926 : 310 1115 31 20 0
927 : 462 1173 23 27 0
928 : 35 986 35 18 0
929 : 807 1173 26 24 1
930 : 855 1173 24 26 0
931 : 955 810 17 38 1
932 : 783 1173 24 26 0
933 : 610 439 15 42 1
934 : 925 864 37 17 0
935 : 508 1173 27 23 0
936 : 813 640 15 42 1
937 : 641 360 16 39 1
938 : 888 864 37 17 0
939 : 485 1173 23 27 0
940 : 492 710 38 16 0
941 : 86 640 42 15 0
942 : 943 1144 28 22 1
943 : 678 401 13 47 1
944 : 448 1084 20 32 1
945 : 971 1173 25 25 0
946 : 136 1019 34 18 0
947 : 480 1084 32 19 0
948 : 42 519 15 42 1
949 : 912 1115 30 21 0
950 : 568 439 15 42 1
951 : 512 1084 32 19 0
952 : 530 710 38 16 0
953 : 882 1115 30 21 0
954 : 630 401 48 13 0
955 : 0 891 37 17 0
956 : 965 1144 28 22 1
957 : 416 1084 32 20 0
958 : 612 924 36 17 0
959 : 962 864 37 17 0
960 : 363 1052 19 33 1
961 : 942 1115 20 30 1
962 : 472 1144 29 21 0
963 : 25 1200 25 24 0
964 : 925 1173 23 26 0
965 : 429 1052 18 33 1
966 : 504 924 36 17 0
967 : 140 1173 21 28 1
968 : 948 1173 26 23 1
969 : 0 1200 25 24 0
970 : 440 747 37 16 0
971 : 576 924 36 17 0
972 : 30 1144 20 30 1
973 : 204 1019 18 34 1
974 : 879 1173 23 26 0
975 : 56 1173 21 28 1
976 : 170 1019 34 18 0
977 : 156 811 38 16 0
978 : 540 924 17 36 1
979 : 443 1144 29 21 0
980 : 902 1173 26 23 1
981 : 538 941 17 34 1
982 : 84 1173 28 21 0
983 : 462 1052 33 18 0
984 : 112 1173 28 21 0
985 : 572 941 17 34 1
986 : 0 1144 30 20 0
987 : 521 1144 29 20 0
988 : 28 1173 21 28 1
989 : 60 1144 30 19 0
990 : 50 1200 24 24 0
991 : 504 941 34 17 0
992 : 501 1144 20 29 0
993 : 341 1115 31 19 0
994 : 74 1200 24 24 0
995 : 168 1173 21 28 1
996 : 90 1144 30 19 0
997 : 980 958 28 20 1
998 : 562 1173 22 27 0
999 : 580 562 13 44 1
