200 281
0 : 0 0 15 72 1
1 : 72 0 15 47 1
2 : 119 0 67 11 0
3 : 0 15 56 39 0
4 : 56 15 6 35 0
5 : 62 15 11 17 0
6 : 73 15 8 20 0
7 : 81 15 22 8 1
8 : 186 0 8 12 0
9 : 89 15 3 16 0
10 : 92 15 11 9 1
11 : 101 15 9 61 1
12 : 0 54 47 7 0
13 : 162 15 11 11 0
14 : 173 15 5 18 0
15 : 178 15 6 22 0
16 : 194 0 5 7 0
17 : 184 15 6 14 0
18 : 47 54 25 21 0
19 : 190 15 22 4 1
20 : 72 54 16 11 1
21 : 83 54 33 17 0
22 : 116 54 8 7 1
23 : 194 15 4 8 0
24 : 0 75 26 110 1
25 : 123 54 11 4 1
26 : 127 54 58 12 0
27 : 110 75 56 21 0
28 : 0 101 21 102 1
29 : 166 75 6 25 0
30 : 102 101 9 51 1
31 : 185 54 16 11 1
32 : 153 101 30 5 0
33 : 183 101 12 9 1
34 : 196 54 4 6 0
35 : 172 75 26 16 1
36 : 0 122 68 12 0
37 : 188 75 20 10 1
38 : 68 122 21 26 1
39 : 94 122 20 12 1
40 : 106 122 49 16 0
41 : 155 122 6 28 1
42 : 192 101 11 3 1
43 : 0 143 37 12 0
44 : 183 122 9 18 0
45 : 198 15 2 9 0
46 : 195 101 5 14 0
47 : 192 122 15 4 1
48 : 37 143 39 9 0
49 : 76 143 64 10 0
50 : 140 143 32 7 0
51 : 172 143 16 26 1
52 : 0 159 99 21 0
53 : 99 159 38 19 0
54 : 137 159 23 32 1
55 : 0 182 6 37 1
56 : 37 182 22 54 1
57 : 91 182 25 36 1
58 : 127 182 50 27 0
59 : 177 182 27 22 1
60 : 0 209 8 41 1
61 : 41 209 66 23 0
62 : 169 159 8 5 1
63 : 196 122 15 3 1
64 : 174 159 18 12 1
65 : 186 159 9 4 1
66 : 198 75 6 2 1
67 : 190 159 9 6 1
68 : 107 209 5 8 0
69 : 196 159 4 18 0
70 : 112 209 15 19 0
71 : 127 209 8 5 1
72 : 132 209 14 4 1
73 : 136 209 48 13 0
74 : 184 209 14 14 0
75 : 0 232 23 10 0
76 : 23 232 5 18 1
77 : 41 232 10 23 1
78 : 64 232 51 11 0
79 : 115 232 58 14 0
80 : 173 232 7 12 0
81 : 180 232 10 9 1
82 : 0 246 16 12 0
83 : 189 232 13 3 1
84 : 16 246 35 9 0
85 : 51 246 34 12 0
86 : 85 246 17 25 1
87 : 192 232 3 3 0
88 : 110 246 7 23 1
89 : 133 246 10 20 1
90 : 0 263 109 18 0
91 : 153 246 7 7 0
92 : 160 246 6 6 0
93 : 109 263 44 13 0
94 : 199 0 3 1 1
95 : 195 232 3 12 0
96 : 166 246 10 11 0
