200 248
0 : 56 87 66 25 0
1 : 136 180 14 30 1
2 : 55 215 18 14 0
3 : 153 0 43 34 1
4 : 122 50 59 30 0
5 : 93 229 10 16 1
6 : 0 215 8 33 1
7 : 0 135 22 47 1
8 : 169 196 18 16 1
9 : 92 196 26 13 0
10 : 0 196 24 17 0
11 : 128 229 26 4 0
12 : 46 229 7 28 1
13 : 45 196 26 14 0
14 : 122 87 30 51 1
15 : 161 117 39 25 0
16 : 90 242 7 3 0
17 : 74 229 19 9 0
18 : 194 87 25 6 1
19 : 175 215 8 14 1
20 : 0 117 18 78 1
21 : 121 215 14 17 1
22 : 63 157 62 12 0
23 : 47 135 15 64 1
24 : 178 229 16 5 0
25 : 187 0 46 13 1
26 : 172 135 27 26 0
27 : 0 157 12 63 1
28 : 91 215 30 8 0
29 : 0 0 36 91 1
30 : 125 157 23 31 1
31 : 154 229 8 13 0
32 : 187 157 22 9 1
33 : 86 180 9 50 1
34 : 189 215 14 4 1
35 : 192 180 8 16 0
36 : 33 215 22 12 0
37 : 0 50 57 37 0
38 : 63 242 7 6 0
39 : 181 50 12 36 0
40 : 140 196 11 29 1
41 : 0 87 30 56 1
42 : 91 0 50 62 1
43 : 111 135 61 13 0
44 : 75 242 4 7 1
45 : 193 50 7 33 0
46 : 166 180 16 26 1
47 : 0 180 12 46 1
48 : 173 87 21 27 0
49 : 57 50 28 65 1
50 : 97 242 4 4 0
51 : 185 196 9 19 0
52 : 46 180 40 13 0
53 : 194 196 6 19 0
54 : 118 196 15 22 1
55 : 156 157 19 31 1
56 : 71 196 21 17 0
57 : 70 242 5 6 0
58 : 0 242 5 15 1
59 : 0 229 30 7 0
60 : 109 229 6 19 1
61 : 162 229 8 12 0
62 : 170 229 11 8 1
63 : 24 196 19 21 1
64 : 73 215 18 14 0
65 : 15 242 3 20 1
66 : 45 242 18 3 0
67 : 78 117 83 16 0
68 : 30 229 16 13 0
69 : 101 242 2 7 1
70 : 35 242 6 10 1
71 : 138 215 37 6 0
72 : 82 242 8 3 0
