247 665
0 : 0 0 39 27 0
1 : 39 0 41 33 0
2 : 80 0 46 17 0
3 : 126 0 33 17 0
4 : 159 0 27 17 1
5 : 0 33 88 17 0
6 : 176 0 31 17 1
7 : 193 0 43 17 0
8 : 0 50 213 40 0
9 : 213 50 33 17 1
10 : 230 50 29 17 1
11 : 88 33 45 27 0
12 : 133 33 57 27 0
13 : 190 33 36 17 0
14 : 0 90 102 17 0
15 : 102 90 39 17 0
16 : 0 107 240 40 0
17 : 141 90 25 27 1
18 : 0 147 82 17 0
19 : 168 90 54 17 0
20 : 226 33 24 17 1
21 : 82 147 33 17 0
22 : 115 147 117 33 0
23 : 0 180 67 17 0
24 : 67 180 99 27 0
25 : 166 180 40 17 0
26 : 0 207 244 42 0
27 : 206 180 38 17 0
28 : 0 249 146 33 0
29 : 146 249 82 17 0
30 : 0 282 50 17 0
31 : 228 249 31 17 1
32 : 0 299 224 44 0
33 : 224 299 37 17 1
34 : 50 282 88 38 0
35 : 0 343 207 44 0
36 : 0 387 152 65 0
37 : 138 282 103 27 0
38 : 152 387 58 27 1
39 : 179 387 61 27 1
40 : 0 452 71 27 0
41 : 206 387 47 17 1
42 : 71 452 98 27 0
43 : 169 452 76 17 0
44 : 0 479 50 27 0
45 : 50 479 67 17 0
46 : 0 506 247 39 0
47 : 223 387 17 17 0
48 : 207 343 39 17 1
49 : 224 343 31 17 1
50 : 232 147 15 17 0
51 : 117 479 53 17 0
52 : 0 545 112 49 0
53 : 170 479 76 17 0
54 : 112 545 46 17 1
55 : 129 545 43 17 1
56 : 146 545 69 17 0
57 : 215 545 45 17 1
58 : 0 594 29 17 0
59 : 29 594 71 27 0
60 : 100 594 44 17 0
61 : 144 594 60 17 0
62 : 0 621 56 17 0
63 : 222 90 20 17 1
64 : 56 621 50 17 0
65 : 106 621 60 17 0
66 : 166 621 63 17 0
67 : 204 594 42 17 0
68 : 0 638 34 27 0
69 : 34 638 52 17 0
