100 28
0 : 87 12 5 4 1
1 : 33 3 3 13 1
2 : 0 0 49 3 0
3 : 38 19 3 5 0
4 : 58 12 5 5 0
5 : 41 19 3 5 0
6 : 63 12 5 5 0
7 : 20 24 3 3 0
8 : 87 0 4 10 0
9 : 5 24 3 4 0
10 : 83 0 4 11 0
11 : 44 12 3 7 0
12 : 91 0 9 8 0
13 : 0 3 7 33 1
14 : 53 12 5 5 0
15 : 53 17 5 3 0
16 : 0 24 4 5 1
17 : 33 20 5 4 0
18 : 53 20 5 3 0
19 : 58 17 3 5 0
20 : 33 6 12 5 0
21 : 32 24 3 3 0
22 : 11 24 3 4 0
23 : 29 24 3 3 0
24 : 44 19 3 5 0
25 : 69 20 5 3 0
26 : 74 20 3 5 1
27 : 50 12 3 7 0
28 : 78 12 5 5 0
29 : 79 17 5 3 0
30 : 69 17 5 3 0
31 : 41 12 3 7 0
32 : 64 17 5 3 0
33 : 46 3 3 3 0
34 : 91 21 3 4 1
35 : 91 12 5 4 1
36 : 91 17 4 4 0
37 : 95 17 3 4 0
38 : 17 24 3 3 0
39 : 91 8 4 8 1
40 : 95 12 5 4 1
41 : 74 17 5 3 0
42 : 87 21 4 3 0
43 : 0 12 12 33 1
44 : 79 20 3 5 1
45 : 23 24 3 3 0
46 : 87 17 4 4 0
47 : 61 17 3 5 0
48 : 73 12 5 5 0
49 : 45 6 5 4 1
50 : 47 12 7 3 1
51 : 64 20 5 3 0
52 : 83 12 5 4 1
53 : 47 19 5 3 0
54 : 95 21 3 4 1
55 : 14 24 3 4 0
56 : 84 17 3 5 0
57 : 26 24 3 3 0
58 : 8 24 3 4 0
59 : 38 12 7 3 1
60 : 33 12 5 8 0
61 : 49 0 34 12 0
62 : 68 12 5 5 0
