1000 1515
0 : 831 27 66 61 0
1 : 567 116 62 48 0
2 : 629 116 62 46 0
3 : 939 116 61 43 0
4 : 691 116 39 62 1
5 : 0 164 38 61 1
6 : 144 27 30 71 1
7 : 627 264 56 37 0
8 : 424 370 52 39 0
9 : 616 301 36 55 1
10 : 473 0 74 27 0
11 : 576 588 42 47 1
12 : 61 164 61 32 0
13 : 650 232 58 32 0
14 : 936 409 51 36 0
15 : 188 655 46 40 0
16 : 160 0 79 23 0
17 : 98 550 48 38 0
18 : 81 0 79 23 0
19 : 61 202 30 60 1
20 : 0 0 22 81 1
21 : 500 514 36 49 1
22 : 215 27 25 71 1
23 : 621 0 73 24 0
24 : 0 264 57 31 0
25 : 0 27 72 25 0
26 : 204 479 50 35 0
27 : 683 264 56 31 0
28 : 440 337 33 54 1
29 : 234 655 39 46 1
30 : 773 88 28 63 1
31 : 396 0 77 23 0
32 : 220 802 43 40 0
33 : 194 550 36 48 1
34 : 739 264 56 31 0
35 : 0 445 51 34 0
36 : 494 337 54 32 0
37 : 810 734 44 40 0
38 : 623 588 37 47 1
39 : 51 445 51 34 0
40 : 146 550 48 36 0
41 : 0 370 53 33 0
42 : 506 695 39 45 1
43 : 254 479 34 50 1
44 : 318 0 22 78 1
45 : 102 445 51 33 0
46 : 708 232 29 58 1
47 : 694 0 73 23 0
48 : 767 0 23 73 1
49 : 551 695 37 45 1
50 : 840 0 73 23 0
51 : 688 842 42 40 0
52 : 325 88 26 64 1
53 : 548 337 31 54 1
54 : 72 27 23 72 1
55 : 239 0 79 21 0
56 : 670 588 35 47 1
57 : 354 479 33 50 1
58 : 730 842 39 42 1
59 : 304 479 33 50 1
60 : 602 337 54 30 0
61 : 121 202 60 27 0
62 : 717 588 47 34 0
63 : 913 0 22 73 1
64 : 549 514 49 33 0
65 : 263 802 37 43 1
66 : 476 370 30 52 1
67 : 697 27 67 23 0
68 : 596 695 35 45 1
69 : 753 116 62 25 0
70 : 453 88 24 64 1
71 : 641 695 35 45 1
72 : 306 802 36 43 1
73 : 60 232 26 59 1
74 : 349 802 43 36 0
75 : 630 27 67 23 0
76 : 686 695 34 45 1
77 : 389 88 64 24 0
78 : 290 550 32 48 1
79 : 153 445 30 51 1
80 : 242 550 32 48 1
81 : 122 164 25 61 1
82 : 671 301 55 27 0
83 : 656 337 54 28 0
84 : 280 655 33 46 1
85 : 338 550 31 48 1
86 : 731 695 45 33 0
87 : 204 445 51 29 0
88 : 392 802 43 35 0
89 : 547 0 74 20 0
90 : 404 479 50 29 0
91 : 492 940 40 37 0
92 : 119 232 25 59 1
93 : 764 588 31 47 1
94 : 386 550 30 48 1
95 : 326 655 46 31 0
96 : 759 977 37 39 1
97 : 720 977 37 39 1
98 : 836 88 63 22 0
99 : 772 842 34 42 1
100 : 726 301 26 55 1
101 : 776 695 31 45 1
102 : 764 27 67 21 0
103 : 183 164 23 61 1
104 : 178 232 23 59 1
105 : 372 655 46 30 0
106 : 815 116 62 22 0
107 : 710 337 26 54 1
108 : 798 977 36 39 1
109 : 237 232 59 23 0
110 : 356 27 69 20 0
111 : 255 445 51 27 0
112 : 898 734 31 44 1
113 : 647 514 28 49 1
114 : 570 1080 37 37 0
115 : 126 906 34 41 1
116 : 854 734 31 44 1
117 : 598 514 49 28 0
118 : 0 88 65 21 0
119 : 494 27 20 68 1
120 : 468 1044 36 38 1
121 : 781 301 55 25 0
122 : 836 301 24 55 1
123 : 532 940 33 40 1
124 : 286 27 70 19 0
125 : 866 695 29 45 1
126 : 435 802 31 43 1
127 : 57 264 57 23 0
128 : 528 370 52 26 0
129 : 821 695 45 29 0
130 : 897 27 20 66 1
131 : 114 264 23 57 1
132 : 911 695 45 29 0
133 : 306 445 51 25 0
134 : 580 370 25 52 1
135 : 899 88 20 63 1
136 : 425 27 69 19 0
137 : 942 734 44 29 0
138 : 464 655 28 46 1
139 : 851 264 23 56 1
140 : 90 734 28 45 1
141 : 454 479 26 50 1
142 : 607 1080 37 34 0
143 : 65 88 65 20 0
144 : 418 655 28 46 1
145 : 130 88 65 19 0
146 : 795 264 56 23 0
147 : 510 655 46 27 0
148 : 45 734 28 45 1
149 : 811 588 47 27 0
150 : 506 1044 38 33 0
151 : 0 734 45 28 0
152 : 517 88 64 19 0
153 : 632 370 24 52 1
154 : 562 27 18 68 1
155 : 572 940 40 31 0
156 : 556 655 46 27 0
157 : 305 164 20 61 1
158 : 582 1044 32 38 1
159 : 684 370 52 24 0
160 : 544 1044 38 32 0
161 : 777 1147 34 36 1
162 : 167 906 30 41 1
163 : 44 774 44 27 0
164 : 837 977 31 39 1
165 : 244 164 20 61 1
166 : 885 1147 33 36 1
167 : 858 588 26 47 1
168 : 482 550 48 25 0
169 : 714 1080 32 37 0
170 : 877 116 62 19 0
171 : 612 940 31 40 1
172 : 0 774 28 44 1
173 : 434 550 48 25 0
174 : 0 116 19 63 1
175 : 905 588 47 26 0
176 : 692 940 40 30 0
177 : 602 655 46 26 0
178 : 849 1147 36 33 0
179 : 652 940 40 30 0
180 : 355 232 20 59 1
181 : 432 1212 34 35 1
182 : 746 1080 37 32 0
183 : 478 802 28 43 1
184 : 813 1147 33 36 1
185 : 648 655 26 46 1
186 : 766 232 21 58 1
187 : 208 906 29 41 1
188 : 696 514 24 49 1
189 : 644 1080 33 37 0
190 : 820 1080 32 37 0
191 : 783 1080 37 32 0
192 : 907 264 56 21 0
193 : 195 88 65 18 0
194 : 408 445 23 51 1
195 : 459 445 23 51 1
196 : 0 1014 30 39 1
197 : 504 479 50 24 0
198 : 736 370 52 23 0
199 : 677 1080 37 32 0
200 : 357 445 51 23 0
201 : 521 802 27 43 1
202 : 915 977 30 39 1
203 : 578 550 48 24 0
204 : 0 301 56 21 0
205 : 0 630 25 47 1
206 : 745 514 24 49 1
207 : 620 1044 38 31 0
208 : 366 164 19 61 1
209 : 467 1212 33 35 1
210 : 296 232 59 20 0
211 : 952 588 25 47 1
212 : 852 1080 31 37 0
213 : 564 802 27 43 1
214 : 135 734 25 45 1
215 : 645 88 18 64 1
216 : 607 802 27 43 1
217 : 650 802 27 43 1
218 : 921 1147 36 32 0
219 : 876 977 30 39 1
220 : 181 202 60 19 0
221 : 530 550 24 48 1
222 : 693 802 27 43 1
223 : 427 164 61 19 0
224 : 361 202 60 19 0
225 : 78 1014 29 39 1
226 : 954 977 30 39 1
227 : 47 630 24 47 1
228 : 132 774 26 44 1
229 : 88 774 26 44 1
230 : 301 202 60 19 0
231 : 554 479 50 23 0
232 : 56 301 56 20 0
233 : 736 802 43 27 0
234 : 39 1014 29 39 1
235 : 171 264 57 20 0
236 : 260 88 65 17 0
237 : 53 370 21 53 1
238 : 561 445 51 22 0
239 : 581 88 18 64 1
240 : 94 630 47 24 0
241 : 510 445 51 22 0
242 : 63 116 63 18 0
243 : 943 1080 30 37 0
244 : 740 655 24 46 1
245 : 908 802 26 43 1
246 : 0 1181 31 36 1
247 : 674 550 48 23 0
248 : 832 655 46 24 0
249 : 241 202 19 60 1
250 : 72 1181 31 36 1
251 : 108 1181 31 36 1
252 : 812 940 28 40 1
253 : 786 655 46 24 0
254 : 824 232 58 19 0
255 : 779 802 26 43 1
256 : 814 842 27 42 1
257 : 549 164 18 61 1
258 : 772 940 40 28 0
259 : 913 1080 30 37 0
260 : 732 940 28 40 1
261 : 694 655 46 24 0
262 : 764 337 54 21 0
263 : 865 802 26 43 1
264 : 875 1246 33 34 1
265 : 502 1212 35 32 0
266 : 36 1181 36 31 0
267 : 264 774 25 44 1
268 : 37 1117 30 37 1
269 : 249 906 27 41 1
270 : 188 630 23 47 1
271 : 709 88 64 17 0
272 : 822 802 26 43 1
273 : 126 116 17 63 1
274 : 290 906 27 41 1
275 : 176 774 44 25 0
276 : 882 232 58 19 0
277 : 136 1309 33 33 0
278 : 220 774 44 25 0
279 : 794 514 49 22 0
280 : 658 1044 29 38 1
281 : 604 479 50 22 0
282 : 612 445 51 21 0
283 : 883 1080 30 37 0
284 : 957 1147 31 36 1
285 : 0 1117 30 37 1
286 : 488 164 18 61 1
287 : 225 734 24 45 1
288 : 951 802 25 43 1
289 : 852 940 40 27 0
290 : 856 842 26 42 1
291 : 891 301 20 55 1
292 : 892 940 40 27 0
293 : 180 1181 30 36 1
294 : 909 1246 34 32 0
295 : 222 1117 29 37 1
296 : 117 1014 39 28 0
297 : 626 550 48 23 0
298 : 233 1309 32 33 0
299 : 932 940 40 27 0
300 : 180 734 24 45 1
301 : 352 774 24 44 1
302 : 141 630 23 47 1
303 : 111 1117 29 37 1
304 : 159 370 20 53 1
305 : 312 1014 27 39 1
306 : 112 301 19 56 1
307 : 270 734 45 24 0
308 : 74 1117 37 29 0
309 : 421 202 18 60 1
310 : 144 1181 30 36 1
311 : 148 1117 37 29 0
312 : 440 774 24 44 1
313 : 273 1014 27 39 1
314 : 413 906 26 41 1
315 : 924 655 23 46 1
316 : 878 655 46 23 0
317 : 722 550 48 22 0
318 : 671 164 61 17 0
319 : 732 164 61 17 0
320 : 360 734 23 45 1
321 : 372 906 26 41 1
322 : 235 630 23 47 1
323 : 654 479 50 21 0
324 : 195 1014 39 27 0
325 : 704 479 50 21 0
326 : 892 370 52 20 0
327 : 788 370 52 20 0
328 : 189 116 17 63 1
329 : 185 1117 37 29 0
330 : 481 202 17 60 1
331 : 661 202 17 60 1
332 : 234 1014 27 39 1
333 : 473 232 18 59 1
334 : 0 695 23 46 1
335 : 169 1309 32 33 0
336 : 308 774 24 44 1
337 : 405 734 23 45 1
338 : 331 906 26 41 1
339 : 537 1212 30 35 1
340 : 754 479 50 21 0
341 : 943 1246 34 31 0
342 : 840 370 52 20 0
343 : 216 1181 36 29 0
344 : 495 906 41 25 0
345 : 156 1014 27 39 1
346 : 315 734 23 45 1
347 : 507 1014 26 39 1
348 : 572 1212 30 35 1
349 : 607 1212 35 30 0
350 : 0 842 24 43 1
351 : 333 1117 37 28 0
352 : 940 232 18 58 1
353 : 0 977 26 40 1
354 : 734 1044 27 38 1
355 : 43 842 24 43 1
356 : 201 1309 32 33 0
357 : 396 774 24 44 1
358 : 55 337 19 55 1
359 : 296 1117 37 28 0
360 : 414 232 18 59 1
361 : 106 370 53 20 0
362 : 370 1117 28 37 1
363 : 481 1117 28 37 1
364 : 282 630 22 47 1
365 : 696 1044 27 38 1
366 : 40 977 40 26 0
367 : 818 337 19 54 1
368 : 601 202 60 17 0
369 : 429 1014 26 39 1
370 : 396 1181 28 36 1
371 : 898 842 42 25 0
372 : 770 550 21 48 1
373 : 444 1117 28 37 1
374 : 252 1181 29 36 1
375 : 86 842 43 24 0
376 : 259 1117 37 28 0
377 : 0 337 55 19 0
378 : 46 695 22 46 1
379 : 360 1181 28 36 1
380 : 52 409 52 19 0
381 : 390 1014 26 39 1
382 : 265 1309 31 33 0
383 : 468 1014 26 39 1
384 : 407 1117 37 28 0
385 : 504 116 63 16 0
386 : 329 630 47 22 0
387 : 944 370 52 20 0
388 : 610 164 17 61 1
389 : 940 842 24 42 1
390 : 536 906 25 41 1
391 : 296 1309 33 31 0
392 : 494 1342 32 32 0
393 : 110 337 18 55 1
394 : 642 1212 35 29 0
395 : 265 370 53 19 0
396 : 618 906 25 41 1
397 : 378 116 63 16 0
398 : 526 1342 32 32 0
399 : 541 202 17 60 1
400 : 592 1117 37 27 0
401 : 629 1117 27 37 1
402 : 548 1309 30 33 0
403 : 129 842 43 24 0
404 : 34 1279 34 30 0
405 : 577 906 25 41 1
406 : 0 409 52 20 0
407 : 362 1309 33 31 0
408 : 485 1309 33 30 0
409 : 804 479 50 20 0
410 : 120 977 25 40 1
411 : 329 1309 33 31 0
412 : 772 1044 38 27 0
413 : 854 479 20 50 1
414 : 450 734 45 22 0
415 : 462 1342 32 32 0
416 : 351 1014 26 39 1
417 : 42 882 42 24 0
418 : 441 116 63 16 0
419 : 818 550 48 21 0
420 : 0 202 16 61 1
421 : 810 1044 38 26 0
422 : 454 906 25 41 1
423 : 288 1181 28 36 1
424 : 546 1014 26 39 1
425 : 212 370 19 53 1
426 : 315 116 63 16 0
427 : 528 774 23 44 1
428 : 470 630 21 47 1
429 : 703 1117 37 27 0
430 : 555 1117 37 27 0
431 : 68 1279 29 34 1
432 : 432 1181 28 36 1
433 : 80 977 25 40 1
434 : 0 1279 30 34 1
435 : 324 1181 36 28 0
436 : 215 842 23 43 1
437 : 468 1181 36 27 0
438 : 564 630 21 47 1
439 : 0 882 24 42 1
440 : 854 164 16 61 1
441 : 741 1014 25 39 1
442 : 793 164 61 16 0
443 : 886 1044 38 26 0
444 : 484 774 23 44 1
445 : 425 1309 30 33 0
446 : 252 116 63 16 0
447 : 721 202 60 16 0
448 : 395 1309 30 33 0
449 : 92 695 46 21 0
450 : 517 630 21 47 1
451 : 495 734 22 45 1
452 : 666 1117 27 37 1
453 : 84 882 23 42 1
454 : 872 337 18 54 1
455 : 843 514 49 20 0
456 : 914 550 20 48 1
457 : 376 630 21 47 1
458 : 782 1212 28 35 1
459 : 741 906 24 41 1
460 : 782 906 41 24 0
461 : 172 842 43 23 0
462 : 423 630 21 47 1
463 : 518 1117 27 37 1
464 : 663 445 19 51 1
465 : 104 409 19 52 1
466 : 200 977 24 40 1
467 : 712 1212 28 35 1
468 : 588 1342 32 30 0
469 : 455 1309 30 33 0
470 : 168 882 23 42 1
471 : 765 445 19 51 1
472 : 659 906 41 24 0
473 : 504 1181 27 36 1
474 : 677 1212 28 35 1
475 : 585 1014 25 39 1
476 : 700 906 41 24 0
477 : 702 1014 25 39 1
478 : 168 301 56 17 0
479 : 294 882 23 42 1
480 : 275 337 17 55 1
481 : 518 1309 30 33 0
482 : 220 337 17 55 1
483 : 532 232 16 59 1
484 : 126 882 23 42 1
485 : 926 337 54 18 0
486 : 848 1044 26 38 1
487 : 714 445 51 19 0
488 : 616 774 44 22 0
489 : 915 164 61 16 0
490 : 572 774 44 22 0
491 : 102 1279 28 34 1
492 : 252 882 23 42 1
493 : 624 1014 25 39 1
494 : 740 1117 37 26 0
495 : 543 1374 31 31 0
496 : 781 202 16 60 1
497 : 864 906 23 41 1
498 : 866 550 48 20 0
499 : 747 1212 28 35 1
500 : 558 1342 30 32 0
501 : 160 977 40 24 0
502 : 208 409 52 18 0
503 : 342 264 57 17 0
504 : 663 1014 25 39 1
505 : 210 882 23 42 1
506 : 585 734 21 45 1
507 : 941 514 49 19 0
508 : 697 1374 31 30 0
509 : 704 774 22 44 1
510 : 946 906 23 41 1
511 : 0 1080 38 25 0
512 : 38 1080 25 38 1
513 : 285 264 57 17 0
514 : 540 1181 26 36 1
515 : 692 1309 28 33 0
516 : 823 906 23 41 1
517 : 50 514 50 19 0
518 : 852 1212 27 35 1
519 : 817 1212 27 35 1
520 : 0 1044 24 39 1
521 : 204 1279 28 34 1
522 : 228 264 17 57 1
523 : 705 630 20 47 1
524 : 648 1181 26 36 1
525 : 777 1117 37 25 0
526 : 660 774 22 44 1
527 : 0 940 41 23 0
528 : 858 1014 39 24 0
529 : 165 337 17 55 1
530 : 962 1044 25 38 1
531 : 0 514 50 19 0
532 : 867 445 18 51 1
533 : 607 1309 29 33 0
534 : 605 1374 31 30 0
535 : 578 1309 29 33 0
536 : 512 1374 31 31 0
537 : 904 479 50 19 0
538 : 0 550 49 19 0
539 : 678 1342 32 29 0
540 : 936 1014 24 39 1
541 : 344 842 22 43 1
542 : 540 734 45 21 0
543 : 136 1279 34 28 0
544 : 752 630 47 20 0
545 : 420 882 22 42 1
546 : 378 882 22 42 1
547 : 924 1044 25 38 1
548 : 330 337 17 55 1
549 : 184 695 20 46 1
550 : 819 1014 39 24 0
551 : 336 882 22 42 1
552 : 230 695 20 46 1
553 : 156 409 52 18 0
554 : 636 1374 30 31 0
555 : 340 1279 34 27 0
556 : 238 1279 34 28 0
557 : 814 1117 37 25 0
558 : 170 1279 28 34 1
559 : 96 588 48 19 0
560 : 905 906 23 41 1
561 : 649 1342 29 32 0
562 : 111 1147 37 25 0
563 : 799 630 47 20 0
564 : 748 774 21 44 1
565 : 399 264 57 16 0
566 : 664 1309 28 33 0
567 : 780 1014 39 24 0
568 : 320 977 40 23 0
569 : 636 1309 28 33 0
570 : 620 1342 29 32 0
571 : 611 630 47 20 0
572 : 74 1147 25 37 1
573 : 887 1212 35 27 0
574 : 240 977 23 40 1
575 : 39 1044 24 39 1
576 : 901 202 15 60 1
577 : 576 1181 26 36 1
578 : 0 1246 26 35 1
579 : 306 1279 27 34 1
580 : 35 1246 26 35 1
581 : 312 409 52 18 0
582 : 841 202 60 15 0
583 : 228 1080 38 24 0
584 : 190 1080 38 24 0
585 : 76 1080 38 24 0
586 : 739 1342 29 32 0
587 : 630 734 45 20 0
588 : 816 445 18 51 1
589 : 301 842 22 43 1
590 : 0 232 60 15 0
591 : 49 550 49 19 0
592 : 100 514 18 50 1
593 : 574 1374 31 30 0
594 : 37 1147 25 37 1
595 : 152 1080 38 24 0
596 : 258 842 43 22 0
597 : 280 977 40 23 0
598 : 846 630 20 47 1
599 : 918 445 51 18 0
600 : 962 1117 37 25 0
601 : 897 1014 39 24 0
602 : 612 1181 26 36 1
603 : 925 1117 25 37 1
604 : 114 1080 24 38 1
605 : 780 1309 33 27 0
606 : 710 1342 29 32 0
607 : 658 630 20 47 1
608 : 888 1117 25 37 1
609 : 82 940 22 41 1
610 : 666 1374 31 30 0
611 : 922 1212 35 26 0
612 : 117 1044 23 39 1
613 : 48 588 19 48 1
614 : 792 774 21 44 1
615 : 892 514 49 19 0
616 : 360 977 23 40 1
617 : 591 232 15 59 1
618 : 272 1279 27 34 1
619 : 400 977 23 40 1
620 : 957 1212 26 35 1
621 : 387 842 21 43 1
622 : 0 588 19 48 1
623 : 728 1374 31 29 0
624 : 759 1374 31 29 0
625 : 70 1246 26 35 1
626 : 430 842 43 21 0
627 : 260 409 52 18 0
628 : 0 1147 25 37 1
629 : 185 1147 37 24 0
630 : 123 940 41 22 0
631 : 720 1309 33 28 0
632 : 768 1342 28 32 0
633 : 138 695 20 46 1
634 : 41 940 41 22 0
635 : 836 774 44 20 0
636 : 851 1117 25 37 1
637 : 940 630 19 47 1
638 : 753 1309 27 33 0
639 : 205 940 41 21 0
640 : 148 1147 37 24 0
641 : 893 630 47 19 0
642 : 78 1044 39 23 0
643 : 973 1342 27 32 0
644 : 140 1246 35 25 0
645 : 374 1279 26 34 1
646 : 462 882 42 21 0
647 : 796 1342 27 32 0
648 : 684 1181 36 24 0
649 : 823 1342 27 32 0
650 : 850 1342 32 27 0
651 : 195 1044 22 39 1
652 : 473 842 20 43 1
653 : 371 1405 30 28 0
654 : 882 1342 32 27 0
655 : 200 514 50 17 0
656 : 164 940 21 41 1
657 : 504 882 42 21 0
658 : 416 409 52 16 0
659 : 364 409 17 52 1
660 : 105 1246 35 25 0
661 : 675 734 19 45 1
662 : 341 1405 29 30 1
663 : 234 1044 22 39 1
664 : 813 1309 33 26 0
665 : 914 1342 27 32 0
666 : 941 1342 32 27 0
667 : 90 1434 29 29 0
668 : 520 977 21 40 1
669 : 720 1181 36 24 0
670 : 175 1246 35 24 0
671 : 222 1147 23 37 1
672 : 156 1044 22 39 1
673 : 150 514 17 50 1
674 : 259 1147 23 37 1
675 : 0 1374 26 32 1
676 : 480 977 40 21 0
677 : 792 1181 36 23 0
678 : 756 1181 23 36 1
679 : 572 409 16 52 1
680 : 210 1246 35 24 0
681 : 442 1279 24 34 1
682 : 276 695 18 46 1
683 : 513 264 57 15 0
684 : 315 1246 35 23 0
685 : 456 264 57 15 0
686 : 440 977 40 21 0
687 : 408 1279 24 34 1
688 : 401 1405 28 30 1
689 : 350 1246 23 35 1
690 : 520 409 52 16 0
691 : 224 301 56 15 0
692 : 322 695 46 18 0
693 : 431 1405 30 28 0
694 : 119 1434 28 29 0
695 : 144 588 17 48 1
696 : 385 337 15 55 1
697 : 468 409 52 16 0
698 : 570 264 57 14 0
699 : 448 301 56 14 0
700 : 280 301 15 56 1
701 : 828 1181 23 36 1
702 : 336 301 56 15 0
703 : 250 514 16 50 1
704 : 879 1309 25 33 0
705 : 296 1147 37 22 0
706 : 864 1181 36 23 0
707 : 846 1309 33 25 0
708 : 821 1374 31 26 0
709 : 280 1246 35 23 0
710 : 900 1181 36 22 0
711 : 385 1246 23 35 1
712 : 904 1309 24 33 0
713 : 624 409 52 15 0
714 : 491 1405 26 30 1
715 : 245 1246 35 23 0
716 : 504 301 56 14 0
717 : 461 1405 30 27 0
718 : 560 977 20 40 1
719 : 928 1309 33 24 0
720 : 880 774 44 18 0
721 : 790 1374 31 26 0
722 : 546 882 42 19 0
723 : 392 301 56 14 0
724 : 936 1181 36 22 0
725 : 273 1044 20 39 1
726 : 914 1374 31 25 0
727 : 560 301 14 56 1
728 : 420 1246 22 35 1
729 : 36 1212 21 36 1
730 : 147 1434 27 29 0
731 : 318 370 53 15 0
732 : 455 1246 35 22 0
733 : 588 882 42 19 0
734 : 629 1434 27 28 0
735 : 544 1279 34 22 0
736 : 883 1374 31 25 0
737 : 0 1212 21 36 1
738 : 852 1374 31 25 0
739 : 192 588 16 48 1
740 : 720 734 17 45 1
741 : 548 1434 28 27 1
742 : 174 1434 29 26 0
743 : 521 1405 30 25 0
744 : 551 1405 25 30 1
745 : 0 1342 33 23 0
746 : 407 1147 37 20 0
747 : 602 1434 27 28 0
748 : 476 1279 22 34 1
749 : 490 1246 21 35 1
750 : 578 1279 34 22 0
751 : 581 1405 25 30 1
752 : 961 1309 33 23 0
753 : 575 1434 27 28 0
754 : 510 1279 34 22 0
755 : 370 1147 37 20 0
756 : 64 1374 23 32 1
757 : 368 695 16 46 1
758 : 252 1463 27 27 0
759 : 96 1374 23 32 1
760 : 333 1147 20 37 1
761 : 0 655 16 47 1
762 : 132 1342 22 33 1
763 : 600 977 40 19 0
764 : 336 588 48 15 0
765 : 128 1374 32 23 0
766 : 32 1374 32 23 0
767 : 780 409 52 14 0
768 : 99 1342 22 33 1
769 : 676 409 14 52 1
770 : 0 479 14 51 1
771 : 108 1212 36 20 0
772 : 924 774 44 17 0
773 : 672 882 42 17 0
774 : 288 588 48 15 0
775 : 203 1434 29 25 0
776 : 748 1279 34 21 0
777 : 287 940 18 41 1
778 : 246 940 18 41 1
779 : 945 1374 24 31 0
780 : 371 370 53 14 0
781 : 33 1342 33 22 0
782 : 640 977 40 18 0
783 : 279 1463 27 27 0
784 : 266 1080 38 19 0
785 : 160 1374 32 23 0
786 : 714 1279 34 21 0
787 : 728 409 52 14 0
788 : 680 1279 21 34 1
789 : 66 1342 22 33 1
790 : 646 1279 21 34 1
791 : 192 1374 32 23 0
792 : 224 1374 22 32 1
793 : 611 1405 30 24 0
794 : 410 940 17 41 1
795 : 300 514 14 50 1
796 : 525 1246 35 21 0
797 : 232 1434 25 29 0
798 : 414 695 46 15 0
799 : 72 1212 20 36 1
800 : 656 1434 28 26 1
801 : 612 1279 34 21 0
802 : 481 1147 19 37 1
803 : 342 1080 18 38 1
804 : 312 1044 18 39 1
805 : 671 1405 23 30 1
806 : 240 588 15 48 1
807 : 369 940 17 41 1
808 : 93 1405 31 22 0
809 : 350 514 50 14 0
810 : 782 1279 34 20 0
811 : 630 882 17 42 1
812 : 832 409 52 13 0
813 : 969 1374 31 23 0
814 : 328 940 41 17 0
815 : 560 1246 20 35 1
816 : 320 1374 21 32 1
817 : 444 1147 37 19 0
818 : 680 977 40 17 0
819 : 400 514 14 50 1
820 : 124 1405 31 22 0
821 : 0 802 16 44 1
822 : 516 842 16 43 1
823 : 559 842 16 43 1
824 : 850 1434 24 28 0
825 : 306 1463 26 27 0
826 : 257 1434 29 24 0
827 : 826 1434 28 24 1
828 : 640 1463 26 26 0
829 : 595 1246 20 35 1
830 : 682 1434 24 28 0
831 : 884 409 13 52 1
832 : 51 479 13 51 1
833 : 518 1147 18 37 1
834 : 31 1405 22 31 1
835 : 798 882 16 42 1
836 : 180 1212 19 36 1
837 : 44 802 15 44 1
838 : 256 1374 32 21 0
839 : 0 1405 31 22 0
840 : 630 1246 19 35 1
841 : 641 1405 30 23 0
842 : 94 655 47 14 0
843 : 338 1434 23 29 0
844 : 359 1463 27 25 0
845 : 62 1405 31 22 0
846 : 555 1147 18 37 1
847 : 432 588 48 14 0
848 : 451 940 41 16 0
849 : 778 1434 28 24 1
850 : 380 1080 18 38 1
851 : 351 1044 17 39 1
852 : 386 1463 27 25 0
853 : 144 1212 36 19 0
854 : 802 1434 28 24 1
855 : 47 655 14 47 1
856 : 288 1374 21 32 1
857 : 450 514 50 13 0
858 : 304 1080 38 18 0
859 : 706 1434 28 24 1
860 : 754 1434 28 24 1
861 : 384 588 14 48 1
862 : 714 882 16 42 1
863 : 480 588 14 48 1
864 : 645 842 15 43 1
865 : 730 1434 24 28 0
866 : 155 1405 31 21 0
867 : 186 1405 31 21 0
868 : 460 695 14 46 1
869 : 741 1463 25 26 0
870 : 231 1342 33 20 0
871 : 494 1463 24 27 0
872 : 766 1463 26 25 1
873 : 286 1434 29 23 0
874 : 252 1212 36 18 0
875 : 884 1279 34 19 0
876 : 756 882 42 16 0
877 : 874 1434 28 23 1
878 : 315 1434 23 29 0
879 : 165 1342 20 33 1
880 : 332 1463 27 25 0
881 : 467 1463 27 24 0
882 : 248 1405 31 21 0
883 : 816 1279 34 19 0
884 : 198 1342 20 33 1
885 : 440 1463 27 24 0
886 : 700 1246 35 19 0
887 : 701 1405 30 22 0
888 : 88 802 15 44 1
889 : 731 1405 22 30 1
890 : 264 1342 33 20 0
891 : 665 1246 35 19 0
892 : 924 882 15 42 1
893 : 691 1463 26 25 1
894 : 791 1405 21 30 1
895 : 666 1463 25 26 0
896 : 413 1463 27 24 0
897 : 920 1434 28 23 1
898 : 390 1044 16 39 1
899 : 102 479 13 51 1
900 : 153 479 13 51 1
901 : 761 1405 30 21 0
902 : 602 842 43 15 0
903 : 765 734 14 45 1
904 : 217 1405 31 21 0
905 : 132 802 44 15 0
906 : 770 1246 18 35 1
907 : 591 1463 27 23 0
908 : 735 1246 18 35 1
909 : 791 1463 24 26 0
910 : 815 1463 24 26 0
911 : 361 1434 22 29 0
912 : 897 1434 23 28 0
913 : 216 1212 36 18 0
914 : 840 1246 35 18 0
915 : 352 1374 32 20 0
916 : 821 1405 21 30 1
917 : 383 1434 29 22 0
918 : 28 1463 28 22 0
919 : 716 1463 25 26 0
920 : 297 1342 33 19 0
921 : 412 1434 29 22 0
922 : 887 1463 24 26 0
923 : 363 1342 19 33 1
924 : 943 1434 28 22 1
925 : 850 1279 34 19 0
926 : 279 1405 31 20 0
927 : 518 1463 23 27 0
928 : 805 1246 35 18 0
929 : 863 1463 26 24 1
930 : 911 1463 24 26 0
931 : 418 1080 17 38 1
932 : 839 1463 24 26 0
933 : 84 906 15 42 1
934 : 629 1147 37 17 0
935 : 564 1463 27 23 0
936 : 840 882 15 42 1
937 : 429 1044 16 39 1
938 : 592 1147 37 17 0
939 : 541 1463 23 27 0
940 : 494 1080 38 16 0
941 : 882 882 42 15 0
942 : 965 1434 28 22 1
943 : 141 655 13 47 1
944 : 416 1374 20 32 1
945 : 52 1490 25 25 0
946 : 918 1279 34 18 0
947 : 448 1374 32 19 0
948 : 0 906 15 42 1
949 : 881 1405 30 21 0
950 : 42 906 15 42 1
951 : 480 1374 32 19 0
952 : 532 1080 38 16 0
953 : 851 1405 30 21 0
954 : 528 588 48 13 0
955 : 703 1147 37 17 0
956 : 0 1463 28 22 0
957 : 384 1374 32 20 0
958 : 396 1212 36 17 0
959 : 666 1147 37 17 0
960 : 330 1342 19 33 1
961 : 911 1405 20 30 1
962 : 470 1434 29 21 0
963 : 102 1490 25 24 0
964 : 0 1490 23 26 1
965 : 396 1342 18 33 1
966 : 288 1212 36 17 0
967 : 168 1463 21 28 1
968 : 26 1490 26 23 0
969 : 77 1490 25 24 0
970 : 740 1147 37 16 0
971 : 360 1212 36 17 0
972 : 0 1434 20 30 1
973 : 0 1309 18 34 1
974 : 935 1463 23 26 0
975 : 84 1463 21 28 1
976 : 952 1279 34 18 0
977 : 456 1080 38 16 0
978 : 324 1212 17 36 1
979 : 441 1434 29 21 0
980 : 958 1463 26 23 1
981 : 68 1309 17 34 1
982 : 112 1463 28 21 0
983 : 429 1342 33 18 0
984 : 140 1463 28 21 0
985 : 102 1309 17 34 1
986 : 941 1405 30 20 0
987 : 519 1434 29 20 0
988 : 56 1463 21 28 1
989 : 30 1434 30 19 0
990 : 127 1490 24 24 0
991 : 34 1309 34 17 0
992 : 499 1434 20 29 0
993 : 310 1405 31 19 0
994 : 151 1490 24 24 0
995 : 196 1463 21 28 1
996 : 60 1434 30 19 0
997 : 224 1463 28 20 0
998 : 618 1463 22 27 0
999 : 176 802 13 44 1
