100 32
0 : 96 7 5 4 1
1 : 82 0 3 13 1
2 : 0 0 49 3 0
3 : 8 19 3 5 0
4 : 41 27 5 5 0
5 : 14 19 3 5 0
6 : 57 27 5 5 0
7 : 38 27 3 3 0
8 : 76 7 4 10 0
9 : 8 27 3 4 1
10 : 72 7 4 11 0
11 : 90 7 3 7 0
12 : 81 19 9 8 0
13 : 49 0 7 33 1
14 : 69 27 5 5 0
15 : 23 19 5 3 1
16 : 70 19 4 5 0
17 : 62 19 5 4 1
18 : 17 19 5 3 1
19 : 26 19 3 5 0
20 : 67 7 12 5 1
21 : 24 27 3 3 0
22 : 0 27 3 4 1
23 : 30 27 3 3 0
24 : 20 19 3 5 0
25 : 11 19 5 3 1
26 : 53 19 3 5 0
27 : 95 0 3 7 0
28 : 33 27 5 5 0
29 : 32 19 5 3 1
30 : 29 19 5 3 1
31 : 80 7 3 7 0
32 : 38 19 5 3 1
33 : 51 27 3 3 0
34 : 17 27 3 4 0
35 : 66 19 5 4 1
36 : 20 27 4 4 0
37 : 90 19 3 4 0
38 : 27 27 3 3 0
39 : 83 7 4 8 0
40 : 12 27 5 4 0
41 : 41 19 5 3 1
42 : 59 19 4 3 1
43 : 34 7 12 33 1
44 : 44 19 3 5 0
45 : 62 27 3 3 0
46 : 65 27 4 4 0
47 : 35 19 3 5 0
48 : 46 27 5 5 0
49 : 77 19 5 4 1
50 : 93 7 7 3 1
51 : 47 19 5 3 1
52 : 93 19 5 4 1
53 : 56 19 5 3 1
54 : 97 19 3 4 0
55 : 74 19 3 4 0
56 : 50 19 3 5 0
57 : 54 27 3 3 0
58 : 4 27 3 4 1
59 : 87 7 7 3 1
60 : 0 19 5 8 1
61 : 0 7 34 12 0
62 : 74 27 5 5 0
