123 474
0 : 0 0 54 15 0
1 : 54 0 39 15 0
2 : 0 15 51 17 0
3 : 0 32 90 21 0
4 : 0 53 84 25 0
5 : 0 78 43 17 0
6 : 0 95 97 17 0
7 : 0 112 49 15 0
8 : 49 112 45 17 0
9 : 0 129 120 27 0
10 : 0 156 64 17 0
11 : 0 173 67 25 0
12 : 67 173 25 15 0
13 : 0 198 65 15 0
14 : 65 198 23 15 0
15 : 0 213 59 17 0
16 : 59 213 50 17 0
17 : 0 230 33 15 0
18 : 33 230 56 21 0
19 : 0 251 92 15 0
20 : 0 266 67 15 0
21 : 67 266 46 15 0
22 : 0 281 63 17 0
23 : 0 298 72 25 0
24 : 0 323 80 31 0
25 : 80 323 38 15 0
26 : 0 354 32 15 0
27 : 32 354 64 15 0
28 : 0 369 37 17 0
29 : 37 369 65 31 0
30 : 102 369 26 15 1
31 : 0 400 89 21 0
32 : 0 421 45 17 0
33 : 0 438 123 21 0
34 : 0 459 46 15 0
