1000 1037
0 : 0 0 66 61 0
1 : 66 0 62 48 0
2 : 128 0 62 46 0
3 : 190 0 61 43 0
4 : 453 0 39 62 1
5 : 671 0 38 61 0
6 : 824 164 30 71 1
7 : 747 0 56 37 1
8 : 515 0 52 39 1
9 : 76 61 36 55 1
10 : 218 312 74 27 0
11 : 251 0 42 47 0
12 : 876 98 61 32 0
13 : 937 98 58 32 0
14 : 131 61 51 36 0
15 : 293 0 46 40 1
16 : 387 569 79 23 0
17 : 709 0 48 38 1
18 : 308 569 79 23 0
19 : 895 164 30 60 1
20 : 185 662 22 81 1
21 : 182 61 36 49 1
22 : 588 420 25 71 1
23 : 77 496 73 24 0
24 : 969 0 57 31 1
25 : 516 420 72 25 0
26 : 490 61 50 35 0
27 : 767 132 56 31 0
28 : 154 98 33 54 1
29 : 554 0 39 46 0
30 : 525 255 28 63 1
31 : 466 569 77 23 0
32 : 373 0 43 40 1
33 : 279 61 36 48 1
34 : 711 132 56 31 0
35 : 771 61 51 34 0
36 : 0 132 54 32 0
37 : 333 0 44 40 1
38 : 784 0 37 47 0
39 : 720 61 51 34 0
40 : 231 61 48 36 0
41 : 208 98 53 33 0
42 : 593 0 39 45 0
43 : 822 61 34 50 1
44 : 266 662 22 78 1
45 : 261 98 51 33 0
46 : 351 225 29 58 1
47 : 689 569 73 23 0
48 : 616 569 23 73 1
49 : 821 0 37 45 0
50 : 543 569 73 23 0
51 : 413 0 42 40 1
52 : 486 367 26 64 1
53 : 823 132 31 54 1
54 : 762 569 23 72 1
55 : 639 707 79 21 0
56 : 540 61 35 47 1
57 : 362 98 33 50 1
58 : 632 0 39 42 0
59 : 312 98 33 50 1
60 : 0 195 54 30 0
61 : 292 312 60 27 0
62 : 872 61 47 34 0
63 : 344 662 22 73 1
64 : 412 98 49 33 0
65 : 858 0 37 43 0
66 : 54 195 30 52 1
67 : 901 569 67 23 0
68 : 632 61 35 45 1
69 : 659 420 62 25 0
70 : 150 496 24 64 1
71 : 587 61 35 45 1
72 : 370 61 36 43 1
73 : 550 367 26 59 1
74 : 327 61 43 36 0
75 : 834 569 67 23 0
76 : 919 61 34 45 1
77 : 214 496 64 24 0
78 : 54 132 32 48 1
79 : 106 195 30 51 1
80 : 102 132 32 48 1
81 : 721 420 25 61 1
82 : 352 312 55 27 0
83 : 588 255 54 28 0
84 : 461 98 33 46 1
85 : 877 132 31 48 1
86 : 507 98 45 33 0
87 : 409 225 51 29 0
88 : 677 61 43 35 0
89 : 168 771 74 20 0
90 : 460 225 50 29 0
91 : 895 0 40 37 1
92 : 782 420 25 59 1
93 : 925 132 31 47 1
94 : 157 195 30 48 1
95 : 0 164 46 31 0
96 : 932 0 37 39 0
97 : 0 61 37 39 1
98 : 417 662 63 22 0
99 : 0 98 34 42 1
100 : 609 367 26 55 1
101 : 46 164 31 45 1
102 : 718 707 67 21 0
103 : 0 593 23 61 1
104 : 120 593 23 59 1
105 : 205 195 46 30 0
106 : 480 662 62 22 0
107 : 664 367 26 54 1
108 : 413 61 36 39 1
109 : 61 593 59 23 0
110 : 242 771 69 20 0
111 : 407 312 51 27 0
112 : 91 164 31 44 1
113 : 691 255 28 49 1
114 : 39 61 37 37 0
115 : 42 98 34 41 1
116 : 135 164 31 44 1
117 : 642 255 49 28 0
118 : 785 707 65 21 0
119 : 311 771 20 68 1
120 : 452 61 36 38 1
121 : 841 420 55 25 0
122 : 278 496 24 55 1
123 : 552 98 33 40 1
124 : 0 832 70 19 0
125 : 510 225 29 45 1
126 : 179 164 31 43 1
127 : 179 593 57 23 0
128 : 718 367 52 26 0
129 : 600 225 45 29 0
130 : 379 771 20 66 1
131 : 236 593 23 57 1
132 : 555 225 45 29 0
133 : 948 420 51 25 0
134 : 896 420 25 52 1
135 : 510 771 20 63 1
136 : 70 832 69 19 0
137 : 645 225 44 29 0
138 : 786 255 28 46 1
139 : 349 593 23 56 1
140 : 922 255 28 45 1
141 : 770 367 26 50 1
142 : 964 61 37 34 1
143 : 445 771 65 20 0
144 : 740 255 28 46 1
145 : 139 832 65 19 0
146 : 293 593 56 23 0
147 : 551 312 46 27 0
148 : 877 255 28 45 1
149 : 458 312 47 27 0
150 : 592 98 38 33 0
151 : 832 255 45 28 0
152 : 204 832 64 19 0
153 : 333 496 24 52 1
154 : 870 870 18 68 1
155 : 262 164 40 31 0
156 : 505 312 46 27 0
157 : 634 771 20 61 1
158 : 150 132 32 38 1
159 : 385 496 52 24 0
160 : 188 132 38 32 0
161 : 83 98 34 36 1
162 : 955 164 30 41 1
163 : 597 312 44 27 0
164 : 302 164 31 39 1
165 : 573 771 20 61 1
166 : 667 98 33 36 1
167 : 867 367 26 47 1
168 : 0 446 48 25 0
169 : 337 132 32 37 1
170 : 331 832 62 19 0
171 : 222 164 31 40 1
172 : 0 284 28 44 1
173 : 48 446 48 25 0
174 : 268 832 19 63 1
175 : 820 367 47 26 0
176 : 291 195 40 30 0
177 : 914 367 46 26 0
178 : 739 98 36 33 0
179 : 251 195 40 30 0
180 : 754 771 20 59 1
181 : 119 98 34 35 1
182 : 263 132 37 32 0
183 : 44 284 28 43 1
184 : 703 98 33 36 1
185 : 0 394 26 46 1
186 : 850 707 21 58 1
187 : 689 225 29 41 1
188 : 487 496 24 49 1
189 : 630 98 33 37 1
190 : 300 132 32 37 1
191 : 374 132 37 32 0
192 : 908 707 56 21 0
193 : 0 889 65 18 0
194 : 508 593 23 51 1
195 : 559 593 23 51 1
196 : 409 195 30 39 1
197 : 437 496 50 24 0
198 : 405 593 52 23 0
199 : 226 132 37 32 0
200 : 457 593 51 23 0
201 : 856 312 27 43 1
202 : 370 195 30 39 1
203 : 633 496 48 24 0
204 : 0 729 56 21 0
205 : 143 446 25 47 1
206 : 536 496 24 49 1
207 : 341 164 38 31 0
208 : 393 832 19 61 1
209 : 775 98 33 35 1
210 : 695 771 59 20 0
211 : 96 446 25 47 1
212 : 379 164 31 37 1
213 : 813 312 27 43 1
214 : 190 446 25 45 1
215 : 129 889 18 64 1
216 : 641 312 27 43 1
217 : 684 312 27 43 1
218 : 411 132 36 32 0
219 : 448 195 30 39 1
220 : 515 832 60 19 0
221 : 585 496 24 48 1
222 : 727 312 27 43 1
223 : 454 832 61 19 0
224 : 635 832 60 19 0
225 : 769 225 29 39 1
226 : 331 195 30 39 1
227 : 728 496 24 47 1
228 : 90 394 26 44 1
229 : 46 394 26 44 1
230 : 575 832 60 19 0
231 : 610 593 50 23 0
232 : 870 771 56 20 0
233 : 770 312 43 27 0
234 : 730 225 29 39 1
235 : 813 771 57 20 0
236 : 33 925 65 17 0
237 : 110 729 21 53 1
238 : 542 662 51 22 0
239 : 65 889 18 64 1
240 : 681 496 47 24 0
241 : 593 662 51 22 0
242 : 193 889 63 18 0
243 : 598 195 30 37 1
244 : 913 496 24 46 1
245 : 263 394 26 43 1
246 : 524 164 31 36 1
247 : 708 593 48 23 0
248 : 821 496 46 24 0
249 : 695 832 19 60 1
250 : 416 164 31 36 1
251 : 488 164 31 36 1
252 : 87 284 28 40 1
253 : 867 496 46 24 0
254 : 813 832 58 19 0
255 : 177 394 26 43 1
256 : 899 312 27 42 1
257 : 256 889 18 61 1
258 : 167 284 40 28 0
259 : 487 195 30 37 1
260 : 127 284 28 40 1
261 : 775 496 46 24 0
262 : 56 729 54 21 0
263 : 220 394 26 43 1
264 : 810 98 33 34 0
265 : 447 132 35 32 0
266 : 452 164 36 31 0
267 : 279 446 25 44 1
268 : 561 195 30 37 1
269 : 941 312 27 41 1
270 : 850 593 23 47 1
271 : 98 925 64 17 0
272 : 134 394 26 43 1
273 : 225 925 17 63 1
274 : 0 340 27 41 1
275 : 323 446 44 25 0
276 : 755 832 58 19 0
277 : 843 98 33 33 0
278 : 235 446 44 25 0
279 : 694 662 49 22 0
280 : 808 225 29 38 1
281 : 644 662 50 22 0
282 : 163 729 51 21 0
283 : 524 195 30 37 1
284 : 560 164 31 36 1
285 : 635 195 30 37 1
286 : 938 870 18 61 1
287 : 90 521 24 45 1
288 : 367 446 25 43 1
289 : 81 340 40 27 0
290 : 306 394 26 42 1
291 : 926 771 20 55 1
292 : 121 340 40 27 0
293 : 672 195 30 36 1
294 : 482 132 34 32 0
295 : 846 225 29 37 1
296 : 207 284 39 28 0
297 : 660 593 48 23 0
298 : 582 132 32 33 1
299 : 41 340 40 27 0
300 : 45 521 24 45 1
301 : 135 521 24 44 1
302 : 803 593 23 47 1
303 : 0 255 29 37 1
304 : 53 792 20 53 1
305 : 200 340 27 39 1
306 : 871 832 19 56 1
307 : 0 521 45 24 0
308 : 957 225 37 29 0
309 : 317 889 18 60 1
310 : 708 195 30 36 1
311 : 883 225 37 29 0
312 : 223 521 24 44 1
313 : 161 340 27 39 1
314 : 348 394 26 41 1
315 : 0 616 23 46 1
316 : 943 593 46 23 0
317 : 743 662 48 22 0
318 : 288 925 61 17 0
319 : 410 925 61 17 0
320 : 136 616 23 45 1
321 : 430 394 26 41 1
322 : 756 593 23 47 1
323 : 214 729 50 21 0
324 : 278 340 39 27 0
325 : 264 729 50 21 0
326 : 262 792 52 20 0
327 : 210 792 52 20 0
328 : 162 925 17 63 1
329 : 920 225 37 29 0
330 : 591 925 17 60 1
331 : 531 925 17 60 1
332 : 317 340 27 39 1
333 : 436 889 18 59 1
334 : 897 593 23 46 1
335 : 516 132 32 33 1
336 : 267 521 24 44 1
337 : 91 616 23 45 1
338 : 389 394 26 41 1
339 : 779 195 30 35 1
340 : 314 729 50 21 0
341 : 596 164 34 31 0
342 : 106 792 52 20 0
343 : 73 255 36 29 0
344 : 452 446 41 25 0
345 : 239 340 27 39 1
346 : 46 616 23 45 1
347 : 706 394 26 39 1
348 : 744 195 30 35 1
349 : 814 195 35 30 0
350 : 397 521 24 43 1
351 : 394 284 37 28 0
352 : 495 889 18 58 1
353 : 471 394 26 40 1
354 : 356 340 27 38 1
355 : 440 521 24 43 1
356 : 549 132 32 33 1
357 : 179 521 24 44 1
358 : 927 832 19 55 1
359 : 246 284 37 28 0
360 : 377 889 18 59 1
361 : 0 792 53 20 0
362 : 468 284 28 37 1
363 : 431 284 28 37 1
364 : 791 662 22 47 1
365 : 432 340 27 38 1
366 : 960 367 40 26 0
367 : 55 851 19 54 1
368 : 651 925 60 17 0
369 : 667 394 26 39 1
370 : 577 284 28 36 1
371 : 410 446 42 25 0
372 : 412 729 21 48 1
373 : 357 284 28 37 1
374 : 37 255 29 36 1
375 : 311 521 43 24 0
376 : 320 284 37 28 0
377 : 0 851 55 19 0
378 : 885 662 22 46 1
379 : 505 284 28 36 1
380 : 215 851 52 19 0
381 : 511 394 26 39 1
382 : 729 164 31 33 1
383 : 589 394 26 39 1
384 : 283 284 37 28 0
385 : 300 960 63 16 0
386 : 838 662 47 22 0
387 : 158 792 52 20 0
388 : 349 925 17 61 1
389 : 567 521 24 42 1
390 : 575 446 25 41 1
391 : 696 164 33 31 0
392 : 615 132 32 32 0
393 : 553 889 18 55 1
394 : 109 255 35 29 0
395 : 162 851 53 19 0
396 : 493 446 25 41 1
397 : 237 960 63 16 0
398 : 647 132 32 32 0
399 : 471 925 17 60 1
400 : 470 340 37 27 0
401 : 507 340 27 37 1
402 : 0 225 30 33 1
403 : 354 521 43 24 0
404 : 849 195 34 30 0
405 : 534 446 25 41 1
406 : 314 792 52 20 0
407 : 663 164 33 31 0
408 : 99 225 33 30 0
409 : 366 792 50 20 0
410 : 657 446 25 40 1
411 : 630 164 33 31 0
412 : 394 340 38 27 0
413 : 416 792 20 50 1
414 : 0 685 45 22 0
415 : 679 132 32 32 0
416 : 550 394 26 39 1
417 : 483 521 42 24 0
418 : 174 960 63 16 0
419 : 364 729 48 21 0
420 : 489 960 16 61 1
421 : 745 394 38 26 0
422 : 616 446 25 41 1
423 : 649 284 28 36 1
424 : 628 394 26 39 1
425 : 109 851 19 53 1
426 : 426 960 63 16 0
427 : 181 616 23 44 1
428 : 460 729 21 47 1
429 : 581 340 37 27 0
430 : 544 340 37 27 0
431 : 144 255 29 34 1
432 : 613 284 28 36 1
433 : 697 446 25 40 1
434 : 883 195 30 34 1
435 : 541 284 36 28 0
436 : 269 616 23 43 1
437 : 728 340 36 27 0
438 : 601 729 21 47 1
439 : 525 521 24 42 1
440 : 550 960 16 61 1
441 : 737 446 25 39 1
442 : 611 960 61 16 0
443 : 821 394 38 26 0
444 : 225 616 23 44 1
445 : 66 225 30 33 1
446 : 363 960 63 16 0
447 : 793 960 60 16 0
448 : 33 225 30 33 1
449 : 695 729 46 21 0
450 : 554 729 21 47 1
451 : 931 662 22 45 1
452 : 655 340 27 37 1
453 : 439 616 23 42 1
454 : 608 889 18 54 1
455 : 466 792 49 20 0
456 : 515 792 20 48 1
457 : 648 729 21 47 1
458 : 755 284 28 35 1
459 : 691 521 24 41 1
460 : 959 496 41 24 0
461 : 312 616 43 23 0
462 : 507 729 21 47 1
463 : 618 340 27 37 1
464 : 370 851 19 51 1
465 : 267 851 19 52 1
466 : 772 521 24 40 1
467 : 685 284 28 35 1
468 : 164 225 32 30 0
469 : 950 195 30 33 1
470 : 355 616 23 42 1
471 : 421 851 19 51 1
472 : 609 521 41 24 0
473 : 692 340 27 36 1
474 : 720 284 28 35 1
475 : 776 446 25 39 1
476 : 650 521 41 24 0
477 : 854 446 25 39 1
478 : 882 925 56 17 0
479 : 397 616 23 42 1
480 : 938 925 17 55 1
481 : 917 195 30 33 1
482 : 0 943 17 55 1
483 : 853 960 16 59 1
484 : 565 616 23 42 1
485 : 662 889 54 18 0
486 : 783 394 26 38 1
487 : 319 851 51 19 0
488 : 177 685 44 22 0
489 : 672 960 61 16 0
490 : 45 685 44 22 0
491 : 927 284 28 34 1
492 : 523 616 23 42 1
493 : 815 446 25 39 1
494 : 859 394 37 26 0
495 : 762 164 31 31 0
496 : 733 960 16 60 1
497 : 771 616 23 41 1
498 : 563 792 48 20 0
499 : 790 284 28 35 1
500 : 132 225 30 32 1
501 : 732 521 40 24 0
502 : 872 889 52 18 0
503 : 768 925 57 17 0
504 : 893 446 25 39 1
505 : 481 616 23 42 1
506 : 741 729 21 45 1
507 : 720 851 49 19 0
508 : 196 225 31 30 0
509 : 133 685 22 44 1
510 : 607 616 23 41 1
511 : 0 471 38 25 0
512 : 76 471 25 38 1
513 : 711 925 57 17 0
514 : 932 394 26 36 1
515 : 967 255 28 33 1
516 : 730 616 23 41 1
517 : 472 851 50 19 0
518 : 834 340 27 35 1
519 : 764 340 27 35 1
520 : 890 521 24 39 1
521 : 825 284 28 34 1
522 : 825 925 17 57 1
523 : 799 792 20 47 1
524 : 896 394 26 36 1
525 : 151 471 37 25 0
526 : 89 685 22 44 1
527 : 689 616 41 23 0
528 : 39 545 39 24 0
529 : 110 943 17 55 1
530 : 932 446 25 38 1
531 : 522 851 50 19 0
532 : 924 889 18 51 1
533 : 178 255 29 33 1
534 : 320 225 31 30 0
535 : 211 255 29 33 1
536 : 793 164 31 31 0
537 : 572 851 50 19 0
538 : 769 851 49 19 0
539 : 372 255 32 29 0
540 : 851 521 24 39 1
541 : 221 685 22 43 1
542 : 786 729 45 21 0
543 : 961 284 34 28 0
544 : 752 792 47 20 0
545 : 434 685 22 42 1
546 : 392 685 22 42 1
547 : 38 471 25 38 1
548 : 55 943 17 55 1
549 : 893 792 20 46 1
550 : 812 521 39 24 0
551 : 350 685 22 42 1
552 : 939 792 20 46 1
553 : 820 889 52 18 0
554 : 258 225 30 31 1
555 : 869 340 34 27 0
556 : 893 284 34 28 0
557 : 114 471 37 25 0
558 : 859 284 28 34 1
559 : 914 851 48 19 0
560 : 648 616 23 41 1
561 : 276 255 29 32 1
562 : 410 471 37 25 0
563 : 846 792 47 20 0
564 : 875 729 21 44 1
565 : 912 960 57 16 0
566 : 33 312 28 33 1
567 : 78 545 39 24 0
568 : 0 639 40 23 0
569 : 0 312 28 33 1
570 : 308 255 29 32 1
571 : 611 792 47 20 0
572 : 262 471 25 37 1
573 : 799 340 35 27 0
574 : 892 616 23 40 1
575 : 0 545 24 39 1
576 : 0 993 15 60 1
577 : 0 420 26 36 1
578 : 142 420 26 35 1
579 : 903 340 27 34 1
580 : 177 420 26 35 1
581 : 768 889 52 18 0
582 : 925 977 60 15 0
583 : 269 545 38 24 0
584 : 155 545 38 24 0
585 : 193 545 38 24 0
586 : 340 255 29 32 1
587 : 46 812 45 20 0
588 : 0 907 18 51 1
589 : 264 685 22 43 1
590 : 60 993 60 15 0
591 : 671 851 49 19 0
592 : 102 907 18 50 1
593 : 289 225 31 30 0
594 : 447 471 25 37 1
595 : 231 545 38 24 0
596 : 307 685 43 22 0
597 : 852 616 40 23 0
598 : 705 792 20 47 1
599 : 51 907 51 18 0
600 : 188 471 37 25 0
601 : 929 521 39 24 0
602 : 36 420 26 36 1
603 : 373 471 25 37 1
604 : 117 545 24 38 1
605 : 0 367 33 27 0
606 : 244 255 29 32 1
607 : 658 792 20 47 1
608 : 336 471 25 37 1
609 : 476 685 22 41 1
610 : 227 225 31 30 0
611 : 212 420 35 26 0
612 : 79 639 23 39 1
613 : 818 851 19 48 1
614 : 831 729 21 44 1
615 : 622 851 49 19 0
616 : 812 616 23 40 1
617 : 120 993 15 59 1
618 : 937 340 27 34 1
619 : 932 616 23 40 1
620 : 72 420 26 35 1
621 : 0 750 21 43 1
622 : 866 851 19 48 1
623 : 404 255 31 29 0
624 : 435 255 31 29 0
625 : 107 420 26 35 1
626 : 919 729 43 21 0
627 : 716 889 52 18 0
628 : 299 471 25 37 1
629 : 307 545 37 24 0
630 : 517 685 41 22 0
631 : 66 312 33 28 0
632 : 972 132 28 32 0
633 : 0 812 20 46 1
634 : 558 685 41 22 0
635 : 91 812 44 20 0
636 : 225 471 25 37 1
637 : 47 870 19 47 1
638 : 33 367 27 33 1
639 : 127 750 41 21 0
640 : 344 545 37 24 0
641 : 0 870 47 19 0
642 : 40 639 39 23 0
643 : 258 367 27 32 1
644 : 484 471 35 25 0
645 : 247 420 26 34 1
646 : 43 750 42 21 0
647 : 226 367 27 32 1
648 : 381 545 36 24 0
649 : 194 367 27 32 1
650 : 162 367 32 27 0
651 : 677 685 22 39 1
652 : 135 812 20 43 1
653 : 159 312 30 28 0
654 : 130 367 32 27 0
655 : 217 943 50 17 0
656 : 168 750 21 41 1
657 : 85 750 42 21 0
658 : 156 977 52 16 0
659 : 165 943 17 52 1
660 : 519 471 35 25 0
661 : 94 870 19 45 1
662 : 466 255 29 30 1
663 : 599 685 22 39 1
664 : 281 420 33 26 0
665 : 98 367 27 32 1
666 : 66 367 32 27 0
667 : 496 255 29 29 0
668 : 249 750 21 40 1
669 : 417 545 36 24 0
670 : 453 545 35 24 0
671 : 155 639 23 37 1
672 : 638 685 22 39 1
673 : 267 943 17 50 1
674 : 118 639 23 37 1
675 : 968 394 26 32 1
676 : 209 750 40 21 0
677 : 264 639 36 23 0
678 : 228 639 23 36 1
679 : 0 977 16 52 1
680 : 488 545 35 24 0
681 : 557 545 24 34 1
682 : 152 907 18 46 1
683 : 236 993 57 15 0
684 : 406 639 35 23 0
685 : 179 993 57 15 0
686 : 289 750 40 21 0
687 : 523 545 24 34 1
688 : 129 312 28 30 1
689 : 441 639 23 35 1
690 : 104 977 52 16 0
691 : 293 993 56 15 0
692 : 198 907 46 18 0
693 : 99 312 30 28 0
694 : 189 312 28 29 1
695 : 317 943 17 48 1
696 : 461 993 15 55 1
697 : 52 977 52 16 0
698 : 295 1008 57 14 0
699 : 520 1008 56 14 0
700 : 349 993 15 56 1
701 : 300 639 23 36 1
702 : 405 993 56 15 0
703 : 208 977 16 50 1
704 : 587 471 25 33 1
705 : 716 685 37 22 0
706 : 192 639 36 23 0
707 : 554 471 33 25 0
708 : 314 420 31 26 0
709 : 476 639 35 23 0
710 : 789 685 36 22 0
711 : 371 639 23 35 1
712 : 624 545 24 33 1
713 : 569 993 52 15 0
714 : 376 420 26 30 1
715 : 336 639 35 23 0
716 : 464 1008 56 14 0
717 : 290 367 30 27 0
718 : 178 812 20 40 1
719 : 591 545 33 24 0
720 : 244 907 44 18 0
721 : 345 420 31 26 0
722 : 139 870 42 19 0
723 : 352 1008 56 14 0
724 : 753 685 36 22 0
725 : 218 812 20 39 1
726 : 682 471 31 25 0
727 : 408 1008 14 56 1
728 : 860 685 22 35 1
729 : 962 729 21 36 1
730 : 971 340 27 29 1
731 : 516 993 53 15 0
732 : 825 685 35 22 0
733 : 181 870 42 19 0
734 : 320 367 27 28 1
735 : 895 685 34 22 0
736 : 651 471 31 25 0
737 : 964 707 21 36 1
738 : 620 471 31 25 0
739 : 258 977 16 48 1
740 : 365 943 17 45 1
741 : 348 367 28 27 0
742 : 406 420 29 26 0
743 : 713 471 30 25 0
744 : 743 471 25 30 1
745 : 511 639 33 23 0
746 : 294 812 37 20 0
747 : 376 367 27 28 1
748 : 963 685 22 34 1
749 : 364 750 21 35 1
750 : 929 685 34 22 0
751 : 970 446 25 30 1
752 : 544 639 33 23 0
753 : 404 367 27 28 1
754 : 0 707 34 22 0
755 : 331 812 37 20 0
756 : 609 639 23 32 1
757 : 353 977 16 46 1
758 : 459 367 27 27 0
759 : 673 639 23 32 1
760 : 257 812 20 37 1
761 : 306 977 16 47 1
762 : 67 707 22 33 1
763 : 223 870 40 19 0
764 : 621 993 48 15 0
765 : 705 639 32 23 0
766 : 577 639 32 23 0
767 : 629 1008 52 14 0
768 : 34 707 22 33 1
769 : 681 1008 14 52 1
770 : 785 1008 14 51 1
771 : 404 812 36 20 0
772 : 410 943 44 17 0
773 : 496 943 42 17 0
774 : 717 993 48 15 0
775 : 773 471 29 25 0
776 : 399 750 34 21 0
777 : 288 907 18 41 1
778 : 329 907 18 41 1
779 : 968 521 24 31 1
780 : 576 1008 53 14 0
781 : 133 707 33 22 0
782 : 370 907 40 18 0
783 : 432 367 27 27 0
784 : 962 851 38 19 0
785 : 641 639 32 23 0
786 : 433 750 34 21 0
787 : 733 1008 52 14 0
788 : 467 750 21 34 1
789 : 100 707 22 33 1
790 : 501 750 21 34 1
791 : 968 569 32 23 0
792 : 166 707 22 32 1
793 : 657 545 30 24 0
794 : 538 943 17 41 1
795 : 936 1008 14 50 1
796 : 329 750 35 21 0
797 : 802 471 25 29 1
798 : 765 993 46 15 0
799 : 368 812 20 36 1
800 : 435 420 28 26 0
801 : 535 750 34 21 0
802 : 263 870 19 37 1
803 : 449 907 18 38 1
804 : 410 907 18 39 1
805 : 768 639 23 30 1
806 : 669 993 15 48 1
807 : 620 943 17 41 1
808 : 198 707 31 22 0
809 : 836 1008 50 14 0
810 : 510 812 34 20 0
811 : 454 943 17 42 1
812 : 329 1023 52 13 0
813 : 737 639 31 23 0
814 : 579 943 41 17 0
815 : 440 812 20 35 1
816 : 601 750 21 32 1
817 : 300 870 37 19 0
818 : 661 943 40 17 0
819 : 886 1008 14 50 1
820 : 229 707 31 22 0
821 : 399 977 16 44 1
822 : 486 977 16 43 1
823 : 443 977 16 43 1
824 : 856 545 24 28 1
825 : 463 420 26 27 1
826 : 687 545 29 24 0
827 : 716 545 28 24 0
828 : 490 420 26 26 0
829 : 475 812 20 35 1
830 : 772 545 24 28 1
831 : 381 1023 13 52 1
832 : 535 1023 13 51 1
833 : 563 907 18 37 1
834 : 260 707 22 31 1
835 : 571 977 16 42 1
836 : 337 870 19 36 1
837 : 811 993 15 44 1
838 : 633 750 32 21 0
839 : 291 707 31 22 0
840 : 409 870 19 35 1
841 : 798 639 30 23 0
842 : 191 1023 47 14 0
843 : 886 639 23 29 1
844 : 831 471 27 25 0
845 : 322 707 31 22 0
846 : 600 907 18 37 1
847 : 48 1023 48 14 0
848 : 655 977 41 16 0
849 : 912 545 28 24 0
850 : 525 907 18 38 1
851 : 701 943 17 39 1
852 : 858 471 27 25 0
853 : 373 870 36 19 0
854 : 744 545 28 24 0
855 : 144 1023 14 47 1
856 : 569 750 21 32 1
857 : 586 1023 50 13 0
858 : 487 907 38 18 0
859 : 800 545 28 24 0
860 : 828 545 28 24 0
861 : 96 1023 14 48 1
862 : 613 977 16 42 1
863 : 0 1023 14 48 1
864 : 0 1008 15 43 1
865 : 884 545 24 28 1
866 : 696 750 31 21 0
867 : 758 750 31 21 0
868 : 238 1023 14 46 1
869 : 26 496 25 26 1
870 : 577 812 33 20 0
871 : 940 545 24 27 1
872 : 938 471 26 25 0
873 : 857 639 29 23 0
874 : 673 907 36 18 0
875 : 548 870 34 19 0
876 : 529 977 42 16 0
877 : 915 639 28 23 0
878 : 828 639 23 29 1
879 : 610 812 20 33 1
880 : 885 471 27 25 0
881 : 0 569 27 24 0
882 : 665 750 31 21 0
883 : 582 870 34 19 0
884 : 643 812 20 33 1
885 : 967 545 27 24 0
886 : 444 870 35 19 0
887 : 353 707 30 22 0
888 : 855 993 15 44 1
889 : 383 707 22 30 1
890 : 544 812 33 20 0
891 : 479 870 35 19 0
892 : 211 1008 15 42 1
893 : 912 471 26 25 0
894 : 879 750 21 30 1
895 : 0 496 25 26 1
896 : 27 569 27 24 0
897 : 943 639 28 23 0
898 : 696 977 16 39 1
899 : 484 1023 13 51 1
900 : 433 1023 13 51 1
901 : 789 750 30 21 0
902 : 943 993 43 15 0
903 : 284 1023 14 45 1
904 : 727 750 31 21 0
905 : 899 993 44 15 0
906 : 814 907 18 35 1
907 : 54 662 27 23 0
908 : 744 907 18 35 1
909 : 132 569 24 26 1
910 : 54 569 24 26 1
911 : 471 707 22 29 1
912 : 972 616 23 28 1
913 : 637 907 36 18 0
914 : 709 907 35 18 0
915 : 676 812 32 20 0
916 : 849 750 21 30 1
917 : 413 707 29 22 0
918 : 528 707 28 22 0
919 : 964 471 25 26 1
920 : 616 870 33 19 0
921 : 442 707 29 22 0
922 : 80 569 24 26 1
923 : 682 870 19 33 1
924 : 500 707 28 22 0
925 : 514 870 34 19 0
926 : 772 812 31 20 0
927 : 27 662 23 27 1
928 : 779 907 35 18 0
929 : 106 569 26 24 0
930 : 158 569 24 26 1
931 : 740 943 17 38 1
932 : 184 569 24 26 1
933 : 253 1008 15 42 1
934 : 815 943 37 17 0
935 : 0 662 27 23 0
936 : 43 1008 15 42 1
937 : 735 977 16 39 1
938 : 889 943 37 17 0
939 : 971 639 23 27 1
940 : 774 977 38 16 0
941 : 85 1008 42 15 0
942 : 556 707 28 22 0
943 : 684 1023 13 47 1
944 : 740 812 20 32 1
945 : 52 496 25 25 0
946 : 883 907 34 18 0
947 : 715 870 32 19 0
948 : 127 1008 15 42 1
949 : 819 750 30 21 0
950 : 169 1008 15 42 1
951 : 747 870 32 19 0
952 : 850 977 38 16 0
953 : 909 750 30 21 0
954 : 636 1023 48 13 0
955 : 778 943 37 17 0
956 : 584 707 28 22 0
957 : 708 812 32 20 0
958 : 962 943 36 17 0
959 : 852 943 37 17 0
960 : 649 870 19 33 1
961 : 833 812 20 30 1
962 : 939 750 29 21 0
963 : 210 569 25 24 0
964 : 159 662 23 26 1
965 : 0 925 18 33 1
966 : 36 960 36 17 0
967 : 140 771 21 28 1
968 : 133 662 26 23 0
969 : 235 569 25 24 0
970 : 888 977 37 16 0
971 : 0 960 36 17 0
972 : 803 812 20 30 1
973 : 849 907 18 34 1
974 : 107 662 23 26 1
975 : 0 771 21 28 1
976 : 917 907 34 18 0
977 : 812 977 38 16 0
978 : 926 943 17 36 1
979 : 968 750 29 21 0
980 : 81 662 26 23 0
981 : 106 960 17 34 1
982 : 28 771 28 21 0
983 : 951 907 33 18 0
984 : 56 771 28 21 0
985 : 72 960 17 34 1
986 : 863 812 30 20 0
987 : 893 812 29 20 0
988 : 84 771 21 28 1
989 : 840 870 30 19 0
990 : 284 569 24 24 0
991 : 140 960 34 17 0
992 : 922 812 20 29 1
993 : 779 870 31 19 0
994 : 260 569 24 24 0
995 : 112 771 21 28 1
996 : 810 870 30 19 0
997 : 951 812 28 20 0
998 : 612 707 22 27 1
999 : 731 1023 13 44 1
