247 613
0 : 213 284 39 27 1
1 : 207 158 41 33 1
2 : 0 562 46 17 0
3 : 229 65 33 17 1
4 : 220 562 27 17 0
5 : 0 477 88 17 0
6 : 33 596 31 17 0
7 : 92 562 43 17 0
8 : 0 284 213 40 0
9 : 193 579 33 17 0
10 : 155 596 29 17 0
11 : 201 396 45 27 0
12 : 190 423 57 27 0
13 : 211 450 36 17 0
14 : 109 450 102 17 0
15 : 40 579 39 17 0
16 : 0 244 240 40 0
17 : 84 450 25 27 0
18 : 0 494 82 17 0
19 : 176 528 54 17 0
20 : 223 38 24 17 0
21 : 0 596 33 17 0
22 : 112 65 117 33 0
23 : 67 511 67 17 0
24 : 146 363 99 27 0
25 : 0 579 40 17 0
26 : 0 202 244 42 0
27 : 118 579 38 17 0
28 : 0 363 146 33 0
29 : 88 477 82 17 0
30 : 197 511 50 17 0
31 : 64 596 31 17 0
32 : 0 114 224 44 0
33 : 156 579 37 17 0
34 : 152 0 88 38 0
35 : 0 158 207 44 0
36 : 0 0 152 65 0
37 : 0 396 103 27 0
38 : 132 423 58 27 0
39 : 71 423 61 27 0
40 : 0 423 71 27 0
41 : 155 545 47 17 0
42 : 103 396 98 27 0
43 : 170 477 76 17 0
44 : 0 450 50 27 0
45 : 0 511 67 17 0
46 : 0 324 247 39 0
47 : 230 528 17 17 0
48 : 79 579 39 17 0
49 : 95 596 31 17 0
50 : 226 579 15 17 0
51 : 0 545 53 17 0
52 : 0 65 112 49 0
53 : 82 494 76 17 0
54 : 46 562 46 17 0
55 : 135 562 43 17 0
56 : 158 494 69 17 0
57 : 202 545 45 17 0
58 : 126 596 29 17 0
59 : 152 38 71 27 0
60 : 224 114 44 17 1
61 : 0 528 60 17 0
62 : 120 528 56 17 0
63 : 227 494 20 17 0
64 : 105 545 50 17 0
65 : 60 528 60 17 0
66 : 134 511 63 17 0
67 : 178 562 42 17 0
68 : 50 450 34 27 0
69 : 53 545 52 17 0
