100 32
0 : 88 20 5 4 0
1 : 0 20 3 13 1
2 : 0 12 49 3 0
3 : 0 29 3 5 1
4 : 18 20 5 5 0
5 : 23 25 3 5 1
6 : 23 20 5 5 0
7 : 42 29 3 3 0
8 : 86 12 4 10 1
9 : 10 29 3 4 1
10 : 70 12 4 11 1
11 : 57 20 3 7 1
12 : 49 12 9 8 0
13 : 67 0 7 33 1
14 : 13 20 5 5 0
15 : 38 25 5 3 0
16 : 5 25 4 5 1
17 : 10 25 5 4 0
18 : 43 25 5 3 0
19 : 48 25 3 5 1
20 : 58 12 12 5 0
21 : 60 29 3 3 0
22 : 34 29 3 4 1
23 : 57 29 3 3 0
24 : 78 25 3 5 1
25 : 33 25 5 3 0
26 : 28 25 3 5 1
27 : 71 20 3 7 1
28 : 38 20 5 5 0
29 : 83 25 5 3 0
30 : 63 25 5 3 0
31 : 50 20 3 7 1
32 : 58 25 5 3 0
33 : 48 29 3 3 0
34 : 22 29 3 4 1
35 : 93 20 5 4 0
36 : 19 25 4 4 0
37 : 14 29 3 4 1
38 : 45 29 3 3 0
39 : 96 12 4 8 0
40 : 0 25 5 4 0
41 : 73 25 5 3 0
42 : 18 29 4 3 0
43 : 34 0 12 33 1
44 : 88 25 3 5 1
45 : 51 29 3 3 0
46 : 15 25 4 4 0
47 : 5 29 3 5 1
48 : 33 20 5 5 0
49 : 78 20 5 4 0
50 : 64 20 7 3 0
51 : 53 25 5 3 0
52 : 83 20 5 4 0
53 : 68 25 5 3 0
54 : 26 29 3 4 1
55 : 38 29 3 4 1
56 : 93 25 3 5 1
57 : 54 29 3 3 0
58 : 30 29 3 4 1
59 : 43 20 7 3 0
60 : 81 12 5 8 0
61 : 0 0 34 12 0
62 : 28 20 5 5 0
