247 658
0 : 213 165 39 27 1
1 : 207 205 41 33 1
2 : 155 555 46 17 0
3 : 0 624 33 17 0
4 : 223 467 27 17 1
5 : 102 423 88 17 0
6 : 216 599 31 17 0
7 : 79 572 43 17 0
8 : 0 165 213 40 0
9 : 66 624 33 17 0
10 : 161 624 29 17 0
11 : 201 396 45 27 0
12 : 190 423 57 27 0
13 : 153 599 36 17 0
14 : 0 423 102 17 0
15 : 39 599 39 17 0
16 : 0 81 240 40 0
17 : 189 599 25 27 1
18 : 82 440 82 17 0
19 : 176 538 54 17 0
20 : 219 624 24 17 0
21 : 33 624 33 17 0
22 : 112 347 117 33 0
23 : 0 521 67 17 0
24 : 146 314 99 27 0
25 : 207 572 40 17 0
26 : 0 39 244 42 0
27 : 78 599 38 17 0
28 : 0 314 146 33 0
29 : 0 440 82 17 0
30 : 197 521 50 17 0
31 : 130 624 31 17 0
32 : 0 121 224 44 0
33 : 116 599 37 17 0
34 : 152 249 88 38 0
35 : 0 205 207 44 0
36 : 0 249 152 65 0
37 : 0 396 103 27 0
38 : 130 494 58 27 0
39 : 0 494 61 27 0
40 : 0 467 71 27 0
41 : 229 347 47 17 1
42 : 103 396 98 27 0
43 : 147 467 76 17 0
44 : 188 494 50 27 0
45 : 67 521 67 17 0
46 : 0 0 247 39 0
47 : 230 538 17 17 0
48 : 0 599 39 17 0
49 : 99 624 31 17 0
50 : 20 641 15 17 0
51 : 0 555 53 17 0
52 : 0 347 112 49 0
53 : 71 467 76 17 0
54 : 201 555 46 17 0
55 : 122 572 43 17 0
56 : 61 494 69 17 0
57 : 0 572 45 17 0
58 : 190 624 29 17 0
59 : 164 440 71 27 0
60 : 224 121 44 17 1
61 : 60 538 60 17 0
62 : 120 538 56 17 0
63 : 0 641 20 17 0
64 : 105 555 50 17 0
65 : 0 538 60 17 0
66 : 134 521 63 17 0
67 : 165 572 42 17 0
68 : 45 572 34 27 0
69 : 53 555 52 17 0
