1000 1287
0 : 532 1070 66 61 0
1 : 701 763 62 48 0
2 : 686 681 62 46 0
3 : 731 604 61 43 0
4 : 163 462 39 62 1
5 : 0 462 38 61 1
6 : 415 118 30 71 1
7 : 697 567 56 37 0
8 : 456 811 52 39 0
9 : 753 567 36 55 1
10 : 869 23 74 27 0
11 : 29 1131 42 47 1
12 : 50 310 61 32 0
13 : 558 369 58 32 0
14 : 584 727 51 36 0
15 : 363 1070 46 40 0
16 : 239 0 79 23 0
17 : 512 921 48 38 0
18 : 160 0 79 23 0
19 : 493 280 30 60 1
20 : 0 0 22 81 1
21 : 407 811 36 49 1
22 : 384 50 25 71 1
23 : 138 23 73 24 0
24 : 501 369 57 31 0
25 : 797 23 72 25 0
26 : 676 727 50 35 0
27 : 663 401 56 31 0
28 : 425 501 33 54 1
29 : 296 1031 39 46 1
30 : 591 199 28 63 1
31 : 396 0 77 23 0
32 : 151 1173 43 40 0
33 : 652 811 36 48 1
34 : 228 401 56 31 0
35 : 853 647 51 34 0
36 : 719 462 54 32 0
37 : 305 1131 44 40 0
38 : 439 921 37 47 1
39 : 711 647 51 34 0
40 : 556 850 48 36 0
41 : 426 534 53 33 0
42 : 119 1070 39 45 1
43 : 215 681 34 50 1
44 : 318 0 22 78 1
45 : 643 604 51 33 0
46 : 414 310 29 58 1
47 : 763 0 73 23 0
48 : 690 0 23 73 1
49 : 539 994 37 45 1
50 : 904 0 73 23 0
51 : 627 1173 42 40 0
52 : 649 148 26 64 1
53 : 61 462 31 54 1
54 : 211 23 23 72 1
55 : 81 0 79 21 0
56 : 794 811 35 47 1
57 : 945 647 33 50 1
58 : 109 1173 39 42 1
59 : 803 647 33 50 1
60 : 237 432 54 30 0
61 : 269 253 60 27 0
62 : 283 811 47 34 0
63 : 547 0 22 73 1
64 : 0 727 49 33 0
65 : 289 1070 37 43 1
66 : 861 462 30 52 1
67 : 309 75 67 23 0
68 : 792 886 35 45 1
69 : 333 174 62 25 0
70 : 57 148 24 64 1
71 : 747 886 35 45 1
72 : 148 1031 36 43 1
73 : 874 227 26 59 1
74 : 105 1031 43 36 0
75 : 441 75 67 23 0
76 : 415 886 34 45 1
77 : 121 148 64 24 0
78 : 896 681 32 48 1
79 : 374 501 30 51 1
80 : 773 681 32 48 1
81 : 830 174 25 61 1
82 : 0 342 55 27 0
83 : 666 369 54 28 0
84 : 237 811 33 46 1
85 : 663 647 31 48 1
86 : 604 850 45 33 0
87 : 0 501 51 29 0
88 : 787 959 43 35 0
89 : 473 0 74 20 0
90 : 324 501 50 29 0
91 : 39 1173 40 37 0
92 : 195 227 25 59 1
93 : 95 727 31 47 1
94 : 466 604 30 48 1
95 : 930 727 46 31 0
96 : 0 1213 37 39 1
97 : 64 1213 37 39 1
98 : 659 118 63 22 0
99 : 158 994 34 42 1
100 : 207 310 26 55 1
101 : 427 763 31 45 1
102 : 455 50 67 21 0
103 : 51 174 23 61 1
104 : 262 199 23 59 1
105 : 49 727 46 30 0
106 : 185 148 62 22 0
107 : 810 310 26 54 1
108 : 0 1173 36 39 1
109 : 771 174 59 23 0
110 : 69 23 69 20 0
111 : 719 401 51 27 0
112 : 193 811 31 44 1
113 : 749 501 28 49 1
114 : 213 1250 37 37 0
115 : 950 994 34 41 1
116 : 149 811 31 44 1
117 : 275 501 49 28 0
118 : 376 75 65 21 0
119 : 283 23 20 68 1
120 : 207 1213 36 38 1
121 : 654 280 55 25 0
122 : 195 280 24 55 1
123 : 886 994 33 40 1
124 : 620 0 70 19 0
125 : 483 681 29 45 1
126 : 841 811 31 43 1
127 : 254 227 57 23 0
128 : 900 369 52 26 0
129 : 944 681 45 29 1
130 : 318 50 20 66 1
131 : 311 227 23 57 1
132 : 867 681 45 29 1
133 : 450 369 51 25 0
134 : 905 342 25 52 1
135 : 121 98 20 63 1
136 : 0 23 69 19 0
137 : 765 727 44 29 0
138 : 555 604 28 46 1
139 : 0 253 23 56 1
140 : 294 647 28 45 1
141 : 0 432 26 50 1
142 : 831 1131 37 34 1
143 : 120 75 65 20 0
144 : 212 604 28 46 1
145 : 63 50 65 19 0
146 : 213 253 56 23 0
147 : 948 567 46 27 0
148 : 45 647 28 45 1
149 : 218 534 47 27 0
150 : 855 1070 38 33 1
151 : 0 647 45 28 0
152 : 707 50 64 19 0
153 : 714 310 24 52 1
154 : 836 0 18 68 1
155 : 31 959 40 31 0
156 : 78 604 46 27 0
157 : 0 118 20 61 1
158 : 642 1031 32 38 0
159 : 157 342 52 24 0
160 : 674 1031 38 32 1
161 : 569 1173 34 36 0
162 : 460 886 30 41 1
163 : 579 647 44 27 0
164 : 236 994 31 39 1
165 : 778 118 20 61 1
166 : 798 1131 33 36 0
167 : 655 501 26 47 1
168 : 510 432 48 25 0
169 : 741 1070 32 37 0
170 : 929 75 62 19 0
171 : 178 959 31 40 1
172 : 563 681 28 44 1
173 : 115 462 48 25 0
174 : 246 75 19 63 1
175 : 702 501 47 26 0
176 : 343 921 40 30 0
177 : 602 534 46 26 0
178 : 765 1131 36 33 1
179 : 623 886 40 30 0
180 : 476 148 20 59 1
181 : 433 1213 34 35 0
182 : 598 1070 37 32 1
183 : 264 727 28 43 1
184 : 732 1131 33 36 0
185 : 303 534 26 46 1
186 : 167 174 21 58 1
187 : 780 850 29 41 1
188 : 332 401 24 49 1
189 : 519 1131 33 37 0
190 : 500 1070 32 37 0
191 : 468 1070 37 32 1
192 : 481 199 56 21 0
193 : 542 23 65 18 0
194 : 106 342 23 51 1
195 : 55 342 23 51 1
196 : 218 959 30 39 1
197 : 616 369 50 24 0
198 : 853 280 52 23 0
199 : 436 1070 37 32 1
200 : 570 310 51 23 0
201 : 283 681 27 43 1
202 : 257 959 30 39 1
203 : 858 401 48 24 0
204 : 373 199 56 21 0
205 : 627 462 25 47 1
206 : 521 401 24 49 1
207 : 665 994 38 31 0
208 : 884 98 19 61 1
209 : 449 1173 33 35 0
210 : 535 148 59 20 0
211 : 96 501 25 47 1
212 : 332 1070 31 37 0
213 : 129 681 27 43 1
214 : 129 534 25 45 1
215 : 128 50 18 64 1
216 : 86 681 27 43 1
217 : 43 681 27 43 1
218 : 487 1131 36 32 1
219 : 296 959 30 39 1
220 : 61 118 60 19 0
221 : 50 432 24 48 1
222 : 0 681 27 43 1
223 : 425 98 61 19 0
224 : 543 118 60 19 0
225 : 708 886 29 39 1
226 : 335 959 30 39 1
227 : 558 432 24 47 1
228 : 168 604 26 44 1
229 : 124 604 26 44 1
230 : 355 118 60 19 0
231 : 0 369 50 23 0
232 : 665 174 56 20 0
233 : 172 681 43 27 0
234 : 837 886 29 39 1
235 : 276 174 57 20 0
236 : 351 23 65 17 0
237 : 732 253 21 53 1
238 : 313 310 51 22 0
239 : 522 50 18 64 1
240 : 463 432 47 24 0
241 : 262 310 51 22 0
242 : 832 50 63 18 0
243 : 564 1031 30 37 0
244 : 311 462 24 46 1
245 : 921 604 26 43 0
246 : 160 1131 31 36 0
247 : 381 401 48 23 0
248 : 357 462 46 24 0
249 : 121 118 19 60 1
250 : 28 1095 31 36 0
251 : 966 1070 31 36 0
252 : 373 850 28 40 1
253 : 403 462 46 24 0
254 : 418 148 58 19 0
255 : 877 604 26 43 0
256 : 809 727 27 42 1
257 : 0 98 18 61 1
258 : 113 850 40 28 0
259 : 402 1031 30 37 0
260 : 935 811 28 40 1
261 : 493 462 46 24 0
262 : 159 253 54 21 0
263 : 169 647 26 43 1
264 : 687 1213 33 34 0
265 : 611 1131 35 32 1
266 : 824 1070 36 31 1
267 : 86 567 25 44 1
268 : 372 1031 30 37 0
269 : 622 763 27 41 1
270 : 190 432 23 47 1
271 : 670 23 64 17 0
272 : 965 604 26 43 0
273 : 255 50 17 63 1
274 : 231 763 27 41 1
275 : 892 534 44 25 0
276 : 304 148 58 19 0
277 : 95 1250 33 33 0
278 : 936 534 44 25 0
279 : 671 342 49 22 0
280 : 417 959 29 38 1
281 : 909 310 50 22 0
282 : 603 280 51 21 0
283 : 191 1031 30 37 1
284 : 630 1070 31 36 0
285 : 342 1031 30 37 0
286 : 364 98 18 61 1
287 : 610 501 24 45 1
288 : 300 604 25 43 1
289 : 960 763 40 27 1
290 : 821 681 26 42 0
291 : 654 199 20 55 1
292 : 885 763 40 27 1
293 : 734 1031 30 36 0
294 : 506 1173 34 32 1
295 : 275 994 29 37 1
296 : 376 886 39 28 0
297 : 284 401 48 23 0
298 : 269 1213 32 33 0
299 : 806 763 40 27 1
300 : 143 501 24 45 1
301 : 174 534 24 44 1
302 : 98 432 23 47 1
303 : 609 994 29 37 0
304 : 566 227 20 53 1
305 : 334 850 27 39 1
306 : 447 174 19 56 1
307 : 522 501 45 24 0
308 : 91 994 37 29 0
309 : 656 98 18 60 1
310 : 843 1031 30 36 0
311 : 348 994 37 29 0
312 : 44 534 24 44 1
313 : 223 850 27 39 1
314 : 502 727 26 41 1
315 : 824 432 23 46 1
316 : 870 432 46 23 0
317 : 402 369 48 22 0
318 : 569 75 61 17 0
319 : 508 75 61 17 0
320 : 51 501 23 45 1
321 : 635 727 26 41 1
322 : 770 401 23 47 1
323 : 0 310 50 21 0
324 : 0 850 39 27 0
325 : 520 310 50 21 0
326 : 426 253 52 20 0
327 : 530 253 52 20 0
328 : 192 50 17 63 1
329 : 0 994 37 29 0
330 : 304 98 17 60 1
331 : 184 98 17 60 1
332 : 884 811 27 39 0
333 : 181 118 18 59 1
334 : 645 432 23 46 1
335 : 774 1213 32 33 0
336 : 558 534 24 44 1
337 : 816 462 23 45 1
338 : 543 727 26 41 1
339 : 59 1095 30 35 0
340 : 364 310 50 21 0
341 : 701 1131 34 31 1
342 : 938 253 52 20 0
343 : 857 994 36 29 1
344 : 142 727 41 25 0
345 : 413 850 27 39 1
346 : 674 462 23 45 1
347 : 71 811 26 39 1
348 : 191 1131 30 35 0
349 : 275 1131 35 30 1
350 : 0 567 24 43 1
351 : 455 959 37 28 0
352 : 896 118 18 58 1
353 : 272 763 26 40 1
354 : 241 886 27 38 1
355 : 43 567 24 43 1
356 : 492 1213 32 33 0
357 : 0 534 24 44 1
358 : 610 174 19 55 1
359 : 492 959 37 28 0
360 : 240 118 18 59 1
361 : 718 227 53 20 0
362 : 529 959 28 37 1
363 : 586 959 28 37 1
364 : 616 401 22 47 1
365 : 0 886 27 38 1
366 : 152 763 40 26 0
367 : 537 199 19 54 1
368 : 61 98 60 17 0
369 : 508 811 26 39 0
370 : 312 994 28 36 1
371 : 212 647 42 25 0
372 : 445 342 21 48 1
373 : 623 959 28 37 1
374 : 34 1031 29 36 1
375 : 172 567 43 24 0
376 : 713 959 37 28 0
377 : 891 174 55 19 0
378 : 291 432 22 46 1
379 : 852 959 28 36 1
380 : 107 253 52 19 0
381 : 833 763 26 39 0
382 : 923 1173 31 33 0
383 : 859 763 26 39 0
384 : 750 959 37 28 0
385 : 416 23 63 16 0
386 : 429 401 47 22 0
387 : 836 253 52 20 0
388 : 809 75 17 61 1
389 : 815 604 24 42 0
390 : 366 681 25 41 1
391 : 538 1173 33 31 1
392 : 31 1250 32 32 0
393 : 503 174 18 55 1
394 : 786 1031 35 29 1
395 : 761 199 53 19 0
396 : 183 727 25 41 1
397 : 479 23 63 16 0
398 : 63 1250 32 32 0
399 : 244 98 17 60 1
400 : 136 921 37 27 0
401 : 208 921 27 37 1
402 : 343 1173 30 33 0
403 : 215 567 43 24 0
404 : 457 1131 34 30 1
405 : 748 681 25 41 0
406 : 478 253 52 20 0
407 : 669 1173 33 31 1
408 : 284 1173 33 30 1
409 : 345 280 50 20 0
410 : 224 727 25 40 1
411 : 725 1173 33 31 1
412 : 138 886 38 27 0
413 : 553 280 20 50 1
414 : 779 432 45 22 0
415 : 128 1250 32 32 0
416 : 110 811 26 39 1
417 : 601 604 42 24 0
418 : 734 23 63 16 0
419 : 50 369 48 21 0
420 : 185 75 16 61 1
421 : 153 850 38 26 0
422 : 407 681 25 41 1
423 : 420 994 28 36 1
424 : 330 811 26 39 1
425 : 368 227 19 53 1
426 : 0 50 63 16 0
427 : 798 501 23 44 1
428 : 720 369 21 47 1
429 : 876 886 37 27 0
430 : 0 921 37 27 0
431 : 131 1131 29 34 0
432 : 888 959 28 36 1
433 : 890 727 25 40 1
434 : 581 1131 30 34 0
435 : 200 994 36 28 0
436 : 691 534 23 43 1
437 : 586 921 36 27 1
438 : 853 369 21 47 1
439 : 258 604 24 42 1
440 : 771 50 16 61 1
441 : 583 763 25 39 1
442 : 895 50 61 16 0
443 : 560 811 38 26 1
444 : 231 501 23 44 1
445 : 254 1173 30 33 0
446 : 607 23 63 16 0
447 : 690 75 60 16 0
448 : 224 1173 30 33 0
449 : 570 401 46 21 0
450 : 134 401 21 47 1
451 : 734 432 22 45 1
452 : 913 886 27 37 1
453 : 258 567 23 42 1
454 : 102 199 18 54 1
455 : 905 280 49 20 0
456 : 350 342 20 48 1
457 : 181 401 21 47 1
458 : 70 1031 28 35 1
459 : 378 647 24 41 1
460 : 419 647 41 24 0
461 : 648 534 43 23 0
462 : 42 401 21 47 1
463 : 563 886 27 37 1
464 : 785 253 19 51 1
465 : 771 227 19 52 1
466 : 607 681 24 40 1
467 : 803 994 28 35 0
468 : 808 1173 32 30 1
469 : 194 1173 30 33 0
470 : 300 567 23 42 1
471 : 633 253 19 51 1
472 : 762 647 41 24 0
473 : 658 921 27 36 0
474 : 731 994 28 35 0
475 : 39 763 25 39 1
476 : 904 647 41 24 0
477 : 0 763 25 39 1
478 : 362 148 56 17 0
479 : 421 567 23 42 1
480 : 871 148 17 55 1
481 : 79 1173 30 33 0
482 : 594 148 17 55 1
483 : 870 75 16 59 1
484 : 36 604 23 42 1
485 : 208 199 54 18 0
486 : 534 811 26 38 0
487 : 582 253 51 19 0
488 : 956 462 44 22 0
489 : 646 50 61 16 0
490 : 583 462 44 22 0
491 : 261 1070 28 34 0
492 : 130 567 23 42 1
493 : 192 763 25 39 1
494 : 924 850 37 26 0
495 : 277 1250 31 31 0
496 : 630 75 16 60 1
497 : 425 604 23 41 1
498 : 255 342 48 20 0
499 : 703 994 28 35 0
500 : 864 1173 30 32 0
501 : 326 681 40 24 0
502 : 916 199 52 18 0
503 : 839 118 57 17 0
504 : 388 763 25 39 1
505 : 342 567 23 42 1
506 : 145 432 21 45 1
507 : 395 280 49 19 0
508 : 859 1213 31 30 1
509 : 449 462 22 44 1
510 : 343 604 23 41 1
511 : 33 811 38 25 0
512 : 78 786 25 38 1
513 : 0 148 57 17 0
514 : 245 921 26 36 1
515 : 103 1131 28 33 0
516 : 384 604 23 41 1
517 : 48 280 50 19 0
518 : 479 994 27 35 1
519 : 385 994 27 35 1
520 : 851 727 24 39 1
521 : 706 1031 28 34 0
522 : 247 148 17 57 1
523 : 535 342 20 47 1
524 : 560 921 26 36 0
525 : 649 850 37 25 0
526 : 539 462 22 44 1
527 : 792 604 41 23 1
528 : 424 727 39 24 0
529 : 112 174 17 55 1
530 : 935 763 25 38 0
531 : 250 280 50 19 0
532 : 823 227 18 51 1
533 : 428 1131 29 33 0
534 : 720 1213 31 30 1
535 : 552 1131 29 33 0
536 : 0 1250 31 31 0
537 : 98 280 50 19 0
538 : 444 280 49 19 0
539 : 672 1131 32 29 1
540 : 346 727 24 39 1
541 : 567 501 22 43 1
542 : 906 401 45 21 0
543 : 920 1031 34 28 1
544 : 767 342 47 20 0
545 : 850 534 22 42 1
546 : 808 534 22 42 1
547 : 369 811 25 38 1
548 : 713 148 17 55 1
549 : 952 369 20 46 1
550 : 463 727 39 24 0
551 : 926 501 22 42 1
552 : 310 369 20 46 1
553 : 864 199 52 18 0
554 : 889 1213 30 31 0
555 : 0 1031 34 27 0
556 : 815 1031 34 28 1
557 : 519 850 37 25 0
558 : 187 1070 28 34 0
559 : 472 310 48 19 0
560 : 514 604 23 41 1
561 : 865 1131 29 32 0
562 : 844 850 37 25 0
563 : 720 342 47 20 0
564 : 419 432 21 44 1
565 : 486 118 57 16 0
566 : 713 1070 28 33 0
567 : 385 727 39 24 0
568 : 499 647 40 23 0
569 : 773 1070 28 33 0
570 : 314 1173 29 32 0
571 : 582 342 47 20 0
572 : 706 850 25 37 1
573 : 966 959 35 27 1
574 : 254 647 23 40 1
575 : 726 727 24 39 1
576 : 0 75 15 60 1
577 : 486 921 26 36 0
578 : 847 921 26 35 0
579 : 474 1031 27 34 0
580 : 873 921 26 35 0
581 : 709 199 52 18 0
582 : 586 50 60 15 0
583 : 663 763 38 24 0
584 : 472 763 38 24 0
585 : 350 763 38 24 0
586 : 643 1131 29 32 0
587 : 476 401 45 20 0
588 : 56 253 18 51 1
589 : 188 501 22 43 1
590 : 60 75 60 15 0
591 : 755 280 49 19 0
592 : 888 253 18 50 1
593 : 573 1213 31 30 1
594 : 743 850 25 37 1
595 : 312 763 38 24 0
596 : 479 501 43 22 0
597 : 539 647 40 23 0
598 : 858 342 20 47 1
599 : 667 227 51 18 0
600 : 297 850 37 25 0
601 : 307 727 39 24 0
602 : 403 921 26 36 1
603 : 39 850 25 37 1
604 : 510 763 24 38 1
605 : 409 1070 33 27 1
606 : 920 1131 29 32 0
607 : 398 342 20 47 1
608 : 723 811 25 37 0
609 : 890 567 22 41 1
610 : 301 1213 31 30 1
611 : 920 921 35 26 1
612 : 647 681 23 39 1
613 : 159 310 19 48 1
614 : 267 462 21 44 1
615 : 804 280 49 19 0
616 : 623 647 23 40 1
617 : 750 75 15 59 1
618 : 638 994 27 34 0
619 : 90 647 23 40 1
620 : 967 921 26 35 0
621 : 913 462 21 43 1
622 : 111 310 19 48 1
623 : 954 1173 31 29 1
624 : 894 1173 31 29 1
625 : 732 921 26 35 0
626 : 773 462 43 21 0
627 : 0 227 52 18 0
628 : 76 850 25 37 1
629 : 472 787 37 24 0
630 : 849 567 41 22 0
631 : 888 1070 33 28 1
632 : 349 1131 28 32 0
633 : 356 369 20 46 1
634 : 808 567 41 22 0
635 : 951 401 44 20 0
636 : 586 811 25 37 0
637 : 667 310 19 47 1
638 : 615 1031 27 33 0
639 : 517 534 41 21 0
640 : 312 787 37 24 0
641 : 303 342 47 19 0
642 : 647 704 39 23 0
643 : 939 1070 27 32 0
644 : 71 921 35 25 0
645 : 57 994 26 34 1
646 : 884 501 42 21 0
647 : 0 1092 27 32 0
648 : 911 811 36 24 1
649 : 90 1093 27 32 0
650 : 661 1101 32 27 0
651 : 130 647 22 39 1
652 : 691 432 20 43 1
653 : 397 1173 30 28 1
654 : 76 1131 32 27 1
655 : 421 227 50 17 0
656 : 88 534 21 41 1
657 : 842 501 42 21 0
658 : 558 174 52 16 0
659 : 429 199 17 52 1
660 : 173 921 35 25 0
661 : 89 401 19 45 1
662 : 630 1213 29 30 0
663 : 339 647 22 39 1
664 : 831 994 33 26 1
665 : 221 1131 27 32 0
666 : 248 1131 32 27 1
667 : 160 1250 29 29 0
668 : 463 567 21 40 1
669 : 770 811 36 24 1
670 : 71 886 35 24 0
671 : 115 763 23 37 1
672 : 460 647 22 39 1
673 : 376 253 17 50 1
674 : 78 763 23 37 1
675 : 948 1031 26 32 0
676 : 503 567 40 21 0
677 : 0 788 36 23 0
678 : 192 788 23 36 1
679 : 156 199 16 52 1
680 : 961 850 35 24 1
681 : 37 921 24 34 1
682 : 621 310 18 46 1
683 : 542 98 57 15 0
684 : 509 787 35 23 0
685 : 599 98 57 15 0
686 : 580 567 40 21 0
687 : 684 886 24 34 0
688 : 780 1173 28 30 0
689 : 821 850 23 35 0
690 : 50 199 52 16 0
691 : 603 118 56 15 0
692 : 209 342 46 18 0
693 : 103 1213 30 28 1
694 : 659 1213 28 29 0
695 : 0 280 17 48 1
696 : 945 98 15 55 1
697 : 321 199 52 16 0
698 : 943 23 57 14 0
699 : 828 98 56 14 0
700 : 722 118 15 56 1
701 : 388 788 23 36 1
702 : 299 118 56 15 0
703 : 814 199 16 50 1
704 : 514 994 25 33 0
705 : 326 705 37 22 0
706 : 912 763 36 23 1
707 : 584 994 33 25 1
708 : 661 1070 31 26 1
709 : 700 811 35 23 1
710 : 607 705 36 22 0
711 : 484 850 23 35 1
712 : 680 959 24 33 1
713 : 395 174 52 15 0
714 : 377 1131 26 30 0
715 : 262 850 35 23 0
716 : 772 98 56 14 0
717 : 972 1131 30 27 1
718 : 349 534 20 40 1
719 : 685 921 33 24 1
720 : 809 369 44 18 0
721 : 687 1070 31 26 1
722 : 957 432 42 19 0
723 : 716 98 56 14 0
724 : 784 763 36 22 1
725 : 620 567 20 39 1
726 : 873 1031 31 25 1
727 : 486 98 14 56 1
728 : 272 789 22 35 1
729 : 366 706 21 36 1
730 : 155 1213 27 29 0
731 : 603 133 53 15 0
732 : 548 784 35 22 0
733 : 225 462 42 19 0
734 : 806 1213 27 28 0
735 : 975 811 34 22 1
736 : 28 1070 31 25 0
737 : 402 706 21 36 1
738 : 59 1070 31 25 0
739 : 684 253 16 48 1
740 : 864 310 17 45 1
741 : 356 1213 28 27 1
742 : 894 1131 29 26 1
743 : 630 1106 30 25 0
744 : 824 1106 25 30 1
745 : 970 886 33 23 1
746 : 857 604 37 20 1
747 : 919 1213 27 28 0
748 : 748 811 22 34 0
749 : 763 763 21 35 0
750 : 630 811 34 22 1
751 : 966 1106 25 30 1
752 : 600 886 33 23 1
753 : 603 1213 27 28 0
754 : 881 850 34 22 1
755 : 36 627 37 20 0
756 : 709 921 23 32 0
757 : 709 280 16 46 1
758 : 946 1213 27 27 0
759 : 758 921 23 32 0
760 : 343 627 20 37 1
761 : 148 280 16 47 1
762 : 343 886 22 33 1
763 : 225 481 40 19 0
764 : 518 227 48 15 0
765 : 92 959 32 23 0
766 : 146 959 32 23 0
767 : 722 133 52 14 0
768 : 38 886 22 33 1
769 : 768 148 14 52 1
770 : 225 174 14 51 1
771 : 973 681 36 20 1
772 : 814 342 44 17 0
773 : 226 384 42 17 0
774 : 933 227 48 15 0
775 : 403 1131 29 25 1
776 : 583 788 34 21 0
777 : 916 432 18 41 1
778 : 378 432 18 41 1
779 : 926 994 24 31 0
780 : 486 134 53 14 0
781 : 279 886 33 22 0
782 : 267 483 40 18 0
783 : 250 1250 27 27 0
784 : 659 567 38 19 0
785 : 635 921 32 23 1
786 : 116 786 34 21 0
787 : 299 133 52 14 0
788 : 36 788 21 34 1
789 : 208 886 22 33 1
790 : 663 787 21 34 1
791 : 781 921 32 23 1
792 : 541 886 22 32 0
793 : 215 1070 30 24 1
794 : 817 401 17 41 1
795 : 0 199 14 50 1
796 : 548 763 35 21 0
797 : 939 1102 25 29 0
798 : 954 132 46 15 0
799 : 847 681 20 36 0
800 : 838 1173 28 26 1
801 : 349 787 34 21 0
802 : 694 604 19 37 1
803 : 913 483 18 38 1
804 : 773 483 18 39 1
805 : 250 1031 23 30 0
806 : 619 227 15 48 1
807 : 337 432 17 41 1
808 : 374 959 31 22 1
809 : 946 174 50 14 0
810 : 976 727 34 20 1
811 : 184 384 17 42 1
812 : 943 37 52 13 0
813 : 456 994 31 23 1
814 : 268 384 41 17 0
815 : 528 700 20 35 1
816 : 176 886 21 32 1
817 : 543 585 37 19 0
818 : 605 432 40 17 0
819 : 721 174 14 50 1
820 : 613 921 31 22 1
821 : 766 310 16 44 1
822 : 98 369 16 43 1
823 : 141 369 16 43 1
824 : 261 1104 24 28 1
825 : 833 1213 26 27 0
826 : 0 1131 29 24 0
827 : 741 1107 28 24 0
828 : 308 1250 26 26 0
829 : 448 700 20 35 1
830 : 436 1107 24 28 1
831 : 839 135 13 52 1
832 : 0 174 13 51 1
833 : 384 567 18 37 1
834 : 825 921 22 31 0
835 : 767 369 16 42 1
836 : 601 628 19 36 1
837 : 954 295 15 44 1
838 : 106 886 32 21 0
839 : 0 959 31 22 0
840 : 380 627 19 35 1
841 : 273 1031 30 23 1
842 : 471 227 47 14 0
843 : 164 1070 23 29 0
844 : 182 1213 27 25 1
845 : 124 959 31 22 1
846 : 543 567 18 37 1
847 : 0 213 48 14 0
848 : 959 310 41 16 0
849 : 598 1107 28 24 0
850 : 265 534 18 38 1
851 : 449 484 17 39 1
852 : 39 1213 27 25 1
853 : 0 621 36 19 0
854 : 713 1103 28 24 0
855 : 329 253 14 47 1
856 : 903 850 21 32 0
857 : 820 161 50 13 0
858 : 479 534 38 18 0
859 : 187 1104 28 24 0
860 : 215 1100 28 24 1
861 : 52 227 14 48 1
862 : 767 385 16 42 1
863 : 100 227 14 48 1
864 : 864 327 15 43 1
865 : 289 1107 24 28 1
866 : 281 921 31 21 0
867 : 312 921 31 21 0
868 : 954 118 14 46 1
869 : 408 1213 25 26 0
870 : 0 811 33 20 0
871 : 373 1173 24 27 0
872 : 331 1213 26 25 1
873 : 90 1070 29 23 0
874 : 839 604 36 18 1
875 : 0 708 34 19 0
876 : 0 401 42 16 0
877 : 801 1070 28 23 1
878 : 974 1031 23 29 0
879 : 231 790 20 33 1
880 : 700 1173 27 25 1
881 : 317 1107 27 24 0
882 : 520 886 31 21 1
883 : 283 708 34 19 0
884 : 622 790 20 33 1
885 : 464 1107 27 24 0
886 : 528 681 35 19 0
887 : 830 959 30 22 1
888 : 300 294 15 44 1
889 : 128 994 22 30 1
890 : 152 789 33 20 0
891 : 448 681 35 19 0
892 : 629 342 15 42 1
893 : 467 1213 26 25 1
894 : 946 921 21 30 0
895 : 383 1213 25 26 0
896 : 491 1107 27 24 0
897 : 164 1099 28 23 1
898 : 98 385 16 39 1
899 : 926 148 13 51 1
900 : 820 148 13 51 1
901 : 71 959 30 21 1
902 : 766 326 43 15 0
903 : 300 280 14 45 1
904 : 663 886 31 21 1
905 : 954 280 44 15 0
906 : 300 629 18 35 1
907 : 855 1108 27 23 0
908 : 947 604 18 35 0
909 : 603 1173 24 26 0
910 : 756 1173 24 26 0
911 : 759 994 22 29 0
912 : 916 1070 23 28 0
913 : 659 586 36 18 0
914 : 903 604 35 18 1
915 : 686 850 32 20 1
916 : 396 959 21 30 0
917 : 228 1031 29 22 1
918 : 0 1070 28 22 0
919 : 548 1213 25 26 0
920 : 68 708 33 19 0
921 : 781 994 29 22 1
922 : 131 1213 24 26 0
923 : 101 708 19 33 1
924 : 239 1070 28 22 1
925 : 34 708 34 19 0
926 : 312 886 31 20 0
927 : 916 1098 23 27 0
928 : 514 627 35 18 0
929 : 245 1213 26 24 1
930 : 425 1173 24 26 0
931 : 539 484 17 38 1
932 : 482 1173 24 26 0
933 : 957 342 15 42 1
934 : 577 484 37 17 0
935 : 409 1103 27 23 0
936 : 184 369 15 42 1
937 : 959 326 16 39 1
938 : 389 534 37 17 0
939 : 801 1098 23 27 0
940 : 674 485 38 16 0
941 : 226 369 42 15 0
942 : 764 1031 28 22 1
943 : 148 227 13 47 1
944 : 191 850 20 32 1
945 : 973 1213 25 25 0
946 : 265 681 34 18 1
947 : 968 199 32 19 0
948 : 268 369 15 42 1
949 : 804 921 30 21 1
950 : 493 342 15 42 1
951 : 167 708 32 19 0
952 : 816 485 38 16 0
953 : 899 921 30 21 1
954 : 926 161 48 13 0
955 : 734 534 37 17 0
956 : 898 1031 28 22 1
957 : 452 850 32 20 0
958 : 931 567 36 17 1
959 : 771 534 37 17 0
960 : 134 708 19 33 1
961 : 950 886 20 30 0
962 : 945 959 29 21 1
963 : 750 1213 25 24 1
964 : 977 148 23 26 0
965 : 968 501 18 33 0
966 : 0 604 36 17 0
967 : 432 1031 21 28 0
968 : 773 1103 26 23 0
969 : 524 1213 25 24 1
970 : 956 484 37 16 0
971 : 620 587 36 17 0
972 : 106 921 20 30 1
973 : 694 623 18 34 1
974 : 888 1103 23 26 0
975 : 453 1031 21 28 0
976 : 415 627 34 18 0
977 : 137 385 38 16 0
978 : 384 585 17 36 1
979 : 924 959 29 21 1
980 : 949 1131 26 23 1
981 : 124 630 17 34 1
982 : 501 1031 28 21 1
983 : 980 534 33 18 1
984 : 522 1031 28 21 1
985 : 158 630 17 34 1
986 : 383 921 30 20 1
987 : 566 959 29 20 1
988 : 543 1031 21 28 0
989 : 0 831 30 19 0
990 : 334 1250 24 24 0
991 : 258 628 34 17 0
992 : 660 959 20 29 0
993 : 611 811 31 19 1
994 : 189 1250 24 24 0
995 : 594 1031 21 28 0
996 : 501 886 30 19 1
997 : 37 994 28 20 1
998 : 119 1109 22 27 1
999 : 956 50 13 44 1
