40400 45009
0 : 6777 42035 4629 1596 0
1 : 27100 16340 2919 783 0
2 : 0 7040 8067 1832 0
3 : 18740 37406 7180 2974 0
4 : 38640 6416 1685 1708 0
5 : 38165 35952 2029 601 0
6 : 0 0 15046 7040 0
7 : 30724 25264 6726 7039 1
8 : 0 32110 7958 5170 0
9 : 32469 37406 3621 4223 0
10 : 6465 37406 4358 6846 1
11 : 20828 16340 6272 1268 0
12 : 25920 40523 6171 1473 0
13 : 11406 42035 3448 1249 0
14 : 10729 17701 6389 10170 1
15 : 23983 32110 7910 5092 0
16 : 28809 17701 4629 11306 1
17 : 26999 14965 1279 1621 1
18 : 15678 28495 3529 6846 1
19 : 36090 37406 3770 3117 1
20 : 32516 6378 3924 3177 0
21 : 39553 22330 2672 556 1
22 : 15046 9743 15046 5222 0
23 : 36440 6378 2050 2287 0
24 : 7958 32110 7958 5152 0
25 : 36440 8665 1063 2033 1
26 : 15046 14965 1823 5782 1
27 : 13311 37406 4047 5429 1
28 : 38640 0 6416 1491 1
29 : 2672 8872 859 2104 1
30 : 25790 0 6378 12850 1
31 : 28809 22330 10744 2912 0
32 : 7958 15149 4629 2353 0
33 : 36090 41176 2919 838 0
34 : 15916 32110 8067 5014 0
35 : 0 42035 3139 2974 0
36 : 38640 8124 1685 1469 0
37 : 4776 8872 2029 824 0
38 : 0 9743 15046 5406 0
39 : 25790 6378 6726 3329 0
40 : 30092 9743 7958 9256 1
41 : 4047 24090 1080 4223 1
42 : 37763 25264 2407 6846 0
43 : 31893 32110 6272 5296 0
44 : 20828 14965 6171 1375 0
45 : 28620 14965 1253 1249 0
46 : 0 17701 6389 10729 1
47 : 20899 17701 7910 7563 0
48 : 0 37406 4629 6465 1
49 : 27100 17123 503 1621 1
50 : 0 25264 7629 6846 0
51 : 25920 37406 6549 3117 0
52 : 22524 28495 6978 3177 0
53 : 0 8872 2672 869 0
54 : 15678 25264 15046 3231 0
55 : 8067 7040 4676 2287 0
56 : 0 15149 7958 2142 0
57 : 3139 42035 3638 2033 0
58 : 8270 24090 1823 1064 0
59 : 0 24090 4047 1135 0
60 : 18740 40380 6416 1357 0
61 : 38165 32110 3842 2104 1
62 : 7629 25264 6378 8049 1
63 : 15046 0 10744 9743 0
