200 284
0 : 78 36 66 25 0
1 : 110 210 14 30 1
2 : 102 257 18 14 1
3 : 139 176 43 34 0
4 : 0 139 59 30 0
5 : 143 257 10 16 0
6 : 186 0 8 33 0
7 : 0 176 22 47 1
8 : 72 257 18 16 1
9 : 79 236 26 13 0
10 : 105 236 24 17 0
11 : 196 176 26 4 1
12 : 192 61 7 28 0
13 : 53 236 26 14 0
14 : 116 139 30 51 1
15 : 40 210 39 25 0
16 : 34 276 7 3 1
17 : 42 257 19 9 1
18 : 194 0 25 6 1
19 : 171 257 8 14 0
20 : 0 36 18 78 1
21 : 116 257 14 17 0
22 : 62 89 62 12 0
23 : 65 61 15 64 1
24 : 161 257 16 5 1
25 : 47 176 46 13 0
26 : 169 210 27 26 0
27 : 129 61 12 63 1
28 : 190 139 30 8 1
29 : 0 0 36 91 1
30 : 167 139 23 31 0
31 : 183 257 8 13 0
32 : 173 236 22 9 0
33 : 185 89 9 50 0
34 : 179 257 14 4 1
35 : 153 257 8 16 0
36 : 151 236 22 12 0
37 : 59 139 57 37 0
38 : 24 276 7 6 1
39 : 174 0 12 36 0
40 : 140 210 11 29 1
41 : 144 36 30 56 1
42 : 0 89 50 62 1
43 : 124 89 61 13 0
44 : 30 276 4 7 0
45 : 182 176 7 33 0
46 : 27 236 16 26 1
47 : 93 176 12 46 1
48 : 0 236 21 27 1
49 : 0 61 28 65 1
50 : 42 276 4 4 0
51 : 51 257 9 19 0
52 : 0 210 40 13 0
53 : 66 257 6 19 0
54 : 129 236 15 22 1
55 : 79 210 19 31 1
56 : 21 257 21 17 0
57 : 37 276 5 6 0
58 : 166 257 5 15 0
59 : 189 176 30 7 1
60 : 60 257 6 19 0
61 : 191 257 8 12 0
62 : 0 276 11 8 0
63 : 0 257 19 21 1
64 : 88 257 18 14 1
65 : 196 210 3 20 0
66 : 195 236 18 3 1
67 : 91 0 83 16 0
68 : 130 257 16 13 1
69 : 198 139 2 7 0
70 : 11 276 6 10 1
71 : 194 89 37 6 1
72 : 21 276 8 3 1
