200 219
0 : 101 126 15 72 1
1 : 0 142 15 47 1
2 : 91 170 67 11 0
3 : 0 0 56 39 0
4 : 37 210 6 35 1
5 : 51 182 11 17 1
6 : 41 202 8 20 1
7 : 183 65 22 8 1
8 : 61 202 8 12 1
9 : 197 65 3 16 0
10 : 147 193 11 9 0
11 : 0 193 9 61 1
12 : 73 202 47 7 0
13 : 84 182 11 11 0
14 : 175 210 5 18 1
15 : 191 65 6 22 0
16 : 193 210 5 7 1
17 : 125 210 6 14 1
18 : 155 87 25 21 0
19 : 170 157 22 4 0
20 : 189 126 16 11 1
21 : 109 108 33 17 0
22 : 175 202 8 7 1
23 : 192 157 4 8 0
24 : 0 39 26 110 1
25 : 192 182 11 4 1
26 : 112 157 58 12 0
27 : 99 87 56 21 0
28 : 81 65 21 102 1
29 : 100 210 6 25 1
30 : 61 193 9 51 1
31 : 68 182 16 11 0
32 : 145 210 30 5 0
33 : 181 170 12 9 0
34 : 196 157 4 6 0
35 : 49 126 26 16 0
36 : 44 157 68 12 0
37 : 190 87 20 10 1
38 : 178 39 21 26 0
39 : 71 170 20 12 0
40 : 0 126 49 16 0
41 : 72 210 6 28 1
42 : 40 216 11 3 0
43 : 0 170 37 12 0
44 : 185 108 9 18 0
45 : 54 216 2 9 1
46 : 186 142 5 14 0
47 : 191 142 15 4 1
48 : 191 0 39 9 1
49 : 95 182 64 10 0
50 : 120 202 32 7 0
51 : 75 126 16 26 1
52 : 0 87 99 21 0
53 : 172 0 38 19 1
54 : 146 39 23 32 1
55 : 0 210 6 37 1
56 : 0 65 22 54 1
57 : 110 39 25 36 1
58 : 56 0 50 27 0
59 : 54 65 27 22 0
60 : 0 202 8 41 1
61 : 106 0 66 23 0
62 : 177 193 8 5 1
63 : 0 216 15 3 0
64 : 167 108 18 12 0
65 : 196 182 9 4 1
66 : 63 216 6 2 0
67 : 168 193 9 6 0
68 : 194 202 5 8 0
69 : 182 193 4 18 1
70 : 47 142 15 19 1
71 : 189 202 8 5 1
72 : 195 142 14 4 1
73 : 138 142 48 13 0
74 : 124 142 14 14 0
75 : 159 182 23 10 0
76 : 194 108 5 18 0
77 : 158 170 10 23 1
78 : 0 182 51 11 0
79 : 66 142 58 14 0
80 : 193 170 7 12 0
81 : 158 193 10 9 0
82 : 173 126 16 12 0
83 : 15 216 13 3 0
84 : 112 193 35 9 0
85 : 37 170 34 12 0
86 : 142 108 17 25 1
87 : 51 216 3 3 0
88 : 152 202 7 23 1
89 : 180 87 10 20 0
90 : 0 108 109 18 0
91 : 182 202 7 7 0
92 : 139 210 6 6 0
93 : 0 157 44 13 0
94 : 69 216 3 1 1
95 : 28 216 3 12 1
96 : 182 182 10 11 0
