40400 47505
0 : 38686 6171 4629 1596 1
1 : 30440 17792 2919 783 0
2 : 0 3231 8067 1832 0
3 : 0 15174 7180 2974 0
4 : 32758 23304 1685 1708 0
5 : 38911 15439 2029 601 1
6 : 15046 5222 15046 7040 0
7 : 15539 39942 6726 7039 0
8 : 23935 25029 7958 5170 0
9 : 0 34828 3621 4223 0
10 : 31893 25029 4358 6846 1
11 : 0 10628 6272 1268 0
12 : 38238 0 6171 1473 1
13 : 27625 23304 3448 1249 0
14 : 10729 18640 6389 10170 1
15 : 8067 25029 7910 5092 0
16 : 30092 0 4629 11306 0
17 : 38686 10800 1279 1621 1
18 : 27625 18640 3529 6846 1
19 : 6465 36577 3770 3117 0
20 : 34514 36471 3924 3177 0
21 : 31672 22169 2672 556 0
22 : 15046 0 15046 5222 0
23 : 25575 21969 2050 2287 0
24 : 15977 25029 7958 5152 0
25 : 38109 18640 1063 2033 0
26 : 36863 6171 1823 5782 0
27 : 34471 20673 4047 5429 1
28 : 6272 10628 6416 1491 0
29 : 39512 15439 859 2104 0
30 : 10744 12262 6378 12850 1
31 : 0 12262 10744 2912 0
32 : 30440 15439 4629 2353 0
33 : 30092 11306 2919 838 0
34 : 0 25029 8067 5014 0
35 : 37418 12262 3139 2974 1
36 : 31073 23304 1685 1469 0
37 : 12688 10628 2029 824 0
38 : 0 5222 15046 5406 0
39 : 20899 18640 6726 3329 0
40 : 14514 30199 7958 9256 1
41 : 34721 7958 1080 4223 0
42 : 23594 12262 2407 6846 1
43 : 34514 30199 6272 5296 1
44 : 36863 0 6171 1375 1
45 : 38438 36471 1253 1249 0
46 : 0 18640 6389 10729 1
47 : 7629 39942 7910 7563 0
48 : 0 30199 4629 6465 1
49 : 33359 17792 503 1621 1
50 : 0 39942 7629 6846 0
51 : 23594 14669 6549 3117 0
52 : 30440 12262 6978 3177 0
53 : 35801 7958 2672 869 1
54 : 0 0 15046 3231 0
55 : 20899 21969 4676 2287 0
56 : 34721 0 7958 2142 1
57 : 34471 18640 3638 2033 0
58 : 39172 18640 1823 1064 1
59 : 27625 22169 4047 1135 0
60 : 8067 3231 6416 1357 0
61 : 35069 15439 3842 2104 0
62 : 6465 30199 6378 8049 1
63 : 23770 30199 10744 9743 0
