200 250
0 : 56 87 66 25 0
1 : 132 180 14 30 1
2 : 185 196 18 14 1
3 : 153 0 43 34 1
4 : 122 50 59 30 0
5 : 188 180 10 16 0
6 : 0 215 8 33 1
7 : 0 135 22 47 1
8 : 169 196 18 16 1
9 : 92 196 26 13 0
10 : 0 196 24 17 0
11 : 19 242 26 4 0
12 : 68 229 7 28 1
13 : 45 196 26 14 0
14 : 122 87 30 51 1
15 : 161 117 39 25 0
16 : 162 242 7 3 1
17 : 115 229 19 9 0
18 : 134 229 25 6 0
19 : 190 215 8 14 0
20 : 0 117 18 78 1
21 : 103 215 14 17 1
22 : 63 157 62 12 0
23 : 47 135 15 64 1
24 : 81 242 16 5 0
25 : 187 0 46 13 1
26 : 173 87 27 26 1
27 : 0 157 12 63 1
28 : 73 215 30 8 0
29 : 0 0 36 91 1
30 : 125 157 23 31 1
31 : 45 242 8 13 1
32 : 46 229 22 9 0
33 : 46 180 9 50 1
34 : 112 242 14 4 0
35 : 159 229 8 16 1
36 : 33 215 22 12 0
37 : 0 50 57 37 0
38 : 144 242 7 6 1
39 : 96 180 12 36 1
40 : 140 196 11 29 1
41 : 0 87 30 56 1
42 : 91 0 50 62 1
43 : 111 135 61 13 0
44 : 155 242 4 7 0
45 : 120 215 7 33 1
46 : 162 180 16 26 1
47 : 0 180 12 46 1
48 : 172 135 21 27 1
49 : 57 50 28 65 1
50 : 165 242 4 4 0
51 : 96 229 9 19 1
52 : 156 157 40 13 0
53 : 175 229 6 19 1
54 : 118 196 15 22 1
55 : 181 50 19 31 0
56 : 71 196 21 17 0
57 : 150 242 5 6 0
58 : 97 242 5 15 1
59 : 0 229 30 7 0
60 : 0 242 6 19 1
61 : 58 242 8 12 1
62 : 70 242 11 8 0
63 : 24 196 19 21 1
64 : 55 215 18 14 0
65 : 196 157 3 20 0
66 : 126 242 18 3 0
67 : 78 117 83 16 0
68 : 30 229 16 13 0
69 : 198 180 2 7 0
70 : 194 229 6 10 0
71 : 153 215 37 6 0
72 : 159 242 8 3 1
