35 475
0 : 0 0 12 10 0
1 : 0 10 2 31 1
2 : 12 0 10 13 1
3 : 0 12 16 16 0
4 : 16 12 16 16 0
5 : 0 28 16 16 0
6 : 16 28 16 16 0
7 : 32 12 2 15 0
8 : 25 0 8 7 0
9 : 0 44 13 13 0
10 : 13 44 16 16 0
11 : 0 60 8 7 0
12 : 8 60 16 16 0
13 : 24 60 16 7 1
14 : 0 76 16 16 0
15 : 16 76 16 15 0
16 : 0 92 15 15 0
17 : 0 107 24 21 0
18 : 0 128 1 26 1
19 : 0 129 16 16 0
20 : 24 107 11 14 0
21 : 0 145 24 21 0
22 : 16 129 16 15 0
23 : 0 166 16 16 0
24 : 16 166 16 16 0
25 : 0 67 7 7 0
26 : 0 182 16 16 0
27 : 15 92 13 14 0
28 : 16 182 16 15 0
29 : 33 0 2 7 0
30 : 24 145 8 10 0
31 : 0 198 13 11 0
32 : 13 198 16 15 0
33 : 0 213 13 12 0
34 : 13 213 16 16 0
35 : 0 229 16 16 0
36 : 32 27 1 1 0
37 : 32 28 2 16 0
38 : 16 229 12 10 1
39 : 24 155 8 10 0
40 : 0 245 12 10 0
41 : 0 255 24 24 0
42 : 0 279 16 15 0
43 : 16 279 16 15 0
44 : 0 294 32 32 0
45 : 24 121 7 7 0
46 : 12 245 3 22 1
47 : 0 326 16 16 0
48 : 16 326 16 16 0
49 : 0 342 35 7 0
50 : 0 349 16 16 0
51 : 12 248 3 19 1
52 : 31 60 3 15 0
53 : 0 365 24 21 0
54 : 16 349 16 16 0
55 : 0 386 16 15 0
56 : 16 386 16 16 0
57 : 0 402 16 16 0
58 : 24 365 11 11 0
59 : 16 402 16 15 0
60 : 24 255 11 11 0
61 : 0 418 24 21 0
62 : 0 439 24 21 0
63 : 0 460 16 15 0
64 : 0 57 3 11 1
