1000 8768
0 : 0 6357 340 857 1
1 : 598 8565 104 178 1
2 : 0 5018 943 389 0
3 : 677 5407 189 491 0
4 : 776 7861 146 162 1
5 : 0 8735 33 963 1
6 : 678 6697 497 135 1
7 : 0 3605 652 992 1
8 : 0 8565 121 598 1
9 : 909 4257 42 727 0
10 : 536 6697 142 505 0
11 : 970 980 24 83 0
12 : 0 7861 150 776 1
13 : 0 8686 49 921 1
14 : 0 5407 493 677 1
15 : 0 8480 85 886 1
16 : 816 5900 421 99 1
17 : 0 980 970 933 0
18 : 0 7213 252 738 1
19 : 0 7465 561 246 0
20 : 0 2826 882 779 0
21 : 998 1913 298 2 1
22 : 647 5900 452 169 1
23 : 951 4257 253 49 1
24 : 857 6357 338 87 1
25 : 915 5900 81 148 0
26 : 922 6697 59 375 0
27 : 0 5900 457 647 1
28 : 986 2826 12 189 0
29 : 992 3605 8 169 0
30 : 738 7213 191 233 0
31 : 0 8253 85 947 1
32 : 0 8118 629 135 0
33 : 0 8011 965 107 0
34 : 813 6697 359 109 1
35 : 931 1913 840 67 1
36 : 0 8338 538 142 0
37 : 882 2826 104 726 0
38 : 984 0 15 871 0
39 : 629 8118 144 230 1
40 : 981 6697 10 114 0
41 : 0 4257 761 761 0
42 : 0 0 984 980 0
43 : 866 5407 408 117 1
44 : 983 5407 9 189 0
45 : 0 1913 931 913 0
46 : 0 6697 516 536 1
47 : 0 7711 150 906 1
48 : 761 4257 689 148 1
49 : 776 8565 103 146 1
