300 691
0 : 0 0 90 36 0
1 : 90 0 79 15 0
2 : 169 0 90 36 0
3 : 0 36 244 70 0
4 : 259 0 39 15 0
5 : 244 36 55 15 1
6 : 259 36 53 14 1
7 : 0 106 90 36 0
8 : 90 106 80 32 0
9 : 170 106 101 36 0
10 : 0 142 62 31 0
11 : 62 142 40 16 0
12 : 102 142 38 15 0
13 : 271 106 24 32 0
14 : 0 173 300 95 0
15 : 140 142 80 32 0
16 : 220 142 38 15 0
17 : 258 142 40 16 0
18 : 0 268 209 33 0
19 : 0 301 101 36 0
20 : 209 268 47 15 0
21 : 256 268 40 16 0
22 : 273 36 60 24 1
23 : 101 301 90 36 0
24 : 191 301 39 15 0
25 : 230 301 39 15 0
26 : 0 337 51 15 0
27 : 51 337 40 15 0
28 : 91 337 101 36 0
29 : 192 337 60 18 0
30 : 0 373 55 15 0
31 : 55 373 60 15 0
32 : 115 373 66 15 0
33 : 181 373 24 32 1
34 : 0 397 90 36 0
35 : 213 373 51 18 0
36 : 90 397 90 36 0
37 : 180 397 90 36 0
38 : 0 433 60 18 0
39 : 60 433 90 36 0
40 : 264 373 17 16 1
41 : 150 433 59 14 0
42 : 0 469 163 15 0
43 : 163 469 101 36 0
44 : 209 433 90 36 0
45 : 0 505 52 15 0
46 : 52 505 90 36 0
47 : 142 505 50 15 0
48 : 252 337 40 15 0
49 : 192 505 54 14 0
50 : 0 541 101 36 0
51 : 101 541 90 36 0
52 : 191 541 101 36 0
53 : 0 577 90 36 0
54 : 90 577 78 78 0
55 : 168 577 90 36 0
56 : 0 655 90 36 0
57 : 90 655 80 15 0
