100 1995
0 : 0 1994 1 74 1
1 : 0 1554 24 88 1
2 : 0 1815 16 77 1
3 : 0 1945 98 7 0
4 : 0 1926 9 81 1
5 : 0 1722 22 71 1
6 : 0 1465 29 88 1
7 : 0 668 100 39 0
8 : 0 746 85 45 0
9 : 0 1157 31 98 1
10 : 86 218 68 11 1
11 : 0 1761 16 88 1
12 : 0 1896 9 86 1
13 : 0 1069 67 46 0
14 : 0 1249 41 66 1
15 : 0 0 92 87 0
16 : 0 1993 1 83 1
17 : 0 1494 35 70 1
18 : 0 1363 39 67 1
19 : 0 1578 31 68 1
20 : 0 1969 5 88 1
21 : 0 1402 30 86 1
22 : 0 153 99 65 0
23 : 0 1217 32 88 1
24 : 0 1777 21 66 1
25 : 0 1290 36 75 1
26 : 0 1661 21 93 1
27 : 0 967 44 81 1
28 : 0 387 48 87 1
29 : 72 1359 4 10 1
30 : 0 481 53 76 1
31 : 0 1744 17 83 1
32 : 76 481 37 24 1
33 : 0 1432 33 78 1
34 : 0 534 49 82 1
35 : 0 287 52 88 1
36 : 67 1363 38 28 1
37 : 0 1529 25 91 1
38 : 0 1964 5 89 1
39 : 0 791 50 75 1
40 : 0 1992 1 96 1
41 : 0 1609 27 78 1
42 : 0 1958 82 6 0
43 : 99 153 8 1 1
44 : 0 1636 25 80 1
45 : 0 1115 42 73 1
46 : 0 1979 4 92 1
47 : 0 1188 29 100 1
48 : 0 1935 10 72 1
49 : 0 1845 78 15 0
50 : 0 583 45 89 1
51 : 0 1011 60 58 0
52 : 92 0 8 73 0
53 : 0 1952 6 87 1
54 : 0 339 48 93 1
55 : 0 1988 4 87 1
56 : 0 1798 17 81 1
57 : 0 1983 5 71 1
58 : 0 1873 13 71 1
59 : 0 1916 10 75 1
60 : 0 841 38 98 1
61 : 0 87 66 98 1
62 : 0 879 40 92 1
63 : 0 1886 84 10 0
64 : 0 1702 20 88 1
65 : 0 707 39 100 1
66 : 68 1578 28 30 0
67 : 0 1974 5 77 1
68 : 0 1831 14 86 1
69 : 88 1554 24 12 1
70 : 72 1326 28 33 0
71 : 0 435 46 90 1
72 : 0 1682 20 92 1
73 : 0 218 69 86 1
74 : 0 628 40 98 1
75 : 0 919 48 76 1
76 : 0 1326 37 72 1
77 : 78 1432 28 22 1
78 : 0 1860 13 82 1
79 : 0 1905 11 70 1
