35 487
0 : 0 441 12 10 0
1 : 0 481 2 31 1
2 : 22 420 10 13 1
3 : 0 177 16 16 0
4 : 16 177 16 16 0
5 : 0 193 16 16 0
6 : 16 193 16 16 0
7 : 16 483 2 15 1
8 : 16 458 8 7 0
9 : 0 396 13 13 0
10 : 16 209 16 16 0
11 : 24 458 8 7 0
12 : 16 225 16 16 0
13 : 0 458 16 7 0
14 : 16 241 16 16 0
15 : 0 336 16 15 0
16 : 0 381 15 15 0
17 : 0 119 24 21 0
18 : 7 485 1 26 1
19 : 16 257 16 16 0
20 : 0 409 11 14 1
21 : 0 140 24 21 0
22 : 16 336 16 15 0
23 : 0 289 16 16 0
24 : 16 289 16 16 0
25 : 7 465 7 7 0
26 : 0 161 16 16 0
27 : 15 381 13 14 0
28 : 0 351 16 15 0
29 : 0 485 2 7 1
30 : 20 441 8 10 0
31 : 14 409 13 11 0
32 : 16 351 16 15 0
33 : 13 396 13 12 0
34 : 16 161 16 16 0
35 : 16 273 16 16 0
36 : 33 485 1 1 0
37 : 0 483 2 16 1
38 : 0 431 12 10 0
39 : 12 441 8 10 0
40 : 12 431 12 10 0
41 : 0 32 24 24 0
42 : 0 366 16 15 0
43 : 16 366 16 15 0
44 : 0 0 32 32 0
45 : 0 465 7 7 0
46 : 0 472 3 22 1
47 : 0 305 16 16 0
48 : 0 273 16 16 0
49 : 0 451 35 7 0
50 : 0 257 16 16 0
51 : 0 475 3 19 1
52 : 19 475 3 15 1
53 : 0 98 24 21 0
54 : 0 241 16 16 0
55 : 16 305 16 15 0
56 : 0 209 16 16 0
57 : 0 225 16 16 0
58 : 0 420 11 11 0
59 : 0 321 16 15 0
60 : 11 420 11 11 0
61 : 0 77 24 21 0
62 : 0 56 24 21 0
63 : 16 321 16 15 0
64 : 0 478 3 11 1
