100 29
0 : 5 19 5 4 0
1 : 77 19 3 13 1
2 : 28 19 49 3 0
3 : 21 23 3 5 1
4 : 38 12 5 5 0
5 : 26 23 3 5 1
6 : 43 12 5 5 0
7 : 49 26 3 3 0
8 : 69 12 4 10 1
9 : 10 26 3 4 1
10 : 58 12 4 11 1
11 : 97 0 3 7 0
12 : 67 0 9 8 1
13 : 0 12 7 33 1
14 : 92 0 5 5 0
15 : 36 23 5 3 0
16 : 91 12 4 5 0
17 : 95 12 5 4 1
18 : 41 23 5 3 0
19 : 46 23 3 5 1
20 : 75 0 12 5 0
21 : 46 26 3 3 0
22 : 18 26 3 4 1
23 : 43 26 3 3 0
24 : 86 23 3 5 1
25 : 5 26 5 3 0
26 : 0 26 3 5 1
27 : 90 19 3 7 1
28 : 33 12 5 5 0
29 : 56 23 5 3 0
30 : 31 23 5 3 0
31 : 0 23 3 7 1
32 : 76 23 5 3 0
33 : 52 26 3 3 0
34 : 96 23 3 4 1
35 : 10 19 5 4 0
36 : 24 19 4 4 0
37 : 22 26 3 4 1
38 : 34 26 3 3 0
39 : 79 12 4 8 1
40 : 15 19 5 4 0
41 : 61 23 5 3 0
42 : 26 26 4 3 0
43 : 34 0 12 33 1
44 : 66 23 3 5 1
45 : 40 26 3 3 0
46 : 20 19 4 4 0
47 : 51 23 3 5 1
48 : 53 12 5 5 0
49 : 87 12 5 4 1
50 : 7 23 7 3 0
51 : 71 23 5 3 0
52 : 0 19 5 4 0
53 : 81 23 5 3 0
54 : 97 19 3 4 0
55 : 30 26 3 4 1
56 : 91 23 3 5 1
57 : 37 26 3 3 0
58 : 14 26 3 4 1
59 : 14 23 7 3 0
60 : 87 0 5 8 0
61 : 0 0 34 12 0
62 : 48 12 5 5 0
