92 197
0 : 83 164 11 9 1
1 : 29 137 1 1 0
2 : 13 141 9 11 1
3 : 91 51 1 29 0
4 : 24 141 9 11 1
5 : 64 164 19 15 0
6 : 50 51 50 29 1
7 : 13 150 1 19 1
8 : 27 164 18 18 0
9 : 79 51 12 45 0
10 : 0 182 19 15 0
11 : 79 96 14 12 1
12 : 0 125 12 45 1
13 : 59 151 27 13 0
14 : 45 125 43 13 0
15 : 0 112 55 13 0
16 : 48 138 31 13 0
17 : 45 164 19 15 0
18 : 0 101 11 79 1
19 : 0 51 50 50 0
20 : 0 139 2 37 1
21 : 0 151 31 13 0
22 : 0 0 92 17 0
23 : 19 182 21 13 0
24 : 35 141 11 9 0
25 : 55 112 33 13 0
26 : 31 151 28 13 0
27 : 0 137 1 29 1
28 : 79 138 13 10 0
29 : 0 164 27 13 0
30 : 0 17 17 88 1
31 : 40 182 19 15 0
32 : 91 80 1 19 0
33 : 0 34 86 17 0
34 : 0 138 1 48 1
35 : 88 17 4 6 0
36 : 0 141 13 10 0
37 : 88 112 4 6 0
