100 2064
0 : 0 1583 1 74 1
1 : 0 809 24 88 1
2 : 0 1365 16 77 1
3 : 0 347 98 7 0
4 : 0 1256 9 81 1
5 : 0 1681 22 71 1
6 : 0 780 29 88 1
7 : 0 0 100 39 0
8 : 0 1054 85 45 0
9 : 0 316 31 98 1
10 : 0 1798 68 11 0
11 : 0 853 16 88 1
12 : 0 1045 9 86 1
13 : 0 1809 67 46 0
14 : 0 1894 41 66 1
15 : 0 424 92 87 0
16 : 0 1126 1 83 1
17 : 0 1721 35 70 1
18 : 0 1855 39 67 1
19 : 0 1767 31 68 1
20 : 0 869 5 88 1
21 : 0 1001 30 86 1
22 : 0 107 99 65 0
23 : 0 748 32 88 1
24 : 0 1935 21 66 1
25 : 0 1537 36 75 1
26 : 0 403 21 93 1
27 : 0 1195 44 81 1
28 : 0 874 48 87 1
29 : 52 2042 4 10 0
30 : 0 1386 53 76 1
31 : 0 1109 17 83 1
32 : 0 2014 37 24 0
33 : 0 1290 33 78 1
34 : 0 1127 49 82 1
35 : 0 696 52 88 1
36 : 60 1956 38 28 1
37 : 0 575 25 91 1
38 : 0 691 5 89 1
39 : 0 1487 50 75 1
40 : 0 354 1 96 1
41 : 0 1323 27 78 1
42 : 0 1189 82 6 0
43 : 56 2042 8 1 1
44 : 0 1265 25 80 1
45 : 0 1584 42 73 1
46 : 0 571 4 92 1
47 : 0 78 29 100 1
48 : 0 1671 10 72 1
49 : 0 1350 78 15 0
50 : 0 646 45 89 1
51 : 0 1956 60 58 0
52 : 0 1626 8 73 1
53 : 0 922 6 87 1
54 : 0 355 48 93 1
55 : 0 928 4 87 1
56 : 0 1239 17 81 1
57 : 0 1716 5 71 1
58 : 0 1703 13 71 1
59 : 0 1573 10 75 1
60 : 0 278 38 98 1
61 : 0 172 66 98 1
62 : 0 511 40 92 1
63 : 0 1099 84 10 0
64 : 0 833 20 88 1
65 : 0 39 39 100 1
66 : 70 2014 28 30 1
67 : 0 1381 5 77 1
68 : 0 1031 14 86 1
69 : 28 2042 24 12 0
70 : 37 2014 28 33 1
71 : 0 600 46 90 1
72 : 0 551 20 92 1
73 : 0 932 69 86 1
74 : 0 238 40 98 1
75 : 0 1439 48 76 1
76 : 0 1634 37 72 1
77 : 0 2042 28 22 0
78 : 0 1176 13 82 1
79 : 0 1756 11 70 1
