300 591
0 : 90 342 90 36 0
1 : 80 486 79 15 0
2 : 202 270 90 36 0
3 : 0 95 244 70 0
4 : 192 551 39 15 0
5 : 119 517 55 15 0
6 : 54 535 53 14 0
7 : 0 414 90 36 0
8 : 170 450 80 32 0
9 : 0 306 101 36 0
10 : 159 486 62 31 0
11 : 260 535 40 16 0
12 : 39 575 38 15 0
13 : 264 198 24 32 0
14 : 0 0 300 95 0
15 : 90 450 80 32 0
16 : 77 575 38 15 0
17 : 0 551 40 16 0
18 : 0 165 209 33 0
19 : 163 198 101 36 0
20 : 250 450 47 15 0
21 : 40 551 40 16 0
22 : 221 486 60 24 0
23 : 0 342 90 36 0
24 : 0 575 39 15 0
25 : 231 551 39 15 0
26 : 159 535 51 15 0
27 : 112 551 40 15 0
28 : 101 270 101 36 0
29 : 259 95 60 18 1
30 : 174 517 55 15 0
31 : 0 517 60 15 0
32 : 244 95 66 15 1
33 : 80 551 24 32 1
34 : 180 342 90 36 0
35 : 229 517 51 18 0
36 : 191 306 90 36 0
37 : 0 378 90 36 0
38 : 277 95 60 18 1
39 : 90 378 90 36 0
40 : 115 575 17 16 0
41 : 60 517 59 14 0
42 : 0 198 163 15 0
43 : 101 234 101 36 0
44 : 180 378 90 36 0
45 : 107 535 52 15 0
46 : 90 414 90 36 0
47 : 210 535 50 15 0
48 : 152 551 40 15 0
49 : 0 535 54 14 0
50 : 0 270 101 36 0
51 : 180 414 90 36 0
52 : 0 234 101 36 0
53 : 0 450 90 36 0
54 : 209 165 78 78 0
55 : 202 234 90 36 0
56 : 101 306 90 36 0
57 : 0 486 80 15 0
