35 498
0 : 0 469 12 10 0
1 : 32 7 2 31 0
2 : 0 459 10 13 1
3 : 16 187 16 16 0
4 : 0 203 16 16 0
5 : 16 203 16 16 0
6 : 0 219 16 16 0
7 : 0 421 2 15 1
8 : 0 491 8 7 0
9 : 14 434 13 13 0
10 : 0 235 16 16 0
11 : 8 491 8 7 0
12 : 0 251 16 16 0
13 : 16 391 16 7 0
14 : 16 251 16 16 0
15 : 0 376 16 15 0
16 : 16 406 15 15 0
17 : 0 84 24 21 0
18 : 34 7 1 26 0
19 : 16 267 16 16 0
20 : 0 434 11 14 1
21 : 0 105 24 21 0
22 : 16 376 16 15 0
23 : 0 299 16 16 0
24 : 16 299 16 16 0
25 : 23 491 7 7 0
26 : 0 315 16 16 0
27 : 15 421 13 14 1
28 : 0 331 16 15 0
29 : 30 491 2 7 0
30 : 14 480 8 10 0
31 : 13 447 13 11 0
32 : 16 331 16 15 0
33 : 0 447 13 12 0
34 : 16 315 16 16 0
35 : 16 283 16 16 0
36 : 32 491 1 1 0
37 : 0 406 2 16 1
38 : 12 469 12 10 0
39 : 22 480 8 10 0
40 : 13 459 12 10 0
41 : 0 39 24 24 0
42 : 0 346 16 15 0
43 : 16 346 16 15 0
44 : 0 7 32 32 0
45 : 16 491 7 7 0
46 : 0 168 3 22 1
47 : 0 283 16 16 0
48 : 0 267 16 16 0
49 : 0 0 35 7 0
50 : 16 235 16 16 0
51 : 0 171 3 19 1
52 : 31 406 3 15 0
53 : 0 63 24 21 0
54 : 0 187 16 16 0
55 : 0 361 16 15 0
56 : 16 219 16 16 0
57 : 19 171 16 16 0
58 : 24 469 11 11 0
59 : 16 361 16 15 0
60 : 0 480 11 11 0
61 : 0 126 24 21 0
62 : 0 147 24 21 0
63 : 0 391 16 15 0
64 : 11 480 3 11 0
