200 301
0 : 0 30 110 32 0
1 : 123 255 12 33 1
2 : 0 122 78 15 0
3 : 0 181 62 18 0
4 : 43 203 16 53 1
5 : 110 30 37 76 1
6 : 78 67 14 97 1
7 : 0 203 28 43 1
8 : 53 289 16 9 0
9 : 27 274 15 22 1
10 : 0 160 64 19 0
11 : 69 289 10 13 1
12 : 123 274 4 27 1
13 : 40 289 12 13 1
14 : 135 289 3 6 0
15 : 168 274 7 22 1
16 : 64 160 67 16 0
17 : 0 274 27 14 0
18 : 0 255 13 41 1
19 : 0 67 78 35 0
20 : 0 0 30 115 1
21 : 39 231 8 54 1
22 : 0 102 20 91 1
23 : 126 289 6 6 0
24 : 126 122 72 12 0
25 : 91 102 15 92 1
26 : 62 181 22 58 1
27 : 21 289 19 6 0
28 : 78 122 38 48 1
29 : 131 160 21 61 1
30 : 85 255 10 38 1
31 : 96 203 22 47 1
32 : 93 231 22 37 1
33 : 49 274 5 30 1
34 : 121 289 5 9 0
35 : 100 289 3 15 1
36 : 99 274 24 10 0
37 : 130 231 20 37 1
38 : 150 274 18 13 0
39 : 156 255 23 19 0
40 : 143 203 41 27 0
41 : 82 289 18 5 0
42 : 115 289 6 11 0
43 : 0 231 39 24 0
44 : 0 289 21 6 0
45 : 120 181 62 17 0
46 : 79 274 20 15 0
47 : 132 289 3 8 0
48 : 41 255 44 7 0
