300 658
0 : 90 342 90 36 0
1 : 202 234 79 15 0
2 : 202 270 90 36 0
3 : 0 128 244 70 0
4 : 0 564 39 15 0
5 : 200 486 55 15 0
6 : 109 518 53 14 0
7 : 0 414 90 36 0
8 : 180 450 80 32 0
9 : 0 306 101 36 0
10 : 208 533 62 31 0
11 : 39 564 40 16 0
12 : 237 564 38 15 0
13 : 264 198 24 32 0
14 : 0 0 300 95 0
15 : 0 486 80 32 0
16 : 0 580 38 15 0
17 : 79 564 40 16 0
18 : 0 95 209 33 0
19 : 163 198 101 36 0
20 : 161 533 47 15 0
21 : 119 564 40 16 0
22 : 0 533 60 24 0
23 : 0 342 90 36 0
24 : 198 564 39 15 0
25 : 159 564 39 15 0
26 : 214 518 51 15 0
27 : 260 450 40 15 0
28 : 101 270 101 36 0
29 : 80 486 60 18 0
30 : 0 518 55 15 0
31 : 273 128 60 15 1
32 : 244 128 66 15 1
33 : 270 342 24 32 0
34 : 180 342 90 36 0
35 : 110 533 51 18 0
36 : 191 306 90 36 0
37 : 0 378 90 36 0
38 : 140 486 60 18 0
39 : 90 378 90 36 0
40 : 281 234 17 16 1
41 : 259 128 59 14 1
42 : 0 198 163 15 0
43 : 101 234 101 36 0
44 : 180 378 90 36 0
45 : 162 518 52 15 0
46 : 90 414 90 36 0
47 : 60 533 50 15 0
48 : 255 486 40 15 0
49 : 55 518 54 14 0
50 : 0 270 101 36 0
51 : 180 414 90 36 0
52 : 0 234 101 36 0
53 : 0 450 90 36 0
54 : 38 580 78 78 0
55 : 90 450 90 36 0
56 : 101 306 90 36 0
57 : 209 95 80 15 0
