247 630
0 : 213 284 39 27 1
1 : 207 158 41 33 1
2 : 0 562 46 17 0
3 : 212 511 33 17 0
4 : 220 596 27 17 0
5 : 102 477 88 17 0
6 : 69 596 31 17 0
7 : 137 562 43 17 0
8 : 0 284 213 40 0
9 : 212 545 33 17 0
10 : 191 596 29 17 0
11 : 201 396 45 27 0
12 : 58 450 57 27 0
13 : 0 596 36 17 0
14 : 0 477 102 17 0
15 : 82 579 39 17 0
16 : 0 244 240 40 0
17 : 165 450 25 27 0
18 : 82 494 82 17 0
19 : 190 477 54 17 0
20 : 223 562 24 17 0
21 : 36 596 33 17 0
22 : 112 65 117 33 0
23 : 0 528 67 17 0
24 : 146 363 99 27 0
25 : 42 579 40 17 0
26 : 0 202 244 42 0
27 : 160 579 38 17 0
28 : 0 363 146 33 0
29 : 0 494 82 17 0
30 : 112 545 50 17 0
31 : 100 596 31 17 0
32 : 0 114 224 44 0
33 : 198 579 37 17 0
34 : 152 0 88 38 0
35 : 0 158 207 44 0
36 : 0 0 152 65 0
37 : 0 396 103 27 0
38 : 0 450 58 27 0
39 : 142 423 61 27 0
40 : 71 423 71 27 0
41 : 229 65 47 17 1
42 : 103 396 98 27 0
43 : 164 494 76 17 0
44 : 115 450 50 27 0
45 : 145 511 67 17 0
46 : 0 324 247 39 0
47 : 20 613 17 17 0
48 : 121 579 39 17 0
49 : 131 596 31 17 0
50 : 37 613 15 17 0
51 : 190 528 53 17 0
52 : 0 65 112 49 0
53 : 0 511 76 17 0
54 : 46 562 46 17 0
55 : 180 562 43 17 0
56 : 76 511 69 17 0
57 : 92 562 45 17 0
58 : 162 596 29 17 0
59 : 0 423 71 27 0
60 : 224 114 44 17 1
61 : 130 528 60 17 0
62 : 190 450 56 17 0
63 : 0 613 20 17 0
64 : 162 545 50 17 0
65 : 0 545 60 17 0
66 : 67 528 63 17 0
67 : 0 579 42 17 0
68 : 203 423 34 27 0
69 : 60 545 52 17 0
