1000 10589
0 : 0 0 541 745 1
1 : 341 9691 344 301 0
2 : 474 9397 413 294 0
3 : 0 10323 266 341 1
4 : 0 6489 543 388 0
5 : 0 4078 367 701 1
6 : 0 541 526 707 1
7 : 0 7225 286 706 1
8 : 0 8472 614 289 0
9 : 0 6877 348 592 1
10 : 0 3150 673 431 0
11 : 0 8761 475 362 0
12 : 0 4924 562 439 0
13 : 0 1067 530 638 1
14 : 0 5363 609 375 0
15 : 0 9123 540 274 0
16 : 0 2664 486 634 1
17 : 0 10027 272 377 1
18 : 0 7900 623 306 0
19 : 0 8206 266 714 1
20 : 0 9691 341 336 0
21 : 377 10027 340 296 0
22 : 0 4445 531 479 0
23 : 0 1597 571 589 1
24 : 0 2168 674 496 0
25 : 0 3581 560 497 0
26 : 0 7511 509 389 0
27 : 0 5738 650 332 0
28 : 0 9397 474 285 0
29 : 0 6070 419 503 1
