200 222
0 : 78 36 66 25 0
1 : 184 111 14 30 0
2 : 181 182 18 14 1
3 : 107 148 43 34 0
4 : 62 111 59 30 0
5 : 33 208 10 16 1
6 : 186 0 8 33 0
7 : 0 89 22 47 1
8 : 151 182 18 16 1
9 : 84 182 26 13 1
10 : 39 123 24 17 1
11 : 65 107 26 4 0
12 : 33 54 7 28 1
13 : 70 182 26 14 1
14 : 56 148 30 51 1
15 : 0 123 39 25 0
16 : 170 179 7 3 0
17 : 155 16 19 9 0
18 : 190 36 25 6 1
19 : 151 200 8 14 1
20 : 0 36 18 78 1
21 : 0 208 14 17 1
22 : 0 111 62 12 0
23 : 91 16 15 64 1
24 : 91 31 16 5 0
25 : 144 36 46 13 0
26 : 0 182 27 26 0
27 : 65 61 12 63 1
28 : 65 99 30 8 0
29 : 0 0 36 91 1
30 : 150 148 23 31 0
31 : 192 164 8 13 0
32 : 97 182 22 9 1
33 : 190 61 9 50 0
34 : 0 178 14 4 0
35 : 192 148 8 16 0
36 : 105 86 22 12 0
37 : 121 111 57 37 0
38 : 194 19 7 6 1
39 : 174 0 12 36 0
40 : 95 99 11 29 1
41 : 0 148 30 56 1
42 : 128 61 50 62 1
43 : 65 73 61 13 0
44 : 184 141 4 7 0
45 : 0 54 7 33 1
46 : 54 182 16 26 0
47 : 144 49 12 46 1
48 : 27 182 21 27 1
49 : 0 61 28 65 1
50 : 91 107 4 4 0
51 : 142 182 9 19 0
52 : 65 86 40 13 0
53 : 194 0 6 19 0
54 : 47 89 15 22 0
55 : 173 148 19 31 0
56 : 125 182 21 17 1
57 : 106 203 5 6 1
58 : 27 203 5 15 1
59 : 62 141 30 7 0
60 : 155 25 6 19 1
61 : 165 200 8 12 1
62 : 177 200 11 8 0
63 : 106 182 19 21 0
64 : 167 182 18 14 1
65 : 150 179 3 20 1
66 : 62 89 18 3 1
67 : 91 0 83 16 0
68 : 17 208 16 13 0
69 : 126 73 2 7 0
70 : 56 123 6 10 0
71 : 178 111 37 6 1
72 : 186 33 8 3 0
