100 32
0 : 44 19 5 4 1
1 : 82 0 3 13 1
2 : 0 0 49 3 0
3 : 95 0 3 5 1
4 : 88 19 5 5 0
5 : 87 7 3 5 0
6 : 0 22 5 5 0
7 : 85 19 3 3 0
8 : 0 3 4 10 1
9 : 57 19 3 4 0
10 : 82 3 4 11 1
11 : 32 3 3 7 1
12 : 28 19 9 8 0
13 : 49 0 7 33 1
14 : 71 22 5 5 0
15 : 96 7 5 3 1
16 : 15 19 4 5 1
17 : 5 19 5 4 0
18 : 90 7 5 3 1
19 : 0 19 3 5 1
20 : 67 7 12 5 0
21 : 71 19 3 3 0
22 : 51 19 3 4 0
23 : 77 19 3 3 0
24 : 93 7 3 5 0
25 : 84 7 5 3 1
26 : 92 12 3 5 0
27 : 93 3 3 7 1
28 : 80 19 5 5 0
29 : 67 12 5 3 0
30 : 79 15 5 3 0
31 : 10 3 3 7 1
32 : 72 12 5 3 0
33 : 0 27 3 3 0
34 : 64 19 3 4 0
35 : 10 19 5 4 0
36 : 67 19 4 4 0
37 : 37 19 3 4 0
38 : 74 19 3 3 0
39 : 17 3 4 8 1
40 : 60 19 5 4 1
41 : 72 15 5 3 0
42 : 46 3 4 3 1
43 : 34 7 12 33 1
44 : 84 12 3 5 0
45 : 60 24 3 3 0
46 : 64 23 4 4 0
47 : 67 15 3 5 1
48 : 93 19 5 5 0
49 : 23 19 5 4 0
50 : 39 3 7 3 0
51 : 87 12 5 3 0
52 : 40 19 5 4 1
53 : 95 12 5 3 1
54 : 48 19 3 4 0
55 : 20 19 3 4 0
56 : 87 15 3 5 1
57 : 37 23 3 3 0
58 : 54 19 3 4 0
59 : 25 3 7 3 0
60 : 79 7 5 8 0
61 : 0 7 34 12 0
62 : 3 27 5 5 0
