100 28
0 : 24 15 5 4 0
1 : 68 12 3 13 1
2 : 0 12 49 3 0
3 : 73 20 3 5 0
4 : 90 12 5 5 0
5 : 78 15 3 5 0
6 : 95 12 5 5 0
7 : 0 25 3 3 0
8 : 58 12 4 10 1
9 : 65 16 3 4 0
10 : 79 7 4 11 1
11 : 92 17 3 7 1
12 : 49 12 9 8 0
13 : 67 0 7 33 1
14 : 85 12 5 5 0
15 : 21 20 5 3 0
16 : 39 15 4 5 0
17 : 43 15 5 4 0
18 : 26 20 5 3 0
19 : 31 20 3 5 0
20 : 67 7 12 5 0
21 : 18 25 3 3 0
22 : 94 20 3 4 0
23 : 15 25 3 3 0
24 : 59 20 3 5 0
25 : 16 20 5 3 0
26 : 13 20 3 5 0
27 : 7 15 3 7 1
28 : 73 15 5 5 0
29 : 62 20 5 3 0
30 : 44 20 5 3 0
31 : 85 17 3 7 1
32 : 39 20 5 3 0
33 : 6 25 3 3 0
34 : 85 20 3 4 0
35 : 29 15 5 4 0
36 : 9 20 4 4 0
37 : 79 20 3 4 0
38 : 3 25 3 3 0
39 : 81 12 4 8 0
40 : 34 15 5 4 0
41 : 54 20 5 3 0
42 : 82 20 4 3 1
43 : 34 0 12 33 1
44 : 67 20 3 5 0
45 : 9 25 3 3 0
46 : 5 20 4 4 0
47 : 76 20 3 5 0
48 : 68 15 5 5 0
49 : 14 15 5 4 0
50 : 0 15 7 3 0
51 : 34 20 5 3 0
52 : 19 15 5 4 0
53 : 49 20 5 3 0
54 : 88 20 3 4 0
55 : 97 20 3 4 0
56 : 70 20 3 5 0
57 : 12 25 3 3 0
58 : 91 20 3 4 0
59 : 58 16 7 3 0
60 : 90 7 5 8 1
61 : 0 0 34 12 0
62 : 0 20 5 5 0
