70 692
0 : 0 0 43 31 0
1 : 0 31 43 31 0
2 : 0 62 43 31 0
3 : 0 93 43 31 0
4 : 0 124 41 30 0
5 : 0 154 41 30 0
6 : 0 184 39 29 0
7 : 41 124 39 29 1
8 : 0 213 39 29 0
9 : 0 242 39 29 0
10 : 39 184 38 28 1
11 : 0 271 38 28 0
12 : 39 222 38 28 1
13 : 0 299 38 28 0
14 : 43 0 37 27 1
15 : 43 37 37 27 1
16 : 43 74 37 27 1
17 : 0 327 36 26 0
18 : 38 271 36 26 1
19 : 0 353 36 26 0
20 : 0 379 36 26 0
21 : 36 327 35 25 1
22 : 0 405 35 25 0
23 : 36 362 35 25 1
24 : 35 405 34 24 0
25 : 0 430 34 24 0
26 : 34 430 34 24 0
27 : 0 454 34 24 0
28 : 34 454 23 33 1
29 : 0 478 23 33 1
30 : 33 478 23 33 1
31 : 0 501 23 33 1
32 : 33 501 32 22 0
33 : 0 524 32 22 0
34 : 32 524 32 22 0
35 : 0 546 21 31 1
36 : 31 546 21 31 1
37 : 0 567 21 31 1
38 : 41 163 18 29 1
39 : 38 307 18 29 1
40 : 31 567 18 29 1
41 : 0 588 27 17 0
42 : 27 588 27 17 0
43 : 0 605 24 15 0
44 : 24 605 24 15 0
45 : 0 620 25 16 0
46 : 25 620 25 16 0
47 : 0 636 25 16 0
48 : 25 636 25 16 0
49 : 0 652 24 15 0
50 : 50 620 14 23 0
51 : 24 652 14 23 1
52 : 47 652 14 23 1
53 : 0 667 14 23 1
54 : 48 605 12 21 1
55 : 43 111 12 21 1
56 : 23 667 12 21 1
57 : 39 260 11 19 1
58 : 44 667 11 19 1
59 : 0 681 11 19 1
60 : 19 681 11 19 1
61 : 60 567 17 9 1
