123 393
0 : 0 0 54 15 0
1 : 54 0 39 15 0
2 : 0 15 51 17 0
3 : 0 32 90 21 0
4 : 0 53 84 25 0
5 : 51 15 43 17 0
6 : 0 78 97 17 0
7 : 0 95 49 15 0
8 : 49 95 45 17 0
9 : 0 112 120 27 0
10 : 0 139 64 17 0
11 : 0 156 67 25 0
12 : 97 78 25 15 0
13 : 0 181 65 15 0
14 : 93 0 23 15 0
15 : 64 139 59 17 0
16 : 67 156 50 17 0
17 : 90 32 33 15 0
18 : 65 181 56 21 0
19 : 0 202 92 15 0
20 : 0 217 67 15 0
21 : 67 217 46 15 0
22 : 0 232 63 17 0
23 : 0 249 72 25 0
24 : 0 274 80 31 0
25 : 84 53 38 15 0
26 : 63 232 32 15 0
27 : 0 305 64 15 0
28 : 72 249 37 17 0
29 : 0 320 65 31 0
30 : 92 202 26 15 0
31 : 0 351 89 21 0
32 : 65 320 45 17 0
33 : 0 372 123 21 0
34 : 64 305 46 15 0
