100 37
0 : 26 24 5 4 1
1 : 82 0 3 13 1
2 : 0 0 49 3 0
3 : 15 19 3 5 0
4 : 70 24 5 5 0
5 : 23 19 3 5 0
6 : 86 24 5 5 0
7 : 67 24 3 3 0
8 : 83 7 4 10 0
9 : 39 24 3 4 0
10 : 79 7 4 11 0
11 : 97 7 3 7 0
12 : 10 24 9 8 0
13 : 49 0 7 33 1
14 : 0 32 5 5 0
15 : 34 19 5 3 0
16 : 0 24 4 5 1
17 : 87 19 5 4 0
18 : 26 19 5 3 0
19 : 39 19 3 5 0
20 : 67 7 12 5 0
21 : 53 24 3 3 0
22 : 33 24 3 4 0
23 : 59 24 3 3 0
24 : 31 19 3 5 0
25 : 18 19 5 3 0
26 : 76 19 3 5 0
27 : 95 0 3 7 0
28 : 62 24 5 5 0
29 : 47 19 5 3 0
30 : 42 19 5 3 0
31 : 87 7 3 7 0
32 : 55 19 5 3 0
33 : 80 24 3 3 0
34 : 46 24 3 4 0
35 : 92 19 5 4 0
36 : 49 24 4 4 0
37 : 19 24 3 4 0
38 : 56 24 3 3 0
39 : 90 7 4 8 0
40 : 42 24 5 4 1
41 : 60 19 5 3 0
42 : 84 19 4 3 1
43 : 34 7 12 33 1
44 : 65 19 3 5 0
45 : 91 24 3 3 0
46 : 94 24 4 4 0
47 : 52 19 3 5 0
48 : 75 24 5 5 0
49 : 5 24 5 4 0
50 : 0 19 7 3 0
51 : 68 19 5 3 0
52 : 22 24 5 4 1
53 : 79 19 5 3 0
54 : 30 24 3 4 0
55 : 97 19 3 4 0
56 : 73 19 3 5 0
57 : 83 24 3 3 0
58 : 36 24 3 4 0
59 : 94 7 7 3 1
60 : 7 19 5 8 1
61 : 0 7 34 12 0
62 : 5 32 5 5 0
