135 395
0 : 95 327 29 18 0
1 : 0 291 49 16 0
2 : 0 345 29 16 0
3 : 0 86 75 21 0
4 : 27 363 23 16 0
5 : 0 36 88 16 0
6 : 0 205 57 18 0
7 : 93 16 42 21 0
8 : 0 307 45 16 0
9 : 62 187 61 18 0
10 : 101 273 29 20 0
11 : 0 161 67 26 0
12 : 53 257 52 16 0
13 : 0 16 93 20 0
14 : 50 363 22 16 0
15 : 110 363 19 16 0
16 : 84 307 36 20 0
17 : 57 205 55 16 0
18 : 0 0 135 16 0
19 : 51 273 50 18 0
20 : 35 327 31 16 0
21 : 0 257 53 16 0
22 : 112 205 22 18 0
23 : 0 187 62 18 0
24 : 76 68 58 21 0
25 : 0 145 71 16 0
26 : 49 291 45 16 0
27 : 0 52 85 16 0
28 : 45 307 39 16 0
29 : 94 291 40 18 0
30 : 114 345 20 21 1
31 : 71 145 63 16 0
32 : 0 273 51 18 0
33 : 71 127 63 18 0
34 : 29 345 29 16 0
35 : 0 107 73 20 0
36 : 72 363 19 16 0
37 : 58 345 29 16 0
38 : 88 36 47 20 0
39 : 66 327 29 18 0
40 : 85 52 50 21 0
41 : 107 223 34 22 1
42 : 0 223 54 20 0
43 : 73 107 62 20 0
44 : 105 257 30 21 0
45 : 87 345 27 18 0
46 : 0 379 16 16 0
47 : 91 363 19 16 0
48 : 0 363 27 16 0
49 : 67 161 66 18 0
50 : 54 223 53 34 0
51 : 0 68 76 18 0
52 : 0 127 71 18 0
53 : 75 86 58 20 0
54 : 0 327 35 16 0
