135 479
0 : 0 0 29 18 0
1 : 29 0 49 16 0
2 : 78 0 29 16 0
3 : 0 18 75 21 0
4 : 75 18 23 16 0
5 : 0 39 88 16 0
6 : 0 55 57 18 0
7 : 57 55 42 21 0
8 : 0 76 45 16 0
9 : 45 76 61 18 0
10 : 106 76 29 20 0
11 : 0 96 67 26 0
12 : 67 96 52 16 0
13 : 0 122 93 20 0
14 : 93 122 22 16 0
15 : 115 122 19 16 1
16 : 0 142 36 20 0
17 : 36 142 55 16 0
18 : 0 162 135 16 0
19 : 0 178 50 18 0
20 : 50 178 31 16 0
21 : 81 178 53 16 0
22 : 0 196 22 18 0
23 : 22 196 62 18 0
24 : 0 214 58 21 0
25 : 58 214 71 16 0
26 : 0 235 45 16 0
27 : 45 235 85 16 0
28 : 0 251 39 16 0
29 : 39 251 40 18 0
30 : 79 251 20 21 1
31 : 0 271 63 16 0
32 : 63 271 51 18 0
33 : 0 289 63 18 0
34 : 63 289 29 16 0
35 : 0 307 73 20 0
36 : 73 307 19 16 1
37 : 89 307 29 16 0
38 : 0 327 47 20 0
39 : 47 327 29 18 0
40 : 76 327 50 21 0
41 : 0 348 34 22 0
42 : 34 348 54 20 0
43 : 0 370 62 20 0
44 : 62 370 30 21 0
45 : 92 370 27 18 0
46 : 119 370 16 16 0
47 : 0 391 19 16 0
48 : 19 391 27 16 0
49 : 46 391 66 18 0
50 : 0 409 53 34 0
51 : 53 409 76 18 0
52 : 0 443 71 18 0
53 : 71 443 58 20 0
54 : 0 463 35 16 0
