1000 1285
0 : 795 1065 66 61 0
1 : 938 763 62 48 0
2 : 777 681 62 46 0
3 : 778 604 61 43 0
4 : 163 462 39 62 1
5 : 0 462 38 61 1
6 : 415 118 30 71 1
7 : 741 567 56 37 0
8 : 694 811 52 39 0
9 : 797 567 36 55 1
10 : 869 23 74 27 0
11 : 69 1126 42 47 1
12 : 50 310 61 32 0
13 : 515 369 58 32 0
14 : 753 727 51 36 0
15 : 626 1065 46 40 0
16 : 239 0 79 23 0
17 : 678 920 48 38 0
18 : 160 0 79 23 0
19 : 493 280 30 60 1
20 : 0 0 22 81 1
21 : 645 811 36 49 1
22 : 384 50 25 71 1
23 : 138 23 73 24 0
24 : 458 369 57 31 0
25 : 797 23 72 25 0
26 : 845 727 50 35 0
27 : 621 401 56 31 0
28 : 425 501 33 54 1
29 : 527 1026 39 46 1
30 : 591 199 28 63 1
31 : 396 0 77 23 0
32 : 513 1168 43 40 0
33 : 871 811 36 48 1
34 : 186 401 56 31 0
35 : 931 647 51 34 0
36 : 719 462 54 32 0
37 : 481 1126 44 40 0
38 : 605 920 37 47 1
39 : 789 647 51 34 0
40 : 771 850 48 36 0
41 : 511 534 53 33 0
42 : 382 1065 39 45 1
43 : 306 681 34 50 1
44 : 318 0 22 78 1
45 : 690 604 51 33 0
46 : 414 310 29 58 1
47 : 763 0 73 23 0
48 : 690 0 23 73 1
49 : 750 989 37 45 1
50 : 904 0 73 23 0
51 : 0 1208 42 40 0
52 : 701 148 26 64 1
53 : 61 462 31 54 1
54 : 211 23 23 72 1
55 : 81 0 79 21 0
56 : 36 850 35 47 1
57 : 41 681 33 50 1
58 : 471 1168 39 42 1
59 : 881 647 33 50 1
60 : 187 432 54 30 0
61 : 269 253 60 27 0
62 : 521 811 47 34 0
63 : 547 0 22 73 1
64 : 93 727 49 33 0
65 : 552 1065 37 43 1
66 : 861 462 30 52 1
67 : 309 75 67 23 0
68 : 45 920 35 45 1
69 : 333 174 62 25 0
70 : 57 148 24 64 1
71 : 0 920 35 45 1
72 : 379 1026 36 43 1
73 : 878 227 26 59 1
74 : 336 1026 43 36 0
75 : 441 75 67 23 0
76 : 666 886 34 45 1
77 : 121 148 64 24 0
78 : 0 727 32 48 1
79 : 374 501 30 51 1
80 : 864 681 32 48 1
81 : 830 174 25 61 1
82 : 0 342 55 27 0
83 : 623 369 54 28 0
84 : 475 811 33 46 1
85 : 741 647 31 48 1
86 : 819 850 45 33 0
87 : 0 501 51 29 0
88 : 37 989 43 35 0
89 : 473 0 74 20 0
90 : 324 501 50 29 0
91 : 401 1168 40 37 0
92 : 199 227 25 59 1
93 : 227 727 31 47 1
94 : 513 604 30 48 1
95 : 121 763 46 31 0
96 : 356 1208 37 39 0
97 : 418 1208 37 39 0
98 : 659 118 63 22 0
99 : 385 989 34 42 1
100 : 207 310 26 55 1
101 : 630 763 31 45 1
102 : 455 50 67 21 0
103 : 51 174 23 61 1
104 : 262 199 23 59 1
105 : 181 727 46 30 0
106 : 185 148 62 22 0
107 : 810 310 26 54 1
108 : 335 1168 36 39 1
109 : 771 174 59 23 0
110 : 69 23 69 20 0
111 : 677 401 51 27 0
112 : 431 811 31 44 1
113 : 828 501 28 49 1
114 : 583 1248 37 37 0
115 : 197 1026 34 41 1
116 : 387 811 31 44 1
117 : 275 501 49 28 0
118 : 376 75 65 21 0
119 : 283 23 20 68 1
120 : 559 1208 36 38 0
121 : 654 280 55 25 0
122 : 195 280 24 55 1
123 : 133 1026 33 40 1
124 : 620 0 70 19 0
125 : 574 681 29 45 1
126 : 83 850 31 43 1
127 : 258 227 57 23 0
128 : 857 369 52 26 0
129 : 48 727 45 29 0
130 : 318 50 20 66 1
131 : 315 227 23 57 1
132 : 958 681 45 29 1
133 : 407 369 51 25 0
134 : 863 342 25 52 1
135 : 121 98 20 63 1
136 : 0 23 69 19 0
137 : 934 727 44 29 0
138 : 602 604 28 46 1
139 : 0 253 23 56 1
140 : 372 647 28 45 1
141 : 912 401 26 50 1
142 : 191 1168 37 34 0
143 : 120 75 65 20 0
144 : 222 604 28 46 1
145 : 63 50 65 19 0
146 : 213 253 56 23 0
147 : 0 604 46 27 0
148 : 80 647 28 45 1
149 : 340 534 47 27 0
150 : 297 1090 38 33 0
151 : 35 647 45 28 0
152 : 707 50 64 19 0
153 : 714 310 24 52 1
154 : 836 0 18 68 1
155 : 262 958 40 31 0
156 : 88 604 46 27 0
157 : 0 118 20 61 1
158 : 873 1026 32 38 0
159 : 157 342 52 24 0
160 : 905 1026 38 32 1
161 : 931 1168 34 36 0
162 : 711 886 30 41 1
163 : 657 647 44 27 0
164 : 463 989 31 39 1
165 : 778 118 20 61 1
166 : 132 1168 33 36 1
167 : 734 501 26 47 1
168 : 460 432 48 25 0
169 : 164 1093 32 37 1
170 : 929 75 62 19 0
171 : 409 958 31 40 1
172 : 654 681 28 44 1
173 : 115 462 48 25 0
174 : 246 75 19 63 1
175 : 781 501 47 26 0
176 : 509 920 40 30 0
177 : 687 534 46 26 0
178 : 96 1168 36 33 0
179 : 855 886 40 30 0
180 : 476 148 20 59 1
181 : 783 1208 34 35 0
182 : 861 1065 37 32 1
183 : 396 727 28 43 1
184 : 60 1168 33 36 1
185 : 425 534 26 46 1
186 : 167 174 21 58 1
187 : 0 886 29 41 1
188 : 290 401 24 49 1
189 : 720 1126 33 37 0
190 : 763 1065 32 37 0
191 : 731 1065 37 32 1
192 : 481 199 56 21 0
193 : 542 23 65 18 0
194 : 106 342 23 51 1
195 : 55 342 23 51 1
196 : 449 958 30 39 1
197 : 573 369 50 24 0
198 : 853 280 52 23 0
199 : 699 1065 37 32 1
200 : 570 310 51 23 0
201 : 374 681 27 43 1
202 : 488 958 30 39 1
203 : 775 401 48 24 0
204 : 373 199 56 21 0
205 : 627 462 25 47 1
206 : 479 401 24 49 1
207 : 876 989 38 31 0
208 : 884 98 19 61 1
209 : 811 1168 33 35 0
210 : 535 148 59 20 0
211 : 96 501 25 47 1
212 : 595 1065 31 37 0
213 : 220 681 27 43 1
214 : 213 534 25 45 1
215 : 128 50 18 64 1
216 : 177 681 27 43 1
217 : 134 681 27 43 1
218 : 688 1126 36 32 1
219 : 527 958 30 39 1
220 : 61 118 60 19 0
221 : 0 432 24 48 1
222 : 91 681 27 43 1
223 : 425 98 61 19 0
224 : 543 118 60 19 0
225 : 940 886 29 39 1
226 : 566 958 30 39 1
227 : 508 432 24 47 1
228 : 178 604 26 44 1
229 : 134 604 26 44 1
230 : 355 118 60 19 0
231 : 0 369 50 23 0
232 : 665 174 56 20 0
233 : 263 681 43 27 0
234 : 90 920 29 39 1
235 : 276 174 57 20 0
236 : 351 23 65 17 0
237 : 732 253 21 53 1
238 : 313 310 51 22 0
239 : 522 50 18 64 1
240 : 413 432 47 24 0
241 : 262 310 51 22 0
242 : 832 50 63 18 0
243 : 795 1026 30 37 0
244 : 311 462 24 46 1
245 : 968 604 26 43 0
246 : 311 1126 31 36 0
247 : 339 401 48 23 0
248 : 357 462 46 24 0
249 : 121 118 19 60 1
250 : 116 1126 31 36 0
251 : 33 1126 31 36 1
252 : 612 850 28 40 1
253 : 403 462 46 24 0
254 : 418 148 58 19 0
255 : 924 604 26 43 0
256 : 0 763 27 42 1
257 : 0 98 18 61 1
258 : 376 850 40 28 0
259 : 633 1026 30 37 0
260 : 201 850 28 40 1
261 : 493 462 46 24 0
262 : 159 253 54 21 0
263 : 247 647 26 43 1
264 : 58 1248 33 34 1
265 : 812 1126 35 32 1
266 : 133 1090 36 31 1
267 : 130 567 25 44 1
268 : 603 1026 30 37 0
269 : 859 763 27 41 1
270 : 140 432 23 47 1
271 : 670 23 64 17 0
272 : 125 647 26 43 1
273 : 255 50 17 63 1
274 : 434 763 27 41 1
275 : 940 534 44 25 0
276 : 304 148 58 19 0
277 : 465 1248 33 33 0
278 : 0 567 44 25 0
279 : 629 342 49 22 0
280 : 648 958 29 38 1
281 : 909 310 50 22 0
282 : 603 280 51 21 0
283 : 422 1026 30 37 1
284 : 893 1065 31 36 0
285 : 573 1026 30 37 0
286 : 364 98 18 61 1
287 : 650 501 24 45 1
288 : 310 604 25 43 1
289 : 193 811 40 27 0
290 : 912 681 26 42 0
291 : 702 199 20 55 1
292 : 153 811 40 27 0
293 : 965 1026 30 36 0
294 : 868 1168 34 32 1
295 : 502 989 29 37 1
296 : 627 886 39 28 0
297 : 242 401 48 23 0
298 : 619 1208 32 33 0
299 : 35 811 40 27 0
300 : 143 501 24 45 1
301 : 258 534 24 44 1
302 : 48 432 23 47 1
303 : 820 989 29 37 0
304 : 570 227 20 53 1
305 : 573 850 27 39 1
306 : 447 174 19 56 1
307 : 522 501 45 24 0
308 : 326 989 37 29 0
309 : 656 98 18 60 1
310 : 97 1065 30 36 1
311 : 575 989 37 29 0
312 : 128 534 24 44 1
313 : 474 850 27 39 1
314 : 671 727 26 41 1
315 : 774 432 23 46 1
316 : 820 432 46 23 0
317 : 359 369 48 22 0
318 : 569 75 61 17 0
319 : 508 75 61 17 0
320 : 51 501 23 45 1
321 : 804 727 26 41 1
322 : 728 401 23 47 1
323 : 0 310 50 21 0
324 : 263 850 39 27 0
325 : 520 310 50 21 0
326 : 426 253 52 20 0
327 : 530 253 52 20 0
328 : 192 50 17 63 1
329 : 243 989 37 29 0
330 : 304 98 17 60 1
331 : 184 98 17 60 1
332 : 126 850 27 39 1
333 : 181 118 18 59 1
334 : 595 432 23 46 1
335 : 146 1248 32 33 0
336 : 643 534 24 44 1
337 : 816 462 23 45 1
338 : 712 727 26 41 1
339 : 147 1126 30 35 0
340 : 364 310 50 21 0
341 : 26 1168 34 31 0
342 : 938 253 52 20 0
343 : 97 1026 36 29 0
344 : 274 727 41 25 0
345 : 652 850 27 39 1
346 : 674 462 23 45 1
347 : 309 811 26 39 1
348 : 342 1126 30 35 0
349 : 451 1126 35 30 1
350 : 44 567 24 43 1
351 : 686 958 37 28 0
352 : 896 118 18 58 1
353 : 475 763 26 40 1
354 : 492 886 27 38 1
355 : 87 567 24 43 1
356 : 842 1208 32 33 0
357 : 84 534 24 44 1
358 : 610 174 19 55 1
359 : 723 958 37 28 0
360 : 240 118 18 59 1
361 : 722 227 53 20 0
362 : 760 958 28 37 1
363 : 817 958 28 37 1
364 : 574 401 22 47 1
365 : 251 886 27 38 1
366 : 319 763 40 26 0
367 : 537 199 19 54 1
368 : 61 98 60 17 0
369 : 746 811 26 39 0
370 : 539 989 28 36 1
371 : 290 647 42 25 0
372 : 445 342 21 48 1
373 : 854 958 28 37 1
374 : 265 1026 29 36 1
375 : 216 567 43 24 0
376 : 944 958 37 28 0
377 : 891 174 55 19 0
378 : 241 432 22 46 1
379 : 102 989 28 36 1
380 : 107 253 52 19 0
381 : 75 811 26 39 1
382 : 296 1208 31 33 0
383 : 114 811 26 39 1
384 : 0 989 37 28 0
385 : 416 23 63 16 0
386 : 387 401 47 22 0
387 : 836 253 52 20 0
388 : 809 75 17 61 1
389 : 862 604 24 42 0
390 : 457 681 25 41 1
391 : 900 1168 33 31 1
392 : 376 1248 32 32 0
393 : 503 174 18 55 1
394 : 28 1065 35 29 0
395 : 809 199 53 19 0
396 : 315 727 25 41 1
397 : 479 23 63 16 0
398 : 433 1248 32 32 0
399 : 244 98 17 60 1
400 : 332 920 37 27 0
401 : 394 920 27 37 1
402 : 705 1168 30 33 0
403 : 259 567 43 24 0
404 : 658 1126 34 30 1
405 : 839 681 25 41 0
406 : 478 253 52 20 0
407 : 42 1208 33 31 1
408 : 646 1168 33 30 1
409 : 345 280 50 20 0
410 : 356 727 25 40 1
411 : 98 1208 33 31 1
412 : 389 886 38 27 0
413 : 553 280 20 50 1
414 : 729 432 45 22 0
415 : 498 1248 32 32 0
416 : 348 811 26 39 1
417 : 648 604 42 24 0
418 : 734 23 63 16 0
419 : 50 369 48 21 0
420 : 185 75 16 61 1
421 : 416 850 38 26 0
422 : 498 681 25 41 1
423 : 639 989 28 36 1
424 : 568 811 26 39 1
425 : 372 227 19 53 1
426 : 0 50 63 16 0
427 : 877 501 23 44 1
428 : 677 369 21 47 1
429 : 129 920 37 27 0
430 : 226 920 37 27 0
431 : 282 1126 29 34 0
432 : 138 989 28 36 1
433 : 81 763 25 40 1
434 : 782 1126 30 34 0
435 : 427 989 36 28 0
436 : 776 534 23 43 1
437 : 752 920 36 27 1
438 : 810 369 21 47 1
439 : 268 604 24 42 1
440 : 771 50 16 61 1
441 : 820 763 25 39 1
442 : 895 50 61 16 0
443 : 798 811 38 26 1
444 : 231 501 23 44 1
445 : 616 1168 30 33 0
446 : 607 23 63 16 0
447 : 690 75 60 16 0
448 : 586 1168 30 33 0
449 : 528 401 46 21 0
450 : 92 401 21 47 1
451 : 684 432 22 45 1
452 : 166 920 27 37 1
453 : 302 567 23 42 1
454 : 102 199 18 54 1
455 : 905 280 49 20 0
456 : 350 342 20 48 1
457 : 139 401 21 47 1
458 : 301 1026 28 35 1
459 : 456 647 24 41 1
460 : 497 647 41 24 0
461 : 733 534 43 23 0
462 : 0 401 21 47 1
463 : 795 886 27 37 1
464 : 785 253 19 51 1
465 : 775 227 19 52 1
466 : 698 681 24 40 1
467 : 29 1026 28 35 1
468 : 181 1208 32 30 1
469 : 556 1168 30 33 0
470 : 344 567 23 42 1
471 : 633 253 19 51 1
472 : 840 647 41 24 0
473 : 824 920 27 36 0
474 : 942 989 28 35 0
475 : 206 763 25 39 1
476 : 0 681 41 24 0
477 : 167 763 25 39 1
478 : 362 148 56 17 0
479 : 465 567 23 42 1
480 : 872 148 17 55 1
481 : 441 1168 30 33 0
482 : 646 148 17 55 1
483 : 870 75 16 59 1
484 : 46 604 23 42 1
485 : 208 199 54 18 0
486 : 772 811 26 38 0
487 : 582 253 51 19 0
488 : 956 462 44 22 0
489 : 646 50 61 16 0
490 : 583 462 44 22 0
491 : 524 1065 28 34 0
492 : 174 567 23 42 1
493 : 359 763 25 39 1
494 : 179 886 37 26 0
495 : 647 1248 31 31 0
496 : 630 75 16 60 1
497 : 472 604 23 41 1
498 : 255 342 48 20 0
499 : 914 989 28 35 0
500 : 237 1208 30 32 0
501 : 417 681 40 24 0
502 : 0 227 52 18 0
503 : 839 118 57 17 0
504 : 591 763 25 39 1
505 : 386 567 23 42 1
506 : 95 432 21 45 1
507 : 395 280 49 19 0
508 : 231 1248 31 30 1
509 : 449 462 22 44 1
510 : 390 604 23 41 1
511 : 271 811 38 25 0
512 : 233 811 25 38 1
513 : 0 148 57 17 0
514 : 431 920 26 36 1
515 : 229 1126 28 33 0
516 : 431 604 23 41 1
517 : 48 280 50 19 0
518 : 698 989 27 35 0
519 : 612 989 27 35 0
520 : 42 763 24 39 1
521 : 937 1026 28 34 0
522 : 247 148 17 57 1
523 : 493 342 20 47 1
524 : 726 920 26 36 0
525 : 864 850 37 25 0
526 : 539 462 22 44 1
527 : 839 604 41 23 1
528 : 593 727 39 24 0
529 : 112 174 17 55 1
530 : 245 786 25 38 1
531 : 250 280 50 19 0
532 : 827 227 18 51 1
533 : 629 1126 29 33 0
534 : 92 1248 31 30 1
535 : 753 1126 29 33 0
536 : 345 1248 31 31 0
537 : 98 280 50 19 0
538 : 444 280 49 19 0
539 : 944 1126 32 29 1
540 : 478 727 24 39 1
541 : 607 501 22 43 1
542 : 823 401 45 21 0
543 : 186 1065 34 28 0
544 : 725 342 47 20 0
545 : 898 534 22 42 1
546 : 856 534 22 42 1
547 : 607 811 25 38 1
548 : 765 148 17 55 1
549 : 909 369 20 46 1
550 : 632 727 39 24 0
551 : 42 534 22 42 1
552 : 267 369 20 46 1
553 : 912 199 52 18 0
554 : 261 1248 30 31 0
555 : 238 1026 34 27 1
556 : 63 1065 34 28 0
557 : 734 850 37 25 0
558 : 450 1065 28 34 0
559 : 472 310 48 19 0
560 : 561 604 23 41 1
561 : 228 1168 29 32 0
562 : 76 886 37 25 0
563 : 678 342 47 20 0
564 : 369 432 21 44 1
565 : 486 118 57 16 0
566 : 0 1126 28 33 1
567 : 517 727 39 24 0
568 : 577 647 40 23 0
569 : 97 1095 28 33 1
570 : 676 1168 29 32 0
571 : 540 342 47 20 0
572 : 921 850 25 37 1
573 : 216 989 35 27 1
574 : 332 647 23 40 1
575 : 895 727 24 39 1
576 : 0 75 15 60 1
577 : 652 920 26 36 0
578 : 31 958 26 35 1
579 : 705 1026 27 34 0
580 : 66 958 26 35 1
581 : 757 199 52 18 0
582 : 586 50 60 15 0
583 : 900 763 38 24 0
584 : 709 763 38 24 0
585 : 553 763 38 24 0
586 : 844 1126 29 32 0
587 : 434 401 45 20 0
588 : 56 253 18 51 1
589 : 188 501 22 43 1
590 : 60 75 60 15 0
591 : 755 280 49 19 0
592 : 888 253 18 50 1
593 : 923 1208 31 30 1
594 : 958 850 25 37 1
595 : 515 763 38 24 0
596 : 479 501 43 22 0
597 : 617 647 40 23 0
598 : 816 342 20 47 1
599 : 671 227 51 18 0
600 : 536 850 37 25 0
601 : 439 727 39 24 0
602 : 569 920 26 36 1
603 : 302 850 25 37 1
604 : 747 763 24 38 1
605 : 672 1065 33 27 1
606 : 283 1168 29 32 0
607 : 398 342 20 47 1
608 : 942 811 25 37 0
609 : 934 567 22 41 1
610 : 651 1208 31 30 1
611 : 131 958 35 26 0
612 : 738 681 23 39 1
613 : 159 310 19 48 1
614 : 267 462 21 44 1
615 : 804 280 49 19 0
616 : 701 647 23 40 1
617 : 750 75 15 59 1
618 : 849 989 27 34 0
619 : 168 647 23 40 1
620 : 196 958 26 35 1
621 : 913 462 21 43 1
622 : 111 310 19 48 1
623 : 327 1208 31 29 1
624 : 267 1208 31 29 1
625 : 898 920 26 35 0
626 : 773 462 43 21 0
627 : 52 227 52 18 0
628 : 339 850 25 37 1
629 : 744 787 37 24 0
630 : 893 567 41 22 0
631 : 28 1094 33 28 0
632 : 525 1126 28 32 0
633 : 313 369 20 46 1
634 : 852 567 41 22 0
635 : 868 401 44 20 0
636 : 824 811 25 37 0
637 : 667 310 19 47 1
638 : 846 1026 27 33 0
639 : 602 534 41 21 0
640 : 515 787 37 24 0
641 : 303 342 47 19 0
642 : 142 727 39 23 0
643 : 220 1091 27 32 0
644 : 287 920 35 25 1
645 : 300 989 26 34 0
646 : 0 534 42 21 0
647 : 0 1087 27 32 0
648 : 165 850 36 24 0
649 : 63 1093 27 32 0
650 : 924 1096 32 27 0
651 : 208 647 22 39 1
652 : 641 432 20 43 1
653 : 759 1168 30 28 1
654 : 177 1126 32 27 1
655 : 425 227 50 17 0
656 : 172 534 21 41 1
657 : 921 501 42 21 0
658 : 558 174 52 16 0
659 : 429 199 17 52 1
660 : 369 920 35 25 1
661 : 47 401 19 45 1
662 : 0 1248 29 30 1
663 : 417 647 22 39 1
664 : 64 1026 33 26 0
665 : 372 1126 27 32 0
666 : 399 1126 32 27 1
667 : 530 1248 29 29 0
668 : 507 567 21 40 1
669 : 0 850 36 24 0
670 : 322 886 35 24 0
671 : 282 763 23 37 1
672 : 538 647 22 39 1
673 : 376 253 17 50 1
674 : 245 763 23 37 1
675 : 220 1065 26 32 1
676 : 547 567 40 21 0
677 : 820 788 36 23 0
678 : 552 787 23 36 1
679 : 156 199 16 52 1
680 : 216 886 35 24 0
681 : 263 920 24 34 0
682 : 621 310 18 46 1
683 : 542 98 57 15 0
684 : 201 788 35 23 0
685 : 599 98 57 15 0
686 : 624 567 40 21 0
687 : 916 886 24 34 0
688 : 153 1208 28 30 0
689 : 41 886 23 35 1
690 : 50 199 52 16 0
691 : 603 118 56 15 0
692 : 209 342 46 18 0
693 : 455 1208 30 28 1
694 : 30 1248 28 29 0
695 : 0 280 17 48 1
696 : 299 133 15 55 1
697 : 321 199 52 16 0
698 : 943 23 57 14 0
699 : 828 98 56 14 0
700 : 722 118 15 56 1
701 : 81 788 23 36 1
702 : 299 118 56 15 0
703 : 862 199 16 50 1
704 : 725 989 25 33 0
705 : 556 727 37 22 0
706 : 42 787 36 23 0
707 : 795 989 33 25 1
708 : 924 1065 31 26 1
709 : 919 811 35 23 1
710 : 398 763 36 22 0
711 : 711 850 23 35 0
712 : 911 958 24 33 1
713 : 395 174 52 15 0
714 : 553 1126 26 30 0
715 : 513 850 35 23 1
716 : 772 98 56 14 0
717 : 374 1168 30 27 1
718 : 471 534 20 40 1
719 : 851 920 33 24 1
720 : 766 369 44 18 0
721 : 950 1065 31 26 1
722 : 907 432 42 19 0
723 : 716 98 56 14 0
724 : 900 787 36 22 0
725 : 664 567 20 39 1
726 : 133 1065 31 25 0
727 : 486 98 14 56 1
728 : 785 784 22 35 1
729 : 457 706 21 36 1
730 : 507 1208 27 29 0
731 : 945 98 53 15 0
732 : 709 787 35 22 0
733 : 225 462 42 19 0
734 : 178 1248 27 28 0
735 : 241 850 34 22 1
736 : 297 1065 31 25 0
737 : 493 706 21 36 1
738 : 328 1065 31 25 0
739 : 684 253 16 48 1
740 : 864 310 17 45 1
741 : 706 1208 28 27 1
742 : 257 1168 29 26 1
743 : 204 1126 30 25 1
744 : 257 1126 25 30 0
745 : 203 920 33 23 1
746 : 904 604 37 20 1
747 : 291 1248 27 28 0
748 : 967 811 22 34 0
749 : 0 811 21 35 1
750 : 849 811 34 22 1
751 : 426 1126 25 30 0
752 : 832 886 33 23 1
753 : 953 1208 27 28 0
754 : 113 886 34 22 0
755 : 390 627 37 20 0
756 : 875 920 23 32 0
757 : 709 280 16 46 1
758 : 318 1248 27 27 0
759 : 924 920 23 32 0
760 : 427 627 20 37 1
761 : 148 280 16 47 1
762 : 594 886 22 33 1
763 : 567 501 40 19 0
764 : 522 227 48 15 0
765 : 323 958 32 23 0
766 : 377 958 32 23 0
767 : 594 148 52 14 0
768 : 289 886 22 33 1
769 : 820 148 14 52 1
770 : 225 174 14 51 1
771 : 738 704 36 20 0
772 : 772 342 44 17 0
773 : 183 384 42 17 0
774 : 937 227 48 15 0
775 : 604 1126 29 25 1
776 : 434 790 34 21 0
777 : 866 432 18 41 1
778 : 328 432 18 41 1
779 : 173 1026 24 31 0
780 : 603 133 53 14 0
781 : 530 886 33 22 0
782 : 267 483 40 18 0
783 : 620 1248 27 27 0
784 : 703 567 38 19 0
785 : 801 920 32 23 1
786 : 675 783 34 21 0
787 : 486 134 52 14 0
788 : 859 790 21 34 1
789 : 459 886 22 33 1
790 : 0 790 21 34 1
791 : 947 920 32 23 1
792 : 773 886 22 32 0
793 : 478 1065 30 24 1
794 : 959 310 17 41 1
795 : 0 199 14 50 1
796 : 785 763 35 21 0
797 : 579 1126 25 29 0
798 : 954 132 46 15 0
799 : 938 681 20 36 0
800 : 211 1208 28 26 1
801 : 167 788 34 21 0
802 : 741 604 19 37 1
803 : 302 534 18 38 1
804 : 695 501 18 39 1
805 : 481 1026 23 30 0
806 : 623 227 15 48 1
807 : 287 432 17 41 1
808 : 605 958 31 22 1
809 : 946 174 50 14 0
810 : 675 763 34 20 0
811 : 141 384 17 42 1
812 : 722 133 52 13 0
813 : 675 989 31 23 1
814 : 225 384 41 17 0
815 : 539 700 20 35 1
816 : 427 886 21 32 1
817 : 353 604 37 19 0
818 : 555 432 40 17 0
819 : 721 174 14 50 1
820 : 779 920 31 22 1
821 : 766 310 16 44 1
822 : 957 342 16 43 1
823 : 98 369 16 43 1
824 : 672 1098 24 28 0
825 : 205 1248 26 27 0
826 : 861 1102 29 24 0
827 : 754 1102 28 24 0
828 : 678 1248 26 26 0
829 : 0 705 20 35 1
830 : 552 1102 24 28 1
831 : 943 37 13 52 1
832 : 0 174 13 51 1
833 : 428 567 18 37 1
834 : 0 958 22 31 1
835 : 724 369 16 42 1
836 : 268 628 19 36 1
837 : 954 280 15 44 1
838 : 357 886 32 21 0
839 : 231 958 31 22 0
840 : 464 627 19 35 1
841 : 504 1026 30 23 1
842 : 475 227 47 14 0
843 : 427 1065 23 29 0
844 : 534 1208 27 25 1
845 : 355 958 31 22 1
846 : 587 567 18 37 1
847 : 654 212 48 14 0
848 : 955 385 41 16 0
849 : 580 1102 28 24 0
850 : 387 534 18 38 1
851 : 773 483 17 39 1
852 : 393 1208 27 25 1
853 : 741 623 36 19 0
854 : 726 1102 28 24 0
855 : 329 253 14 47 1
856 : 147 886 21 32 1
857 : 927 161 50 13 0
858 : 564 534 38 18 0
859 : 450 1099 28 24 0
860 : 524 1099 28 24 0
861 : 0 213 14 48 1
862 : 724 385 16 42 1
863 : 104 227 14 48 1
864 : 766 326 15 43 1
865 : 976 1065 24 28 0
866 : 467 920 31 21 1
867 : 488 920 31 21 1
868 : 954 118 14 46 1
869 : 758 1208 25 26 0
870 : 283 786 33 20 0
871 : 735 1168 24 27 0
872 : 681 1208 26 25 1
873 : 359 1065 29 23 1
874 : 886 604 36 18 1
875 : 417 705 34 19 0
876 : 955 369 42 16 0
877 : 478 1095 28 23 1
878 : 252 1065 23 29 0
879 : 359 788 20 33 1
880 : 73 1208 27 25 1
881 : 873 1126 27 24 1
882 : 752 886 31 21 1
883 : 698 705 34 19 0
884 : 398 785 20 33 1
885 : 897 1126 27 24 1
886 : 619 681 35 19 0
887 : 80 989 30 22 1
888 : 300 294 15 44 1
889 : 363 989 22 30 0
890 : 591 788 33 20 0
891 : 539 681 35 19 0
892 : 587 342 15 42 1
893 : 817 1208 26 25 1
894 : 166 958 21 30 1
895 : 733 1208 25 26 0
896 : 973 1126 27 24 1
897 : 252 1094 28 23 1
898 : 98 385 16 39 1
899 : 927 148 13 51 1
900 : 839 135 13 51 1
901 : 302 958 30 21 1
902 : 864 327 43 15 0
903 : 300 280 14 45 1
904 : 895 886 31 21 1
905 : 956 50 44 15 0
906 : 561 627 18 35 1
907 : 976 1093 27 23 1
908 : 0 647 18 35 1
909 : 965 1168 24 26 0
910 : 129 1208 24 26 0
911 : 970 989 22 29 0
912 : 893 1101 23 28 1
913 : 975 567 36 18 1
914 : 950 604 35 18 1
915 : 901 850 32 20 1
916 : 627 958 21 30 0
917 : 459 1026 29 22 1
918 : 275 1065 28 22 1
919 : 898 1208 25 26 0
920 : 91 708 33 19 0
921 : 0 1026 29 22 0
922 : 483 1208 24 26 0
923 : 124 708 19 33 1
924 : 502 1065 28 22 1
925 : 619 700 34 19 0
926 : 563 886 31 20 0
927 : 699 1102 23 27 1
928 : 648 628 35 18 0
929 : 595 1208 26 24 1
930 : 787 1168 24 26 0
931 : 449 484 17 38 1
932 : 844 1168 24 26 0
933 : 915 342 15 42 1
934 : 963 501 37 17 0
935 : 427 1094 27 23 1
936 : 141 369 15 42 1
937 : 949 432 16 39 1
938 : 539 484 37 17 0
939 : 335 1090 23 27 0
940 : 225 481 38 16 0
941 : 183 369 42 15 0
942 : 0 1065 28 22 0
943 : 152 227 13 47 1
944 : 454 850 20 32 0
945 : 408 1248 25 25 0
946 : 356 681 34 18 1
947 : 319 789 32 19 0
948 : 225 369 15 42 1
949 : 970 920 30 21 1
950 : 954 295 15 42 1
951 : 475 789 32 19 0
952 : 913 483 38 16 0
953 : 101 958 30 21 0
954 : 654 199 48 13 0
955 : 576 484 37 17 0
956 : 164 1065 28 22 1
957 : 691 850 32 20 1
958 : 964 199 36 17 0
959 : 819 534 37 17 0
960 : 157 708 19 33 1
961 : 979 886 20 30 0
962 : 195 989 29 21 1
963 : 122 1248 25 24 1
964 : 921 1126 23 26 0
965 : 978 727 18 33 0
966 : 428 585 36 17 0
967 : 663 1026 21 28 0
968 : 0 1168 26 23 0
969 : 874 1208 25 24 1
970 : 956 484 37 16 0
971 : 587 585 36 17 0
972 : 312 920 20 30 0
973 : 310 629 18 34 1
974 : 168 1168 23 26 0
975 : 684 1026 21 28 0
976 : 982 647 34 18 1
977 : 962 401 38 16 0
978 : 703 586 17 36 1
979 : 174 989 29 21 1
980 : 312 1168 26 23 1
981 : 664 587 17 34 1
982 : 732 1026 28 21 1
983 : 374 708 33 18 0
984 : 753 1026 28 21 1
985 : 353 623 17 34 1
986 : 549 920 30 20 1
987 : 797 958 29 20 1
988 : 774 1026 21 28 0
989 : 221 708 30 19 0
990 : 704 1248 24 24 0
991 : 46 627 34 17 0
992 : 891 958 20 29 0
993 : 190 708 31 19 0
994 : 559 1248 24 24 0
995 : 825 1026 21 28 0
996 : 251 708 30 19 0
997 : 280 989 28 20 1
998 : 359 1094 22 27 0
999 : 152 240 13 44 1
