247 706
0 : 201 646 39 27 0
1 : 27 673 41 33 0
2 : 201 380 46 17 0
3 : 213 619 33 17 0
4 : 0 673 27 17 0
5 : 152 282 88 17 0
6 : 81 646 31 17 0
7 : 207 205 43 17 1
8 : 0 165 213 40 0
9 : 212 592 33 17 0
10 : 172 646 29 17 0
11 : 36 646 45 27 0
12 : 108 592 57 27 0
13 : 0 646 36 17 0
14 : 0 347 102 17 0
15 : 137 619 39 17 0
16 : 0 81 240 40 0
17 : 151 673 25 27 0
18 : 0 407 82 17 0
19 : 188 424 54 17 0
20 : 68 673 24 17 1
21 : 219 347 33 17 1
22 : 102 347 117 33 0
23 : 157 473 67 17 0
24 : 146 249 99 27 0
25 : 213 165 40 17 1
26 : 0 39 244 42 0
27 : 224 473 38 17 1
28 : 0 249 146 33 0
29 : 82 407 82 17 0
30 : 0 592 50 17 0
31 : 112 646 31 17 0
32 : 0 121 224 44 0
33 : 176 619 37 17 0
34 : 69 473 88 38 0
35 : 0 205 207 44 0
36 : 0 282 152 65 0
37 : 0 380 103 27 0
38 : 50 592 58 27 0
39 : 105 565 61 27 0
40 : 0 538 71 27 0
41 : 165 592 47 17 0
42 : 103 380 98 27 0
43 : 164 407 76 17 0
44 : 87 619 50 27 0
45 : 0 511 67 17 0
46 : 0 0 247 39 0
47 : 176 673 17 17 0
48 : 230 165 39 17 1
49 : 216 565 31 17 0
50 : 136 673 15 17 0
51 : 0 565 53 17 0
52 : 0 424 112 49 0
53 : 112 424 76 17 0
54 : 201 511 46 17 0
55 : 224 205 43 17 1
56 : 0 473 69 17 0
57 : 0 619 45 17 0
58 : 143 646 29 17 0
59 : 130 511 71 27 0
60 : 224 121 44 17 1
61 : 131 538 60 17 0
62 : 191 538 56 17 0
63 : 119 673 20 17 1
64 : 166 565 50 17 0
65 : 71 538 60 17 0
66 : 67 511 63 17 0
67 : 45 619 42 17 0
68 : 85 673 34 27 0
69 : 53 565 52 17 0
