200 268
0 : 0 0 110 32 0
1 : 110 0 12 33 1
2 : 0 32 78 15 0
3 : 78 32 62 18 0
4 : 140 32 16 53 1
5 : 0 50 37 76 1
6 : 76 50 14 97 1
7 : 143 0 28 43 1
8 : 186 0 16 9 1
9 : 173 50 15 22 0
10 : 0 87 64 19 0
11 : 64 87 10 13 0
12 : 195 0 4 27 0
13 : 74 87 12 13 0
14 : 193 32 3 6 0
15 : 86 87 7 22 1
16 : 108 87 67 16 0
17 : 0 106 27 14 0
18 : 27 106 13 41 1
19 : 68 106 78 35 0
20 : 0 141 30 115 1
21 : 115 141 8 54 1
22 : 0 171 20 91 1
23 : 175 87 6 6 0
24 : 91 171 72 12 0
25 : 0 191 15 92 1
26 : 92 191 22 58 1
27 : 181 87 19 6 1
28 : 146 106 38 48 1
29 : 0 213 21 61 1
30 : 61 213 10 38 1
31 : 150 191 22 47 1
32 : 163 171 22 37 1
33 : 169 141 5 30 1
34 : 187 87 5 9 0
35 : 196 32 3 15 0
36 : 99 213 24 10 0
37 : 123 213 20 37 1
38 : 160 213 18 13 1
39 : 173 213 23 19 0
40 : 0 234 41 27 0
41 : 192 87 18 5 1
42 : 41 234 6 11 0
43 : 47 234 39 24 0
44 : 86 234 21 6 1
45 : 92 234 62 17 0
46 : 154 234 20 15 1
47 : 197 87 3 8 0
48 : 0 261 44 7 0
