3000 5270
0 : 378 5070 365 185 0
1 : 0 5070 378 200 0
2 : 2318 4779 410 165 0
3 : 2838 4574 425 148 1
4 : 2674 3409 425 296 1
5 : 1856 4454 439 116 0
6 : 1882 572 464 1006 1
7 : 2318 4574 520 205 0
8 : 1798 4574 520 350 0
9 : 2439 2837 540 530 0
10 : 1575 2265 549 1413 1
11 : 0 572 549 1882 1
12 : 1245 4574 553 496 0
13 : 1919 3409 555 755 1
14 : 690 4574 555 496 0
15 : 625 3964 555 659 1
16 : 2516 3964 567 473 1
17 : 1284 3964 572 592 0
18 : 1890 0 572 975 1
19 : 1690 1121 572 1175 1
20 : 0 2265 572 1575 1
21 : 1590 1693 572 1390 1
22 : 0 2837 572 1490 1
23 : 0 1693 572 1590 1
24 : 0 1121 572 1690 1
25 : 0 0 572 1890 1
26 : 0 3964 610 625 1
27 : 1856 3964 660 490 0
28 : 0 4574 690 447 0
29 : 970 3409 949 445 0
30 : 1490 2837 949 478 0
31 : 0 3409 970 463 0
