200 237
0 : 0 30 110 32 0
1 : 163 46 12 33 1
2 : 115 0 78 15 0
3 : 0 149 62 18 0
4 : 110 46 16 53 1
5 : 0 112 37 76 1
6 : 0 62 14 97 1
7 : 47 187 28 43 1
8 : 187 77 16 9 1
9 : 177 30 15 22 1
10 : 76 112 64 19 0
11 : 186 176 10 13 1
12 : 163 58 4 27 1
13 : 187 15 12 13 1
14 : 59 177 3 6 0
15 : 37 177 7 22 1
16 : 110 30 67 16 0
17 : 186 149 27 14 1
18 : 62 170 13 41 1
19 : 91 77 78 35 0
20 : 0 0 30 115 1
21 : 140 134 8 54 1
22 : 0 77 20 91 1
23 : 194 134 6 6 0
24 : 115 15 72 12 0
25 : 97 62 15 92 1
26 : 140 112 22 58 1
27 : 193 187 19 6 1
28 : 123 149 38 48 1
29 : 62 149 21 61 1
30 : 171 149 10 38 0
31 : 0 187 22 47 1
32 : 0 215 22 37 1
33 : 181 149 5 30 0
34 : 191 206 5 9 1
35 : 196 77 3 15 0
36 : 37 167 24 10 0
37 : 0 167 20 37 1
38 : 169 77 18 13 0
39 : 170 187 23 19 0
40 : 90 187 41 27 0
41 : 169 90 18 5 0
42 : 193 0 6 11 0
43 : 131 187 39 24 0
44 : 170 206 21 6 0
45 : 76 131 62 17 0
46 : 103 170 20 15 0
47 : 181 179 3 8 0
48 : 140 142 44 7 0
