92 185
0 : 0 0 11 9 0
1 : 11 0 1 1 0
2 : 12 0 9 11 1
3 : 23 0 1 29 1
4 : 52 0 9 11 1
5 : 63 0 19 15 0
6 : 0 15 50 29 0
7 : 50 15 1 19 0
8 : 51 15 18 18 0
9 : 0 44 12 45 1
10 : 69 15 19 15 1
11 : 45 44 14 12 0
12 : 0 56 12 45 1
13 : 59 44 27 13 0
14 : 45 56 43 13 0
15 : 0 69 55 13 0
16 : 55 69 31 13 0
17 : 0 82 19 15 0
18 : 0 97 11 79 1
19 : 19 82 50 50 0
20 : 69 82 2 37 0
21 : 71 82 31 13 1
22 : 0 108 92 17 0
23 : 0 125 21 13 0
24 : 82 0 11 9 1
25 : 21 125 33 13 0
26 : 54 125 28 13 0
27 : 84 15 1 29 0
28 : 82 125 13 10 1
29 : 0 138 27 13 0
30 : 0 151 17 88 1
31 : 27 138 19 15 0
32 : 85 15 1 19 0
33 : 0 168 86 17 0
34 : 84 82 1 48 0
35 : 88 56 4 6 0
36 : 79 97 13 10 0
37 : 88 151 4 6 0
