300 564
0 : 90 351 90 36 0
1 : 285 315 79 15 1
2 : 202 279 90 36 0
3 : 0 95 244 70 0
4 : 0 549 39 15 0
5 : 0 509 55 15 0
6 : 214 477 53 14 0
7 : 180 387 90 36 0
8 : 80 459 80 32 0
9 : 101 279 101 36 0
10 : 244 95 62 31 1
11 : 97 533 40 16 0
12 : 117 549 38 15 0
13 : 162 509 24 32 1
14 : 0 0 300 95 0
15 : 0 459 80 32 0
16 : 155 549 38 15 0
17 : 137 533 40 16 0
18 : 0 165 209 33 0
19 : 101 198 101 36 0
20 : 50 533 47 15 0
21 : 177 533 40 16 0
22 : 275 95 60 24 1
23 : 180 315 90 36 0
24 : 39 549 39 15 0
25 : 78 549 39 15 0
26 : 226 509 51 15 0
27 : 217 533 40 15 0
28 : 101 243 101 36 0
29 : 160 459 60 18 0
30 : 55 509 55 15 0
31 : 270 395 60 15 1
32 : 163 491 66 15 0
33 : 194 509 24 32 1
34 : 180 351 90 36 0
35 : 229 491 51 18 0
36 : 90 315 90 36 0
37 : 0 387 90 36 0
38 : 220 459 60 18 0
39 : 90 387 90 36 0
40 : 280 459 17 16 0
41 : 285 394 59 14 1
42 : 0 491 163 15 0
43 : 0 198 101 36 0
44 : 0 423 90 36 0
45 : 110 509 52 15 0
46 : 90 423 90 36 0
47 : 0 533 50 15 0
48 : 257 533 40 15 0
49 : 160 477 54 14 0
50 : 0 279 101 36 0
51 : 180 423 90 36 0
52 : 0 243 101 36 0
53 : 202 243 90 36 0
54 : 209 165 78 78 0
55 : 0 315 90 36 0
56 : 0 351 90 36 0
57 : 270 315 80 15 1
