92 210
0 : 83 192 11 9 1
1 : 89 151 1 1 0
2 : 65 192 9 11 0
3 : 31 151 1 29 1
4 : 74 192 9 11 0
5 : 19 177 19 15 0
6 : 50 75 50 29 1
7 : 0 192 1 19 1
8 : 38 192 18 18 0
9 : 80 75 12 45 0
10 : 38 177 19 15 0
11 : 75 164 14 12 0
12 : 0 125 12 45 1
13 : 0 164 27 13 0
14 : 45 125 43 13 0
15 : 0 62 55 13 0
16 : 33 138 31 13 0
17 : 0 177 19 15 0
18 : 0 51 11 79 1
19 : 0 75 50 50 0
20 : 55 62 2 37 1
21 : 0 151 31 13 0
22 : 0 0 92 17 0
23 : 54 164 21 13 0
24 : 56 192 11 9 1
25 : 0 138 33 13 0
26 : 64 138 28 13 0
27 : 60 151 1 29 1
28 : 79 51 13 10 0
29 : 27 164 27 13 0
30 : 0 17 17 88 1
31 : 57 177 19 15 0
32 : 19 192 1 19 1
33 : 0 34 86 17 0
34 : 79 75 1 48 0
35 : 88 125 4 6 0
36 : 76 177 13 10 1
37 : 86 177 4 6 0
