200 259
0 : 56 103 15 72 1
1 : 149 60 15 47 1
2 : 107 124 67 11 0
3 : 110 0 56 39 0
4 : 133 215 6 35 1
5 : 189 162 11 17 0
6 : 173 227 8 20 1
7 : 50 227 22 8 0
8 : 181 200 8 12 0
9 : 7 252 3 16 1
10 : 98 241 11 9 1
11 : 128 162 9 61 1
12 : 39 200 47 7 0
13 : 77 241 11 11 0
14 : 107 241 5 18 1
15 : 55 241 6 22 1
16 : 102 252 5 7 0
17 : 189 200 6 14 0
18 : 0 179 25 21 0
19 : 196 60 22 4 1
20 : 72 227 16 11 0
21 : 44 162 33 17 0
22 : 167 241 8 7 1
23 : 118 252 4 8 1
24 : 0 0 26 110 1
25 : 194 241 11 4 1
26 : 0 140 58 12 0
27 : 0 103 56 21 0
28 : 0 39 21 102 1
29 : 0 241 6 25 1
30 : 25 179 9 51 1
31 : 88 227 16 11 0
32 : 25 241 30 5 0
33 : 188 215 12 9 0
34 : 126 252 4 6 0
35 : 101 179 26 16 0
36 : 128 103 68 12 0
37 : 0 227 20 10 0
38 : 174 124 21 26 1
39 : 187 179 20 12 1
40 : 58 124 49 16 0
41 : 104 227 6 28 1
42 : 107 252 11 3 0
43 : 185 0 37 12 1
44 : 132 227 9 18 1
45 : 198 241 2 9 0
46 : 195 200 5 14 0
47 : 152 241 15 4 0
48 : 0 200 39 9 0
49 : 58 140 64 10 0
50 : 46 215 32 7 0
51 : 127 179 16 26 1
52 : 0 60 99 21 0
53 : 166 0 38 19 1
54 : 168 39 23 32 1
55 : 78 215 6 37 1
56 : 109 81 22 54 1
57 : 163 81 25 36 1
58 : 99 60 50 27 0
59 : 170 140 27 22 0
60 : 86 200 8 41 1
61 : 102 39 66 23 0
62 : 54 252 8 5 0
63 : 23 252 15 3 0
64 : 115 215 18 12 0
65 : 75 252 9 4 0
66 : 130 252 6 2 1
67 : 188 241 9 6 1
68 : 38 252 5 8 1
69 : 196 103 4 18 0
70 : 162 200 15 19 1
71 : 46 252 8 5 0
72 : 174 241 14 4 0
73 : 122 140 48 13 0
74 : 20 227 14 14 0
75 : 0 215 23 10 0
76 : 125 241 5 18 1
77 : 23 215 10 23 1
78 : 77 162 51 11 0
79 : 0 124 58 14 0
80 : 193 227 7 12 0
81 : 143 241 10 9 1
82 : 34 227 16 12 0
83 : 62 252 13 3 0
84 : 127 200 35 9 0
85 : 153 179 34 12 0
86 : 76 179 17 25 1
87 : 132 252 3 3 0
88 : 150 227 7 23 1
89 : 168 215 10 20 1
90 : 0 81 109 18 0
91 : 0 252 7 7 0
92 : 84 252 6 6 0
93 : 0 162 44 13 0
94 : 135 252 3 1 1
95 : 90 252 3 12 1
96 : 88 241 10 11 0
