1000 10324
0 : 0 1424 340 857 1
1 : 230 5884 104 178 1
2 : 0 887 943 389 0
3 : 0 3688 189 491 1
4 : 0 8437 146 162 1
5 : 0 0 33 963 1
6 : 0 2556 497 135 0
7 : 0 2691 652 992 1
8 : 0 2151 121 598 1
9 : 0 591 42 727 1
10 : 0 2414 142 505 1
11 : 556 5884 24 83 0
12 : 0 633 150 776 1
13 : 0 33 49 921 1
14 : 0 4612 493 677 1
15 : 0 289 85 886 1
16 : 0 3343 421 99 0
17 : 0 6075 970 933 0
18 : 0 1899 252 738 1
19 : 0 3442 561 246 0
20 : 0 5105 882 779 0
21 : 491 3688 298 2 0
22 : 408 3877 452 169 0
23 : 697 4046 253 49 0
24 : 0 4046 338 87 0
25 : 408 5884 81 148 1
26 : 421 3343 59 375 1
27 : 0 4155 457 647 1
28 : 686 4612 12 189 0
29 : 698 4612 8 169 0
30 : 726 5884 191 233 1
31 : 0 82 85 947 1
32 : 0 1764 629 135 0
33 : 0 167 965 107 0
34 : 338 4046 359 109 0
35 : 0 374 840 67 0
36 : 0 2272 538 142 0
37 : 0 783 104 726 1
38 : 0 274 15 871 1
39 : 0 5884 144 230 1
40 : 706 4612 10 114 0
41 : 0 9563 761 761 0
42 : 0 8583 984 980 0
43 : 0 3877 408 117 0
44 : 677 4612 9 189 0
45 : 0 7524 931 913 0
46 : 0 7008 516 536 1
47 : 0 441 150 906 1
48 : 0 1276 689 148 0
49 : 580 5884 103 146 1
