300 619
0 : 0 387 90 36 0
1 : 80 527 79 15 0
2 : 202 279 90 36 0
3 : 0 95 244 70 0
4 : 260 459 39 15 0
5 : 236 545 55 15 0
6 : 0 587 53 14 0
7 : 90 423 90 36 0
8 : 0 495 80 32 0
9 : 101 315 101 36 0
10 : 244 95 62 31 1
11 : 100 587 40 16 0
12 : 78 603 38 15 0
13 : 52 563 24 32 1
14 : 0 0 300 95 0
15 : 180 459 80 32 0
16 : 116 603 38 15 0
17 : 140 587 40 16 0
18 : 0 165 209 33 0
19 : 0 279 101 36 0
20 : 53 587 47 15 0
21 : 180 587 40 16 0
22 : 275 95 60 24 1
23 : 90 351 90 36 0
24 : 0 603 39 15 0
25 : 39 603 39 15 0
26 : 116 563 51 15 0
27 : 220 587 40 15 0
28 : 101 279 101 36 0
29 : 159 527 60 18 0
30 : 243 495 55 15 0
31 : 117 545 60 15 0
32 : 0 545 66 15 0
33 : 84 563 24 32 1
34 : 90 387 90 36 0
35 : 66 545 51 18 0
36 : 0 351 90 36 0
37 : 180 387 90 36 0
38 : 219 527 60 18 0
39 : 0 423 90 36 0
40 : 154 603 17 16 0
41 : 177 545 59 14 0
42 : 80 495 163 15 0
43 : 101 243 101 36 0
44 : 180 423 90 36 0
45 : 0 563 52 15 0
46 : 0 459 90 36 0
47 : 221 563 50 15 0
48 : 260 587 40 15 0
49 : 167 563 54 14 0
50 : 0 315 101 36 0
51 : 90 459 90 36 0
52 : 0 243 101 36 0
53 : 202 243 90 36 0
54 : 209 165 78 78 0
55 : 202 315 90 36 0
56 : 180 351 90 36 0
57 : 0 527 80 15 0
