135 420
0 : 29 363 29 18 0
1 : 85 52 49 16 0
2 : 105 246 29 16 0
3 : 0 102 75 21 0
4 : 111 205 23 16 0
5 : 0 36 88 16 0
6 : 76 68 57 18 0
7 : 0 307 42 21 0
8 : 0 287 45 16 0
9 : 66 161 61 18 0
10 : 85 363 29 20 0
11 : 62 179 67 26 0
12 : 58 225 52 16 0
13 : 0 16 93 20 0
14 : 110 225 22 16 0
15 : 95 383 19 16 1
16 : 95 307 36 20 0
17 : 75 102 55 16 0
18 : 0 0 135 16 0
19 : 0 266 50 18 0
20 : 0 341 31 16 0
21 : 58 205 53 16 0
22 : 57 383 22 18 0
23 : 73 141 62 18 0
24 : 0 225 58 21 0
25 : 0 86 71 16 0
26 : 88 36 45 16 0
27 : 0 52 85 16 0
28 : 93 16 39 16 0
29 : 92 287 40 18 0
30 : 111 383 20 21 0
31 : 71 86 63 16 0
32 : 54 246 51 18 0
33 : 71 123 63 18 0
34 : 31 341 29 16 0
35 : 0 141 73 20 0
36 : 114 363 19 16 0
37 : 60 341 29 16 0
38 : 45 287 47 20 0
39 : 0 363 29 18 0
40 : 50 266 50 21 0
41 : 89 341 34 22 0
42 : 0 246 54 20 0
43 : 0 179 62 20 0
44 : 0 383 30 21 0
45 : 30 383 27 18 0
46 : 0 404 16 16 0
47 : 79 383 19 16 1
48 : 58 363 27 16 0
49 : 0 161 66 18 0
50 : 42 307 53 34 0
51 : 0 68 76 18 0
52 : 0 123 71 18 0
53 : 0 205 58 20 0
54 : 100 266 35 16 0
