300 721
0 : 90 378 90 36 0
1 : 181 306 79 15 0
2 : 0 342 90 36 0
3 : 0 128 244 70 0
4 : 240 596 39 15 0
5 : 120 554 55 15 0
6 : 0 572 53 14 0
7 : 0 450 90 36 0
8 : 0 522 80 32 0
9 : 0 306 101 36 0
10 : 98 596 62 31 0
11 : 0 627 40 16 0
12 : 198 627 38 15 0
13 : 0 643 24 32 1
14 : 0 0 300 95 0
15 : 80 522 80 32 0
16 : 236 627 38 15 0
17 : 40 627 40 16 0
18 : 0 95 209 33 0
19 : 163 198 101 36 0
20 : 51 596 47 15 0
21 : 80 627 40 16 0
22 : 156 572 60 24 0
23 : 0 378 90 36 0
24 : 159 627 39 15 0
25 : 120 627 39 15 0
26 : 105 572 51 15 0
27 : 160 596 40 15 0
28 : 101 270 101 36 0
29 : 0 554 60 18 0
30 : 175 554 55 15 0
31 : 219 522 60 15 0
32 : 180 486 66 15 0
33 : 32 643 24 32 1
34 : 180 378 90 36 0
35 : 0 596 51 18 0
36 : 180 342 90 36 0
37 : 0 414 90 36 0
38 : 60 554 60 18 0
39 : 90 414 90 36 0
40 : 64 643 17 16 1
41 : 160 522 59 14 0
42 : 0 198 163 15 0
43 : 101 234 101 36 0
44 : 180 414 90 36 0
45 : 53 572 52 15 0
46 : 90 450 90 36 0
47 : 216 572 50 15 0
48 : 200 596 40 15 0
49 : 230 554 54 14 0
50 : 0 270 101 36 0
51 : 180 450 90 36 0
52 : 0 234 101 36 0
53 : 0 486 90 36 0
54 : 80 643 78 78 0
55 : 90 486 90 36 0
56 : 90 342 90 36 0
57 : 101 306 80 15 0
