200 226
0 : 92 212 8 47 1
1 : 53 123 143 26 0
2 : 0 196 16 107 1
3 : 0 90 33 95 1
4 : 175 174 5 21 0
5 : 73 50 54 40 0
6 : 107 196 84 15 0
7 : 172 90 32 25 1
8 : 77 0 52 45 0
9 : 166 50 13 39 0
10 : 65 174 86 20 0
11 : 0 0 50 77 1
12 : 95 90 77 31 0
13 : 0 150 24 74 1
14 : 81 212 11 12 0
15 : 0 174 22 65 1
16 : 0 123 27 53 1
17 : 0 212 14 46 1
18 : 166 174 17 9 1
19 : 151 174 15 21 0
20 : 139 212 31 6 0
21 : 179 50 8 38 0
22 : 74 150 23 77 1
23 : 46 212 12 35 1
24 : 170 212 5 12 0
25 : 151 150 20 23 0
26 : 0 50 73 40 0
27 : 127 50 40 39 1
28 : 129 0 64 37 0
