123 372
0 : 65 274 54 15 0
1 : 84 122 39 15 0
2 : 64 306 51 17 0
3 : 0 80 90 21 0
4 : 0 122 84 25 0
5 : 80 147 43 17 0
6 : 0 48 97 17 0
7 : 72 178 49 15 0
8 : 0 338 45 17 0
9 : 0 21 120 27 0
10 : 0 289 64 17 0
11 : 0 203 67 25 0
12 : 97 48 25 15 0
13 : 0 274 65 15 0
14 : 90 80 23 15 0
15 : 64 289 59 17 0
16 : 63 321 50 17 0
17 : 90 338 33 15 0
18 : 67 228 56 21 0
19 : 0 65 92 15 0
20 : 0 228 67 15 0
21 : 67 203 46 15 0
22 : 0 321 63 17 0
23 : 0 178 72 25 0
24 : 0 147 80 31 0
25 : 0 355 38 15 0
26 : 75 355 32 15 0
27 : 0 306 64 15 0
28 : 38 355 37 17 0
29 : 0 243 65 31 0
30 : 92 65 26 15 0
31 : 0 101 89 21 0
32 : 45 338 45 17 0
33 : 0 0 123 21 0
34 : 65 243 46 15 0
