300 567
0 : 90 384 90 36 0
1 : 285 384 79 15 1
2 : 202 312 90 36 0
3 : 0 95 244 70 0
4 : 243 528 39 15 0
5 : 241 212 55 15 0
6 : 170 492 53 14 0
7 : 0 456 90 36 0
8 : 90 492 80 32 0
9 : 0 348 101 36 0
10 : 101 213 62 31 0
11 : 120 249 40 16 0
12 : 78 552 38 15 0
13 : 275 492 24 32 0
14 : 0 0 300 95 0
15 : 209 165 80 32 0
16 : 116 552 38 15 0
17 : 51 528 40 16 0
18 : 0 165 209 33 0
19 : 0 276 101 36 0
20 : 170 506 47 15 0
21 : 91 528 40 16 0
22 : 244 95 60 24 1
23 : 0 384 90 36 0
24 : 39 552 39 15 0
25 : 0 552 39 15 0
26 : 0 528 51 15 0
27 : 163 528 40 15 0
28 : 101 312 101 36 0
29 : 0 249 60 18 0
30 : 241 227 55 15 0
31 : 283 95 60 15 1
32 : 268 95 66 15 1
33 : 131 528 24 32 1
34 : 180 384 90 36 0
35 : 241 242 51 18 0
36 : 191 348 90 36 0
37 : 0 420 90 36 0
38 : 60 249 60 18 0
39 : 90 420 90 36 0
40 : 282 528 17 16 0
41 : 241 198 59 14 0
42 : 0 198 163 15 0
43 : 101 276 101 36 0
44 : 180 420 90 36 0
45 : 223 492 52 15 0
46 : 90 456 90 36 0
47 : 223 507 50 15 0
48 : 203 528 40 15 0
49 : 241 260 54 14 0
50 : 0 312 101 36 0
51 : 180 456 90 36 0
52 : 0 213 101 36 0
53 : 0 492 90 36 0
54 : 163 198 78 78 0
55 : 202 276 90 36 0
56 : 101 348 90 36 0
57 : 270 384 80 15 1
