1000 1209
0 : 0 0 66 61 0
1 : 66 0 62 48 0
2 : 128 0 62 46 0
3 : 190 0 61 43 0
4 : 490 0 39 62 1
5 : 931 0 38 61 0
6 : 552 0 30 71 1
7 : 73 61 56 37 0
8 : 245 61 52 39 0
9 : 190 61 36 55 1
10 : 623 0 74 27 0
11 : 616 61 42 47 1
12 : 129 61 61 32 0
13 : 360 61 58 32 0
14 : 184 103 51 36 0
15 : 680 103 46 40 0
16 : 332 0 79 23 0
17 : 632 103 48 38 0
18 : 411 0 79 23 0
19 : 969 0 30 60 0
20 : 251 0 22 81 1
21 : 0 143 36 49 1
22 : 552 30 25 71 1
23 : 0 61 73 24 0
24 : 937 61 57 31 0
25 : 623 27 72 25 0
26 : 943 103 50 35 0
27 : 415 103 56 31 0
28 : 471 103 33 54 1
29 : 897 103 39 46 1
30 : 297 61 28 63 1
31 : 697 0 77 23 0
32 : 826 143 43 40 0
33 : 575 143 36 48 1
34 : 128 103 56 31 0
35 : 49 143 51 34 0
36 : 578 103 54 32 0
37 : 682 143 44 40 0
38 : 219 143 37 47 1
39 : 787 103 51 34 0
40 : 473 143 48 36 0
41 : 525 103 53 33 0
42 : 327 143 39 45 1
43 : 372 143 34 50 1
44 : 853 0 22 78 1
45 : 422 143 51 33 0
46 : 235 103 29 58 1
47 : 251 22 73 23 0
48 : 697 23 23 73 1
49 : 417 183 37 45 1
50 : 853 22 73 23 0
51 : 375 183 42 40 0
52 : 418 61 26 64 1
53 : 100 143 31 54 1
54 : 332 23 23 72 1
55 : 774 0 79 21 0
56 : 49 183 35 47 1
57 : 726 143 33 50 1
58 : 517 183 39 42 1
59 : 776 143 33 50 1
60 : 521 143 54 30 0
61 : 355 103 60 27 0
62 : 610 183 47 34 0
63 : 774 21 22 73 1
64 : 0 183 49 33 0
65 : 51 223 37 43 1
66 : 96 183 30 52 1
67 : 549 61 67 23 0
68 : 149 223 35 45 1
69 : 293 103 62 25 0
70 : 64 103 24 64 1
71 : 194 223 35 45 1
72 : 446 223 36 43 1
73 : 838 103 26 59 1
74 : 282 260 43 36 0
75 : 482 61 67 23 0
76 : 237 260 34 45 1
77 : 0 103 64 24 0
78 : 296 223 32 48 1
79 : 559 183 30 51 1
80 : 344 223 32 48 1
81 : 726 103 25 61 1
82 : 207 183 55 27 0
83 : 321 183 54 28 0
84 : 935 223 33 46 1
85 : 719 223 31 48 1
86 : 372 260 45 33 0
87 : 0 223 51 29 0
88 : 577 260 43 35 0
89 : 404 23 74 20 0
90 : 767 223 50 29 0
91 : 110 296 40 37 0
92 : 623 143 25 59 1
93 : 325 260 31 47 1
94 : 468 260 30 48 1
95 : 952 260 46 31 0
96 : 495 296 37 39 1
97 : 534 296 37 39 1
98 : 732 80 63 22 0
99 : 573 296 34 42 1
100 : 462 183 26 55 1
101 : 615 296 31 45 1
102 : 870 61 67 21 0
103 : 266 143 23 61 1
104 : 148 183 23 59 1
105 : 660 296 46 30 0
106 : 490 39 62 22 0
107 : 392 223 26 54 1
108 : 237 333 36 39 1
109 : 262 183 59 23 0
110 : 663 61 69 20 0
111 : 417 260 51 27 0
112 : 149 333 31 44 1
113 : 903 260 28 49 1
114 : 851 333 37 37 0
115 : 108 333 34 41 1
116 : 193 333 31 44 1
117 : 150 296 49 28 0
118 : 870 82 65 21 0
119 : 802 61 20 68 1
120 : 941 333 36 38 1
121 : 94 223 55 25 0
122 : 489 223 24 55 1
123 : 967 183 33 40 0
124 : 732 61 70 19 0
125 : 323 333 29 45 1
126 : 368 333 31 43 1
127 : 904 200 57 23 0
128 : 620 260 52 26 0
129 : 609 333 45 29 0
130 : 802 81 20 66 1
131 : 239 223 23 57 1
132 : 751 333 45 29 0
133 : 706 296 51 25 0
134 : 58 296 25 52 1
135 : 869 143 20 63 1
136 : 663 81 69 19 0
137 : 440 370 44 29 0
138 : 705 333 28 46 1
139 : 121 260 23 56 1
140 : 779 370 28 45 1
141 : 757 296 26 50 1
142 : 589 427 37 34 0
143 : 154 143 65 20 0
144 : 411 333 28 46 1
145 : 482 84 65 19 0
146 : 604 223 56 23 0
147 : 345 370 46 27 0
148 : 205 370 28 45 1
149 : 276 333 47 27 0
150 : 0 427 38 33 0
151 : 538 370 45 28 0
152 : 932 143 64 19 0
153 : 807 296 24 52 1
154 : 0 85 18 68 1
155 : 185 427 40 31 0
156 : 631 370 46 27 0
157 : 657 183 20 61 1
158 : 544 461 32 38 1
159 : 859 296 52 24 0
160 : 506 461 38 32 0
161 : 963 427 34 36 1
162 : 406 427 30 41 1
163 : 225 427 44 27 0
164 : 272 461 31 39 1
165 : 781 183 20 61 1
166 : 0 560 33 36 1
167 : 824 370 26 47 1
168 : 583 370 48 25 0
169 : 518 493 32 37 1
170 : 842 183 62 19 0
171 : 366 427 31 40 1
172 : 192 399 28 44 1
173 : 250 370 48 25 0
174 : 869 163 19 63 1
175 : 298 370 47 26 0
176 : 277 493 40 30 0
177 : 0 399 46 26 0
178 : 0 527 36 33 0
179 : 139 493 40 30 0
180 : 660 223 20 59 1
181 : 407 493 34 35 1
182 : 442 493 37 32 0
183 : 499 427 28 43 1
184 : 204 527 33 36 1
185 : 496 399 26 46 1
186 : 877 223 21 58 1
187 : 873 461 29 41 1
188 : 0 370 24 49 1
189 : 102 493 33 37 1
190 : 124 527 32 37 1
191 : 87 527 37 32 0
192 : 733 260 56 21 0
193 : 547 84 65 18 0
194 : 457 333 23 51 1
195 : 508 333 23 51 1
196 : 940 493 30 39 1
197 : 559 333 50 24 0
198 : 56 333 52 23 0
199 : 853 493 37 32 0
200 : 654 333 51 23 0
201 : 179 493 27 43 1
202 : 814 493 30 39 1
203 : 924 370 48 24 0
204 : 847 260 56 21 0
205 : 46 399 25 47 1
206 : 391 370 24 49 1
207 : 729 493 38 31 0
208 : 657 203 19 61 1
209 : 455 560 33 35 1
210 : 842 202 59 20 0
211 : 93 399 25 47 1
212 : 490 560 31 37 1
213 : 364 493 27 43 1
214 : 832 427 25 45 1
215 : 154 163 18 64 1
216 : 877 427 27 43 1
217 : 920 427 27 43 1
218 : 964 461 36 32 0
219 : 555 493 30 39 1
220 : 61 260 60 19 0
221 : 236 399 24 48 1
222 : 51 461 27 43 1
223 : 781 203 61 19 0
224 : 177 260 60 19 0
225 : 669 560 29 39 1
226 : 479 493 30 39 1
227 : 542 427 24 47 1
228 : 141 461 26 44 1
229 : 185 461 26 44 1
230 : 544 223 60 19 0
231 : 155 370 50 23 0
232 : 0 333 56 20 0
233 : 229 461 43 27 0
234 : 807 560 29 39 1
235 : 199 296 57 20 0
236 : 774 43 65 17 0
237 : 888 333 21 53 1
238 : 728 370 51 22 0
239 : 932 162 18 64 1
240 : 269 427 47 24 0
241 : 677 370 51 22 0
242 : 718 183 63 18 0
243 : 815 593 30 37 1
244 : 311 461 24 46 1
245 : 938 527 26 43 1
246 : 166 624 31 36 1
247 : 728 427 48 23 0
248 : 408 461 46 24 0
249 : 817 223 19 60 1
250 : 889 593 31 36 1
251 : 785 624 31 36 1
252 : 895 560 28 40 1
253 : 775 461 46 24 0
254 : 0 296 58 19 0
255 : 753 527 26 43 1
256 : 665 527 27 42 1
257 : 0 260 18 61 1
258 : 935 560 40 28 0
259 : 0 624 30 37 1
260 : 0 593 28 40 1
261 : 582 461 46 24 0
262 : 315 312 54 21 0
263 : 622 527 26 43 1
264 : 379 655 33 34 1
265 : 303 655 35 32 0
266 : 47 655 36 31 0
267 : 479 527 25 44 1
268 : 82 624 30 37 1
269 : 40 593 27 41 1
270 : 628 461 23 47 1
271 : 404 43 64 17 0
272 : 161 527 26 43 1
273 : 718 201 17 63 1
274 : 81 593 27 41 1
275 : 640 493 44 25 0
276 : 789 260 58 19 0
277 : 347 688 33 33 0
278 : 240 527 44 25 0
279 : 38 427 49 22 0
280 : 247 624 29 38 1
281 : 542 399 50 22 0
282 : 445 399 51 21 0
283 : 852 593 30 37 1
284 : 608 624 31 36 1
285 : 571 624 30 37 1
286 : 190 43 18 61 1
287 : 844 527 24 45 1
288 : 122 593 25 43 1
289 : 365 624 40 27 0
290 : 165 593 26 42 1
291 : 911 312 20 55 1
292 : 325 624 40 27 0
293 : 608 655 30 36 1
294 : 493 655 34 32 0
295 : 571 655 29 37 1
296 : 448 624 39 28 0
297 : 87 427 48 23 0
298 : 968 655 32 33 0
299 : 285 624 40 27 0
300 : 684 493 24 45 1
301 : 259 593 24 44 1
302 : 94 461 23 47 1
303 : 643 688 29 37 1
304 : 49 370 20 53 1
305 : 464 688 27 39 1
306 : 256 314 19 56 1
307 : 284 527 45 24 0
308 : 971 296 37 29 1
309 : 544 242 18 60 1
310 : 134 688 30 36 1
311 : 846 655 37 29 0
312 : 351 593 24 44 1
313 : 680 688 27 39 1
314 : 172 655 26 41 1
315 : 594 493 23 46 1
316 : 36 560 46 23 0
317 : 675 461 48 22 0
318 : 266 166 61 17 0
319 : 516 260 61 17 0
320 : 395 593 23 45 1
321 : 530 624 26 41 1
322 : 317 493 23 47 1
323 : 316 427 50 21 0
324 : 842 688 39 27 0
325 : 135 427 50 21 0
326 : 140 399 52 20 0
327 : 339 399 52 20 0
328 : 904 183 17 63 1
329 : 644 655 37 29 0
330 : 817 242 17 60 1
331 : 376 296 17 60 1
332 : 681 655 27 39 1
333 : 256 296 18 59 1
334 : 707 527 23 46 1
335 : 946 721 32 33 1
336 : 440 593 24 44 1
337 : 179 560 23 45 1
338 : 338 655 26 41 1
339 : 441 721 30 35 1
340 : 678 427 50 21 0
341 : 251 753 34 31 0
342 : 756 399 52 20 0
343 : 116 721 36 29 0
344 : 927 655 41 25 0
345 : 413 655 27 39 1
346 : 224 560 23 45 1
347 : 482 753 26 39 1
348 : 748 721 30 35 1
349 : 713 721 35 30 0
350 : 487 624 24 43 1
351 : 0 753 37 28 0
352 : 0 315 18 58 1
353 : 719 688 26 40 1
354 : 285 753 27 38 1
355 : 260 655 24 43 1
356 : 521 753 32 33 1
357 : 269 560 24 44 1
358 : 436 314 19 55 1
359 : 637 721 37 28 0
360 : 436 296 18 59 1
361 : 102 370 53 20 0
362 : 319 721 28 37 1
363 : 404 753 28 37 1
364 : 523 527 22 47 1
365 : 476 721 27 38 1
366 : 380 688 40 26 0
367 : 484 370 19 54 1
368 : 61 279 60 17 0
369 : 365 753 26 39 1
370 : 451 785 28 36 1
371 : 83 655 42 25 0
372 : 796 527 21 48 1
373 : 922 688 28 37 1
374 : 80 721 29 36 1
375 : 405 624 43 24 0
376 : 197 721 37 28 0
377 : 796 333 55 19 0
378 : 313 560 22 46 1
379 : 260 817 28 36 1
380 : 447 427 52 19 0
381 : 598 721 26 39 1
382 : 967 624 31 33 1
383 : 674 721 26 39 1
384 : 868 721 37 28 0
385 : 251 45 63 16 0
386 : 767 493 47 22 0
387 : 913 399 52 20 0
388 : 672 260 17 61 1
389 : 759 688 24 42 1
390 : 801 688 25 41 1
391 : 659 785 33 31 0
392 : 692 785 32 32 0
393 : 796 352 18 55 1
394 : 767 785 35 29 0
395 : 860 399 53 19 0
396 : 881 688 25 41 1
397 : 418 87 63 16 0
398 : 0 817 32 32 0
399 : 177 279 17 60 1
400 : 64 817 37 27 0
401 : 327 785 27 37 1
402 : 415 849 30 33 1
403 : 724 593 43 24 0
404 : 884 785 34 30 0
405 : 452 655 25 41 1
406 : 808 399 52 20 0
407 : 918 785 33 31 0
408 : 221 849 33 30 0
409 : 914 461 50 20 0
410 : 959 688 25 40 1
411 : 951 785 33 31 0
412 : 0 721 38 27 0
413 : 0 493 20 50 1
414 : 202 624 45 22 0
415 : 32 817 32 32 0
416 : 554 753 26 39 1
417 : 170 688 42 24 0
418 : 853 45 63 16 0
419 : 380 527 48 21 0
420 : 672 277 16 61 1
421 : 149 817 38 26 0
422 : 720 655 25 41 1
423 : 187 817 28 36 1
424 : 37 753 26 39 1
425 : 871 370 19 53 1
426 : 0 127 63 16 0
427 : 644 624 23 44 1
428 : 533 593 21 47 1
429 : 748 753 37 27 0
430 : 223 817 37 27 0
431 : 187 849 29 34 1
432 : 296 817 28 36 1
433 : 514 721 25 40 1
434 : 332 817 30 34 1
435 : 366 817 36 28 0
436 : 761 655 23 43 1
437 : 151 849 36 27 0
438 : 132 560 21 47 1
439 : 804 655 24 42 1
440 : 516 277 16 61 1
441 : 634 753 25 39 1
442 : 0 278 61 16 0
443 : 673 753 38 26 0
444 : 633 593 23 44 1
445 : 40 849 30 33 1
446 : 63 127 63 16 0
447 : 911 296 60 16 0
448 : 964 817 30 33 1
449 : 925 593 46 21 0
450 : 359 560 21 47 1
451 : 37 624 22 45 1
452 : 711 753 27 37 1
453 : 277 721 23 42 1
454 : 592 399 18 54 1
455 : 889 527 49 20 0
456 : 527 560 20 48 1
457 : 575 560 21 47 1
458 : 929 817 28 35 1
459 : 441 753 24 41 1
460 : 905 721 41 24 0
461 : 91 688 43 23 0
462 : 622 560 21 47 1
463 : 785 753 27 37 1
464 : 0 461 19 51 1
465 : 626 427 19 52 1
466 : 822 753 24 40 1
467 : 737 817 28 35 1
468 : 817 880 32 30 0
469 : 704 817 30 33 1
470 : 118 753 23 42 1
471 : 776 442 19 51 1
472 : 593 753 41 24 0
473 : 513 817 27 36 1
474 : 965 399 28 35 1
475 : 905 753 25 39 1
476 : 783 721 41 24 0
477 : 944 753 25 39 1
478 : 0 353 56 17 0
479 : 76 753 23 42 1
480 : 660 243 17 55 1
481 : 480 817 30 33 1
482 : 284 399 17 55 1
483 : 148 206 16 59 1
484 : 323 753 23 42 1
485 : 391 399 54 18 0
486 : 44 785 26 38 1
487 : 357 461 51 19 0
488 : 420 688 44 22 0
489 : 315 296 61 16 0
490 : 527 655 44 22 0
491 : 965 880 28 34 1
492 : 38 721 23 42 1
493 : 82 785 25 39 1
494 : 689 849 37 26 0
495 : 801 849 31 31 0
496 : 376 313 16 60 1
497 : 843 785 23 41 1
498 : 303 593 48 20 0
499 : 654 849 28 35 1
500 : 35 880 30 32 1
501 : 121 785 40 24 0
502 : 454 461 52 18 0
503 : 262 206 57 17 0
504 : 161 785 25 39 1
505 : 399 721 23 42 1
506 : 0 688 21 45 1
507 : 484 593 49 19 0
508 : 724 911 31 30 0
509 : 883 655 22 44 1
510 : 200 785 23 41 1
511 : 113 849 38 25 0
512 : 588 817 25 38 1
513 : 199 316 57 17 0
514 : 200 880 26 36 1
515 : 937 911 28 33 1
516 : 286 785 23 41 1
517 : 890 493 50 19 0
518 : 71 911 27 35 1
519 : 143 911 27 35 1
520 : 402 817 24 39 1
521 : 869 849 28 34 1
522 : 789 279 17 57 1
523 : 738 624 20 47 1
524 : 431 880 26 36 1
525 : 741 880 37 25 0
526 : 303 688 22 44 1
527 : 410 785 41 23 0
528 : 549 817 39 24 0
529 : 646 399 17 55 1
530 : 891 817 25 38 1
531 : 222 508 50 19 0
532 : 36 527 18 51 1
533 : 67 880 29 33 1
534 : 279 941 31 30 0
535 : 100 880 29 33 1
536 : 169 880 31 31 0
537 : 82 560 50 19 0
538 : 406 560 49 19 0
539 : 905 911 32 29 0
540 : 441 817 24 39 1
541 : 160 753 22 43 1
542 : 258 688 45 21 0
543 : 37 911 34 28 0
544 : 213 655 47 20 0
545 : 487 785 22 42 1
546 : 529 785 22 42 1
547 : 626 817 25 38 1
548 : 701 399 17 55 1
549 : 212 688 20 46 1
550 : 811 817 39 24 0
551 : 617 785 22 42 1
552 : 45 688 20 46 1
553 : 723 461 52 18 0
554 : 254 911 30 31 1
555 : 585 911 34 27 0
556 : 558 880 34 28 0
557 : 592 880 37 25 0
558 : 666 880 28 34 1
559 : 767 593 48 19 0
560 : 802 785 23 41 1
561 : 795 911 29 32 1
562 : 0 911 37 25 0
563 : 125 655 47 20 0
564 : 824 721 21 44 1
565 : 877 244 57 16 0
566 : 246 941 28 33 1
567 : 295 849 39 24 0
568 : 375 849 40 23 0
569 : 37 941 28 33 1
570 : 107 941 29 32 1
571 : 677 593 47 20 0
572 : 942 849 25 37 1
573 : 0 880 35 27 0
574 : 448 849 23 40 1
575 : 573 849 24 39 1
576 : 726 128 15 60 1
577 : 133 880 26 36 1
578 : 341 941 26 35 1
579 : 285 911 27 34 1
580 : 390 911 26 35 1
581 : 821 461 52 18 0
582 : 293 128 60 15 0
583 : 236 880 38 24 0
584 : 318 880 38 24 0
585 : 393 880 38 24 0
586 : 358 911 29 32 1
587 : 152 721 45 20 0
588 : 329 527 18 51 1
589 : 234 721 22 43 1
590 : 128 46 60 15 0
591 : 708 560 49 19 0
592 : 757 560 18 50 1
593 : 310 941 31 30 0
594 : 849 880 25 37 1
595 : 886 880 38 24 0
596 : 356 721 43 22 0
597 : 664 817 40 23 0
598 : 119 624 20 47 1
599 : 428 527 51 18 0
600 : 106 911 37 25 0
601 : 772 817 39 24 0
602 : 178 911 26 36 1
603 : 726 849 25 37 1
604 : 763 849 24 38 1
605 : 443 941 33 27 0
606 : 214 941 29 32 1
607 : 0 655 20 47 1
608 : 832 849 25 37 1
609 : 850 817 22 41 1
610 : 376 941 31 30 0
611 : 689 911 35 26 0
612 : 903 849 23 39 1
613 : 919 624 19 48 1
614 : 554 721 21 44 1
615 : 846 560 49 19 0
616 : 0 849 23 40 1
617 : 623 168 15 59 1
618 : 871 911 27 34 1
619 : 73 849 23 40 1
620 : 619 911 26 35 1
621 : 724 785 21 43 1
622 : 871 624 19 48 1
623 : 971 593 31 29 1
624 : 726 941 31 29 0
625 : 654 911 26 35 1
626 : 862 753 43 21 0
627 : 50 493 52 18 0
628 : 356 880 25 37 1
629 : 0 941 37 24 0
630 : 254 849 41 22 0
631 : 139 941 33 28 0
632 : 550 941 28 32 1
633 : 503 688 20 46 1
634 : 334 849 41 22 0
635 : 0 785 44 20 0
636 : 629 880 25 37 1
637 : 549 688 19 47 1
638 : 618 941 27 33 1
639 : 700 880 41 21 0
640 : 70 941 37 24 0
641 : 596 688 47 19 0
642 : 778 880 39 23 0
643 : 221 971 27 32 1
644 : 801 941 35 25 0
645 : 836 941 26 34 1
646 : 488 849 42 21 0
647 : 71 971 27 32 1
648 : 582 941 36 24 0
649 : 516 971 27 32 1
650 : 189 971 32 27 0
651 : 504 911 22 39 1
652 : 530 849 20 43 1
653 : 447 999 30 28 0
654 : 697 971 32 27 0
655 : 821 624 50 17 0
656 : 924 880 21 41 1
657 : 612 849 42 21 0
658 : 50 511 52 16 0
659 : 570 527 17 52 1
660 : 691 941 35 25 0
661 : 241 785 19 45 1
662 : 970 911 29 30 0
663 : 425 911 22 39 1
664 : 664 971 33 26 0
665 : 632 971 27 32 1
666 : 402 971 32 27 0
667 : 418 999 29 29 0
668 : 214 911 21 40 1
669 : 407 941 36 24 0
670 : 870 941 35 24 0
671 : 476 941 23 37 1
672 : 319 911 22 39 1
673 : 688 624 17 50 1
674 : 513 941 23 37 1
675 : 729 971 26 32 1
676 : 464 911 40 21 0
677 : 944 941 36 23 0
678 : 0 971 23 36 1
679 : 570 544 16 52 1
680 : 36 971 35 24 0
681 : 761 971 24 34 1
682 : 364 785 18 46 1
683 : 332 46 57 15 0
684 : 795 971 35 23 0
685 : 697 46 57 15 0
686 : 755 911 40 21 0
687 : 830 971 24 34 1
688 : 864 971 28 30 1
689 : 894 971 23 35 1
690 : 888 354 52 16 0
691 : 733 281 56 15 0
692 : 571 785 46 18 0
693 : 970 971 30 28 0
694 : 972 370 28 29 0
695 : 203 753 17 48 1
696 : 222 493 15 55 1
697 : 207 593 52 16 0
698 : 239 246 57 14 0
699 : 838 129 56 14 0
700 : 847 281 15 56 1
701 : 293 971 23 36 1
702 : 776 427 56 15 0
703 : 580 608 16 50 1
704 : 975 560 25 33 0
705 : 329 971 37 22 0
706 : 366 971 36 23 0
707 : 0 999 33 25 0
708 : 517 999 31 26 0
709 : 75 999 35 23 0
710 : 110 999 36 22 0
711 : 146 999 23 35 1
712 : 548 999 24 33 1
713 : 447 446 52 15 0
714 : 317 1028 26 30 1
715 : 263 999 35 23 0
716 : 297 89 56 14 0
717 : 623 999 30 27 0
718 : 651 941 20 40 1
719 : 653 999 33 24 0
720 : 274 880 44 18 0
721 : 686 999 31 26 0
722 : 172 941 42 19 0
723 : 457 356 56 14 0
724 : 382 999 36 22 0
725 : 905 941 20 39 1
726 : 347 1028 31 25 0
727 : 604 246 14 56 1
728 : 759 999 22 35 1
729 : 979 333 21 36 0
730 : 378 1028 27 29 1
731 : 580 593 53 15 0
732 : 836 999 35 22 0
733 : 543 911 42 19 0
734 : 152 1055 27 28 1
735 : 407 1028 34 22 0
736 : 441 1028 31 25 0
737 : 949 999 21 36 1
738 : 472 1028 31 25 0
739 : 101 817 16 48 1
740 : 467 880 17 45 1
741 : 968 1028 28 27 0
742 : 35 1055 29 26 0
743 : 64 1055 30 25 0
744 : 94 1055 25 30 1
745 : 616 1028 33 23 0
746 : 196 1028 37 20 0
747 : 124 1055 27 28 1
748 : 687 1028 22 34 1
749 : 896 1028 21 35 1
750 : 759 1028 34 22 0
751 : 180 1055 25 30 1
752 : 829 1028 33 23 0
753 : 210 1055 27 28 1
754 : 862 1028 34 22 0
755 : 38 1028 37 20 0
756 : 373 1055 23 32 1
757 : 512 880 16 46 1
758 : 470 1082 27 27 0
759 : 607 1055 23 32 1
760 : 871 999 20 37 1
761 : 101 833 16 47 1
762 : 405 1055 22 33 1
763 : 253 971 40 19 0
764 : 203 770 48 15 0
765 : 341 1055 32 23 0
766 : 274 1055 32 23 0
767 : 56 356 52 14 0
768 : 0 1082 22 33 1
769 : 454 479 14 52 1
770 : 654 356 14 51 1
771 : 542 1028 36 20 0
772 : 827 911 44 17 0
773 : 548 971 42 17 0
774 : 890 512 48 15 0
775 : 128 1082 29 25 0
776 : 743 1055 34 21 0
777 : 434 971 18 41 1
778 : 475 971 18 41 1
779 : 639 1055 24 31 1
780 : 462 209 53 14 0
781 : 574 1055 33 22 0
782 : 477 999 40 18 0
783 : 264 1082 27 27 0
784 : 0 1028 38 19 0
785 : 470 1055 32 23 0
786 : 961 1055 34 21 0
787 : 723 479 52 14 0
788 : 670 1055 21 34 1
789 : 33 1082 22 33 1
790 : 888 1055 21 34 1
791 : 438 1055 32 23 0
792 : 363 1082 22 32 1
793 : 557 1082 30 24 0
794 : 929 971 17 41 1
795 : 0 513 14 50 1
796 : 0 1055 35 21 0
797 : 497 1082 25 29 1
798 : 512 896 46 15 0
799 : 793 1028 20 36 1
800 : 100 1082 28 26 0
801 : 979 493 34 21 1
802 : 981 223 19 37 0
803 : 721 1028 18 38 1
804 : 117 1028 18 39 1
805 : 326 1109 23 30 1
806 : 757 578 15 48 1
807 : 181 999 17 41 1
808 : 387 1109 31 22 0
809 : 82 579 50 14 0
810 : 66 1082 34 20 0
811 : 590 971 17 42 1
812 : 207 210 52 13 0
813 : 526 1082 31 23 0
814 : 222 999 41 17 0
815 : 502 1055 20 35 1
816 : 454 1109 21 32 1
817 : 931 1028 37 19 0
818 : 156 1028 40 17 0
819 : 688 641 14 50 1
820 : 595 1109 31 22 0
821 : 757 941 16 44 1
822 : 146 971 16 43 1
823 : 103 971 16 43 1
824 : 690 1109 24 28 1
825 : 910 1082 26 27 0
826 : 970 1082 29 24 0
827 : 835 1109 28 24 0
828 : 60 1134 26 26 0
829 : 306 1055 20 35 1
830 : 662 1109 24 28 1
831 : 489 247 13 52 1
832 : 0 480 13 51 1
833 : 537 1055 18 37 1
834 : 169 1109 22 31 1
835 : 33 999 16 42 1
836 : 238 1055 19 36 1
837 : 428 545 15 44 1
838 : 979 721 32 21 1
839 : 265 1109 31 22 0
840 : 625 1082 19 35 1
841 : 296 1109 30 23 0
842 : 821 479 47 14 0
843 : 922 1109 23 29 1
844 : 118 1134 27 25 0
845 : 356 1109 31 22 0
846 : 851 1055 18 37 1
847 : 406 579 48 14 0
848 : 908 999 41 16 0
849 : 0 1134 28 24 0
850 : 649 1028 18 38 1
851 : 503 1028 17 39 1
852 : 239 1134 27 25 0
853 : 777 1055 36 19 0
854 : 393 1134 28 24 0
855 : 821 641 14 47 1
856 : 233 1109 21 32 1
857 : 559 357 50 13 0
858 : 578 1028 38 18 0
859 : 421 1134 28 24 0
860 : 894 1109 28 24 0
861 : 708 579 14 48 1
862 : 298 999 16 42 1
863 : 846 579 14 48 1
864 : 626 446 15 43 1
865 : 331 1134 24 28 1
866 : 208 1134 31 21 0
867 : 745 1109 31 21 0
868 : 513 356 14 46 1
869 : 598 1134 25 26 0
870 : 842 1082 33 20 0
871 : 517 1134 24 27 1
872 : 544 1134 26 25 1
873 : 776 1109 29 23 0
874 : 193 1082 36 18 0
875 : 35 1109 34 19 0
876 : 340 999 42 16 0
877 : 744 1134 28 23 0
878 : 951 1109 23 29 1
879 : 69 1109 20 33 1
880 : 718 1109 27 25 0
881 : 0 1160 27 24 0
882 : 863 1109 31 21 0
883 : 102 1109 34 19 0
884 : 136 1109 20 33 1
885 : 89 1160 27 24 0
886 : 229 1082 35 19 0
887 : 145 1134 30 22 0
888 : 329 545 15 44 1
889 : 805 1109 22 30 1
890 : 200 1109 33 20 0
891 : 328 1082 35 19 0
892 : 75 1028 15 42 1
893 : 178 1160 26 25 0
894 : 204 1160 21 30 1
895 : 234 1160 25 26 1
896 : 293 1160 27 24 0
897 : 320 1160 28 23 0
898 : 704 1055 16 39 1
899 : 357 480 13 51 1
900 : 121 283 13 51 1
901 : 927 1134 30 21 0
902 : 207 609 43 15 0
903 : 467 897 14 45 1
904 : 979 849 31 21 1
905 : 36 545 44 15 0
906 : 772 1082 18 35 1
907 : 348 1160 27 23 0
908 : 807 1082 18 35 1
909 : 375 1160 24 26 1
910 : 401 1160 24 26 1
911 : 657 1134 22 29 1
912 : 686 1134 23 28 1
913 : 157 1082 36 18 0
914 : 875 1082 35 18 0
915 : 28 1134 32 20 0
916 : 714 1134 21 30 1
917 : 569 1134 29 22 0
918 : 427 1160 28 22 0
919 : 805 1134 25 26 0
920 : 175 1134 33 19 0
921 : 830 1134 29 22 0
922 : 455 1160 24 26 1
923 : 266 1134 19 33 1
924 : 481 1160 28 22 0
925 : 936 1082 34 19 0
926 : 957 1134 31 20 0
927 : 815 1160 23 27 1
928 : 0 1109 35 18 0
929 : 789 1160 26 24 0
930 : 707 1160 24 26 1
931 : 813 1055 17 38 1
932 : 651 1160 24 26 1
933 : 233 1028 15 42 1
934 : 291 1082 37 17 0
935 : 842 1160 27 23 0
936 : 794 999 15 42 1
937 : 922 1055 16 39 1
938 : 395 1082 37 17 0
939 : 537 1160 23 27 1
940 : 432 1082 38 16 0
941 : 275 1028 42 15 0
942 : 623 1160 28 22 0
943 : 0 675 13 47 1
944 : 299 1134 20 32 1
945 : 764 1160 25 25 0
946 : 359 1134 34 18 0
947 : 27 1160 32 19 0
948 : 581 999 15 42 1
949 : 59 1160 30 21 0
950 : 717 999 15 42 1
951 : 116 1160 32 19 0
952 : 587 1082 38 16 0
953 : 148 1160 30 21 0
954 : 527 580 48 13 0
955 : 660 1082 37 17 0
956 : 509 1160 28 22 0
957 : 86 1134 32 20 0
958 : 418 1109 36 17 0
959 : 697 1082 37 17 0
960 : 981 527 19 33 0
961 : 980 941 20 30 0
962 : 564 1160 29 21 0
963 : 976 1160 25 24 1
964 : 168 1185 23 26 1
965 : 260 1160 18 33 1
966 : 486 1109 36 17 0
967 : 898 1160 21 28 1
968 : 926 1160 26 23 0
969 : 952 1160 25 24 1
970 : 522 1109 37 16 0
971 : 559 1109 36 17 0
972 : 677 1160 20 30 1
973 : 483 1134 18 34 1
974 : 0 1185 23 26 1
975 : 82 1185 21 28 1
976 : 449 1134 34 18 0
977 : 734 1082 38 16 0
978 : 626 1109 17 36 1
979 : 869 1160 29 21 0
980 : 223 1185 26 23 0
981 : 623 1134 17 34 1
982 : 54 1185 28 21 0
983 : 772 1134 33 18 0
984 : 26 1185 28 21 0
985 : 859 1134 17 34 1
986 : 593 1160 30 20 0
987 : 334 1185 29 20 0
988 : 110 1185 21 28 1
989 : 138 1185 30 19 0
990 : 363 1185 24 24 0
991 : 893 1134 34 17 0
992 : 194 1185 20 29 1
993 : 733 1160 31 19 0
994 : 387 1185 24 24 0
995 : 249 1185 21 28 1
996 : 277 1185 30 19 0
997 : 411 1185 28 20 0
998 : 307 1185 22 27 1
999 : 274 898 13 44 1
