200 225
0 : 0 44 110 32 0
1 : 163 60 12 33 1
2 : 115 0 78 15 0
3 : 126 96 62 18 0
4 : 110 60 16 53 1
5 : 0 150 37 76 1
6 : 0 30 14 97 1
7 : 143 150 28 43 1
8 : 143 178 16 9 0
9 : 76 172 15 22 1
10 : 0 96 64 19 0
11 : 177 50 10 13 1
12 : 78 146 4 27 1
13 : 116 136 12 13 0
14 : 197 115 3 6 0
15 : 159 23 7 22 1
16 : 110 44 67 16 0
17 : 186 150 27 14 1
18 : 139 137 13 41 1
19 : 0 115 78 35 0
20 : 0 0 30 115 1
21 : 115 15 8 54 1
22 : 92 76 20 91 1
23 : 194 107 6 6 0
24 : 97 30 72 12 0
25 : 0 76 15 92 1
26 : 139 115 22 58 1
27 : 188 96 19 6 1
28 : 117 187 38 48 1
29 : 78 115 21 61 1
30 : 78 136 10 38 1
31 : 76 150 22 47 1
32 : 0 187 22 37 1
33 : 0 91 5 30 1
34 : 48 91 5 9 1
35 : 193 0 3 15 0
36 : 169 30 24 10 0
37 : 123 150 20 37 0
38 : 180 137 18 13 0
39 : 165 187 23 19 1
40 : 76 187 41 27 0
41 : 30 91 18 5 0
42 : 194 96 6 11 0
43 : 37 187 39 24 0
44 : 177 44 21 6 0
45 : 64 96 62 17 0
46 : 183 76 20 15 1
47 : 169 15 3 8 0
48 : 115 23 44 7 0
