92 210
0 : 0 0 11 9 0
1 : 11 0 1 1 0
2 : 12 0 9 11 1
3 : 23 0 1 29 1
4 : 52 0 9 11 1
5 : 63 0 19 15 0
6 : 0 15 50 29 0
7 : 23 1 1 19 1
8 : 50 15 18 18 0
9 : 0 44 12 45 1
10 : 68 15 19 15 0
11 : 68 30 14 12 0
12 : 45 44 12 45 1
13 : 23 2 27 13 0
14 : 0 56 43 13 0
15 : 0 69 55 13 0
16 : 43 56 31 13 0
17 : 55 69 19 15 0
18 : 0 84 11 79 1
19 : 0 95 50 50 0
20 : 0 82 2 37 1
21 : 50 95 31 13 1
22 : 0 145 92 17 0
23 : 74 56 21 13 1
24 : 82 30 11 9 1
25 : 63 95 33 13 1
26 : 76 95 28 13 1
27 : 0 162 1 29 1
28 : 79 84 13 10 0
29 : 29 162 27 13 0
30 : 0 175 17 88 1
31 : 76 123 19 15 1
32 : 91 123 1 19 0
33 : 0 192 86 17 0
34 : 0 209 1 48 1
35 : 0 9 4 6 0
36 : 82 0 13 10 1
37 : 4 9 4 6 0
