200 211
0 : 26 126 15 72 1
1 : 98 126 15 47 1
2 : 108 156 67 11 0
3 : 0 0 56 39 0
4 : 84 198 6 35 1
5 : 175 156 11 17 1
6 : 139 189 8 20 1
7 : 117 189 22 8 0
8 : 192 156 8 12 0
9 : 197 0 3 16 0
10 : 65 189 11 9 0
11 : 40 179 9 61 1
12 : 0 198 47 7 0
13 : 93 27 11 11 0
14 : 62 205 5 18 1
15 : 172 198 6 22 1
16 : 118 205 5 7 1
17 : 0 205 6 14 1
18 : 125 87 25 21 0
19 : 196 39 22 4 1
20 : 51 168 16 11 0
21 : 109 108 33 17 0
22 : 193 131 8 7 1
23 : 134 205 4 8 1
24 : 0 39 26 110 1
25 : 189 61 11 4 0
26 : 0 156 58 12 0
27 : 129 65 56 21 0
28 : 27 65 21 102 1
29 : 147 198 6 25 1
30 : 101 179 9 51 1
31 : 67 168 16 11 0
32 : 14 205 30 5 0
33 : 53 189 12 9 0
34 : 142 205 4 6 0
35 : 167 108 26 16 0
36 : 102 142 68 12 0
37 : 20 179 20 10 0
38 : 99 87 21 26 1
39 : 188 87 20 12 1
40 : 131 23 49 16 0
41 : 119 198 6 28 1
42 : 123 62 11 3 0
43 : 56 27 37 12 0
44 : 35 189 9 18 1
45 : 198 142 2 9 0
46 : 80 205 5 14 1
47 : 160 61 15 4 0
48 : 152 179 39 9 0
49 : 83 168 64 10 0
50 : 159 189 32 7 0
51 : 0 126 16 26 1
52 : 0 87 99 21 0
53 : 150 87 38 19 0
54 : 110 39 23 32 1
55 : 47 198 6 37 1
56 : 142 39 22 54 1
57 : 106 0 25 36 0
58 : 56 0 50 27 0
59 : 0 65 27 22 0
60 : 76 189 8 41 1
61 : 131 0 66 23 0
62 : 110 205 8 5 0
63 : 106 36 15 3 0
64 : 170 142 18 12 0
65 : 125 205 9 4 0
66 : 198 189 6 2 1
67 : 193 168 9 6 1
68 : 102 205 5 8 1
69 : 142 61 4 18 1
70 : 180 23 15 19 1
71 : 94 205 8 5 0
72 : 175 61 14 4 0
73 : 145 126 48 13 0
74 : 185 65 14 14 0
75 : 147 168 23 10 0
76 : 44 205 5 18 1
77 : 170 168 10 23 1
78 : 0 168 51 11 0
79 : 0 142 58 14 0
80 : 185 79 7 12 1
81 : 191 179 10 9 1
82 : 92 156 16 12 0
83 : 110 62 13 3 0
84 : 0 189 35 9 0
85 : 58 156 34 12 0
86 : 142 108 17 25 1
87 : 197 16 3 3 0
88 : 193 108 7 23 0
89 : 0 179 10 20 1
90 : 0 108 109 18 0
91 : 191 189 7 7 0
92 : 194 198 6 6 0
93 : 58 142 44 13 0
94 : 199 168 3 1 1
95 : 188 153 3 12 1
96 : 188 142 10 11 0
