3000 6746
0 : 2253 6248 365 185 0
1 : 1465 6248 378 200 0
2 : 1843 6248 410 165 0
3 : 0 6598 425 148 0
4 : 520 6248 425 296 0
5 : 425 6598 439 116 0
6 : 975 3981 464 1006 1
7 : 945 6248 520 205 0
8 : 0 6248 520 350 0
9 : 690 5718 540 530 0
10 : 0 3409 549 1413 1
11 : 0 572 549 1882 1
12 : 1785 5718 553 496 0
13 : 1919 4553 555 755 1
14 : 1230 5718 555 496 0
15 : 625 5108 555 659 1
16 : 2338 5718 567 473 0
17 : 1284 5108 572 592 0
18 : 0 3981 572 975 1
19 : 1413 3409 572 1175 1
20 : 0 2265 572 1575 1
21 : 1490 2837 572 1390 1
22 : 0 2837 572 1490 1
23 : 0 1693 572 1590 1
24 : 0 1121 572 1690 1
25 : 0 0 572 1890 1
26 : 0 5108 610 625 1
27 : 1856 5108 660 490 0
28 : 0 5718 690 447 0
29 : 970 4553 949 445 0
30 : 1981 3981 949 478 0
31 : 0 4553 970 463 0
