92 210
0 : 0 0 11 9 0
1 : 11 0 1 1 0
2 : 12 0 9 11 1
3 : 23 0 1 29 1
4 : 52 0 9 11 1
5 : 63 0 19 15 0
6 : 0 15 50 29 0
7 : 23 1 1 19 1
8 : 50 15 18 18 0
9 : 0 44 12 45 1
10 : 68 15 19 15 0
11 : 23 2 14 12 0
12 : 45 44 12 45 1
13 : 0 56 27 13 0
14 : 27 56 43 13 0
15 : 0 69 55 13 0
16 : 55 69 31 13 0
17 : 0 82 19 15 0
18 : 0 97 11 79 1
19 : 0 108 50 50 0
20 : 19 82 2 37 1
21 : 19 84 31 13 0
22 : 0 158 92 17 0
23 : 70 56 21 13 0
24 : 82 0 11 9 1
25 : 50 84 33 13 0
26 : 50 108 28 13 0
27 : 56 82 1 29 1
28 : 79 97 13 10 0
29 : 50 121 27 13 0
30 : 0 175 17 88 1
31 : 50 134 19 15 0
32 : 56 83 1 19 1
33 : 0 192 86 17 0
34 : 0 209 1 48 1
35 : 0 9 4 6 0
36 : 50 33 13 10 0
37 : 12 9 4 6 0
