200 271
0 : 0 0 8 47 1
1 : 47 0 143 26 0
2 : 0 26 16 107 1
3 : 0 42 33 95 1
4 : 190 0 5 21 0
5 : 107 26 54 40 0
6 : 95 42 84 15 0
7 : 161 26 32 25 1
8 : 0 75 52 45 0
9 : 186 26 13 39 0
10 : 52 75 86 20 0
11 : 0 120 50 77 1
12 : 77 120 77 31 0
13 : 0 170 24 74 1
14 : 179 42 11 12 0
15 : 74 170 22 65 1
16 : 138 75 27 53 1
17 : 154 120 14 46 0
18 : 190 42 17 9 1
19 : 168 120 15 21 0
20 : 191 75 31 6 1
21 : 183 120 8 38 0
22 : 0 194 23 77 1
23 : 139 170 12 35 1
24 : 195 0 5 12 0
25 : 174 170 20 23 0
26 : 77 194 73 40 0
27 : 150 194 40 39 0
28 : 0 234 64 37 0
