40400 49913
0 : 0 0 4629 1596 0
1 : 4629 0 2919 783 0
2 : 7548 0 8067 1832 0
3 : 15615 0 7180 2974 0
4 : 22795 0 1685 1708 0
5 : 24480 0 2029 601 1
6 : 25081 0 15046 7040 0
7 : 0 7040 6726 7039 1
8 : 7548 1832 7958 5170 0
9 : 0 1596 3621 4223 0
10 : 7039 7040 4358 6846 1
11 : 15615 2974 6272 1268 0
12 : 15615 4242 6171 1473 0
13 : 22795 1708 3448 1249 1
14 : 13885 7040 6389 10170 1
15 : 24055 7040 7910 5092 0
16 : 0 13766 4629 11306 1
17 : 22795 5156 1279 1621 0
18 : 31965 7040 3529 6846 1
19 : 31965 10569 3770 3117 0
20 : 35735 10569 3924 3177 0
21 : 39659 10569 2672 556 1
22 : 11306 13766 15046 5222 0
23 : 4629 783 2050 2287 0
24 : 26352 13766 7958 5152 0
25 : 38811 7040 1063 2033 0
26 : 7039 11398 1823 5782 1
27 : 34310 13766 4047 5429 1
28 : 24055 12132 6416 1491 0
29 : 6679 783 859 2104 0
30 : 0 18988 6378 12850 1
31 : 12850 18988 10744 2912 0
32 : 23594 18988 4629 2353 1
33 : 3621 1596 2919 838 1
34 : 25947 18988 8067 5014 0
35 : 34014 18988 3139 2974 1
36 : 4629 3070 1685 1469 0
37 : 4629 4539 2029 824 0
38 : 0 25366 15046 5406 0
39 : 12850 21900 6726 3329 0
40 : 15046 25366 7958 9256 1
41 : 0 5819 1080 4223 1
42 : 24302 25366 2407 6846 0
43 : 26709 25366 6272 5296 1
44 : 36988 18988 6171 1375 1
45 : 38811 9073 1253 1249 0
46 : 0 33324 6389 10729 1
47 : 32005 25366 7910 7563 0
48 : 10729 33324 4629 6465 1
49 : 39874 7040 503 1621 0
50 : 17194 33324 7629 6846 0
51 : 24823 33324 6549 3117 1
52 : 27940 33324 6978 3177 0
53 : 4629 5363 2672 869 0
54 : 0 40170 15046 3231 0
55 : 27940 36501 4676 2287 0
56 : 0 30772 7958 2142 0
57 : 19576 21900 3638 2033 0
58 : 12821 11398 1823 1064 1
59 : 26709 31638 4047 1135 0
60 : 27940 38788 6416 1357 0
61 : 10729 37953 3842 2104 0
62 : 15046 40170 6378 8049 1
63 : 23095 40170 10744 9743 0
