1000 1335
0 : 206 1117 66 61 0
1 : 229 808 62 48 0
2 : 158 726 62 46 0
3 : 139 649 61 43 0
4 : 163 481 39 62 1
5 : 0 481 38 61 1
6 : 417 118 30 71 1
7 : 77 612 56 37 0
8 : 177 856 52 39 0
9 : 133 612 36 55 1
10 : 869 23 74 27 0
11 : 695 1117 42 47 0
12 : 609 302 61 32 0
13 : 290 388 58 32 0
14 : 0 772 51 36 0
15 : 37 1117 46 40 0
16 : 239 0 79 23 0
17 : 169 966 48 38 0
18 : 160 0 79 23 0
19 : 98 302 30 60 1
20 : 0 0 22 81 1
21 : 107 856 36 49 1
22 : 384 50 25 71 1
23 : 138 23 73 24 0
24 : 233 388 57 31 0
25 : 797 23 72 25 0
26 : 93 772 50 35 0
27 : 560 420 56 31 0
28 : 586 520 33 54 1
29 : 890 1039 39 46 1
30 : 0 223 28 63 1
31 : 396 0 77 23 0
32 : 592 1218 43 40 0
33 : 480 856 36 48 1
34 : 0 420 56 31 0
35 : 230 692 51 34 0
36 : 735 481 54 32 0
37 : 274 1178 44 40 0
38 : 96 966 37 47 1
39 : 88 692 51 34 0
40 : 333 895 48 36 0
41 : 804 553 53 33 0
42 : 765 1078 39 45 1
43 : 658 692 34 50 1
44 : 318 0 22 78 1
45 : 88 649 51 33 0
46 : 0 334 29 58 1
47 : 763 0 73 23 0
48 : 690 0 23 73 1
49 : 170 1039 37 45 1
50 : 904 0 73 23 0
51 : 93 1258 42 40 0
52 : 0 172 26 64 1
53 : 61 481 31 54 1
54 : 211 23 23 72 1
55 : 81 0 79 21 0
56 : 622 856 35 47 1
57 : 322 692 33 50 1
58 : 550 1218 39 42 1
59 : 180 692 33 50 1
60 : 187 451 54 30 0
61 : 732 251 60 27 0
62 : 885 808 47 34 1
63 : 547 0 22 73 1
64 : 465 726 49 33 0
65 : 935 1078 37 43 1
66 : 877 481 30 52 1
67 : 309 75 67 23 0
68 : 532 931 35 45 1
69 : 661 172 62 25 0
70 : 0 148 24 64 1
71 : 487 931 35 45 1
72 : 749 1039 36 43 1
73 : 356 251 26 59 1
74 : 706 1039 43 36 0
75 : 441 75 67 23 0
76 : 136 931 34 45 1
77 : 119 148 64 24 0
78 : 368 726 32 48 1
79 : 535 520 30 51 1
80 : 245 726 32 48 1
81 : 220 198 25 61 1
82 : 633 334 55 27 0
83 : 398 388 54 28 0
84 : 829 808 33 46 0
85 : 40 692 31 48 1
86 : 381 895 45 33 0
87 : 0 520 51 29 0
88 : 411 1004 43 35 0
89 : 473 0 74 20 0
90 : 485 520 50 29 0
91 : 480 1218 40 37 0
92 : 668 223 25 59 1
93 : 567 726 31 47 1
94 : 892 612 30 48 1
95 : 366 772 46 31 0
96 : 449 1258 37 39 0
97 : 511 1258 37 39 0
98 : 604 118 63 22 0
99 : 759 1004 34 42 1
100 : 766 302 26 55 1
101 : 899 772 31 45 1
102 : 455 50 67 21 0
103 : 379 172 23 61 1
104 : 648 198 23 59 1
105 : 537 726 46 30 1
106 : 183 148 62 22 0
107 : 484 334 26 54 1
108 : 414 1218 36 39 1
109 : 161 198 59 23 0
110 : 69 23 69 20 0
111 : 616 420 51 27 0
112 : 798 808 31 44 0
113 : 47 553 28 49 1
114 : 666 1298 37 37 0
115 : 581 1039 34 41 1
116 : 767 808 31 44 0
117 : 436 520 49 28 0
118 : 376 75 65 21 0
119 : 283 23 20 68 1
120 : 652 1258 36 38 0
121 : 259 302 55 25 0
122 : 791 278 24 55 1
123 : 517 1039 33 40 1
124 : 620 0 70 19 0
125 : 926 692 29 45 1
126 : 669 856 31 43 1
127 : 727 223 57 23 0
128 : 632 388 52 26 0
129 : 416 726 45 29 1
130 : 318 50 20 66 1
131 : 784 223 23 57 1
132 : 339 726 45 29 1
133 : 182 388 51 25 0
134 : 650 363 25 52 1
135 : 178 98 20 63 1
136 : 0 23 69 19 0
137 : 201 772 44 29 0
138 : 0 649 28 46 1
139 : 463 251 23 56 1
140 : 660 649 28 45 1
141 : 933 420 26 50 1
142 : 270 1218 37 34 0
143 : 120 75 65 20 0
144 : 619 612 28 46 1
145 : 63 50 65 19 0
146 : 676 251 56 23 0
147 : 328 612 46 27 0
148 : 418 649 28 45 1
149 : 559 553 47 27 0
150 : 529 1117 38 33 1
151 : 373 649 45 28 0
152 : 707 50 64 19 0
153 : 388 334 24 52 1
154 : 836 0 18 68 1
155 : 672 966 40 31 0
156 : 450 612 46 27 0
157 : 61 118 20 61 1
158 : 267 1078 32 38 1
159 : 790 334 52 24 0
160 : 305 1078 38 32 0
161 : 33 1258 34 36 1
162 : 181 931 30 41 1
163 : 938 649 44 27 0
164 : 837 1004 31 39 1
165 : 723 118 20 61 1
166 : 211 1218 33 36 1
167 : 933 520 26 47 1
168 : 460 451 48 25 0
169 : 415 1117 32 37 0
170 : 929 75 62 19 0
171 : 801 966 31 40 1
172 : 35 726 28 44 1
173 : 115 481 48 25 0
174 : 246 75 19 63 1
175 : 0 553 47 26 0
176 : 0 966 40 30 0
177 : 0 586 46 26 0
178 : 175 1218 36 33 0
179 : 363 931 40 30 0
180 : 579 148 20 59 1
181 : 876 1258 34 35 0
182 : 272 1117 37 32 1
183 : 708 726 28 43 0
184 : 139 1218 33 36 1
185 : 681 553 26 46 1
186 : 495 172 21 58 1
187 : 557 895 29 41 1
188 : 104 420 24 49 1
189 : 749 1178 33 37 0
190 : 174 1117 32 37 0
191 : 142 1117 37 32 1
192 : 867 198 56 21 0
193 : 542 23 65 18 0
194 : 739 334 23 51 1
195 : 688 334 23 51 1
196 : 841 966 30 39 1
197 : 348 388 50 24 0
198 : 458 302 52 23 0
199 : 110 1117 37 32 1
200 : 244 334 51 23 0
201 : 726 692 27 43 1
202 : 880 966 30 39 1
203 : 796 420 48 24 0
204 : 759 198 56 21 0
205 : 643 481 25 47 1
206 : 376 420 24 49 1
207 : 296 1039 38 31 0
208 : 0 118 19 61 1
209 : 890 1218 33 35 0
210 : 690 148 59 20 0
211 : 96 520 25 47 1
212 : 0 1117 31 37 1
213 : 572 692 27 43 1
214 : 432 553 25 45 1
215 : 128 50 18 64 1
216 : 511 692 27 43 1
217 : 468 692 27 43 1
218 : 717 1178 36 32 1
219 : 919 966 30 39 1
220 : 122 118 60 19 0
221 : 0 451 24 48 1
222 : 372 692 27 43 1
223 : 482 98 61 19 0
224 : 488 118 60 19 0
225 : 448 931 29 39 1
226 : 958 966 30 39 1
227 : 508 451 24 47 1
228 : 557 612 26 44 1
229 : 513 612 26 44 1
230 : 357 118 60 19 0
231 : 744 363 50 23 0
232 : 55 198 56 20 0
233 : 615 692 43 27 0
234 : 577 931 29 39 1
235 : 604 172 57 20 0
236 : 351 23 65 17 0
237 : 202 278 21 53 1
238 : 872 302 51 22 0
239 : 522 50 18 64 1
240 : 413 451 47 24 0
241 : 821 302 51 22 0
242 : 832 50 63 18 0
243 : 176 1078 30 37 1
244 : 311 481 24 46 1
245 : 329 649 26 43 0
246 : 34 1178 31 36 1
247 : 153 420 48 23 0
248 : 357 481 46 24 0
249 : 182 118 19 60 1
250 : 737 1117 31 36 0
251 : 640 1117 31 36 0
252 : 150 895 28 40 1
253 : 403 481 46 24 0
254 : 469 148 58 19 0
255 : 285 649 26 43 0
256 : 245 772 27 42 1
257 : 0 98 18 61 1
258 : 902 856 40 28 0
259 : 0 1078 30 37 1
260 : 763 856 28 40 1
261 : 493 481 46 24 0
262 : 622 251 54 21 0
263 : 586 649 26 43 0
264 : 141 1298 33 34 1
265 : 889 1178 35 32 1
266 : 498 1117 36 31 1
267 : 464 586 25 44 1
268 : 966 1039 30 37 0
269 : 150 808 27 41 1
270 : 140 451 23 47 1
271 : 670 23 64 17 0
272 : 497 649 26 43 0
273 : 255 50 17 63 1
274 : 703 772 27 41 1
275 : 290 586 44 25 0
276 : 355 148 58 19 0
277 : 548 1298 33 33 0
278 : 334 586 44 25 0
279 : 416 363 49 22 0
280 : 61 1004 29 38 1
281 : 583 334 50 22 0
282 : 208 302 51 21 0
283 : 792 1039 30 37 0
284 : 304 1117 31 36 0
285 : 936 1039 30 37 0
286 : 421 98 18 61 1
287 : 811 520 24 45 1
288 : 707 612 25 43 1
289 : 488 808 40 27 1
290 : 293 726 26 42 0
291 : 111 223 20 55 1
292 : 413 808 40 27 1
293 : 377 1078 30 36 1
294 : 947 1218 34 32 1
295 : 876 1004 29 37 1
296 : 97 931 39 28 0
297 : 56 420 48 23 0
298 : 712 1258 32 33 0
299 : 334 808 40 27 1
300 : 304 520 24 45 1
301 : 477 553 24 44 1
302 : 48 451 23 47 1
303 : 240 1039 29 37 0
304 : 48 251 20 53 1
305 : 111 895 27 39 1
306 : 825 172 19 56 1
307 : 683 520 45 24 0
308 : 700 1004 37 29 0
309 : 713 98 18 60 1
310 : 504 1078 30 36 1
311 : 949 1004 37 29 0
312 : 347 553 24 44 1
313 : 0 895 27 39 1
314 : 918 726 26 41 0
315 : 774 451 23 46 1
316 : 820 451 46 23 0
317 : 134 388 48 22 0
318 : 569 75 61 17 0
319 : 508 75 61 17 0
320 : 51 520 23 45 1
321 : 970 726 26 41 0
322 : 708 420 23 47 1
323 : 559 302 50 21 0
324 : 825 856 39 27 1
325 : 106 334 50 21 0
326 : 889 251 52 20 0
327 : 0 278 52 20 0
328 : 192 50 17 63 1
329 : 617 1004 37 29 0
330 : 361 98 17 60 1
331 : 241 98 17 60 1
332 : 712 856 27 39 0
333 : 941 98 18 59 1
334 : 595 451 23 46 1
335 : 229 1298 32 33 0
336 : 936 553 24 44 1
337 : 832 481 23 45 1
338 : 944 726 26 41 0
339 : 849 1117 30 35 0
340 : 923 302 50 21 0
341 : 105 1218 34 31 0
342 : 408 278 52 20 0
343 : 488 1039 36 29 1
344 : 614 726 41 25 1
345 : 190 895 27 39 1
346 : 690 481 23 45 1
347 : 645 808 26 39 0
348 : 70 1178 30 35 1
349 : 194 1178 35 30 0
350 : 378 586 24 43 1
351 : 99 1004 37 28 0
352 : 841 118 18 58 1
353 : 744 772 26 40 1
354 : 948 895 27 38 1
355 : 421 586 24 43 1
356 : 935 1258 32 33 0
357 : 303 553 24 44 1
358 : 0 198 19 55 1
359 : 136 1004 37 28 0
360 : 242 118 18 59 1
361 : 200 251 53 20 0
362 : 173 1004 28 37 1
363 : 210 1004 28 37 1
364 : 471 420 22 47 1
365 : 762 895 27 38 1
366 : 602 772 40 26 0
367 : 923 198 19 54 1
368 : 118 98 60 17 0
369 : 250 856 26 39 0
370 : 913 1004 28 36 1
371 : 612 649 42 25 1
372 : 190 363 21 48 1
373 : 247 1004 28 37 1
374 : 649 1039 29 36 0
375 : 550 586 43 24 0
376 : 337 1004 37 28 0
377 : 281 198 55 19 0
378 : 241 451 22 46 1
379 : 476 1004 28 36 1
380 : 570 251 52 19 0
381 : 361 808 26 39 0
382 : 389 1258 31 33 0
383 : 387 808 26 39 0
384 : 374 1004 37 28 0
385 : 416 23 63 16 0
386 : 201 420 47 22 0
387 : 306 278 52 20 0
388 : 809 75 17 61 1
389 : 223 649 24 42 0
390 : 809 692 25 41 1
391 : 0 1258 33 31 0
392 : 459 1298 32 32 0
393 : 881 172 18 55 1
394 : 435 1078 35 29 0
395 : 218 223 53 19 0
396 : 639 726 25 41 0
397 : 479 23 63 16 0
398 : 516 1298 32 32 0
399 : 301 98 17 60 1
400 : 819 931 37 27 0
401 : 881 931 27 37 1
402 : 784 1218 30 33 0
403 : 593 586 43 24 0
404 : 687 1178 34 30 1
405 : 220 726 25 41 0
406 : 941 251 52 20 0
407 : 135 1258 33 31 1
408 : 725 1218 33 30 1
409 : 941 278 50 20 0
410 : 664 726 25 40 0
411 : 191 1258 33 31 1
412 : 867 895 38 27 0
413 : 158 302 20 50 1
414 : 729 451 45 22 0
415 : 581 1298 32 32 0
416 : 741 808 26 39 0
417 : 46 649 42 24 0
418 : 734 23 63 16 0
419 : 794 363 48 21 0
420 : 185 75 16 61 1
421 : 942 856 38 26 1
422 : 850 692 25 41 1
423 : 35 1039 28 36 1
424 : 919 808 26 39 0
425 : 841 223 19 53 1
426 : 0 50 63 16 0
427 : 96 553 23 44 1
428 : 452 388 21 47 1
429 : 616 931 37 27 0
430 : 713 931 37 27 0
431 : 0 1178 29 34 1
432 : 512 1004 28 36 1
433 : 326 772 25 40 1
434 : 835 1178 30 34 0
435 : 801 1004 36 28 0
436 : 89 586 23 43 1
437 : 243 966 36 27 1
438 : 585 388 21 47 1
439 : 665 612 24 42 1
440 : 771 50 16 61 1
441 : 111 808 25 39 1
442 : 895 50 61 16 0
443 : 388 856 38 26 1
444 : 392 520 23 44 1
445 : 695 1218 30 33 0
446 : 607 23 63 16 0
447 : 690 75 60 16 0
448 : 665 1218 30 33 0
449 : 425 420 46 21 0
450 : 906 388 21 47 1
451 : 684 451 22 45 1
452 : 653 931 27 37 1
453 : 636 586 23 42 1
454 : 488 198 18 54 1
455 : 510 302 49 20 0
456 : 95 363 20 48 1
457 : 953 388 21 47 1
458 : 678 1039 28 35 0
459 : 746 649 24 41 0
460 : 770 649 41 24 1
461 : 46 586 43 23 0
462 : 772 388 21 47 1
463 : 303 931 27 37 1
464 : 255 278 19 51 1
465 : 253 251 19 52 1
466 : 79 726 24 40 1
467 : 434 1039 28 35 0
468 : 274 1258 32 30 1
469 : 635 1218 30 33 0
470 : 678 586 23 42 1
471 : 103 278 19 51 1
472 : 139 692 41 24 0
473 : 315 966 27 36 0
474 : 362 1039 28 35 0
475 : 451 772 25 39 1
476 : 281 692 41 24 0
477 : 412 772 25 39 1
478 : 413 148 56 17 0
479 : 799 586 23 42 1
480 : 222 172 17 55 1
481 : 520 1218 30 33 0
482 : 906 148 17 55 1
483 : 870 75 16 59 1
484 : 391 612 23 42 1
485 : 594 198 54 18 0
486 : 339 856 26 38 0
487 : 52 278 51 19 0
488 : 182 520 44 22 0
489 : 646 50 61 16 0
490 : 583 481 44 22 0
491 : 907 1078 28 34 0
492 : 508 586 23 42 1
493 : 642 772 25 39 1
494 : 701 895 37 26 0
495 : 730 1298 31 31 0
496 : 630 75 16 60 1
497 : 851 612 23 41 1
498 : 0 363 48 20 0
499 : 334 1039 28 35 0
500 : 330 1258 30 32 0
501 : 769 692 40 24 0
502 : 373 223 52 18 0
503 : 784 118 57 17 0
504 : 860 772 25 39 1
505 : 720 586 23 42 1
506 : 95 451 21 45 1
507 : 0 302 49 19 0
508 : 314 1298 31 30 1
509 : 449 481 22 44 1
510 : 769 612 23 41 1
511 : 620 808 38 25 1
512 : 595 808 25 38 0
513 : 899 118 57 17 0
514 : 918 931 26 36 1
515 : 931 1117 28 33 0
516 : 810 612 23 41 1
517 : 600 278 50 19 0
518 : 102 1039 27 35 1
519 : 0 1039 27 35 1
520 : 287 772 24 39 1
521 : 343 1078 28 34 1
522 : 245 148 17 57 1
523 : 280 363 20 47 1
524 : 217 966 26 36 0
525 : 426 895 37 25 0
526 : 539 481 22 44 1
527 : 200 649 41 23 1
528 : 850 726 39 24 1
529 : 440 172 17 55 1
530 : 463 808 25 38 0
531 : 846 278 50 19 0
532 : 305 251 18 51 1
533 : 587 1178 29 33 0
534 : 175 1298 31 30 1
535 : 782 1178 29 33 0
536 : 428 1298 31 31 0
537 : 650 278 50 19 0
538 : 49 302 49 19 0
539 : 26 1218 32 29 0
540 : 760 726 24 39 0
541 : 768 520 22 43 1
542 : 844 420 45 21 0
543 : 587 1078 34 28 0
544 : 512 363 47 20 0
545 : 248 586 22 42 1
546 : 206 586 22 42 1
547 : 964 808 25 38 0
548 : 64 172 17 55 1
549 : 684 388 20 46 1
550 : 874 726 39 24 1
551 : 261 553 22 42 1
552 : 42 388 20 46 1
553 : 321 223 52 18 0
554 : 344 1298 30 31 0
555 : 622 1039 34 27 1
556 : 470 1078 34 28 0
557 : 296 895 37 25 0
558 : 833 1078 28 34 0
559 : 58 334 48 19 0
560 : 940 612 23 41 1
561 : 307 1218 29 32 0
562 : 621 895 37 25 0
563 : 465 363 47 20 0
564 : 369 451 21 44 1
565 : 943 23 57 16 0
566 : 387 1117 28 33 0
567 : 784 726 39 24 1
568 : 833 649 40 23 1
569 : 447 1117 28 33 0
570 : 755 1218 29 32 0
571 : 327 363 47 20 0
572 : 483 895 25 37 1
573 : 590 1004 35 27 1
574 : 637 649 23 40 0
575 : 162 772 24 39 1
576 : 0 75 15 60 1
577 : 143 966 26 36 0
578 : 504 966 26 35 0
579 : 79 1078 27 34 1
580 : 530 966 26 35 0
581 : 166 223 52 18 0
582 : 586 50 60 15 0
583 : 191 808 38 24 0
584 : 0 808 38 24 0
585 : 822 772 38 24 0
586 : 921 1178 29 32 0
587 : 248 420 45 20 0
588 : 519 251 18 51 1
589 : 349 520 22 43 1
590 : 60 75 60 15 0
591 : 360 302 49 19 0
592 : 358 278 18 50 1
593 : 26 1298 31 30 0
594 : 520 895 25 37 1
595 : 784 772 38 24 0
596 : 640 520 43 22 0
597 : 915 649 40 23 1
598 : 603 363 20 47 1
599 : 149 251 51 18 0
600 : 74 895 37 25 0
601 : 736 726 39 24 1
602 : 60 966 26 36 1
603 : 852 856 25 37 0
604 : 38 808 24 38 1
605 : 83 1117 33 27 1
606 : 362 1218 29 32 0
607 : 143 363 20 47 1
608 : 551 856 25 37 0
609 : 270 612 22 41 1
610 : 744 1258 31 30 1
611 : 577 966 35 26 1
612 : 119 726 23 39 1
613 : 718 302 19 48 1
614 : 267 481 21 44 1
615 : 409 302 49 19 0
616 : 0 692 23 40 1
617 : 750 75 15 59 1
618 : 269 1039 27 34 0
619 : 523 649 23 40 0
620 : 624 966 26 35 0
621 : 929 481 21 43 1
622 : 670 302 19 48 1
623 : 420 1258 31 29 1
624 : 360 1258 31 29 1
625 : 389 966 26 35 0
626 : 789 481 43 21 0
627 : 425 223 52 18 0
628 : 877 856 25 37 0
629 : 70 856 37 24 0
630 : 229 612 41 22 0
631 : 562 1117 33 28 1
632 : 318 1178 28 32 0
633 : 88 388 20 46 1
634 : 188 612 41 22 0
635 : 889 420 44 20 0
636 : 414 856 25 37 0
637 : 341 334 19 47 1
638 : 234 1078 27 33 1
639 : 895 553 41 21 0
640 : 671 808 37 24 1
641 : 48 363 47 19 0
642 : 514 726 39 23 1
643 : 613 1117 27 32 0
644 : 774 931 35 25 1
645 : 674 1004 26 34 0
646 : 182 553 42 21 0
647 : 768 1117 27 32 0
648 : 739 856 36 24 1
649 : 795 1117 27 32 0
650 : 822 1117 32 27 1
651 : 546 649 22 39 0
652 : 641 451 20 43 1
653 : 838 1218 30 28 1
654 : 879 1117 32 27 1
655 : 894 223 50 17 0
656 : 391 553 21 41 1
657 : 140 553 42 21 0
658 : 936 172 52 16 0
659 : 815 198 17 52 1
660 : 856 931 35 25 1
661 : 861 388 19 45 1
662 : 84 1298 29 30 0
663 : 724 649 22 39 0
664 : 462 1039 33 26 1
665 : 105 1178 27 32 1
666 : 137 1178 32 27 0
667 : 613 1298 29 29 0
668 : 841 586 21 40 1
669 : 598 856 36 24 1
670 : 822 895 35 24 1
671 : 527 772 23 37 1
672 : 794 649 22 39 0
673 : 839 251 17 50 1
674 : 490 772 23 37 1
675 : 621 1078 26 32 0
676 : 881 586 40 21 0
677 : 695 808 36 23 1
678 : 718 808 23 36 0
679 : 542 198 16 52 1
680 : 738 895 35 24 1
681 : 750 931 24 34 0
682 : 295 334 18 46 1
683 : 599 98 57 15 0
684 : 365 856 35 23 1
685 : 656 98 57 15 0
686 : 958 586 40 21 0
687 : 424 931 24 34 0
688 : 246 1258 28 30 0
689 : 598 895 23 35 0
690 : 436 198 52 16 0
691 : 548 118 56 15 0
692 : 885 334 46 18 0
693 : 548 1258 30 28 1
694 : 113 1298 28 29 0
695 : 552 278 17 48 1
696 : 64 148 15 55 1
697 : 707 198 52 16 0
698 : 61 98 57 14 0
699 : 885 98 56 14 0
700 : 667 118 15 56 1
701 : 862 808 23 36 0
702 : 301 118 56 15 0
703 : 271 223 16 50 1
704 : 137 1039 25 33 1
705 : 828 726 37 22 1
706 : 440 808 36 23 1
707 : 215 1039 33 25 1
708 : 335 1117 31 26 1
709 : 528 856 35 23 1
710 : 681 772 36 22 1
711 : 261 895 23 35 1
712 : 304 1004 24 33 1
713 : 723 172 52 15 0
714 : 441 1178 26 30 0
715 : 39 895 35 23 0
716 : 829 98 56 14 0
717 : 453 1218 30 27 1
718 : 727 553 20 40 1
719 : 342 966 33 24 1
720 : 541 388 44 18 0
721 : 361 1117 31 26 1
722 : 907 451 42 19 0
723 : 773 98 56 14 0
724 : 312 808 36 22 1
725 : 0 612 20 39 1
726 : 540 1078 31 25 1
727 : 543 98 14 56 1
728 : 0 856 22 35 1
729 : 51 772 21 36 0
730 : 600 1258 27 29 0
731 : 801 148 53 15 0
732 : 35 856 35 22 0
733 : 225 481 42 19 0
734 : 261 1298 27 28 0
735 : 803 856 34 22 1
736 : 692 1078 31 25 1
737 : 72 772 21 36 0
738 : 717 1078 31 25 1
739 : 154 278 16 48 1
740 : 538 334 17 45 1
741 : 799 1258 28 27 1
742 : 336 1218 29 26 1
743 : 906 1117 30 25 1
744 : 959 1117 25 30 0
745 : 690 931 33 23 1
746 : 265 649 37 20 1
747 : 374 1298 27 28 0
748 : 576 856 22 34 0
749 : 291 808 21 35 0
750 : 458 856 34 22 1
751 : 169 1178 25 30 0
752 : 340 931 33 23 1
753 : 57 1298 27 28 0
754 : 658 895 34 22 1
755 : 856 649 37 20 1
756 : 366 966 23 32 0
757 : 314 302 16 46 1
758 : 401 1298 27 27 0
759 : 415 966 23 32 0
760 : 876 649 20 37 0
761 : 744 278 16 47 1
762 : 64 931 22 33 1
763 : 728 520 40 19 0
764 : 0 251 48 15 0
765 : 733 966 32 23 1
766 : 778 966 32 23 1
767 : 854 148 52 14 0
768 : 800 895 22 33 0
769 : 119 172 14 52 1
770 : 553 172 14 51 1
771 : 445 726 36 20 1
772 : 559 363 44 17 0
773 : 518 420 42 17 0
774 : 415 251 48 15 0
775 : 539 1178 29 25 1
776 : 156 856 34 21 1
777 : 866 451 18 41 1
778 : 328 451 18 41 1
779 : 557 1039 24 31 0
780 : 302 148 53 14 0
781 : 0 931 33 22 0
782 : 264 520 40 18 0
783 : 703 1298 27 27 0
784 : 39 612 38 19 0
785 : 292 966 32 23 1
786 : 229 856 34 21 1
787 : 749 148 52 14 0
788 : 276 856 21 34 0
789 : 926 895 22 33 0
790 : 297 856 21 34 0
791 : 438 966 32 23 1
792 : 281 931 22 32 0
793 : 861 1078 30 24 1
794 : 755 420 17 41 1
795 : 386 198 14 50 1
796 : 76 808 35 21 0
797 : 490 1178 25 29 0
798 : 506 278 46 15 0
799 : 319 726 20 36 0
800 : 304 1258 28 26 1
801 : 318 856 34 21 1
802 : 981 612 19 37 0
803 : 521 553 18 38 1
804 : 894 520 18 39 1
805 : 844 1039 23 30 0
806 : 101 251 15 48 1
807 : 287 451 17 41 1
808 : 0 1004 31 22 0
809 : 336 198 50 14 0
810 : 963 772 34 20 1
811 : 334 420 17 42 1
812 : 527 148 52 13 0
813 : 71 1039 31 23 0
814 : 667 420 41 17 0
815 : 898 726 20 35 0
816 : 905 895 21 32 0
817 : 750 612 37 19 1
818 : 555 451 40 17 0
819 : 111 198 14 50 1
820 : 270 966 31 22 1
821 : 440 334 16 44 1
822 : 842 363 16 43 1
823 : 885 363 16 43 1
824 : 417 1178 24 28 0
825 : 288 1298 26 27 0
826 : 671 1117 29 24 1
827 : 865 1178 28 24 1
828 : 761 1298 26 26 0
829 : 808 726 20 35 0
830 : 616 1178 24 28 0
831 : 638 148 13 52 1
832 : 328 172 13 51 1
833 : 762 586 18 37 1
834 : 482 966 22 31 0
835 : 499 388 16 42 1
836 : 896 649 19 36 0
837 : 200 334 15 44 1
838 : 846 895 32 21 1
839 : 650 966 31 22 1
840 : 415 692 19 35 1
841 : 867 1039 30 23 1
842 : 944 223 47 14 0
843 : 810 1078 23 29 0
844 : 627 1258 27 25 1
845 : 756 966 31 22 1
846 : 921 586 18 37 1
847 : 477 223 48 14 0
848 : 293 420 41 16 0
849 : 640 1178 28 24 1
850 : 606 553 18 38 1
851 : 143 520 17 39 1
852 : 486 1258 27 25 1
853 : 705 649 36 19 1
854 : 811 1178 28 24 1
855 : 792 251 14 47 1
856 : 680 895 21 32 0
857 : 775 172 50 13 0
858 : 857 553 38 18 0
859 : 346 1178 28 24 1
860 : 370 1178 28 24 1
861 : 525 223 14 48 1
862 : 819 388 16 42 1
863 : 573 223 14 48 1
864 : 842 334 15 43 1
865 : 515 1178 24 28 0
866 : 954 931 31 21 1
867 : 975 931 31 21 1
868 : 460 278 14 46 1
869 : 851 1258 25 26 0
870 : 515 808 33 20 1
871 : 814 1218 24 27 0
872 : 774 1258 26 25 1
873 : 742 1078 29 23 1
874 : 247 649 36 18 1
875 : 971 692 34 19 1
876 : 730 388 42 16 0
877 : 475 1117 28 23 1
878 : 647 1078 23 29 0
879 : 535 808 20 33 0
880 : 166 1258 27 25 1
881 : 950 1178 27 24 1
882 : 260 931 31 21 1
883 : 689 726 34 19 1
884 : 555 808 20 33 0
885 : 974 1178 27 24 1
886 : 0 726 35 19 0
887 : 454 1004 30 22 1
888 : 956 50 15 44 1
889 : 737 1004 22 30 0
890 : 575 808 33 20 1
891 : 891 692 35 19 0
892 : 374 363 15 42 1
893 : 910 1258 26 25 1
894 : 603 966 21 30 0
895 : 826 1258 25 26 0
896 : 58 1218 27 24 1
897 : 229 1178 28 23 1
898 : 961 148 16 39 1
899 : 277 172 13 51 1
900 : 171 172 13 51 1
901 : 712 966 30 21 1
902 : 931 334 43 15 0
903 : 896 278 14 45 1
904 : 403 931 31 21 1
905 : 156 334 44 15 0
906 : 568 649 18 35 0
907 : 564 1178 27 23 1
908 : 355 649 18 35 0
909 : 69 1258 24 26 0
910 : 222 1258 24 26 0
911 : 390 1039 22 29 0
912 : 590 1117 23 28 0
913 : 601 612 36 18 1
914 : 311 649 35 18 1
915 : 463 895 32 20 1
916 : 31 1004 21 30 1
917 : 822 1039 29 22 1
918 : 670 1078 28 22 1
919 : 0 1298 25 26 1
920 : 564 772 33 19 1
921 : 412 1039 29 22 1
922 : 576 1258 24 26 0
923 : 583 772 19 33 0
924 : 885 1078 28 22 1
925 : 143 772 34 19 1
926 : 33 931 31 20 0
927 : 664 1178 23 27 0
928 : 982 649 35 18 1
929 : 688 1258 26 24 1
930 : 866 1218 24 26 0
931 : 856 520 17 38 1
932 : 923 1218 24 26 0
933 : 702 363 15 42 1
934 : 644 553 37 17 0
935 : 394 1178 27 23 1
936 : 928 363 15 42 1
937 : 949 451 16 39 1
938 : 767 553 37 17 0
939 : 467 1178 23 27 0
940 : 972 481 38 16 1
941 : 956 118 42 15 0
942 : 413 1078 28 22 1
943 : 621 223 13 47 1
944 : 968 856 20 32 0
945 : 491 1298 25 25 0
946 : 708 692 34 18 1
947 : 973 302 32 19 1
948 : 0 388 15 42 1
949 : 461 966 30 21 1
950 : 238 363 15 42 1
951 : 945 808 32 19 1
952 : 226 520 38 16 0
953 : 556 966 30 21 1
954 : 63 223 48 13 0
955 : 132 586 37 17 0
956 : 565 1078 28 22 1
957 : 229 895 32 20 0
958 : 311 612 36 17 1
959 : 169 586 37 17 0
960 : 944 772 19 33 0
961 : 970 363 20 30 1
962 : 569 1004 29 21 1
963 : 205 1298 25 24 1
964 : 0 1218 23 26 1
965 : 980 520 18 33 0
966 : 374 612 36 17 1
967 : 37 1078 21 28 0
968 : 82 1218 26 23 1
969 : 967 1258 25 24 1
970 : 224 553 37 16 0
971 : 433 612 36 17 1
972 : 799 931 20 30 0
973 : 554 692 18 34 0
974 : 247 1218 23 26 0
975 : 58 1078 21 28 0
976 : 450 692 34 18 1
977 : 627 481 38 16 1
978 : 496 612 17 36 0
979 : 548 1004 29 21 1
980 : 391 1218 26 23 1
981 : 463 649 17 34 0
982 : 113 1078 28 21 1
983 : 980 553 33 18 1
984 : 134 1078 28 21 1
985 : 480 649 17 34 0
986 : 40 966 30 20 1
987 : 974 334 29 20 1
988 : 155 1078 21 28 0
989 : 222 931 30 19 1
990 : 787 1298 24 24 0
991 : 816 649 34 17 1
992 : 284 1004 20 29 0
993 : 439 856 31 19 1
994 : 642 1298 24 24 0
995 : 213 1078 21 28 0
996 : 241 931 30 19 1
997 : 654 1004 28 20 1
998 : 252 1178 22 27 0
999 : 700 278 13 44 1
