123 370
0 : 67 310 54 15 0
1 : 46 355 39 15 0
2 : 63 261 51 17 0
3 : 0 185 90 21 0
4 : 0 89 84 25 0
5 : 45 278 43 17 0
6 : 0 227 97 17 0
7 : 65 325 49 15 0
8 : 65 31 45 17 0
9 : 0 62 120 27 0
10 : 0 244 64 17 0
11 : 0 139 67 25 0
12 : 97 227 25 15 0
13 : 0 325 65 15 0
14 : 89 206 23 15 0
15 : 64 244 59 17 0
16 : 72 114 50 17 0
17 : 88 278 33 15 0
18 : 67 139 56 21 0
19 : 0 295 92 15 0
20 : 0 310 67 15 0
21 : 64 340 46 15 0
22 : 0 261 63 17 0
23 : 0 114 72 25 0
24 : 0 0 80 31 0
25 : 85 355 38 15 0
26 : 90 185 32 15 0
27 : 0 340 64 15 0
28 : 84 89 37 17 0
29 : 0 31 65 31 0
30 : 92 295 26 15 0
31 : 0 206 89 21 0
32 : 0 278 45 17 0
33 : 0 164 123 21 0
34 : 0 355 46 15 0
