1000 1347
0 : 0 0 66 61 0
1 : 66 0 62 48 0
2 : 128 0 62 46 0
3 : 190 0 61 43 0
4 : 251 0 39 62 1
5 : 313 0 38 61 0
6 : 351 0 30 71 1
7 : 422 0 56 37 1
8 : 459 0 52 39 1
9 : 498 0 36 55 0
10 : 534 0 74 27 0
11 : 608 0 42 47 0
12 : 650 0 61 32 0
13 : 711 0 58 32 1
14 : 743 0 51 36 1
15 : 779 0 46 40 1
16 : 819 0 79 23 0
17 : 898 0 48 38 1
18 : 0 61 79 23 0
19 : 79 61 30 60 1
20 : 139 61 22 81 1
21 : 220 61 36 49 1
22 : 269 61 25 71 1
23 : 340 61 73 24 0
24 : 936 0 57 31 1
25 : 413 61 72 25 0
26 : 485 61 50 35 0
27 : 967 0 56 31 1
28 : 535 61 33 54 1
29 : 589 61 39 46 1
30 : 635 61 28 63 1
31 : 698 61 77 23 0
32 : 775 61 43 40 0
33 : 818 61 36 48 1
34 : 866 61 56 31 0
35 : 922 61 51 34 0
36 : 0 101 54 32 0
37 : 54 101 44 40 0
38 : 98 101 37 47 1
39 : 145 101 51 34 0
40 : 196 101 48 36 0
41 : 244 101 53 33 0
42 : 297 101 39 45 1
43 : 342 101 34 50 1
44 : 392 101 22 78 1
45 : 470 101 51 33 0
46 : 521 101 29 58 1
47 : 579 101 73 23 0
48 : 652 101 23 73 1
49 : 725 101 37 45 1
50 : 770 101 73 23 0
51 : 843 101 42 40 0
52 : 885 101 26 64 1
53 : 0 141 31 54 1
54 : 54 141 23 72 1
55 : 126 141 79 21 0
56 : 205 141 35 47 1
57 : 252 141 33 50 1
58 : 302 141 39 42 1
59 : 344 141 33 50 1
60 : 394 141 54 30 0
61 : 448 141 60 27 0
62 : 508 141 47 34 0
63 : 555 141 22 73 1
64 : 628 141 49 33 0
65 : 677 141 37 43 1
66 : 720 141 30 52 1
67 : 772 141 67 23 0
68 : 839 141 35 45 1
69 : 884 141 62 25 0
70 : 0 180 24 64 1
71 : 64 180 35 45 1
72 : 109 180 36 43 1
73 : 152 180 26 59 1
74 : 211 180 43 36 0
75 : 254 180 67 23 0
76 : 321 180 34 45 1
77 : 366 180 64 24 0
78 : 430 180 32 48 1
79 : 478 180 30 51 1
80 : 529 180 32 48 1
81 : 577 180 25 61 1
82 : 638 180 55 27 0
83 : 693 180 54 28 0
84 : 747 180 33 46 1
85 : 793 180 31 48 1
86 : 841 180 45 33 0
87 : 886 180 51 29 0
88 : 937 180 43 35 0
89 : 0 216 74 20 0
90 : 74 216 50 29 0
91 : 949 101 40 37 0
92 : 124 216 25 59 1
93 : 183 216 31 47 1
94 : 230 216 30 48 1
95 : 278 216 46 31 0
96 : 946 141 37 39 1
97 : 324 216 37 39 1
98 : 363 216 63 22 0
99 : 426 216 34 42 1
100 : 468 216 26 55 1
101 : 523 216 31 45 1
102 : 568 216 67 21 0
103 : 635 216 23 61 1
104 : 696 216 23 59 1
105 : 755 216 46 30 0
106 : 801 216 62 22 0
107 : 863 216 26 54 1
108 : 917 216 36 39 1
109 : 0 253 59 23 0
110 : 59 253 69 20 0
111 : 128 253 51 27 0
112 : 179 253 31 44 1
113 : 223 253 28 49 1
114 : 956 216 37 37 0
115 : 272 253 34 41 1
116 : 313 253 31 44 1
117 : 357 253 49 28 0
118 : 406 253 65 21 0
119 : 471 253 20 68 1
120 : 539 253 36 38 1
121 : 577 253 55 25 0
122 : 632 253 24 55 1
123 : 687 253 33 40 1
124 : 727 253 70 19 0
125 : 797 253 29 45 1
126 : 842 253 31 43 1
127 : 885 253 57 23 0
128 : 942 253 52 26 0
129 : 0 289 45 29 0
130 : 45 289 20 66 1
131 : 111 289 23 57 1
132 : 168 289 45 29 0
133 : 213 289 51 25 0
134 : 264 289 25 52 1
135 : 316 289 20 63 1
136 : 379 289 69 19 0
137 : 448 289 44 29 0
138 : 492 289 28 46 1
139 : 538 289 23 56 1
140 : 594 289 28 45 1
141 : 639 289 26 50 1
142 : 689 289 37 34 0
143 : 726 289 65 20 0
144 : 791 289 28 46 1
145 : 837 289 65 19 0
146 : 902 289 56 23 0
147 : 0 323 46 27 0
148 : 46 323 28 45 1
149 : 91 323 47 27 0
150 : 138 323 38 33 0
151 : 176 323 45 28 0
152 : 221 323 64 19 0
153 : 285 323 24 52 1
154 : 337 323 18 68 1
155 : 405 323 40 31 0
156 : 445 323 46 27 0
157 : 491 323 20 61 1
158 : 552 323 32 38 1
159 : 590 323 52 24 0
160 : 642 323 38 32 0
161 : 958 289 34 36 1
162 : 680 323 30 41 1
163 : 721 323 44 27 0
164 : 765 323 31 39 1
165 : 804 323 20 61 1
166 : 865 323 33 36 1
167 : 901 323 26 47 1
168 : 948 323 48 25 0
169 : 0 356 32 37 1
170 : 37 356 62 19 0
171 : 99 356 31 40 1
172 : 139 356 28 44 1
173 : 183 356 48 25 0
174 : 231 356 19 63 1
175 : 294 356 47 26 0
176 : 341 356 40 30 0
177 : 381 356 46 26 0
178 : 427 356 36 33 0
179 : 463 356 40 30 0
180 : 503 356 20 59 1
181 : 562 356 34 35 1
182 : 597 356 37 32 0
183 : 634 356 28 43 1
184 : 677 356 33 36 1
185 : 713 356 26 46 1
186 : 759 356 21 58 1
187 : 817 356 29 41 1
188 : 858 356 24 49 1
189 : 907 356 33 37 1
190 : 944 356 32 37 1
191 : 0 390 37 32 0
192 : 37 390 56 21 0
193 : 93 390 65 18 0
194 : 158 390 23 51 1
195 : 209 390 23 51 1
196 : 260 390 30 39 1
197 : 299 390 50 24 0
198 : 349 390 52 23 0
199 : 401 390 37 32 0
200 : 438 390 51 23 0
201 : 489 390 27 43 1
202 : 532 390 30 39 1
203 : 571 390 48 24 0
204 : 619 390 56 21 0
205 : 675 390 25 47 1
206 : 722 390 24 49 1
207 : 771 390 38 31 0
208 : 809 390 19 61 1
209 : 870 390 33 35 1
210 : 905 390 59 20 0
211 : 0 423 25 47 1
212 : 47 423 31 37 1
213 : 84 423 27 43 1
214 : 127 423 25 45 1
215 : 172 423 18 64 1
216 : 236 423 27 43 1
217 : 279 423 27 43 1
218 : 322 423 36 32 0
219 : 358 423 30 39 1
220 : 397 423 60 19 0
221 : 457 423 24 48 1
222 : 505 423 27 43 1
223 : 548 423 61 19 0
224 : 609 423 60 19 0
225 : 669 423 29 39 1
226 : 708 423 30 39 1
227 : 747 423 24 47 1
228 : 794 423 26 44 1
229 : 838 423 26 44 1
230 : 882 423 60 19 0
231 : 942 423 50 23 0
232 : 0 455 56 20 0
233 : 56 455 43 27 0
234 : 99 455 29 39 1
235 : 138 455 57 20 0
236 : 195 455 65 17 0
237 : 260 455 21 53 1
238 : 313 455 51 22 0
239 : 364 455 18 64 1
240 : 428 455 47 24 0
241 : 475 455 51 22 0
242 : 526 455 63 18 0
243 : 589 455 30 37 1
244 : 626 455 24 46 1
245 : 672 455 26 43 1
246 : 715 455 31 36 1
247 : 751 455 48 23 0
248 : 799 455 46 24 0
249 : 845 455 19 60 1
250 : 905 455 31 36 1
251 : 941 455 31 36 1
252 : 0 486 28 40 1
253 : 40 486 46 24 0
254 : 86 486 58 19 0
255 : 144 486 26 43 1
256 : 187 486 27 42 1
257 : 229 486 18 61 1
258 : 290 486 40 28 0
259 : 330 486 30 37 1
260 : 367 486 28 40 1
261 : 407 486 46 24 0
262 : 453 486 54 21 0
263 : 507 486 26 43 1
264 : 964 390 33 34 1
265 : 550 486 35 32 0
266 : 585 486 36 31 0
267 : 621 486 25 44 1
268 : 665 486 30 37 1
269 : 702 486 27 41 1
270 : 743 486 23 47 1
271 : 790 486 64 17 0
272 : 854 486 26 43 1
273 : 897 486 17 63 1
274 : 0 518 27 41 1
275 : 41 518 44 25 0
276 : 85 518 58 19 0
277 : 960 486 33 33 0
278 : 143 518 44 25 0
279 : 187 518 49 22 0
280 : 236 518 29 38 1
281 : 274 518 50 22 0
282 : 324 518 51 21 0
283 : 375 518 30 37 1
284 : 412 518 31 36 1
285 : 448 518 30 37 1
286 : 485 518 18 61 1
287 : 546 518 24 45 1
288 : 591 518 25 43 1
289 : 973 61 40 27 1
290 : 634 518 26 42 1
291 : 676 518 20 55 1
292 : 731 518 40 27 0
293 : 771 518 30 36 1
294 : 807 518 34 32 0
295 : 841 518 29 37 1
296 : 878 518 39 28 0
297 : 917 518 48 23 0
298 : 965 518 32 33 1
299 : 0 550 40 27 0
300 : 40 550 24 45 1
301 : 85 550 24 44 1
302 : 129 550 23 47 1
303 : 176 550 29 37 1
304 : 213 550 20 53 1
305 : 266 550 27 39 1
306 : 305 550 19 56 1
307 : 361 550 45 24 0
308 : 406 550 37 29 0
309 : 443 550 18 60 1
310 : 503 550 30 36 1
311 : 539 550 37 29 0
312 : 576 550 24 44 1
313 : 620 550 27 39 1
314 : 659 550 26 41 1
315 : 700 550 23 46 1
316 : 746 550 46 23 0
317 : 792 550 48 22 0
318 : 840 550 61 17 0
319 : 901 550 61 17 0
320 : 0 580 23 45 1
321 : 45 580 26 41 1
322 : 86 580 23 47 1
323 : 133 580 50 21 0
324 : 183 580 39 27 0
325 : 222 580 50 21 0
326 : 272 580 52 20 0
327 : 324 580 52 20 0
328 : 376 580 17 63 1
329 : 439 580 37 29 0
330 : 476 580 17 60 1
331 : 536 580 17 60 1
332 : 596 580 27 39 1
333 : 635 580 18 59 1
334 : 694 580 23 46 1
335 : 962 550 32 33 1
336 : 740 580 24 44 1
337 : 784 580 23 45 1
338 : 829 580 26 41 1
339 : 870 580 30 35 1
340 : 905 580 50 21 0
341 : 955 580 34 31 0
342 : 0 611 52 20 0
343 : 52 611 36 29 0
344 : 88 611 41 25 0
345 : 129 611 27 39 1
346 : 168 611 23 45 1
347 : 213 611 26 39 1
348 : 252 611 30 35 1
349 : 287 611 35 30 0
350 : 322 611 24 43 1
351 : 365 611 37 28 0
352 : 402 611 18 58 1
353 : 460 611 26 40 1
354 : 500 611 27 38 1
355 : 538 611 24 43 1
356 : 581 611 32 33 1
357 : 614 611 24 44 1
358 : 658 611 19 55 1
359 : 713 611 37 28 0
360 : 750 611 18 59 1
361 : 809 611 53 20 0
362 : 862 611 28 37 1
363 : 899 611 28 37 1
364 : 936 611 22 47 1
365 : 0 643 27 38 1
366 : 38 643 40 26 0
367 : 78 643 19 54 1
368 : 132 643 60 17 0
369 : 192 643 26 39 1
370 : 231 643 28 36 1
371 : 267 643 42 25 0
372 : 309 643 21 48 1
373 : 357 643 28 37 1
374 : 394 643 29 36 1
375 : 430 643 43 24 0
376 : 473 643 37 28 0
377 : 510 643 55 19 0
378 : 565 643 22 46 1
379 : 611 643 28 36 1
380 : 647 643 52 19 0
381 : 699 643 26 39 1
382 : 738 643 31 33 1
383 : 771 643 26 39 1
384 : 810 643 37 28 0
385 : 847 643 63 16 0
386 : 910 643 47 22 0
387 : 0 674 52 20 0
388 : 52 674 17 61 1
389 : 113 674 24 42 1
390 : 155 674 25 41 1
391 : 957 643 33 31 0
392 : 196 674 32 32 0
393 : 228 674 18 55 1
394 : 283 674 35 29 0
395 : 318 674 53 19 0
396 : 371 674 25 41 1
397 : 412 674 63 16 0
398 : 475 674 32 32 0
399 : 507 674 17 60 1
400 : 567 674 37 27 0
401 : 604 674 27 37 1
402 : 641 674 30 33 1
403 : 674 674 43 24 0
404 : 717 674 34 30 0
405 : 751 674 25 41 1
406 : 792 674 52 20 0
407 : 844 674 33 31 0
408 : 877 674 33 30 0
409 : 910 674 50 20 0
410 : 960 674 25 40 1
411 : 0 706 33 31 0
412 : 33 706 38 27 0
413 : 71 706 20 50 1
414 : 121 706 45 22 0
415 : 166 706 32 32 0
416 : 198 706 26 39 1
417 : 237 706 42 24 0
418 : 279 706 63 16 0
419 : 342 706 48 21 0
420 : 390 706 16 61 1
421 : 451 706 38 26 0
422 : 489 706 25 41 1
423 : 530 706 28 36 1
424 : 566 706 26 39 1
425 : 605 706 19 53 1
426 : 658 706 63 16 0
427 : 721 706 23 44 1
428 : 765 706 21 47 1
429 : 812 706 37 27 0
430 : 849 706 37 27 0
431 : 886 706 29 34 1
432 : 920 706 28 36 1
433 : 956 706 25 40 1
434 : 0 738 30 34 1
435 : 34 738 36 28 0
436 : 70 738 23 43 1
437 : 113 738 36 27 0
438 : 149 738 21 47 1
439 : 196 738 24 42 1
440 : 238 738 16 61 1
441 : 299 738 25 39 1
442 : 338 738 61 16 0
443 : 399 738 38 26 0
444 : 437 738 23 44 1
445 : 481 738 30 33 1
446 : 514 738 63 16 0
447 : 577 738 60 16 0
448 : 637 738 30 33 1
449 : 670 738 46 21 0
450 : 716 738 21 47 1
451 : 763 738 22 45 1
452 : 808 738 27 37 1
453 : 845 738 23 42 1
454 : 887 738 18 54 1
455 : 941 738 49 20 0
456 : 0 768 20 48 1
457 : 48 768 21 47 1
458 : 95 768 28 35 1
459 : 130 768 24 41 1
460 : 171 768 41 24 0
461 : 212 768 43 23 0
462 : 255 768 21 47 1
463 : 302 768 27 37 1
464 : 339 768 19 51 1
465 : 390 768 19 52 1
466 : 442 768 24 40 1
467 : 482 768 28 35 1
468 : 517 768 32 30 0
469 : 549 768 30 33 1
470 : 582 768 23 42 1
471 : 624 768 19 51 1
472 : 675 768 41 24 0
473 : 716 768 27 36 1
474 : 752 768 28 35 1
475 : 787 768 25 39 1
476 : 826 768 41 24 0
477 : 867 768 25 39 1
478 : 906 768 56 17 0
479 : 0 798 23 42 1
480 : 42 798 17 55 1
481 : 962 768 30 33 1
482 : 97 798 17 55 1
483 : 152 798 16 59 1
484 : 211 798 23 42 1
485 : 253 798 54 18 0
486 : 307 798 26 38 1
487 : 345 798 51 19 0
488 : 396 798 44 22 0
489 : 440 798 61 16 0
490 : 501 798 44 22 0
491 : 545 798 28 34 1
492 : 579 798 23 42 1
493 : 621 798 25 39 1
494 : 660 798 37 26 0
495 : 697 798 31 31 0
496 : 728 798 16 60 1
497 : 788 798 23 41 1
498 : 829 798 48 20 0
499 : 877 798 28 35 1
500 : 912 798 30 32 1
501 : 944 798 40 24 0
502 : 0 829 52 18 0
503 : 52 829 57 17 0
504 : 109 829 25 39 1
505 : 148 829 23 42 1
506 : 190 829 21 45 1
507 : 235 829 49 19 0
508 : 284 829 31 30 0
509 : 315 829 22 44 1
510 : 359 829 23 41 1
511 : 400 829 38 25 0
512 : 438 829 25 38 1
513 : 476 829 57 17 0
514 : 533 829 26 36 1
515 : 569 829 28 33 1
516 : 602 829 23 41 1
517 : 643 829 50 19 0
518 : 693 829 27 35 1
519 : 728 829 27 35 1
520 : 763 829 24 39 1
521 : 802 829 28 34 1
522 : 836 829 17 57 1
523 : 893 829 20 47 1
524 : 940 829 26 36 1
525 : 0 859 37 25 0
526 : 37 859 22 44 1
527 : 81 859 41 23 0
528 : 122 859 39 24 0
529 : 161 859 17 55 1
530 : 216 859 25 38 1
531 : 254 859 50 19 0
532 : 304 859 18 51 1
533 : 355 859 29 33 1
534 : 388 859 31 30 0
535 : 419 859 29 33 1
536 : 452 859 31 31 0
537 : 483 859 50 19 0
538 : 533 859 49 19 0
539 : 582 859 32 29 0
540 : 614 859 24 39 1
541 : 653 859 22 43 1
542 : 696 859 45 21 0
543 : 741 859 34 28 0
544 : 775 859 47 20 0
545 : 822 859 22 42 1
546 : 864 859 22 42 1
547 : 906 859 25 38 1
548 : 944 859 17 55 1
549 : 0 890 20 46 1
550 : 46 890 39 24 0
551 : 85 890 22 42 1
552 : 127 890 20 46 1
553 : 173 890 52 18 0
554 : 225 890 30 31 1
555 : 256 890 34 27 0
556 : 290 890 34 28 0
557 : 324 890 37 25 0
558 : 361 890 28 34 1
559 : 395 890 48 19 0
560 : 443 890 23 41 1
561 : 484 890 29 32 1
562 : 516 890 37 25 0
563 : 553 890 47 20 0
564 : 600 890 21 44 1
565 : 644 890 57 16 0
566 : 701 890 28 33 1
567 : 734 890 39 24 0
568 : 773 890 40 23 0
569 : 813 890 28 33 1
570 : 846 890 29 32 1
571 : 878 890 47 20 0
572 : 925 890 25 37 1
573 : 962 890 35 27 0
574 : 0 920 23 40 1
575 : 40 920 24 39 1
576 : 79 920 15 60 1
577 : 139 920 26 36 1
578 : 175 920 26 35 1
579 : 210 920 27 34 1
580 : 244 920 26 35 1
581 : 279 920 52 18 0
582 : 331 920 60 15 0
583 : 391 920 38 24 0
584 : 429 920 38 24 0
585 : 467 920 38 24 0
586 : 505 920 29 32 1
587 : 537 920 45 20 0
588 : 582 920 18 51 1
589 : 633 920 22 43 1
590 : 676 920 60 15 0
591 : 736 920 49 19 0
592 : 785 920 18 50 1
593 : 835 920 31 30 0
594 : 866 920 25 37 1
595 : 903 920 38 24 0
596 : 941 920 43 22 0
597 : 0 950 40 23 0
598 : 40 950 20 47 1
599 : 87 950 51 18 0
600 : 138 950 37 25 0
601 : 175 950 39 24 0
602 : 214 950 26 36 1
603 : 250 950 25 37 1
604 : 287 950 24 38 1
605 : 325 950 33 27 0
606 : 358 950 29 32 1
607 : 390 950 20 47 1
608 : 437 950 25 37 1
609 : 474 950 22 41 1
610 : 515 950 31 30 0
611 : 546 950 35 26 0
612 : 581 950 23 39 1
613 : 620 950 19 48 1
614 : 668 950 21 44 1
615 : 712 950 49 19 0
616 : 761 950 23 40 1
617 : 801 950 15 59 1
618 : 860 950 27 34 1
619 : 894 950 23 40 1
620 : 934 950 26 35 1
621 : 0 980 21 43 1
622 : 43 980 19 48 1
623 : 91 980 31 29 0
624 : 122 980 31 29 0
625 : 153 980 26 35 1
626 : 188 980 43 21 0
627 : 231 980 52 18 0
628 : 283 980 25 37 1
629 : 320 980 37 24 0
630 : 357 980 41 22 0
631 : 398 980 33 28 0
632 : 431 980 28 32 1
633 : 463 980 20 46 1
634 : 509 980 41 22 0
635 : 550 980 44 20 0
636 : 594 980 25 37 1
637 : 631 980 19 47 1
638 : 678 980 27 33 1
639 : 711 980 41 21 0
640 : 752 980 37 24 0
641 : 789 980 47 19 0
642 : 836 980 39 23 0
643 : 875 980 27 32 1
644 : 907 980 35 25 0
645 : 942 980 26 34 1
646 : 0 1009 42 21 0
647 : 42 1009 27 32 1
648 : 74 1009 36 24 0
649 : 110 1009 27 32 1
650 : 142 1009 32 27 0
651 : 174 1009 22 39 1
652 : 213 1009 20 43 1
653 : 969 950 30 28 0
654 : 256 1009 32 27 0
655 : 288 1009 50 17 0
656 : 338 1009 21 41 1
657 : 379 1009 42 21 0
658 : 421 1009 52 16 0
659 : 473 1009 17 52 1
660 : 525 1009 35 25 0
661 : 560 1009 19 45 1
662 : 605 1009 29 30 1
663 : 635 1009 22 39 1
664 : 674 1009 33 26 0
665 : 707 1009 27 32 1
666 : 739 1009 32 27 0
667 : 771 1009 29 29 0
668 : 800 1009 21 40 1
669 : 840 1009 36 24 0
670 : 876 1009 35 24 0
671 : 911 1009 23 37 1
672 : 948 1009 22 39 1
673 : 0 1038 17 50 1
674 : 50 1038 23 37 1
675 : 87 1038 26 32 1
676 : 119 1038 40 21 0
677 : 159 1038 36 23 0
678 : 195 1038 23 36 1
679 : 231 1038 16 52 1
680 : 283 1038 35 24 0
681 : 318 1038 24 34 1
682 : 352 1038 18 46 1
683 : 398 1038 57 15 0
684 : 455 1038 35 23 0
685 : 490 1038 57 15 0
686 : 547 1038 40 21 0
687 : 587 1038 24 34 1
688 : 621 1038 28 30 1
689 : 651 1038 23 35 1
690 : 686 1038 52 16 0
691 : 738 1038 56 15 0
692 : 794 1038 46 18 0
693 : 840 1038 30 28 0
694 : 870 1038 28 29 1
695 : 899 1038 17 48 1
696 : 0 1066 15 55 1
697 : 55 1066 52 16 0
698 : 107 1066 57 14 0
699 : 164 1066 56 14 0
700 : 220 1066 15 56 1
701 : 276 1066 23 36 1
702 : 312 1066 56 15 0
703 : 368 1066 16 50 1
704 : 418 1066 25 33 1
705 : 451 1066 37 22 0
706 : 488 1066 36 23 0
707 : 524 1066 33 25 0
708 : 557 1066 31 26 0
709 : 588 1066 35 23 0
710 : 623 1066 36 22 0
711 : 659 1066 23 35 1
712 : 694 1066 24 33 1
713 : 727 1066 52 15 0
714 : 779 1066 26 30 1
715 : 809 1066 35 23 0
716 : 844 1066 56 14 0
717 : 900 1066 30 27 0
718 : 930 1066 20 40 1
719 : 947 1038 33 24 0
720 : 0 1093 44 18 0
721 : 44 1093 31 26 0
722 : 75 1093 42 19 0
723 : 117 1093 56 14 0
724 : 173 1093 36 22 0
725 : 209 1093 20 39 1
726 : 248 1093 31 25 0
727 : 279 1093 14 56 1
728 : 335 1093 22 35 1
729 : 370 1093 21 36 1
730 : 970 1066 27 29 1
731 : 406 1093 53 15 0
732 : 459 1093 35 22 0
733 : 494 1093 42 19 0
734 : 536 1093 27 28 1
735 : 564 1093 34 22 0
736 : 598 1093 31 25 0
737 : 629 1093 21 36 1
738 : 665 1093 31 25 0
739 : 696 1093 16 48 1
740 : 744 1093 17 45 1
741 : 789 1093 28 27 0
742 : 817 1093 29 26 0
743 : 846 1093 30 25 0
744 : 876 1093 25 30 1
745 : 906 1093 33 23 0
746 : 939 1093 37 20 0
747 : 0 1120 27 28 1
748 : 28 1120 22 34 1
749 : 62 1120 21 35 1
750 : 97 1120 34 22 0
751 : 131 1120 25 30 1
752 : 161 1120 33 23 0
753 : 194 1120 27 28 1
754 : 222 1120 34 22 0
755 : 256 1120 37 20 0
756 : 293 1120 23 32 1
757 : 325 1120 16 46 1
758 : 371 1120 27 27 0
759 : 398 1120 23 32 1
760 : 430 1120 20 37 1
761 : 467 1120 16 47 1
762 : 514 1120 22 33 1
763 : 547 1120 40 19 0
764 : 587 1120 48 15 0
765 : 635 1120 32 23 0
766 : 667 1120 32 23 0
767 : 699 1120 52 14 0
768 : 751 1120 22 33 1
769 : 784 1120 14 52 1
770 : 836 1120 14 51 1
771 : 980 180 36 20 1
772 : 887 1120 44 17 0
773 : 931 1120 42 17 0
774 : 0 1147 48 15 0
775 : 48 1147 29 25 0
776 : 77 1147 34 21 0
777 : 111 1147 18 41 1
778 : 152 1147 18 41 1
779 : 193 1147 24 31 1
780 : 224 1147 53 14 0
781 : 277 1147 33 22 0
782 : 310 1147 40 18 0
783 : 973 1120 27 27 0
784 : 350 1147 38 19 0
785 : 388 1147 32 23 0
786 : 420 1147 34 21 0
787 : 454 1147 52 14 0
788 : 506 1147 21 34 1
789 : 540 1147 22 33 1
790 : 573 1147 21 34 1
791 : 607 1147 32 23 0
792 : 639 1147 22 32 1
793 : 976 829 30 24 1
794 : 671 1147 17 41 1
795 : 712 1147 14 50 1
796 : 762 1147 35 21 0
797 : 797 1147 25 29 1
798 : 826 1147 46 15 0
799 : 872 1147 20 36 1
800 : 908 1147 28 26 0
801 : 936 1147 34 21 0
802 : 0 1173 19 37 1
803 : 37 1173 18 38 1
804 : 75 1173 18 39 1
805 : 114 1173 23 30 1
806 : 144 1173 15 48 1
807 : 192 1173 17 41 1
808 : 977 455 31 22 1
809 : 233 1173 50 14 0
810 : 283 1173 34 20 0
811 : 317 1173 17 42 1
812 : 359 1173 52 13 0
813 : 411 1173 31 23 0
814 : 442 1173 41 17 0
815 : 483 1173 20 35 1
816 : 518 1173 21 32 1
817 : 550 1173 37 19 0
818 : 587 1173 40 17 0
819 : 627 1173 14 50 1
820 : 677 1173 31 22 0
821 : 708 1173 16 44 1
822 : 752 1173 16 43 1
823 : 795 1173 16 43 1
824 : 838 1173 24 28 1
825 : 970 1147 26 27 1
826 : 976 980 29 24 1
827 : 866 1173 28 24 0
828 : 894 1173 26 26 0
829 : 920 1173 20 35 1
830 : 955 1173 24 28 1
831 : 0 1199 13 52 1
832 : 52 1199 13 51 1
833 : 103 1199 18 37 1
834 : 140 1199 22 31 1
835 : 171 1199 16 42 1
836 : 213 1199 19 36 1
837 : 249 1199 15 44 1
838 : 293 1199 32 21 0
839 : 325 1199 31 22 0
840 : 356 1199 19 35 1
841 : 391 1199 30 23 0
842 : 421 1199 47 14 0
843 : 468 1199 23 29 1
844 : 497 1199 27 25 0
845 : 524 1199 31 22 0
846 : 555 1199 18 37 1
847 : 592 1199 48 14 0
848 : 640 1199 41 16 0
849 : 681 1199 28 24 0
850 : 709 1199 18 38 1
851 : 747 1199 17 39 1
852 : 786 1199 27 25 0
853 : 813 1199 36 19 0
854 : 849 1199 28 24 0
855 : 877 1199 14 47 1
856 : 924 1199 21 32 1
857 : 0 1224 50 13 0
858 : 50 1224 38 18 0
859 : 88 1224 28 24 0
860 : 116 1224 28 24 0
861 : 144 1224 14 48 1
862 : 192 1224 16 42 1
863 : 234 1224 14 48 1
864 : 282 1224 15 43 1
865 : 325 1224 24 28 1
866 : 353 1224 31 21 0
867 : 384 1224 31 21 0
868 : 415 1224 14 46 1
869 : 956 1199 25 26 1
870 : 461 1224 33 20 0
871 : 976 1093 24 27 0
872 : 494 1224 26 25 0
873 : 520 1224 29 23 0
874 : 549 1224 36 18 0
875 : 981 356 34 19 1
876 : 585 1224 42 16 0
877 : 627 1224 28 23 0
878 : 655 1224 23 29 1
879 : 684 1224 20 33 1
880 : 717 1224 27 25 0
881 : 744 1224 27 24 0
882 : 771 1224 31 21 0
883 : 802 1224 34 19 0
884 : 836 1224 20 33 1
885 : 869 1224 27 24 0
886 : 896 1224 35 19 0
887 : 931 1224 30 22 0
888 : 0 1249 15 44 1
889 : 44 1249 22 30 1
890 : 74 1249 33 20 0
891 : 107 1249 35 19 0
892 : 142 1249 15 42 1
893 : 961 1224 26 25 0
894 : 184 1249 21 30 1
895 : 214 1249 25 26 1
896 : 240 1249 27 24 0
897 : 267 1249 28 23 0
898 : 295 1249 16 39 1
899 : 334 1249 13 51 1
900 : 385 1249 13 51 1
901 : 436 1249 30 21 0
902 : 466 1249 43 15 0
903 : 509 1249 14 45 1
904 : 554 1249 31 21 0
905 : 585 1249 44 15 0
906 : 629 1249 18 35 1
907 : 664 1249 27 23 0
908 : 691 1249 18 35 1
909 : 726 1249 24 26 1
910 : 752 1249 24 26 1
911 : 778 1249 22 29 1
912 : 807 1249 23 28 1
913 : 835 1249 36 18 0
914 : 871 1249 35 18 0
915 : 906 1249 32 20 0
916 : 938 1249 21 30 1
917 : 968 1249 29 22 0
918 : 0 1274 28 22 0
919 : 28 1274 25 26 1
920 : 54 1274 33 19 0
921 : 87 1274 29 22 0
922 : 116 1274 24 26 1
923 : 142 1274 19 33 1
924 : 175 1274 28 22 0
925 : 203 1274 34 19 0
926 : 237 1274 31 20 0
927 : 268 1274 23 27 1
928 : 295 1274 35 18 0
929 : 330 1274 26 24 0
930 : 356 1274 24 26 1
931 : 382 1274 17 38 1
932 : 420 1274 24 26 1
933 : 446 1274 15 42 1
934 : 488 1274 37 17 0
935 : 525 1274 27 23 0
936 : 552 1274 15 42 1
937 : 594 1274 16 39 1
938 : 633 1274 37 17 0
939 : 670 1274 23 27 1
940 : 697 1274 38 16 0
941 : 735 1274 42 15 0
942 : 777 1274 28 22 0
943 : 805 1274 13 47 1
944 : 852 1274 20 32 1
945 : 884 1274 25 25 0
946 : 909 1274 34 18 0
947 : 943 1274 32 19 0
948 : 0 1299 15 42 1
949 : 42 1299 30 21 0
950 : 72 1299 15 42 1
951 : 114 1299 32 19 0
952 : 146 1299 38 16 0
953 : 184 1299 30 21 0
954 : 214 1299 48 13 0
955 : 262 1299 37 17 0
956 : 299 1299 28 22 0
957 : 327 1299 32 20 0
958 : 359 1299 36 17 0
959 : 395 1299 37 17 0
960 : 432 1299 19 33 1
961 : 465 1299 20 30 1
962 : 495 1299 29 21 0
963 : 975 1274 25 24 0
964 : 524 1299 23 26 1
965 : 550 1299 18 33 1
966 : 583 1299 36 17 0
967 : 619 1299 21 28 1
968 : 647 1299 26 23 0
969 : 673 1299 25 24 0
970 : 698 1299 37 16 0
971 : 735 1299 36 17 0
972 : 771 1299 20 30 1
973 : 801 1299 18 34 1
974 : 835 1299 23 26 1
975 : 861 1299 21 28 1
976 : 889 1299 34 18 0
977 : 923 1299 38 16 0
978 : 961 1299 17 36 1
979 : 0 1323 29 21 0
980 : 29 1323 26 23 0
981 : 55 1323 17 34 1
982 : 89 1323 28 21 0
983 : 117 1323 33 18 0
984 : 150 1323 28 21 0
985 : 178 1323 17 34 1
986 : 212 1323 30 20 0
987 : 242 1323 29 20 0
988 : 271 1323 21 28 1
989 : 299 1323 30 19 0
990 : 329 1323 24 24 0
991 : 353 1323 34 17 0
992 : 387 1323 20 29 1
993 : 416 1323 31 19 0
994 : 447 1323 24 24 0
995 : 471 1323 21 28 1
996 : 499 1323 30 19 0
997 : 980 1038 28 20 1
998 : 529 1323 22 27 1
999 : 556 1323 13 44 1
