247 666
0 : 0 0 39 27 0
1 : 39 0 41 33 0
2 : 80 0 46 17 0
3 : 126 0 33 17 0
4 : 159 0 27 17 1
5 : 0 33 88 17 0
6 : 176 0 31 17 0
7 : 88 33 43 17 0
8 : 0 50 213 40 0
9 : 131 33 33 17 0
10 : 164 33 29 17 0
11 : 0 90 45 27 0
12 : 45 90 57 27 0
13 : 193 33 36 17 0
14 : 102 90 102 17 0
15 : 207 0 39 17 0
16 : 0 117 240 40 0
17 : 204 90 25 27 0
18 : 0 157 82 17 0
19 : 82 157 54 17 0
20 : 229 90 24 17 1
21 : 213 50 33 17 0
22 : 0 174 117 33 0
23 : 136 157 67 17 0
24 : 117 174 99 27 0
25 : 203 157 40 17 0
26 : 0 207 244 42 0
27 : 0 249 38 17 0
28 : 38 249 146 33 0
29 : 0 282 82 17 0
30 : 184 249 50 17 0
31 : 216 174 31 17 0
32 : 0 299 224 44 0
33 : 82 282 37 17 0
34 : 0 343 88 38 0
35 : 0 381 207 44 0
36 : 0 425 152 65 0
37 : 88 343 103 27 0
38 : 152 425 58 27 1
39 : 179 425 61 27 1
40 : 0 490 71 27 0
41 : 119 282 47 17 0
42 : 71 490 98 27 0
43 : 166 282 76 17 0
44 : 191 343 50 27 0
45 : 169 490 67 17 0
46 : 0 517 247 39 0
47 : 229 33 17 17 0
48 : 207 381 39 17 0
49 : 213 67 31 17 0
50 : 80 17 15 17 1
51 : 206 425 53 17 1
52 : 0 556 112 49 0
53 : 112 556 76 17 0
54 : 223 425 46 17 1
55 : 224 299 43 17 1
56 : 0 605 69 17 0
57 : 188 556 45 17 0
58 : 207 398 29 17 0
59 : 112 573 71 27 0
60 : 183 573 44 17 0
61 : 69 605 60 17 0
62 : 129 605 56 17 0
63 : 227 573 20 17 0
64 : 185 605 50 17 0
65 : 0 622 60 17 0
66 : 60 622 63 17 0
67 : 123 622 42 17 0
68 : 165 622 34 27 0
69 : 0 649 52 17 0
