70 700
0 : 0 0 43 31 0
1 : 0 31 43 31 0
2 : 0 62 43 31 0
3 : 0 93 43 31 0
4 : 0 124 41 30 0
5 : 0 154 41 30 0
6 : 0 589 39 29 0
7 : 0 618 39 29 0
8 : 0 184 39 29 0
9 : 0 213 39 29 0
10 : 0 242 38 28 0
11 : 0 270 38 28 0
12 : 0 298 38 28 0
13 : 0 326 38 28 0
14 : 0 354 37 27 0
15 : 0 381 37 27 0
16 : 0 408 37 27 0
17 : 0 435 36 26 0
18 : 0 461 36 26 0
19 : 0 487 36 26 0
20 : 0 513 36 26 0
21 : 0 539 35 25 0
22 : 35 539 35 25 0
23 : 0 564 35 25 0
24 : 36 513 34 24 0
25 : 36 435 34 24 0
26 : 36 461 34 24 0
27 : 36 487 34 24 0
28 : 37 354 23 33 1
29 : 37 381 23 33 1
30 : 37 408 23 33 1
31 : 35 564 23 33 1
32 : 38 242 32 22 0
33 : 38 270 32 22 0
34 : 38 298 32 22 0
35 : 43 93 21 31 0
36 : 39 184 21 31 1
37 : 39 213 21 31 1
38 : 43 0 18 29 0
39 : 43 31 18 29 0
40 : 43 62 18 29 0
41 : 41 124 27 17 1
42 : 41 154 27 17 1
43 : 38 326 24 15 1
44 : 53 326 24 15 1
45 : 39 589 25 16 1
46 : 39 618 25 16 1
47 : 0 647 25 16 0
48 : 25 647 25 16 0
49 : 55 589 24 15 1
50 : 55 618 14 23 0
51 : 0 663 14 23 1
52 : 23 663 14 23 1
53 : 46 663 14 23 1
54 : 58 124 12 21 0
55 : 58 154 12 21 0
56 : 0 677 12 21 1
57 : 50 647 11 19 1
58 : 21 677 11 19 1
59 : 40 677 11 19 1
60 : 0 689 11 19 1
61 : 61 0 17 9 1
