200 227
0 : 110 0 15 72 1
1 : 48 154 15 47 1
2 : 110 15 67 11 0
3 : 116 88 56 39 0
4 : 165 74 6 35 1
5 : 102 201 11 17 0
6 : 45 201 8 20 1
7 : 48 169 22 8 0
8 : 40 167 8 12 0
9 : 182 12 3 16 1
10 : 191 201 11 9 1
11 : 102 54 9 61 1
12 : 106 143 47 7 0
13 : 170 201 11 11 0
14 : 109 100 5 18 0
15 : 70 169 6 22 1
16 : 97 210 5 7 0
17 : 118 172 6 14 1
18 : 172 179 25 21 0
19 : 54 102 22 4 1
20 : 125 201 16 11 1
21 : 34 179 33 17 0
22 : 84 210 8 7 0
23 : 196 140 4 8 0
24 : 0 0 26 110 1
25 : 0 197 11 4 0
26 : 58 88 58 12 0
27 : 0 127 56 21 0
28 : 0 44 21 102 1
29 : 0 191 6 25 1
30 : 58 111 9 51 1
31 : 136 201 16 11 1
32 : 165 80 30 5 0
33 : 161 201 12 9 1
34 : 88 175 4 6 1
35 : 120 179 26 16 0
36 : 109 26 68 12 0
37 : 25 201 20 10 0
38 : 94 179 21 26 1
39 : 0 167 20 12 0
40 : 106 127 49 16 0
41 : 95 166 6 28 1
42 : 178 51 11 3 0
43 : 95 154 37 12 0
44 : 84 201 9 18 1
45 : 197 28 2 9 0
46 : 163 60 5 14 1
47 : 52 196 15 4 0
48 : 172 88 39 9 1
49 : 102 44 64 10 0
50 : 166 44 32 7 0
51 : 146 179 16 26 1
52 : 0 65 99 21 0
53 : 181 88 38 19 1
54 : 168 154 23 32 1
55 : 163 54 6 37 1
56 : 0 102 22 54 1
57 : 132 154 25 36 1
58 : 56 127 50 27 0
59 : 67 179 27 22 0
60 : 155 140 8 41 1
61 : 99 65 66 23 0
62 : 25 191 8 5 0
63 : 197 179 15 3 1
64 : 182 0 18 12 0
65 : 191 60 9 4 0
66 : 153 143 6 2 1
67 : 123 166 9 6 0
68 : 92 210 5 8 0
69 : 70 175 4 18 1
70 : 65 201 15 19 1
71 : 161 213 8 5 0
72 : 177 60 14 4 0
73 : 0 154 48 13 0
74 : 147 201 14 14 0
75 : 187 15 23 10 1
76 : 34 196 5 18 1
77 : 177 15 10 23 0
78 : 58 100 51 11 0
79 : 0 88 58 14 0
80 : 58 120 7 12 1
81 : 0 218 10 9 0
82 : 113 201 16 12 1
83 : 197 15 13 3 1
84 : 165 65 35 9 0
85 : 0 179 34 12 0
86 : 0 201 17 25 1
87 : 195 80 3 3 0
88 : 95 172 7 23 1
89 : 20 167 10 20 1
90 : 0 26 109 18 0
91 : 25 211 7 7 0
92 : 32 211 6 6 0
93 : 155 127 44 13 0
94 : 198 12 3 1 1
95 : 166 51 3 12 1
96 : 181 201 10 11 0
