92 272
0 : 26 253 11 9 0
1 : 38 263 1 1 0
2 : 37 253 9 11 1
3 : 19 238 1 29 1
4 : 67 253 9 11 1
5 : 19 223 19 15 0
6 : 0 112 50 29 0
7 : 0 263 1 19 1
8 : 64 205 18 18 0
9 : 0 154 12 45 1
10 : 38 223 19 15 0
11 : 77 238 14 12 1
12 : 45 154 12 45 1
13 : 59 192 27 13 0
14 : 0 166 43 13 0
15 : 0 141 55 13 0
16 : 33 179 31 13 0
17 : 0 223 19 15 0
18 : 0 101 11 79 1
19 : 0 51 50 50 0
20 : 27 205 2 37 1
21 : 0 192 31 13 0
22 : 0 0 92 17 0
23 : 57 223 21 13 0
24 : 19 263 11 9 0
25 : 0 179 33 13 0
26 : 31 192 28 13 0
27 : 48 238 1 29 1
28 : 0 253 13 10 0
29 : 0 205 27 13 0
30 : 0 17 17 88 1
31 : 0 238 19 15 0
32 : 48 253 1 19 1
33 : 0 34 86 17 0
34 : 43 166 1 48 1
35 : 30 263 4 6 0
36 : 13 253 13 10 0
37 : 34 263 4 6 0
