200 298
0 : 0 0 8 47 1
1 : 47 0 143 26 0
2 : 0 26 16 107 1
3 : 0 42 33 95 1
4 : 95 42 5 21 0
5 : 100 42 54 40 0
6 : 0 82 84 15 0
7 : 84 82 32 25 0
8 : 116 82 52 45 0
9 : 168 82 13 39 0
10 : 0 127 86 20 0
11 : 86 127 50 77 1
12 : 0 177 77 31 0
13 : 77 177 24 74 1
14 : 151 177 11 12 0
15 : 0 208 22 65 1
16 : 65 208 27 53 1
17 : 118 208 14 46 1
18 : 164 208 17 9 1
19 : 173 208 15 21 0
20 : 0 235 31 6 0
21 : 31 235 8 38 1
22 : 69 235 23 77 1
23 : 146 235 12 35 1
24 : 181 235 5 12 0
25 : 0 258 20 23 1
26 : 23 258 73 40 0
27 : 96 258 40 39 0
28 : 136 258 64 37 0
