247 677
0 : 86 602 39 27 0
1 : 45 602 41 33 0
2 : 100 575 46 17 0
3 : 0 635 33 17 0
4 : 56 652 27 17 0
5 : 152 287 88 17 0
6 : 161 635 31 17 0
7 : 224 205 43 17 1
8 : 0 165 213 40 0
9 : 66 635 33 17 0
10 : 0 652 29 17 0
11 : 192 575 45 27 0
12 : 178 521 57 27 0
13 : 211 467 36 17 0
14 : 103 396 102 17 0
15 : 125 602 39 17 0
16 : 0 81 240 40 0
17 : 29 652 25 27 1
18 : 98 423 82 17 0
19 : 0 548 54 17 0
20 : 221 635 24 17 0
21 : 33 635 33 17 0
22 : 0 347 117 33 0
23 : 180 423 67 17 0
24 : 146 314 99 27 0
25 : 213 165 40 17 1
26 : 0 39 244 42 0
27 : 209 548 38 17 0
28 : 0 314 146 33 0
29 : 0 450 82 17 0
30 : 0 575 50 17 0
31 : 130 635 31 17 0
32 : 0 121 224 44 0
33 : 164 602 37 17 0
34 : 152 249 88 38 0
35 : 0 205 207 44 0
36 : 0 249 152 65 0
37 : 0 396 103 27 0
38 : 120 521 58 27 0
39 : 130 494 61 27 0
40 : 71 467 71 27 0
41 : 229 347 47 17 1
42 : 0 423 98 27 0
43 : 158 450 76 17 0
44 : 159 548 50 27 0
45 : 0 494 67 17 0
46 : 0 0 247 39 0
47 : 100 652 17 17 0
48 : 230 165 39 17 1
49 : 99 635 31 17 0
50 : 0 380 15 17 1
51 : 54 548 53 17 0
52 : 117 347 112 49 0
53 : 82 450 76 17 0
54 : 146 575 46 17 0
55 : 207 205 43 17 1
56 : 142 467 69 17 0
57 : 0 602 45 17 0
58 : 192 635 29 17 0
59 : 0 467 71 27 0
60 : 224 121 44 17 1
61 : 60 521 60 17 0
62 : 191 494 56 17 0
63 : 83 652 20 17 1
64 : 50 575 50 17 0
65 : 0 521 60 17 0
66 : 67 494 63 17 0
67 : 205 396 42 17 0
68 : 201 602 34 27 0
69 : 107 548 52 17 0
