135 500
0 : 58 442 29 18 0
1 : 0 359 49 16 0
2 : 87 442 29 16 0
3 : 0 86 75 21 0
4 : 112 462 23 16 0
5 : 0 36 88 16 0
6 : 58 246 57 18 0
7 : 90 379 42 21 0
8 : 45 379 45 16 0
9 : 0 225 61 18 0
10 : 0 442 29 20 0
11 : 0 161 67 26 0
12 : 0 320 52 16 0
13 : 0 16 93 20 0
14 : 22 480 22 16 0
15 : 97 480 19 16 1
16 : 79 400 36 20 0
17 : 0 266 55 16 0
18 : 0 0 135 16 0
19 : 50 338 50 18 0
20 : 69 420 31 16 0
21 : 53 286 53 16 0
22 : 0 480 22 18 0
23 : 62 205 62 18 0
24 : 61 225 58 21 0
25 : 0 145 71 16 0
26 : 0 379 45 16 0
27 : 0 52 85 16 0
28 : 40 400 39 16 0
29 : 0 400 40 18 0
30 : 44 480 20 21 1
31 : 63 187 63 16 0
32 : 52 320 51 18 0
33 : 0 187 63 18 0
34 : 0 462 29 16 0
35 : 0 107 73 20 0
36 : 65 480 19 16 1
37 : 29 462 29 16 0
38 : 49 359 47 20 0
39 : 29 442 29 18 0
40 : 0 338 50 21 0
41 : 35 420 34 22 0
42 : 55 266 54 20 0
43 : 0 205 62 20 0
44 : 100 420 30 21 0
45 : 58 462 27 18 0
46 : 113 480 16 16 0
47 : 81 480 19 16 1
48 : 85 462 27 16 0
49 : 67 161 66 18 0
50 : 0 286 53 34 0
51 : 0 68 76 18 0
52 : 0 127 71 18 0
53 : 0 246 58 20 0
54 : 0 420 35 16 0
