3000 6917
0 : 0 0 365 185 0
1 : 365 0 378 200 0
2 : 743 0 410 165 0
3 : 1153 0 425 148 0
4 : 1578 0 425 296 0
5 : 2003 0 439 116 0
6 : 0 296 464 1006 1
7 : 1006 296 520 205 0
8 : 1526 296 520 350 0
9 : 2046 296 540 530 0
10 : 0 826 549 1413 1
11 : 0 1375 549 1882 1
12 : 1882 1375 553 496 0
13 : 0 1924 555 755 1
14 : 755 1924 555 496 0
15 : 1310 1924 555 659 1
16 : 1969 1924 567 473 0
17 : 0 2479 572 592 1
18 : 592 2479 572 975 1
19 : 1567 2479 572 1175 1
20 : 0 3051 572 1575 1
21 : 1575 3051 572 1390 1
22 : 0 3623 572 1490 1
23 : 0 4195 572 1590 1
24 : 0 4767 572 1690 1
25 : 0 5339 572 1890 1
26 : 1890 5339 610 625 1
27 : 0 5949 660 490 0
28 : 660 5949 690 447 0
29 : 1350 5949 949 445 0
30 : 0 6439 949 478 0
31 : 949 6439 970 463 0
