92 218
0 : 43 197 11 9 1
1 : 38 209 1 1 0
2 : 52 197 9 11 0
3 : 40 182 1 29 1
4 : 80 197 9 11 0
5 : 37 164 19 15 0
6 : 50 51 50 29 1
7 : 0 209 1 19 1
8 : 0 164 18 18 0
9 : 79 51 12 45 0
10 : 56 164 19 15 0
11 : 29 197 14 12 0
12 : 0 125 12 45 1
13 : 0 151 27 13 0
14 : 45 125 43 13 0
15 : 0 112 55 13 0
16 : 0 138 31 13 0
17 : 18 164 19 15 0
18 : 0 101 11 79 1
19 : 0 51 50 50 0
20 : 54 151 2 37 1
21 : 31 138 31 13 0
22 : 0 0 92 17 0
23 : 0 182 21 13 0
24 : 19 209 11 9 0
25 : 55 112 33 13 0
26 : 62 138 28 13 0
27 : 0 197 1 29 1
28 : 79 101 13 10 0
29 : 27 151 27 13 0
30 : 0 17 17 88 1
31 : 21 182 19 15 0
32 : 61 197 1 19 1
33 : 0 34 86 17 0
34 : 91 51 1 48 0
35 : 30 209 4 6 0
36 : 69 182 13 10 1
37 : 34 209 4 6 0
