1000 10244
0 : 0 571 541 745 1
1 : 623 7976 344 301 0
2 : 340 8282 413 294 0
3 : 0 9978 266 341 1
4 : 0 5804 543 388 0
5 : 0 6567 367 701 1
6 : 0 1642 526 707 1
7 : 0 8867 286 706 1
8 : 0 8578 614 289 0
9 : 0 7296 348 592 1
10 : 0 4565 673 431 0
11 : 0 6934 475 362 0
12 : 0 4126 562 439 0
13 : 0 1112 530 638 1
14 : 0 6192 609 375 0
15 : 0 9438 540 274 0
16 : 0 3161 486 634 1
17 : 540 9438 272 377 1
18 : 0 7976 623 306 0
19 : 0 9712 266 714 1
20 : 592 7296 341 336 1
21 : 0 8282 340 296 0
22 : 0 3647 531 479 0
23 : 0 0 571 589 1
24 : 0 2665 674 496 0
25 : 0 2168 560 497 0
26 : 0 5415 509 389 0
27 : 0 7644 650 332 0
28 : 0 9153 474 285 0
29 : 0 4996 419 503 1
