40400 43483
0 : 38773 9743 4629 1596 1
1 : 35141 39382 2919 783 0
2 : 11596 40206 8067 1832 0
3 : 14243 37029 7180 2974 0
4 : 24484 7910 1685 1708 0
5 : 39771 40206 2029 601 1
6 : 0 9743 15046 7040 0
7 : 15046 9743 6726 7039 0
8 : 15046 23172 7958 5170 0
9 : 0 33408 3621 4223 1
10 : 25838 28394 4358 6846 1
11 : 32250 40206 6272 1268 0
12 : 32501 15039 6171 1473 0
13 : 38872 24793 3448 1249 1
14 : 0 16783 6389 10170 1
15 : 30962 23172 7910 5092 0
16 : 8067 28394 4629 11306 1
17 : 38872 23172 1279 1621 0
18 : 4223 33408 3529 6846 1
19 : 10473 37029 3770 3117 0
20 : 0 37029 3924 3177 0
21 : 39770 37029 2672 556 1
22 : 0 23172 15046 5222 0
23 : 38066 20625 2050 2287 0
24 : 23004 23172 7958 5152 0
25 : 10093 42348 1063 2033 1
26 : 18702 7910 1823 5782 1
27 : 32684 28394 4047 5429 1
28 : 33894 8049 6416 1491 0
29 : 35356 32441 859 2104 1
30 : 10170 16783 6378 12850 1
31 : 24397 37029 10744 2912 0
32 : 35141 37029 4629 2353 0
33 : 32250 41474 2919 838 0
34 : 0 28394 8067 5014 0
35 : 21423 37029 3139 2974 1
36 : 38672 15039 1685 1469 0
37 : 35169 41474 2029 824 0
38 : 23020 16783 15046 5406 0
39 : 11069 33408 6726 3329 0
40 : 10744 0 7958 9256 0
41 : 4047 42348 1080 4223 1
42 : 26265 6846 2407 6846 1
43 : 32501 9743 6272 5296 0
44 : 19663 40206 6171 1375 0
45 : 38522 40206 1253 1249 1
46 : 21772 9743 6389 10729 1
47 : 18702 0 7910 7563 1
48 : 19373 28394 4629 6465 1
49 : 38773 14372 503 1621 1
50 : 26265 0 7629 6846 0
51 : 3924 37029 6549 3117 0
52 : 32841 33408 6978 3177 0
53 : 32684 32441 2672 869 0
54 : 17795 33408 15046 3231 0
55 : 38113 28394 4676 2287 1
56 : 0 40206 7958 2142 0
57 : 7958 40206 3638 2033 0
58 : 8270 42348 1823 1064 0
59 : 0 42348 4047 1135 0
60 : 25834 40206 6416 1357 0
61 : 38066 16783 3842 2104 1
62 : 33894 0 6378 8049 0
63 : 0 0 10744 9743 0
