70 697
0 : 0 0 43 31 0
1 : 0 31 43 31 0
2 : 0 62 43 31 0
3 : 0 93 43 31 0
4 : 0 124 41 30 0
5 : 0 154 41 30 0
6 : 0 593 39 29 0
7 : 0 622 39 29 0
8 : 0 184 39 29 0
9 : 0 213 39 29 0
10 : 0 242 38 28 0
11 : 39 184 38 28 1
12 : 0 270 38 28 0
13 : 0 298 38 28 0
14 : 43 58 37 27 1
15 : 38 242 37 27 1
16 : 0 326 37 27 0
17 : 38 279 36 26 1
18 : 0 353 36 26 0
19 : 0 379 36 26 0
20 : 0 405 36 26 0
21 : 36 353 35 25 1
22 : 0 431 35 25 0
23 : 36 388 35 25 1
24 : 0 503 34 24 0
25 : 35 431 34 24 0
26 : 0 456 34 24 0
27 : 34 456 34 24 0
28 : 37 326 23 33 1
29 : 0 480 23 33 1
30 : 33 480 23 33 1
31 : 31 570 23 33 1
32 : 34 503 32 22 0
33 : 0 527 32 22 0
34 : 32 527 32 22 0
35 : 0 549 21 31 1
36 : 31 549 21 31 1
37 : 0 570 21 31 1
38 : 41 124 18 29 0
39 : 43 0 18 29 0
40 : 43 29 18 29 0
41 : 43 95 27 17 0
42 : 41 154 27 17 0
43 : 39 222 24 15 0
44 : 39 593 24 15 0
45 : 39 622 25 16 1
46 : 0 651 25 16 0
47 : 25 651 25 16 0
48 : 0 667 25 16 0
49 : 55 622 24 15 1
50 : 39 608 14 23 1
51 : 25 667 14 23 1
52 : 0 683 14 23 1
53 : 23 683 14 23 1
54 : 43 112 12 21 1
55 : 41 171 12 21 1
56 : 48 667 12 21 1
57 : 59 124 11 19 0
58 : 38 315 11 19 1
59 : 50 651 11 19 1
60 : 46 683 11 19 1
61 : 61 0 17 9 1
