40400 44972
0 : 7039 35684 4629 1596 0
1 : 33758 29760 2919 783 0
2 : 21004 37396 8067 1832 0
3 : 13824 37396 7180 2974 0
4 : 11668 35684 1685 1708 0
5 : 18080 29953 2029 601 0
6 : 0 0 15046 7040 0
7 : 0 30670 6726 7039 1
8 : 35031 15149 7958 5170 1
9 : 11306 18380 3621 4223 0
10 : 23016 30670 4358 6846 1
11 : 21004 39228 6272 1268 0
12 : 15106 35762 6171 1473 0
13 : 12540 40925 3448 1249 1
14 : 0 23107 6389 10170 1
15 : 15106 30670 7910 5092 0
16 : 0 18380 4629 11306 1
17 : 13353 35684 1279 1621 0
18 : 0 37396 3529 6846 1
19 : 36534 6378 3770 3117 0
20 : 35620 37396 3924 3177 0
21 : 0 9182 2672 556 0
22 : 15046 9743 15046 5222 0
23 : 37820 35299 2050 2287 1
24 : 30092 9743 7958 5152 0
25 : 4047 29496 1063 2033 1
26 : 23016 35028 1823 5782 1
27 : 0 40925 4047 5429 1
28 : 24302 21538 6416 1491 0
29 : 6080 29496 859 2104 1
30 : 25790 0 6378 12850 1
31 : 25790 6378 10744 2912 0
32 : 37820 30670 4629 2353 1
33 : 39544 37396 2919 838 1
34 : 7039 30670 8067 5014 0
35 : 5429 40925 3139 2974 1
36 : 21277 35762 1685 1469 0
37 : 25709 29485 2029 824 0
38 : 0 9743 15046 5406 0
39 : 34491 30670 6726 3329 1
40 : 15046 15149 7958 9256 1
41 : 30718 21538 1080 4223 1
42 : 7958 7040 2407 6846 1
43 : 33758 23107 6272 5296 0
44 : 38640 0 6171 1375 1
45 : 27276 39228 1253 1249 0
46 : 24302 15149 6389 10729 1
47 : 10170 23107 7910 7563 0
48 : 29862 30670 4629 6465 0
49 : 11306 22603 503 1621 1
50 : 18080 23107 7629 6846 0
51 : 29071 37396 6549 3117 0
52 : 6846 37396 6978 3177 0
53 : 36677 29760 2672 869 0
54 : 0 15149 15046 3231 0
55 : 38050 9743 4676 2287 1
56 : 0 7040 7958 2142 0
57 : 10507 40925 3638 2033 1
58 : 28798 35028 1823 1064 1
59 : 0 29496 4047 1135 0
60 : 33758 28403 6416 1357 0
61 : 8403 40925 3842 2104 1
62 : 25709 23107 6378 8049 1
63 : 15046 0 10744 9743 0
