40400 51023
0 : 7467 47376 4629 1596 0
1 : 32819 49199 2919 783 0
2 : 26793 45023 8067 1832 0
3 : 10319 41906 7180 2974 0
4 : 5782 47376 1685 1708 0
5 : 35738 49199 2029 601 0
6 : 0 9743 15046 7040 0
7 : 22675 9743 6726 7039 0
8 : 0 28578 7958 5170 0
9 : 30046 33748 3621 4223 0
10 : 17771 33748 4358 6846 1
11 : 0 49199 6272 1268 0
12 : 18512 47376 6171 1473 0
13 : 6272 49199 3448 1249 0
14 : 0 16783 6389 10170 1
15 : 15916 28578 7910 5092 0
16 : 0 33748 4629 11306 1
17 : 38739 47376 1279 1621 0
18 : 0 38377 3529 6846 1
19 : 6549 41906 3770 3117 0
20 : 35596 38377 3924 3177 0
21 : 0 50467 2672 556 0
22 : 21318 23172 15046 5222 0
23 : 21105 45023 2050 2287 0
24 : 7958 28578 7958 5152 0
25 : 21062 49199 1063 2033 1
26 : 0 47376 1823 5782 1
27 : 24617 33748 4047 5429 1
28 : 12096 47376 6416 1491 0
29 : 25767 49199 859 2104 1
30 : 10170 16783 6378 12850 1
31 : 20638 41906 10744 2912 0
32 : 0 45023 4629 2353 0
33 : 27871 49199 2919 838 0
34 : 23826 28578 8067 5014 0
35 : 17499 41906 3139 2974 0
36 : 24683 47376 1685 1469 1
37 : 30790 49199 2029 824 0
38 : 0 23172 15046 5406 0
39 : 6846 38377 6726 3329 0
40 : 10744 0 7958 9256 0
41 : 15016 49199 1080 4223 1
42 : 31382 41906 2407 6846 1
43 : 15046 23172 6272 5296 0
44 : 26152 47376 6171 1375 0
45 : 9720 49199 1253 1249 1
46 : 29401 9743 6389 10729 1
47 : 18702 0 7910 7563 1
48 : 11306 33748 4629 6465 1
49 : 2672 50467 503 1621 1
50 : 15046 9743 7629 6846 0
51 : 0 41906 6549 3117 0
52 : 28618 38377 6978 3177 0
53 : 23095 49199 2672 869 0
54 : 13572 38377 15046 3231 0
55 : 4629 45023 4676 2287 0
56 : 9305 45023 7958 2142 0
57 : 23155 45023 3638 2033 0
58 : 19239 49199 1823 1064 0
59 : 10969 49199 4047 1135 0
60 : 32323 47376 6416 1357 0
61 : 17263 45023 3842 2104 0
62 : 23020 16783 6378 8049 1
63 : 0 0 10744 9743 0
