200 235
0 : 0 0 110 32 0
1 : 0 223 12 33 1
2 : 43 146 78 15 0
3 : 121 146 62 18 0
4 : 0 201 16 53 1
5 : 115 32 37 76 1
6 : 0 127 14 97 1
7 : 0 146 28 43 1
8 : 191 32 16 9 1
9 : 184 69 15 22 0
10 : 97 127 64 19 0
11 : 110 21 10 13 1
12 : 189 174 4 27 0
13 : 171 0 12 13 0
14 : 197 127 3 6 0
15 : 168 201 7 22 0
16 : 126 91 67 16 0
17 : 183 146 27 14 1
18 : 127 201 13 41 1
19 : 0 69 78 35 0
20 : 0 32 30 115 1
21 : 121 164 8 54 1
22 : 0 107 20 91 1
23 : 40 217 6 6 0
24 : 43 161 72 12 0
25 : 91 107 15 92 1
26 : 126 69 22 58 1
27 : 21 217 19 6 0
28 : 78 69 38 48 1
29 : 110 0 21 61 1
30 : 41 191 10 38 1
31 : 103 174 22 47 1
32 : 53 201 22 37 1
33 : 91 122 5 30 1
34 : 103 196 5 9 1
35 : 0 104 3 15 1
36 : 79 191 24 10 0
37 : 90 201 20 37 1
38 : 184 127 18 13 1
39 : 161 127 23 19 0
40 : 0 174 41 27 0
41 : 0 141 18 5 0
42 : 115 161 6 11 0
43 : 150 174 39 24 0
44 : 0 217 21 6 0
45 : 41 174 62 17 0
46 : 183 107 20 15 1
47 : 150 198 3 8 1
48 : 0 62 44 7 0
