200 217
0 : 75 126 15 72 1
1 : 147 126 15 47 1
2 : 0 168 67 11 0
3 : 0 0 56 39 0
4 : 37 206 6 35 1
5 : 118 168 11 17 1
6 : 63 198 8 20 1
7 : 41 198 22 8 0
8 : 186 189 8 12 1
9 : 197 0 3 16 0
10 : 165 189 11 9 0
11 : 0 189 9 61 1
12 : 83 198 47 7 0
13 : 167 168 11 11 0
14 : 18 212 5 18 1
15 : 125 206 6 22 1
16 : 60 212 5 7 1
17 : 194 126 6 14 0
18 : 125 87 25 21 0
19 : 196 39 22 4 1
20 : 135 168 16 11 0
21 : 109 108 33 17 0
22 : 192 179 8 7 1
23 : 134 212 4 8 1
24 : 0 39 26 110 1
25 : 114 212 11 4 0
26 : 68 156 58 12 0
27 : 129 65 56 21 0
28 : 27 65 21 102 1
29 : 100 206 6 25 1
30 : 141 179 9 51 1
31 : 151 168 16 11 0
32 : 156 206 30 5 0
33 : 153 189 12 9 0
34 : 142 212 4 6 1
35 : 167 108 26 16 0
36 : 0 156 68 12 0
37 : 110 179 20 10 0
38 : 99 87 21 26 1
39 : 188 87 20 12 1
40 : 0 126 49 16 0
41 : 72 206 6 28 1
42 : 176 212 11 3 0
43 : 126 156 37 12 0
44 : 135 189 9 18 1
45 : 198 142 2 9 0
46 : 186 206 5 14 1
47 : 85 212 15 4 0
48 : 61 189 39 9 0
49 : 0 179 64 10 0
50 : 130 198 32 7 0
51 : 49 126 16 26 1
52 : 0 87 99 21 0
53 : 150 87 38 19 0
54 : 110 39 23 32 1
55 : 0 206 6 37 1
56 : 142 39 22 54 1
57 : 106 0 25 36 0
58 : 56 0 50 27 0
59 : 0 65 27 22 0
60 : 0 198 8 41 1
61 : 131 0 66 23 0
62 : 52 212 8 5 0
63 : 148 212 15 3 0
64 : 163 156 18 12 0
65 : 125 212 9 4 0
66 : 198 168 6 2 1
67 : 147 206 9 6 0
68 : 44 212 5 8 1
69 : 67 212 4 18 1
70 : 185 65 15 19 0
71 : 36 212 8 5 0
72 : 100 212 14 4 0
73 : 72 142 48 13 0
74 : 58 142 14 14 0
75 : 64 179 23 10 0
76 : 0 212 5 18 1
77 : 87 179 10 23 1
78 : 67 168 51 11 0
79 : 0 142 58 14 0
80 : 193 108 7 12 0
81 : 176 189 10 9 0
82 : 181 156 16 12 0
83 : 163 212 13 3 0
84 : 100 189 35 9 0
85 : 164 142 34 12 0
86 : 142 108 17 25 1
87 : 187 212 3 3 0
88 : 162 198 7 23 1
89 : 178 168 10 20 1
90 : 0 108 109 18 0
91 : 185 198 7 7 0
92 : 192 198 6 6 0
93 : 120 142 44 13 0
94 : 199 179 3 1 1
95 : 197 156 3 12 0
96 : 130 179 10 11 1
