247 759
0 : 81 674 39 27 0
1 : 0 674 41 33 0
2 : 97 630 46 17 0
3 : 107 707 33 17 0
4 : 147 734 27 17 0
5 : 88 450 88 17 0
6 : 31 734 31 17 0
7 : 132 657 43 17 0
8 : 0 165 213 40 0
9 : 173 707 33 17 0
10 : 91 734 29 17 0
11 : 189 630 45 27 0
12 : 58 576 57 27 0
13 : 37 707 36 17 0
14 : 103 396 102 17 0
15 : 159 674 39 17 0
16 : 0 81 240 40 0
17 : 120 734 25 27 1
18 : 0 488 82 17 0
19 : 171 576 54 17 0
20 : 174 734 24 17 1
21 : 140 707 33 17 0
22 : 0 347 117 33 0
23 : 69 532 67 17 0
24 : 0 423 99 27 0
25 : 41 674 40 17 0
26 : 0 39 244 42 0
27 : 198 674 38 17 0
28 : 0 314 146 33 0
29 : 82 488 82 17 0
30 : 155 603 50 17 0
31 : 0 734 31 17 0
32 : 0 121 224 44 0
33 : 0 707 37 17 0
34 : 0 450 88 38 0
35 : 0 205 207 44 0
36 : 0 249 152 65 0
37 : 0 396 103 27 0
38 : 0 576 58 27 0
39 : 63 549 61 27 0
40 : 147 505 71 27 0
41 : 50 630 47 17 0
42 : 99 423 98 27 0
43 : 0 505 76 17 0
44 : 105 603 50 27 0
45 : 136 532 67 17 0
46 : 0 0 247 39 0
47 : 208 734 17 17 0
48 : 120 674 39 17 0
49 : 206 707 31 17 0
50 : 225 734 15 17 0
51 : 0 603 53 17 0
52 : 117 347 112 49 0
53 : 164 488 76 17 0
54 : 143 630 46 17 0
55 : 89 657 43 17 0
56 : 0 532 69 17 0
57 : 0 657 45 17 0
58 : 62 734 29 17 0
59 : 76 505 71 27 0
60 : 45 657 44 17 0
61 : 184 549 60 17 0
62 : 115 576 56 17 0
63 : 191 734 20 17 1
64 : 0 630 50 17 0
65 : 124 549 60 17 0
66 : 0 549 63 17 0
67 : 175 657 42 17 0
68 : 73 707 34 27 0
69 : 53 603 52 17 0
