200 214
0 : 56 87 66 25 0
1 : 61 36 14 30 1
2 : 51 200 18 14 0
3 : 153 0 43 34 0
4 : 122 50 59 30 0
5 : 124 150 10 16 1
6 : 0 172 8 33 1
7 : 0 135 22 47 1
8 : 182 181 18 16 0
9 : 134 181 26 13 0
10 : 181 135 24 17 1
11 : 196 0 26 4 1
12 : 85 172 7 28 1
13 : 87 181 26 14 0
14 : 122 87 30 51 1
15 : 47 135 39 25 0
16 : 197 117 7 3 1
17 : 105 150 19 9 0
18 : 0 194 25 6 0
19 : 107 78 8 14 1
20 : 0 117 18 78 1
21 : 87 200 14 17 1
22 : 63 160 62 12 0
23 : 86 135 15 64 1
24 : 56 112 16 5 0
25 : 153 34 46 13 0
26 : 173 87 27 26 0
27 : 0 160 12 63 1
28 : 152 172 30 8 0
29 : 0 0 36 91 1
30 : 150 135 23 31 1
31 : 120 200 8 13 0
32 : 63 172 22 9 0
33 : 57 78 9 50 1
34 : 173 113 14 4 0
35 : 182 172 8 16 1
36 : 29 200 22 12 0
37 : 0 50 57 37 0
38 : 153 194 7 6 0
39 : 161 117 12 36 1
40 : 0 200 11 29 1
41 : 0 87 30 56 1
42 : 91 0 50 62 1
43 : 0 36 61 13 0
44 : 160 196 4 7 1
45 : 122 80 7 33 1
46 : 40 181 16 26 1
47 : 152 160 12 46 1
48 : 125 160 21 27 1
49 : 57 50 28 65 1
50 : 196 26 4 4 0
51 : 86 150 9 19 1
52 : 0 181 40 13 0
53 : 181 81 6 19 1
54 : 160 181 15 22 1
55 : 181 50 19 31 0
56 : 113 181 21 17 0
57 : 25 194 5 6 0
58 : 87 195 5 15 1
59 : 33 172 30 7 0
60 : 134 194 6 19 1
61 : 113 172 8 12 1
62 : 128 200 11 8 1
63 : 66 181 19 21 1
64 : 69 200 18 14 0
65 : 0 157 3 20 1
66 : 182 197 18 3 0
67 : 78 117 83 16 0
68 : 104 200 16 13 0
69 : 78 133 2 7 1
70 : 140 150 6 10 0
71 : 161 129 37 6 0
72 : 153 47 8 3 0
