92 226
0 : 83 112 11 9 1
1 : 84 65 1 1 0
2 : 55 66 9 11 1
3 : 48 62 1 29 1
4 : 83 101 9 11 0
5 : 40 143 19 15 0
6 : 0 101 50 29 0
7 : 81 101 1 19 0
8 : 31 158 18 18 0
9 : 0 76 12 45 1
10 : 59 143 19 15 0
11 : 19 158 14 12 1
12 : 45 76 12 45 1
13 : 31 130 27 13 0
14 : 0 88 43 13 0
15 : 0 63 55 13 0
16 : 0 130 31 13 0
17 : 21 143 19 15 0
18 : 0 51 11 79 1
19 : 0 176 50 50 0
20 : 55 63 2 37 1
21 : 50 101 31 13 0
22 : 0 0 92 17 0
23 : 0 143 21 13 0
24 : 78 143 11 9 0
25 : 43 88 33 13 0
26 : 50 114 28 13 0
27 : 55 65 1 29 1
28 : 79 51 13 10 0
29 : 58 130 27 13 0
30 : 0 17 17 88 1
31 : 0 158 19 15 0
32 : 82 101 1 19 0
33 : 0 34 86 17 0
34 : 0 62 1 48 1
35 : 88 23 4 6 0
36 : 76 88 13 10 0
37 : 88 17 4 6 0
