200 248
0 : 56 104 15 72 1
1 : 0 141 15 47 1
2 : 107 125 67 11 0
3 : 110 0 56 39 0
4 : 110 206 6 35 1
5 : 0 220 11 17 1
6 : 140 220 8 20 1
7 : 17 220 22 8 0
8 : 86 231 8 12 1
9 : 7 241 3 16 1
10 : 75 231 11 9 0
11 : 0 173 9 61 1
12 : 60 190 47 7 0
13 : 185 220 11 11 0
14 : 98 231 5 18 1
15 : 30 231 6 22 1
16 : 93 241 5 7 0
17 : 155 231 6 14 1
18 : 175 81 25 21 0
19 : 196 141 22 4 1
20 : 39 220 16 11 0
21 : 92 156 33 17 0
22 : 169 231 8 7 1
23 : 109 241 4 8 1
24 : 0 0 26 110 1
25 : 196 220 11 4 1
26 : 47 141 58 12 0
27 : 0 104 56 21 0
28 : 0 39 21 102 1
29 : 160 220 6 25 1
30 : 61 173 9 51 1
31 : 55 220 16 11 0
32 : 0 231 30 5 0
33 : 63 231 12 9 0
34 : 117 241 4 6 0
35 : 174 173 26 16 0
36 : 128 104 68 12 0
37 : 165 206 20 10 0
38 : 174 125 21 26 1
39 : 176 156 20 12 0
40 : 58 125 49 16 0
41 : 71 220 6 28 1
42 : 98 241 11 3 0
43 : 112 173 37 12 0
44 : 99 220 9 18 1
45 : 121 241 2 9 1
46 : 195 190 5 14 0
47 : 196 156 15 4 1
48 : 191 0 39 9 1
49 : 105 141 64 10 0
50 : 23 206 32 7 0
51 : 0 190 16 26 1
52 : 0 60 99 21 0
53 : 152 39 38 19 0
54 : 153 60 23 32 1
55 : 55 206 6 37 1
56 : 99 60 22 54 1
57 : 166 0 25 36 0
58 : 102 39 50 27 0
59 : 169 141 27 22 0
60 : 107 190 8 41 1
61 : 109 81 66 23 0
62 : 54 241 8 5 0
63 : 23 241 15 3 0
64 : 92 206 18 12 0
65 : 196 231 9 4 1
66 : 130 241 6 2 1
67 : 190 231 9 6 1
68 : 38 241 5 8 1
69 : 196 104 4 18 0
70 : 185 60 15 19 0
71 : 46 241 8 5 0
72 : 176 231 14 4 0
73 : 0 156 48 13 0
74 : 185 206 14 14 0
75 : 190 39 23 10 1
76 : 116 231 5 18 1
77 : 0 206 10 23 1
78 : 125 156 51 11 0
79 : 0 125 58 14 0
80 : 143 231 7 12 1
81 : 134 231 10 9 1
82 : 183 190 16 12 1
83 : 62 241 13 3 0
84 : 148 190 35 9 0
85 : 26 190 34 12 0
86 : 149 173 17 25 1
87 : 132 241 3 3 0
88 : 117 220 7 23 1
89 : 145 206 10 20 1
90 : 0 81 109 18 0
91 : 0 241 7 7 0
92 : 75 241 6 6 0
93 : 48 156 44 13 0
94 : 199 206 3 1 1
95 : 81 241 3 12 1
96 : 52 231 10 11 1
