200 301
0 : 0 0 66 25 0
1 : 66 0 14 30 1
2 : 96 0 18 14 1
3 : 110 0 43 34 0
4 : 0 34 59 30 0
5 : 153 0 10 16 0
6 : 163 0 8 33 0
7 : 59 34 22 47 1
8 : 171 0 18 16 1
9 : 187 0 26 13 1
10 : 106 34 24 17 1
11 : 123 34 26 4 1
12 : 127 34 7 28 0
13 : 134 34 26 14 1
14 : 148 34 30 51 1
15 : 0 64 39 25 0
16 : 39 64 7 3 1
17 : 42 64 19 9 1
18 : 51 64 25 6 0
19 : 76 64 8 14 0
20 : 84 64 18 78 1
21 : 162 64 14 17 0
22 : 0 89 62 12 0
23 : 62 89 15 64 1
24 : 176 64 16 5 1
25 : 126 89 46 13 0
26 : 172 89 27 26 0
27 : 0 115 12 63 1
28 : 63 115 30 8 0
29 : 93 115 36 91 1
30 : 0 151 23 31 1
31 : 181 64 8 13 0
32 : 189 64 22 9 1
33 : 31 151 9 50 1
34 : 184 115 14 4 1
35 : 188 115 8 16 0
36 : 81 151 22 12 1
37 : 93 151 57 37 0
38 : 150 151 7 6 1
39 : 156 151 12 36 0
40 : 168 151 11 29 0
41 : 0 188 30 56 1
42 : 56 188 50 62 1
43 : 118 188 61 13 0
44 : 196 115 4 7 0
45 : 179 151 7 33 0
46 : 179 188 16 26 0
47 : 0 238 12 46 1
48 : 46 238 21 27 1
49 : 73 238 28 65 1
50 : 186 151 4 4 0
51 : 190 151 9 19 0
52 : 138 238 40 13 0
53 : 178 238 6 19 0
54 : 184 238 15 22 0
55 : 0 266 19 31 1
56 : 31 266 21 17 0
57 : 195 188 5 6 0
58 : 52 266 5 15 0
59 : 57 266 30 7 0
60 : 87 266 6 19 0
61 : 93 266 8 12 0
62 : 101 266 11 8 1
63 : 109 266 19 21 1
64 : 130 266 18 14 1
65 : 144 266 3 20 1
66 : 164 266 18 3 1
67 : 0 285 83 16 0
68 : 167 266 16 13 1
69 : 198 64 2 7 0
70 : 180 266 6 10 0
71 : 83 285 37 6 0
72 : 186 266 8 3 1
