1000 1234
0 : 0 0 66 61 0
1 : 66 0 62 48 0
2 : 128 0 62 46 0
3 : 190 0 61 43 0
4 : 251 0 39 62 1
5 : 313 0 38 61 0
6 : 351 0 30 71 1
7 : 422 0 56 37 1
8 : 459 0 52 39 1
9 : 498 0 36 55 0
10 : 534 0 74 27 0
11 : 608 0 42 47 0
12 : 650 0 61 32 0
13 : 711 0 58 32 1
14 : 743 0 51 36 1
15 : 779 0 46 40 1
16 : 819 0 79 23 0
17 : 898 0 48 38 1
18 : 0 61 79 23 0
19 : 351 30 30 60 1
20 : 79 61 22 81 1
21 : 819 23 36 49 1
22 : 534 27 25 71 1
23 : 160 61 73 24 0
24 : 936 0 57 31 0
25 : 233 61 72 25 0
26 : 305 61 50 35 0
27 : 355 61 56 31 0
28 : 411 61 33 54 1
29 : 465 61 39 46 1
30 : 936 31 28 63 1
31 : 511 61 77 23 0
32 : 588 61 43 40 0
33 : 631 61 36 48 1
34 : 679 61 56 31 0
35 : 735 61 51 34 0
36 : 786 61 54 32 0
37 : 840 61 44 40 0
38 : 884 61 37 47 1
39 : 931 61 51 34 0
40 : 0 101 48 36 0
41 : 48 101 53 33 0
42 : 101 101 39 45 1
43 : 146 101 34 50 1
44 : 196 101 22 78 1
45 : 274 101 51 33 0
46 : 650 32 29 58 1
47 : 325 101 73 23 0
48 : 398 101 23 73 1
49 : 471 101 37 45 1
50 : 516 101 73 23 0
51 : 589 101 42 40 0
52 : 631 101 26 64 1
53 : 695 101 31 54 1
54 : 749 101 23 72 1
55 : 821 101 79 21 0
56 : 900 101 35 47 1
57 : 947 101 33 50 1
58 : 0 141 39 42 1
59 : 42 141 33 50 1
60 : 92 141 54 30 0
61 : 146 141 60 27 0
62 : 206 141 47 34 0
63 : 253 141 22 73 1
64 : 326 141 49 33 0
65 : 375 141 37 43 1
66 : 418 141 30 52 1
67 : 470 141 67 23 0
68 : 537 141 35 45 1
69 : 582 141 62 25 0
70 : 644 141 24 64 1
71 : 708 141 35 45 1
72 : 753 141 36 43 1
73 : 796 141 26 59 1
74 : 855 141 43 36 0
75 : 898 141 67 23 0
76 : 0 180 34 45 1
77 : 45 180 64 24 0
78 : 109 180 32 48 1
79 : 157 180 30 51 1
80 : 208 180 32 48 1
81 : 256 180 25 61 1
82 : 317 180 55 27 0
83 : 372 180 54 28 0
84 : 426 180 33 46 1
85 : 472 180 31 48 1
86 : 520 180 45 33 0
87 : 565 180 51 29 0
88 : 616 180 43 35 0
89 : 659 180 74 20 0
90 : 733 180 50 29 0
91 : 783 180 40 37 0
92 : 823 180 25 59 1
93 : 882 180 31 47 1
94 : 929 180 30 48 1
95 : 0 217 46 31 0
96 : 46 217 37 39 1
97 : 85 217 37 39 1
98 : 124 217 63 22 0
99 : 187 217 34 42 1
100 : 229 217 26 55 1
101 : 284 217 31 45 1
102 : 329 217 67 21 0
103 : 396 217 23 61 1
104 : 457 217 23 59 1
105 : 516 217 46 30 0
106 : 251 39 62 22 0
107 : 562 217 26 54 1
108 : 616 217 36 39 1
109 : 655 217 59 23 0
110 : 714 217 69 20 0
111 : 783 217 51 27 0
112 : 834 217 31 44 1
113 : 878 217 28 49 1
114 : 927 217 37 37 0
115 : 0 254 34 41 1
116 : 41 254 31 44 1
117 : 85 254 49 28 0
118 : 134 254 65 21 0
119 : 199 254 20 68 1
120 : 267 254 36 38 1
121 : 305 254 55 25 0
122 : 360 254 24 55 1
123 : 415 254 33 40 1
124 : 821 122 70 19 0
125 : 455 254 29 45 1
126 : 500 254 31 43 1
127 : 543 254 57 23 0
128 : 600 254 52 26 0
129 : 652 254 45 29 0
130 : 697 254 20 66 1
131 : 763 254 23 57 1
132 : 820 254 45 29 0
133 : 865 254 51 25 0
134 : 916 254 25 52 1
135 : 0 290 20 63 1
136 : 63 290 69 19 0
137 : 132 290 44 29 0
138 : 176 290 28 46 1
139 : 222 290 23 56 1
140 : 278 290 28 45 1
141 : 323 290 26 50 1
142 : 964 217 37 34 1
143 : 373 290 65 20 0
144 : 438 290 28 46 1
145 : 484 290 65 19 0
146 : 549 290 56 23 0
147 : 605 290 46 27 0
148 : 651 290 28 45 1
149 : 696 290 47 27 0
150 : 965 141 38 33 1
151 : 743 290 45 28 0
152 : 788 290 64 19 0
153 : 852 290 24 52 1
154 : 196 123 18 68 1
155 : 904 290 40 31 0
156 : 944 290 46 27 0
157 : 0 321 20 61 1
158 : 61 321 32 38 1
159 : 99 321 52 24 0
160 : 151 321 38 32 0
161 : 189 321 34 36 1
162 : 225 321 30 41 1
163 : 266 321 44 27 0
164 : 310 321 31 39 1
165 : 349 321 20 61 1
166 : 410 321 33 36 1
167 : 446 321 26 47 1
168 : 493 321 48 25 0
169 : 541 321 32 37 1
170 : 578 321 62 19 0
171 : 640 321 31 40 1
172 : 680 321 28 44 1
173 : 724 321 48 25 0
174 : 772 321 19 63 1
175 : 835 321 47 26 0
176 : 882 321 40 30 0
177 : 922 321 46 26 0
178 : 0 355 36 33 0
179 : 36 355 40 30 0
180 : 76 355 20 59 1
181 : 135 355 34 35 1
182 : 170 355 37 32 0
183 : 207 355 28 43 1
184 : 250 355 33 36 1
185 : 286 355 26 46 1
186 : 332 355 21 58 1
187 : 390 355 29 41 1
188 : 431 355 24 49 1
189 : 480 355 33 37 1
190 : 517 355 32 37 1
191 : 554 355 37 32 0
192 : 591 355 56 21 0
193 : 79 83 65 18 0
194 : 647 355 23 51 1
195 : 698 355 23 51 1
196 : 749 355 30 39 1
197 : 788 355 50 24 0
198 : 838 355 52 23 0
199 : 890 355 37 32 0
200 : 927 355 51 23 0
201 : 0 389 27 43 1
202 : 43 389 30 39 1
203 : 82 389 48 24 0
204 : 130 389 56 21 0
205 : 186 389 25 47 1
206 : 233 389 24 49 1
207 : 282 389 38 31 0
208 : 320 389 19 61 1
209 : 381 389 33 35 1
210 : 416 389 59 20 0
211 : 475 389 25 47 1
212 : 522 389 31 37 1
213 : 559 389 27 43 1
214 : 602 389 25 45 1
215 : 647 389 18 64 1
216 : 711 389 27 43 1
217 : 754 389 27 43 1
218 : 968 254 36 32 1
219 : 797 389 30 39 1
220 : 836 389 60 19 0
221 : 896 389 24 48 1
222 : 944 389 27 43 1
223 : 0 422 61 19 0
224 : 61 422 60 19 0
225 : 121 422 29 39 1
226 : 160 422 30 39 1
227 : 199 422 24 47 1
228 : 246 422 26 44 1
229 : 290 422 26 44 1
230 : 334 422 60 19 0
231 : 394 422 50 23 0
232 : 444 422 56 20 0
233 : 500 422 43 27 0
234 : 543 422 29 39 1
235 : 582 422 57 20 0
236 : 714 237 65 17 0
237 : 639 422 21 53 1
238 : 692 422 51 22 0
239 : 743 422 18 64 1
240 : 807 422 47 24 0
241 : 854 422 51 22 0
242 : 905 422 63 18 0
243 : 868 23 30 37 0
244 : 0 452 24 46 1
245 : 46 452 26 43 1
246 : 89 452 31 36 1
247 : 125 452 48 23 0
248 : 173 452 46 24 0
249 : 219 452 19 60 1
250 : 279 452 31 36 1
251 : 315 452 31 36 1
252 : 351 452 28 40 1
253 : 391 452 46 24 0
254 : 437 452 58 19 0
255 : 495 452 26 43 1
256 : 538 452 27 42 1
257 : 190 43 18 61 1
258 : 580 452 40 28 0
259 : 620 452 30 37 1
260 : 657 452 28 40 1
261 : 697 452 46 24 0
262 : 743 452 54 21 0
263 : 797 452 26 43 1
264 : 840 452 33 34 1
265 : 874 452 35 32 0
266 : 909 452 36 31 0
267 : 945 452 25 44 1
268 : 0 485 30 37 1
269 : 37 485 27 41 1
270 : 78 485 23 47 1
271 : 749 124 64 17 0
272 : 125 485 26 43 1
273 : 516 124 17 63 1
274 : 168 485 27 41 1
275 : 209 485 44 25 0
276 : 253 485 58 19 0
277 : 311 485 33 33 0
278 : 344 485 44 25 0
279 : 388 485 49 22 0
280 : 437 485 29 38 1
281 : 475 485 50 22 0
282 : 525 485 51 21 0
283 : 576 485 30 37 1
284 : 613 485 31 36 1
285 : 649 485 30 37 1
286 : 686 485 18 61 1
287 : 747 485 24 45 1
288 : 792 485 25 43 1
289 : 835 485 40 27 0
290 : 875 485 26 42 1
291 : 917 485 20 55 1
292 : 0 518 40 27 0
293 : 40 518 30 36 1
294 : 968 321 34 32 1
295 : 76 518 29 37 1
296 : 113 518 39 28 0
297 : 152 518 48 23 0
298 : 200 518 32 33 1
299 : 233 518 40 27 0
300 : 273 518 24 45 1
301 : 318 518 24 44 1
302 : 362 518 23 47 1
303 : 409 518 29 37 1
304 : 446 518 20 53 1
305 : 499 518 27 39 1
306 : 538 518 19 56 1
307 : 594 518 45 24 0
308 : 639 518 37 29 0
309 : 676 518 18 60 1
310 : 736 518 30 36 1
311 : 772 518 37 29 0
312 : 809 518 24 44 1
313 : 853 518 27 39 1
314 : 892 518 26 41 1
315 : 933 518 23 46 1
316 : 0 550 46 23 0
317 : 46 550 48 22 0
318 : 253 163 61 17 0
319 : 659 200 61 17 0
320 : 94 550 23 45 1
321 : 139 550 26 41 1
322 : 180 550 23 47 1
323 : 227 550 50 21 0
324 : 277 550 39 27 0
325 : 316 550 50 21 0
326 : 366 550 52 20 0
327 : 418 550 52 20 0
328 : 511 84 17 63 1
329 : 470 550 37 29 0
330 : 0 84 17 60 1
331 : 325 124 17 60 1
332 : 507 550 27 39 1
333 : 546 550 18 59 1
334 : 605 550 23 46 1
335 : 651 550 32 33 1
336 : 684 550 24 44 1
337 : 728 550 23 45 1
338 : 773 550 26 41 1
339 : 814 550 30 35 1
340 : 849 550 50 21 0
341 : 899 550 34 31 0
342 : 933 550 52 20 0
343 : 0 582 36 29 0
344 : 36 582 41 25 0
345 : 77 582 27 39 1
346 : 116 582 23 45 1
347 : 161 582 26 39 1
348 : 200 582 30 35 1
349 : 235 582 35 30 0
350 : 270 582 24 43 1
351 : 313 582 37 28 0
352 : 350 582 18 58 1
353 : 408 582 26 40 1
354 : 448 582 27 38 1
355 : 486 582 24 43 1
356 : 529 582 32 33 1
357 : 562 582 24 44 1
358 : 606 582 19 55 1
359 : 661 582 37 28 0
360 : 698 582 18 59 1
361 : 757 582 53 20 0
362 : 810 582 28 37 1
363 : 847 582 28 37 1
364 : 884 582 22 47 1
365 : 931 582 27 38 1
366 : 0 614 40 26 0
367 : 40 614 19 54 1
368 : 385 124 60 17 0
369 : 94 614 26 39 1
370 : 133 614 28 36 1
371 : 169 614 42 25 0
372 : 211 614 21 48 1
373 : 259 614 28 37 1
374 : 296 614 29 36 1
375 : 332 614 43 24 0
376 : 375 614 37 28 0
377 : 412 614 55 19 0
378 : 467 614 22 46 1
379 : 513 614 28 36 1
380 : 549 614 52 19 0
381 : 601 614 26 39 1
382 : 640 614 31 33 1
383 : 673 614 26 39 1
384 : 712 614 37 28 0
385 : 697 274 63 16 0
386 : 749 614 47 22 0
387 : 796 614 52 20 0
388 : 848 614 17 61 1
389 : 909 614 24 42 1
390 : 951 614 25 41 1
391 : 0 645 33 31 0
392 : 33 645 32 32 0
393 : 65 645 18 55 1
394 : 120 645 35 29 0
395 : 155 645 53 19 0
396 : 208 645 25 41 1
397 : 470 164 63 16 0
398 : 249 645 32 32 0
399 : 281 645 17 60 1
400 : 341 645 37 27 0
401 : 378 645 27 37 1
402 : 415 645 30 33 1
403 : 448 645 43 24 0
404 : 491 645 34 30 0
405 : 525 645 25 41 1
406 : 566 645 52 20 0
407 : 618 645 33 31 0
408 : 651 645 33 30 0
409 : 684 645 50 20 0
410 : 734 645 25 40 1
411 : 774 645 33 31 0
412 : 807 645 38 27 0
413 : 845 645 20 50 1
414 : 895 645 45 22 0
415 : 940 645 32 32 0
416 : 0 677 26 39 1
417 : 39 677 42 24 0
418 : 898 164 63 16 0
419 : 81 677 48 21 0
420 : 329 238 16 61 1
421 : 129 677 38 26 0
422 : 167 677 25 41 1
423 : 208 677 28 36 1
424 : 244 677 26 39 1
425 : 283 677 19 53 1
426 : 199 274 63 16 0
427 : 336 677 23 44 1
428 : 380 677 21 47 1
429 : 427 677 37 27 0
430 : 464 677 37 27 0
431 : 501 677 29 34 1
432 : 535 677 28 36 1
433 : 571 677 25 40 1
434 : 611 677 30 34 1
435 : 645 677 36 28 0
436 : 681 677 23 43 1
437 : 724 677 36 27 0
438 : 760 677 21 47 1
439 : 807 677 24 42 1
440 : 160 85 16 61 1
441 : 849 677 25 39 1
442 : 888 677 61 16 0
443 : 949 677 38 26 0
444 : 0 707 23 44 1
445 : 44 707 30 33 1
446 : 77 707 63 16 0
447 : 140 707 60 16 0
448 : 200 707 30 33 1
449 : 233 707 46 21 0
450 : 279 707 21 47 1
451 : 326 707 22 45 1
452 : 371 707 27 37 1
453 : 408 707 23 42 1
454 : 450 707 18 54 1
455 : 504 707 49 20 0
456 : 553 707 20 48 1
457 : 601 707 21 47 1
458 : 648 707 28 35 1
459 : 683 707 24 41 1
460 : 724 707 41 24 0
461 : 765 707 43 23 0
462 : 808 707 21 47 1
463 : 855 707 27 37 1
464 : 892 707 19 51 1
465 : 943 707 19 52 1
466 : 0 737 24 40 1
467 : 40 737 28 35 1
468 : 968 422 32 30 0
469 : 75 737 30 33 1
470 : 108 737 23 42 1
471 : 150 737 19 51 1
472 : 201 737 41 24 0
473 : 242 737 27 36 1
474 : 278 737 28 35 1
475 : 313 737 25 39 1
476 : 352 737 41 24 0
477 : 393 737 25 39 1
478 : 432 737 56 17 0
479 : 488 737 23 42 1
480 : 530 737 17 55 1
481 : 585 737 30 33 1
482 : 618 737 17 55 1
483 : 673 737 16 59 1
484 : 732 737 23 42 1
485 : 774 737 54 18 0
486 : 828 737 26 38 1
487 : 866 737 51 19 0
488 : 917 737 44 22 0
489 : 0 767 61 16 0
490 : 61 767 44 22 0
491 : 961 737 28 34 1
492 : 105 767 23 42 1
493 : 147 767 25 39 1
494 : 186 767 37 26 0
495 : 969 582 31 31 0
496 : 223 767 16 60 1
497 : 283 767 23 41 1
498 : 324 767 48 20 0
499 : 372 767 28 35 1
500 : 407 767 30 32 1
501 : 439 767 40 24 0
502 : 479 767 52 18 0
503 : 531 767 57 17 0
504 : 588 767 25 39 1
505 : 627 767 23 42 1
506 : 669 767 21 45 1
507 : 714 767 49 19 0
508 : 763 767 31 30 0
509 : 794 767 22 44 1
510 : 838 767 23 41 1
511 : 879 767 38 25 0
512 : 917 767 25 38 1
513 : 0 797 57 17 0
514 : 955 767 26 36 1
515 : 972 485 28 33 0
516 : 57 797 23 41 1
517 : 98 797 50 19 0
518 : 148 797 27 35 1
519 : 183 797 27 35 1
520 : 218 797 24 39 1
521 : 257 797 28 34 1
522 : 291 797 17 57 1
523 : 348 797 20 47 1
524 : 395 797 26 36 1
525 : 431 797 37 25 0
526 : 468 797 22 44 1
527 : 512 797 41 23 0
528 : 553 797 39 24 0
529 : 592 797 17 55 1
530 : 647 797 25 38 1
531 : 685 797 50 19 0
532 : 735 797 18 51 1
533 : 786 797 29 33 1
534 : 819 797 31 30 0
535 : 850 797 29 33 1
536 : 883 797 31 31 0
537 : 914 797 50 19 0
538 : 0 828 49 19 0
539 : 964 797 32 29 0
540 : 49 828 24 39 1
541 : 88 828 22 43 1
542 : 131 828 45 21 0
543 : 176 828 34 28 0
544 : 210 828 47 20 0
545 : 257 828 22 42 1
546 : 299 828 22 42 1
547 : 341 828 25 38 1
548 : 379 828 17 55 1
549 : 434 828 20 46 1
550 : 480 828 39 24 0
551 : 519 828 22 42 1
552 : 561 828 20 46 1
553 : 607 828 52 18 0
554 : 659 828 30 31 1
555 : 690 828 34 27 0
556 : 724 828 34 28 0
557 : 758 828 37 25 0
558 : 795 828 28 34 1
559 : 829 828 48 19 0
560 : 877 828 23 41 1
561 : 918 828 29 32 1
562 : 950 828 37 25 0
563 : 0 858 47 20 0
564 : 47 858 21 44 1
565 : 91 858 57 16 0
566 : 148 858 28 33 1
567 : 181 858 39 24 0
568 : 220 858 40 23 0
569 : 260 858 28 33 1
570 : 293 858 29 32 1
571 : 325 858 47 20 0
572 : 372 858 25 37 1
573 : 409 858 35 27 0
574 : 444 858 23 40 1
575 : 484 858 24 39 1
576 : 281 662 15 60 1
577 : 523 858 26 36 1
578 : 559 858 26 35 1
579 : 594 858 27 34 1
580 : 628 858 26 35 1
581 : 663 858 52 18 0
582 : 686 503 60 15 0
583 : 715 858 38 24 0
584 : 753 858 38 24 0
585 : 791 858 38 24 0
586 : 829 858 29 32 1
587 : 861 858 45 20 0
588 : 906 858 18 51 1
589 : 957 858 22 43 1
590 : 128 46 60 15 0
591 : 0 887 49 19 0
592 : 49 887 18 50 1
593 : 99 887 31 30 0
594 : 130 887 25 37 1
595 : 167 887 38 24 0
596 : 205 887 43 22 0
597 : 248 887 40 23 0
598 : 288 887 20 47 1
599 : 335 887 51 18 0
600 : 386 887 37 25 0
601 : 423 887 39 24 0
602 : 462 887 26 36 1
603 : 498 887 25 37 1
604 : 535 887 24 38 1
605 : 573 887 33 27 0
606 : 606 887 29 32 1
607 : 638 887 20 47 1
608 : 685 887 25 37 1
609 : 722 887 22 41 1
610 : 763 887 31 30 0
611 : 794 887 35 26 0
612 : 829 887 23 39 1
613 : 868 887 19 48 1
614 : 916 887 21 44 1
615 : 0 917 49 19 0
616 : 960 887 23 40 1
617 : 578 340 15 59 1
618 : 49 917 27 34 1
619 : 83 917 23 40 1
620 : 123 917 26 35 1
621 : 158 917 21 43 1
622 : 201 917 19 48 1
623 : 249 917 31 29 0
624 : 280 917 31 29 0
625 : 311 917 26 35 1
626 : 346 917 43 21 0
627 : 389 917 52 18 0
628 : 441 917 25 37 1
629 : 478 917 37 24 0
630 : 515 917 41 22 0
631 : 556 917 33 28 0
632 : 972 645 28 32 0
633 : 589 917 20 46 1
634 : 635 917 41 22 0
635 : 676 917 44 20 0
636 : 720 917 25 37 1
637 : 757 917 19 47 1
638 : 804 917 27 33 1
639 : 837 917 41 21 0
640 : 878 917 37 24 0
641 : 915 917 47 19 0
642 : 0 946 39 23 0
643 : 962 917 27 32 1
644 : 39 946 35 25 0
645 : 74 946 26 34 1
646 : 108 946 42 21 0
647 : 150 946 27 32 1
648 : 182 946 36 24 0
649 : 218 946 27 32 1
650 : 250 946 32 27 0
651 : 282 946 22 39 1
652 : 321 946 20 43 1
653 : 364 946 30 28 0
654 : 394 946 32 27 0
655 : 426 946 50 17 0
656 : 476 946 21 41 1
657 : 517 946 42 21 0
658 : 559 946 52 16 0
659 : 611 946 17 52 1
660 : 663 946 35 25 0
661 : 698 946 19 45 1
662 : 743 946 29 30 1
663 : 773 946 22 39 1
664 : 812 946 33 26 0
665 : 845 946 27 32 1
666 : 877 946 32 27 0
667 : 909 946 29 29 0
668 : 938 946 21 40 1
669 : 0 975 36 24 0
670 : 36 975 35 24 0
671 : 977 180 23 37 0
672 : 71 975 22 39 1
673 : 110 975 17 50 1
674 : 160 975 23 37 1
675 : 197 975 26 32 1
676 : 229 975 40 21 0
677 : 269 975 36 23 0
678 : 305 975 23 36 1
679 : 341 975 16 52 1
680 : 393 975 35 24 0
681 : 428 975 24 34 1
682 : 462 975 18 46 1
683 : 124 239 57 15 0
684 : 508 975 35 23 0
685 : 772 340 57 15 0
686 : 543 975 40 21 0
687 : 583 975 24 34 1
688 : 617 975 28 30 1
689 : 647 975 23 35 1
690 : 682 975 52 16 0
691 : 644 165 56 15 0
692 : 734 975 46 18 0
693 : 780 975 30 28 0
694 : 810 975 28 29 1
695 : 839 975 17 48 1
696 : 647 407 15 55 1
697 : 887 975 52 16 0
698 : 0 814 57 14 0
699 : 291 814 56 14 0
700 : 134 275 15 56 1
701 : 939 975 23 36 1
702 : 233 86 56 15 0
703 : 0 1003 16 50 1
704 : 50 1003 25 33 1
705 : 83 1003 37 22 0
706 : 120 1003 36 23 0
707 : 156 1003 33 25 0
708 : 189 1003 31 26 0
709 : 220 1003 35 23 0
710 : 255 1003 36 22 0
711 : 291 1003 23 35 1
712 : 326 1003 24 33 1
713 : 359 1003 52 15 0
714 : 411 1003 26 30 1
715 : 441 1003 35 23 0
716 : 437 471 56 14 0
717 : 476 1003 30 27 0
718 : 506 1003 20 40 1
719 : 546 1003 33 24 0
720 : 579 1003 44 18 0
721 : 623 1003 31 26 0
722 : 654 1003 42 19 0
723 : 253 504 56 14 0
724 : 696 1003 36 22 0
725 : 732 1003 20 39 1
726 : 771 1003 31 25 0
727 : 350 600 14 56 1
728 : 802 1003 22 35 1
729 : 837 1003 21 36 1
730 : 873 1003 27 29 1
731 : 902 1003 53 15 0
732 : 955 1003 35 22 0
733 : 0 1030 42 19 0
734 : 42 1030 27 28 1
735 : 978 355 34 22 1
736 : 70 1030 31 25 0
737 : 101 1030 21 36 1
738 : 137 1030 31 25 0
739 : 168 1030 16 48 1
740 : 216 1030 17 45 1
741 : 261 1030 28 27 0
742 : 289 1030 29 26 0
743 : 318 1030 30 25 0
744 : 348 1030 25 30 1
745 : 378 1030 33 23 0
746 : 411 1030 37 20 0
747 : 448 1030 27 28 1
748 : 476 1030 22 34 1
749 : 510 1030 21 35 1
750 : 545 1030 34 22 0
751 : 579 1030 25 30 1
752 : 609 1030 33 23 0
753 : 642 1030 27 28 1
754 : 670 1030 34 22 0
755 : 704 1030 37 20 0
756 : 741 1030 23 32 1
757 : 773 1030 16 46 1
758 : 819 1030 27 27 0
759 : 846 1030 23 32 1
760 : 878 1030 20 37 1
761 : 915 1030 16 47 1
762 : 962 1030 22 33 1
763 : 0 1057 40 19 0
764 : 40 1057 48 15 0
765 : 88 1057 32 23 0
766 : 120 1057 32 23 0
767 : 65 663 52 14 0
768 : 152 1057 22 33 1
769 : 592 814 14 52 1
770 : 655 240 14 51 1
771 : 185 1057 36 20 0
772 : 221 1057 44 17 0
773 : 265 1057 42 17 0
774 : 307 1057 48 15 0
775 : 355 1057 29 25 0
776 : 384 1057 34 21 0
777 : 418 1057 18 41 1
778 : 459 1057 18 41 1
779 : 500 1057 24 31 1
780 : 76 375 53 14 0
781 : 531 1057 33 22 0
782 : 982 61 40 18 1
783 : 564 1057 27 27 0
784 : 591 1057 38 19 0
785 : 629 1057 32 23 0
786 : 661 1057 34 21 0
787 : 546 568 52 14 0
788 : 695 1057 21 34 1
789 : 729 1057 22 33 1
790 : 762 1057 21 34 1
791 : 796 1057 32 23 0
792 : 828 1057 22 32 1
793 : 860 1057 30 24 0
794 : 890 1057 17 41 1
795 : 698 600 14 50 1
796 : 931 1057 35 21 0
797 : 966 1057 25 29 1
798 : 0 1084 46 15 0
799 : 46 1084 20 36 1
800 : 82 1084 28 26 0
801 : 110 1084 34 21 0
802 : 144 1084 19 37 1
803 : 181 1084 18 38 1
804 : 219 1084 18 39 1
805 : 258 1084 23 30 1
806 : 288 1084 15 48 1
807 : 336 1084 17 41 1
808 : 377 1084 31 22 0
809 : 673 753 50 14 0
810 : 408 1084 34 20 0
811 : 442 1084 17 42 1
812 : 559 962 52 13 0
813 : 484 1084 31 23 0
814 : 515 1084 41 17 0
815 : 556 1084 20 35 1
816 : 979 518 21 32 0
817 : 591 1084 37 19 0
818 : 628 1084 40 17 0
819 : 836 408 14 50 1
820 : 668 1084 31 22 0
821 : 699 1084 16 44 1
822 : 743 1084 16 43 1
823 : 786 1084 16 43 1
824 : 975 975 24 28 0
825 : 829 1084 26 27 1
826 : 856 1084 29 24 0
827 : 885 1084 28 24 0
828 : 913 1084 26 26 0
829 : 939 1084 20 35 1
830 : 0 1110 24 28 1
831 : 155 664 13 52 1
832 : 735 815 13 51 1
833 : 28 1110 18 37 1
834 : 65 1110 22 31 1
835 : 96 1110 16 42 1
836 : 138 1110 19 36 1
837 : 174 1110 15 44 1
838 : 218 1110 32 21 0
839 : 250 1110 31 22 0
840 : 281 1110 19 35 1
841 : 316 1110 30 23 0
842 : 219 471 47 14 0
843 : 346 1110 23 29 1
844 : 375 1110 27 25 0
845 : 402 1110 31 22 0
846 : 433 1110 18 37 1
847 : 676 536 48 14 0
848 : 470 1110 41 16 0
849 : 511 1110 28 24 0
850 : 539 1110 18 38 1
851 : 577 1110 17 39 1
852 : 616 1110 27 25 0
853 : 643 1110 36 19 0
854 : 679 1110 28 24 0
855 : 223 783 14 47 1
856 : 707 1110 21 32 1
857 : 917 505 50 13 0
858 : 739 1110 38 18 0
859 : 777 1110 28 24 0
860 : 805 1110 28 24 0
861 : 0 341 14 48 1
862 : 833 1110 16 42 1
863 : 349 341 14 48 1
864 : 875 1110 15 43 1
865 : 918 1110 24 28 1
866 : 946 1110 31 21 0
867 : 0 1135 31 21 0
868 : 320 408 14 46 1
869 : 974 1084 25 26 0
870 : 31 1135 33 20 0
871 : 64 1135 24 27 1
872 : 91 1135 26 25 0
873 : 117 1135 29 23 0
874 : 146 1135 36 18 0
875 : 182 1135 34 19 0
876 : 216 1135 42 16 0
877 : 258 1135 28 23 0
878 : 286 1135 23 29 1
879 : 315 1135 20 33 1
880 : 348 1135 27 25 0
881 : 375 1135 27 24 0
882 : 402 1135 31 21 0
883 : 433 1135 34 19 0
884 : 467 1135 20 33 1
885 : 500 1135 27 24 0
886 : 527 1135 35 19 0
887 : 562 1135 30 22 0
888 : 592 1135 15 44 1
889 : 636 1135 22 30 1
890 : 666 1135 33 20 0
891 : 699 1135 35 19 0
892 : 734 1135 15 42 1
893 : 776 1135 26 25 0
894 : 802 1135 21 30 1
895 : 832 1135 25 26 1
896 : 858 1135 27 24 0
897 : 885 1135 28 23 0
898 : 913 1135 16 39 1
899 : 606 601 13 51 1
900 : 530 754 13 51 1
901 : 952 1135 30 21 0
902 : 0 1160 43 15 0
903 : 848 631 14 45 1
904 : 43 1160 31 21 0
905 : 74 1160 44 15 0
906 : 118 1160 18 35 1
907 : 153 1160 27 23 0
908 : 180 1160 18 35 1
909 : 215 1160 24 26 1
910 : 241 1160 24 26 1
911 : 978 946 22 29 0
912 : 267 1160 23 28 1
913 : 295 1160 36 18 0
914 : 331 1160 35 18 0
915 : 366 1160 32 20 0
916 : 398 1160 21 30 1
917 : 428 1160 29 22 0
918 : 457 1160 28 22 0
919 : 485 1160 25 26 1
920 : 511 1160 33 19 0
921 : 544 1160 29 22 0
922 : 573 1160 24 26 1
923 : 599 1160 19 33 1
924 : 632 1160 28 22 0
925 : 660 1160 34 19 0
926 : 694 1160 31 20 0
927 : 725 1160 23 27 1
928 : 752 1160 35 18 0
929 : 787 1160 26 24 0
930 : 813 1160 24 26 1
931 : 839 1160 17 38 1
932 : 877 1160 24 26 1
933 : 903 1160 15 42 1
934 : 945 1160 37 17 0
935 : 0 1185 27 23 0
936 : 982 1135 15 42 0
937 : 27 1185 16 39 1
938 : 66 1185 37 17 0
939 : 103 1185 23 27 1
940 : 130 1185 38 16 0
941 : 168 1185 42 15 0
942 : 210 1185 28 22 0
943 : 618 754 13 47 1
944 : 238 1185 20 32 1
945 : 270 1185 25 25 0
946 : 295 1185 34 18 0
947 : 329 1185 32 19 0
948 : 361 1185 15 42 1
949 : 403 1185 30 21 0
950 : 433 1185 15 42 1
951 : 475 1185 32 19 0
952 : 507 1185 38 16 0
953 : 545 1185 30 21 0
954 : 379 845 48 13 0
955 : 575 1185 37 17 0
956 : 612 1185 28 22 0
957 : 640 1185 32 20 0
958 : 672 1185 36 17 0
959 : 708 1185 37 17 0
960 : 745 1185 19 33 1
961 : 778 1185 20 30 1
962 : 808 1185 29 21 0
963 : 837 1185 25 24 0
964 : 862 1185 23 26 1
965 : 888 1185 18 33 1
966 : 921 1185 36 17 0
967 : 957 1185 21 28 1
968 : 0 1210 26 23 0
969 : 26 1210 25 24 0
970 : 51 1210 37 16 0
971 : 88 1210 36 17 0
972 : 124 1210 20 30 1
973 : 154 1210 18 34 1
974 : 188 1210 23 26 1
975 : 214 1210 21 28 1
976 : 242 1210 34 18 0
977 : 276 1210 38 16 0
978 : 314 1210 17 36 1
979 : 350 1210 29 21 0
980 : 379 1210 26 23 0
981 : 405 1210 17 34 1
982 : 439 1210 28 21 0
983 : 467 1210 33 18 0
984 : 500 1210 28 21 0
985 : 528 1210 17 34 1
986 : 562 1210 30 20 0
987 : 592 1210 29 20 0
988 : 621 1210 21 28 1
989 : 649 1210 30 19 0
990 : 679 1210 24 24 0
991 : 703 1210 34 17 0
992 : 737 1210 20 29 1
993 : 766 1210 31 19 0
994 : 797 1210 24 24 0
995 : 821 1210 21 28 1
996 : 849 1210 30 19 0
997 : 879 1210 28 20 0
998 : 907 1210 22 27 1
999 : 591 376 13 44 1
