300 687
0 : 90 420 90 36 0
1 : 80 564 79 15 0
2 : 0 384 90 36 0
3 : 0 95 244 70 0
4 : 224 647 39 15 0
5 : 59 613 55 15 0
6 : 0 631 53 14 0
7 : 0 492 90 36 0
8 : 170 528 80 32 0
9 : 101 348 101 36 0
10 : 159 564 62 31 0
11 : 253 631 40 16 0
12 : 78 671 38 15 0
13 : 0 647 24 32 1
14 : 0 0 300 95 0
15 : 90 528 80 32 0
16 : 116 671 38 15 0
17 : 32 647 40 16 0
18 : 0 165 209 33 0
19 : 0 276 101 36 0
20 : 206 631 47 15 0
21 : 72 647 40 16 0
22 : 221 564 60 24 0
23 : 0 420 90 36 0
24 : 39 671 39 15 0
25 : 0 671 39 15 0
26 : 105 631 51 15 0
27 : 144 647 40 15 0
28 : 0 348 101 36 0
29 : 66 595 60 18 0
30 : 114 613 55 15 0
31 : 186 595 60 15 0
32 : 0 595 66 15 0
33 : 112 647 24 32 1
34 : 180 420 90 36 0
35 : 169 613 51 18 0
36 : 180 384 90 36 0
37 : 0 456 90 36 0
38 : 126 595 60 18 0
39 : 90 456 90 36 0
40 : 154 671 17 16 0
41 : 0 613 59 14 0
42 : 0 198 163 15 0
43 : 0 312 101 36 0
44 : 180 456 90 36 0
45 : 53 631 52 15 0
46 : 90 492 90 36 0
47 : 156 631 50 15 0
48 : 184 647 40 15 0
49 : 220 613 54 14 0
50 : 101 312 101 36 0
51 : 180 492 90 36 0
52 : 101 276 101 36 0
53 : 0 528 90 36 0
54 : 163 198 78 78 0
55 : 202 348 90 36 0
56 : 90 384 90 36 0
57 : 0 564 80 15 0
