200 234
0 : 151 175 8 47 1
1 : 0 50 143 26 0
2 : 77 33 16 107 1
3 : 77 0 33 95 1
4 : 195 116 5 21 0
5 : 116 116 54 40 0
6 : 65 212 84 15 0
7 : 172 0 32 25 1
8 : 64 116 52 45 0
9 : 170 116 13 39 0
10 : 0 185 86 20 0
11 : 0 0 50 77 1
12 : 73 76 77 31 0
13 : 0 161 24 74 1
14 : 178 50 11 12 0
15 : 0 212 22 65 1
16 : 86 185 27 53 1
17 : 151 161 14 46 1
18 : 184 33 17 9 1
19 : 163 50 15 21 0
20 : 0 153 31 6 0
21 : 190 76 8 38 0
22 : 74 161 23 77 1
23 : 183 116 12 35 0
24 : 163 71 5 12 1
25 : 143 50 20 23 0
26 : 0 76 73 40 0
27 : 150 76 40 39 0
28 : 0 116 64 37 0
