123 472
0 : 56 338 54 15 0
1 : 0 425 39 15 0
2 : 0 359 51 17 0
3 : 0 80 90 21 0
4 : 0 122 84 25 0
5 : 45 408 43 17 0
6 : 0 48 97 17 0
7 : 0 376 49 15 0
8 : 46 391 45 17 0
9 : 0 21 120 27 0
10 : 0 289 64 17 0
11 : 0 203 67 25 0
12 : 91 442 25 15 0
13 : 0 274 65 15 0
14 : 0 457 23 15 0
15 : 63 321 59 17 0
16 : 51 359 50 17 0
17 : 0 442 33 15 0
18 : 0 338 56 21 0
19 : 0 65 92 15 0
20 : 0 228 67 15 0
21 : 49 376 46 15 0
22 : 0 321 63 17 0
23 : 0 178 72 25 0
24 : 0 147 80 31 0
25 : 39 425 38 15 0
26 : 33 442 32 15 0
27 : 0 306 64 15 0
28 : 77 425 37 17 0
29 : 0 243 65 31 0
30 : 65 442 26 15 0
31 : 0 101 89 21 0
32 : 0 408 45 17 0
33 : 0 0 123 21 0
34 : 0 391 46 15 0
