92 200
0 : 68 173 11 9 1
1 : 77 198 1 1 0
2 : 79 185 9 11 0
3 : 0 198 1 29 1
4 : 59 173 9 11 0
5 : 37 50 19 15 0
6 : 50 0 50 29 1
7 : 58 198 1 19 1
8 : 0 50 18 18 0
9 : 21 160 12 45 1
10 : 56 50 19 15 0
11 : 45 173 14 12 0
12 : 0 173 12 45 1
13 : 31 147 27 13 0
14 : 79 0 43 13 1
15 : 19 119 55 13 0
16 : 0 147 31 13 0
17 : 18 50 19 15 0
18 : 0 185 11 79 1
19 : 0 0 50 50 0
20 : 0 196 2 37 1
21 : 33 134 31 13 0
22 : 0 68 92 17 0
23 : 0 160 21 13 0
24 : 77 173 11 9 1
25 : 0 134 33 13 0
26 : 64 134 28 13 0
27 : 29 198 1 29 1
28 : 66 160 13 10 0
29 : 58 147 27 13 0
30 : 0 85 17 88 1
31 : 0 119 19 15 0
32 : 0 199 1 19 1
33 : 0 102 86 17 0
34 : 37 196 1 48 1
35 : 88 185 4 6 0
36 : 79 160 13 10 0
37 : 86 173 4 6 0
