100 1763
0 : 0 936 38 90 1
1 : 0 1381 24 82 1
2 : 0 1622 18 75 1
3 : 0 0 88 98 1
4 : 0 1105 27 97 1
5 : 0 1753 4 99 1
6 : 0 1670 14 85 1
7 : 0 1357 24 85 1
8 : 0 1329 28 76 1
9 : 0 1511 46 35 0
10 : 0 1602 20 69 1
11 : 0 1490 21 79 1
12 : 0 576 41 99 1
13 : 0 477 49 88 1
14 : 0 803 39 96 1
15 : 0 1161 30 82 1
16 : 0 1587 15 95 1
17 : 0 1640 14 95 1
18 : 0 1432 19 96 1
19 : 0 427 50 93 1
20 : 0 1762 1 99 1
21 : 0 1009 40 75 1
22 : 0 1716 11 69 1
23 : 0 174 82 66 0
24 : 0 842 49 76 1
25 : 0 661 85 47 0
26 : 0 363 64 79 1
27 : 0 1405 27 69 1
28 : 0 1708 8 97 1
29 : 0 1077 28 94 1
30 : 0 1221 30 75 1
31 : 0 1251 32 69 1
32 : 0 1132 29 90 1
33 : 0 764 39 99 1
34 : 93 427 7 11 0
35 : 0 1451 100 18 0
36 : 0 240 61 88 1
37 : 0 1696 12 76 1
38 : 0 891 45 79 1
39 : 0 1049 28 95 1
40 : 0 1747 6 67 1
41 : 0 1283 47 46 0
42 : 47 1283 45 39 1
43 : 0 1546 19 84 1
44 : 0 1684 12 85 1
45 : 0 617 44 91 1
46 : 0 708 56 70 1
47 : 0 1469 21 82 1
48 : 0 1191 30 77 1
49 : 0 1760 2 93 1
50 : 86 301 31 14 1
51 : 0 974 35 89 1
52 : 0 1738 9 76 1
53 : 0 1565 22 68 1
54 : 0 1654 16 79 1
55 : 0 1727 11 68 1
56 : 0 526 50 84 1
57 : 0 1757 3 87 1
58 : 0 301 62 86 1
59 : 0 88 98 86 0
