35 427
0 : 24 129 12 10 1
1 : 32 7 2 31 0
2 : 24 104 10 13 0
3 : 0 184 16 16 0
4 : 16 184 16 16 0
5 : 0 200 16 16 0
6 : 16 200 16 16 0
7 : 33 312 2 15 0
8 : 28 388 8 7 1
9 : 0 403 13 13 0
10 : 16 216 16 16 0
11 : 19 416 8 7 1
12 : 16 232 16 16 0
13 : 24 61 16 7 1
14 : 0 248 16 16 0
15 : 16 358 16 15 0
16 : 0 388 15 15 0
17 : 0 84 24 21 0
18 : 34 7 1 26 0
19 : 0 264 16 16 0
20 : 24 77 11 14 0
21 : 0 105 24 21 0
22 : 0 373 16 15 0
23 : 16 280 16 16 0
24 : 0 296 16 16 0
25 : 26 416 7 7 0
26 : 16 296 16 16 0
27 : 15 388 13 14 0
28 : 16 312 16 15 1
29 : 33 403 2 7 0
30 : 25 403 8 10 0
31 : 24 91 13 11 1
32 : 0 328 16 15 0
33 : 13 403 13 12 1
34 : 0 312 16 16 0
35 : 0 280 16 16 0
36 : 32 38 1 1 0
37 : 31 312 2 16 0
38 : 24 141 12 10 1
39 : 11 416 8 10 0
40 : 24 117 12 10 1
41 : 0 39 24 24 0
42 : 16 328 16 15 0
43 : 0 343 16 15 0
44 : 0 7 32 32 0
45 : 28 396 7 7 0
46 : 24 39 3 22 0
47 : 16 264 16 16 0
48 : 16 248 16 16 0
49 : 0 0 35 7 0
50 : 0 232 16 16 0
51 : 27 39 3 19 0
52 : 31 61 3 15 0
53 : 0 63 24 21 0
54 : 16 168 16 16 0
55 : 16 343 16 15 0
56 : 0 216 16 16 0
57 : 0 168 16 16 0
58 : 24 153 11 11 0
59 : 0 358 16 15 0
60 : 0 416 11 11 0
61 : 0 126 24 21 0
62 : 0 147 24 21 0
63 : 16 373 16 15 0
64 : 24 164 3 11 1
