200 214
0 : 99 60 15 72 1
1 : 116 131 15 47 1
2 : 49 131 67 11 0
3 : 110 0 56 39 0
4 : 136 75 6 35 1
5 : 16 202 11 17 1
6 : 110 178 8 20 1
7 : 65 178 22 8 0
8 : 102 26 8 12 0
9 : 183 166 3 16 1
10 : 105 202 11 9 1
11 : 33 169 9 61 1
12 : 64 160 47 7 0
13 : 51 157 11 11 0
14 : 103 196 5 18 1
15 : 81 196 6 22 1
16 : 65 142 5 7 1
17 : 123 202 6 14 1
18 : 175 81 25 21 0
19 : 162 127 22 4 0
20 : 33 202 16 11 0
21 : 0 169 33 17 0
22 : 137 202 8 7 1
23 : 163 143 4 8 1
24 : 0 0 26 110 1
25 : 82 126 11 4 0
26 : 104 118 58 12 0
27 : 102 39 56 21 0
28 : 0 39 21 102 1
29 : 194 104 6 25 0
30 : 94 169 9 51 1
31 : 49 202 16 11 0
32 : 145 196 30 5 0
33 : 93 202 12 9 0
34 : 75 198 4 6 1
35 : 170 169 26 16 0
36 : 0 26 68 12 0
37 : 165 186 20 10 0
38 : 171 60 21 26 1
39 : 61 186 20 12 0
40 : 0 131 49 16 0
41 : 26 195 6 28 1
42 : 178 36 11 3 0
43 : 163 131 37 12 0
44 : 65 202 9 18 1
45 : 62 157 2 9 0
46 : 68 126 5 14 1
47 : 196 169 15 4 1
48 : 191 0 39 9 1
49 : 0 147 64 10 0
50 : 33 178 32 7 0
51 : 0 186 16 26 1
52 : 0 60 99 21 0
53 : 158 39 38 19 0
54 : 162 104 23 32 1
55 : 99 75 6 37 1
56 : 50 104 22 54 1
57 : 166 0 25 36 0
58 : 0 104 50 27 0
59 : 112 147 27 22 0
60 : 139 160 8 41 1
61 : 109 81 66 23 0
62 : 57 142 8 5 0
63 : 196 39 15 3 1
64 : 127 186 18 12 0
65 : 184 127 9 4 0
66 : 194 129 6 2 0
67 : 175 196 9 6 0
68 : 93 126 5 8 1
69 : 127 198 4 18 1
70 : 183 147 15 19 0
71 : 49 142 8 5 0
72 : 61 198 14 4 0
73 : 64 147 48 13 0
74 : 185 186 14 14 0
75 : 81 186 23 10 0
76 : 50 126 5 18 1
77 : 104 186 10 23 1
78 : 0 157 51 11 0
79 : 104 104 58 14 0
80 : 130 178 7 12 1
81 : 114 202 10 9 1
82 : 0 202 16 12 0
83 : 197 60 13 3 1
84 : 26 186 35 9 0
85 : 68 26 34 12 0
86 : 145 169 17 25 1
87 : 101 126 3 3 0
88 : 87 178 7 23 1
89 : 145 186 10 20 1
90 : 0 81 109 18 0
91 : 54 195 7 7 0
92 : 121 196 6 6 0
93 : 139 147 44 13 0
94 : 199 166 3 1 1
95 : 166 36 3 12 1
96 : 83 202 10 11 0
