35 423
0 : 24 118 12 10 1
1 : 32 180 2 31 0
2 : 24 81 10 13 0
3 : 0 177 16 16 0
4 : 16 177 16 16 0
5 : 0 193 16 16 0
6 : 16 193 16 16 0
7 : 33 305 2 15 0
8 : 28 381 8 7 1
9 : 0 396 13 13 0
10 : 16 209 16 16 0
11 : 25 396 8 7 0
12 : 16 225 16 16 0
13 : 0 416 16 7 0
14 : 16 241 16 16 0
15 : 0 336 16 15 0
16 : 0 381 15 15 0
17 : 0 119 24 21 0
18 : 34 81 1 26 0
19 : 16 257 16 16 0
20 : 24 32 11 14 0
21 : 0 140 24 21 0
22 : 16 336 16 15 0
23 : 0 289 16 16 0
24 : 16 289 16 16 0
25 : 24 150 7 7 0
26 : 0 161 16 16 0
27 : 15 381 13 14 0
28 : 0 351 16 15 0
29 : 33 396 2 7 0
30 : 24 140 8 10 0
31 : 24 46 13 11 1
32 : 16 351 16 15 0
33 : 13 396 13 12 1
34 : 16 161 16 16 0
35 : 16 273 16 16 0
36 : 15 395 1 1 0
37 : 31 305 2 16 0
38 : 24 94 12 10 1
39 : 24 130 8 10 0
40 : 24 106 12 10 1
41 : 0 32 24 24 0
42 : 0 366 16 15 0
43 : 16 366 16 15 0
44 : 0 0 32 32 0
45 : 28 389 7 7 0
46 : 32 0 3 22 0
47 : 0 305 16 16 0
48 : 0 273 16 16 0
49 : 0 409 35 7 0
50 : 0 257 16 16 0
51 : 32 161 3 19 0
52 : 32 321 3 15 0
53 : 0 98 24 21 0
54 : 0 241 16 16 0
55 : 16 305 16 15 1
56 : 0 209 16 16 0
57 : 0 225 16 16 0
58 : 24 59 11 11 0
59 : 0 321 16 15 0
60 : 24 70 11 11 0
61 : 0 77 24 21 0
62 : 0 56 24 21 0
63 : 16 321 16 15 0
64 : 32 130 3 11 0
