1000 29726
0 : 0 0 602 738 1
1 : 0 602 897 620 0
2 : 0 1222 743 708 0
3 : 0 1930 308 409 1
4 : 409 1930 447 477 1
5 : 738 0 421 71 1
6 : 809 0 167 331 0
7 : 743 1222 667 149 1
8 : 0 2377 792 493 0
9 : 0 2870 190 567 1
10 : 0 3060 320 711 1
11 : 0 3380 891 518 0
12 : 0 3898 750 559 0
13 : 750 3898 220 428 0
14 : 743 1889 10 55 1
15 : 0 4457 990 287 0
16 : 0 4744 986 840 0
17 : 0 5584 482 431 0
18 : 482 5584 393 471 1
19 : 0 6015 524 139 0
20 : 0 6154 963 110 0
21 : 0 6264 554 971 1
22 : 0 6818 143 657 1
23 : 0 6961 621 642 1
24 : 0 7582 628 649 1
25 : 0 8210 633 770 1
26 : 792 2377 473 184 1
27 : 0 8843 729 109 0
28 : 0 8952 601 395 0
29 : 0 9347 151 693 1
30 : 601 8952 342 281 0
31 : 601 9233 82 351 1
32 : 0 9498 531 361 0
33 : 892 1222 82 636 0
34 : 0 9859 926 836 0
35 : 0 10695 844 735 0
36 : 0 11430 246 940 1
37 : 0 11676 867 175 0
38 : 0 11851 560 664 1
39 : 0 12411 896 438 0
40 : 0 12849 711 613 0
41 : 0 13462 860 446 0
42 : 0 13908 182 927 1
43 : 711 12849 579 258 1
44 : 0 14090 753 372 0
45 : 0 14462 153 759 1
46 : 531 9498 361 371 1
47 : 971 6264 519 5 1
48 : 0 14615 866 129 0
49 : 0 14744 826 260 0
50 : 753 14090 361 202 1
51 : 0 15004 475 664 1
52 : 770 8210 125 483 0
53 : 0 15479 541 953 1
54 : 844 10695 573 141 1
55 : 664 15004 294 360 0
56 : 0 16020 95 681 1
57 : 0 16115 733 204 0
58 : 0 16319 907 307 0
59 : 0 16626 677 787 1
60 : 0 17303 345 708 1
61 : 0 17648 398 612 1
62 : 0 18046 572 490 0
63 : 0 18536 587 412 0
64 : 0 18948 275 786 1
65 : 0 19223 861 214 0
66 : 0 19437 997 576 0
67 : 711 3060 300 211 1
68 : 0 20013 790 189 0
69 : 786 18948 274 183 1
70 : 0 20202 893 692 0
71 : 0 20894 470 908 1
72 : 0 21364 456 667 1
73 : 0 21820 578 743 1
74 : 708 17303 196 327 0
75 : 896 12411 68 404 0
76 : 567 2870 162 380 1
77 : 897 602 563 59 1
78 : 0 22398 881 573 0
79 : 0 22971 910 310 0
80 : 572 18046 367 451 0
81 : 0 23281 898 640 0
82 : 926 9859 697 52 1
83 : 0 23921 588 646 1
84 : 0 24509 604 688 1
85 : 976 2377 469 1 1
86 : 0 25113 673 461 0
87 : 664 15364 105 307 1
88 : 0 25574 842 370 0
89 : 0 25944 405 788 1
90 : 0 26349 450 912 1
91 : 0 26799 816 750 0
92 : 0 27549 881 179 0
93 : 567 3032 16 427 1
94 : 0 27728 547 413 0
95 : 0 28141 689 837 1
96 : 0 28830 380 786 1
97 : 956 602 13 616 0
98 : 0 29210 783 143 0
99 : 0 29353 373 726 1
