40400 45407
0 : 37234 23161 4629 1596 1
1 : 35265 44050 2919 783 0
2 : 31236 41138 8067 1832 0
3 : 29468 33549 7180 2974 0
4 : 38388 28457 1685 1708 0
5 : 38184 44050 2029 601 0
6 : 0 9743 15046 7040 0
7 : 22675 9743 6726 7039 0
8 : 21318 23161 7958 5170 0
9 : 12275 33549 3621 4223 0
10 : 0 33549 4358 6846 1
11 : 8037 44050 6272 1268 0
12 : 37768 16783 6171 1473 1
13 : 14309 44050 3448 1249 0
14 : 26265 0 6389 10170 1
15 : 0 28457 7910 5092 0
16 : 15977 28457 4629 11306 1
17 : 6416 44050 1279 1621 1
18 : 15896 33549 3529 6846 1
19 : 32497 37907 3770 3117 0
20 : 22024 37907 3924 3177 0
21 : 38830 23161 2672 556 1
22 : 6272 23161 15046 5222 0
23 : 25548 41138 2050 2287 0
24 : 29276 23161 7958 5152 0
25 : 29099 44050 1063 2033 1
26 : 35945 16783 1823 5782 0
27 : 6846 33549 4047 5429 1
28 : 36435 0 6416 1491 1
29 : 31132 44050 859 2104 1
30 : 0 16783 6378 12850 1
31 : 0 41138 10744 2912 0
32 : 33748 28457 4629 2353 1
33 : 39241 37907 2919 838 1
34 : 7910 28457 8067 5014 0
35 : 36267 37907 3139 2974 1
36 : 38752 33549 1685 1469 1
37 : 33236 44050 2029 824 0
38 : 20899 16783 15046 5406 0
39 : 22742 33549 6726 3329 0
40 : 10744 0 7958 9256 0
41 : 23053 44050 1080 4223 1
42 : 10744 41138 2407 6846 1
43 : 0 23161 6272 5296 0
44 : 37926 0 6171 1375 1
45 : 17757 44050 1253 1249 1
46 : 29401 9743 6389 10729 1
47 : 18702 0 7910 7563 1
48 : 27283 28457 4629 6465 1
49 : 39386 23161 503 1621 0
50 : 15046 9743 7629 6846 0
51 : 25948 37907 6549 3117 0
52 : 15046 37907 6978 3177 0
53 : 39303 41138 2672 869 1
54 : 0 37907 15046 3231 0
55 : 36101 28457 4676 2287 1
56 : 17590 41138 7958 2142 0
57 : 27598 41138 3638 2033 0
58 : 27276 44050 1823 1064 0
59 : 19006 44050 4047 1135 0
60 : 0 44050 6416 1357 0
61 : 36648 33549 3842 2104 1
62 : 12850 16783 6378 8049 1
63 : 0 0 10744 9743 0
