200 268
0 : 0 0 15 72 1
1 : 72 0 15 47 1
2 : 119 0 67 11 0
3 : 0 15 56 39 0
4 : 56 15 6 35 0
5 : 62 15 11 17 0
6 : 73 15 8 20 0
7 : 81 15 22 8 1
8 : 186 0 8 12 0
9 : 89 15 3 16 0
10 : 92 15 11 9 1
11 : 101 15 9 61 1
12 : 0 54 47 7 0
13 : 47 54 11 11 0
14 : 58 54 5 18 1
15 : 76 54 6 22 1
16 : 98 54 5 7 0
17 : 194 0 6 14 0
18 : 103 54 25 21 0
19 : 162 15 22 4 1
20 : 128 54 16 11 1
21 : 139 54 33 17 0
22 : 172 54 8 7 1
23 : 179 54 4 8 0
24 : 0 75 26 110 1
25 : 183 54 11 4 1
26 : 110 75 58 12 0
27 : 0 101 56 21 0
28 : 56 101 21 102 1
29 : 168 75 6 25 0
30 : 0 122 9 51 1
31 : 51 122 16 11 0
32 : 67 122 30 5 0
33 : 97 122 12 9 0
34 : 109 122 4 6 0
35 : 174 75 26 16 0
36 : 113 122 68 12 0
37 : 187 54 20 10 1
38 : 158 101 21 26 1
39 : 184 101 20 12 1
40 : 0 134 49 16 0
41 : 49 134 6 28 1
42 : 181 122 11 3 1
43 : 166 15 37 12 1
44 : 77 134 9 18 1
45 : 184 122 2 9 0
46 : 95 134 5 14 0
47 : 100 134 15 4 1
48 : 178 15 39 9 1
49 : 104 134 64 10 0
50 : 187 15 32 7 1
51 : 168 134 16 26 1
52 : 0 150 99 21 0
53 : 99 150 38 19 0
54 : 137 150 23 32 1
55 : 194 15 6 37 0
56 : 0 173 22 54 1
57 : 54 173 25 36 1
58 : 90 173 50 27 0
59 : 169 150 27 22 0
60 : 140 173 8 41 1
61 : 0 200 66 23 0
62 : 186 122 8 5 1
63 : 194 134 15 3 1
64 : 66 200 18 12 1
65 : 191 122 9 4 1
66 : 195 122 6 2 1
67 : 78 200 9 6 1
68 : 84 200 5 8 0
69 : 196 101 4 18 0
70 : 89 200 15 19 0
71 : 104 200 8 5 1
72 : 196 150 14 4 1
73 : 109 200 48 13 0
74 : 157 200 14 14 0
75 : 171 200 23 10 1
76 : 181 200 5 18 0
77 : 186 200 10 23 0
78 : 0 223 51 11 0
79 : 51 223 58 14 0
80 : 109 223 7 12 0
81 : 116 223 10 9 1
82 : 125 223 16 12 0
83 : 141 223 13 3 1
84 : 144 223 35 9 0
85 : 0 237 34 12 0
86 : 34 237 17 25 1
87 : 197 122 3 3 0
88 : 181 173 7 23 0
89 : 179 223 10 20 1
90 : 59 237 109 18 0
91 : 168 237 7 7 0
92 : 175 237 6 6 0
93 : 0 255 44 13 0
94 : 44 255 3 1 1
95 : 45 255 3 12 0
96 : 48 255 10 11 0
