100 1995
0 : 99 0 1 74 0
1 : 0 1374 24 88 1
2 : 0 1877 16 77 1
3 : 0 1691 98 7 0
4 : 0 1897 9 81 1
5 : 0 1850 22 71 1
6 : 0 1161 29 88 1
7 : 0 387 100 39 0
8 : 0 771 85 45 0
9 : 0 816 31 98 1
10 : 86 218 68 11 1
11 : 0 1698 16 88 1
12 : 0 1811 9 86 1
13 : 0 1308 67 46 0
14 : 0 1524 41 66 1
15 : 0 0 92 87 0
16 : 98 0 1 83 0
17 : 0 1629 35 70 1
18 : 0 1565 39 67 1
19 : 0 1745 31 68 1
20 : 0 1872 5 88 1
21 : 0 1215 30 86 1
22 : 0 153 99 65 0
23 : 0 1071 32 88 1
24 : 0 1912 21 66 1
25 : 0 1431 36 75 1
26 : 0 1287 21 93 1
27 : 0 929 44 81 1
28 : 0 589 48 87 1
29 : 95 1308 4 10 0
30 : 0 847 53 76 1
31 : 0 1714 17 83 1
32 : 76 847 37 24 1
33 : 0 1398 33 78 1
34 : 0 722 49 82 1
35 : 0 335 52 88 1
36 : 67 1308 38 28 1
37 : 0 1190 25 91 1
38 : 0 1820 5 89 1
39 : 0 973 50 75 1
40 : 0 1793 1 96 1
41 : 0 1664 27 78 1
42 : 0 1906 82 6 0
43 : 99 153 8 1 1
44 : 0 1604 25 80 1
45 : 0 1245 42 73 1
46 : 0 1794 4 92 1
47 : 0 900 29 100 1
48 : 0 1956 10 72 1
49 : 0 1835 78 15 0
50 : 0 637 45 89 1
51 : 0 1103 60 58 0
52 : 0 1971 8 73 1
53 : 92 0 6 87 0
54 : 0 287 48 93 1
55 : 0 1893 4 87 1
56 : 0 1776 17 81 1
57 : 0 1990 5 71 1
58 : 0 1943 13 71 1
59 : 0 1933 10 75 1
60 : 0 551 38 98 1
61 : 0 87 66 98 1
62 : 0 682 40 92 1
63 : 0 1825 84 10 0
64 : 0 1504 20 88 1
65 : 0 426 39 100 1
66 : 70 1629 28 30 0
67 : 0 1966 5 77 1
68 : 0 1731 14 86 1
69 : 88 335 24 12 1
70 : 72 1467 28 33 0
71 : 0 505 46 90 1
72 : 0 1354 20 92 1
73 : 0 218 69 86 1
74 : 0 465 40 98 1
75 : 0 1023 48 76 1
76 : 0 1467 37 72 1
77 : 78 1398 28 22 1
78 : 0 1798 13 82 1
79 : 0 1979 11 70 1
