1000 1355
0 : 0 0 66 61 0
1 : 66 0 62 48 0
2 : 128 0 62 46 0
3 : 190 0 61 43 0
4 : 251 0 39 62 1
5 : 313 0 38 61 0
6 : 351 0 30 71 1
7 : 422 0 56 37 1
8 : 459 0 52 39 1
9 : 498 0 36 55 0
10 : 534 0 74 27 0
11 : 608 0 42 47 0
12 : 650 0 61 32 0
13 : 711 0 58 32 1
14 : 743 0 51 36 1
15 : 779 0 46 40 1
16 : 819 0 79 23 0
17 : 898 0 48 38 1
18 : 0 61 79 23 0
19 : 936 0 30 60 0
20 : 79 61 22 81 1
21 : 160 61 36 49 1
22 : 209 61 25 71 1
23 : 280 61 73 24 0
24 : 966 0 57 31 1
25 : 353 61 72 25 0
26 : 425 61 50 35 0
27 : 475 61 56 31 0
28 : 531 61 33 54 1
29 : 585 61 39 46 1
30 : 631 61 28 63 1
31 : 694 61 77 23 0
32 : 771 61 43 40 0
33 : 814 61 36 48 1
34 : 862 61 56 31 0
35 : 918 61 51 34 0
36 : 0 101 54 32 0
37 : 54 101 44 40 0
38 : 98 101 37 47 1
39 : 145 101 51 34 0
40 : 196 101 48 36 0
41 : 244 101 53 33 0
42 : 297 101 39 45 1
43 : 342 101 34 50 1
44 : 392 101 22 78 1
45 : 470 101 51 33 0
46 : 521 101 29 58 1
47 : 579 101 73 23 0
48 : 652 101 23 73 1
49 : 725 101 37 45 1
50 : 770 101 73 23 0
51 : 843 101 42 40 0
52 : 885 101 26 64 1
53 : 0 141 31 54 1
54 : 54 141 23 72 1
55 : 126 141 79 21 0
56 : 949 101 35 47 1
57 : 205 141 33 50 1
58 : 255 141 39 42 1
59 : 297 141 33 50 1
60 : 347 141 54 30 0
61 : 401 141 60 27 0
62 : 461 141 47 34 0
63 : 508 141 22 73 1
64 : 581 141 49 33 0
65 : 630 141 37 43 1
66 : 673 141 30 52 1
67 : 725 141 67 23 0
68 : 792 141 35 45 1
69 : 837 141 62 25 0
70 : 899 141 24 64 1
71 : 0 180 35 45 1
72 : 45 180 36 43 1
73 : 88 180 26 59 1
74 : 147 180 43 36 0
75 : 190 180 67 23 0
76 : 257 180 34 45 1
77 : 302 180 64 24 0
78 : 366 180 32 48 1
79 : 414 180 30 51 1
80 : 465 180 32 48 1
81 : 513 180 25 61 1
82 : 574 180 55 27 0
83 : 629 180 54 28 0
84 : 683 180 33 46 1
85 : 729 180 31 48 1
86 : 777 180 45 33 0
87 : 822 180 51 29 0
88 : 873 180 43 35 0
89 : 916 180 74 20 0
90 : 0 216 50 29 0
91 : 50 216 40 37 0
92 : 90 216 25 59 1
93 : 149 216 31 47 1
94 : 196 216 30 48 1
95 : 244 216 46 31 0
96 : 963 141 37 39 0
97 : 290 216 37 39 1
98 : 329 216 63 22 0
99 : 392 216 34 42 1
100 : 434 216 26 55 1
101 : 489 216 31 45 1
102 : 534 216 67 21 0
103 : 601 216 23 61 1
104 : 662 216 23 59 1
105 : 721 216 46 30 0
106 : 767 216 62 22 0
107 : 829 216 26 54 1
108 : 883 216 36 39 1
109 : 922 216 59 23 0
110 : 0 253 69 20 0
111 : 69 253 51 27 0
112 : 120 253 31 44 1
113 : 164 253 28 49 1
114 : 213 253 37 37 0
115 : 250 253 34 41 1
116 : 291 253 31 44 1
117 : 335 253 49 28 0
118 : 384 253 65 21 0
119 : 449 253 20 68 1
120 : 517 253 36 38 1
121 : 555 253 55 25 0
122 : 610 253 24 55 1
123 : 665 253 33 40 1
124 : 705 253 70 19 0
125 : 775 253 29 45 1
126 : 820 253 31 43 1
127 : 863 253 57 23 0
128 : 920 253 52 26 0
129 : 0 290 45 29 0
130 : 45 290 20 66 1
131 : 111 290 23 57 1
132 : 168 290 45 29 0
133 : 213 290 51 25 0
134 : 264 290 25 52 1
135 : 316 290 20 63 1
136 : 379 290 69 19 0
137 : 448 290 44 29 0
138 : 492 290 28 46 1
139 : 538 290 23 56 1
140 : 594 290 28 45 1
141 : 639 290 26 50 1
142 : 689 290 37 34 0
143 : 726 290 65 20 0
144 : 791 290 28 46 1
145 : 837 290 65 19 0
146 : 902 290 56 23 0
147 : 0 324 46 27 0
148 : 46 324 28 45 1
149 : 91 324 47 27 0
150 : 958 290 38 33 0
151 : 138 324 45 28 0
152 : 183 324 64 19 0
153 : 247 324 24 52 1
154 : 299 324 18 68 1
155 : 969 61 40 31 1
156 : 367 324 46 27 0
157 : 413 324 20 61 1
158 : 474 324 32 38 1
159 : 512 324 52 24 0
160 : 564 324 38 32 0
161 : 602 324 34 36 1
162 : 638 324 30 41 1
163 : 679 324 44 27 0
164 : 723 324 31 39 1
165 : 762 324 20 61 1
166 : 823 324 33 36 1
167 : 859 324 26 47 1
168 : 906 324 48 25 0
169 : 954 324 32 37 1
170 : 0 358 62 19 0
171 : 62 358 31 40 1
172 : 102 358 28 44 1
173 : 146 358 48 25 0
174 : 194 358 19 63 1
175 : 257 358 47 26 0
176 : 304 358 40 30 0
177 : 344 358 46 26 0
178 : 390 358 36 33 0
179 : 426 358 40 30 0
180 : 466 358 20 59 1
181 : 525 358 34 35 1
182 : 560 358 37 32 0
183 : 597 358 28 43 1
184 : 640 358 33 36 1
185 : 676 358 26 46 1
186 : 722 358 21 58 1
187 : 780 358 29 41 1
188 : 821 358 24 49 1
189 : 870 358 33 37 1
190 : 907 358 32 37 1
191 : 944 358 37 32 0
192 : 0 392 56 21 0
193 : 56 392 65 18 0
194 : 121 392 23 51 1
195 : 172 392 23 51 1
196 : 223 392 30 39 1
197 : 262 392 50 24 0
198 : 312 392 52 23 0
199 : 364 392 37 32 0
200 : 401 392 51 23 0
201 : 452 392 27 43 1
202 : 495 392 30 39 1
203 : 534 392 48 24 0
204 : 582 392 56 21 0
205 : 638 392 25 47 1
206 : 685 392 24 49 1
207 : 734 392 38 31 0
208 : 772 392 19 61 1
209 : 833 392 33 35 1
210 : 868 392 59 20 0
211 : 927 392 25 47 1
212 : 0 425 31 37 1
213 : 37 425 27 43 1
214 : 80 425 25 45 1
215 : 125 425 18 64 1
216 : 189 425 27 43 1
217 : 232 425 27 43 1
218 : 275 425 36 32 0
219 : 311 425 30 39 1
220 : 350 425 60 19 0
221 : 410 425 24 48 1
222 : 458 425 27 43 1
223 : 501 425 61 19 0
224 : 562 425 60 19 0
225 : 622 425 29 39 1
226 : 661 425 30 39 1
227 : 700 425 24 47 1
228 : 747 425 26 44 1
229 : 791 425 26 44 1
230 : 835 425 60 19 0
231 : 895 425 50 23 0
232 : 0 457 56 20 0
233 : 945 425 43 27 0
234 : 56 457 29 39 1
235 : 95 457 57 20 0
236 : 152 457 65 17 0
237 : 217 457 21 53 1
238 : 270 457 51 22 0
239 : 321 457 18 64 1
240 : 385 457 47 24 0
241 : 432 457 51 22 0
242 : 483 457 63 18 0
243 : 546 457 30 37 1
244 : 583 457 24 46 1
245 : 629 457 26 43 1
246 : 672 457 31 36 1
247 : 708 457 48 23 0
248 : 756 457 46 24 0
249 : 802 457 19 60 1
250 : 862 457 31 36 1
251 : 898 457 31 36 1
252 : 934 457 28 40 1
253 : 0 488 46 24 0
254 : 46 488 58 19 0
255 : 104 488 26 43 1
256 : 147 488 27 42 1
257 : 189 488 18 61 1
258 : 250 488 40 28 0
259 : 290 488 30 37 1
260 : 327 488 28 40 1
261 : 367 488 46 24 0
262 : 413 488 54 21 0
263 : 467 488 26 43 1
264 : 510 488 33 34 1
265 : 544 488 35 32 0
266 : 579 488 36 31 0
267 : 615 488 25 44 1
268 : 659 488 30 37 1
269 : 696 488 27 41 1
270 : 737 488 23 47 1
271 : 784 488 64 17 0
272 : 848 488 26 43 1
273 : 891 488 17 63 1
274 : 954 488 27 41 1
275 : 0 521 44 25 0
276 : 44 521 58 19 0
277 : 102 521 33 33 0
278 : 135 521 44 25 0
279 : 179 521 49 22 0
280 : 228 521 29 38 1
281 : 266 521 50 22 0
282 : 316 521 51 21 0
283 : 367 521 30 37 1
284 : 404 521 31 36 1
285 : 440 521 30 37 1
286 : 477 521 18 61 1
287 : 538 521 24 45 1
288 : 583 521 25 43 1
289 : 626 521 40 27 0
290 : 666 521 26 42 1
291 : 708 521 20 55 1
292 : 763 521 40 27 0
293 : 803 521 30 36 1
294 : 839 521 34 32 0
295 : 873 521 29 37 1
296 : 910 521 39 28 0
297 : 949 521 48 23 0
298 : 0 554 32 33 1
299 : 33 554 40 27 0
300 : 73 554 24 45 1
301 : 118 554 24 44 1
302 : 162 554 23 47 1
303 : 209 554 29 37 1
304 : 246 554 20 53 1
305 : 299 554 27 39 1
306 : 338 554 19 56 1
307 : 394 554 45 24 0
308 : 439 554 37 29 0
309 : 476 554 18 60 1
310 : 536 554 30 36 1
311 : 572 554 37 29 0
312 : 609 554 24 44 1
313 : 653 554 27 39 1
314 : 692 554 26 41 1
315 : 733 554 23 46 1
316 : 779 554 46 23 0
317 : 825 554 48 22 0
318 : 873 554 61 17 0
319 : 934 554 61 17 0
320 : 0 586 23 45 1
321 : 45 586 26 41 1
322 : 86 586 23 47 1
323 : 133 586 50 21 0
324 : 183 586 39 27 0
325 : 222 586 50 21 0
326 : 272 586 52 20 0
327 : 324 586 52 20 0
328 : 376 586 17 63 1
329 : 439 586 37 29 0
330 : 476 586 17 60 1
331 : 536 586 17 60 1
332 : 596 586 27 39 1
333 : 635 586 18 59 1
334 : 694 586 23 46 1
335 : 740 586 32 33 1
336 : 773 586 24 44 1
337 : 817 586 23 45 1
338 : 862 586 26 41 1
339 : 903 586 30 35 1
340 : 938 586 50 21 0
341 : 0 618 34 31 0
342 : 34 618 52 20 0
343 : 86 618 36 29 0
344 : 122 618 41 25 0
345 : 163 618 27 39 1
346 : 202 618 23 45 1
347 : 247 618 26 39 1
348 : 286 618 30 35 1
349 : 321 618 35 30 0
350 : 356 618 24 43 1
351 : 972 253 37 28 1
352 : 399 618 18 58 1
353 : 457 618 26 40 1
354 : 497 618 27 38 1
355 : 535 618 24 43 1
356 : 578 618 32 33 1
357 : 611 618 24 44 1
358 : 655 618 19 55 1
359 : 710 618 37 28 0
360 : 747 618 18 59 1
361 : 806 618 53 20 0
362 : 859 618 28 37 1
363 : 896 618 28 37 1
364 : 933 618 22 47 1
365 : 0 650 27 38 1
366 : 38 650 40 26 0
367 : 78 650 19 54 1
368 : 132 650 60 17 0
369 : 192 650 26 39 1
370 : 231 650 28 36 1
371 : 267 650 42 25 0
372 : 309 650 21 48 1
373 : 357 650 28 37 1
374 : 394 650 29 36 1
375 : 430 650 43 24 0
376 : 473 650 37 28 0
377 : 510 650 55 19 0
378 : 565 650 22 46 1
379 : 611 650 28 36 1
380 : 647 650 52 19 0
381 : 699 650 26 39 1
382 : 738 650 31 33 1
383 : 771 650 26 39 1
384 : 810 650 37 28 0
385 : 847 650 63 16 0
386 : 910 650 47 22 0
387 : 0 681 52 20 0
388 : 52 681 17 61 1
389 : 957 650 24 42 1
390 : 113 681 25 41 1
391 : 154 681 33 31 0
392 : 187 681 32 32 0
393 : 219 681 18 55 1
394 : 274 681 35 29 0
395 : 309 681 53 19 0
396 : 362 681 25 41 1
397 : 403 681 63 16 0
398 : 466 681 32 32 0
399 : 498 681 17 60 1
400 : 558 681 37 27 0
401 : 595 681 27 37 1
402 : 632 681 30 33 1
403 : 665 681 43 24 0
404 : 708 681 34 30 0
405 : 742 681 25 41 1
406 : 783 681 52 20 0
407 : 835 681 33 31 0
408 : 868 681 33 30 0
409 : 901 681 50 20 0
410 : 951 681 25 40 1
411 : 0 713 33 31 0
412 : 33 713 38 27 0
413 : 71 713 20 50 1
414 : 121 713 45 22 0
415 : 166 713 32 32 0
416 : 198 713 26 39 1
417 : 237 713 42 24 0
418 : 279 713 63 16 0
419 : 342 713 48 21 0
420 : 390 713 16 61 1
421 : 451 713 38 26 0
422 : 489 713 25 41 1
423 : 530 713 28 36 1
424 : 566 713 26 39 1
425 : 605 713 19 53 1
426 : 658 713 63 16 0
427 : 721 713 23 44 1
428 : 765 713 21 47 1
429 : 812 713 37 27 0
430 : 849 713 37 27 0
431 : 886 713 29 34 1
432 : 920 713 28 36 1
433 : 956 713 25 40 1
434 : 0 745 30 34 1
435 : 34 745 36 28 0
436 : 70 745 23 43 1
437 : 113 745 36 27 0
438 : 149 745 21 47 1
439 : 196 745 24 42 1
440 : 238 745 16 61 1
441 : 299 745 25 39 1
442 : 338 745 61 16 0
443 : 399 745 38 26 0
444 : 437 745 23 44 1
445 : 481 745 30 33 1
446 : 514 745 63 16 0
447 : 577 745 60 16 0
448 : 637 745 30 33 1
449 : 670 745 46 21 0
450 : 716 745 21 47 1
451 : 763 745 22 45 1
452 : 808 745 27 37 1
453 : 845 745 23 42 1
454 : 887 745 18 54 1
455 : 941 745 49 20 0
456 : 0 775 20 48 1
457 : 48 775 21 47 1
458 : 95 775 28 35 1
459 : 130 775 24 41 1
460 : 171 775 41 24 0
461 : 212 775 43 23 0
462 : 255 775 21 47 1
463 : 302 775 27 37 1
464 : 339 775 19 51 1
465 : 390 775 19 52 1
466 : 442 775 24 40 1
467 : 482 775 28 35 1
468 : 517 775 32 30 0
469 : 549 775 30 33 1
470 : 582 775 23 42 1
471 : 624 775 19 51 1
472 : 675 775 41 24 0
473 : 716 775 27 36 1
474 : 752 775 28 35 1
475 : 787 775 25 39 1
476 : 826 775 41 24 0
477 : 867 775 25 39 1
478 : 906 775 56 17 0
479 : 0 805 23 42 1
480 : 42 805 17 55 1
481 : 962 775 30 33 1
482 : 97 805 17 55 1
483 : 152 805 16 59 1
484 : 211 805 23 42 1
485 : 253 805 54 18 0
486 : 307 805 26 38 1
487 : 345 805 51 19 0
488 : 396 805 44 22 0
489 : 440 805 61 16 0
490 : 501 805 44 22 0
491 : 545 805 28 34 1
492 : 579 805 23 42 1
493 : 621 805 25 39 1
494 : 660 805 37 26 0
495 : 697 805 31 31 0
496 : 728 805 16 60 1
497 : 788 805 23 41 1
498 : 829 805 48 20 0
499 : 877 805 28 35 1
500 : 912 805 30 32 1
501 : 944 805 40 24 0
502 : 0 836 52 18 0
503 : 52 836 57 17 0
504 : 109 836 25 39 1
505 : 148 836 23 42 1
506 : 190 836 21 45 1
507 : 235 836 49 19 0
508 : 284 836 31 30 0
509 : 315 836 22 44 1
510 : 359 836 23 41 1
511 : 400 836 38 25 0
512 : 438 836 25 38 1
513 : 476 836 57 17 0
514 : 533 836 26 36 1
515 : 569 836 28 33 1
516 : 602 836 23 41 1
517 : 643 836 50 19 0
518 : 693 836 27 35 1
519 : 728 836 27 35 1
520 : 763 836 24 39 1
521 : 802 836 28 34 1
522 : 836 836 17 57 1
523 : 893 836 20 47 1
524 : 940 836 26 36 1
525 : 0 866 37 25 0
526 : 37 866 22 44 1
527 : 81 866 41 23 0
528 : 122 866 39 24 0
529 : 161 866 17 55 1
530 : 216 866 25 38 1
531 : 254 866 50 19 0
532 : 304 866 18 51 1
533 : 355 866 29 33 1
534 : 388 866 31 30 0
535 : 419 866 29 33 1
536 : 452 866 31 31 0
537 : 483 866 50 19 0
538 : 533 866 49 19 0
539 : 582 866 32 29 0
540 : 614 866 24 39 1
541 : 653 866 22 43 1
542 : 696 866 45 21 0
543 : 741 866 34 28 0
544 : 775 866 47 20 0
545 : 822 866 22 42 1
546 : 864 866 22 42 1
547 : 906 866 25 38 1
548 : 944 866 17 55 1
549 : 0 897 20 46 1
550 : 46 897 39 24 0
551 : 85 897 22 42 1
552 : 127 897 20 46 1
553 : 173 897 52 18 0
554 : 225 897 30 31 1
555 : 256 897 34 27 0
556 : 290 897 34 28 0
557 : 324 897 37 25 0
558 : 361 897 28 34 1
559 : 395 897 48 19 0
560 : 443 897 23 41 1
561 : 484 897 29 32 1
562 : 516 897 37 25 0
563 : 553 897 47 20 0
564 : 600 897 21 44 1
565 : 644 897 57 16 0
566 : 701 897 28 33 1
567 : 734 897 39 24 0
568 : 773 897 40 23 0
569 : 813 897 28 33 1
570 : 846 897 29 32 1
571 : 878 897 47 20 0
572 : 925 897 25 37 1
573 : 962 897 35 27 0
574 : 0 927 23 40 1
575 : 40 927 24 39 1
576 : 79 927 15 60 1
577 : 139 927 26 36 1
578 : 175 927 26 35 1
579 : 210 927 27 34 1
580 : 244 927 26 35 1
581 : 279 927 52 18 0
582 : 331 927 60 15 0
583 : 391 927 38 24 0
584 : 429 927 38 24 0
585 : 467 927 38 24 0
586 : 505 927 29 32 1
587 : 537 927 45 20 0
588 : 582 927 18 51 1
589 : 633 927 22 43 1
590 : 676 927 60 15 0
591 : 736 927 49 19 0
592 : 785 927 18 50 1
593 : 835 927 31 30 0
594 : 866 927 25 37 1
595 : 903 927 38 24 0
596 : 941 927 43 22 0
597 : 0 957 40 23 0
598 : 40 957 20 47 1
599 : 87 957 51 18 0
600 : 138 957 37 25 0
601 : 175 957 39 24 0
602 : 214 957 26 36 1
603 : 250 957 25 37 1
604 : 287 957 24 38 1
605 : 325 957 33 27 0
606 : 358 957 29 32 1
607 : 390 957 20 47 1
608 : 437 957 25 37 1
609 : 474 957 22 41 1
610 : 515 957 31 30 0
611 : 546 957 35 26 0
612 : 581 957 23 39 1
613 : 620 957 19 48 1
614 : 668 957 21 44 1
615 : 712 957 49 19 0
616 : 761 957 23 40 1
617 : 801 957 15 59 1
618 : 860 957 27 34 1
619 : 894 957 23 40 1
620 : 934 957 26 35 1
621 : 0 987 21 43 1
622 : 43 987 19 48 1
623 : 969 957 31 29 0
624 : 91 987 31 29 0
625 : 122 987 26 35 1
626 : 157 987 43 21 0
627 : 200 987 52 18 0
628 : 252 987 25 37 1
629 : 289 987 37 24 0
630 : 326 987 41 22 0
631 : 367 987 33 28 0
632 : 400 987 28 32 1
633 : 432 987 20 46 1
634 : 478 987 41 22 0
635 : 519 987 44 20 0
636 : 563 987 25 37 1
637 : 600 987 19 47 1
638 : 647 987 27 33 1
639 : 680 987 41 21 0
640 : 721 987 37 24 0
641 : 758 987 47 19 0
642 : 805 987 39 23 0
643 : 844 987 27 32 1
644 : 876 987 35 25 0
645 : 911 987 26 34 1
646 : 945 987 42 21 0
647 : 0 1016 27 32 1
648 : 32 1016 36 24 0
649 : 68 1016 27 32 1
650 : 100 1016 32 27 0
651 : 132 1016 22 39 1
652 : 171 1016 20 43 1
653 : 214 1016 30 28 0
654 : 244 1016 32 27 0
655 : 276 1016 50 17 0
656 : 326 1016 21 41 1
657 : 367 1016 42 21 0
658 : 409 1016 52 16 0
659 : 461 1016 17 52 1
660 : 513 1016 35 25 0
661 : 548 1016 19 45 1
662 : 593 1016 29 30 1
663 : 623 1016 22 39 1
664 : 974 392 33 26 1
665 : 662 1016 27 32 1
666 : 694 1016 32 27 0
667 : 726 1016 29 29 0
668 : 755 1016 21 40 1
669 : 795 1016 36 24 0
670 : 831 1016 35 24 0
671 : 866 1016 23 37 1
672 : 903 1016 22 39 1
673 : 942 1016 17 50 1
674 : 0 1045 23 37 1
675 : 37 1045 26 32 1
676 : 69 1045 40 21 0
677 : 109 1045 36 23 0
678 : 145 1045 23 36 1
679 : 181 1045 16 52 1
680 : 233 1045 35 24 0
681 : 268 1045 24 34 1
682 : 302 1045 18 46 1
683 : 348 1045 57 15 0
684 : 405 1045 35 23 0
685 : 440 1045 57 15 0
686 : 497 1045 40 21 0
687 : 537 1045 24 34 1
688 : 571 1045 28 30 1
689 : 601 1045 23 35 1
690 : 636 1045 52 16 0
691 : 688 1045 56 15 0
692 : 744 1045 46 18 0
693 : 790 1045 30 28 0
694 : 820 1045 28 29 1
695 : 849 1045 17 48 1
696 : 897 1045 15 55 1
697 : 0 1073 52 16 0
698 : 52 1073 57 14 0
699 : 109 1073 56 14 0
700 : 165 1073 15 56 1
701 : 952 1045 23 36 1
702 : 221 1073 56 15 0
703 : 277 1073 16 50 1
704 : 327 1073 25 33 1
705 : 360 1073 37 22 0
706 : 397 1073 36 23 0
707 : 433 1073 33 25 0
708 : 974 457 31 26 1
709 : 466 1073 35 23 0
710 : 501 1073 36 22 0
711 : 537 1073 23 35 1
712 : 572 1073 24 33 1
713 : 605 1073 52 15 0
714 : 657 1073 26 30 1
715 : 687 1073 35 23 0
716 : 722 1073 56 14 0
717 : 778 1073 30 27 0
718 : 808 1073 20 40 1
719 : 848 1073 33 24 0
720 : 881 1073 44 18 0
721 : 925 1073 31 26 0
722 : 956 1073 42 19 0
723 : 0 1100 56 14 0
724 : 56 1100 36 22 0
725 : 92 1100 20 39 1
726 : 131 1100 31 25 0
727 : 162 1100 14 56 1
728 : 218 1100 22 35 1
729 : 253 1100 21 36 1
730 : 289 1100 27 29 1
731 : 318 1100 53 15 0
732 : 371 1100 35 22 0
733 : 406 1100 42 19 0
734 : 448 1100 27 28 1
735 : 476 1100 34 22 0
736 : 510 1100 31 25 0
737 : 541 1100 21 36 1
738 : 577 1100 31 25 0
739 : 608 1100 16 48 1
740 : 656 1100 17 45 1
741 : 701 1100 28 27 0
742 : 729 1100 29 26 0
743 : 758 1100 30 25 0
744 : 788 1100 25 30 1
745 : 818 1100 33 23 0
746 : 851 1100 37 20 0
747 : 888 1100 27 28 1
748 : 916 1100 22 34 1
749 : 950 1100 21 35 1
750 : 0 1127 34 22 0
751 : 34 1127 25 30 1
752 : 64 1127 33 23 0
753 : 97 1127 27 28 1
754 : 125 1127 34 22 0
755 : 159 1127 37 20 0
756 : 196 1127 23 32 1
757 : 228 1127 16 46 1
758 : 274 1127 27 27 0
759 : 301 1127 23 32 1
760 : 333 1127 20 37 1
761 : 370 1127 16 47 1
762 : 417 1127 22 33 1
763 : 450 1127 40 19 0
764 : 490 1127 48 15 0
765 : 538 1127 32 23 0
766 : 570 1127 32 23 0
767 : 602 1127 52 14 0
768 : 654 1127 22 33 1
769 : 687 1127 14 52 1
770 : 739 1127 14 51 1
771 : 790 1127 36 20 0
772 : 826 1127 44 17 0
773 : 870 1127 42 17 0
774 : 912 1127 48 15 0
775 : 960 1127 29 25 0
776 : 0 1154 34 21 0
777 : 34 1154 18 41 1
778 : 75 1154 18 41 1
779 : 116 1154 24 31 1
780 : 147 1154 53 14 0
781 : 200 1154 33 22 0
782 : 233 1154 40 18 0
783 : 273 1154 27 27 0
784 : 300 1154 38 19 0
785 : 338 1154 32 23 0
786 : 370 1154 34 21 0
787 : 404 1154 52 14 0
788 : 456 1154 21 34 1
789 : 490 1154 22 33 1
790 : 523 1154 21 34 1
791 : 557 1154 32 23 0
792 : 589 1154 22 32 1
793 : 976 836 30 24 1
794 : 621 1154 17 41 1
795 : 662 1154 14 50 1
796 : 712 1154 35 21 0
797 : 747 1154 25 29 1
798 : 776 1154 46 15 0
799 : 822 1154 20 36 1
800 : 858 1154 28 26 0
801 : 886 1154 34 21 0
802 : 981 216 19 37 0
803 : 920 1154 18 38 1
804 : 958 1154 18 39 1
805 : 0 1181 23 30 1
806 : 30 1181 15 48 1
807 : 78 1181 17 41 1
808 : 119 1181 31 22 0
809 : 150 1181 50 14 0
810 : 200 1181 34 20 0
811 : 234 1181 17 42 1
812 : 276 1181 52 13 0
813 : 328 1181 31 23 0
814 : 359 1181 41 17 0
815 : 400 1181 20 35 1
816 : 435 1181 21 32 1
817 : 467 1181 37 19 0
818 : 504 1181 40 17 0
819 : 544 1181 14 50 1
820 : 594 1181 31 22 0
821 : 625 1181 16 44 1
822 : 669 1181 16 43 1
823 : 712 1181 16 43 1
824 : 755 1181 24 28 1
825 : 783 1181 26 27 1
826 : 810 1181 29 24 0
827 : 839 1181 28 24 0
828 : 867 1181 26 26 0
829 : 893 1181 20 35 1
830 : 928 1181 24 28 1
831 : 0 1207 13 52 1
832 : 52 1207 13 51 1
833 : 956 1181 18 37 1
834 : 103 1207 22 31 1
835 : 134 1207 16 42 1
836 : 176 1207 19 36 1
837 : 212 1207 15 44 1
838 : 256 1207 32 21 0
839 : 288 1207 31 22 0
840 : 319 1207 19 35 1
841 : 354 1207 30 23 0
842 : 384 1207 47 14 0
843 : 431 1207 23 29 1
844 : 460 1207 27 25 0
845 : 487 1207 31 22 0
846 : 518 1207 18 37 1
847 : 555 1207 48 14 0
848 : 603 1207 41 16 0
849 : 644 1207 28 24 0
850 : 672 1207 18 38 1
851 : 710 1207 17 39 1
852 : 749 1207 27 25 0
853 : 776 1207 36 19 0
854 : 812 1207 28 24 0
855 : 840 1207 14 47 1
856 : 887 1207 21 32 1
857 : 919 1207 50 13 0
858 : 0 1232 38 18 0
859 : 969 1207 28 24 0
860 : 38 1232 28 24 0
861 : 66 1232 14 48 1
862 : 114 1232 16 42 1
863 : 156 1232 14 48 1
864 : 204 1232 15 43 1
865 : 247 1232 24 28 1
866 : 275 1232 31 21 0
867 : 306 1232 31 21 0
868 : 337 1232 14 46 1
869 : 383 1232 25 26 1
870 : 409 1232 33 20 0
871 : 442 1232 24 27 1
872 : 469 1232 26 25 0
873 : 495 1232 29 23 0
874 : 524 1232 36 18 0
875 : 981 358 34 19 1
876 : 560 1232 42 16 0
877 : 602 1232 28 23 0
878 : 630 1232 23 29 1
879 : 659 1232 20 33 1
880 : 692 1232 27 25 0
881 : 719 1232 27 24 0
882 : 746 1232 31 21 0
883 : 777 1232 34 19 0
884 : 811 1232 20 33 1
885 : 844 1232 27 24 0
886 : 871 1232 35 19 0
887 : 906 1232 30 22 0
888 : 936 1232 15 44 1
889 : 0 1257 22 30 1
890 : 30 1257 33 20 0
891 : 63 1257 35 19 0
892 : 98 1257 15 42 1
893 : 140 1257 26 25 0
894 : 166 1257 21 30 1
895 : 196 1257 25 26 1
896 : 222 1257 27 24 0
897 : 249 1257 28 23 0
898 : 277 1257 16 39 1
899 : 316 1257 13 51 1
900 : 367 1257 13 51 1
901 : 418 1257 30 21 0
902 : 448 1257 43 15 0
903 : 491 1257 14 45 1
904 : 536 1257 31 21 0
905 : 567 1257 44 15 0
906 : 611 1257 18 35 1
907 : 646 1257 27 23 0
908 : 673 1257 18 35 1
909 : 708 1257 24 26 1
910 : 734 1257 24 26 1
911 : 760 1257 22 29 1
912 : 789 1257 23 28 1
913 : 817 1257 36 18 0
914 : 853 1257 35 18 0
915 : 980 618 32 20 1
916 : 888 1257 21 30 1
917 : 918 1257 29 22 0
918 : 947 1257 28 22 0
919 : 0 1282 25 26 1
920 : 26 1282 33 19 0
921 : 59 1282 29 22 0
922 : 88 1282 24 26 1
923 : 114 1282 19 33 1
924 : 147 1282 28 22 0
925 : 175 1282 34 19 0
926 : 209 1282 31 20 0
927 : 240 1282 23 27 1
928 : 267 1282 35 18 0
929 : 302 1282 26 24 0
930 : 328 1282 24 26 1
931 : 354 1282 17 38 1
932 : 392 1282 24 26 1
933 : 418 1282 15 42 1
934 : 460 1282 37 17 0
935 : 497 1282 27 23 0
936 : 524 1282 15 42 1
937 : 566 1282 16 39 1
938 : 605 1282 37 17 0
939 : 642 1282 23 27 1
940 : 669 1282 38 16 0
941 : 707 1282 42 15 0
942 : 749 1282 28 22 0
943 : 777 1282 13 47 1
944 : 824 1282 20 32 1
945 : 975 1257 25 25 0
946 : 856 1282 34 18 0
947 : 890 1282 32 19 0
948 : 922 1282 15 42 1
949 : 964 1282 30 21 0
950 : 0 1307 15 42 1
951 : 42 1307 32 19 0
952 : 74 1307 38 16 0
953 : 112 1307 30 21 0
954 : 142 1307 48 13 0
955 : 190 1307 37 17 0
956 : 227 1307 28 22 0
957 : 255 1307 32 20 0
958 : 287 1307 36 17 0
959 : 323 1307 37 17 0
960 : 360 1307 19 33 1
961 : 393 1307 20 30 1
962 : 423 1307 29 21 0
963 : 452 1307 25 24 0
964 : 477 1307 23 26 1
965 : 503 1307 18 33 1
966 : 536 1307 36 17 0
967 : 572 1307 21 28 1
968 : 600 1307 26 23 0
969 : 626 1307 25 24 0
970 : 651 1307 37 16 0
971 : 688 1307 36 17 0
972 : 724 1307 20 30 1
973 : 754 1307 18 34 1
974 : 788 1307 23 26 1
975 : 814 1307 21 28 1
976 : 842 1307 34 18 0
977 : 876 1307 38 16 0
978 : 914 1307 17 36 1
979 : 950 1307 29 21 0
980 : 0 1331 26 23 0
981 : 26 1331 17 34 1
982 : 60 1331 28 21 0
983 : 88 1331 33 18 0
984 : 121 1331 28 21 0
985 : 149 1331 17 34 1
986 : 183 1331 30 20 0
987 : 213 1331 29 20 0
988 : 242 1331 21 28 1
989 : 270 1331 30 19 0
990 : 300 1331 24 24 0
991 : 324 1331 34 17 0
992 : 358 1331 20 29 1
993 : 387 1331 31 19 0
994 : 418 1331 24 24 0
995 : 442 1331 21 28 1
996 : 470 1331 30 19 0
997 : 500 1331 28 20 0
998 : 528 1331 22 27 1
999 : 555 1331 13 44 1
