40400 55263
0 : 26687 48099 4629 1596 0
1 : 14389 52146 2919 783 1
2 : 21473 22005 8067 1832 0
3 : 7629 35957 7180 2974 0
4 : 22502 52146 1685 1708 0
5 : 20837 52146 2029 601 1
6 : 0 0 15046 7040 0
7 : 14809 35957 6726 7039 1
8 : 0 28394 7958 5170 0
9 : 31316 48099 3621 4223 1
10 : 28826 35957 4358 6846 0
11 : 39120 35957 6272 1268 1
12 : 37589 22005 6171 1473 1
13 : 38716 48099 3448 1249 1
14 : 30092 0 6389 10170 1
15 : 31784 28394 7910 5092 0
16 : 12850 12262 4629 11306 1
17 : 25656 52146 1279 1621 0
18 : 33184 35957 3529 6846 0
19 : 3842 52146 3770 3117 0
20 : 35539 48099 3924 3177 1
21 : 39694 28394 2672 556 1
22 : 0 7040 15046 5222 0
23 : 16041 52146 2050 2287 0
24 : 7958 28394 7958 5152 0
25 : 18950 52146 1063 2033 0
26 : 6171 48099 1823 5782 1
27 : 11953 48099 4047 5429 1
28 : 19740 42803 6416 1491 0
29 : 18091 52146 859 2104 0
30 : 0 12262 6378 12850 1
31 : 0 22005 10744 2912 0
32 : 22058 48099 4629 2353 0
33 : 39348 7040 2919 838 1
34 : 34900 12262 8067 5014 1
35 : 11250 52146 3139 2974 0
36 : 24187 52146 1685 1469 1
37 : 20013 52146 2029 824 1
38 : 15046 0 15046 5406 0
39 : 0 42803 6726 3329 0
40 : 30092 7040 7958 9256 1
41 : 39062 22005 1080 4223 0
42 : 36713 35957 2407 6846 0
43 : 32572 42803 6272 5296 0
44 : 0 48099 6171 1375 0
45 : 27438 52146 1253 1249 1
46 : 10744 22005 6389 10729 1
47 : 23874 28394 7910 7563 0
48 : 13275 42803 4629 6465 1
49 : 26935 52146 503 1621 0
50 : 0 35957 7629 6846 0
51 : 6726 42803 6549 3117 0
52 : 21848 35957 6978 3177 0
53 : 15172 52146 2672 869 1
54 : 15046 7040 15046 3231 0
55 : 17382 48099 4676 2287 0
56 : 15916 28394 7958 2142 0
57 : 7612 52146 3638 2033 0
58 : 21438 52146 1823 1064 1
59 : 38844 42803 4047 1135 1
60 : 26156 42803 6416 1357 0
61 : 0 52146 3842 2104 0
62 : 29540 22005 6378 8049 1
63 : 24156 12262 10744 9743 0
