300 619
0 : 0 342 90 36 0
1 : 80 213 79 15 0
2 : 202 234 90 36 0
3 : 0 128 244 70 0
4 : 113 510 39 15 0
5 : 230 450 55 15 0
6 : 170 468 53 14 0
7 : 180 378 90 36 0
8 : 209 95 80 32 0
9 : 0 306 101 36 0
10 : 51 510 62 31 0
11 : 152 510 40 16 0
12 : 152 526 38 15 0
13 : 268 486 24 32 1
14 : 0 0 300 95 0
15 : 90 450 80 32 0
16 : 190 526 38 15 0
17 : 192 510 40 16 0
18 : 0 95 209 33 0
19 : 163 198 101 36 0
20 : 270 402 47 15 1
21 : 232 510 40 16 0
22 : 158 486 60 24 0
23 : 191 306 90 36 0
24 : 113 525 39 15 0
25 : 0 541 39 15 0
26 : 107 486 51 15 0
27 : 285 402 40 15 1
28 : 101 270 101 36 0
29 : 270 342 60 18 1
30 : 0 486 55 15 0
31 : 273 128 60 15 1
32 : 244 128 66 15 1
33 : 264 198 24 32 0
34 : 90 342 90 36 0
35 : 0 510 51 18 0
36 : 101 306 90 36 0
37 : 180 342 90 36 0
38 : 170 450 60 18 0
39 : 0 378 90 36 0
40 : 281 306 17 16 0
41 : 259 128 59 14 1
42 : 0 198 163 15 0
43 : 101 234 101 36 0
44 : 90 378 90 36 0
45 : 55 486 52 15 0
46 : 0 414 90 36 0
47 : 218 486 50 15 0
48 : 285 442 40 15 1
49 : 230 465 54 14 0
50 : 0 270 101 36 0
51 : 90 414 90 36 0
52 : 0 234 101 36 0
53 : 180 414 90 36 0
54 : 39 541 78 78 0
55 : 0 450 90 36 0
56 : 202 270 90 36 0
57 : 0 213 80 15 0
