40400 54076
0 : 38330 42683 4629 1596 1
1 : 39365 28394 2919 783 1
2 : 34900 12262 8067 1832 1
3 : 0 35957 7180 2974 0
4 : 7943 52026 1685 1708 0
5 : 6278 52026 2029 601 1
6 : 0 0 15046 7040 0
7 : 7180 35957 6726 7039 1
8 : 0 28394 7958 5170 0
9 : 14734 47979 3621 4223 1
10 : 21197 35957 4358 6846 1
11 : 37589 22005 6272 1268 1
12 : 38857 22005 6171 1473 1
13 : 34746 47979 3448 1249 1
14 : 30092 7040 6389 10170 1
15 : 23826 28394 7910 5092 0
16 : 12850 12262 4629 11306 1
17 : 11097 52026 1279 1621 0
18 : 28043 35957 3529 6846 1
19 : 29596 47979 3770 3117 1
20 : 24315 47979 3924 3177 1
21 : 39807 47979 2672 556 1
22 : 0 7040 15046 5222 0
23 : 0 52026 2050 2287 1
24 : 7958 28394 7958 5152 0
25 : 4391 52026 1063 2033 0
26 : 32548 42683 1823 5782 1
27 : 0 47979 4047 5429 1
28 : 38218 35957 6416 1491 1
29 : 2287 52026 859 2104 1
30 : 0 12262 6378 12850 1
31 : 0 22005 10744 2912 0
32 : 10105 47979 4629 2353 0
33 : 38969 47979 2919 838 1
34 : 21473 22005 8067 5014 0
35 : 35995 47979 3139 2974 1
36 : 9628 52026 1685 1469 1
37 : 5454 52026 2029 824 1
38 : 15046 0 15046 5406 0
39 : 34889 35957 6726 3329 1
40 : 30092 0 7958 9256 1
41 : 18957 47979 1080 4223 1
42 : 0 42683 2407 6846 1
43 : 26276 42683 6272 5296 0
44 : 38874 12262 6171 1375 1
45 : 12879 52026 1253 1249 1
46 : 10744 22005 6389 10729 1
47 : 15916 28394 7910 7563 0
48 : 13395 42683 4629 6465 1
49 : 12376 52026 503 1621 0
50 : 31736 28394 7629 6846 0
51 : 6846 42683 6549 3117 0
52 : 14219 35957 6978 3177 0
53 : 39348 0 2672 869 1
54 : 15046 7040 15046 3231 0
55 : 5429 47979 4676 2287 0
56 : 36732 12262 7958 2142 1
57 : 32713 47979 3638 2033 1
58 : 6879 52026 1823 1064 1
59 : 23180 47979 4047 1135 1
60 : 19860 42683 6416 1357 0
61 : 27492 47979 3842 2104 1
62 : 29540 22005 6378 8049 1
63 : 24156 12262 10744 9743 0
