200 315
0 : 122 68 66 25 0
1 : 0 242 14 30 1
2 : 108 278 18 14 0
3 : 64 135 43 34 0
4 : 0 105 59 30 0
5 : 80 294 10 16 1
6 : 93 242 8 33 1
7 : 123 169 22 47 1
8 : 72 278 18 16 0
9 : 76 259 26 13 0
10 : 126 242 24 17 0
11 : 0 294 26 4 0
12 : 22 278 7 28 1
13 : 21 259 26 14 0
14 : 115 105 30 51 1
15 : 0 191 39 25 0
16 : 119 307 7 3 1
17 : 42 294 19 9 0
18 : 165 278 25 6 0
19 : 170 294 8 14 1
20 : 83 50 18 78 1
21 : 148 278 14 17 1
22 : 0 169 62 12 0
23 : 0 135 15 64 1
24 : 0 307 16 5 0
25 : 39 191 46 13 0
26 : 71 216 27 26 0
27 : 107 135 12 63 1
28 : 123 259 30 8 0
29 : 0 0 36 91 1
30 : 0 216 23 31 1
31 : 184 294 8 13 0
32 : 126 278 22 9 0
33 : 85 191 9 50 1
34 : 72 307 14 4 0
35 : 134 294 8 16 1
36 : 50 278 22 12 0
37 : 0 68 57 37 0
38 : 96 307 7 6 1
39 : 156 216 12 36 1
40 : 47 259 11 29 1
41 : 59 105 30 56 1
42 : 91 0 50 62 1
43 : 62 169 61 13 0
44 : 102 307 4 7 0
45 : 150 242 7 33 1
46 : 67 242 16 26 1
47 : 135 191 12 46 1
48 : 129 216 21 27 1
49 : 57 68 28 65 1
50 : 124 307 4 4 0
51 : 61 294 9 19 1
52 : 31 216 40 13 0
53 : 96 294 6 19 1
54 : 0 278 15 22 1
55 : 98 216 19 31 1
56 : 102 259 21 17 0
57 : 106 307 5 6 0
58 : 34 307 5 15 1
59 : 153 259 30 7 0
60 : 115 294 6 19 1
61 : 49 307 8 12 1
62 : 61 307 11 8 0
63 : 0 259 19 21 1
64 : 90 278 18 14 0
65 : 150 294 3 20 1
66 : 16 307 18 3 0
67 : 0 50 83 16 0
68 : 26 294 16 13 0
69 : 122 307 2 7 0
70 : 86 307 6 10 1
71 : 30 242 37 6 0
72 : 111 307 8 3 0
