35 424
0 : 25 396 12 10 1
1 : 31 32 2 31 0
2 : 24 94 10 13 0
3 : 16 161 16 16 0
4 : 0 177 16 16 0
5 : 16 177 16 16 0
6 : 0 193 16 16 0
7 : 33 32 2 15 0
8 : 28 381 8 7 1
9 : 0 396 13 13 0
10 : 16 209 16 16 0
11 : 26 409 8 7 1
12 : 16 225 16 16 0
13 : 0 409 16 7 0
14 : 0 241 16 16 0
15 : 16 321 16 15 0
16 : 0 381 15 15 0
17 : 0 119 24 21 0
18 : 34 129 1 26 0
19 : 0 257 16 16 0
20 : 24 67 11 14 0
21 : 0 140 24 21 0
22 : 0 336 16 15 0
23 : 16 273 16 16 0
24 : 0 289 16 16 0
25 : 0 417 7 7 0
26 : 0 305 16 16 0
27 : 15 381 13 14 0
28 : 16 336 16 15 0
29 : 33 409 2 7 0
30 : 16 409 8 10 1
31 : 24 81 13 11 1
32 : 0 351 16 15 0
33 : 13 396 13 12 1
34 : 0 161 16 16 0
35 : 0 273 16 16 0
36 : 33 416 1 1 0
37 : 32 351 2 16 0
38 : 24 129 12 10 1
39 : 24 153 8 10 1
40 : 24 141 12 10 1
41 : 0 32 24 24 0
42 : 16 351 16 15 0
43 : 0 366 16 15 0
44 : 0 0 32 32 0
45 : 28 389 7 7 0
46 : 32 0 3 22 0
47 : 16 289 16 16 0
48 : 16 257 16 16 0
49 : 24 32 35 7 1
50 : 16 241 16 16 0
51 : 32 321 3 19 0
52 : 31 305 3 15 0
53 : 0 98 24 21 0
54 : 0 225 16 16 0
55 : 16 366 16 15 0
56 : 16 193 16 16 0
57 : 0 209 16 16 0
58 : 24 107 11 11 0
59 : 16 305 16 15 1
60 : 24 118 11 11 0
61 : 0 77 24 21 0
62 : 0 56 24 21 0
63 : 0 321 16 15 0
64 : 32 340 3 11 0
