135 397
0 : 64 343 29 18 0
1 : 85 52 49 16 0
2 : 56 363 29 16 0
3 : 0 68 75 21 0
4 : 112 363 23 16 0
5 : 0 36 88 16 0
6 : 76 89 57 18 0
7 : 47 300 42 21 0
8 : 89 300 45 16 0
9 : 0 187 61 18 0
10 : 35 343 29 20 0
11 : 0 107 67 26 0
12 : 0 282 52 16 0
13 : 0 16 93 20 0
14 : 0 381 22 16 0
15 : 41 381 19 16 0
16 : 0 321 36 20 0
17 : 50 243 55 16 0
18 : 0 0 135 16 0
19 : 52 282 50 18 0
20 : 104 264 31 16 0
21 : 0 264 53 16 0
22 : 109 321 22 18 0
23 : 0 205 62 18 0
24 : 75 68 58 21 0
25 : 0 171 71 16 0
26 : 88 36 45 16 0
27 : 0 52 85 16 0
28 : 70 321 39 16 0
29 : 93 16 40 18 0
30 : 112 223 20 21 1
31 : 62 205 63 16 0
32 : 53 264 51 18 0
33 : 71 153 63 18 0
34 : 93 343 29 16 0
35 : 0 133 73 20 0
36 : 22 381 19 16 0
37 : 0 363 29 16 0
38 : 0 300 47 20 0
39 : 102 282 29 18 0
40 : 0 243 50 21 0
41 : 36 321 34 22 0
42 : 58 223 54 20 0
43 : 73 133 62 20 0
44 : 105 243 30 21 0
45 : 29 363 27 18 0
46 : 79 381 16 16 0
47 : 60 381 19 16 0
48 : 85 363 27 16 0
49 : 67 107 66 18 0
50 : 71 171 53 34 0
51 : 0 89 76 18 0
52 : 0 153 71 18 0
53 : 0 223 58 20 0
54 : 0 343 35 16 0
