40400 56006
0 : 9910 52677 4629 1596 0
1 : 37289 52677 2919 783 0
2 : 11069 46082 8067 1832 0
3 : 12407 42035 7180 2974 0
4 : 28544 52677 1685 1708 0
5 : 13531 54727 2029 601 0
6 : 0 0 15046 7040 0
7 : 30724 25264 6726 7039 1
8 : 0 32110 7958 5170 0
9 : 6846 46082 3621 4223 1
10 : 17209 37406 4358 6846 1
11 : 0 52677 6272 1268 0
12 : 15337 49703 6171 1473 0
13 : 25096 52677 3448 1249 0
14 : 10729 17701 6389 10170 1
15 : 23983 32110 7910 5092 0
16 : 28809 17701 4629 11306 1
17 : 2033 54727 1279 1621 1
18 : 24055 37406 3529 6846 1
19 : 23060 46082 3770 3117 0
20 : 19136 46082 3924 3177 0
21 : 10859 54727 2672 556 0
22 : 15046 9743 15046 5222 0
23 : 14539 52677 2050 2287 1
24 : 7958 32110 7958 5152 0
25 : 0 54727 1063 2033 1
26 : 0 49703 1823 5782 1
27 : 6978 42035 4047 5429 1
28 : 5782 49703 6416 1491 0
29 : 5477 54727 859 2104 1
30 : 25790 0 6378 12850 1
31 : 0 37406 10744 2912 0
32 : 26830 46082 4629 2353 0
33 : 31698 52677 2919 838 0
34 : 15916 32110 8067 5014 0
35 : 12198 49703 3139 2974 0
36 : 30229 52677 1685 1469 1
37 : 7581 54727 2029 824 0
38 : 0 9743 15046 5406 0
39 : 30901 37406 6726 3329 0
40 : 30092 9743 7958 9256 1
41 : 20873 52677 1080 4223 1
42 : 0 46082 2407 6846 1
43 : 31893 32110 6272 5296 0
44 : 27924 49703 6171 1375 0
45 : 9610 54727 1253 1249 1
46 : 0 17701 6389 10729 1
47 : 20899 17701 7910 7563 0
48 : 10744 37406 4629 6465 1
49 : 15560 54727 503 1621 1
50 : 0 25264 7629 6846 0
51 : 19587 42035 6549 3117 0
52 : 0 42035 6978 3177 0
53 : 34617 52677 2672 869 0
54 : 15678 25264 15046 3231 0
55 : 31459 46082 4676 2287 0
56 : 26136 42035 7958 2142 0
57 : 6272 52677 3638 2033 0
58 : 3654 54727 1823 1064 0
59 : 16826 52677 4047 1135 0
60 : 21508 49703 6416 1357 0
61 : 34095 49703 3842 2104 0
62 : 7629 25264 6378 8049 1
63 : 15046 0 10744 9743 0
