40400 58953
0 : 0 0 4629 1596 0
1 : 4629 0 2919 783 0
2 : 7548 0 8067 1832 0
3 : 15615 0 7180 2974 0
4 : 22795 0 1685 1708 0
5 : 24480 0 2029 601 1
6 : 25081 0 15046 7040 0
7 : 0 7040 6726 7039 1
8 : 7039 7040 7958 5170 0
9 : 14997 7040 3621 4223 0
10 : 18618 7040 4358 6846 1
11 : 25464 7040 6272 1268 1
12 : 26732 7040 6171 1473 1
13 : 28205 7040 3448 1249 1
14 : 29454 7040 6389 10170 1
15 : 0 13766 7910 5092 0
16 : 7910 13766 4629 11306 1
17 : 19216 13766 1279 1621 0
18 : 20495 13766 3529 6846 1
19 : 27341 13766 3770 3117 1
20 : 30458 13766 3924 3177 1
21 : 39624 7040 2672 556 1
22 : 0 18858 15046 5222 0
23 : 33635 13766 2050 2287 0
24 : 15046 18858 7958 5152 0
25 : 35685 13766 1063 2033 0
26 : 23004 18858 1823 5782 1
27 : 28786 18858 4047 5429 1
28 : 0 24080 6416 1491 0
29 : 36748 13766 859 2104 0
30 : 6416 24080 6378 12850 1
31 : 19266 24080 10744 2912 0
32 : 37607 13766 4629 2353 1
33 : 34215 18858 2919 838 1
34 : 30010 24080 8067 5014 0
35 : 35053 18858 3139 2974 1
36 : 38027 18858 1685 1469 1
37 : 39496 18858 2029 824 1
38 : 0 30458 15046 5406 0
39 : 15046 30458 6726 3329 0
40 : 21772 30458 7958 9256 1
41 : 38077 24080 1080 4223 0
42 : 31028 30458 2407 6846 0
43 : 33435 30458 6272 5296 1
44 : 38731 30458 6171 1375 1
45 : 0 38416 1253 1249 0
46 : 1253 38416 6389 10729 1
47 : 11982 38416 7910 7563 0
48 : 19892 38416 4629 6465 0
49 : 39157 24080 503 1621 0
50 : 24521 38416 7629 6846 0
51 : 32150 38416 6549 3117 1
52 : 35267 38416 6978 3177 1
53 : 38444 38416 2672 869 1
54 : 0 45979 15046 3231 0
55 : 15046 45979 4676 2287 0
56 : 19722 45979 7958 2142 0
57 : 27680 45979 3638 2033 0
58 : 39313 38416 1823 1064 1
59 : 31318 45979 4047 1135 0
60 : 0 49210 6416 1357 0
61 : 35365 45979 3842 2104 0
62 : 6416 49210 6378 8049 1
63 : 14465 49210 10744 9743 0
