300 611
0 : 0 0 90 36 0
1 : 90 0 79 15 0
2 : 169 0 90 36 0
3 : 0 36 244 70 0
4 : 259 0 39 15 0
5 : 90 15 55 15 0
6 : 244 36 53 14 1
7 : 0 106 90 36 0
8 : 90 106 80 32 0
9 : 170 106 101 36 0
10 : 258 36 62 31 1
11 : 259 15 40 16 0
12 : 0 142 38 15 0
13 : 271 106 24 32 0
14 : 0 157 300 95 0
15 : 0 252 80 32 0
16 : 38 142 38 15 0
17 : 80 252 40 16 0
18 : 0 284 209 33 0
19 : 0 317 101 36 0
20 : 76 142 47 15 0
21 : 80 268 40 16 0
22 : 120 252 60 24 0
23 : 101 317 90 36 0
24 : 123 142 39 15 0
25 : 162 142 39 15 0
26 : 201 142 51 15 0
27 : 252 142 40 15 0
28 : 191 317 101 36 0
29 : 180 252 60 18 0
30 : 240 252 55 15 0
31 : 240 267 60 15 0
32 : 209 284 66 15 0
33 : 0 353 24 32 1
34 : 32 353 90 36 0
35 : 209 299 51 18 0
36 : 122 353 90 36 0
37 : 0 389 90 36 0
38 : 212 353 60 18 0
39 : 90 389 90 36 0
40 : 260 299 17 16 0
41 : 180 270 59 14 0
42 : 0 425 163 15 0
43 : 180 389 101 36 0
44 : 163 425 90 36 0
45 : 212 371 52 15 0
46 : 0 461 90 36 0
47 : 0 440 50 15 0
48 : 50 440 40 15 0
49 : 90 440 54 14 0
50 : 90 461 101 36 0
51 : 191 461 90 36 0
52 : 0 497 101 36 0
53 : 101 497 90 36 0
54 : 191 497 78 78 0
55 : 0 575 90 36 0
56 : 0 533 90 36 0
57 : 90 533 80 15 0
