1000 29492
0 : 0 0 602 738 1
1 : 0 602 897 620 0
2 : 0 1222 743 708 0
3 : 0 1930 308 409 1
4 : 409 1930 447 477 1
5 : 738 0 421 71 1
6 : 809 0 167 331 0
7 : 743 1222 667 149 1
8 : 0 2377 792 493 0
9 : 0 2870 190 567 1
10 : 0 3060 320 711 1
11 : 0 3380 891 518 0
12 : 0 3898 750 559 0
13 : 567 2870 220 428 1
14 : 976 0 10 55 0
15 : 0 4457 990 287 0
16 : 0 4744 986 840 0
17 : 0 5584 482 431 0
18 : 482 5584 393 471 1
19 : 750 3898 524 139 1
20 : 0 6015 963 110 0
21 : 0 6125 554 971 1
22 : 0 6679 143 657 1
23 : 0 6822 621 642 1
24 : 0 7443 628 649 1
25 : 0 8071 633 770 1
26 : 792 2377 473 184 1
27 : 0 8704 729 109 0
28 : 0 8813 601 395 0
29 : 0 9208 151 693 1
30 : 657 6679 342 281 0
31 : 897 602 82 351 0
32 : 0 9359 531 361 0
33 : 892 1222 82 636 0
34 : 0 9720 926 836 0
35 : 0 10556 844 735 0
36 : 0 11291 246 940 1
37 : 0 11537 867 175 0
38 : 0 11712 560 664 1
39 : 0 12272 896 438 0
40 : 0 12710 711 613 0
41 : 0 13323 860 446 0
42 : 0 13769 182 927 1
43 : 642 6822 579 258 1
44 : 0 13951 753 372 0
45 : 0 14323 153 759 1
46 : 601 8813 361 371 0
47 : 986 0 519 5 1
48 : 0 14476 866 129 0
49 : 0 14605 826 260 0
50 : 649 7443 361 202 1
51 : 0 14865 475 664 1
52 : 851 7443 125 483 0
53 : 0 15340 541 953 1
54 : 770 8071 573 141 1
55 : 531 9359 294 360 0
56 : 844 10556 95 681 0
57 : 0 15881 733 204 0
58 : 0 16085 907 307 0
59 : 0 16392 677 787 1
60 : 0 17069 345 708 1
61 : 0 17414 398 612 1
62 : 0 17812 572 490 0
63 : 0 18302 587 412 0
64 : 0 18714 275 786 1
65 : 0 18989 861 214 0
66 : 0 19203 997 576 0
67 : 711 3060 300 211 1
68 : 0 19779 790 189 0
69 : 693 9208 274 183 0
70 : 0 19968 893 692 0
71 : 0 20660 470 908 1
72 : 0 21130 456 667 1
73 : 0 21586 578 743 1
74 : 664 11712 196 327 0
75 : 886 1930 68 404 0
76 : 711 12710 162 380 0
77 : 900 6822 563 59 1
78 : 0 22164 881 573 0
79 : 0 22737 910 310 0
80 : 572 17812 367 451 0
81 : 0 23047 898 640 0
82 : 926 9720 697 52 1
83 : 0 23687 588 646 1
84 : 0 24275 604 688 1
85 : 991 0 469 1 1
86 : 0 24879 673 461 0
87 : 891 3380 105 307 0
88 : 0 25340 842 370 0
89 : 0 25710 405 788 1
90 : 0 26115 450 912 1
91 : 0 26565 816 750 0
92 : 0 27315 881 179 0
93 : 979 602 16 427 0
94 : 0 27494 547 413 0
95 : 0 27907 689 837 1
96 : 0 28596 380 786 1
97 : 974 1222 13 616 0
98 : 0 28976 783 143 0
99 : 0 29119 373 726 1
