300 599
0 : 180 351 90 36 0
1 : 0 540 79 15 0
2 : 202 279 90 36 0
3 : 0 173 244 70 0
4 : 0 570 39 15 0
5 : 205 540 55 15 0
6 : 54 585 53 14 0
7 : 180 387 90 36 0
8 : 209 459 80 32 0
9 : 78 95 101 36 0
10 : 80 492 62 31 0
11 : 250 492 40 16 0
12 : 155 570 38 15 0
13 : 226 492 24 32 0
14 : 0 0 300 95 0
15 : 0 492 80 32 0
16 : 117 570 38 15 0
17 : 280 95 40 16 1
18 : 0 459 209 33 0
19 : 101 279 101 36 0
20 : 208 555 47 15 0
21 : 0 524 40 16 0
22 : 142 492 60 24 0
23 : 0 351 90 36 0
24 : 39 570 39 15 0
25 : 78 570 39 15 0
26 : 107 555 51 15 0
27 : 260 540 40 15 0
28 : 179 95 101 36 0
29 : 262 173 60 18 1
30 : 0 555 55 15 0
31 : 145 540 60 15 0
32 : 79 540 66 15 0
33 : 202 492 24 32 0
34 : 0 387 90 36 0
35 : 280 173 51 18 1
36 : 180 315 90 36 0
37 : 90 387 90 36 0
38 : 244 173 60 18 1
39 : 0 423 90 36 0
40 : 40 524 17 16 0
41 : 193 570 59 14 0
42 : 57 524 163 15 0
43 : 101 243 101 36 0
44 : 90 423 90 36 0
45 : 55 555 52 15 0
46 : 180 423 90 36 0
47 : 158 555 50 15 0
48 : 255 555 40 15 0
49 : 0 585 54 14 0
50 : 0 279 101 36 0
51 : 202 243 90 36 0
52 : 0 243 101 36 0
53 : 0 315 90 36 0
54 : 0 95 78 78 0
55 : 90 315 90 36 0
56 : 90 351 90 36 0
57 : 220 524 80 15 0
