123 372
0 : 67 147 54 15 0
1 : 84 122 39 15 0
2 : 72 223 51 17 0
3 : 0 80 90 21 0
4 : 0 122 84 25 0
5 : 80 177 43 17 0
6 : 0 48 97 17 0
7 : 64 248 49 15 0
8 : 0 338 45 17 0
9 : 0 21 120 27 0
10 : 0 248 64 17 0
11 : 0 282 67 25 0
12 : 92 65 25 15 0
13 : 0 162 65 15 0
14 : 90 338 23 15 0
15 : 64 208 59 17 0
16 : 63 265 50 17 0
17 : 90 80 33 15 0
18 : 65 162 56 21 0
19 : 0 65 92 15 0
20 : 0 147 67 15 0
21 : 67 282 46 15 0
22 : 0 265 63 17 0
23 : 0 223 72 25 0
24 : 0 177 80 31 0
25 : 0 355 38 15 0
26 : 89 101 32 15 0
27 : 0 208 64 15 0
28 : 38 355 37 17 0
29 : 0 307 65 31 0
30 : 97 48 26 15 0
31 : 0 101 89 21 0
32 : 45 338 45 17 0
33 : 0 0 123 21 0
34 : 65 307 46 15 0
