1000 1453
0 : 0 0 66 61 0
1 : 66 0 62 48 0
2 : 128 0 62 46 0
3 : 190 0 61 43 0
4 : 490 0 39 62 1
5 : 931 0 38 61 0
6 : 552 0 30 71 1
7 : 654 61 56 37 0
8 : 826 61 52 39 0
9 : 771 61 36 55 1
10 : 623 0 74 27 0
11 : 258 100 42 47 1
12 : 710 61 61 32 0
13 : 941 61 58 32 0
14 : 889 100 51 36 0
15 : 387 142 46 40 0
16 : 332 0 79 23 0
17 : 339 142 48 38 0
18 : 411 0 79 23 0
19 : 0 100 30 60 1
20 : 251 0 22 81 1
21 : 0 182 36 49 1
22 : 364 61 25 71 1
23 : 0 61 73 24 0
24 : 579 100 57 31 0
25 : 73 61 72 25 0
26 : 912 142 50 35 0
27 : 122 142 56 31 0
28 : 178 142 33 54 1
29 : 866 142 39 46 1
30 : 878 61 28 63 1
31 : 697 0 77 23 0
32 : 50 222 43 40 0
33 : 637 182 36 48 1
34 : 833 100 56 31 0
35 : 49 182 51 34 0
36 : 285 142 54 32 0
37 : 809 182 44 40 0
38 : 219 182 37 47 1
39 : 693 142 51 34 0
40 : 535 182 48 36 0
41 : 232 142 53 33 0
42 : 389 182 39 45 1
43 : 434 182 34 50 1
44 : 853 0 22 78 1
45 : 484 182 51 33 0
46 : 940 100 29 58 1
47 : 291 61 73 23 0
48 : 145 61 23 73 1
49 : 764 222 37 45 1
50 : 218 61 73 23 0
51 : 595 222 42 40 0
52 : 60 100 26 64 1
53 : 100 182 31 54 1
54 : 508 61 23 72 1
55 : 774 0 79 21 0
56 : 269 222 35 47 1
57 : 918 182 33 50 1
58 : 0 262 39 42 1
59 : 0 222 33 50 1
60 : 583 182 54 30 0
61 : 62 142 60 27 0
62 : 93 262 47 34 0
63 : 435 61 22 73 1
64 : 220 222 49 33 0
65 : 565 262 37 43 1
66 : 316 222 30 52 1
67 : 191 100 67 23 0
68 : 787 262 35 45 1
69 : 0 142 62 25 0
70 : 700 100 24 64 1
71 : 889 262 35 45 1
72 : 274 301 36 43 1
73 : 807 142 26 59 1
74 : 509 337 43 36 0
75 : 124 100 67 23 0
76 : 464 337 34 45 1
77 : 636 100 64 24 0
78 : 0 301 32 48 1
79 : 42 262 30 51 1
80 : 48 301 32 48 1
81 : 564 142 25 61 1
82 : 427 222 55 27 0
83 : 541 222 54 28 0
84 : 118 337 33 46 1
85 : 793 301 31 48 1
86 : 659 337 45 33 0
87 : 514 262 51 29 0
88 : 925 337 43 35 0
89 : 580 61 74 20 0
90 : 841 301 50 29 0
91 : 562 373 40 37 0
92 : 685 182 25 59 1
93 : 552 337 31 47 1
94 : 755 337 30 48 1
95 : 60 410 46 31 0
96 : 286 410 37 39 1
97 : 325 410 37 39 1
98 : 744 142 63 22 0
99 : 364 410 34 42 1
100 : 938 222 26 55 1
101 : 406 410 31 45 1
102 : 512 100 67 21 0
103 : 266 182 23 61 1
104 : 368 222 23 59 1
105 : 451 410 46 30 0
106 : 327 182 62 22 0
107 : 96 301 26 54 1
108 : 533 447 36 39 1
109 : 482 222 59 23 0
110 : 305 100 69 20 0
111 : 704 337 51 27 0
112 : 385 447 31 44 1
113 : 343 373 28 49 1
114 : 347 483 37 37 0
115 : 114 447 34 41 1
116 : 429 447 31 44 1
117 : 785 373 49 28 0
118 : 433 142 65 21 0
119 : 444 100 20 68 1
120 : 437 483 36 38 1
121 : 732 262 55 25 0
122 : 317 301 24 55 1
123 : 839 483 33 40 1
124 : 374 100 70 19 0
125 : 735 447 29 45 1
126 : 780 447 31 43 1
127 : 832 262 57 23 0
128 : 0 373 52 26 0
129 : 50 483 45 29 0
130 : 498 142 20 66 1
131 : 934 262 23 57 1
132 : 247 483 45 29 0
133 : 497 410 51 25 0
134 : 450 373 25 52 1
135 : 93 222 20 63 1
136 : 764 100 69 19 0
137 : 95 520 44 29 0
138 : 201 483 28 46 1
139 : 348 337 23 56 1
140 : 602 520 28 45 1
141 : 548 410 26 50 1
142 : 551 582 37 34 0
143 : 154 182 65 20 0
144 : 823 447 28 46 1
145 : 744 182 65 19 0
146 : 617 301 56 23 0
147 : 0 520 46 27 0
148 : 794 483 28 45 1
149 : 572 447 47 27 0
150 : 942 549 38 33 0
151 : 193 520 45 28 0
152 : 156 222 64 19 0
153 : 598 410 24 52 1
154 : 625 142 18 68 1
155 : 147 582 40 31 0
156 : 342 520 46 27 0
157 : 204 262 20 61 1
158 : 762 616 32 38 1
159 : 650 410 52 24 0
160 : 724 616 38 32 0
161 : 636 616 34 36 1
162 : 368 582 30 41 1
163 : 187 582 44 27 0
164 : 454 616 31 39 1
165 : 328 262 20 61 1
166 : 458 717 33 36 1
167 : 647 520 26 47 1
168 : 294 520 48 25 0
169 : 927 650 32 37 1
170 : 389 262 62 19 0
171 : 328 582 31 40 1
172 : 0 549 28 44 1
173 : 879 483 48 25 0
174 : 637 222 19 63 1
175 : 927 483 47 26 0
176 : 518 650 40 30 0
177 : 795 520 46 26 0
178 : 424 684 36 33 0
179 : 380 650 40 30 0
180 : 673 301 20 59 1
181 : 816 650 34 35 1
182 : 851 650 37 32 0
183 : 461 582 28 43 1
184 : 678 684 33 36 1
185 : 359 549 26 46 1
186 : 60 337 21 58 1
187 : 150 650 29 41 1
188 : 589 483 24 49 1
189 : 343 650 33 37 1
190 : 598 684 32 37 1
191 : 561 684 37 32 0
192 : 113 373 56 21 0
193 : 853 182 65 18 0
194 : 869 447 23 51 1
195 : 920 447 23 51 1
196 : 385 684 30 39 1
197 : 0 483 50 24 0
198 : 936 410 52 23 0
199 : 298 684 37 32 0
200 : 95 483 51 23 0
201 : 420 650 27 43 1
202 : 259 684 30 39 1
203 : 747 520 48 24 0
204 : 287 373 56 21 0
205 : 841 520 25 47 1
206 : 46 520 24 49 1
207 : 174 684 38 31 0
208 : 671 262 19 61 1
209 : 913 717 33 35 1
210 : 435 301 59 20 0
211 : 888 520 25 47 1
212 : 948 717 31 37 1
213 : 661 650 27 43 1
214 : 0 616 25 45 1
215 : 700 222 18 64 1
216 : 45 616 27 43 1
217 : 88 616 27 43 1
218 : 142 750 36 32 0
219 : 0 684 30 39 1
220 : 225 337 60 19 0
221 : 44 549 24 48 1
222 : 182 616 27 43 1
223 : 150 301 61 19 0
224 : 404 337 60 19 0
225 : 178 750 29 39 1
226 : 888 650 30 39 1
227 : 504 582 24 47 1
228 : 323 616 26 44 1
229 : 367 616 26 44 1
230 : 494 301 60 19 0
231 : 744 483 50 23 0
232 : 762 410 56 20 0
233 : 411 616 43 27 0
234 : 316 750 29 39 1
235 : 834 373 57 20 0
236 : 873 222 65 17 0
237 : 384 483 21 53 1
238 : 439 520 51 22 0
239 : 809 222 18 64 1
240 : 231 582 47 24 0
241 : 388 520 51 22 0
242 : 265 262 63 18 0
243 : 464 782 30 37 1
244 : 493 616 24 46 1
245 : 415 717 26 43 1
246 : 786 782 31 36 1
247 : 690 582 48 23 0
248 : 590 616 46 24 0
249 : 0 337 19 60 1
250 : 538 782 31 36 1
251 : 512 813 31 36 1
252 : 404 750 28 40 1
253 : 52 650 46 24 0
254 : 392 373 58 19 0
255 : 230 717 26 43 1
256 : 142 717 27 42 1
257 : 164 337 18 61 1
258 : 444 750 40 28 0
259 : 620 782 30 37 1
260 : 536 750 28 40 1
261 : 800 616 46 24 0
262 : 271 447 54 21 0
263 : 99 717 26 43 1
264 : 76 844 33 34 1
265 : 0 844 35 32 0
266 : 741 813 36 31 0
267 : 953 684 25 44 1
268 : 702 782 30 37 1
269 : 628 750 27 41 1
270 : 846 616 23 47 1
271 : 140 262 64 17 0
272 : 635 684 26 43 1
273 : 608 262 17 63 1
274 : 669 750 27 41 1
275 : 85 684 44 25 0
276 : 229 373 58 19 0
277 : 213 877 33 33 0
278 : 714 684 44 25 0
279 : 0 582 49 22 0
280 : 867 782 29 38 1
281 : 405 549 50 22 0
282 : 308 549 51 21 0
283 : 501 782 30 37 1
284 : 335 813 31 36 1
285 : 298 813 30 37 1
286 : 732 301 18 61 1
287 : 321 717 24 45 1
288 : 762 750 25 43 1
289 : 40 813 40 27 0
290 : 805 750 26 42 1
291 : 59 447 20 55 1
292 : 0 813 40 27 0
293 : 342 844 30 36 1
294 : 227 844 34 32 0
295 : 305 844 29 37 1
296 : 123 813 39 28 0
297 : 49 582 48 23 0
298 : 557 910 32 33 1
299 : 958 782 40 27 0
300 : 129 684 24 45 1
301 : 899 750 24 44 1
302 : 225 616 23 47 1
303 : 509 877 29 37 1
304 : 638 483 20 53 1
305 : 330 877 27 39 1
306 : 155 447 19 56 1
307 : 758 684 45 24 0
308 : 149 844 37 29 0
309 : 599 337 18 60 1
310 : 0 877 30 36 1
311 : 736 844 37 29 0
312 : 0 782 24 44 1
313 : 546 877 27 39 1
314 : 866 813 26 41 1
315 : 39 684 23 46 1
316 : 494 717 46 23 0
317 : 949 616 48 22 0
318 : 803 337 61 17 0
319 : 864 337 61 17 0
320 : 44 782 23 45 1
321 : 257 813 26 41 1
322 : 614 650 23 47 1
323 : 278 582 50 21 0
324 : 708 877 39 27 0
325 : 97 582 50 21 0
326 : 935 520 52 20 0
327 : 202 549 52 20 0
328 : 451 262 17 63 1
329 : 482 844 37 29 0
330 : 169 373 17 60 1
331 : 167 410 17 60 1
332 : 571 844 27 39 1
333 : 891 373 18 59 1
334 : 184 717 23 46 1
335 : 899 910 32 33 1
336 : 89 782 24 44 1
337 : 637 717 23 45 1
338 : 35 844 26 41 1
339 : 361 910 30 35 1
340 : 640 582 50 21 0
341 : 214 942 34 31 0
342 : 619 549 52 20 0
343 : 36 910 36 29 0
344 : 817 844 41 25 0
345 : 110 844 27 39 1
346 : 682 717 23 45 1
347 : 445 942 26 39 1
348 : 701 910 30 35 1
349 : 666 910 35 30 0
350 : 162 813 24 43 1
351 : 932 910 37 28 0
352 : 818 410 18 58 1
353 : 585 877 26 40 1
354 : 248 942 27 38 1
355 : 954 813 24 43 1
356 : 484 942 32 33 1
357 : 727 717 24 44 1
358 : 146 483 19 55 1
359 : 590 910 37 28 0
360 : 227 410 18 59 1
361 : 691 483 53 20 0
362 : 239 910 28 37 1
363 : 367 942 28 37 1
364 : 0 717 22 47 1
365 : 396 910 27 38 1
366 : 246 877 40 26 0
367 : 139 520 19 54 1
368 : 502 373 60 17 0
369 : 328 942 26 39 1
370 : 612 974 28 36 1
371 : 777 813 42 25 0
372 : 273 717 21 48 1
373 : 838 877 28 37 1
374 : 0 910 29 36 1
375 : 80 813 43 24 0
376 : 117 910 37 28 0
377 : 292 483 55 19 0
378 : 771 717 22 46 1
379 : 442 1006 28 36 1
380 : 409 582 52 19 0
381 : 518 910 26 39 1
382 : 903 942 31 33 1
383 : 627 910 26 39 1
384 : 821 910 37 28 0
385 : 554 301 63 16 0
386 : 212 684 47 22 0
387 : 776 549 52 20 0
388 : 52 373 17 61 1
389 : 625 877 24 42 1
390 : 667 877 25 41 1
391 : 820 974 33 31 0
392 : 853 974 32 32 0
393 : 547 520 18 55 1
394 : 928 974 35 29 0
395 : 723 549 53 19 0
396 : 747 877 25 41 1
397 : 211 301 63 16 0
398 : 182 1006 32 32 0
399 : 0 410 17 60 1
400 : 246 1006 37 27 0
401 : 488 974 27 37 1
402 : 81 1068 30 33 1
403 : 373 782 43 24 0
404 : 82 1006 34 30 0
405 : 186 844 25 41 1
406 : 671 549 52 20 0
407 : 116 1006 33 31 0
408 : 835 1038 33 30 0
409 : 191 650 50 20 0
410 : 875 877 25 40 1
411 : 149 1006 33 31 0
412 : 915 877 38 27 0
413 : 241 650 20 50 1
414 : 822 782 45 22 0
415 : 214 1006 32 32 0
416 : 568 942 26 39 1
417 : 36 877 42 24 0
418 : 372 301 63 16 0
419 : 854 684 48 21 0
420 : 724 373 16 61 1
421 : 331 1006 38 26 0
422 : 610 844 25 41 1
423 : 369 1006 28 36 1
424 : 0 942 26 39 1
425 : 694 520 19 53 1
426 : 891 301 63 16 0
427 : 371 813 23 44 1
428 : 182 782 21 47 1
429 : 866 942 37 27 0
430 : 405 1006 37 27 0
431 : 706 1038 29 34 1
432 : 478 1006 28 36 1
433 : 434 910 25 40 1
434 : 614 1006 30 34 1
435 : 698 1006 36 28 0
436 : 651 844 23 43 1
437 : 670 1038 36 27 0
438 : 590 717 21 47 1
439 : 694 844 24 42 1
440 : 663 373 16 61 1
441 : 752 942 25 39 1
442 : 602 373 61 16 0
443 : 791 942 38 26 0
444 : 282 782 23 44 1
445 : 559 1038 30 33 1
446 : 285 337 63 16 0
447 : 702 410 60 16 0
448 : 486 1038 30 33 1
449 : 574 782 46 21 0
450 : 817 717 21 47 1
451 : 657 782 22 45 1
452 : 829 942 27 37 1
453 : 197 910 23 42 1
454 : 455 549 18 54 1
455 : 366 717 49 20 0
456 : 0 750 20 48 1
457 : 48 750 21 47 1
458 : 451 1038 28 35 1
459 : 404 942 24 41 1
460 : 858 910 41 24 0
461 : 949 844 43 23 0
462 : 95 750 21 47 1
463 : 936 942 27 37 1
464 : 131 616 19 51 1
465 : 588 582 19 52 1
466 : 0 974 24 40 1
467 : 259 1038 28 35 1
468 : 581 1099 32 30 0
469 : 226 1038 30 33 1
470 : 81 942 23 42 1
471 : 272 616 19 51 1
472 : 607 942 41 24 0
473 : 35 1038 27 36 1
474 : 0 1038 28 35 1
475 : 83 974 25 39 1
476 : 736 910 41 24 0
477 : 122 974 25 39 1
478 : 238 520 56 17 0
479 : 39 942 23 42 1
480 : 92 549 17 55 1
481 : 965 1006 30 33 1
482 : 147 549 17 55 1
483 : 0 447 16 59 1
484 : 286 942 23 42 1
485 : 254 549 54 18 0
486 : 205 974 26 38 1
487 : 539 616 51 19 0
488 : 286 877 44 22 0
489 : 106 410 61 16 0
490 : 261 844 44 22 0
491 : 766 1099 28 34 1
492 : 953 877 23 42 1
493 : 243 974 25 39 1
494 : 453 1068 37 26 0
495 : 565 1068 31 31 0
496 : 876 410 16 60 1
497 : 41 1006 23 41 1
498 : 943 750 48 20 0
499 : 418 1068 28 35 1
500 : 778 1068 30 32 1
501 : 282 974 40 24 0
502 : 672 616 52 18 0
503 : 532 483 57 17 0
504 : 322 974 25 39 1
505 : 319 910 23 42 1
506 : 858 844 21 45 1
507 : 133 782 49 19 0
508 : 819 1129 31 30 0
509 : 773 844 22 44 1
510 : 361 974 23 41 1
511 : 632 1038 38 25 0
512 : 110 1038 25 38 1
513 : 619 447 57 17 0
514 : 943 1068 26 36 1
515 : 32 1159 28 33 1
516 : 447 974 23 41 1
517 : 335 684 50 19 0
518 : 834 1099 27 35 1
519 : 96 1129 27 35 1
520 : 887 1006 24 39 1
521 : 633 1068 28 34 1
522 : 475 483 17 57 1
523 : 465 813 20 47 1
524 : 195 1099 26 36 1
525 : 505 1099 37 25 0
526 : 169 877 22 44 1
527 : 571 974 41 23 0
528 : 71 1038 39 24 0
529 : 509 549 17 55 1
530 : 413 1038 25 38 1
531 : 460 684 50 19 0
532 : 510 684 18 51 1
533 : 810 1068 29 33 1
534 : 344 1159 31 30 0
535 : 843 1068 29 33 1
536 : 912 1068 31 31 0
537 : 540 717 50 19 0
538 : 864 717 49 19 0
539 : 0 1159 32 29 0
540 : 926 1006 24 39 1
541 : 123 942 22 43 1
542 : 124 877 45 21 0
543 : 800 1099 34 28 0
544 : 907 813 47 20 0
545 : 648 974 22 42 1
546 : 690 974 22 42 1
547 : 148 1038 25 38 1
548 : 564 549 17 55 1
549 : 78 877 20 46 1
550 : 333 1038 39 24 0
551 : 778 974 22 42 1
552 : 903 844 20 46 1
553 : 0 650 52 18 0
554 : 207 1129 30 31 1
555 : 680 1129 34 27 0
556 : 322 1099 34 28 0
557 : 356 1099 37 25 0
558 : 430 1099 28 34 1
559 : 416 782 48 19 0
560 : 0 1006 23 41 1
561 : 890 1129 29 32 1
562 : 729 1099 37 25 0
563 : 819 813 47 20 0
564 : 777 910 21 44 1
565 : 490 520 57 16 0
566 : 311 1159 28 33 1
567 : 909 1038 39 24 0
568 : 41 1068 40 23 0
569 : 102 1159 28 33 1
570 : 172 1159 29 32 1
571 : 326 782 47 20 0
572 : 706 1068 25 37 1
573 : 743 1068 35 27 0
574 : 162 1068 23 40 1
575 : 287 1068 24 39 1
576 : 211 447 15 60 1
577 : 876 1068 26 36 1
578 : 406 1159 26 35 1
579 : 286 1129 27 34 1
580 : 391 1129 26 35 1
581 : 98 650 52 18 0
582 : 473 447 60 15 0
583 : 0 1099 38 24 0
584 : 82 1099 38 24 0
585 : 157 1099 38 24 0
586 : 359 1129 29 32 1
587 : 72 910 45 20 0
588 : 803 684 18 51 1
589 : 154 910 22 43 1
590 : 325 447 60 15 0
591 : 217 750 49 19 0
592 : 266 750 18 50 1
593 : 375 1159 31 30 0
594 : 613 1099 25 37 1
595 : 650 1099 38 24 0
596 : 276 910 43 22 0
597 : 186 1038 40 23 0
598 : 739 782 20 47 1
599 : 902 684 51 18 0
600 : 917 1099 37 25 0
601 : 294 1038 39 24 0
602 : 131 1129 26 36 1
603 : 490 1068 25 37 1
604 : 527 1068 24 38 1
605 : 554 1159 33 27 0
606 : 279 1159 29 32 1
607 : 694 813 20 47 1
608 : 596 1068 25 37 1
609 : 372 1038 22 41 1
610 : 441 1159 31 30 0
611 : 784 1129 35 26 0
612 : 667 1068 23 39 1
613 : 646 813 19 48 1
614 : 474 910 21 44 1
615 : 355 750 49 19 0
616 : 519 1038 23 40 1
617 : 676 447 15 59 1
618 : 966 1129 27 34 1
619 : 592 1038 23 40 1
620 : 714 1129 26 35 1
621 : 885 974 21 43 1
622 : 598 813 19 48 1
623 : 762 1159 31 29 0
624 : 868 1159 31 29 0
625 : 749 1129 26 35 1
626 : 40 974 43 21 0
627 : 291 650 52 18 0
628 : 120 1099 25 37 1
629 : 65 1159 37 24 0
630 : 868 1038 41 22 0
631 : 204 1159 33 28 0
632 : 661 1159 28 32 1
633 : 369 877 20 46 1
634 : 0 1068 41 22 0
635 : 161 974 44 20 0
636 : 393 1099 25 37 1
637 : 415 877 19 47 1
638 : 729 1159 27 33 1
639 : 464 1099 41 21 0
640 : 135 1159 37 24 0
641 : 462 877 47 19 0
642 : 542 1099 39 23 0
643 : 458 1189 27 32 1
644 : 943 1159 35 25 0
645 : 0 1189 26 34 1
646 : 202 1068 42 21 0
647 : 308 1189 27 32 1
648 : 693 1159 36 24 0
649 : 841 1189 27 32 1
650 : 426 1189 32 27 0
651 : 505 1129 22 39 1
652 : 244 1068 20 43 1
653 : 43 1245 30 28 0
654 : 108 1216 32 27 0
655 : 548 813 50 17 0
656 : 688 1099 21 41 1
657 : 326 1068 42 21 0
658 : 484 750 52 16 0
659 : 47 717 17 52 1
660 : 833 1159 35 25 0
661 : 402 974 19 45 1
662 : 78 1216 29 30 1
663 : 426 1129 22 39 1
664 : 0 1216 33 26 0
665 : 957 1189 27 32 1
666 : 683 1189 32 27 0
667 : 949 1216 29 29 0
668 : 167 1129 21 40 1
669 : 518 1159 36 24 0
670 : 127 1189 35 24 0
671 : 587 1159 23 37 1
672 : 320 1129 22 39 1
673 : 415 813 17 50 1
674 : 624 1159 23 37 1
675 : 184 1216 26 32 1
676 : 465 1129 40 21 0
677 : 201 1189 36 23 0
678 : 237 1189 23 36 1
679 : 576 750 16 52 1
680 : 273 1189 35 24 0
681 : 216 1216 24 34 1
682 : 525 974 18 46 1
683 : 828 549 57 15 0
684 : 250 1216 35 23 0
685 : 885 549 57 15 0
686 : 850 1129 40 21 0
687 : 285 1216 24 34 1
688 : 319 1216 28 30 1
689 : 349 1216 23 35 1
690 : 710 750 52 16 0
691 : 738 582 56 15 0
692 : 732 974 46 18 0
693 : 798 1216 30 28 0
694 : 113 1245 28 29 1
695 : 166 942 17 48 1
696 : 463 650 15 55 1
697 : 847 750 52 16 0
698 : 794 582 57 14 0
699 : 558 650 56 14 0
700 : 851 582 15 56 1
701 : 530 1189 23 36 1
702 : 907 582 56 15 0
703 : 788 877 16 50 1
704 : 425 1216 25 33 1
705 : 610 1189 37 22 0
706 : 647 1189 36 23 0
707 : 458 1216 33 25 0
708 : 142 1245 31 26 0
709 : 533 1216 35 23 0
710 : 568 1216 36 22 0
711 : 604 1216 23 35 1
712 : 173 1245 24 33 1
713 : 205 813 52 15 0
714 : 42 1273 26 30 1
715 : 721 1216 35 23 0
716 : 704 650 56 14 0
717 : 248 1245 30 27 0
718 : 793 1159 20 40 1
719 : 278 1245 33 24 0
720 : 38 1099 44 18 0
721 : 311 1245 31 26 0
722 : 237 1159 42 19 0
723 : 760 650 56 14 0
724 : 913 1216 36 22 0
725 : 162 1189 20 39 1
726 : 72 1273 31 25 0
727 : 893 616 14 56 1
728 : 384 1245 22 35 1
729 : 419 1245 21 36 1
730 : 103 1273 27 29 1
731 : 229 782 53 15 0
732 : 497 1245 35 22 0
733 : 638 1129 42 19 0
734 : 910 1273 27 28 1
735 : 132 1273 34 22 0
736 : 166 1273 31 25 0
737 : 654 1245 21 36 1
738 : 197 1273 31 25 0
739 : 283 1006 16 48 1
740 : 231 1099 17 45 1
741 : 765 1273 28 27 0
742 : 793 1273 29 26 0
743 : 822 1273 30 25 0
744 : 852 1273 25 30 1
745 : 341 1273 33 23 0
746 : 886 1245 37 20 0
747 : 882 1273 27 28 1
748 : 412 1273 22 34 1
749 : 658 1273 21 35 1
750 : 484 1273 34 22 0
751 : 938 1273 25 30 1
752 : 554 1273 33 23 0
753 : 968 1273 27 28 1
754 : 624 1273 34 22 0
755 : 728 1245 37 20 0
756 : 135 1300 23 32 1
757 : 276 1099 16 46 1
758 : 277 1326 27 27 0
759 : 403 1300 23 32 1
760 : 576 1245 20 37 1
761 : 740 1038 16 47 1
762 : 167 1300 22 33 1
763 : 490 1189 40 19 0
764 : 787 1038 48 15 0
765 : 103 1300 32 23 0
766 : 36 1300 32 23 0
767 : 378 844 52 14 0
768 : 791 1300 22 33 1
769 : 430 844 14 52 1
770 : 517 942 14 51 1
771 : 267 1273 36 20 0
772 : 922 1129 44 17 0
773 : 873 1189 42 17 0
774 : 948 1038 48 15 0
775 : 919 1300 29 25 0
776 : 539 1300 34 21 0
777 : 715 1189 18 41 1
778 : 756 1189 18 41 1
779 : 435 1300 24 31 1
780 : 905 782 53 14 0
781 : 370 1300 33 22 0
782 : 73 1245 40 18 0
783 : 71 1326 27 27 0
784 : 690 1245 38 19 0
785 : 232 1300 32 23 0
786 : 757 1300 34 21 0
787 : 519 844 52 14 0
788 : 466 1300 21 34 1
789 : 824 1300 22 33 1
790 : 684 1300 21 34 1
791 : 200 1300 32 23 0
792 : 170 1326 22 32 1
793 : 364 1326 30 24 0
794 : 384 1216 17 41 1
795 : 514 1006 14 50 1
796 : 730 1273 35 21 0
797 : 304 1326 25 29 1
798 : 472 1159 46 15 0
799 : 518 1273 20 36 1
800 : 891 1300 28 26 0
801 : 336 1300 34 21 0
802 : 587 1273 19 37 1
803 : 446 1273 18 38 1
804 : 807 1245 18 39 1
805 : 189 1353 23 30 1
806 : 114 1068 15 48 1
807 : 639 1216 17 41 1
808 : 250 1353 31 22 0
809 : 564 1006 50 14 0
810 : 857 1300 34 20 0
811 : 915 1189 17 42 1
812 : 648 942 52 13 0
813 : 333 1326 31 23 0
814 : 680 1216 41 17 0
815 : 264 1300 20 35 1
816 : 317 1353 21 32 1
817 : 693 1273 37 19 0
818 : 846 1245 40 17 0
819 : 648 1006 14 50 1
820 : 458 1353 31 22 0
821 : 899 1159 16 44 1
822 : 383 1189 16 43 1
823 : 340 1189 16 43 1
824 : 553 1353 24 28 1
825 : 717 1326 26 27 0
826 : 846 1326 29 24 0
827 : 729 1353 28 24 0
828 : 967 1353 26 26 0
829 : 68 1300 20 35 1
830 : 525 1353 24 28 1
831 : 700 942 13 52 1
832 : 734 1006 13 51 1
833 : 299 1300 18 37 1
834 : 0 1353 22 31 1
835 : 491 1216 16 42 1
836 : 0 1300 19 36 1
837 : 140 1216 15 44 1
838 : 31 1353 32 21 0
839 : 128 1353 31 22 0
840 : 432 1326 19 35 1
841 : 159 1353 30 23 0
842 : 591 1129 47 14 0
843 : 849 1353 23 29 1
844 : 32 1379 27 25 0
845 : 219 1353 31 22 0
846 : 647 1300 18 37 1
847 : 869 1099 48 14 0
848 : 613 1245 41 16 0
849 : 907 1353 28 24 0
850 : 374 1273 18 38 1
851 : 228 1273 17 39 1
852 : 153 1379 27 25 0
853 : 573 1300 36 19 0
854 : 307 1379 28 24 0
855 : 544 1129 14 47 1
856 : 96 1353 21 32 1
857 : 368 1068 50 13 0
858 : 303 1273 38 18 0
859 : 335 1379 28 24 0
860 : 821 1353 28 24 0
861 : 0 1129 14 48 1
862 : 756 1216 16 42 1
863 : 48 1129 14 48 1
864 : 828 1216 15 43 1
865 : 245 1379 24 28 1
866 : 122 1379 31 21 0
867 : 639 1353 31 21 0
868 : 34 1189 14 46 1
869 : 513 1379 25 26 1
870 : 649 1326 33 20 0
871 : 431 1379 24 27 1
872 : 458 1379 26 25 0
873 : 670 1353 29 23 0
874 : 0 1326 36 18 0
875 : 812 1326 34 19 0
876 : 871 1216 42 16 0
877 : 660 1379 28 23 0
878 : 878 1353 23 29 1
879 : 875 1326 20 33 1
880 : 581 1353 27 25 0
881 : 905 1379 27 24 0
882 : 757 1353 31 21 0
883 : 908 1326 34 19 0
884 : 942 1326 20 33 1
885 : 0 1404 27 24 0
886 : 36 1326 35 19 0
887 : 59 1379 30 22 0
888 : 797 1189 15 44 1
889 : 699 1353 22 30 1
890 : 63 1353 33 20 0
891 : 135 1326 35 19 0
892 : 765 1245 15 42 1
893 : 89 1404 26 25 0
894 : 115 1404 21 30 1
895 : 145 1404 25 26 1
896 : 204 1404 27 24 0
897 : 231 1404 28 23 0
898 : 500 1300 16 39 1
899 : 785 1006 13 51 1
900 : 836 1006 13 51 1
901 : 844 1379 30 21 0
902 : 0 1245 43 15 0
903 : 33 1216 14 45 1
904 : 608 1353 31 21 0
905 : 566 1189 44 15 0
906 : 579 1326 18 35 1
907 : 259 1404 27 23 0
908 : 614 1326 18 35 1
909 : 286 1404 24 26 1
910 : 312 1404 24 26 1
911 : 573 1379 22 29 1
912 : 602 1379 23 28 1
913 : 948 1300 36 18 0
914 : 682 1326 35 18 0
915 : 935 1353 32 20 0
916 : 630 1379 21 30 1
917 : 484 1379 29 22 0
918 : 338 1404 28 22 0
919 : 721 1379 25 26 1
920 : 89 1379 33 19 0
921 : 747 1379 29 22 0
922 : 366 1404 24 26 1
923 : 180 1379 19 33 1
924 : 392 1404 28 22 0
925 : 743 1326 34 19 0
926 : 874 1379 31 20 0
927 : 756 1404 23 27 1
928 : 777 1326 35 18 0
929 : 730 1404 26 24 0
930 : 648 1404 24 26 1
931 : 609 1300 17 38 1
932 : 592 1404 24 26 1
933 : 923 1245 15 42 1
934 : 98 1326 37 17 0
935 : 783 1404 27 23 0
936 : 455 1245 15 42 1
937 : 718 1300 16 39 1
938 : 202 1326 37 17 0
939 : 448 1404 23 27 1
940 : 239 1326 38 16 0
941 : 0 1273 42 15 0
942 : 564 1404 28 22 0
943 : 80 1189 13 47 1
944 : 213 1379 20 32 1
945 : 705 1404 25 25 0
946 : 273 1379 34 18 0
947 : 932 1379 32 19 0
948 : 206 1245 15 42 1
949 : 964 1379 30 21 0
950 : 342 1245 15 42 1
951 : 27 1404 32 19 0
952 : 394 1326 38 16 0
953 : 59 1404 30 21 0
954 : 238 1129 48 13 0
955 : 467 1326 37 17 0
956 : 420 1404 28 22 0
957 : 0 1379 32 20 0
958 : 281 1353 36 17 0
959 : 504 1326 37 17 0
960 : 788 1353 19 33 1
961 : 475 1404 20 30 1
962 : 505 1404 29 21 0
963 : 972 1404 25 24 0
964 : 114 1429 23 26 1
965 : 171 1404 18 33 1
966 : 349 1353 36 17 0
967 : 839 1404 21 28 1
968 : 867 1404 26 23 0
969 : 893 1404 25 24 0
970 : 385 1353 37 16 0
971 : 422 1353 36 17 0
972 : 618 1404 20 30 1
973 : 397 1379 18 34 1
974 : 918 1404 23 26 1
975 : 28 1429 21 28 1
976 : 363 1379 34 18 0
977 : 541 1326 38 16 0
978 : 489 1353 17 36 1
979 : 810 1404 29 21 0
980 : 169 1429 26 23 0
981 : 539 1379 17 34 1
982 : 0 1429 28 21 0
983 : 688 1379 33 18 0
984 : 944 1404 28 21 0
985 : 776 1379 17 34 1
986 : 534 1404 30 20 0
987 : 280 1429 29 20 0
988 : 56 1429 21 28 1
989 : 84 1429 30 19 0
990 : 309 1429 24 24 0
991 : 810 1379 34 17 0
992 : 140 1429 20 29 1
993 : 674 1404 31 19 0
994 : 333 1429 24 24 0
995 : 195 1429 21 28 1
996 : 223 1429 30 19 0
997 : 357 1429 28 20 0
998 : 253 1429 22 27 1
999 : 532 1245 13 44 1
