200 227
0 : 0 0 15 72 1
1 : 72 0 15 47 1
2 : 119 0 67 11 0
3 : 0 15 56 39 0
4 : 56 15 6 35 0
5 : 62 15 11 17 0
6 : 73 15 8 20 0
7 : 81 15 22 8 1
8 : 186 0 8 12 0
9 : 119 11 3 16 1
10 : 89 15 11 9 1
11 : 98 15 9 61 1
12 : 0 54 47 7 0
13 : 62 32 11 11 0
14 : 73 35 5 18 0
15 : 89 26 6 22 0
16 : 194 0 5 7 0
17 : 81 37 6 14 0
18 : 98 24 25 21 0
19 : 135 11 22 4 0
20 : 123 24 16 11 0
21 : 123 35 33 17 0
22 : 98 45 8 7 0
23 : 194 7 4 8 0
24 : 47 54 26 110 1
25 : 62 43 11 4 0
26 : 0 80 58 12 0
27 : 58 80 56 21 0
28 : 0 101 21 102 1
29 : 157 54 6 25 0
30 : 0 92 9 51 1
31 : 139 24 16 11 0
32 : 163 54 30 5 0
33 : 106 45 12 9 0
34 : 56 50 4 6 1
35 : 0 61 26 16 0
36 : 114 80 68 12 0
37 : 26 61 20 10 0
38 : 163 59 21 26 1
39 : 159 15 20 12 0
40 : 102 101 49 16 0
41 : 114 92 6 28 1
42 : 78 35 11 3 1
43 : 159 27 37 12 0
44 : 182 80 9 18 1
45 : 87 37 2 9 0
46 : 159 39 5 14 0
47 : 157 11 15 4 0
48 : 142 92 39 9 0
49 : 0 122 64 10 0
50 : 164 39 32 7 0
51 : 151 101 16 26 1
52 : 64 122 99 21 0
53 : 0 143 38 19 0
54 : 38 143 23 32 1
55 : 163 122 6 37 1
56 : 70 143 22 54 1
57 : 124 143 25 36 1
58 : 0 168 50 27 0
59 : 160 143 27 22 0
60 : 0 132 8 41 1
61 : 50 168 66 23 0
62 : 118 45 8 5 1
63 : 95 26 15 3 1
64 : 179 15 18 12 0
65 : 51 92 9 4 1
66 : 89 48 6 2 0
67 : 0 162 9 6 0
68 : 102 117 5 8 1
69 : 196 27 4 18 0
70 : 163 128 15 19 1
71 : 110 117 8 5 0
72 : 172 11 14 4 0
73 : 116 168 48 13 0
74 : 182 128 14 14 0
75 : 177 101 23 10 0
76 : 118 117 5 18 1
77 : 41 132 10 23 1
78 : 0 195 51 11 0
79 : 51 195 58 14 0
80 : 164 46 7 12 1
81 : 26 71 10 9 0
82 : 187 143 16 12 1
83 : 95 41 13 3 1
84 : 164 168 35 9 0
85 : 116 181 34 12 0
86 : 164 177 17 25 1
87 : 186 12 3 3 0
88 : 177 111 7 23 1
89 : 189 59 10 20 0
90 : 0 209 109 18 0
91 : 62 47 7 7 0
92 : 9 162 6 6 0
93 : 109 195 44 13 0
94 : 119 14 3 1 0
95 : 197 15 3 12 0
96 : 189 177 10 11 0
