100 36
0 : 75 24 5 4 0
1 : 83 0 3 13 1
2 : 0 0 49 3 0
3 : 0 29 3 5 1
4 : 40 24 5 5 0
5 : 5 29 3 5 1
6 : 45 24 5 5 0
7 : 30 33 3 3 0
8 : 78 12 4 10 0
9 : 8 33 3 4 1
10 : 96 0 4 11 0
11 : 14 24 3 7 1
12 : 82 12 9 8 1
13 : 33 12 7 33 1
14 : 35 24 5 5 0
15 : 20 29 5 3 0
16 : 90 24 4 5 0
17 : 94 24 5 4 0
18 : 25 29 5 3 0
19 : 30 29 3 5 1
20 : 66 12 12 5 0
21 : 42 33 3 3 0
22 : 16 33 3 4 1
23 : 39 33 3 3 0
24 : 10 29 3 5 1
25 : 55 29 5 3 0
26 : 65 29 3 5 1
27 : 28 24 3 7 1
28 : 60 24 5 5 0
29 : 70 29 5 3 0
30 : 50 29 5 3 0
31 : 7 24 3 7 1
32 : 40 29 5 3 0
33 : 24 33 3 3 0
34 : 97 29 3 4 0
35 : 80 24 5 4 0
36 : 89 29 4 4 0
37 : 0 33 3 4 1
38 : 27 33 3 3 0
39 : 95 12 4 8 0
40 : 85 24 5 4 0
41 : 60 29 5 3 0
42 : 93 29 4 3 0
43 : 0 12 12 33 1
44 : 75 29 3 5 1
45 : 33 33 3 3 0
46 : 85 29 4 4 0
47 : 35 29 3 5 1
48 : 55 24 5 5 0
49 : 65 24 5 4 0
50 : 21 24 7 3 0
51 : 45 29 5 3 0
52 : 70 24 5 4 0
53 : 15 29 5 3 0
54 : 4 33 3 4 1
55 : 20 33 3 4 1
56 : 80 29 3 5 1
57 : 36 33 3 3 0
58 : 12 33 3 4 1
59 : 0 24 7 3 0
60 : 90 12 5 8 0
61 : 49 0 34 12 0
62 : 50 24 5 5 0
