100 1269
0 : 0 55 17 90 1
1 : 0 1050 68 76 1
2 : 0 325 14 68 1
3 : 0 339 22 76 1
4 : 0 494 38 83 1
5 : 0 210 29 87 1
6 : 0 170 40 100 1
7 : 0 532 39 83 1
8 : 0 1118 69 77 1
9 : 0 0 1 99 1
10 : 0 910 77 57 0
11 : 0 4 17 100 1
12 : 0 34 13 94 1
13 : 0 127 90 27 0
14 : 0 258 27 84 1
15 : 0 763 56 83 1
16 : 0 154 78 16 0
17 : 0 463 31 78 1
18 : 0 725 38 71 1
19 : 0 47 8 86 1
20 : 0 1 90 3 0
21 : 0 571 38 79 1
22 : 0 315 10 66 1
23 : 0 72 21 92 1
24 : 0 361 14 66 1
25 : 0 27 7 89 1
26 : 0 865 45 68 1
27 : 0 819 46 70 1
28 : 0 93 4 73 1
29 : 0 687 38 72 1
30 : 0 646 41 80 1
31 : 0 1187 82 89 1
32 : 0 21 6 88 1
33 : 0 97 30 98 1
34 : 0 375 99 48 0
35 : 0 285 30 87 1
36 : 0 239 19 77 1
37 : 0 967 83 95 1
38 : 0 609 78 37 0
39 : 0 423 40 91 1
