92 229
0 : 77 207 11 9 1
1 : 6 225 1 1 0
2 : 59 207 9 11 0
3 : 62 151 1 29 1
4 : 68 207 9 11 0
5 : 67 177 19 15 0
6 : 50 75 50 29 1
7 : 38 192 1 19 1
8 : 0 207 18 18 0
9 : 80 75 12 45 0
10 : 0 192 19 15 0
11 : 18 207 14 12 1
12 : 0 125 12 45 1
13 : 57 164 27 13 0
14 : 45 125 43 13 0
15 : 0 62 55 13 0
16 : 0 151 31 13 0
17 : 48 177 19 15 0
18 : 0 51 11 79 1
19 : 0 75 50 50 0
20 : 0 138 2 37 1
21 : 31 151 31 13 0
22 : 0 0 92 17 0
23 : 27 177 21 13 0
24 : 50 207 11 9 1
25 : 37 138 33 13 0
26 : 29 164 28 13 0
27 : 0 164 1 29 1
28 : 30 207 13 10 1
29 : 0 177 27 13 0
30 : 0 17 17 88 1
31 : 19 192 19 15 0
32 : 57 192 1 19 1
33 : 0 34 86 17 0
34 : 79 75 1 48 0
35 : 86 207 4 6 0
36 : 40 207 13 10 1
37 : 0 225 4 6 1
