123 470
0 : 64 395 54 15 0
1 : 46 425 39 15 0
2 : 0 299 51 17 0
3 : 0 185 90 21 0
4 : 0 89 84 25 0
5 : 0 333 43 17 0
6 : 0 248 97 17 0
7 : 0 410 49 15 0
8 : 0 316 45 17 0
9 : 0 62 120 27 0
10 : 0 265 64 17 0
11 : 0 139 67 25 0
12 : 91 440 25 15 0
13 : 0 380 65 15 0
14 : 0 455 23 15 0
15 : 63 282 59 17 0
16 : 51 299 50 17 0
17 : 0 440 33 15 0
18 : 0 227 56 21 0
19 : 0 350 92 15 0
20 : 0 365 67 15 0
21 : 49 410 46 15 0
22 : 0 282 63 17 0
23 : 0 114 72 25 0
24 : 0 0 80 31 0
25 : 85 425 38 15 0
26 : 33 440 32 15 0
27 : 0 395 64 15 0
28 : 43 333 37 17 0
29 : 0 31 65 31 0
30 : 65 440 26 15 0
31 : 0 206 89 21 0
32 : 45 316 45 17 0
33 : 0 164 123 21 0
34 : 0 425 46 15 0
