1000 9320
0 : 0 3274 541 745 1
1 : 650 1208 344 301 0
2 : 673 2468 413 294 1
3 : 592 2120 266 341 0
4 : 0 5122 543 388 0
5 : 0 552 367 701 1
6 : 0 4100 526 707 1
7 : 0 266 286 706 1
8 : 0 919 614 289 0
9 : 0 2120 348 592 1
10 : 0 2468 673 431 0
11 : 634 5510 475 362 1
12 : 0 5996 562 439 0
13 : 0 6824 530 638 1
14 : 0 2899 609 375 0
15 : 0 1846 540 274 0
16 : 0 5510 486 634 1
17 : 623 1540 272 377 1
18 : 0 1540 623 306 0
19 : 0 0 266 714 1
20 : 638 6824 341 336 0
21 : 701 552 340 296 1
22 : 0 8270 531 479 0
23 : 0 8749 571 589 1
24 : 0 4626 674 496 0
25 : 0 7773 560 497 0
26 : 0 6435 509 389 0
27 : 0 1208 650 332 0
28 : 0 3815 474 285 0
29 : 0 7354 419 503 1
