1000 1241
0 : 0 0 66 61 0
1 : 66 0 62 48 0
2 : 128 0 62 46 0
3 : 190 0 61 43 0
4 : 251 0 39 62 1
5 : 313 0 38 61 0
6 : 351 0 30 71 1
7 : 422 0 56 37 1
8 : 459 0 52 39 1
9 : 572 0 36 55 0
10 : 498 0 74 27 0
11 : 608 0 42 47 0
12 : 650 0 61 32 0
13 : 711 0 58 32 1
14 : 783 0 51 36 1
15 : 743 0 46 40 1
16 : 857 0 79 23 0
17 : 819 0 48 38 1
18 : 0 61 79 23 0
19 : 351 30 30 60 1
20 : 79 61 22 81 1
21 : 365 61 36 49 1
22 : 160 61 25 71 1
23 : 566 61 73 24 0
24 : 308 61 57 31 0
25 : 498 27 72 25 0
26 : 639 61 50 35 0
27 : 845 61 56 31 0
28 : 857 23 33 54 1
29 : 936 0 39 46 0
30 : 414 61 28 63 1
31 : 231 61 77 23 0
32 : 153 101 43 40 0
33 : 105 101 36 48 1
34 : 789 61 56 31 0
35 : 901 61 51 34 0
36 : 51 101 54 32 0
37 : 477 61 44 40 0
38 : 742 61 37 47 1
39 : 0 101 51 34 0
40 : 952 61 48 36 0
41 : 689 61 53 33 0
42 : 521 61 39 45 1
43 : 274 101 34 50 1
44 : 196 101 22 78 1
45 : 324 101 51 33 0
46 : 650 32 29 58 1
47 : 417 101 73 23 0
48 : 490 101 23 73 1
49 : 690 101 37 45 1
50 : 563 101 73 23 0
51 : 375 101 42 40 0
52 : 735 101 26 64 1
53 : 636 101 31 54 1
54 : 878 101 23 72 1
55 : 799 101 79 21 0
56 : 50 141 35 47 1
57 : 950 101 33 50 1
58 : 97 141 39 42 1
59 : 0 141 33 50 1
60 : 139 141 54 30 0
61 : 193 141 60 27 0
62 : 375 141 47 34 0
63 : 302 141 22 73 1
64 : 253 141 49 33 0
65 : 422 141 37 43 1
66 : 555 141 30 52 1
67 : 755 141 67 23 0
68 : 465 141 35 45 1
69 : 607 141 62 25 0
70 : 889 141 24 64 1
71 : 510 141 35 45 1
72 : 669 141 36 43 1
73 : 160 180 26 59 1
74 : 712 141 43 36 0
75 : 822 141 67 23 0
76 : 953 141 34 45 1
77 : 0 180 64 24 0
78 : 64 180 32 48 1
79 : 219 180 30 51 1
80 : 112 180 32 48 1
81 : 975 0 25 61 0
82 : 461 180 55 27 0
83 : 316 180 54 28 0
84 : 270 180 33 46 1
85 : 413 180 31 48 1
86 : 516 180 45 33 0
87 : 675 180 51 29 0
88 : 370 180 43 35 0
89 : 561 180 74 20 0
90 : 832 180 50 29 0
91 : 635 180 40 37 0
92 : 726 180 25 59 1
93 : 785 180 31 47 1
94 : 0 217 30 48 1
95 : 145 217 46 31 0
96 : 882 180 37 39 1
97 : 921 180 37 39 1
98 : 459 217 63 22 0
99 : 103 217 34 42 1
100 : 48 217 26 55 1
101 : 373 217 31 45 1
102 : 191 217 67 21 0
103 : 312 217 23 61 1
104 : 215 254 23 59 1
105 : 591 217 46 30 0
106 : 251 39 62 22 0
107 : 258 217 26 54 1
108 : 960 180 36 39 1
109 : 156 254 59 23 0
110 : 522 217 69 20 0
111 : 637 217 51 27 0
112 : 0 254 31 44 1
113 : 743 217 28 49 1
114 : 841 217 37 37 0
115 : 418 217 34 41 1
116 : 44 254 31 44 1
117 : 792 217 49 28 0
118 : 916 217 65 21 0
119 : 88 254 20 68 1
120 : 878 217 36 38 1
121 : 688 217 55 25 0
122 : 369 254 24 55 1
123 : 424 254 33 40 1
124 : 799 122 70 19 0
125 : 803 254 29 45 1
126 : 326 254 31 43 1
127 : 530 254 57 23 0
128 : 274 254 52 26 0
129 : 713 254 45 29 0
130 : 464 254 20 66 1
131 : 587 254 23 57 1
132 : 758 254 45 29 0
133 : 267 287 51 25 0
134 : 848 254 25 52 1
135 : 410 287 20 63 1
136 : 644 254 69 19 0
137 : 223 287 44 29 0
138 : 950 254 28 46 1
139 : 65 287 23 56 1
140 : 365 287 28 45 1
141 : 900 254 26 50 1
142 : 563 287 37 34 0
143 : 0 287 65 20 0
144 : 121 287 28 46 1
145 : 914 287 65 19 0
146 : 167 287 56 23 0
147 : 742 287 46 27 0
148 : 473 287 28 45 1
149 : 318 287 47 27 0
150 : 600 287 38 33 0
151 : 518 287 45 28 0
152 : 432 321 64 19 0
153 : 638 287 24 52 1
154 : 79 83 18 68 1
155 : 834 287 40 31 0
156 : 788 287 46 27 0
157 : 252 321 20 61 1
158 : 496 321 32 38 1
159 : 690 287 52 24 0
160 : 534 321 38 32 0
161 : 85 321 34 36 1
162 : 44 321 30 41 1
163 : 174 355 44 27 0
164 : 572 321 31 39 1
165 : 313 321 20 61 1
166 : 290 355 33 36 1
167 : 121 321 26 47 1
168 : 782 321 48 25 0
169 : 326 355 32 37 1
170 : 629 355 62 19 0
171 : 874 287 31 40 1
172 : 0 321 28 44 1
173 : 654 321 48 25 0
174 : 880 321 19 63 1
175 : 168 321 47 26 0
176 : 702 321 40 30 0
177 : 943 321 46 26 0
178 : 218 355 36 33 0
179 : 742 321 40 30 0
180 : 511 355 20 59 1
181 : 98 355 34 35 1
182 : 363 355 37 32 0
183 : 611 321 28 43 1
184 : 254 355 33 36 1
185 : 0 355 26 46 1
186 : 374 321 21 58 1
187 : 133 355 29 41 1
188 : 729 355 24 49 1
189 : 215 321 33 37 1
190 : 400 355 32 37 1
191 : 437 355 37 32 0
192 : 883 355 56 21 0
193 : 196 123 65 18 0
194 : 47 389 23 51 1
195 : 98 389 23 51 1
196 : 200 389 30 39 1
197 : 830 321 50 24 0
198 : 46 355 52 23 0
199 : 474 355 37 32 0
200 : 149 389 51 23 0
201 : 356 389 27 43 1
202 : 239 389 30 39 1
203 : 771 389 48 24 0
204 : 778 355 56 21 0
205 : 0 389 25 47 1
206 : 834 355 24 49 1
207 : 691 355 38 31 0
208 : 614 389 19 61 1
209 : 736 389 33 35 1
210 : 570 355 59 20 0
211 : 939 355 25 47 1
212 : 114 422 31 37 1
213 : 399 389 27 43 1
214 : 867 422 25 45 1
215 : 819 389 18 64 1
216 : 485 389 27 43 1
217 : 528 389 27 43 1
218 : 883 389 36 32 0
219 : 278 389 30 39 1
220 : 239 422 60 19 0
221 : 919 389 24 48 1
222 : 571 389 27 43 1
223 : 675 389 61 19 0
224 : 299 422 60 19 0
225 : 734 422 29 39 1
226 : 317 389 30 39 1
227 : 773 422 24 47 1
228 : 151 422 26 44 1
229 : 195 422 26 44 1
230 : 419 422 60 19 0
231 : 64 422 50 23 0
232 : 240 453 56 20 0
233 : 442 389 43 27 0
234 : 695 422 29 39 1
235 : 479 422 57 20 0
236 : 0 84 65 17 0
237 : 612 453 21 53 1
238 : 912 422 51 22 0
239 : 0 422 18 64 1
240 : 820 422 47 24 0
241 : 0 453 51 22 0
242 : 590 422 63 18 0
243 : 665 453 30 37 1
244 : 140 486 24 46 1
245 : 296 453 26 43 1
246 : 963 422 31 36 1
247 : 0 486 48 23 0
248 : 94 486 46 24 0
249 : 359 422 19 60 1
250 : 468 453 31 36 1
251 : 504 453 31 36 1
252 : 85 453 28 40 1
253 : 932 453 46 24 0
254 : 234 486 58 19 0
255 : 382 453 26 43 1
256 : 653 422 27 42 1
257 : 190 43 18 61 1
258 : 160 453 40 28 0
259 : 739 453 30 37 1
260 : 200 453 28 40 1
261 : 48 486 46 24 0
262 : 536 422 54 21 0
263 : 339 453 26 43 1
264 : 51 453 33 34 1
265 : 125 453 35 32 0
266 : 540 453 36 31 0
267 : 476 486 25 44 1
268 : 776 453 30 37 1
269 : 850 453 27 41 1
270 : 801 486 23 47 1
271 : 231 84 64 17 0
272 : 425 453 26 43 1
273 : 417 124 17 63 1
274 : 891 453 27 41 1
275 : 388 486 44 25 0
276 : 292 486 58 19 0
277 : 967 389 33 33 0
278 : 432 486 44 25 0
279 : 342 518 49 22 0
280 : 350 486 29 38 1
281 : 520 486 50 22 0
282 : 619 518 51 21 0
283 : 813 453 30 37 1
284 : 576 453 31 36 1
285 : 702 453 30 37 1
286 : 625 486 18 61 1
287 : 0 518 24 45 1
288 : 391 518 25 43 1
289 : 45 518 40 27 0
290 : 686 486 26 42 1
291 : 570 486 20 55 1
292 : 85 518 40 27 0
293 : 125 518 30 36 1
294 : 767 486 34 32 0
295 : 434 518 29 37 1
296 : 728 486 39 28 0
297 : 186 486 48 23 0
298 : 446 548 32 33 1
299 : 161 518 40 27 0
300 : 942 486 24 45 1
301 : 479 548 24 44 1
302 : 848 486 23 47 1
303 : 471 518 29 37 1
304 : 0 548 20 53 1
305 : 757 548 27 39 1
306 : 793 518 19 56 1
307 : 201 518 45 24 0
308 : 508 518 37 29 0
309 : 246 518 18 60 1
310 : 306 518 30 36 1
311 : 545 518 37 29 0
312 : 523 548 24 44 1
313 : 679 548 27 39 1
314 : 670 518 26 41 1
315 : 106 548 23 46 1
316 : 152 548 46 23 0
317 : 277 548 48 22 0
318 : 302 163 61 17 0
319 : 561 200 61 17 0
320 : 951 580 23 45 1
321 : 711 518 26 41 1
322 : 895 486 23 47 1
323 : 796 548 50 21 0
324 : 640 548 39 27 0
325 : 846 548 50 21 0
326 : 352 580 52 20 0
327 : 404 580 52 20 0
328 : 878 124 17 63 1
329 : 582 518 37 29 0
330 : 480 124 17 60 1
331 : 540 124 17 60 1
332 : 601 548 27 39 1
333 : 849 518 18 59 1
334 : 198 548 23 46 1
335 : 369 548 32 33 1
336 : 402 548 24 44 1
337 : 0 610 23 45 1
338 : 752 518 26 41 1
339 : 896 548 30 35 1
340 : 931 548 50 21 0
341 : 567 548 34 31 0
342 : 456 580 52 20 0
343 : 258 580 36 29 0
344 : 524 610 41 25 0
345 : 718 548 27 39 1
346 : 45 610 23 45 1
347 : 345 642 26 39 1
348 : 0 580 30 35 1
349 : 35 580 35 30 0
350 : 227 610 24 43 1
351 : 729 580 37 28 0
352 : 294 580 18 58 1
353 : 560 580 26 40 1
354 : 356 610 27 38 1
355 : 270 610 24 43 1
356 : 244 548 32 33 1
357 : 325 548 24 44 1
358 : 112 580 19 55 1
359 : 840 580 37 28 0
360 : 908 518 18 59 1
361 : 53 548 53 20 0
362 : 877 580 28 37 1
363 : 914 580 28 37 1
364 : 137 610 22 47 1
365 : 394 610 27 38 1
366 : 600 580 40 26 0
367 : 432 610 19 54 1
368 : 60 642 60 17 0
369 : 228 642 26 39 1
370 : 641 642 28 36 1
371 : 70 580 42 25 0
372 : 557 642 21 48 1
373 : 766 580 28 37 1
374 : 222 580 29 36 1
375 : 313 610 43 24 0
376 : 692 580 37 28 0
377 : 167 580 55 19 0
378 : 511 642 22 46 1
379 : 677 642 28 36 1
380 : 902 672 52 19 0
381 : 267 642 26 39 1
382 : 825 610 31 33 1
383 : 189 642 26 39 1
384 : 803 580 37 28 0
385 : 818 164 63 16 0
386 : 90 610 47 22 0
387 : 508 580 52 20 0
388 : 522 237 17 61 1
389 : 839 642 24 42 1
390 : 647 610 25 41 1
391 : 924 610 33 31 0
392 : 793 610 32 32 0
393 : 534 672 18 55 1
394 : 154 642 35 29 0
395 : 0 672 53 19 0
396 : 688 610 25 41 1
397 : 566 85 63 16 0
398 : 729 610 32 32 0
399 : 0 642 17 60 1
400 : 283 672 37 27 0
401 : 320 672 27 37 1
402 : 501 672 30 33 1
403 : 184 610 43 24 0
404 : 957 610 34 30 0
405 : 606 610 25 41 1
406 : 640 580 52 20 0
407 : 858 610 33 31 0
408 : 468 672 33 30 0
409 : 106 672 50 20 0
410 : 206 672 25 40 1
411 : 891 610 33 31 0
412 : 486 610 38 27 0
413 : 156 672 20 50 1
414 : 622 672 45 22 0
415 : 761 610 32 32 0
416 : 306 642 26 39 1
417 : 749 642 42 24 0
418 : 916 238 63 16 0
419 : 791 642 48 21 0
420 : 773 702 16 61 1
421 : 864 672 38 26 0
422 : 565 610 25 41 1
423 : 881 642 28 36 1
424 : 384 642 26 39 1
425 : 53 672 19 53 1
426 : 191 238 63 16 0
427 : 467 642 23 44 1
428 : 278 702 21 47 1
429 : 357 672 37 27 0
430 : 394 672 37 27 0
431 : 325 702 29 34 1
432 : 713 642 28 36 1
433 : 959 642 25 40 1
434 : 120 642 30 34 1
435 : 605 642 36 28 0
436 : 778 672 23 43 1
437 : 264 731 36 27 0
438 : 90 702 21 47 1
439 : 917 642 24 42 1
440 : 834 702 16 61 1
441 : 0 731 25 39 1
442 : 712 702 61 16 0
443 : 954 672 38 26 0
444 : 423 642 23 44 1
445 : 589 672 30 33 1
446 : 755 164 63 16 0
447 : 486 758 60 16 0
448 : 967 518 30 33 1
449 : 42 758 46 21 0
450 : 137 702 21 47 1
451 : 667 672 22 45 1
452 : 431 672 27 37 1
453 : 920 731 23 42 1
454 : 210 731 18 54 1
455 : 558 702 49 20 0
456 : 546 758 20 48 1
457 : 184 702 21 47 1
458 : 642 702 28 35 1
459 : 400 702 24 41 1
460 : 441 702 41 24 0
461 : 821 672 43 23 0
462 : 231 702 21 47 1
463 : 246 672 27 37 1
464 : 444 731 19 51 1
465 : 0 702 19 52 1
466 : 234 758 24 40 1
467 : 607 702 28 35 1
468 : 274 758 32 30 0
469 : 712 672 30 33 1
470 : 88 758 23 42 1
471 : 336 731 19 51 1
472 : 359 702 41 24 0
473 : 300 731 27 36 1
474 : 677 702 28 35 1
475 : 956 702 25 39 1
476 : 482 702 41 24 0
477 : 39 731 25 39 1
478 : 830 758 56 17 0
479 : 0 758 23 42 1
480 : 672 816 17 55 1
481 : 745 672 30 33 1
482 : 782 816 17 55 1
483 : 474 789 16 59 1
484 : 878 731 23 42 1
485 : 156 731 54 18 0
486 : 52 702 26 38 1
487 : 552 731 51 19 0
488 : 704 731 44 22 0
489 : 895 702 61 16 0
490 : 748 731 44 22 0
491 : 762 758 28 34 1
492 : 130 758 23 42 1
493 : 78 731 25 39 1
494 : 962 731 37 26 0
495 : 172 758 31 31 0
496 : 306 758 16 60 1
497 : 615 789 23 41 1
498 : 366 758 48 20 0
499 : 523 702 28 35 1
500 : 414 758 30 32 1
501 : 446 758 40 24 0
502 : 418 816 52 18 0
503 : 387 731 57 17 0
504 : 117 731 25 39 1
505 : 836 731 23 42 1
506 : 279 789 21 45 1
507 : 892 816 49 19 0
508 : 191 842 31 30 0
509 : 660 731 22 44 1
510 : 533 789 23 41 1
511 : 911 23 38 25 1
512 : 886 758 25 38 1
513 : 603 731 57 17 0
514 : 268 816 26 36 1
515 : 86 872 28 33 1
516 : 574 789 23 41 1
517 : 0 789 50 19 0
518 : 359 789 27 35 1
519 : 394 789 27 35 1
520 : 304 816 24 39 1
521 : 796 758 28 34 1
522 : 495 731 17 57 1
523 : 785 789 20 47 1
524 : 343 816 26 36 1
525 : 561 842 37 25 0
526 : 792 731 22 44 1
527 : 656 789 41 23 0
528 : 522 816 39 24 0
529 : 837 816 17 55 1
530 : 962 757 25 38 1
531 : 100 789 50 19 0
532 : 499 872 18 51 1
533 : 594 758 29 33 1
534 : 160 842 31 30 0
535 : 627 758 29 33 1
536 : 203 758 31 31 0
537 : 50 789 50 19 0
538 : 941 816 49 19 0
539 : 285 842 32 29 0
540 : 47 816 24 39 1
541 : 236 789 22 43 1
542 : 429 789 45 21 0
543 : 660 758 34 28 0
544 : 879 789 47 20 0
545 : 0 872 22 42 1
546 : 860 842 22 42 1
547 : 924 758 25 38 1
548 : 727 816 17 55 1
549 : 413 872 20 46 1
550 : 177 816 39 24 0
551 : 119 872 22 42 1
552 : 367 872 20 46 1
553 : 216 816 52 18 0
554 : 98 842 30 31 1
555 : 652 872 34 27 0
556 : 694 758 34 28 0
557 : 598 842 37 25 0
558 : 728 758 28 34 1
559 : 868 872 48 19 0
560 : 697 789 23 41 1
561 : 253 842 29 32 1
562 : 672 842 37 25 0
563 : 832 789 47 20 0
564 : 783 842 21 44 1
565 : 916 872 57 16 0
566 : 827 842 28 33 1
567 : 379 816 39 24 0
568 : 247 872 40 23 0
569 : 902 842 28 33 1
570 : 381 842 29 32 1
571 : 738 789 47 20 0
572 : 487 842 25 37 1
573 : 324 789 35 27 0
574 : 327 872 23 40 1
575 : 138 816 24 39 1
576 : 486 774 15 60 1
577 : 636 816 26 36 1
578 : 207 900 26 35 1
579 : 686 872 27 34 1
580 : 312 900 26 35 1
581 : 86 816 52 18 0
582 : 128 46 60 15 0
583 : 754 872 38 24 0
584 : 792 872 38 24 0
585 : 830 872 38 24 0
586 : 317 842 29 32 1
587 : 556 900 45 20 0
588 : 550 872 18 51 1
589 : 193 789 22 43 1
590 : 306 774 60 15 0
591 : 0 842 49 19 0
592 : 601 900 18 50 1
593 : 129 842 31 30 0
594 : 635 842 25 37 1
595 : 38 900 38 24 0
596 : 150 789 43 22 0
597 : 287 872 40 23 0
598 : 926 789 20 47 1
599 : 601 872 51 18 0
600 : 413 842 37 25 0
601 : 561 816 39 24 0
602 : 600 816 26 36 1
603 : 524 842 25 37 1
604 : 0 900 24 38 1
605 : 886 900 33 27 0
606 : 349 842 29 32 1
607 : 0 816 20 47 1
608 : 709 842 25 37 1
609 : 433 900 22 41 1
610 : 222 842 31 30 0
611 : 242 900 35 26 0
612 : 721 900 23 39 1
613 : 124 900 19 48 1
614 : 42 872 21 44 1
615 : 49 842 49 19 0
616 : 459 872 23 40 1
617 : 160 86 15 59 1
618 : 720 872 27 34 1
619 : 161 872 23 40 1
620 : 172 900 26 35 1
621 : 347 900 21 43 1
622 : 76 900 19 48 1
623 : 651 900 31 29 0
624 : 968 842 31 29 0
625 : 277 900 26 35 1
626 : 390 900 43 21 0
627 : 470 816 52 18 0
628 : 450 842 25 37 1
629 : 0 929 37 24 0
630 : 474 900 41 22 0
631 : 935 842 33 28 0
632 : 760 900 28 32 1
633 : 201 872 20 46 1
634 : 515 900 41 22 0
635 : 207 929 44 20 0
636 : 746 842 25 37 1
637 : 792 900 19 47 1
638 : 919 900 27 33 1
639 : 647 929 41 21 0
640 : 952 900 37 24 0
641 : 839 900 47 19 0
642 : 682 900 39 23 0
643 : 383 929 27 32 1
644 : 251 929 35 25 0
645 : 37 929 26 34 1
646 : 123 929 42 21 0
647 : 415 929 27 32 1
648 : 447 929 36 24 0
649 : 483 929 27 32 1
650 : 351 929 32 27 0
651 : 772 929 22 39 1
652 : 729 929 20 43 1
653 : 174 958 30 28 0
654 : 515 929 32 27 0
655 : 74 958 50 17 0
656 : 688 929 21 41 1
657 : 165 929 42 21 0
658 : 454 958 52 16 0
659 : 71 929 17 52 1
660 : 286 929 35 25 0
661 : 922 929 19 45 1
662 : 321 929 29 30 1
663 : 811 929 22 39 1
664 : 850 929 33 26 0
665 : 547 929 27 32 1
666 : 579 929 32 27 0
667 : 967 929 29 29 0
668 : 244 958 21 40 1
669 : 611 929 36 24 0
670 : 419 958 35 24 0
671 : 37 958 23 37 1
672 : 883 929 22 39 1
673 : 124 958 17 50 1
674 : 0 958 23 37 1
675 : 506 958 26 32 1
676 : 314 958 40 21 0
677 : 694 958 36 23 0
678 : 730 958 23 36 1
679 : 538 958 16 52 1
680 : 384 958 35 24 0
681 : 0 986 24 34 1
682 : 812 958 18 46 1
683 : 459 239 57 15 0
684 : 379 986 35 23 0
685 : 889 165 57 15 0
686 : 204 958 40 21 0
687 : 34 986 24 34 1
688 : 284 958 28 30 1
689 : 344 986 23 35 1
690 : 590 958 52 16 0
691 : 914 306 56 15 0
692 : 766 958 46 18 0
693 : 354 958 30 28 0
694 : 153 986 28 29 1
695 : 68 986 17 48 1
696 : 629 374 15 55 1
697 : 642 958 52 16 0
698 : 735 127 57 14 0
699 : 830 775 56 14 0
700 : 432 340 15 56 1
701 : 858 958 23 36 1
702 : 880 340 56 15 0
703 : 449 986 16 50 1
704 : 963 958 25 33 1
705 : 116 986 37 22 0
706 : 894 958 36 23 0
707 : 930 958 33 25 0
708 : 243 986 31 26 0
709 : 414 986 35 23 0
710 : 623 986 36 22 0
711 : 274 986 23 35 1
712 : 659 986 24 33 1
713 : 834 986 52 15 0
714 : 886 986 26 30 1
715 : 309 986 35 23 0
716 : 607 166 56 14 0
717 : 182 986 30 27 0
718 : 499 986 20 40 1
719 : 692 986 33 24 0
720 : 725 986 44 18 0
721 : 212 986 31 26 0
722 : 539 986 42 19 0
723 : 312 240 56 14 0
724 : 769 986 36 22 0
725 : 916 986 20 39 1
726 : 955 986 31 25 0
727 : 644 273 14 56 1
728 : 62 1014 22 35 1
729 : 331 1014 21 36 1
730 : 805 986 27 29 1
731 : 819 407 53 15 0
732 : 97 1014 35 22 0
733 : 581 986 42 19 0
734 : 973 872 27 28 0
735 : 653 1014 34 22 0
736 : 31 1014 31 25 0
737 : 367 1014 21 36 1
738 : 0 1014 31 25 0
739 : 132 1014 16 48 1
740 : 180 1014 17 45 1
741 : 403 1014 28 27 0
742 : 487 1014 29 26 0
743 : 563 1014 30 25 0
744 : 593 1014 25 30 1
745 : 265 1014 33 23 0
746 : 901 1014 37 20 0
747 : 431 1014 27 28 1
748 : 731 1014 22 34 1
749 : 320 1041 21 35 1
750 : 765 1014 34 22 0
751 : 623 1014 25 30 1
752 : 298 1014 33 23 0
753 : 459 1014 27 28 1
754 : 799 1014 34 22 0
755 : 864 1014 37 20 0
756 : 224 1041 23 32 1
757 : 114 1041 16 46 1
758 : 973 789 27 27 0
759 : 192 1041 23 32 1
760 : 938 1014 20 37 1
761 : 516 1014 16 47 1
762 : 978 453 22 33 0
763 : 225 1014 40 19 0
764 : 676 1041 48 15 0
765 : 256 1041 32 23 0
766 : 288 1041 32 23 0
767 : 252 341 52 14 0
768 : 445 1041 22 33 1
769 : 410 307 14 52 1
770 : 614 408 14 51 1
771 : 640 1041 36 20 0
772 : 687 1014 44 17 0
773 : 926 1041 42 17 0
774 : 764 1041 48 15 0
775 : 544 1041 29 25 0
776 : 979 287 34 21 1
777 : 0 1041 18 41 1
778 : 41 1041 18 41 1
779 : 833 1014 24 31 1
780 : 0 307 53 14 0
781 : 478 1041 33 22 0
782 : 724 1041 40 18 0
783 : 390 1041 27 27 0
784 : 602 1041 38 19 0
785 : 82 1041 32 23 0
786 : 110 1068 34 21 0
787 : 511 375 52 14 0
788 : 34 1068 21 34 1
789 : 511 1041 22 33 1
790 : 0 1068 21 34 1
791 : 160 1041 32 23 0
792 : 178 1068 22 32 1
793 : 812 1041 30 24 0
794 : 509 1068 17 41 1
795 : 304 341 14 50 1
796 : 355 1041 35 21 0
797 : 573 1041 25 29 1
798 : 579 1068 46 15 0
799 : 842 1041 20 36 1
800 : 417 1041 28 26 0
801 : 144 1068 34 21 0
802 : 254 1068 19 37 1
803 : 771 1068 18 38 1
804 : 291 1068 18 39 1
805 : 625 1068 23 30 1
806 : 878 1041 15 48 1
807 : 427 1068 17 41 1
808 : 957 1068 31 22 0
809 : 625 504 50 14 0
810 : 124 1094 34 20 0
811 : 68 1068 17 42 1
812 : 834 1001 52 13 0
813 : 968 1041 31 23 0
814 : 468 1068 41 17 0
815 : 357 1068 20 35 1
816 : 320 1094 21 32 1
817 : 981 217 37 19 1
818 : 158 1094 40 17 0
819 : 563 375 14 50 1
820 : 31 1094 31 22 0
821 : 210 1068 16 44 1
822 : 685 1068 16 43 1
823 : 728 1068 16 43 1
824 : 380 1094 24 28 1
825 : 330 1068 26 27 1
826 : 550 1068 29 24 0
827 : 408 1094 28 24 0
828 : 198 1094 26 26 0
829 : 392 1068 20 35 1
830 : 538 1094 24 28 1
831 : 66 48 13 52 1
832 : 0 204 13 51 1
833 : 907 1094 18 37 1
834 : 62 1094 22 31 1
835 : 436 1094 16 42 1
836 : 809 1068 19 36 1
837 : 144 1120 15 44 1
838 : 788 1094 32 21 0
839 : 0 1094 31 22 0
840 : 35 1120 19 35 1
841 : 655 1068 30 23 0
842 : 468 1120 47 14 0
843 : 849 1094 23 29 1
844 : 975 1014 27 25 1
845 : 93 1094 31 22 0
846 : 944 1094 18 37 1
847 : 665 408 48 14 0
848 : 562 1120 41 16 0
849 : 352 1094 28 24 0
850 : 845 1068 18 38 1
851 : 105 1120 17 39 1
852 : 224 1094 27 25 0
853 : 883 1068 36 19 0
854 : 478 1094 28 24 0
855 : 515 1120 14 47 1
856 : 506 1094 21 32 1
857 : 374 342 50 13 0
858 : 919 1068 38 18 0
859 : 566 1094 28 24 0
860 : 594 1094 28 24 0
861 : 622 1094 14 48 1
862 : 670 1094 16 42 1
863 : 712 1094 14 48 1
864 : 203 1145 15 43 1
865 : 760 1094 24 28 1
866 : 634 1120 31 21 0
867 : 603 1120 31 21 0
868 : 289 1145 14 46 1
869 : 753 1120 25 26 1
870 : 232 1120 33 20 0
871 : 857 1120 24 27 1
872 : 727 1120 26 25 0
873 : 820 1094 29 23 0
874 : 938 1120 36 18 0
875 : 97 1145 34 19 0
876 : 278 1094 42 16 0
877 : 335 1145 28 23 0
878 : 878 1094 23 29 1
879 : 265 1120 20 33 1
880 : 251 1094 27 25 0
881 : 884 1120 27 24 0
882 : 665 1120 31 21 0
883 : 63 1145 34 19 0
884 : 298 1120 20 33 1
885 : 911 1120 27 24 0
886 : 70 1120 35 19 0
887 : 331 1120 30 22 0
888 : 361 1120 15 44 1
889 : 405 1120 22 30 1
890 : 435 1120 33 20 0
891 : 0 1120 35 19 0
892 : 114 1169 15 42 1
893 : 779 1120 26 25 0
894 : 961 1145 21 30 1
895 : 831 1120 25 26 1
896 : 0 1145 27 24 0
897 : 391 1145 28 23 0
898 : 445 1169 16 39 1
899 : 464 274 13 51 1
900 : 88 274 13 51 1
901 : 647 1145 30 21 0
902 : 246 1145 43 15 0
903 : 602 1145 14 45 1
904 : 696 1120 31 21 0
905 : 188 1120 44 15 0
906 : 677 1145 18 35 1
907 : 679 1169 27 23 0
908 : 754 1145 18 35 1
909 : 484 1169 24 26 1
910 : 510 1169 24 26 1
911 : 515 1145 22 29 1
912 : 363 1145 23 28 1
913 : 27 1145 36 18 0
914 : 854 1145 35 18 0
915 : 419 1145 32 20 0
916 : 889 1145 21 30 1
917 : 544 1145 29 22 0
918 : 818 1169 28 22 0
919 : 805 1120 25 26 1
920 : 346 1169 33 19 0
921 : 573 1145 29 22 0
922 : 536 1169 24 26 1
923 : 412 1169 19 33 1
924 : 846 1169 28 22 0
925 : 131 1145 34 19 0
926 : 787 1169 31 20 0
927 : 760 1169 23 27 1
928 : 819 1145 35 18 0
929 : 653 1169 26 24 0
930 : 627 1169 24 26 1
931 : 165 1145 17 38 1
932 : 562 1169 24 26 1
933 : 0 1169 15 42 1
934 : 235 1169 37 17 0
935 : 706 1169 27 23 0
936 : 156 1169 15 42 1
937 : 588 1169 16 39 1
938 : 272 1169 37 17 0
939 : 733 1169 23 27 1
940 : 268 1193 38 16 0
941 : 42 1169 42 15 0
942 : 874 1169 28 22 0
943 : 883 376 13 47 1
944 : 483 1145 20 32 1
945 : 974 1120 25 25 0
946 : 930 1169 34 18 0
947 : 981 548 32 19 1
948 : 919 1145 15 42 1
949 : 789 1145 30 21 0
950 : 712 1145 15 42 1
951 : 198 1193 32 19 0
952 : 230 1193 38 16 0
953 : 84 1169 30 21 0
954 : 778 376 48 13 0
955 : 309 1169 37 17 0
956 : 902 1169 28 22 0
957 : 451 1145 32 20 0
958 : 68 1193 36 17 0
959 : 198 1169 37 17 0
960 : 379 1169 19 33 1
961 : 344 1193 20 30 1
962 : 140 1193 29 21 0
963 : 374 1193 25 24 0
964 : 484 1193 23 26 1
965 : 588 1193 18 33 1
966 : 600 124 36 17 0
967 : 749 1193 21 28 1
968 : 562 1193 26 23 0
969 : 429 1193 25 24 0
970 : 681 1193 37 16 0
971 : 964 1169 36 17 0
972 : 454 1193 20 30 1
973 : 0 1193 18 34 1
974 : 510 1193 23 26 1
975 : 777 1193 21 28 1
976 : 34 1193 34 18 0
977 : 306 1193 38 16 0
978 : 104 1193 17 36 1
979 : 169 1193 29 21 0
980 : 536 1193 26 23 0
981 : 0 1217 17 34 1
982 : 805 1193 28 21 0
983 : 621 1193 33 18 0
984 : 833 1193 28 21 0
985 : 34 1217 17 34 1
986 : 399 1193 30 20 0
987 : 917 1193 29 20 0
988 : 861 1193 21 28 1
989 : 126 1217 30 19 0
990 : 975 1193 24 24 0
991 : 68 1217 34 17 0
992 : 946 1193 20 29 1
993 : 718 1193 31 19 0
994 : 102 1217 24 24 0
995 : 889 1193 21 28 1
996 : 156 1217 30 19 0
997 : 186 1217 28 20 0
998 : 654 1193 22 27 1
999 : 0 440 13 44 1
