200 284
0 : 78 36 66 25 0
1 : 186 0 14 30 0
2 : 124 257 18 14 1
3 : 139 176 43 34 0
4 : 0 139 59 30 0
5 : 168 257 10 16 0
6 : 182 176 8 33 0
7 : 0 176 22 47 1
8 : 94 257 18 16 1
9 : 79 236 26 13 0
10 : 130 236 24 17 0
11 : 196 210 26 4 1
12 : 192 61 7 28 0
13 : 53 236 26 14 0
14 : 116 139 30 51 1
15 : 40 210 39 25 0
16 : 87 276 7 3 1
17 : 64 257 19 9 1
18 : 105 236 25 6 0
19 : 0 276 8 14 1
20 : 0 36 18 78 1
21 : 141 257 14 17 0
22 : 62 89 62 12 0
23 : 65 61 15 64 1
24 : 186 257 16 5 1
25 : 47 176 46 13 0
26 : 169 210 27 26 0
27 : 129 61 12 63 1
28 : 192 139 30 8 1
29 : 0 0 36 91 1
30 : 79 210 23 31 1
31 : 28 276 8 13 1
32 : 0 257 22 9 0
33 : 185 89 9 50 0
34 : 14 276 14 4 0
35 : 178 257 8 16 0
36 : 176 236 22 12 0
37 : 59 139 57 37 0
38 : 77 276 7 6 1
39 : 174 0 12 36 0
40 : 140 210 11 29 1
41 : 144 36 30 56 1
42 : 0 89 50 62 1
43 : 124 89 61 13 0
44 : 83 276 4 7 0
45 : 190 176 7 33 0
46 : 27 236 16 26 1
47 : 93 176 12 46 1
48 : 0 236 21 27 1
49 : 0 61 28 65 1
50 : 97 276 4 4 0
51 : 73 257 9 19 0
52 : 0 210 40 13 0
53 : 88 257 6 19 0
54 : 154 236 15 22 1
55 : 173 139 19 31 0
56 : 43 257 21 17 0
57 : 92 276 5 6 0
58 : 191 257 5 15 0
59 : 110 210 30 7 0
60 : 82 257 6 19 0
61 : 41 276 8 12 1
62 : 53 276 11 8 0
63 : 22 257 19 21 1
64 : 110 257 18 14 1
65 : 197 176 3 20 0
66 : 138 257 18 3 1
67 : 91 0 83 16 0
68 : 155 257 16 13 1
69 : 90 276 2 7 0
70 : 64 276 6 10 1
71 : 167 139 37 6 1
72 : 74 276 8 3 1
