1000 32771
0 : 0 18702 602 738 1
1 : 0 6349 897 620 0
2 : 0 17416 743 708 0
3 : 0 31316 308 409 1
4 : 0 30038 447 477 1
5 : 427 31245 421 71 0
6 : 342 32279 167 331 1
7 : 0 23087 667 149 0
8 : 0 13137 792 493 0
9 : 0 28440 190 567 1
10 : 0 20603 320 711 1
11 : 0 8099 891 518 0
12 : 0 16857 750 559 0
13 : 451 30878 220 428 1
14 : 881 32560 10 55 0
15 : 0 576 990 287 0
16 : 0 863 986 840 0
17 : 483 29607 482 431 0
18 : 0 30485 393 471 1
19 : 0 29463 524 139 0
20 : 0 2257 963 110 0
21 : 0 1703 554 971 1
22 : 0 24271 143 657 1
23 : 0 25630 621 642 1
24 : 0 24414 628 649 1
25 : 0 15699 633 770 1
26 : 477 30038 473 184 0
27 : 0 19508 729 109 0
28 : 0 26744 601 395 0
29 : 0 21320 151 693 1
30 : 0 32279 342 281 0
31 : 360 31985 82 351 1
32 : 0 29102 531 361 0
33 : 0 26251 82 636 1
34 : 0 3336 926 836 0
35 : 0 10333 844 735 0
36 : 0 2908 246 940 1
37 : 0 9369 867 175 0
38 : 0 23236 560 664 1
39 : 0 6969 896 438 0
40 : 0 19990 711 613 0
41 : 0 9887 860 446 0
42 : 0 3154 182 927 1
43 : 0 27551 579 258 0
44 : 0 16485 753 372 0
45 : 0 16332 153 759 1
46 : 380 31624 361 371 1
47 : 0 29602 519 5 0
48 : 0 9544 866 129 0
49 : 0 12127 826 260 0
50 : 751 31624 361 202 1
51 : 0 23796 475 664 1
52 : 0 29607 125 483 1
53 : 0 2367 541 953 1
54 : 0 27809 573 141 0
55 : 0 31985 294 360 1
56 : 0 22075 95 681 1
57 : 0 19304 733 204 0
58 : 0 5402 907 307 0
59 : 0 14224 677 787 1
60 : 0 20923 345 708 1
61 : 0 26346 398 612 1
62 : 0 27950 572 490 0
63 : 0 27139 587 412 0
64 : 0 15281 275 786 1
65 : 0 9673 861 214 0
66 : 0 0 997 576 0
67 : 307 32560 300 211 0
68 : 0 13630 790 189 0
69 : 607 32560 274 183 0
70 : 0 7407 893 692 0
71 : 0 4932 470 908 1
72 : 0 22631 456 667 1
73 : 0 18124 578 743 1
74 : 673 32279 196 327 1
75 : 409 31316 68 404 1
76 : 0 31624 162 380 1
77 : 0 28630 563 59 0
78 : 0 8617 881 573 0
79 : 0 4622 910 310 0
80 : 0 30878 367 451 1
81 : 0 5709 898 640 0
82 : 0 21268 697 52 0
83 : 0 25042 588 646 1
84 : 0 21471 604 688 1
85 : 471 30485 469 1 0
86 : 0 22170 673 461 0
87 : 0 32560 105 307 1
88 : 0 11068 842 370 0
89 : 0 13819 405 788 1
90 : 0 4172 450 912 1
91 : 0 12387 816 750 0
92 : 0 9190 881 179 0
93 : 0 31245 16 427 1
94 : 0 28689 547 413 0
95 : 0 11438 689 837 1
96 : 0 14901 380 786 1
97 : 0 26333 13 616 1
98 : 0 15556 783 143 0
99 : 0 19617 373 726 1
