1000 8983
0 : 0 5155 340 857 1
1 : 776 5562 104 178 1
2 : 0 2790 943 389 0
3 : 677 6873 189 491 0
4 : 705 8079 146 162 0
5 : 0 2672 33 963 1
6 : 678 8467 497 135 1
7 : 0 0 652 992 1
8 : 0 7958 121 598 1
9 : 761 5712 42 727 0
10 : 536 8467 142 505 0
11 : 947 2705 24 83 0
12 : 0 5562 150 776 1
13 : 0 4092 49 921 1
14 : 0 6873 493 677 1
15 : 0 4291 85 886 1
16 : 647 7366 421 99 1
17 : 0 1632 970 933 0
18 : 0 6473 252 738 1
19 : 0 8079 561 246 0
20 : 0 4376 882 779 0
21 : 944 5155 298 2 1
22 : 538 8325 452 169 0
23 : 946 5155 253 49 1
24 : 857 5155 338 87 1
25 : 840 5495 81 148 1
26 : 598 7958 59 375 1
27 : 0 7366 457 647 1
28 : 922 6725 12 189 0
29 : 990 8325 8 169 0
30 : 689 6725 191 233 1
31 : 0 2705 85 947 1
32 : 0 7823 629 135 0
33 : 0 2565 965 107 0
34 : 629 7823 359 109 0
35 : 0 5495 840 67 0
36 : 0 8325 538 142 0
37 : 803 5712 104 726 0
38 : 931 3179 15 871 0
39 : 561 8079 144 230 0
40 : 973 7958 10 114 0
41 : 0 5712 761 761 0
42 : 0 652 984 980 0
43 : 746 7366 408 117 1
44 : 934 6725 9 189 0
45 : 0 3179 931 913 0
46 : 0 8467 516 536 1
47 : 0 4141 150 906 1
48 : 0 6725 689 148 0
49 : 851 8079 103 146 0
