247 687
0 : 120 629 39 27 0
1 : 159 629 41 33 0
2 : 201 380 46 17 0
3 : 157 602 33 17 0
4 : 230 575 27 17 1
5 : 152 282 88 17 0
6 : 0 629 31 17 0
7 : 207 205 43 17 1
8 : 0 165 213 40 0
9 : 190 602 33 17 0
10 : 91 629 29 17 0
11 : 112 602 45 27 0
12 : 158 548 57 27 0
13 : 76 602 36 17 0
14 : 0 347 102 17 0
15 : 0 602 39 17 0
16 : 0 81 240 40 0
17 : 0 662 25 27 1
18 : 152 299 82 17 0
19 : 188 424 54 17 0
20 : 223 602 24 17 0
21 : 219 347 33 17 1
22 : 102 347 117 33 0
23 : 164 456 67 17 0
24 : 146 249 99 27 0
25 : 213 165 40 17 1
26 : 0 39 244 42 0
27 : 209 494 38 17 0
28 : 0 249 146 33 0
29 : 152 316 82 17 0
30 : 50 548 50 17 0
31 : 31 629 31 17 0
32 : 0 121 224 44 0
33 : 39 602 37 17 0
34 : 76 456 88 38 0
35 : 0 205 207 44 0
36 : 0 282 152 65 0
37 : 0 380 103 27 0
38 : 100 548 58 27 0
39 : 165 521 61 27 0
40 : 138 494 71 27 0
41 : 0 575 47 17 0
42 : 103 380 98 27 0
43 : 112 407 76 17 0
44 : 180 575 50 27 0
45 : 0 494 67 17 0
46 : 0 0 247 39 0
47 : 27 662 17 17 0
48 : 230 165 39 17 1
49 : 215 548 31 17 0
50 : 112 441 15 17 1
51 : 60 521 53 17 0
52 : 0 407 112 49 0
53 : 0 456 76 17 0
54 : 47 575 46 17 0
55 : 224 205 43 17 1
56 : 112 424 69 17 0
57 : 93 575 45 17 0
58 : 62 629 29 17 0
59 : 67 494 71 27 0
60 : 224 121 44 17 1
61 : 0 521 60 17 0
62 : 188 407 56 17 0
63 : 226 521 20 17 0
64 : 0 548 50 17 0
65 : 164 473 60 17 0
66 : 0 473 63 17 0
67 : 138 575 42 17 0
68 : 200 629 34 27 0
69 : 113 521 52 17 0
