1000 1214
0 : 0 0 66 61 0
1 : 66 0 62 48 0
2 : 128 0 62 46 0
3 : 190 0 61 43 0
4 : 490 0 39 62 1
5 : 931 0 38 61 0
6 : 552 0 30 71 1
7 : 73 61 56 37 0
8 : 245 61 52 39 0
9 : 190 61 36 55 1
10 : 623 0 74 27 0
11 : 616 61 42 47 1
12 : 129 61 61 32 0
13 : 360 61 58 32 0
14 : 184 103 51 36 0
15 : 680 103 46 40 0
16 : 332 0 79 23 0
17 : 632 103 48 38 0
18 : 411 0 79 23 0
19 : 969 0 30 60 0
20 : 251 0 22 81 1
21 : 0 143 36 49 1
22 : 552 30 25 71 1
23 : 0 61 73 24 0
24 : 937 61 57 31 0
25 : 623 27 72 25 0
26 : 943 103 50 35 0
27 : 415 103 56 31 0
28 : 471 103 33 54 1
29 : 897 103 39 46 1
30 : 297 61 28 63 1
31 : 697 0 77 23 0
32 : 761 143 43 40 0
33 : 510 143 36 48 1
34 : 128 103 56 31 0
35 : 49 143 51 34 0
36 : 578 103 54 32 0
37 : 617 143 44 40 0
38 : 154 143 37 47 1
39 : 787 103 51 34 0
40 : 408 143 48 36 0
41 : 525 103 53 33 0
42 : 262 143 39 45 1
43 : 307 143 34 50 1
44 : 853 0 22 78 1
45 : 357 143 51 33 0
46 : 235 103 29 58 1
47 : 774 21 73 23 0
48 : 697 23 23 73 1
49 : 368 183 37 45 1
50 : 853 22 73 23 0
51 : 326 183 42 40 0
52 : 418 61 26 64 1
53 : 100 143 31 54 1
54 : 332 23 23 72 1
55 : 774 0 79 21 0
56 : 0 183 35 47 1
57 : 661 143 33 50 1
58 : 532 183 39 42 1
59 : 711 143 33 50 1
60 : 456 143 54 30 0
61 : 355 103 60 27 0
62 : 625 183 47 34 0
63 : 251 22 22 73 1
64 : 931 143 49 33 0
65 : 51 223 37 43 1
66 : 47 183 30 52 1
67 : 549 61 67 23 0
68 : 149 223 35 45 1
69 : 293 103 62 25 0
70 : 64 103 24 64 1
71 : 194 223 35 45 1
72 : 446 223 36 43 1
73 : 838 103 26 59 1
74 : 161 260 43 36 0
75 : 482 61 67 23 0
76 : 116 260 34 45 1
77 : 0 103 64 24 0
78 : 296 223 32 48 1
79 : 574 183 30 51 1
80 : 344 223 32 48 1
81 : 726 103 25 61 1
82 : 158 183 55 27 0
83 : 272 183 54 28 0
84 : 875 223 33 46 1
85 : 659 223 31 48 1
86 : 251 260 45 33 0
87 : 0 223 51 29 0
88 : 456 260 43 35 0
89 : 404 23 74 20 0
90 : 707 223 50 29 0
91 : 52 296 40 37 0
92 : 558 143 25 59 1
93 : 204 260 31 47 1
94 : 347 260 30 48 1
95 : 270 296 46 31 0
96 : 496 296 37 39 1
97 : 535 296 37 39 1
98 : 802 81 63 22 0
99 : 574 296 34 42 1
100 : 477 183 26 55 1
101 : 616 296 31 45 1
102 : 870 61 67 21 0
103 : 201 143 23 61 1
104 : 99 183 23 59 1
105 : 661 296 46 30 0
106 : 490 39 62 22 0
107 : 392 223 26 54 1
108 : 237 333 36 39 1
109 : 213 183 59 23 0
110 : 663 61 69 20 0
111 : 296 260 51 27 0
112 : 149 333 31 44 1
113 : 842 260 28 49 1
114 : 851 333 37 37 0
115 : 108 333 34 41 1
116 : 193 333 31 44 1
117 : 949 260 49 28 0
118 : 870 82 65 21 0
119 : 802 61 20 68 1
120 : 941 333 36 38 1
121 : 94 223 55 25 0
122 : 489 223 24 55 1
123 : 250 370 33 40 1
124 : 732 61 70 19 0
125 : 323 333 29 45 1
126 : 368 333 31 43 1
127 : 919 200 57 23 0
128 : 499 260 52 26 0
129 : 609 333 45 29 0
130 : 663 81 20 66 1
131 : 239 223 23 57 1
132 : 751 333 45 29 0
133 : 707 296 51 25 0
134 : 0 296 25 52 1
135 : 804 143 20 63 1
136 : 482 84 69 19 0
137 : 480 370 44 29 0
138 : 705 333 28 46 1
139 : 60 260 23 56 1
140 : 819 370 28 45 1
141 : 758 296 26 50 1
142 : 551 436 37 34 0
143 : 732 80 65 20 0
144 : 411 333 28 46 1
145 : 551 84 65 19 0
146 : 544 223 56 23 0
147 : 385 370 46 27 0
148 : 205 370 28 45 1
149 : 276 333 47 27 0
150 : 958 403 38 33 0
151 : 578 370 45 28 0
152 : 867 143 64 19 0
153 : 808 296 24 52 1
154 : 404 43 18 68 1
155 : 147 436 40 31 0
156 : 671 370 46 27 0
157 : 672 183 20 61 1
158 : 501 470 32 38 1
159 : 860 296 52 24 0
160 : 463 470 38 32 0
161 : 963 436 34 36 1
162 : 368 436 30 41 1
163 : 187 436 44 27 0
164 : 229 470 31 39 1
165 : 796 183 20 61 1
166 : 894 536 33 36 1
167 : 864 370 26 47 1
168 : 623 370 48 25 0
169 : 468 502 32 37 1
170 : 857 183 62 19 0
171 : 328 436 31 40 1
172 : 240 403 28 44 1
173 : 290 370 48 25 0
174 : 804 163 19 63 1
175 : 338 370 47 26 0
176 : 227 502 40 30 0
177 : 48 403 46 26 0
178 : 964 370 36 33 0
179 : 89 502 40 30 0
180 : 600 223 20 59 1
181 : 357 502 34 35 1
182 : 392 502 37 32 0
183 : 461 436 28 43 1
184 : 168 536 33 36 1
185 : 489 403 26 46 1
186 : 817 223 21 58 1
187 : 830 470 29 41 1
188 : 0 370 24 49 1
189 : 52 502 33 37 1
190 : 88 536 32 37 1
191 : 51 536 37 32 0
192 : 612 260 56 21 0
193 : 0 85 65 18 0
194 : 457 333 23 51 1
195 : 508 333 23 51 1
196 : 890 502 30 39 1
197 : 559 333 50 24 0
198 : 56 333 52 23 0
199 : 803 502 37 32 0
200 : 654 333 51 23 0
201 : 129 502 27 43 1
202 : 764 502 30 39 1
203 : 0 403 48 24 0
204 : 786 260 56 21 0
205 : 94 403 25 47 1
206 : 431 370 24 49 1
207 : 679 502 38 31 0
208 : 672 203 19 61 1
209 : 373 569 33 35 1
210 : 857 202 59 20 0
211 : 141 403 25 47 1
212 : 408 569 31 37 1
213 : 314 502 27 43 1
214 : 738 436 25 45 1
215 : 867 162 18 64 1
216 : 783 436 27 43 1
217 : 826 436 27 43 1
218 : 587 569 36 32 0
219 : 505 502 30 39 1
220 : 0 260 60 19 0
221 : 284 403 24 48 1
222 : 920 436 27 43 1
223 : 796 203 61 19 0
224 : 921 241 60 19 0
225 : 623 569 29 39 1
226 : 429 502 30 39 1
227 : 504 436 24 47 1
228 : 98 470 26 44 1
229 : 142 470 26 44 1
230 : 413 201 60 19 0
231 : 155 370 50 23 0
232 : 0 333 56 20 0
233 : 186 470 43 27 0
234 : 761 569 29 39 1
235 : 153 296 57 20 0
236 : 774 44 65 17 0
237 : 888 333 21 53 1
238 : 768 370 51 22 0
239 : 413 183 18 64 1
240 : 231 436 47 24 0
241 : 717 370 51 22 0
242 : 733 183 63 18 0
243 : 670 602 30 37 1
244 : 268 470 24 46 1
245 : 851 536 26 43 1
246 : 0 633 31 36 1
247 : 690 436 48 23 0
248 : 365 470 46 24 0
249 : 757 223 19 60 1
250 : 744 602 31 36 1
251 : 619 633 31 36 1
252 : 849 569 28 40 1
253 : 732 470 46 24 0
254 : 891 260 58 19 0
255 : 666 536 26 43 1
256 : 578 536 27 42 1
257 : 921 223 18 61 1
258 : 889 569 40 28 0
259 : 826 602 30 37 1
260 : 929 569 28 40 1
261 : 539 470 46 24 0
262 : 316 312 54 21 0
263 : 535 536 26 43 1
264 : 207 664 33 34 1
265 : 131 664 35 32 0
266 : 848 633 36 31 0
267 : 392 536 25 44 1
268 : 908 602 30 37 1
269 : 0 602 27 41 1
270 : 585 470 23 47 1
271 : 251 44 64 17 0
272 : 125 536 26 43 1
273 : 733 201 17 63 1
274 : 41 602 27 41 1
275 : 590 502 44 25 0
276 : 728 260 58 19 0
277 : 967 664 33 33 0
278 : 204 536 44 25 0
279 : 0 436 49 22 0
280 : 81 633 29 38 1
281 : 535 403 50 22 0
282 : 438 403 51 21 0
283 : 707 602 30 37 1
284 : 442 633 31 36 1
285 : 405 633 30 37 1
286 : 190 43 18 61 1
287 : 757 536 24 45 1
288 : 82 602 25 43 1
289 : 199 633 40 27 0
290 : 125 602 26 42 1
291 : 377 313 20 55 1
292 : 159 633 40 27 0
293 : 473 664 30 36 1
294 : 358 664 34 32 0
295 : 436 664 29 37 1
296 : 282 633 39 28 0
297 : 49 436 48 23 0
298 : 485 727 32 33 1
299 : 119 633 40 27 0
300 : 634 502 24 45 1
301 : 167 602 24 44 1
302 : 0 470 23 47 1
303 : 476 697 29 37 1
304 : 49 370 20 53 1
305 : 297 697 27 39 1
306 : 92 312 19 56 1
307 : 248 536 45 24 0
308 : 280 664 37 29 0
309 : 757 242 18 60 1
310 : 0 697 30 36 1
311 : 711 664 37 29 0
312 : 259 602 24 44 1
313 : 513 697 27 39 1
314 : 0 664 26 41 1
315 : 544 502 23 46 1
316 : 930 536 46 23 0
317 : 632 470 48 22 0
318 : 201 166 61 17 0
319 : 395 260 61 17 0
320 : 303 602 23 45 1
321 : 364 633 26 41 1
322 : 267 502 23 47 1
323 : 278 436 50 21 0
324 : 675 697 39 27 0
325 : 97 436 50 21 0
326 : 188 403 52 20 0
327 : 332 403 52 20 0
328 : 919 183 17 63 1
329 : 509 664 37 29 0
330 : 668 260 17 60 1
331 : 377 296 17 60 1
332 : 546 664 27 39 1
333 : 668 277 18 59 1
334 : 620 536 23 46 1
335 : 827 727 32 33 1
336 : 348 602 24 44 1
337 : 97 569 23 45 1
338 : 166 664 26 41 1
339 : 289 727 30 35 1
340 : 640 436 50 21 0
341 : 133 759 34 31 0
342 : 749 403 52 20 0
343 : 961 697 36 29 0
344 : 792 664 41 25 0
345 : 241 664 27 39 1
346 : 142 569 23 45 1
347 : 364 759 26 39 1
348 : 629 727 30 35 1
349 : 594 727 35 30 0
350 : 321 633 24 43 1
351 : 860 727 37 28 0
352 : 437 314 18 58 1
353 : 552 697 26 40 1
354 : 167 759 27 38 1
355 : 88 664 24 43 1
356 : 403 759 32 33 1
357 : 187 569 24 44 1
358 : 912 312 19 55 1
359 : 518 727 37 28 0
360 : 437 296 18 59 1
361 : 102 370 53 20 0
362 : 167 727 28 37 1
363 : 286 759 28 37 1
364 : 436 536 22 47 1
365 : 324 727 27 38 1
366 : 213 697 40 26 0
367 : 524 370 19 54 1
368 : 0 279 60 17 0
369 : 247 759 26 39 1
370 : 330 791 28 36 1
371 : 884 633 42 25 0
372 : 709 536 21 48 1
373 : 972 296 28 37 0
374 : 925 697 29 36 1
375 : 239 633 43 24 0
376 : 45 727 37 28 0
377 : 796 333 55 19 0
378 : 231 569 22 46 1
379 : 123 823 28 36 1
380 : 409 436 52 19 0
381 : 446 727 26 39 1
382 : 969 569 31 33 0
383 : 555 727 26 39 1
384 : 749 727 37 28 0
385 : 0 127 63 16 0
386 : 717 502 47 22 0
387 : 906 403 52 20 0
388 : 551 260 17 61 1
389 : 592 697 24 42 1
390 : 634 697 25 41 1
391 : 538 791 33 31 0
392 : 571 791 32 32 0
393 : 796 352 18 55 1
394 : 646 791 35 29 0
395 : 853 403 53 19 0
396 : 714 697 25 41 1
397 : 853 45 63 16 0
398 : 863 791 32 32 0
399 : 210 296 17 60 1
400 : 927 791 37 27 0
401 : 206 791 27 37 1
402 : 389 853 30 33 1
403 : 579 602 43 24 0
404 : 763 791 34 30 0
405 : 317 664 25 41 1
406 : 801 403 52 20 0
407 : 797 791 33 31 0
408 : 195 853 33 30 0
409 : 871 470 50 20 0
410 : 805 697 25 40 1
411 : 830 791 33 31 0
412 : 845 697 38 27 0
413 : 921 470 20 50 1
414 : 36 633 45 22 0
415 : 895 791 32 32 0
416 : 436 759 26 39 1
417 : 36 697 42 24 0
418 : 418 87 63 16 0
419 : 293 536 48 21 0
420 : 92 296 16 61 1
421 : 48 823 38 26 0
422 : 585 664 25 41 1
423 : 964 791 28 36 1
424 : 897 727 26 39 1
425 : 911 370 19 53 1
426 : 63 127 63 16 0
427 : 478 633 23 44 1
428 : 441 602 21 47 1
429 : 630 759 37 27 0
430 : 86 823 37 27 0
431 : 114 853 29 34 1
432 : 159 823 28 36 1
433 : 362 727 25 40 1
434 : 195 823 30 34 1
435 : 229 823 36 28 0
436 : 626 664 23 43 1
437 : 78 853 36 27 0
438 : 50 569 21 47 1
439 : 669 664 24 42 1
440 : 551 277 16 61 1
441 : 516 759 25 39 1
442 : 395 277 61 16 0
443 : 555 759 38 26 0
444 : 488 602 23 44 1
445 : 935 823 30 33 1
446 : 982 183 63 16 1
447 : 912 296 60 16 0
448 : 862 823 30 33 1
449 : 780 602 46 21 0
450 : 277 569 21 47 1
451 : 863 602 22 45 1
452 : 593 759 27 37 1
453 : 125 727 23 42 1
454 : 585 403 18 54 1
455 : 802 536 49 20 0
456 : 445 569 20 48 1
457 : 493 569 21 47 1
458 : 827 823 28 35 1
459 : 323 759 24 41 1
460 : 786 727 41 24 0
461 : 924 664 43 23 0
462 : 540 569 21 47 1
463 : 667 759 27 37 1
464 : 869 436 19 51 1
465 : 588 436 19 52 1
466 : 704 759 24 40 1
467 : 635 823 28 35 1
468 : 750 884 32 30 0
469 : 602 823 30 33 1
470 : 0 759 23 42 1
471 : 47 470 19 51 1
472 : 475 759 41 24 0
473 : 411 823 27 36 1
474 : 376 823 28 35 1
475 : 787 759 25 39 1
476 : 664 727 41 24 0
477 : 826 759 25 39 1
478 : 0 353 56 17 0
479 : 936 727 23 42 1
480 : 728 279 17 55 1
481 : 343 823 30 33 1
482 : 891 279 17 55 1
483 : 99 206 16 59 1
484 : 205 759 23 42 1
485 : 384 403 54 18 0
486 : 909 759 26 38 1
487 : 314 470 51 19 0
488 : 253 697 44 22 0
489 : 316 296 61 16 0
490 : 392 664 44 22 0
491 : 935 884 28 34 1
492 : 883 697 23 42 1
493 : 947 759 25 39 1
494 : 663 853 37 26 0
495 : 775 853 31 31 0
496 : 210 313 16 60 1
497 : 722 791 23 41 1
498 : 211 602 48 20 0
499 : 628 853 28 35 1
500 : 968 823 30 32 1
501 : 0 791 40 24 0
502 : 411 470 52 18 0
503 : 600 243 57 17 0
504 : 40 791 25 39 1
505 : 247 727 23 42 1
506 : 833 664 21 45 1
507 : 392 602 49 19 0
508 : 624 915 31 30 0
509 : 748 664 22 44 1
510 : 79 791 23 41 1
511 : 40 853 38 25 0
512 : 486 823 25 38 1
513 : 153 316 57 17 0
514 : 133 884 26 36 1
515 : 837 915 28 33 1
516 : 165 791 23 41 1
517 : 840 502 50 19 0
518 : 34 915 27 35 1
519 : 106 915 27 35 1
520 : 265 823 24 39 1
521 : 843 853 28 34 1
522 : 213 206 17 57 1
523 : 572 633 20 47 1
524 : 364 884 26 36 1
525 : 674 884 37 25 0
526 : 169 697 22 44 1
527 : 289 791 41 23 0
528 : 447 823 39 24 0
529 : 639 403 17 55 1
530 : 789 823 25 38 1
531 : 929 502 50 19 0
532 : 0 536 18 51 1
533 : 0 884 29 33 1
534 : 172 945 31 30 0
535 : 33 884 29 33 1
536 : 102 884 31 31 0
537 : 0 569 50 19 0
538 : 324 569 49 19 0
539 : 805 915 32 29 0
540 : 304 823 24 39 1
541 : 42 759 22 43 1
542 : 124 697 45 21 0
543 : 0 915 34 28 0
544 : 41 664 47 20 0
545 : 366 791 22 42 1
546 : 408 791 22 42 1
547 : 524 823 25 38 1
548 : 694 403 17 55 1
549 : 78 697 20 46 1
550 : 709 823 39 24 0
551 : 496 791 22 42 1
552 : 878 664 20 46 1
553 : 680 470 52 18 0
554 : 969 884 30 31 0
555 : 485 915 34 27 0
556 : 491 884 34 28 0
557 : 525 884 37 25 0
558 : 599 884 28 34 1
559 : 622 602 48 19 0
560 : 681 791 23 41 1
561 : 695 915 29 32 1
562 : 898 884 37 25 0
563 : 926 633 47 20 0
564 : 705 727 21 44 1
565 : 817 244 57 16 0
566 : 139 945 28 33 1
567 : 269 853 39 24 0
568 : 349 853 40 23 0
569 : 907 915 28 33 1
570 : 0 945 29 32 1
571 : 532 602 47 20 0
572 : 916 853 25 37 1
573 : 953 853 35 27 0
574 : 422 853 23 40 1
575 : 547 853 24 39 1
576 : 128 46 15 60 1
577 : 66 884 26 36 1
578 : 234 945 26 35 1
579 : 217 915 27 34 1
580 : 290 915 26 35 1
581 : 778 470 52 18 0
582 : 332 46 60 15 0
583 : 169 884 38 24 0
584 : 251 884 38 24 0
585 : 326 884 38 24 0
586 : 971 470 29 32 0
587 : 0 727 45 20 0
588 : 172 517 18 51 1
589 : 82 727 22 43 1
590 : 697 46 60 15 0
591 : 662 569 49 19 0
592 : 711 569 18 50 1
593 : 203 945 31 30 0
594 : 782 884 25 37 1
595 : 819 884 38 24 0
596 : 204 727 43 22 0
597 : 562 823 40 23 0
598 : 945 602 20 47 1
599 : 341 536 51 18 0
600 : 69 915 37 25 0
601 : 670 823 39 24 0
602 : 141 915 26 36 1
603 : 700 853 25 37 1
604 : 737 853 24 38 1
605 : 336 945 33 27 0
606 : 107 945 29 32 1
607 : 801 633 20 47 1
608 : 806 853 25 37 1
609 : 748 823 22 41 1
610 : 269 945 31 30 0
611 : 589 915 35 26 0
612 : 877 853 23 39 1
613 : 753 633 19 48 1
614 : 402 727 21 44 1
615 : 800 569 49 19 0
616 : 895 823 23 40 1
617 : 558 168 15 59 1
618 : 771 915 27 34 1
619 : 0 853 23 40 1
620 : 519 915 26 35 1
621 : 603 791 21 43 1
622 : 705 633 19 48 1
623 : 544 945 31 29 0
624 : 610 945 31 29 0
625 : 554 915 26 35 1
626 : 744 759 43 21 0
627 : 0 502 52 18 0
628 : 289 884 25 37 1
629 : 870 915 37 24 0
630 : 228 853 41 22 0
631 : 32 945 33 28 0
632 : 443 945 28 32 1
633 : 336 697 20 46 1
634 : 308 853 41 22 0
635 : 865 759 44 20 0
636 : 562 884 25 37 1
637 : 382 697 19 47 1
638 : 511 945 27 33 1
639 : 633 884 41 21 0
640 : 940 915 37 24 0
641 : 429 697 47 19 0
642 : 711 884 39 23 0
643 : 86 975 27 32 1
644 : 685 945 35 25 0
645 : 720 945 26 34 1
646 : 462 853 42 21 0
647 : 935 945 27 32 1
648 : 475 945 36 24 0
649 : 381 975 27 32 1
650 : 967 945 32 27 0
651 : 404 915 22 39 1
652 : 504 853 20 43 1
653 : 402 1004 30 28 0
654 : 592 975 32 27 0
655 : 655 633 50 17 0
656 : 857 884 21 41 1
657 : 586 853 42 21 0
658 : 0 520 52 16 0
659 : 483 536 17 52 1
660 : 575 945 35 25 0
661 : 120 791 19 45 1
662 : 562 975 29 30 1
663 : 325 915 22 39 1
664 : 529 975 33 26 0
665 : 497 975 27 32 1
666 : 267 975 32 27 0
667 : 373 1004 29 29 0
668 : 177 915 21 40 1
669 : 300 945 36 24 0
670 : 754 945 35 24 0
671 : 369 945 23 37 1
672 : 251 915 22 39 1
673 : 522 633 17 50 1
674 : 406 945 23 37 1
675 : 624 975 26 32 1
676 : 364 915 40 21 0
677 : 828 945 36 23 0
678 : 864 945 23 36 1
679 : 483 553 16 52 1
680 : 900 945 35 24 0
681 : 656 975 24 34 1
682 : 243 791 18 46 1
683 : 293 128 57 15 0
684 : 690 975 35 23 0
685 : 726 128 57 15 0
686 : 655 915 40 21 0
687 : 725 975 24 34 1
688 : 759 975 28 30 1
689 : 789 975 23 35 1
690 : 888 354 52 16 0
691 : 612 281 56 15 0
692 : 450 791 46 18 0
693 : 265 1004 30 28 0
694 : 472 1004 28 29 0
695 : 85 759 17 48 1
696 : 172 502 15 55 1
697 : 695 420 52 16 0
698 : 239 246 57 14 0
699 : 297 89 56 14 0
700 : 786 281 15 56 1
701 : 158 975 23 36 1
702 : 639 420 56 15 0
703 : 755 697 16 50 1
704 : 865 975 25 33 1
705 : 194 975 37 22 0
706 : 231 975 36 23 0
707 : 898 975 33 25 0
708 : 973 633 31 26 1
709 : 0 1004 35 23 0
710 : 35 1004 36 22 0
711 : 71 1004 23 35 1
712 : 976 536 24 33 0
713 : 409 455 52 15 0
714 : 161 1033 26 30 1
715 : 188 1004 35 23 0
716 : 838 129 56 14 0
717 : 500 1004 30 27 0
718 : 980 143 20 40 0
719 : 530 1004 33 24 0
720 : 207 884 44 18 0
721 : 563 1004 31 26 0
722 : 65 945 42 19 0
723 : 457 356 56 14 0
724 : 337 1004 36 22 0
725 : 789 945 20 39 1
726 : 191 1033 31 25 0
727 : 544 246 14 56 1
728 : 594 1004 22 35 1
729 : 979 333 21 36 0
730 : 973 975 27 29 0
731 : 384 421 53 15 0
732 : 671 1004 35 22 0
733 : 443 915 42 19 0
734 : 0 1060 27 28 1
735 : 222 1033 34 22 0
736 : 256 1033 31 25 0
737 : 784 1004 21 36 1
738 : 287 1033 31 25 0
739 : 0 823 16 48 1
740 : 400 884 17 45 1
741 : 855 1033 28 27 0
742 : 883 1033 29 26 0
743 : 912 1033 30 25 0
744 : 942 1033 25 30 1
745 : 431 1033 33 23 0
746 : 40 1033 37 20 0
747 : 972 1033 27 28 1
748 : 502 1033 22 34 1
749 : 748 1033 21 35 1
750 : 574 1033 34 22 0
751 : 28 1060 25 30 1
752 : 644 1033 33 23 0
753 : 58 1060 27 28 1
754 : 714 1033 34 22 0
755 : 858 1004 37 20 0
756 : 221 1060 23 32 1
757 : 445 884 16 46 1
758 : 281 1087 27 27 0
759 : 455 1060 23 32 1
760 : 706 1004 20 37 1
761 : 148 853 16 47 1
762 : 253 1060 22 33 1
763 : 118 975 40 19 0
764 : 85 776 48 15 0
765 : 189 1060 32 23 0
766 : 122 1060 32 23 0
767 : 56 356 52 14 0
768 : 843 1060 22 33 1
769 : 411 488 14 52 1
770 : 654 356 14 51 1
771 : 357 1033 36 20 0
772 : 727 915 44 17 0
773 : 413 975 42 17 0
774 : 585 421 48 15 0
775 : 971 1060 29 25 0
776 : 591 1060 34 21 0
777 : 299 975 18 41 1
778 : 340 975 18 41 1
779 : 487 1060 24 31 1
780 : 911 389 53 14 0
781 : 422 1060 33 22 0
782 : 432 1004 40 18 0
783 : 107 1087 27 27 0
784 : 820 1004 38 19 0
785 : 318 1060 32 23 0
786 : 809 1060 34 21 0
787 : 680 488 52 14 0
788 : 518 1060 21 34 1
789 : 876 1060 22 33 1
790 : 736 1060 21 34 1
791 : 286 1060 32 23 0
792 : 978 727 22 32 0
793 : 368 1087 30 24 0
794 : 824 975 17 41 1
795 : 0 588 14 50 1
796 : 820 1033 35 21 0
797 : 308 1087 25 29 1
798 : 445 900 46 15 0
799 : 608 1033 20 36 1
800 : 943 1060 28 26 0
801 : 979 502 34 21 1
802 : 677 1033 19 37 1
803 : 536 1033 18 38 1
804 : 937 1004 18 39 1
805 : 128 1114 23 30 1
806 : 588 455 15 48 1
807 : 106 1004 17 41 1
808 : 189 1114 31 22 0
809 : 522 650 50 14 0
810 : 909 1060 34 20 0
811 : 455 975 17 42 1
812 : 188 423 52 13 0
813 : 337 1087 31 23 0
814 : 147 1004 41 17 0
815 : 350 1060 20 35 1
816 : 256 1114 21 32 1
817 : 783 1033 37 19 0
818 : 0 1033 40 17 0
819 : 655 650 14 50 1
820 : 397 1114 31 22 0
821 : 641 945 16 44 1
822 : 43 975 16 43 1
823 : 0 975 16 43 1
824 : 492 1114 24 28 1
825 : 721 1087 26 27 0
826 : 976 1004 29 24 1
827 : 668 1114 28 24 0
828 : 906 1114 26 26 0
829 : 154 1060 20 35 1
830 : 464 1114 24 28 1
831 : 332 423 13 52 1
832 : 47 489 13 51 1
833 : 385 1060 18 37 1
834 : 950 1087 22 31 1
835 : 931 975 16 42 1
836 : 86 1060 19 36 1
837 : 929 521 15 44 1
838 : 0 1114 32 21 0
839 : 97 1114 31 22 0
840 : 436 1087 19 35 1
841 : 977 915 30 23 1
842 : 778 488 47 14 0
843 : 788 1114 23 29 1
844 : 964 1114 27 25 0
845 : 158 1114 31 22 0
846 : 699 1060 18 37 1
847 : 0 839 48 14 0
848 : 743 1004 41 16 0
849 : 846 1114 28 24 0
850 : 464 1033 18 38 1
851 : 318 1033 17 39 1
852 : 94 1140 27 25 0
853 : 625 1060 36 19 0
854 : 248 1140 28 24 0
855 : 853 422 14 47 1
856 : 65 1114 21 32 1
857 : 559 357 50 13 0
858 : 393 1033 38 18 0
859 : 276 1140 28 24 0
860 : 760 1114 28 24 0
861 : 477 209 14 48 1
862 : 223 1004 16 42 1
863 : 524 389 14 48 1
864 : 0 554 15 43 1
865 : 186 1140 24 28 1
866 : 63 1140 31 21 0
867 : 578 1114 31 21 0
868 : 513 356 14 46 1
869 : 454 1140 25 26 1
870 : 653 1087 33 20 0
871 : 372 1140 24 27 1
872 : 399 1140 26 25 0
873 : 609 1114 29 23 0
874 : 36 1087 36 18 0
875 : 816 1087 34 19 0
876 : 295 1004 42 16 0
877 : 601 1140 28 23 0
878 : 817 1114 23 29 1
879 : 850 1087 20 33 1
880 : 520 1114 27 25 0
881 : 846 1140 27 24 0
882 : 696 1114 31 21 0
883 : 883 1087 34 19 0
884 : 917 1087 20 33 1
885 : 935 1140 27 24 0
886 : 72 1087 35 19 0
887 : 0 1140 30 22 0
888 : 840 521 15 44 1
889 : 638 1114 22 30 1
890 : 32 1114 33 20 0
891 : 171 1087 35 19 0
892 : 895 1004 15 42 1
893 : 30 1165 26 25 0
894 : 56 1165 21 30 1
895 : 86 1165 25 26 1
896 : 145 1165 27 24 0
897 : 172 1165 28 23 0
898 : 552 1060 16 39 1
899 : 314 489 13 51 1
900 : 66 48 13 51 1
901 : 785 1140 30 21 0
902 : 341 554 43 15 0
903 : 400 901 14 45 1
904 : 547 1114 31 21 0
905 : 869 455 44 15 0
906 : 583 1087 18 35 1
907 : 200 1165 27 23 0
908 : 618 1087 18 35 1
909 : 227 1165 24 26 1
910 : 253 1165 24 26 1
911 : 514 1140 22 29 1
912 : 543 1140 23 28 1
913 : 0 1087 36 18 0
914 : 686 1087 35 18 0
915 : 874 1114 32 20 0
916 : 571 1140 21 30 1
917 : 425 1140 29 22 0
918 : 279 1165 28 22 0
919 : 662 1140 25 26 1
920 : 30 1140 33 19 0
921 : 688 1140 29 22 0
922 : 307 1165 24 26 1
923 : 121 1140 19 33 1
924 : 333 1165 28 22 0
925 : 747 1087 34 19 0
926 : 815 1140 31 20 0
927 : 697 1165 23 27 1
928 : 781 1087 35 18 0
929 : 671 1165 26 24 0
930 : 589 1165 24 26 1
931 : 661 1060 17 38 1
932 : 533 1165 24 26 1
933 : 77 1033 15 42 1
934 : 134 1087 37 17 0
935 : 724 1165 27 23 0
936 : 629 1004 15 42 1
937 : 770 1060 16 39 1
938 : 206 1087 37 17 0
939 : 389 1165 23 27 1
940 : 243 1087 38 16 0
941 : 119 1033 42 15 0
942 : 505 1165 28 22 0
943 : 41 684 13 47 1
944 : 154 1140 20 32 1
945 : 646 1165 25 25 0
946 : 214 1140 34 18 0
947 : 873 1140 32 19 0
948 : 711 587 15 42 1
949 : 905 1140 30 21 0
950 : 148 869 15 42 1
951 : 962 1140 32 19 0
952 : 398 1087 38 16 0
953 : 0 1165 30 21 0
954 : 445 589 48 13 0
955 : 471 1087 37 17 0
956 : 361 1165 28 22 0
957 : 932 1114 32 20 0
958 : 220 1114 36 17 0
959 : 508 1087 37 17 0
960 : 727 1114 19 33 1
961 : 416 1165 20 30 1
962 : 446 1165 29 21 0
963 : 913 1165 25 24 0
964 : 58 1190 23 26 1
965 : 112 1165 18 33 1
966 : 288 1114 36 17 0
967 : 780 1165 21 28 1
968 : 808 1165 26 23 0
969 : 834 1165 25 24 0
970 : 324 1114 37 16 0
971 : 361 1114 36 17 0
972 : 559 1165 20 30 1
973 : 338 1140 18 34 1
974 : 859 1165 23 26 1
975 : 966 1165 21 28 1
976 : 304 1140 34 18 0
977 : 545 1087 38 16 0
978 : 428 1114 17 36 1
979 : 751 1165 29 21 0
980 : 113 1190 26 23 0
981 : 480 1140 17 34 1
982 : 938 1165 28 21 0
983 : 629 1140 33 18 0
984 : 885 1165 28 21 0
985 : 717 1140 17 34 1
986 : 475 1165 30 20 0
987 : 224 1190 29 20 0
988 : 0 1190 21 28 1
989 : 28 1190 30 19 0
990 : 253 1190 24 24 0
991 : 751 1140 34 17 0
992 : 84 1190 20 29 1
993 : 615 1165 31 19 0
994 : 277 1190 24 24 0
995 : 139 1190 21 28 1
996 : 167 1190 30 19 0
997 : 301 1190 28 20 0
998 : 197 1190 22 27 1
999 : 207 902 13 44 1
