300 567
0 : 90 384 90 36 0
1 : 285 384 79 15 1
2 : 202 312 90 36 0
3 : 0 95 244 70 0
4 : 80 552 39 15 0
5 : 0 249 55 15 0
6 : 224 492 53 14 0
7 : 0 456 90 36 0
8 : 90 492 80 32 0
9 : 0 348 101 36 0
10 : 101 213 62 31 0
11 : 99 528 40 16 0
12 : 197 552 38 15 0
13 : 139 528 24 32 1
14 : 0 0 300 95 0
15 : 209 165 80 32 0
16 : 235 552 38 15 0
17 : 171 528 40 16 0
18 : 0 165 209 33 0
19 : 0 276 101 36 0
20 : 52 528 47 15 0
21 : 211 528 40 16 0
22 : 244 95 60 24 1
23 : 0 384 90 36 0
24 : 158 552 39 15 0
25 : 119 552 39 15 0
26 : 170 506 51 15 0
27 : 0 552 40 15 0
28 : 101 312 101 36 0
29 : 241 198 60 18 1
30 : 55 249 55 15 0
31 : 283 95 60 15 1
32 : 268 95 66 15 1
33 : 251 528 24 32 1
34 : 180 384 90 36 0
35 : 110 249 51 18 0
36 : 191 348 90 36 0
37 : 0 420 90 36 0
38 : 259 198 60 18 1
39 : 90 420 90 36 0
40 : 283 528 17 16 0
41 : 277 198 59 14 1
42 : 0 198 163 15 0
43 : 101 276 101 36 0
44 : 180 420 90 36 0
45 : 0 528 52 15 0
46 : 90 456 90 36 0
47 : 221 506 50 15 0
48 : 40 552 40 15 0
49 : 170 492 54 14 0
50 : 0 312 101 36 0
51 : 180 456 90 36 0
52 : 0 213 101 36 0
53 : 0 492 90 36 0
54 : 163 198 78 78 0
55 : 202 276 90 36 0
56 : 101 348 90 36 0
57 : 270 384 80 15 1
