200 302
0 : 56 87 66 25 0
1 : 0 238 14 30 1
2 : 102 257 18 14 0
3 : 0 117 43 34 0
4 : 122 50 59 30 0
5 : 19 286 10 16 1
6 : 47 257 8 33 1
7 : 83 151 22 47 1
8 : 29 257 18 16 0
9 : 148 238 26 13 0
10 : 56 238 24 17 0
11 : 128 286 26 4 0
12 : 138 273 7 28 1
13 : 101 238 26 14 0
14 : 122 87 30 51 1
15 : 130 151 39 25 0
16 : 120 296 7 3 0
17 : 0 286 19 9 0
18 : 35 286 25 6 0
19 : 114 286 8 14 1
20 : 43 117 18 78 1
21 : 168 257 14 17 1
22 : 0 191 62 12 0
23 : 0 176 15 64 1
24 : 0 296 16 5 0
25 : 120 191 46 13 0
26 : 93 191 27 26 0
27 : 125 176 12 63 1
28 : 138 257 30 8 0
29 : 0 0 36 91 1
30 : 62 191 23 31 1
31 : 154 286 8 13 1
32 : 116 273 22 9 0
33 : 113 217 9 50 1
34 : 61 296 14 4 0
35 : 60 286 8 16 1
36 : 80 257 22 12 0
37 : 0 50 57 37 0
38 : 93 296 7 6 0
39 : 163 217 12 36 1
40 : 0 257 11 29 1
41 : 0 87 30 56 1
42 : 91 0 50 62 1
43 : 64 176 61 13 0
44 : 105 296 4 7 1
45 : 0 273 7 33 1
46 : 30 238 16 26 1
47 : 27 217 12 46 1
48 : 0 217 21 27 1
49 : 57 50 28 65 1
50 : 127 296 4 4 0
51 : 166 273 9 19 1
52 : 73 217 40 13 0
53 : 76 286 6 19 1
54 : 174 238 15 22 1
55 : 166 191 19 31 1
56 : 127 238 21 17 0
57 : 100 296 5 6 0
58 : 16 296 5 15 1
59 : 70 273 30 7 0
60 : 95 286 6 19 1
61 : 167 286 8 12 1
62 : 179 286 11 8 0
63 : 80 238 19 21 1
64 : 120 257 18 14 0
65 : 31 296 3 20 1
66 : 75 296 18 3 0
67 : 0 151 83 16 0
68 : 100 273 16 13 0
69 : 131 296 2 7 1
70 : 51 296 6 10 1
71 : 33 273 37 6 0
72 : 112 296 8 3 0
