92 199
0 : 45 173 11 9 1
1 : 91 50 1 1 0
2 : 66 160 9 11 0
3 : 63 173 1 29 1
4 : 75 160 9 11 0
5 : 37 50 19 15 0
6 : 50 0 50 29 1
7 : 29 198 1 19 1
8 : 0 50 18 18 0
9 : 21 160 12 45 1
10 : 56 50 19 15 0
11 : 75 50 14 12 1
12 : 0 173 12 45 1
13 : 31 147 27 13 0
14 : 79 0 43 13 1
15 : 19 119 55 13 0
16 : 0 147 31 13 0
17 : 18 50 19 15 0
18 : 0 185 11 79 1
19 : 0 0 50 50 0
20 : 0 196 2 37 1
21 : 33 134 31 13 0
22 : 0 68 92 17 0
23 : 0 160 21 13 0
24 : 54 173 11 9 1
25 : 0 134 33 13 0
26 : 64 134 28 13 0
27 : 0 198 1 29 1
28 : 79 185 13 10 0
29 : 58 147 27 13 0
30 : 0 85 17 88 1
31 : 0 119 19 15 0
32 : 48 198 1 19 1
33 : 0 102 86 17 0
34 : 37 196 1 48 1
35 : 88 85 4 6 0
36 : 74 119 13 10 1
37 : 87 50 4 6 0
