200 264
0 : 122 68 66 25 0
1 : 27 195 14 30 1
2 : 86 233 18 14 0
3 : 64 135 43 34 0
4 : 0 105 59 30 0
5 : 190 233 10 16 0
6 : 120 195 8 33 1
7 : 123 169 22 47 1
8 : 50 233 18 16 0
9 : 55 216 26 13 0
10 : 153 195 24 17 0
11 : 151 233 26 4 0
12 : 0 233 7 28 1
13 : 0 216 26 14 0
14 : 115 105 30 51 1
15 : 161 50 39 25 0
16 : 36 258 7 3 0
17 : 0 249 19 9 0
18 : 126 233 25 6 0
19 : 92 249 8 14 1
20 : 83 50 18 78 1
21 : 184 216 14 17 0
22 : 0 169 62 12 0
23 : 0 135 15 64 1
24 : 119 249 16 5 0
25 : 153 0 46 13 1
26 : 170 169 27 26 0
27 : 107 135 12 63 1
28 : 102 216 30 8 0
29 : 0 0 36 91 1
30 : 170 135 23 31 0
31 : 106 249 8 13 1
32 : 104 233 22 9 0
33 : 166 0 9 50 0
34 : 0 258 14 4 0
35 : 76 249 8 16 1
36 : 28 233 22 12 0
37 : 0 68 57 37 0
38 : 24 258 7 6 0
39 : 188 68 12 36 0
40 : 26 216 11 29 1
41 : 59 105 30 56 1
42 : 91 0 50 62 1
43 : 62 169 61 13 0
44 : 191 249 4 7 0
45 : 193 135 7 33 0
46 : 94 195 16 26 1
47 : 175 0 12 46 0
48 : 0 195 21 27 1
49 : 57 68 28 65 1
50 : 43 258 4 4 0
51 : 19 249 9 19 1
52 : 187 0 40 13 1
53 : 38 249 6 19 1
54 : 162 216 15 22 1
55 : 166 105 19 31 1
56 : 81 216 21 17 0
57 : 31 258 5 6 0
58 : 153 249 5 15 1
59 : 132 216 30 7 0
60 : 57 249 6 19 1
61 : 168 249 8 12 1
62 : 180 249 11 8 0
63 : 177 195 19 21 0
64 : 68 233 18 14 0
65 : 196 195 3 20 0
66 : 135 249 18 3 0
67 : 0 50 83 16 0
68 : 177 233 16 13 1
69 : 198 249 2 7 0
70 : 14 258 6 10 1
71 : 57 195 37 6 0
72 : 195 249 8 3 1
