200 228
0 : 0 116 66 25 0
1 : 112 159 14 30 1
2 : 168 159 18 14 0
3 : 119 0 43 34 1
4 : 91 50 59 30 0
5 : 182 175 10 16 1
6 : 146 202 8 33 1
7 : 97 116 22 47 1
8 : 182 141 18 16 0
9 : 0 189 26 13 0
10 : 175 116 24 17 1
11 : 99 222 26 4 0
12 : 129 214 7 28 1
13 : 142 159 26 14 0
14 : 56 86 30 51 1
15 : 150 50 39 25 0
16 : 188 222 7 3 0
17 : 127 202 19 9 0
18 : 0 222 25 6 0
19 : 179 202 8 14 1
20 : 0 141 18 78 1
21 : 18 175 14 17 1
22 : 89 189 62 12 0
23 : 26 159 15 64 1
24 : 63 222 16 5 0
25 : 96 175 46 13 0
26 : 153 0 27 26 1
27 : 26 189 12 63 1
28 : 0 214 30 8 0
29 : 0 50 36 91 1
30 : 66 116 23 31 1
31 : 30 214 8 13 1
32 : 191 86 22 9 1
33 : 58 202 9 50 1
34 : 125 222 14 4 0
35 : 192 116 8 16 0
36 : 36 202 22 12 0
37 : 62 0 57 37 0
38 : 194 214 7 6 1
39 : 0 202 12 36 1
40 : 189 50 11 29 0
41 : 0 86 30 56 1
42 : 0 0 50 62 1
43 : 35 175 61 13 0
44 : 139 222 4 7 1
45 : 66 214 7 33 1
46 : 0 159 16 26 1
47 : 151 189 12 46 1
48 : 179 0 21 27 0
49 : 107 86 28 65 1
50 : 146 222 4 4 0
51 : 108 202 9 19 1
52 : 142 175 40 13 0
53 : 25 222 6 19 1
54 : 90 159 15 22 1
55 : 144 116 19 31 1
56 : 78 141 21 17 0
57 : 94 222 5 6 0
58 : 79 222 5 15 1
59 : 99 214 30 7 0
60 : 44 222 6 19 1
61 : 43 214 8 12 1
62 : 55 214 11 8 0
63 : 172 86 19 21 0
64 : 0 175 18 14 0
65 : 150 222 3 20 1
66 : 170 222 18 3 0
67 : 99 141 83 16 0
68 : 186 159 16 13 1
69 : 198 175 2 7 0
70 : 193 202 6 10 0
71 : 157 214 37 6 0
72 : 197 189 8 3 1
