1000 1377
0 : 0 0 66 61 0
1 : 66 0 62 48 0
2 : 128 0 62 46 0
3 : 190 0 61 43 0
4 : 251 0 39 62 1
5 : 313 0 38 61 0
6 : 351 0 30 71 1
7 : 422 0 56 37 1
8 : 459 0 52 39 1
9 : 498 0 36 55 0
10 : 534 0 74 27 0
11 : 608 0 42 47 0
12 : 650 0 61 32 0
13 : 711 0 58 32 1
14 : 743 0 51 36 1
15 : 779 0 46 40 1
16 : 819 0 79 23 0
17 : 898 0 48 38 1
18 : 0 61 79 23 0
19 : 79 61 30 60 1
20 : 139 61 22 81 1
21 : 220 61 36 49 1
22 : 269 61 25 71 1
23 : 340 61 73 24 0
24 : 413 61 57 31 0
25 : 470 61 72 25 0
26 : 542 61 50 35 0
27 : 592 61 56 31 0
28 : 648 61 33 54 1
29 : 702 61 39 46 1
30 : 748 61 28 63 1
31 : 811 61 77 23 0
32 : 888 61 43 40 0
33 : 931 61 36 48 1
34 : 0 101 56 31 0
35 : 56 101 51 34 0
36 : 107 101 54 32 0
37 : 161 101 44 40 0
38 : 205 101 37 47 1
39 : 252 101 51 34 0
40 : 303 101 48 36 0
41 : 351 101 53 33 0
42 : 404 101 39 45 1
43 : 449 101 34 50 1
44 : 499 101 22 78 1
45 : 577 101 51 33 0
46 : 628 101 29 58 1
47 : 686 101 73 23 0
48 : 759 101 23 73 1
49 : 832 101 37 45 1
50 : 877 101 73 23 0
51 : 950 101 42 40 0
52 : 0 141 26 64 1
53 : 64 141 31 54 1
54 : 118 141 23 72 1
55 : 190 141 79 21 0
56 : 269 141 35 47 1
57 : 316 141 33 50 1
58 : 366 141 39 42 1
59 : 408 141 33 50 1
60 : 458 141 54 30 0
61 : 512 141 60 27 0
62 : 572 141 47 34 0
63 : 619 141 22 73 1
64 : 692 141 49 33 0
65 : 741 141 37 43 1
66 : 784 141 30 52 1
67 : 836 141 67 23 0
68 : 903 141 35 45 1
69 : 0 180 62 25 0
70 : 62 180 24 64 1
71 : 126 180 35 45 1
72 : 171 180 36 43 1
73 : 214 180 26 59 1
74 : 273 180 43 36 0
75 : 316 180 67 23 0
76 : 383 180 34 45 1
77 : 428 180 64 24 0
78 : 492 180 32 48 1
79 : 540 180 30 51 1
80 : 591 180 32 48 1
81 : 639 180 25 61 1
82 : 700 180 55 27 0
83 : 755 180 54 28 0
84 : 809 180 33 46 1
85 : 855 180 31 48 1
86 : 903 180 45 33 0
87 : 948 180 51 29 0
88 : 0 216 43 35 0
89 : 43 216 74 20 0
90 : 117 216 50 29 0
91 : 167 216 40 37 0
92 : 207 216 25 59 1
93 : 266 216 31 47 1
94 : 313 216 30 48 1
95 : 361 216 46 31 0
96 : 407 216 37 39 1
97 : 446 216 37 39 1
98 : 485 216 63 22 0
99 : 548 216 34 42 1
100 : 590 216 26 55 1
101 : 645 216 31 45 1
102 : 690 216 67 21 0
103 : 757 216 23 61 1
104 : 818 216 23 59 1
105 : 877 216 46 30 0
106 : 923 216 62 22 0
107 : 0 253 26 54 1
108 : 54 253 36 39 1
109 : 93 253 59 23 0
110 : 152 253 69 20 0
111 : 221 253 51 27 0
112 : 272 253 31 44 1
113 : 316 253 28 49 1
114 : 365 253 37 37 0
115 : 402 253 34 41 1
116 : 443 253 31 44 1
117 : 487 253 49 28 0
118 : 536 253 65 21 0
119 : 601 253 20 68 1
120 : 669 253 36 38 1
121 : 707 253 55 25 0
122 : 762 253 24 55 1
123 : 817 253 33 40 1
124 : 857 253 70 19 0
125 : 927 253 29 45 1
126 : 0 290 31 43 1
127 : 43 290 57 23 0
128 : 100 290 52 26 0
129 : 152 290 45 29 0
130 : 197 290 20 66 1
131 : 263 290 23 57 1
132 : 320 290 45 29 0
133 : 365 290 51 25 0
134 : 416 290 25 52 1
135 : 468 290 20 63 1
136 : 531 290 69 19 0
137 : 600 290 44 29 0
138 : 644 290 28 46 1
139 : 690 290 23 56 1
140 : 746 290 28 45 1
141 : 791 290 26 50 1
142 : 841 290 37 34 0
143 : 878 290 65 20 0
144 : 943 290 28 46 1
145 : 0 324 65 19 0
146 : 65 324 56 23 0
147 : 121 324 46 27 0
148 : 167 324 28 45 1
149 : 212 324 47 27 0
150 : 259 324 38 33 0
151 : 297 324 45 28 0
152 : 342 324 64 19 0
153 : 406 324 24 52 1
154 : 458 324 18 68 1
155 : 526 324 40 31 0
156 : 566 324 46 27 0
157 : 612 324 20 61 1
158 : 673 324 32 38 1
159 : 711 324 52 24 0
160 : 763 324 38 32 0
161 : 801 324 34 36 1
162 : 837 324 30 41 1
163 : 878 324 44 27 0
164 : 922 324 31 39 1
165 : 0 358 20 61 1
166 : 61 358 33 36 1
167 : 97 358 26 47 1
168 : 144 358 48 25 0
169 : 192 358 32 37 1
170 : 229 358 62 19 0
171 : 291 358 31 40 1
172 : 331 358 28 44 1
173 : 375 358 48 25 0
174 : 423 358 19 63 1
175 : 486 358 47 26 0
176 : 533 358 40 30 0
177 : 573 358 46 26 0
178 : 619 358 36 33 0
179 : 655 358 40 30 0
180 : 695 358 20 59 1
181 : 754 358 34 35 1
182 : 789 358 37 32 0
183 : 826 358 28 43 1
184 : 869 358 33 36 1
185 : 905 358 26 46 1
186 : 0 392 21 58 1
187 : 58 392 29 41 1
188 : 99 392 24 49 1
189 : 148 392 33 37 1
190 : 185 392 32 37 1
191 : 222 392 37 32 0
192 : 259 392 56 21 0
193 : 315 392 65 18 0
194 : 380 392 23 51 1
195 : 431 392 23 51 1
196 : 482 392 30 39 1
197 : 521 392 50 24 0
198 : 571 392 52 23 0
199 : 623 392 37 32 0
200 : 660 392 51 23 0
201 : 711 392 27 43 1
202 : 754 392 30 39 1
203 : 793 392 48 24 0
204 : 841 392 56 21 0
205 : 897 392 25 47 1
206 : 944 392 24 49 1
207 : 0 425 38 31 0
208 : 38 425 19 61 1
209 : 99 425 33 35 1
210 : 134 425 59 20 0
211 : 193 425 25 47 1
212 : 240 425 31 37 1
213 : 277 425 27 43 1
214 : 320 425 25 45 1
215 : 365 425 18 64 1
216 : 429 425 27 43 1
217 : 472 425 27 43 1
218 : 515 425 36 32 0
219 : 551 425 30 39 1
220 : 590 425 60 19 0
221 : 650 425 24 48 1
222 : 698 425 27 43 1
223 : 741 425 61 19 0
224 : 802 425 60 19 0
225 : 862 425 29 39 1
226 : 901 425 30 39 1
227 : 940 425 24 47 1
228 : 0 458 26 44 1
229 : 44 458 26 44 1
230 : 88 458 60 19 0
231 : 148 458 50 23 0
232 : 198 458 56 20 0
233 : 254 458 43 27 0
234 : 297 458 29 39 1
235 : 336 458 57 20 0
236 : 393 458 65 17 0
237 : 458 458 21 53 1
238 : 511 458 51 22 0
239 : 562 458 18 64 1
240 : 626 458 47 24 0
241 : 673 458 51 22 0
242 : 724 458 63 18 0
243 : 787 458 30 37 1
244 : 824 458 24 46 1
245 : 870 458 26 43 1
246 : 913 458 31 36 1
247 : 949 458 48 23 0
248 : 0 489 46 24 0
249 : 46 489 19 60 1
250 : 106 489 31 36 1
251 : 142 489 31 36 1
252 : 178 489 28 40 1
253 : 218 489 46 24 0
254 : 264 489 58 19 0
255 : 322 489 26 43 1
256 : 365 489 27 42 1
257 : 407 489 18 61 1
258 : 468 489 40 28 0
259 : 508 489 30 37 1
260 : 545 489 28 40 1
261 : 585 489 46 24 0
262 : 631 489 54 21 0
263 : 685 489 26 43 1
264 : 728 489 33 34 1
265 : 762 489 35 32 0
266 : 797 489 36 31 0
267 : 833 489 25 44 1
268 : 877 489 30 37 1
269 : 914 489 27 41 1
270 : 0 522 23 47 1
271 : 47 522 64 17 0
272 : 111 522 26 43 1
273 : 154 522 17 63 1
274 : 217 522 27 41 1
275 : 258 522 44 25 0
276 : 302 522 58 19 0
277 : 360 522 33 33 0
278 : 393 522 44 25 0
279 : 437 522 49 22 0
280 : 486 522 29 38 1
281 : 524 522 50 22 0
282 : 574 522 51 21 0
283 : 625 522 30 37 1
284 : 662 522 31 36 1
285 : 698 522 30 37 1
286 : 735 522 18 61 1
287 : 796 522 24 45 1
288 : 841 522 25 43 1
289 : 884 522 40 27 0
290 : 924 522 26 42 1
291 : 0 555 20 55 1
292 : 55 555 40 27 0
293 : 95 555 30 36 1
294 : 131 555 34 32 0
295 : 165 555 29 37 1
296 : 202 555 39 28 0
297 : 241 555 48 23 0
298 : 289 555 32 33 1
299 : 322 555 40 27 0
300 : 362 555 24 45 1
301 : 407 555 24 44 1
302 : 451 555 23 47 1
303 : 498 555 29 37 1
304 : 535 555 20 53 1
305 : 588 555 27 39 1
306 : 627 555 19 56 1
307 : 683 555 45 24 0
308 : 728 555 37 29 0
309 : 765 555 18 60 1
310 : 825 555 30 36 1
311 : 861 555 37 29 0
312 : 898 555 24 44 1
313 : 942 555 27 39 1
314 : 0 587 26 41 1
315 : 41 587 23 46 1
316 : 87 587 46 23 0
317 : 133 587 48 22 0
318 : 181 587 61 17 0
319 : 242 587 61 17 0
320 : 303 587 23 45 1
321 : 348 587 26 41 1
322 : 389 587 23 47 1
323 : 436 587 50 21 0
324 : 486 587 39 27 0
325 : 525 587 50 21 0
326 : 575 587 52 20 0
327 : 627 587 52 20 0
328 : 679 587 17 63 1
329 : 742 587 37 29 0
330 : 779 587 17 60 1
331 : 839 587 17 60 1
332 : 899 587 27 39 1
333 : 938 587 18 59 1
334 : 0 616 23 46 1
335 : 46 616 32 33 1
336 : 79 616 24 44 1
337 : 123 616 23 45 1
338 : 168 616 26 41 1
339 : 209 616 30 35 1
340 : 244 616 50 21 0
341 : 294 616 34 31 0
342 : 328 616 52 20 0
343 : 380 616 36 29 0
344 : 416 616 41 25 0
345 : 457 616 27 39 1
346 : 496 616 23 45 1
347 : 541 616 26 39 1
348 : 580 616 30 35 1
349 : 615 616 35 30 0
350 : 650 616 24 43 1
351 : 693 616 37 28 0
352 : 730 616 18 58 1
353 : 788 616 26 40 1
354 : 828 616 27 38 1
355 : 866 616 24 43 1
356 : 909 616 32 33 1
357 : 942 616 24 44 1
358 : 0 648 19 55 1
359 : 55 648 37 28 0
360 : 92 648 18 59 1
361 : 151 648 53 20 0
362 : 204 648 28 37 1
363 : 241 648 28 37 1
364 : 278 648 22 47 1
365 : 325 648 27 38 1
366 : 363 648 40 26 0
367 : 403 648 19 54 1
368 : 457 648 60 17 0
369 : 517 648 26 39 1
370 : 556 648 28 36 1
371 : 592 648 42 25 0
372 : 634 648 21 48 1
373 : 682 648 28 37 1
374 : 719 648 29 36 1
375 : 755 648 43 24 0
376 : 798 648 37 28 0
377 : 835 648 55 19 0
378 : 890 648 22 46 1
379 : 936 648 28 36 1
380 : 0 677 52 19 0
381 : 52 677 26 39 1
382 : 91 677 31 33 1
383 : 124 677 26 39 1
384 : 163 677 37 28 0
385 : 200 677 63 16 0
386 : 263 677 47 22 0
387 : 310 677 52 20 0
388 : 362 677 17 61 1
389 : 423 677 24 42 1
390 : 465 677 25 41 1
391 : 506 677 33 31 0
392 : 539 677 32 32 0
393 : 571 677 18 55 1
394 : 626 677 35 29 0
395 : 661 677 53 19 0
396 : 714 677 25 41 1
397 : 755 677 63 16 0
398 : 818 677 32 32 0
399 : 850 677 17 60 1
400 : 910 677 37 27 0
401 : 947 677 27 37 1
402 : 0 709 30 33 1
403 : 33 709 43 24 0
404 : 76 709 34 30 0
405 : 110 709 25 41 1
406 : 151 709 52 20 0
407 : 203 709 33 31 0
408 : 236 709 33 30 0
409 : 269 709 50 20 0
410 : 319 709 25 40 1
411 : 359 709 33 31 0
412 : 392 709 38 27 0
413 : 430 709 20 50 1
414 : 480 709 45 22 0
415 : 525 709 32 32 0
416 : 557 709 26 39 1
417 : 596 709 42 24 0
418 : 638 709 63 16 0
419 : 701 709 48 21 0
420 : 749 709 16 61 1
421 : 810 709 38 26 0
422 : 848 709 25 41 1
423 : 889 709 28 36 1
424 : 925 709 26 39 1
425 : 0 741 19 53 1
426 : 53 741 63 16 0
427 : 116 741 23 44 1
428 : 160 741 21 47 1
429 : 207 741 37 27 0
430 : 244 741 37 27 0
431 : 281 741 29 34 1
432 : 315 741 28 36 1
433 : 351 741 25 40 1
434 : 391 741 30 34 1
435 : 425 741 36 28 0
436 : 461 741 23 43 1
437 : 504 741 36 27 0
438 : 540 741 21 47 1
439 : 587 741 24 42 1
440 : 629 741 16 61 1
441 : 690 741 25 39 1
442 : 729 741 61 16 0
443 : 790 741 38 26 0
444 : 828 741 23 44 1
445 : 872 741 30 33 1
446 : 905 741 63 16 0
447 : 0 771 60 16 0
448 : 60 771 30 33 1
449 : 93 771 46 21 0
450 : 139 771 21 47 1
451 : 186 771 22 45 1
452 : 231 771 27 37 1
453 : 268 771 23 42 1
454 : 310 771 18 54 1
455 : 364 771 49 20 0
456 : 413 771 20 48 1
457 : 461 771 21 47 1
458 : 508 771 28 35 1
459 : 543 771 24 41 1
460 : 584 771 41 24 0
461 : 625 771 43 23 0
462 : 668 771 21 47 1
463 : 715 771 27 37 1
464 : 752 771 19 51 1
465 : 803 771 19 52 1
466 : 855 771 24 40 1
467 : 895 771 28 35 1
468 : 930 771 32 30 0
469 : 962 771 30 33 1
470 : 0 801 23 42 1
471 : 42 801 19 51 1
472 : 93 801 41 24 0
473 : 134 801 27 36 1
474 : 170 801 28 35 1
475 : 205 801 25 39 1
476 : 244 801 41 24 0
477 : 285 801 25 39 1
478 : 324 801 56 17 0
479 : 380 801 23 42 1
480 : 422 801 17 55 1
481 : 477 801 30 33 1
482 : 510 801 17 55 1
483 : 565 801 16 59 1
484 : 624 801 23 42 1
485 : 666 801 54 18 0
486 : 720 801 26 38 1
487 : 758 801 51 19 0
488 : 809 801 44 22 0
489 : 853 801 61 16 0
490 : 914 801 44 22 0
491 : 958 801 28 34 1
492 : 0 831 23 42 1
493 : 42 831 25 39 1
494 : 81 831 37 26 0
495 : 118 831 31 31 0
496 : 149 831 16 60 1
497 : 209 831 23 41 1
498 : 250 831 48 20 0
499 : 298 831 28 35 1
500 : 333 831 30 32 1
501 : 365 831 40 24 0
502 : 405 831 52 18 0
503 : 457 831 57 17 0
504 : 514 831 25 39 1
505 : 553 831 23 42 1
506 : 595 831 21 45 1
507 : 640 831 49 19 0
508 : 689 831 31 30 0
509 : 720 831 22 44 1
510 : 764 831 23 41 1
511 : 805 831 38 25 0
512 : 843 831 25 38 1
513 : 881 831 57 17 0
514 : 938 831 26 36 1
515 : 0 862 28 33 1
516 : 33 862 23 41 1
517 : 74 862 50 19 0
518 : 124 862 27 35 1
519 : 159 862 27 35 1
520 : 194 862 24 39 1
521 : 233 862 28 34 1
522 : 267 862 17 57 1
523 : 324 862 20 47 1
524 : 371 862 26 36 1
525 : 407 862 37 25 0
526 : 444 862 22 44 1
527 : 488 862 41 23 0
528 : 529 862 39 24 0
529 : 568 862 17 55 1
530 : 623 862 25 38 1
531 : 661 862 50 19 0
532 : 711 862 18 51 1
533 : 762 862 29 33 1
534 : 795 862 31 30 0
535 : 826 862 29 33 1
536 : 859 862 31 31 0
537 : 890 862 50 19 0
538 : 940 862 49 19 0
539 : 0 893 32 29 0
540 : 32 893 24 39 1
541 : 71 893 22 43 1
542 : 114 893 45 21 0
543 : 159 893 34 28 0
544 : 193 893 47 20 0
545 : 240 893 22 42 1
546 : 282 893 22 42 1
547 : 324 893 25 38 1
548 : 362 893 17 55 1
549 : 417 893 20 46 1
550 : 463 893 39 24 0
551 : 502 893 22 42 1
552 : 544 893 20 46 1
553 : 590 893 52 18 0
554 : 642 893 30 31 1
555 : 673 893 34 27 0
556 : 707 893 34 28 0
557 : 741 893 37 25 0
558 : 778 893 28 34 1
559 : 812 893 48 19 0
560 : 860 893 23 41 1
561 : 901 893 29 32 1
562 : 933 893 37 25 0
563 : 0 923 47 20 0
564 : 47 923 21 44 1
565 : 91 923 57 16 0
566 : 148 923 28 33 1
567 : 181 923 39 24 0
568 : 220 923 40 23 0
569 : 260 923 28 33 1
570 : 293 923 29 32 1
571 : 325 923 47 20 0
572 : 372 923 25 37 1
573 : 409 923 35 27 0
574 : 444 923 23 40 1
575 : 484 923 24 39 1
576 : 523 923 15 60 1
577 : 583 923 26 36 1
578 : 619 923 26 35 1
579 : 654 923 27 34 1
580 : 688 923 26 35 1
581 : 723 923 52 18 0
582 : 775 923 60 15 0
583 : 835 923 38 24 0
584 : 873 923 38 24 0
585 : 911 923 38 24 0
586 : 949 923 29 32 1
587 : 0 952 45 20 0
588 : 45 952 18 51 1
589 : 96 952 22 43 1
590 : 139 952 60 15 0
591 : 199 952 49 19 0
592 : 248 952 18 50 1
593 : 298 952 31 30 0
594 : 329 952 25 37 1
595 : 366 952 38 24 0
596 : 404 952 43 22 0
597 : 447 952 40 23 0
598 : 487 952 20 47 1
599 : 534 952 51 18 0
600 : 585 952 37 25 0
601 : 622 952 39 24 0
602 : 661 952 26 36 1
603 : 697 952 25 37 1
604 : 734 952 24 38 1
605 : 772 952 33 27 0
606 : 805 952 29 32 1
607 : 837 952 20 47 1
608 : 884 952 25 37 1
609 : 921 952 22 41 1
610 : 962 952 31 30 0
611 : 0 982 35 26 0
612 : 35 982 23 39 1
613 : 74 982 19 48 1
614 : 122 982 21 44 1
615 : 166 982 49 19 0
616 : 215 982 23 40 1
617 : 255 982 15 59 1
618 : 314 982 27 34 1
619 : 348 982 23 40 1
620 : 388 982 26 35 1
621 : 423 982 21 43 1
622 : 466 982 19 48 1
623 : 514 982 31 29 0
624 : 545 982 31 29 0
625 : 576 982 26 35 1
626 : 611 982 43 21 0
627 : 654 982 52 18 0
628 : 706 982 25 37 1
629 : 743 982 37 24 0
630 : 780 982 41 22 0
631 : 821 982 33 28 0
632 : 854 982 28 32 1
633 : 886 982 20 46 1
634 : 932 982 41 22 0
635 : 0 1011 44 20 0
636 : 44 1011 25 37 1
637 : 81 1011 19 47 1
638 : 128 1011 27 33 1
639 : 161 1011 41 21 0
640 : 202 1011 37 24 0
641 : 239 1011 47 19 0
642 : 286 1011 39 23 0
643 : 325 1011 27 32 1
644 : 357 1011 35 25 0
645 : 392 1011 26 34 1
646 : 426 1011 42 21 0
647 : 468 1011 27 32 1
648 : 500 1011 36 24 0
649 : 536 1011 27 32 1
650 : 568 1011 32 27 0
651 : 600 1011 22 39 1
652 : 639 1011 20 43 1
653 : 682 1011 30 28 0
654 : 712 1011 32 27 0
655 : 744 1011 50 17 0
656 : 794 1011 21 41 1
657 : 835 1011 42 21 0
658 : 877 1011 52 16 0
659 : 929 1011 17 52 1
660 : 0 1039 35 25 0
661 : 35 1039 19 45 1
662 : 80 1039 29 30 1
663 : 110 1039 22 39 1
664 : 149 1039 33 26 0
665 : 182 1039 27 32 1
666 : 214 1039 32 27 0
667 : 246 1039 29 29 0
668 : 275 1039 21 40 1
669 : 315 1039 36 24 0
670 : 351 1039 35 24 0
671 : 386 1039 23 37 1
672 : 423 1039 22 39 1
673 : 462 1039 17 50 1
674 : 512 1039 23 37 1
675 : 549 1039 26 32 1
676 : 581 1039 40 21 0
677 : 621 1039 36 23 0
678 : 657 1039 23 36 1
679 : 693 1039 16 52 1
680 : 745 1039 35 24 0
681 : 780 1039 24 34 1
682 : 814 1039 18 46 1
683 : 860 1039 57 15 0
684 : 917 1039 35 23 0
685 : 0 1068 57 15 0
686 : 57 1068 40 21 0
687 : 97 1068 24 34 1
688 : 131 1068 28 30 1
689 : 161 1068 23 35 1
690 : 196 1068 52 16 0
691 : 248 1068 56 15 0
692 : 304 1068 46 18 0
693 : 350 1068 30 28 0
694 : 380 1068 28 29 1
695 : 409 1068 17 48 1
696 : 457 1068 15 55 1
697 : 512 1068 52 16 0
698 : 564 1068 57 14 0
699 : 621 1068 56 14 0
700 : 677 1068 15 56 1
701 : 733 1068 23 36 1
702 : 769 1068 56 15 0
703 : 825 1068 16 50 1
704 : 875 1068 25 33 1
705 : 908 1068 37 22 0
706 : 945 1068 36 23 0
707 : 0 1096 33 25 0
708 : 33 1096 31 26 0
709 : 64 1096 35 23 0
710 : 99 1096 36 22 0
711 : 135 1096 23 35 1
712 : 170 1096 24 33 1
713 : 203 1096 52 15 0
714 : 255 1096 26 30 1
715 : 285 1096 35 23 0
716 : 320 1096 56 14 0
717 : 376 1096 30 27 0
718 : 406 1096 20 40 1
719 : 446 1096 33 24 0
720 : 479 1096 44 18 0
721 : 523 1096 31 26 0
722 : 554 1096 42 19 0
723 : 596 1096 56 14 0
724 : 652 1096 36 22 0
725 : 688 1096 20 39 1
726 : 727 1096 31 25 0
727 : 758 1096 14 56 1
728 : 814 1096 22 35 1
729 : 849 1096 21 36 1
730 : 885 1096 27 29 1
731 : 914 1096 53 15 0
732 : 0 1123 35 22 0
733 : 35 1123 42 19 0
734 : 77 1123 27 28 1
735 : 105 1123 34 22 0
736 : 139 1123 31 25 0
737 : 170 1123 21 36 1
738 : 206 1123 31 25 0
739 : 237 1123 16 48 1
740 : 285 1123 17 45 1
741 : 330 1123 28 27 0
742 : 358 1123 29 26 0
743 : 387 1123 30 25 0
744 : 417 1123 25 30 1
745 : 447 1123 33 23 0
746 : 480 1123 37 20 0
747 : 517 1123 27 28 1
748 : 545 1123 22 34 1
749 : 579 1123 21 35 1
750 : 614 1123 34 22 0
751 : 648 1123 25 30 1
752 : 678 1123 33 23 0
753 : 711 1123 27 28 1
754 : 739 1123 34 22 0
755 : 773 1123 37 20 0
756 : 810 1123 23 32 1
757 : 842 1123 16 46 1
758 : 888 1123 27 27 0
759 : 915 1123 23 32 1
760 : 947 1123 20 37 1
761 : 0 1150 16 47 1
762 : 47 1150 22 33 1
763 : 80 1150 40 19 0
764 : 120 1150 48 15 0
765 : 168 1150 32 23 0
766 : 200 1150 32 23 0
767 : 232 1150 52 14 0
768 : 284 1150 22 33 1
769 : 317 1150 14 52 1
770 : 369 1150 14 51 1
771 : 420 1150 36 20 0
772 : 456 1150 44 17 0
773 : 500 1150 42 17 0
774 : 542 1150 48 15 0
775 : 590 1150 29 25 0
776 : 619 1150 34 21 0
777 : 653 1150 18 41 1
778 : 694 1150 18 41 1
779 : 735 1150 24 31 1
780 : 766 1150 53 14 0
781 : 819 1150 33 22 0
782 : 852 1150 40 18 0
783 : 892 1150 27 27 0
784 : 919 1150 38 19 0
785 : 957 1150 32 23 0
786 : 0 1177 34 21 0
787 : 34 1177 52 14 0
788 : 86 1177 21 34 1
789 : 120 1177 22 33 1
790 : 153 1177 21 34 1
791 : 187 1177 32 23 0
792 : 219 1177 22 32 1
793 : 251 1177 30 24 0
794 : 281 1177 17 41 1
795 : 322 1177 14 50 1
796 : 372 1177 35 21 0
797 : 407 1177 25 29 1
798 : 436 1177 46 15 0
799 : 482 1177 20 36 1
800 : 518 1177 28 26 0
801 : 546 1177 34 21 0
802 : 580 1177 19 37 1
803 : 617 1177 18 38 1
804 : 655 1177 18 39 1
805 : 694 1177 23 30 1
806 : 724 1177 15 48 1
807 : 772 1177 17 41 1
808 : 813 1177 31 22 0
809 : 844 1177 50 14 0
810 : 894 1177 34 20 0
811 : 928 1177 17 42 1
812 : 0 1203 52 13 0
813 : 52 1203 31 23 0
814 : 83 1203 41 17 0
815 : 124 1203 20 35 1
816 : 159 1203 21 32 1
817 : 191 1203 37 19 0
818 : 228 1203 40 17 0
819 : 268 1203 14 50 1
820 : 318 1203 31 22 0
821 : 349 1203 16 44 1
822 : 393 1203 16 43 1
823 : 436 1203 16 43 1
824 : 479 1203 24 28 1
825 : 507 1203 26 27 1
826 : 534 1203 29 24 0
827 : 563 1203 28 24 0
828 : 591 1203 26 26 0
829 : 617 1203 20 35 1
830 : 652 1203 24 28 1
831 : 680 1203 13 52 1
832 : 732 1203 13 51 1
833 : 783 1203 18 37 1
834 : 820 1203 22 31 1
835 : 851 1203 16 42 1
836 : 893 1203 19 36 1
837 : 929 1203 15 44 1
838 : 0 1229 32 21 0
839 : 32 1229 31 22 0
840 : 63 1229 19 35 1
841 : 98 1229 30 23 0
842 : 128 1229 47 14 0
843 : 175 1229 23 29 1
844 : 204 1229 27 25 0
845 : 231 1229 31 22 0
846 : 262 1229 18 37 1
847 : 299 1229 48 14 0
848 : 347 1229 41 16 0
849 : 388 1229 28 24 0
850 : 416 1229 18 38 1
851 : 454 1229 17 39 1
852 : 493 1229 27 25 0
853 : 520 1229 36 19 0
854 : 556 1229 28 24 0
855 : 584 1229 14 47 1
856 : 631 1229 21 32 1
857 : 663 1229 50 13 0
858 : 713 1229 38 18 0
859 : 751 1229 28 24 0
860 : 779 1229 28 24 0
861 : 807 1229 14 48 1
862 : 855 1229 16 42 1
863 : 897 1229 14 48 1
864 : 945 1229 15 43 1
865 : 0 1254 24 28 1
866 : 28 1254 31 21 0
867 : 59 1254 31 21 0
868 : 90 1254 14 46 1
869 : 136 1254 25 26 1
870 : 162 1254 33 20 0
871 : 195 1254 24 27 1
872 : 222 1254 26 25 0
873 : 248 1254 29 23 0
874 : 277 1254 36 18 0
875 : 313 1254 34 19 0
876 : 347 1254 42 16 0
877 : 389 1254 28 23 0
878 : 417 1254 23 29 1
879 : 446 1254 20 33 1
880 : 479 1254 27 25 0
881 : 506 1254 27 24 0
882 : 533 1254 31 21 0
883 : 564 1254 34 19 0
884 : 598 1254 20 33 1
885 : 631 1254 27 24 0
886 : 658 1254 35 19 0
887 : 693 1254 30 22 0
888 : 723 1254 15 44 1
889 : 767 1254 22 30 1
890 : 797 1254 33 20 0
891 : 830 1254 35 19 0
892 : 865 1254 15 42 1
893 : 907 1254 26 25 0
894 : 933 1254 21 30 1
895 : 963 1254 25 26 1
896 : 0 1279 27 24 0
897 : 27 1279 28 23 0
898 : 55 1279 16 39 1
899 : 94 1279 13 51 1
900 : 145 1279 13 51 1
901 : 196 1279 30 21 0
902 : 226 1279 43 15 0
903 : 269 1279 14 45 1
904 : 314 1279 31 21 0
905 : 345 1279 44 15 0
906 : 389 1279 18 35 1
907 : 424 1279 27 23 0
908 : 451 1279 18 35 1
909 : 486 1279 24 26 1
910 : 512 1279 24 26 1
911 : 538 1279 22 29 1
912 : 567 1279 23 28 1
913 : 595 1279 36 18 0
914 : 631 1279 35 18 0
915 : 666 1279 32 20 0
916 : 698 1279 21 30 1
917 : 728 1279 29 22 0
918 : 757 1279 28 22 0
919 : 785 1279 25 26 1
920 : 811 1279 33 19 0
921 : 844 1279 29 22 0
922 : 873 1279 24 26 1
923 : 899 1279 19 33 1
924 : 932 1279 28 22 0
925 : 960 1279 34 19 0
926 : 0 1304 31 20 0
927 : 31 1304 23 27 1
928 : 58 1304 35 18 0
929 : 93 1304 26 24 0
930 : 119 1304 24 26 1
931 : 145 1304 17 38 1
932 : 183 1304 24 26 1
933 : 209 1304 15 42 1
934 : 251 1304 37 17 0
935 : 288 1304 27 23 0
936 : 315 1304 15 42 1
937 : 357 1304 16 39 1
938 : 396 1304 37 17 0
939 : 433 1304 23 27 1
940 : 460 1304 38 16 0
941 : 498 1304 42 15 0
942 : 540 1304 28 22 0
943 : 568 1304 13 47 1
944 : 615 1304 20 32 1
945 : 647 1304 25 25 0
946 : 672 1304 34 18 0
947 : 706 1304 32 19 0
948 : 738 1304 15 42 1
949 : 780 1304 30 21 0
950 : 810 1304 15 42 1
951 : 852 1304 32 19 0
952 : 884 1304 38 16 0
953 : 922 1304 30 21 0
954 : 952 1304 48 13 0
955 : 0 1329 37 17 0
956 : 37 1329 28 22 0
957 : 65 1329 32 20 0
958 : 97 1329 36 17 0
959 : 133 1329 37 17 0
960 : 170 1329 19 33 1
961 : 203 1329 20 30 1
962 : 233 1329 29 21 0
963 : 262 1329 25 24 0
964 : 287 1329 23 26 1
965 : 313 1329 18 33 1
966 : 346 1329 36 17 0
967 : 382 1329 21 28 1
968 : 410 1329 26 23 0
969 : 436 1329 25 24 0
970 : 461 1329 37 16 0
971 : 498 1329 36 17 0
972 : 534 1329 20 30 1
973 : 564 1329 18 34 1
974 : 598 1329 23 26 1
975 : 624 1329 21 28 1
976 : 652 1329 34 18 0
977 : 686 1329 38 16 0
978 : 724 1329 17 36 1
979 : 760 1329 29 21 0
980 : 789 1329 26 23 0
981 : 815 1329 17 34 1
982 : 849 1329 28 21 0
983 : 877 1329 33 18 0
984 : 910 1329 28 21 0
985 : 938 1329 17 34 1
986 : 0 1353 30 20 0
987 : 30 1353 29 20 0
988 : 59 1353 21 28 1
989 : 87 1353 30 19 0
990 : 117 1353 24 24 0
991 : 141 1353 34 17 0
992 : 175 1353 20 29 1
993 : 204 1353 31 19 0
994 : 235 1353 24 24 0
995 : 259 1353 21 28 1
996 : 287 1353 30 19 0
997 : 317 1353 28 20 0
998 : 345 1353 22 27 1
999 : 372 1353 13 44 1
