40400 60254
0 : 14913 31418 4629 1596 1
1 : 13847 36570 2919 783 1
2 : 30092 0 8067 1832 0
3 : 0 25029 7180 2974 0
4 : 21833 52691 1685 1708 0
5 : 39239 0 2029 601 1
6 : 15046 5222 15046 7040 0
7 : 12133 52691 6726 7039 0
8 : 0 36570 7958 5170 0
9 : 0 52691 3621 4223 1
10 : 33512 31418 4358 6846 1
11 : 34900 12262 6272 1268 1
12 : 12587 18640 6171 1473 0
13 : 12598 36570 3448 1249 1
14 : 14158 25029 6389 10170 1
15 : 17644 31418 7910 5092 0
16 : 10744 12262 4629 11306 1
17 : 37397 18640 1279 1621 0
18 : 0 31418 3529 6846 1
19 : 35319 42948 3770 3117 1
20 : 32142 42948 3924 3177 1
21 : 14630 36570 2672 556 1
22 : 15046 0 15046 5222 0
23 : 37603 25029 2050 2287 0
24 : 25554 31418 7958 5152 0
25 : 39241 36570 1063 2033 0
26 : 36168 12262 1823 5782 0
27 : 33511 36570 4047 5429 0
28 : 0 18640 6416 1491 0
29 : 37558 36570 859 2104 0
30 : 22050 12262 6378 12850 1
31 : 0 12262 10744 2912 0
32 : 10245 36570 4629 2353 1
33 : 15186 36570 2919 838 1
34 : 6846 31418 8067 5014 0
35 : 18859 52691 3139 2974 1
36 : 38676 18640 1685 1469 1
37 : 38417 36570 2029 824 1
38 : 0 5222 15046 5406 0
39 : 30877 25029 6726 3329 0
40 : 0 42948 7958 9256 1
41 : 38159 0 1080 4223 0
42 : 18758 18640 2407 6846 1
43 : 20000 42948 6272 5296 1
44 : 6416 18640 6171 1375 0
45 : 23518 52691 1253 1249 1
46 : 25604 18640 6389 10729 1
47 : 4223 52691 7910 7563 0
48 : 16024 36570 4629 6465 1
49 : 39840 0 503 1621 0
50 : 25296 42948 7629 6846 1
51 : 24328 25029 6549 3117 0
52 : 7180 25029 6978 3177 0
53 : 22489 36570 2672 869 1
54 : 0 0 15046 3231 0
55 : 7958 36570 4676 2287 1
56 : 30092 5222 7958 2142 0
57 : 37991 12262 3638 2033 1
58 : 36333 18640 1823 1064 1
59 : 16509 31418 4047 1135 1
60 : 38050 5222 6416 1357 1
61 : 23358 36570 3842 2104 1
62 : 25462 36570 6378 8049 1
63 : 9256 42948 10744 9743 0
