1000 1437
0 : 831 27 66 61 0
1 : 567 116 62 48 0
2 : 629 116 62 46 0
3 : 939 116 61 43 0
4 : 691 116 39 62 1
5 : 0 164 38 61 1
6 : 144 27 30 71 1
7 : 570 264 56 37 0
8 : 318 370 52 39 0
9 : 560 301 36 55 1
10 : 473 0 74 27 0
11 : 432 585 42 47 1
12 : 963 27 61 32 1
13 : 590 232 58 32 0
14 : 832 409 51 36 0
15 : 47 650 46 40 0
16 : 160 0 79 23 0
17 : 952 478 48 38 0
18 : 81 0 79 23 0
19 : 0 202 30 60 1
20 : 0 0 22 81 1
21 : 400 513 36 49 1
22 : 215 27 25 71 1
23 : 621 0 73 24 0
24 : 938 232 57 31 0
25 : 0 27 72 25 0
26 : 102 478 50 35 0
27 : 626 264 56 31 0
28 : 330 337 33 54 1
29 : 93 650 39 46 1
30 : 773 88 28 63 1
31 : 396 0 77 23 0
32 : 44 794 43 40 0
33 : 48 549 36 48 1
34 : 682 264 56 31 0
35 : 883 409 51 34 0
36 : 384 337 54 32 0
37 : 630 729 44 40 0
38 : 479 585 37 47 1
39 : 934 409 51 34 0
40 : 0 549 48 36 0
41 : 870 337 53 33 0
42 : 368 690 39 45 1
43 : 152 478 34 50 1
44 : 318 0 22 78 1
45 : 0 445 51 33 0
46 : 648 232 29 58 1
47 : 694 0 73 23 0
48 : 767 0 23 73 1
49 : 413 690 37 45 1
50 : 840 0 73 23 0
51 : 516 834 42 40 0
52 : 325 88 26 64 1
53 : 438 337 31 54 1
54 : 72 27 23 72 1
55 : 239 0 79 21 0
56 : 526 585 35 47 1
57 : 252 478 33 50 1
58 : 558 834 39 42 1
59 : 202 478 33 50 1
60 : 492 337 54 30 0
61 : 60 202 60 27 0
62 : 573 585 47 34 0
63 : 913 0 22 73 1
64 : 449 513 49 33 0
65 : 87 794 37 43 1
66 : 370 370 30 52 1
67 : 697 27 67 23 0
68 : 458 690 35 45 1
69 : 753 116 62 25 0
70 : 453 88 24 64 1
71 : 503 690 35 45 1
72 : 130 794 36 43 1
73 : 0 232 26 59 1
74 : 173 794 43 36 0
75 : 630 27 67 23 0
76 : 548 690 34 45 1
77 : 389 88 64 24 0
78 : 144 549 32 48 1
79 : 51 445 30 51 1
80 : 96 549 32 48 1
81 : 61 164 25 61 1
82 : 615 301 55 27 0
83 : 546 337 54 28 0
84 : 139 650 33 46 1
85 : 192 549 31 48 1
86 : 593 690 45 33 0
87 : 102 445 51 29 0
88 : 216 794 43 35 0
89 : 547 0 74 20 0
90 : 302 478 50 29 0
91 : 960 202 40 37 0
92 : 59 232 25 59 1
93 : 620 585 31 47 1
94 : 240 549 30 48 1
95 : 185 650 46 31 0
96 : 399 969 37 39 1
97 : 360 969 37 39 1
98 : 836 88 63 22 0
99 : 600 834 34 42 1
100 : 670 301 26 55 1
101 : 638 690 31 45 1
102 : 764 27 67 21 0
103 : 122 164 23 61 1
104 : 118 232 23 59 1
105 : 231 650 46 30 0
106 : 815 116 62 22 0
107 : 600 337 26 54 1
108 : 438 969 36 39 1
109 : 177 232 59 23 0
110 : 356 27 69 20 0
111 : 153 445 51 27 0
112 : 718 729 31 44 1
113 : 547 513 28 49 1
114 : 114 1064 37 37 0
115 : 924 874 34 41 1
116 : 674 729 31 44 1
117 : 498 513 49 28 0
118 : 0 88 65 21 0
119 : 494 27 20 68 1
120 : 962 88 36 38 1
121 : 725 301 55 25 0
122 : 780 301 24 55 1
123 : 967 650 33 40 0
124 : 286 27 70 19 0
125 : 728 690 29 45 1
126 : 259 794 31 43 1
127 : 0 264 57 23 0
128 : 422 370 52 26 0
129 : 683 690 45 29 0
130 : 897 27 20 66 1
131 : 57 264 23 57 1
132 : 773 690 45 29 0
133 : 204 445 51 25 0
134 : 474 370 25 52 1
135 : 899 88 20 63 1
136 : 425 27 69 19 0
137 : 762 729 44 29 0
138 : 323 650 28 46 1
139 : 794 264 23 56 1
140 : 908 690 28 45 1
141 : 352 478 26 50 1
142 : 151 1064 37 34 1
143 : 65 88 65 20 0
144 : 277 650 28 46 1
145 : 130 88 65 19 0
146 : 738 264 56 23 0
147 : 369 650 46 27 0
148 : 863 690 28 45 1
149 : 667 585 47 27 0
150 : 962 264 38 33 0
151 : 818 690 45 28 0
152 : 517 88 64 19 0
153 : 526 370 24 52 1
154 : 562 27 18 68 1
155 : 960 549 40 31 0
156 : 415 650 46 27 0
157 : 244 164 20 61 1
158 : 155 1032 32 38 1
159 : 578 370 52 24 0
160 : 117 1032 38 32 0
161 : 74 1128 34 36 1
162 : 0 908 30 41 1
163 : 850 729 44 27 0
164 : 477 969 31 39 1
165 : 183 164 20 61 1
166 : 182 1128 33 36 1
167 : 714 585 26 47 1
168 : 336 549 48 25 0
169 : 250 1064 32 37 0
170 : 877 116 62 19 0
171 : 328 938 31 40 1
172 : 806 729 28 44 1
173 : 288 549 48 25 0
174 : 0 116 19 63 1
175 : 761 585 47 26 0
176 : 408 938 40 30 0
177 : 461 650 46 26 0
178 : 146 1128 36 33 0
179 : 368 938 40 30 0
180 : 295 232 20 59 1
181 : 965 874 34 35 1
182 : 282 1064 37 32 1
183 : 302 794 28 43 1
184 : 110 1128 33 36 1
185 : 507 650 26 46 1
186 : 706 232 21 58 1
187 : 41 908 29 41 1
188 : 596 513 24 49 1
189 : 185 1064 33 37 0
190 : 346 1064 32 37 0
191 : 314 1064 37 32 1
192 : 850 264 56 21 0
193 : 195 88 65 18 0
194 : 306 445 23 51 1
195 : 357 445 23 51 1
196 : 633 969 30 39 1
197 : 402 478 50 24 0
198 : 630 370 52 23 0
199 : 218 1064 37 32 1
200 : 255 445 51 23 0
201 : 345 794 27 43 1
202 : 555 969 30 39 1
203 : 432 549 48 24 0
204 : 906 264 56 21 0
205 : 855 585 25 47 1
206 : 645 513 24 49 1
207 : 193 1032 38 31 0
208 : 305 164 19 61 1
209 : 720 1162 33 35 1
210 : 236 232 59 20 0
211 : 808 585 25 47 1
212 : 378 1064 31 37 0
213 : 388 794 27 43 1
214 : 953 690 25 45 1
215 : 645 88 18 64 1
216 : 431 794 27 43 1
217 : 474 794 27 43 1
218 : 218 1128 36 32 0
219 : 516 969 30 39 1
220 : 120 202 60 19 0
221 : 384 549 24 48 1
222 : 517 794 27 43 1
223 : 366 164 61 19 0
224 : 300 202 60 19 0
225 : 711 969 29 39 1
226 : 594 969 30 39 1
227 : 902 585 24 47 1
228 : 938 729 26 44 1
229 : 894 729 26 44 1
230 : 240 202 60 19 0
231 : 452 478 50 23 0
232 : 0 301 56 20 0
233 : 560 794 43 27 0
234 : 672 969 29 39 1
235 : 114 264 57 20 0
236 : 260 88 65 17 0
237 : 923 337 21 53 1
238 : 459 445 51 22 0
239 : 581 88 18 64 1
240 : 949 585 47 24 0
241 : 408 445 51 22 0
242 : 63 116 63 18 0
243 : 469 1064 30 37 0
244 : 599 650 24 46 1
245 : 732 794 26 43 1
246 : 290 1128 31 36 1
247 : 528 549 48 23 0
248 : 691 650 46 24 0
249 : 180 202 19 60 1
250 : 362 1128 31 36 1
251 : 398 1128 31 36 1
252 : 528 938 28 40 1
253 : 645 650 46 24 0
254 : 764 232 58 19 0
255 : 603 794 26 43 1
256 : 642 834 27 42 1
257 : 488 164 18 61 1
258 : 488 938 40 28 0
259 : 439 1064 30 37 0
260 : 448 938 28 40 1
261 : 553 650 46 24 0
262 : 654 337 54 21 0
263 : 689 794 26 43 1
264 : 140 1223 33 34 1
265 : 755 1162 35 32 0
266 : 326 1128 36 31 0
267 : 88 769 25 44 1
268 : 529 1064 30 37 0
269 : 82 908 27 41 1
270 : 47 627 23 47 1
271 : 709 88 64 17 0
272 : 646 794 26 43 1
273 : 126 116 17 63 1
274 : 123 908 27 41 1
275 : 0 769 44 25 0
276 : 822 232 58 19 0
277 : 340 1256 33 33 0
278 : 44 769 44 25 0
279 : 694 513 49 22 0
280 : 231 1032 29 38 1
281 : 502 478 50 22 0
282 : 510 445 51 21 0
283 : 409 1064 30 37 0
284 : 254 1128 31 36 1
285 : 499 1064 30 37 0
286 : 427 164 18 61 1
287 : 45 729 24 45 1
288 : 775 794 25 43 1
289 : 568 938 40 27 0
290 : 684 834 26 42 1
291 : 835 301 20 55 1
292 : 608 938 40 27 0
293 : 470 1128 30 36 1
294 : 174 1223 34 32 0
295 : 675 1064 29 37 0
296 : 750 969 39 28 0
297 : 480 549 48 23 0
298 : 437 1256 32 33 0
299 : 648 938 40 27 0
300 : 0 729 24 45 1
301 : 176 769 24 44 1
302 : 0 627 23 47 1
303 : 588 1064 29 37 0
304 : 53 370 20 53 1
305 : 945 969 27 39 1
306 : 56 301 19 56 1
307 : 90 729 45 24 0
308 : 559 1064 37 29 1
309 : 360 202 18 60 1
310 : 434 1128 30 36 1
311 : 617 1064 37 29 1
312 : 264 769 24 44 1
313 : 906 969 27 39 1
314 : 246 908 26 41 1
315 : 783 650 23 46 1
316 : 737 650 46 23 0
317 : 576 549 48 22 0
318 : 610 164 61 17 0
319 : 671 164 61 17 0
320 : 180 729 23 45 1
321 : 205 908 26 41 1
322 : 94 627 23 47 1
323 : 552 478 50 21 0
324 : 828 969 39 27 0
325 : 602 478 50 21 0
326 : 786 370 52 20 0
327 : 682 370 52 20 0
328 : 189 116 17 63 1
329 : 646 1064 37 29 1
330 : 420 202 17 60 1
331 : 600 202 17 60 1
332 : 867 969 27 39 1
333 : 413 232 18 59 1
334 : 829 650 23 46 1
335 : 373 1256 32 33 0
336 : 132 769 24 44 1
337 : 225 729 23 45 1
338 : 164 908 26 41 1
339 : 790 1162 30 35 1
340 : 652 478 50 21 0
341 : 208 1223 34 31 0
342 : 734 370 52 20 0
343 : 506 1128 36 29 0
344 : 328 908 41 25 0
345 : 789 969 27 39 1
346 : 135 729 23 45 1
347 : 156 1006 26 39 1
348 : 825 1162 30 35 1
349 : 860 1162 35 30 0
350 : 818 794 24 43 1
351 : 760 1064 37 28 1
352 : 880 232 18 58 1
353 : 688 938 26 40 1
354 : 307 1032 27 38 1
355 : 861 794 24 43 1
356 : 405 1256 32 33 0
357 : 220 769 24 44 1
358 : 945 301 19 55 1
359 : 732 1064 37 28 1
360 : 354 232 18 59 1
361 : 0 370 53 20 0
362 : 788 1064 28 37 0
363 : 872 1064 28 37 0
364 : 141 627 22 47 1
365 : 269 1032 27 38 1
366 : 728 938 40 26 0
367 : 708 337 19 54 1
368 : 540 202 60 17 0
369 : 78 1006 26 39 1
370 : 686 1128 28 36 1
371 : 726 834 42 25 0
372 : 624 549 21 48 1
373 : 844 1064 28 37 0
374 : 542 1128 29 36 1
375 : 904 794 43 24 0
376 : 704 1064 37 28 1
377 : 890 301 55 19 0
378 : 875 650 22 46 1
379 : 650 1128 28 36 1
380 : 942 370 52 19 0
381 : 39 1006 26 39 1
382 : 969 445 31 33 0
383 : 117 1006 26 39 1
384 : 816 1064 37 28 1
385 : 504 116 63 16 0
386 : 188 627 47 22 0
387 : 838 370 52 20 0
388 : 549 164 17 61 1
389 : 768 834 24 42 1
390 : 369 908 25 41 1
391 : 469 1256 33 31 1
392 : 968 938 32 32 0
393 : 0 337 18 55 1
394 : 895 1162 35 29 0
395 : 159 370 53 19 0
396 : 451 908 25 41 1
397 : 378 116 63 16 0
398 : 594 1289 32 32 0
399 : 480 202 17 60 1
400 : 954 1064 37 27 1
401 : 0 1101 27 37 1
402 : 712 1256 30 33 0
403 : 947 794 43 24 0
404 : 276 1223 34 30 0
405 : 410 908 25 41 1
406 : 890 370 52 20 0
407 : 531 1256 33 31 1
408 : 652 1256 33 30 1
409 : 702 478 50 20 0
410 : 808 938 25 40 1
411 : 500 1256 33 31 1
412 : 345 1032 38 27 0
413 : 752 478 20 50 1
414 : 270 729 45 22 0
415 : 968 769 32 32 0
416 : 0 1006 26 39 1
417 : 852 834 42 24 0
418 : 441 116 63 16 0
419 : 672 549 48 21 0
420 : 915 164 16 61 1
421 : 383 1032 38 26 0
422 : 287 908 25 41 1
423 : 578 1128 28 36 1
424 : 195 1006 26 39 1
425 : 106 370 19 53 1
426 : 315 116 63 16 0
427 : 352 769 23 44 1
428 : 329 627 21 47 1
429 : 74 1101 37 27 0
430 : 927 1064 37 27 1
431 : 310 1223 29 34 1
432 : 722 1128 28 36 1
433 : 768 938 25 40 1
434 : 242 1223 30 34 1
435 : 614 1128 36 28 0
436 : 43 834 23 43 1
437 : 758 1128 36 27 0
438 : 423 627 21 47 1
439 : 810 834 24 42 1
440 : 793 164 16 61 1
441 : 390 1006 25 39 1
442 : 732 164 61 16 0
443 : 459 1032 38 26 0
444 : 308 769 23 44 1
445 : 592 1256 30 33 0
446 : 252 116 63 16 0
447 : 660 202 60 16 0
448 : 562 1256 30 33 0
449 : 921 650 46 21 0
450 : 376 627 21 47 1
451 : 315 729 22 45 1
452 : 37 1101 27 37 1
453 : 894 834 23 42 1
454 : 762 337 18 54 1
455 : 743 513 49 20 0
456 : 768 549 20 48 1
457 : 235 627 21 47 1
458 : 35 1195 28 35 1
459 : 574 908 24 41 1
460 : 615 908 41 24 0
461 : 0 834 43 23 0
462 : 282 627 21 47 1
463 : 900 1064 27 37 0
464 : 561 445 19 51 1
465 : 0 409 19 52 1
466 : 888 938 24 40 1
467 : 965 1162 28 35 1
468 : 656 1289 32 30 1
469 : 622 1256 30 33 0
470 : 0 874 23 42 1
471 : 663 445 19 51 1
472 : 492 908 41 24 0
473 : 794 1128 27 36 1
474 : 930 1162 28 35 1
475 : 234 1006 25 39 1
476 : 533 908 41 24 0
477 : 351 1006 25 39 1
478 : 112 301 56 17 0
479 : 126 874 23 42 1
480 : 165 337 17 55 1
481 : 682 1256 30 33 0
482 : 110 337 17 55 1
483 : 472 232 16 59 1
484 : 936 834 23 42 1
485 : 816 337 54 18 0
486 : 421 1032 26 38 1
487 : 612 445 51 19 0
488 : 440 769 44 22 0
489 : 854 164 61 16 0
490 : 396 769 44 22 0
491 : 344 1223 28 34 1
492 : 84 874 23 42 1
493 : 273 1006 25 39 1
494 : 111 1101 37 26 0
495 : 607 1321 31 31 0
496 : 720 202 16 60 1
497 : 697 908 23 41 1
498 : 720 549 48 20 0
499 : 0 1195 28 35 1
500 : 626 1289 30 32 0
501 : 848 938 40 24 0
502 : 104 409 52 18 0
503 : 285 264 57 17 0
504 : 312 1006 25 39 1
505 : 42 874 23 42 1
506 : 405 729 21 45 1
507 : 841 513 49 19 0
508 : 758 1321 31 30 1
509 : 528 769 22 44 1
510 : 779 908 23 41 1
511 : 573 1032 38 25 0
512 : 611 1032 25 38 1
513 : 228 264 57 17 0
514 : 830 1128 26 36 1
515 : 856 1256 28 33 0
516 : 656 908 23 41 1
517 : 902 478 50 19 0
518 : 105 1195 27 35 1
519 : 70 1195 27 35 1
520 : 624 1006 24 39 1
521 : 446 1223 28 34 1
522 : 171 264 17 57 1
523 : 564 627 20 47 1
524 : 938 1128 26 36 1
525 : 148 1101 37 25 0
526 : 484 769 22 44 1
527 : 820 908 41 23 0
528 : 507 1006 39 24 0
529 : 55 337 17 55 1
530 : 535 1032 25 38 1
531 : 852 478 50 19 0
532 : 765 445 18 51 1
533 : 771 1256 29 33 0
534 : 668 1321 31 30 1
535 : 742 1256 29 33 0
536 : 576 1321 31 31 0
537 : 802 478 50 19 0
538 : 890 513 49 19 0
539 : 744 1289 32 29 1
540 : 585 1006 24 39 1
541 : 172 834 22 43 1
542 : 360 729 45 21 0
543 : 378 1223 34 28 0
544 : 611 627 47 20 0
545 : 252 874 22 42 1
546 : 210 874 22 42 1
547 : 497 1032 25 38 1
548 : 220 337 17 55 1
549 : 46 690 20 46 1
550 : 468 1006 39 24 0
551 : 168 874 22 42 1
552 : 92 690 20 46 1
553 : 52 409 52 18 0
554 : 698 1321 30 31 0
555 : 582 1223 34 27 0
556 : 480 1223 34 28 0
557 : 185 1101 37 25 0
558 : 412 1223 28 34 1
559 : 912 549 48 19 0
560 : 738 908 23 41 1
561 : 715 1289 29 32 0
562 : 481 1101 37 25 0
563 : 658 627 47 20 0
564 : 572 769 21 44 1
565 : 342 264 57 16 0
566 : 828 1256 28 33 0
567 : 429 1006 39 24 0
568 : 40 969 40 23 0
569 : 800 1256 28 33 0
570 : 686 1289 29 32 0
571 : 470 627 47 20 0
572 : 444 1101 25 37 1
573 : 140 1195 35 27 0
574 : 928 938 23 40 1
575 : 663 1006 24 39 1
576 : 840 202 15 60 1
577 : 866 1128 26 36 1
578 : 245 1195 26 35 1
579 : 548 1223 27 34 1
580 : 280 1195 26 35 1
581 : 208 409 52 18 0
582 : 780 202 60 15 0
583 : 763 1032 38 24 0
584 : 725 1032 38 24 0
585 : 976 164 38 24 1
586 : 802 1289 29 32 0
587 : 450 729 45 20 0
588 : 714 445 18 51 1
589 : 129 834 22 43 1
590 : 900 202 60 15 0
591 : 939 513 49 19 0
592 : 0 513 18 50 1
593 : 638 1321 31 30 1
594 : 407 1101 25 37 1
595 : 687 1032 38 24 0
596 : 86 834 43 22 0
597 : 0 969 40 23 0
598 : 705 627 20 47 1
599 : 816 445 51 18 0
600 : 333 1101 37 25 0
601 : 546 1006 39 24 0
602 : 902 1128 26 36 1
603 : 296 1101 25 37 1
604 : 649 1032 24 38 1
605 : 939 1256 33 27 1
606 : 773 1289 29 32 0
607 : 517 627 20 47 1
608 : 259 1101 25 37 1
609 : 902 908 22 41 1
610 : 728 1321 31 30 1
611 : 175 1195 35 26 0
612 : 741 1006 23 39 1
613 : 864 549 19 48 1
614 : 616 769 21 44 1
615 : 792 513 49 19 0
616 : 80 969 23 40 1
617 : 531 232 15 59 1
618 : 514 1223 27 34 1
619 : 120 969 23 40 1
620 : 210 1195 26 35 1
621 : 215 834 21 43 1
622 : 816 549 19 48 1
623 : 788 1321 31 29 1
624 : 817 1321 31 29 1
625 : 315 1195 26 35 1
626 : 258 834 43 21 0
627 : 156 409 52 18 0
628 : 370 1101 25 37 1
629 : 555 1101 37 24 0
630 : 943 908 41 22 0
631 : 884 1256 33 28 1
632 : 831 1289 28 32 0
633 : 0 690 20 46 1
634 : 861 908 41 22 0
635 : 660 769 44 20 0
636 : 222 1101 25 37 1
637 : 799 627 19 47 1
638 : 912 1256 27 33 0
639 : 41 938 41 21 0
640 : 518 1101 37 24 0
641 : 752 627 47 19 0
642 : 702 1006 39 23 0
643 : 32 1321 27 32 1
644 : 385 1195 35 25 0
645 : 974 1128 26 34 0
646 : 294 874 42 21 0
647 : 859 1289 27 32 0
648 : 0 1162 36 24 0
649 : 886 1289 27 32 0
650 : 913 1289 32 27 1
651 : 819 1006 22 39 1
652 : 301 834 20 43 1
653 : 402 1352 30 28 0
654 : 940 1289 32 27 1
655 : 100 513 50 17 0
656 : 0 938 21 41 1
657 : 336 874 42 21 0
658 : 312 409 52 16 0
659 : 260 409 17 52 1
660 : 350 1195 35 25 0
661 : 495 729 19 45 1
662 : 372 1352 29 30 1
663 : 858 1006 22 39 1
664 : 966 1256 33 26 1
665 : 967 1289 27 32 0
666 : 0 1321 32 27 0
667 : 120 1381 29 29 0
668 : 200 969 21 40 1
669 : 36 1162 36 24 0
670 : 420 1195 35 24 0
671 : 592 1101 23 37 1
672 : 780 1006 22 39 1
673 : 50 513 17 50 1
674 : 629 1101 23 37 1
675 : 64 1321 26 32 1
676 : 160 969 40 21 0
677 : 108 1162 36 23 0
678 : 72 1162 23 36 1
679 : 468 409 16 52 1
680 : 455 1195 35 24 0
681 : 650 1223 24 34 1
682 : 138 690 18 46 1
683 : 456 264 57 15 0
684 : 560 1195 35 23 0
685 : 399 264 57 15 0
686 : 978 834 40 21 1
687 : 616 1223 24 34 1
688 : 432 1352 28 30 1
689 : 595 1195 23 35 1
690 : 416 409 52 16 0
691 : 168 301 56 15 0
692 : 184 690 46 18 0
693 : 462 1352 30 28 0
694 : 972 1352 28 29 0
695 : 0 585 17 48 1
696 : 275 337 15 55 1
697 : 364 409 52 16 0
698 : 513 264 57 14 0
699 : 392 301 56 14 0
700 : 224 301 15 56 1
701 : 144 1162 23 36 1
702 : 280 301 56 15 0
703 : 150 513 16 50 1
704 : 33 1289 25 33 1
705 : 666 1101 37 22 0
706 : 180 1162 36 23 0
707 : 0 1289 33 25 0
708 : 872 1321 31 26 1
709 : 525 1195 35 23 0
710 : 216 1162 36 22 0
711 : 630 1195 23 35 1
712 : 976 337 24 33 0
713 : 520 409 52 15 0
714 : 522 1352 26 30 1
715 : 490 1195 35 23 0
716 : 448 301 56 14 0
717 : 492 1352 30 27 0
718 : 240 969 20 40 1
719 : 66 1289 33 24 0
720 : 704 769 44 18 0
721 : 846 1321 31 26 1
722 : 378 874 42 19 0
723 : 336 301 56 14 0
724 : 252 1162 36 22 0
725 : 897 1006 20 39 1
726 : 948 1321 31 25 1
727 : 504 301 14 56 1
728 : 665 1195 22 35 1
729 : 324 1162 21 36 1
730 : 149 1381 27 29 0
731 : 212 370 53 15 0
732 : 700 1195 35 22 0
733 : 420 874 42 19 0
734 : 574 1381 27 28 0
735 : 752 1223 34 22 0
736 : 923 1321 31 25 1
737 : 288 1162 21 36 1
738 : 898 1321 31 25 1
739 : 48 585 16 48 1
740 : 540 729 17 45 1
741 : 493 1381 28 27 1
742 : 176 1381 29 26 1
743 : 552 1352 30 25 0
744 : 582 1352 25 30 1
745 : 132 1289 33 23 0
746 : 777 1101 37 20 0
747 : 547 1381 27 28 0
748 : 684 1223 22 34 1
749 : 735 1195 21 35 1
750 : 786 1223 34 22 0
751 : 612 1352 25 30 1
752 : 99 1289 33 23 0
753 : 520 1381 27 28 0
754 : 718 1223 34 22 0
755 : 740 1101 37 20 0
756 : 128 1321 23 32 1
757 : 230 690 16 46 1
758 : 140 1410 27 27 0
759 : 160 1321 23 32 1
760 : 703 1101 20 37 1
761 : 846 627 16 47 1
762 : 264 1289 22 33 1
763 : 280 969 40 19 0
764 : 192 585 48 15 0
765 : 192 1321 32 23 0
766 : 96 1321 32 23 0
767 : 676 409 52 14 0
768 : 231 1289 22 33 1
769 : 572 409 14 52 1
770 : 867 445 14 51 1
771 : 396 1162 36 20 0
772 : 748 769 44 17 0
773 : 504 874 42 17 0
774 : 144 585 48 15 0
775 : 202 1381 29 25 1
776 : 956 1223 34 21 0
777 : 123 938 18 41 1
778 : 82 938 18 41 1
779 : 973 1321 24 31 0
780 : 265 370 53 14 0
781 : 165 1289 33 22 0
782 : 982 729 40 18 1
783 : 167 1410 27 27 0
784 : 801 1032 38 19 0
785 : 224 1321 32 23 0
786 : 922 1223 34 21 0
787 : 624 409 52 14 0
788 : 888 1223 21 34 1
789 : 198 1289 22 33 1
790 : 854 1223 21 34 1
791 : 256 1321 32 23 0
792 : 288 1321 22 32 1
793 : 642 1352 30 24 0
794 : 246 938 17 41 1
795 : 200 513 14 50 1
796 : 770 1195 35 21 0
797 : 227 1381 25 29 0
798 : 276 690 46 15 0
799 : 360 1162 20 36 1
800 : 601 1381 28 26 1
801 : 820 1223 34 21 0
802 : 814 1101 19 37 1
803 : 877 1032 18 38 1
804 : 936 1006 18 39 1
805 : 702 1352 23 30 1
806 : 96 585 15 48 1
807 : 205 938 17 41 1
808 : 124 1352 31 22 0
809 : 250 513 50 14 0
810 : 0 1256 34 20 0
811 : 462 874 17 42 1
812 : 728 409 52 13 0
813 : 0 1352 31 23 0
814 : 164 938 41 17 0
815 : 805 1195 20 35 1
816 : 384 1321 21 32 1
817 : 981 1064 37 19 1
818 : 320 969 40 17 0
819 : 300 513 14 50 1
820 : 155 1352 31 22 0
821 : 792 769 16 44 1
822 : 344 834 16 43 1
823 : 387 834 16 43 1
824 : 795 1381 24 28 0
825 : 194 1410 26 27 0
826 : 252 1381 29 24 1
827 : 771 1381 28 24 1
828 : 505 1410 26 26 0
829 : 840 1195 20 35 1
830 : 627 1381 24 28 0
831 : 780 409 13 52 1
832 : 918 445 13 51 1
833 : 851 1101 18 37 1
834 : 62 1352 22 31 1
835 : 630 874 16 42 1
836 : 468 1162 19 36 1
837 : 836 769 15 44 1
838 : 320 1321 32 21 0
839 : 31 1352 31 22 0
840 : 875 1195 19 35 1
841 : 672 1352 30 23 0
842 : 940 627 47 14 0
843 : 322 1381 23 29 0
844 : 245 1410 27 25 1
845 : 93 1352 31 22 0
846 : 888 1101 18 37 1
847 : 288 585 48 14 0
848 : 287 938 41 16 0
849 : 723 1381 28 24 1
850 : 915 1032 18 38 1
851 : 0 1032 17 39 1
852 : 270 1410 27 25 1
853 : 432 1162 36 19 0
854 : 747 1381 28 24 1
855 : 893 627 14 47 1
856 : 352 1321 21 32 1
857 : 350 513 50 13 0
858 : 839 1032 38 18 0
859 : 651 1381 28 24 1
860 : 699 1381 28 24 1
861 : 240 585 14 48 1
862 : 546 874 16 42 1
863 : 336 585 14 48 1
864 : 473 834 15 43 1
865 : 675 1381 24 28 0
866 : 186 1352 31 21 0
867 : 217 1352 31 21 0
868 : 322 690 14 46 1
869 : 581 1410 25 26 0
870 : 363 1289 33 20 0
871 : 367 1410 24 27 0
872 : 606 1410 26 25 1
873 : 276 1381 29 23 1
874 : 540 1162 36 18 0
875 : 102 1256 34 19 0
876 : 588 874 42 16 0
877 : 819 1381 28 23 1
878 : 299 1381 23 29 0
879 : 297 1289 20 33 1
880 : 220 1410 27 25 1
881 : 343 1410 27 24 1
882 : 279 1352 31 21 0
883 : 34 1256 34 19 0
884 : 330 1289 20 33 1
885 : 319 1410 27 24 1
886 : 945 1195 35 19 0
887 : 732 1352 30 22 0
888 : 880 769 15 44 1
889 : 762 1352 22 30 1
890 : 396 1289 33 20 0
891 : 910 1195 35 19 0
892 : 756 874 15 42 1
893 : 531 1410 26 25 1
894 : 822 1352 21 30 1
895 : 975 1006 25 26 0
896 : 295 1410 27 24 1
897 : 865 1381 28 23 1
898 : 39 1032 16 39 1
899 : 0 478 13 51 1
900 : 51 478 13 51 1
901 : 792 1352 30 21 0
902 : 430 834 43 15 0
903 : 585 729 14 45 1
904 : 248 1352 31 21 0
905 : 924 769 44 15 0
906 : 35 1223 18 35 1
907 : 460 1410 27 23 1
908 : 0 1223 18 35 1
909 : 631 1410 24 26 0
910 : 655 1410 24 26 0
911 : 345 1381 22 29 0
912 : 842 1381 23 28 0
913 : 504 1162 36 18 0
914 : 105 1223 35 18 0
915 : 416 1321 32 20 0
916 : 852 1352 21 30 1
917 : 367 1381 29 22 1
918 : 954 1381 28 22 1
919 : 556 1410 25 26 0
920 : 429 1289 33 19 0
921 : 389 1381 29 22 1
922 : 727 1410 24 26 0
923 : 495 1289 19 33 1
924 : 888 1381 28 22 1
925 : 68 1256 34 19 0
926 : 310 1352 31 20 0
927 : 391 1410 23 27 0
928 : 70 1223 35 18 0
929 : 703 1410 26 24 1
930 : 751 1410 24 26 0
931 : 953 1032 17 38 1
932 : 679 1410 24 26 0
933 : 882 874 15 42 1
934 : 962 1101 37 17 0
935 : 437 1410 27 23 1
936 : 672 874 15 42 1
937 : 78 1032 16 39 1
938 : 925 1101 37 17 0
939 : 414 1410 23 27 0
940 : 38 1064 38 16 0
941 : 714 874 42 15 0
942 : 910 1381 28 22 1
943 : 0 650 13 47 1
944 : 480 1321 20 32 1
945 : 867 1410 25 25 0
946 : 136 1256 34 18 0
947 : 512 1321 32 19 0
948 : 798 874 15 42 1
949 : 912 1352 30 21 0
950 : 840 874 15 42 1
951 : 544 1321 32 19 0
952 : 76 1064 38 16 0
953 : 882 1352 30 21 0
954 : 384 585 48 13 0
955 : 37 1128 37 17 0
956 : 932 1381 28 22 1
957 : 448 1321 32 20 0
958 : 684 1162 36 17 0
959 : 0 1128 37 17 0
960 : 462 1289 19 33 1
961 : 942 1352 20 30 1
962 : 432 1381 29 21 1
963 : 916 1410 25 24 1
964 : 821 1410 23 26 0
965 : 528 1289 18 33 1
966 : 576 1162 36 17 0
967 : 84 1410 21 28 1
968 : 844 1410 26 23 1
969 : 892 1410 25 24 1
970 : 984 969 37 16 1
971 : 648 1162 36 17 0
972 : 30 1381 20 30 1
973 : 204 1256 18 34 1
974 : 775 1410 23 26 0
975 : 0 1410 21 28 1
976 : 170 1256 34 18 0
977 : 0 1064 38 16 0
978 : 612 1162 17 36 1
979 : 411 1381 29 21 1
980 : 798 1410 26 23 1
981 : 272 1256 17 34 1
982 : 28 1410 28 21 0
983 : 561 1289 33 18 0
984 : 56 1410 28 21 0
985 : 306 1256 17 34 1
986 : 0 1381 30 20 0
987 : 473 1381 29 20 1
988 : 976 1381 21 28 0
989 : 60 1381 30 19 0
990 : 940 1410 24 24 0
991 : 238 1256 34 17 0
992 : 453 1381 20 29 0
993 : 341 1352 31 19 0
994 : 964 1410 24 24 0
995 : 112 1410 21 28 1
996 : 90 1381 30 19 0
997 : 980 1195 28 20 1
998 : 483 1410 22 27 0
999 : 0 794 13 44 1
