300 568
0 : 180 342 90 36 0
1 : 285 342 79 15 1
2 : 202 270 90 36 0
3 : 0 95 244 70 0
4 : 51 501 39 15 0
5 : 0 528 55 15 0
6 : 90 511 53 14 0
7 : 0 414 90 36 0
8 : 90 450 80 32 0
9 : 0 306 101 36 0
10 : 244 95 62 31 1
11 : 203 528 40 16 0
12 : 52 486 38 15 0
13 : 264 198 24 32 0
14 : 0 0 300 95 0
15 : 209 165 80 32 0
16 : 198 544 38 15 0
17 : 243 528 40 16 0
18 : 0 165 209 33 0
19 : 0 234 101 36 0
20 : 156 528 47 15 0
21 : 0 544 40 16 0
22 : 275 95 60 24 1
23 : 0 342 90 36 0
24 : 120 544 39 15 0
25 : 159 544 39 15 0
26 : 55 528 51 15 0
27 : 40 544 40 15 0
28 : 101 234 101 36 0
29 : 66 213 60 18 0
30 : 90 482 55 15 0
31 : 266 450 60 15 1
32 : 0 213 66 15 0
33 : 236 544 24 32 1
34 : 0 378 90 36 0
35 : 0 501 51 18 0
36 : 191 306 90 36 0
37 : 90 378 90 36 0
38 : 248 450 60 18 1
39 : 180 378 90 36 0
40 : 283 528 17 16 0
41 : 281 450 59 14 1
42 : 0 198 163 15 0
43 : 163 198 101 36 0
44 : 90 414 90 36 0
45 : 0 486 52 15 0
46 : 180 414 90 36 0
47 : 106 528 50 15 0
48 : 80 544 40 15 0
49 : 90 497 54 14 0
50 : 0 270 101 36 0
51 : 0 450 90 36 0
52 : 101 270 101 36 0
53 : 202 234 90 36 0
54 : 170 450 78 78 0
55 : 101 306 90 36 0
56 : 90 342 90 36 0
57 : 270 342 80 15 1
