200 230
0 : 126 54 66 25 0
1 : 0 131 14 30 1
2 : 156 177 18 14 0
3 : 26 196 43 34 0
4 : 65 79 59 30 0
5 : 46 66 10 16 1
6 : 161 0 8 33 1
7 : 0 109 22 47 1
8 : 113 196 18 16 1
9 : 47 121 26 13 0
10 : 44 171 24 17 0
11 : 62 75 26 4 0
12 : 188 79 7 28 0
13 : 68 146 26 14 0
14 : 83 109 30 51 1
15 : 29 146 39 25 0
16 : 37 193 7 3 0
17 : 187 146 19 9 1
18 : 192 54 25 6 1
19 : 44 188 8 14 1
20 : 83 0 18 78 1
21 : 30 131 14 17 1
22 : 0 54 62 12 0
23 : 62 54 15 64 1
24 : 195 79 16 5 1
25 : 154 18 46 13 0
26 : 148 196 27 26 1
27 : 91 18 12 63 1
28 : 180 79 30 8 1
29 : 0 18 36 91 1
30 : 68 160 23 31 0
31 : 73 121 8 13 0
32 : 191 109 22 9 1
33 : 91 43 9 50 1
34 : 195 95 14 4 1
35 : 66 134 8 16 1
36 : 175 146 22 12 1
37 : 134 109 57 37 0
38 : 191 8 7 6 0
39 : 47 109 12 36 1
40 : 0 146 11 29 1
41 : 124 79 30 56 1
42 : 94 146 50 62 1
43 : 91 30 61 13 0
44 : 194 0 4 7 0
45 : 154 44 7 33 1
46 : 0 196 16 26 1
47 : 0 66 12 46 1
48 : 0 157 21 27 0
49 : 0 79 28 65 1
50 : 66 142 4 4 0
51 : 47 134 9 19 1
52 : 154 31 40 13 0
53 : 83 139 6 19 1
54 : 29 171 15 22 0
55 : 156 146 19 31 0
56 : 69 196 21 17 1
57 : 118 69 5 6 0
58 : 191 131 5 15 0
59 : 161 8 30 7 0
60 : 99 69 6 19 1
61 : 141 43 8 12 1
62 : 21 157 11 8 1
63 : 129 196 19 21 0
64 : 86 196 18 14 1
65 : 161 15 3 20 1
66 : 181 15 18 3 0
67 : 0 0 83 16 0
68 : 100 196 16 13 1
69 : 188 107 2 7 1
70 : 194 31 6 10 0
71 : 62 69 37 6 0
72 : 29 193 8 3 0
