247 663
0 : 205 575 39 27 0
1 : 202 396 41 33 0
2 : 0 602 46 17 0
3 : 150 629 33 17 0
4 : 223 477 27 17 1
5 : 152 249 88 17 0
6 : 216 629 31 17 0
7 : 207 205 43 17 1
8 : 0 165 213 40 0
9 : 0 646 33 17 0
10 : 95 646 29 17 0
11 : 200 423 45 27 0
12 : 188 504 57 27 0
13 : 114 629 36 17 0
14 : 98 423 102 17 0
15 : 0 629 39 17 0
16 : 0 81 240 40 0
17 : 213 602 25 27 1
18 : 82 450 82 17 0
19 : 176 558 54 17 0
20 : 153 646 24 17 0
21 : 183 629 33 17 0
22 : 112 347 117 33 0
23 : 0 531 67 17 0
24 : 103 396 99 27 0
25 : 213 165 40 17 1
26 : 0 39 244 42 0
27 : 39 629 38 17 0
28 : 0 314 146 33 0
29 : 0 450 82 17 0
30 : 105 575 50 17 0
31 : 64 646 31 17 0
32 : 0 121 224 44 0
33 : 77 629 37 17 0
34 : 146 314 88 38 0
35 : 0 205 207 44 0
36 : 0 249 152 65 0
37 : 0 396 103 27 0
38 : 130 504 58 27 0
39 : 0 504 61 27 0
40 : 0 477 71 27 0
41 : 229 347 47 17 1
42 : 0 423 98 27 0
43 : 147 477 76 17 0
44 : 197 531 50 27 0
45 : 67 531 67 17 0
46 : 0 0 247 39 0
47 : 230 558 17 17 0
48 : 230 165 39 17 1
49 : 33 646 31 17 0
50 : 197 646 15 17 0
51 : 0 575 53 17 0
52 : 0 347 112 49 0
53 : 71 477 76 17 0
54 : 46 602 46 17 0
55 : 224 205 43 17 1
56 : 61 504 69 17 0
57 : 92 602 45 17 0
58 : 124 646 29 17 0
59 : 164 450 71 27 0
60 : 224 121 44 17 1
61 : 60 558 60 17 0
62 : 120 558 56 17 0
63 : 177 646 20 17 0
64 : 155 575 50 17 0
65 : 0 558 60 17 0
66 : 134 531 63 17 0
67 : 171 602 42 17 0
68 : 137 602 34 27 0
69 : 53 575 52 17 0
