1000 1324
0 : 0 0 66 61 0
1 : 66 0 62 48 0
2 : 128 0 62 46 0
3 : 190 0 61 43 0
4 : 251 0 39 62 1
5 : 313 0 38 61 0
6 : 351 0 30 71 1
7 : 422 0 56 37 1
8 : 459 0 52 39 1
9 : 572 0 36 55 0
10 : 498 0 74 27 0
11 : 608 0 42 47 0
12 : 650 0 61 32 0
13 : 711 0 58 32 1
14 : 783 0 51 36 1
15 : 743 0 46 40 1
16 : 857 0 79 23 0
17 : 819 0 48 38 1
18 : 0 61 79 23 0
19 : 936 0 30 60 0
20 : 197 61 22 81 1
21 : 483 61 36 49 1
22 : 278 61 25 71 1
23 : 684 61 73 24 0
24 : 426 61 57 31 0
25 : 79 61 72 25 0
26 : 757 61 50 35 0
27 : 0 101 56 31 0
28 : 966 0 33 54 0
29 : 151 61 39 46 1
30 : 532 61 28 63 1
31 : 349 61 77 23 0
32 : 308 101 43 40 0
33 : 260 101 36 48 1
34 : 907 61 56 31 0
35 : 56 101 51 34 0
36 : 158 101 54 32 0
37 : 595 61 44 40 0
38 : 860 61 37 47 1
39 : 107 101 51 34 0
40 : 212 101 48 36 0
41 : 807 61 53 33 0
42 : 639 61 39 45 1
43 : 429 101 34 50 1
44 : 351 101 22 78 1
45 : 479 101 51 33 0
46 : 530 101 29 58 1
47 : 630 101 73 23 0
48 : 703 101 23 73 1
49 : 903 101 37 45 1
50 : 776 101 73 23 0
51 : 588 101 42 40 0
52 : 0 141 26 64 1
53 : 849 101 31 54 1
54 : 143 141 23 72 1
55 : 64 141 79 21 0
56 : 265 141 35 47 1
57 : 948 101 33 50 1
58 : 312 141 39 42 1
59 : 215 141 33 50 1
60 : 354 141 54 30 0
61 : 408 141 60 27 0
62 : 590 141 47 34 0
63 : 517 141 22 73 1
64 : 468 141 49 33 0
65 : 637 141 37 43 1
66 : 770 141 30 52 1
67 : 0 180 67 23 0
68 : 680 141 35 45 1
69 : 822 141 62 25 0
70 : 134 180 24 64 1
71 : 725 141 35 45 1
72 : 884 141 36 43 1
73 : 358 180 26 59 1
74 : 927 141 43 36 0
75 : 67 180 67 23 0
76 : 417 180 34 45 1
77 : 198 180 64 24 0
78 : 262 180 32 48 1
79 : 462 180 30 51 1
80 : 310 180 32 48 1
81 : 513 180 25 61 1
82 : 765 180 55 27 0
83 : 620 180 54 28 0
84 : 574 180 33 46 1
85 : 717 180 31 48 1
86 : 820 180 45 33 0
87 : 939 180 51 29 0
88 : 674 180 43 35 0
89 : 865 180 74 20 0
90 : 106 215 50 29 0
91 : 963 61 40 37 1
92 : 0 215 25 59 1
93 : 59 215 31 47 1
94 : 234 215 30 48 1
95 : 379 215 46 31 0
96 : 156 215 37 39 1
97 : 195 215 37 39 1
98 : 732 215 63 22 0
99 : 337 215 34 42 1
100 : 282 215 26 55 1
101 : 646 215 31 45 1
102 : 425 215 67 21 0
103 : 585 215 23 61 1
104 : 533 252 23 59 1
105 : 864 215 46 30 0
106 : 300 252 62 22 0
107 : 492 215 26 54 1
108 : 546 215 36 39 1
109 : 474 252 59 23 0
110 : 795 215 69 20 0
111 : 910 215 51 27 0
112 : 256 252 31 44 1
113 : 55 252 28 49 1
114 : 961 215 37 37 0
115 : 691 215 34 41 1
116 : 362 252 31 44 1
117 : 104 252 49 28 0
118 : 191 252 65 21 0
119 : 406 252 20 68 1
120 : 153 252 36 38 1
121 : 0 252 55 25 0
122 : 757 252 24 55 1
123 : 812 252 33 40 1
124 : 687 252 70 19 0
125 : 216 288 29 45 1
126 : 644 252 31 43 1
127 : 918 252 57 23 0
128 : 592 252 52 26 0
129 : 126 288 45 29 0
130 : 852 252 20 66 1
131 : 0 288 23 57 1
132 : 171 288 45 29 0
133 : 676 288 51 25 0
134 : 261 288 25 52 1
135 : 819 288 20 63 1
136 : 57 288 69 19 0
137 : 632 288 44 29 0
138 : 428 288 28 46 1
139 : 474 288 23 56 1
140 : 774 288 28 45 1
141 : 313 288 26 50 1
142 : 0 317 37 34 0
143 : 363 288 65 20 0
144 : 530 288 28 46 1
145 : 351 317 65 19 0
146 : 576 288 56 23 0
147 : 179 317 46 27 0
148 : 882 288 28 45 1
149 : 727 288 47 27 0
150 : 37 317 38 33 0
151 : 927 288 45 28 0
152 : 916 317 64 19 0
153 : 75 317 24 52 1
154 : 501 317 18 68 1
155 : 271 317 40 31 0
156 : 225 317 46 27 0
157 : 736 317 20 61 1
158 : 0 351 32 38 1
159 : 127 317 52 24 0
160 : 38 351 38 32 0
161 : 569 317 34 36 1
162 : 460 317 30 41 1
163 : 667 351 44 27 0
164 : 76 351 31 39 1
165 : 797 317 20 61 1
166 : 783 351 33 36 1
167 : 605 317 26 47 1
168 : 286 351 48 25 0
169 : 819 351 32 37 1
170 : 155 385 62 19 0
171 : 311 317 31 40 1
172 : 416 317 28 44 1
173 : 158 351 48 25 0
174 : 384 351 19 63 1
175 : 652 317 47 26 0
176 : 206 351 40 30 0
177 : 447 351 46 26 0
178 : 711 351 36 33 0
179 : 246 351 40 30 0
180 : 37 385 20 59 1
181 : 591 351 34 35 1
182 : 856 351 37 32 0
183 : 115 351 28 43 1
184 : 747 351 33 36 1
185 : 493 351 26 46 1
186 : 858 317 21 58 1
187 : 626 351 29 41 1
188 : 255 385 24 49 1
189 : 699 317 33 37 1
190 : 893 351 32 37 1
191 : 930 351 37 32 0
192 : 409 385 56 21 0
193 : 712 385 65 18 0
194 : 559 385 23 51 1
195 : 610 385 23 51 1
196 : 970 141 30 39 0
197 : 334 351 50 24 0
198 : 539 351 52 23 0
199 : 0 385 37 32 0
200 : 661 385 51 23 0
201 : 894 385 27 43 1
202 : 777 385 30 39 1
203 : 329 417 48 24 0
204 : 304 385 56 21 0
205 : 512 385 25 47 1
206 : 360 385 24 49 1
207 : 217 385 38 31 0
208 : 172 417 19 61 1
209 : 294 417 33 35 1
210 : 96 385 59 20 0
211 : 465 385 25 47 1
212 : 639 417 31 37 1
213 : 937 385 27 43 1
214 : 394 450 25 45 1
215 : 377 417 18 64 1
216 : 43 417 27 43 1
217 : 86 417 27 43 1
218 : 441 417 36 32 0
219 : 816 385 30 39 1
220 : 764 417 60 19 0
221 : 477 417 24 48 1
222 : 129 417 27 43 1
223 : 233 417 61 19 0
224 : 824 417 60 19 0
225 : 261 450 29 39 1
226 : 855 385 30 39 1
227 : 300 450 24 47 1
228 : 676 417 26 44 1
229 : 720 417 26 44 1
230 : 0 450 60 19 0
231 : 589 417 50 23 0
232 : 696 450 56 20 0
233 : 0 417 43 27 0
234 : 222 450 29 39 1
235 : 60 450 57 20 0
236 : 428 482 65 17 0
237 : 108 482 21 53 1
238 : 439 450 51 22 0
239 : 525 417 18 64 1
240 : 347 450 47 24 0
241 : 490 450 51 22 0
242 : 117 450 63 18 0
243 : 161 482 30 37 1
244 : 679 482 24 46 1
245 : 752 450 26 43 1
246 : 924 450 31 36 1
247 : 539 482 48 23 0
248 : 633 482 46 24 0
249 : 884 417 19 60 1
250 : 960 450 31 36 1
251 : 0 482 31 36 1
252 : 541 450 28 40 1
253 : 493 482 46 24 0
254 : 773 482 58 19 0
255 : 838 450 26 43 1
256 : 180 450 27 42 1
257 : 193 513 18 61 1
258 : 616 450 40 28 0
259 : 235 482 30 37 1
260 : 656 450 28 40 1
261 : 587 482 46 24 0
262 : 944 417 54 21 0
263 : 795 450 26 43 1
264 : 967 351 33 34 0
265 : 581 450 35 32 0
266 : 36 482 36 31 0
267 : 44 513 25 44 1
268 : 272 482 30 37 1
269 : 346 482 27 41 1
270 : 527 513 23 47 1
271 : 429 513 64 17 0
272 : 881 450 26 43 1
273 : 388 546 17 63 1
274 : 387 482 27 41 1
275 : 927 482 44 25 0
276 : 831 482 58 19 0
277 : 396 513 33 33 0
278 : 0 513 44 25 0
279 : 60 546 49 22 0
280 : 889 482 29 38 1
281 : 88 513 50 22 0
282 : 337 546 51 21 0
283 : 309 482 30 37 1
284 : 72 482 31 36 1
285 : 198 482 30 37 1
286 : 254 513 18 61 1
287 : 713 513 24 45 1
288 : 109 546 25 43 1
289 : 758 513 40 27 0
290 : 315 513 26 42 1
291 : 138 513 20 55 1
292 : 798 513 40 27 0
293 : 838 513 30 36 1
294 : 493 513 34 32 0
295 : 152 546 29 37 1
296 : 357 513 39 28 0
297 : 725 482 48 23 0
298 : 261 575 32 33 1
299 : 874 513 40 27 0
300 : 668 513 24 45 1
301 : 294 575 24 44 1
302 : 574 513 23 47 1
303 : 189 546 29 37 1
304 : 811 546 20 53 1
305 : 572 575 27 39 1
306 : 637 546 19 56 1
307 : 914 513 45 24 0
308 : 226 546 37 29 0
309 : 0 546 18 60 1
310 : 959 513 30 36 1
311 : 263 546 37 29 0
312 : 338 575 24 44 1
313 : 494 575 27 39 1
314 : 514 546 26 41 1
315 : 917 546 23 46 1
316 : 0 575 46 23 0
317 : 92 575 48 22 0
318 : 489 607 61 17 0
319 : 550 607 61 17 0
320 : 931 607 23 45 1
321 : 555 546 26 41 1
322 : 621 513 23 47 1
323 : 611 575 50 21 0
324 : 455 575 39 27 0
325 : 661 575 50 21 0
326 : 149 607 52 20 0
327 : 201 607 52 20 0
328 : 451 546 17 63 1
329 : 300 546 37 29 0
330 : 0 668 17 60 1
331 : 60 668 17 60 1
332 : 416 575 27 39 1
333 : 693 546 18 59 1
334 : 46 575 23 46 1
335 : 184 575 32 33 1
336 : 217 575 24 44 1
337 : 0 636 23 45 1
338 : 596 546 26 41 1
339 : 711 575 30 35 1
340 : 746 575 50 21 0
341 : 382 575 34 31 0
342 : 253 607 52 20 0
343 : 55 607 36 29 0
344 : 524 636 41 25 0
345 : 533 575 27 39 1
346 : 45 636 23 45 1
347 : 465 668 26 39 1
348 : 796 575 30 35 1
349 : 831 575 35 30 0
350 : 227 636 24 43 1
351 : 709 607 37 28 0
352 : 91 607 18 58 1
353 : 357 607 26 40 1
354 : 356 636 27 38 1
355 : 270 636 24 43 1
356 : 963 546 32 33 1
357 : 140 575 24 44 1
358 : 908 575 19 55 1
359 : 820 607 37 28 0
360 : 752 546 18 59 1
361 : 864 546 53 20 0
362 : 857 607 28 37 1
363 : 894 607 28 37 1
364 : 137 636 22 47 1
365 : 394 636 27 38 1
366 : 397 607 40 26 0
367 : 432 636 19 54 1
368 : 180 668 60 17 0
369 : 348 668 26 39 1
370 : 824 668 28 36 1
371 : 866 575 42 25 0
372 : 677 668 21 48 1
373 : 746 607 28 37 1
374 : 963 575 29 36 1
375 : 313 636 43 24 0
376 : 672 607 37 28 0
377 : 0 607 55 19 0
378 : 631 668 22 46 1
379 : 860 668 28 36 1
380 : 401 728 52 19 0
381 : 387 668 26 39 1
382 : 825 636 31 33 1
383 : 309 668 26 39 1
384 : 783 607 37 28 0
385 : 216 698 63 16 0
386 : 90 636 47 22 0
387 : 305 607 52 20 0
388 : 611 607 17 61 1
389 : 279 698 24 42 1
390 : 647 636 25 41 1
391 : 924 636 33 31 0
392 : 793 636 32 32 0
393 : 33 728 18 55 1
394 : 274 668 35 29 0
395 : 399 698 53 19 0
396 : 688 636 25 41 1
397 : 725 668 63 16 0
398 : 729 636 32 32 0
399 : 120 668 17 60 1
400 : 722 698 37 27 0
401 : 759 698 27 37 1
402 : 0 728 30 33 1
403 : 184 636 43 24 0
404 : 957 636 34 30 0
405 : 606 636 25 41 1
406 : 437 607 52 20 0
407 : 858 636 33 31 0
408 : 940 698 33 30 0
409 : 505 698 50 20 0
410 : 645 698 25 40 1
411 : 891 636 33 31 0
412 : 486 636 38 27 0
413 : 595 698 20 50 1
414 : 121 728 45 22 0
415 : 761 636 32 32 0
416 : 426 668 26 39 1
417 : 63 698 42 24 0
418 : 105 698 63 16 0
419 : 168 698 48 21 0
420 : 291 758 16 61 1
421 : 363 728 38 26 0
422 : 565 636 25 41 1
423 : 321 698 28 36 1
424 : 504 668 26 39 1
425 : 452 698 19 53 1
426 : 0 698 63 16 0
427 : 587 668 23 44 1
428 : 769 728 21 47 1
429 : 796 698 37 27 0
430 : 833 698 37 27 0
431 : 816 728 29 34 1
432 : 959 668 28 36 1
433 : 555 698 25 40 1
434 : 240 668 30 34 1
435 : 788 668 36 28 0
436 : 277 728 23 43 1
437 : 777 758 36 27 0
438 : 581 728 21 47 1
439 : 357 698 24 42 1
440 : 352 758 16 61 1
441 : 513 758 25 39 1
442 : 230 758 61 16 0
443 : 453 728 38 26 0
444 : 543 668 23 44 1
445 : 88 728 30 33 1
446 : 896 668 63 16 0
447 : 0 817 60 16 0
448 : 907 698 30 33 1
449 : 518 786 46 21 0
450 : 628 728 21 47 1
451 : 166 728 22 45 1
452 : 870 698 27 37 1
453 : 434 786 23 42 1
454 : 723 758 18 54 1
455 : 76 758 49 20 0
456 : 60 817 20 48 1
457 : 675 728 21 47 1
458 : 160 758 28 35 1
459 : 891 728 24 41 1
460 : 932 728 41 24 0
461 : 320 728 43 23 0
462 : 722 728 21 47 1
463 : 685 698 27 37 1
464 : 0 786 19 51 1
465 : 491 728 19 52 1
466 : 747 786 24 40 1
467 : 125 758 28 35 1
468 : 787 786 32 30 0
469 : 211 728 30 33 1
470 : 564 786 23 42 1
471 : 849 758 19 51 1
472 : 850 728 41 24 0
473 : 813 758 27 36 1
474 : 195 758 28 35 1
475 : 474 758 25 39 1
476 : 0 758 41 24 0
477 : 552 758 25 39 1
478 : 344 817 56 17 0
479 : 476 786 23 42 1
480 : 218 872 17 55 1
481 : 244 728 30 33 1
482 : 328 872 17 55 1
483 : 45 846 16 59 1
484 : 392 786 23 42 1
485 : 669 758 54 18 0
486 : 543 728 26 38 1
487 : 108 786 51 19 0
488 : 260 786 44 22 0
489 : 413 758 61 16 0
490 : 304 786 44 22 0
491 : 276 817 28 34 1
492 : 606 786 23 42 1
493 : 591 758 25 39 1
494 : 648 786 37 26 0
495 : 685 786 31 31 0
496 : 819 786 16 60 1
497 : 186 846 23 41 1
498 : 879 786 48 20 0
499 : 41 758 28 35 1
500 : 927 786 30 32 1
501 : 959 786 40 24 0
502 : 0 872 52 18 0
503 : 900 758 57 17 0
504 : 630 758 25 39 1
505 : 957 758 23 42 1
506 : 831 817 21 45 1
507 : 438 872 49 19 0
508 : 727 872 31 30 0
509 : 216 786 22 44 1
510 : 104 846 23 41 1
511 : 400 817 38 25 0
512 : 438 817 25 38 1
513 : 159 786 57 17 0
514 : 812 846 26 36 1
515 : 604 902 28 33 1
516 : 145 846 23 41 1
517 : 514 817 50 19 0
518 : 911 817 27 35 1
519 : 946 817 27 35 1
520 : 848 846 24 39 1
521 : 310 817 28 34 1
522 : 51 786 17 57 1
523 : 356 846 20 47 1
524 : 887 846 26 36 1
525 : 111 902 37 25 0
526 : 348 786 22 44 1
527 : 227 846 41 23 0
528 : 104 872 39 24 0
529 : 383 872 17 55 1
530 : 614 817 25 38 1
531 : 652 817 50 19 0
532 : 40 930 18 51 1
533 : 108 817 29 33 1
534 : 696 872 31 30 0
535 : 141 817 29 33 1
536 : 716 786 31 31 0
537 : 564 817 50 19 0
538 : 487 872 49 19 0
539 : 821 872 32 29 0
540 : 591 846 24 39 1
541 : 788 817 22 43 1
542 : 0 846 45 21 0
543 : 174 817 34 28 0
544 : 450 846 47 20 0
545 : 518 902 22 42 1
546 : 410 902 22 42 1
547 : 476 817 25 38 1
548 : 273 872 17 55 1
549 : 931 902 20 46 1
550 : 721 846 39 24 0
551 : 637 902 22 42 1
552 : 885 902 20 46 1
553 : 760 846 52 18 0
554 : 634 872 30 31 1
555 : 193 930 34 27 0
556 : 208 817 34 28 0
557 : 148 902 37 25 0
558 : 242 817 28 34 1
559 : 409 930 48 19 0
560 : 268 846 23 41 1
561 : 789 872 29 32 1
562 : 222 902 37 25 0
563 : 403 846 47 20 0
564 : 333 902 21 44 1
565 : 457 930 57 16 0
566 : 377 902 28 33 1
567 : 923 846 39 24 0
568 : 765 902 40 23 0
569 : 452 902 28 33 1
570 : 917 872 29 32 1
571 : 309 846 47 20 0
572 : 37 902 25 37 1
573 : 876 817 35 27 0
574 : 845 902 23 40 1
575 : 682 846 24 39 1
576 : 237 957 15 60 1
577 : 182 872 26 36 1
578 : 721 930 26 35 1
579 : 227 930 27 34 1
580 : 826 930 26 35 1
581 : 630 846 52 18 0
582 : 297 957 60 15 0
583 : 295 930 38 24 0
584 : 333 930 38 24 0
585 : 371 930 38 24 0
586 : 853 872 29 32 1
587 : 82 957 45 20 0
588 : 91 930 18 51 1
589 : 745 817 22 43 1
590 : 127 957 60 15 0
591 : 536 872 49 19 0
592 : 187 957 18 50 1
593 : 665 872 31 30 0
594 : 185 902 25 37 1
595 : 552 930 38 24 0
596 : 702 817 43 22 0
597 : 805 902 40 23 0
598 : 497 846 20 47 1
599 : 142 930 51 18 0
600 : 949 872 37 25 0
601 : 143 872 39 24 0
602 : 962 846 26 36 1
603 : 74 902 25 37 1
604 : 514 930 24 38 1
605 : 592 957 33 27 0
606 : 885 872 29 32 1
607 : 544 846 20 47 1
608 : 259 902 25 37 1
609 : 947 930 22 41 1
610 : 758 872 31 30 0
611 : 756 930 35 26 0
612 : 427 957 23 39 1
613 : 638 930 19 48 1
614 : 560 902 21 44 1
615 : 585 872 49 19 0
616 : 0 930 23 40 1
617 : 732 957 15 59 1
618 : 261 930 27 34 1
619 : 679 902 23 40 1
620 : 686 930 26 35 1
621 : 861 930 21 43 1
622 : 590 930 19 48 1
623 : 357 957 31 29 0
624 : 971 482 31 29 1
625 : 791 930 26 35 1
626 : 904 930 43 21 0
627 : 52 872 52 18 0
628 : 0 902 25 37 1
629 : 695 957 37 24 0
630 : 0 957 41 22 0
631 : 485 902 33 28 0
632 : 466 957 28 32 1
633 : 719 902 20 46 1
634 : 41 957 41 22 0
635 : 0 986 44 20 0
636 : 296 902 25 37 1
637 : 498 957 19 47 1
638 : 625 957 27 33 1
639 : 370 986 41 21 0
640 : 658 957 37 24 0
641 : 545 957 47 19 0
642 : 388 957 39 23 0
643 : 106 986 27 32 1
644 : 975 252 35 25 1
645 : 791 957 26 34 1
646 : 877 957 42 21 0
647 : 138 986 27 32 1
648 : 170 986 36 24 0
649 : 206 986 27 32 1
650 : 74 986 32 27 0
651 : 495 986 22 39 1
652 : 452 986 20 43 1
653 : 29 1015 30 28 0
654 : 238 986 32 27 0
655 : 878 986 50 17 0
656 : 411 986 21 41 1
657 : 919 957 42 21 0
658 : 477 1015 52 16 0
659 : 825 957 17 52 1
660 : 961 957 35 25 0
661 : 645 986 19 45 1
662 : 44 986 29 30 1
663 : 534 986 22 39 1
664 : 573 986 33 26 0
665 : 270 986 27 32 1
666 : 302 986 32 27 0
667 : 0 1015 29 29 0
668 : 99 1015 21 40 1
669 : 334 986 36 24 0
670 : 442 1015 35 24 0
671 : 841 986 23 37 1
672 : 606 986 22 39 1
673 : 928 986 17 50 1
674 : 804 986 23 37 1
675 : 529 1015 26 32 1
676 : 169 1015 40 21 0
677 : 717 1015 36 23 0
678 : 753 1015 23 36 1
679 : 561 1015 16 52 1
680 : 351 1015 35 24 0
681 : 88 1044 24 34 1
682 : 835 1015 18 46 1
683 : 747 986 57 15 0
684 : 408 1044 35 23 0
685 : 690 986 57 15 0
686 : 59 1015 40 21 0
687 : 122 1044 24 34 1
688 : 139 1015 28 30 1
689 : 373 1044 23 35 1
690 : 613 1015 52 16 0
691 : 209 1015 56 15 0
692 : 789 1015 46 18 0
693 : 265 1015 30 28 0
694 : 972 288 28 29 0
695 : 156 1044 17 48 1
696 : 0 1044 15 55 1
697 : 665 1015 52 16 0
698 : 568 1044 57 14 0
699 : 944 1044 56 14 0
700 : 295 1015 15 56 1
701 : 881 1015 23 36 1
702 : 386 1015 56 15 0
703 : 478 1044 16 50 1
704 : 55 1044 25 33 1
705 : 204 1044 37 22 0
706 : 917 1015 36 23 0
707 : 953 1015 33 25 0
708 : 272 1044 31 26 0
709 : 443 1044 35 23 0
710 : 762 1044 36 22 0
711 : 303 1044 23 35 1
712 : 798 1044 24 33 1
713 : 168 1070 52 15 0
714 : 220 1070 26 30 1
715 : 338 1044 35 23 0
716 : 0 1070 56 14 0
717 : 973 698 30 27 1
718 : 528 1044 20 40 1
719 : 831 1044 33 24 0
720 : 864 1044 44 18 0
721 : 241 1044 31 26 0
722 : 625 1044 42 19 0
723 : 56 1070 56 14 0
724 : 908 1044 36 22 0
725 : 250 1070 20 39 1
726 : 289 1070 31 25 0
727 : 112 1070 14 56 1
728 : 382 1070 22 35 1
729 : 651 1070 21 36 1
730 : 973 728 27 29 0
731 : 709 1044 53 15 0
732 : 417 1070 35 22 0
733 : 667 1044 42 19 0
734 : 687 1070 27 28 1
735 : 30 1097 34 22 0
736 : 351 1070 31 25 0
737 : 715 1070 21 36 1
738 : 320 1070 31 25 0
739 : 452 1070 16 48 1
740 : 500 1070 17 45 1
741 : 751 1070 28 27 0
742 : 835 1070 29 26 0
743 : 911 1070 30 25 0
744 : 941 1070 25 30 1
745 : 585 1070 33 23 0
746 : 331 1097 37 20 0
747 : 779 1070 27 28 1
748 : 108 1097 22 34 1
749 : 725 1097 21 35 1
750 : 142 1097 34 22 0
751 : 0 1097 25 30 1
752 : 618 1070 33 23 0
753 : 807 1070 27 28 1
754 : 176 1097 34 22 0
755 : 294 1097 37 20 0
756 : 629 1097 23 32 1
757 : 519 1097 16 46 1
758 : 971 1070 27 27 0
759 : 597 1097 23 32 1
760 : 368 1097 20 37 1
761 : 864 1070 16 47 1
762 : 954 1097 22 33 1
763 : 545 1070 40 19 0
764 : 283 1124 48 15 0
765 : 661 1097 32 23 0
766 : 693 1097 32 23 0
767 : 874 1097 52 14 0
768 : 52 1124 22 33 1
769 : 822 1097 14 52 1
770 : 567 1124 14 51 1
771 : 247 1124 36 20 0
772 : 64 1097 44 17 0
773 : 618 1124 42 17 0
774 : 371 1124 48 15 0
775 : 151 1124 29 25 0
776 : 533 1124 34 21 0
777 : 405 1097 18 41 1
778 : 446 1097 18 41 1
779 : 210 1097 24 31 1
780 : 241 1097 53 14 0
781 : 85 1124 33 22 0
782 : 331 1124 40 18 0
783 : 795 1097 27 27 0
784 : 209 1124 38 19 0
785 : 487 1097 32 23 0
786 : 770 1124 34 21 0
787 : 0 1124 52 14 0
788 : 694 1124 21 34 1
789 : 118 1124 22 33 1
790 : 660 1124 21 34 1
791 : 565 1097 32 23 0
792 : 869 1124 22 32 1
793 : 419 1124 30 24 0
794 : 405 1149 17 41 1
795 : 153 1149 14 50 1
796 : 760 1097 35 21 0
797 : 180 1124 25 29 1
798 : 446 1149 46 15 0
799 : 449 1124 20 36 1
800 : 926 1097 28 26 0
801 : 804 1124 34 21 0
802 : 0 1149 19 37 1
803 : 638 1149 18 38 1
804 : 37 1149 18 39 1
805 : 492 1149 23 30 1
806 : 485 1124 15 48 1
807 : 323 1149 17 41 1
808 : 824 1149 31 22 0
809 : 103 1149 50 14 0
810 : 980 317 34 20 1
811 : 728 1124 17 42 1
812 : 40 1175 52 13 0
813 : 838 1124 31 23 0
814 : 364 1149 41 17 0
815 : 203 1149 20 35 1
816 : 293 1175 21 32 1
817 : 945 1124 37 19 0
818 : 0 1175 40 17 0
819 : 238 1149 14 50 1
820 : 886 1149 31 22 0
821 : 901 1124 16 44 1
822 : 552 1149 16 43 1
823 : 595 1149 16 43 1
824 : 401 1175 24 28 1
825 : 76 1149 26 27 1
826 : 976 607 29 24 1
827 : 429 1175 28 24 0
828 : 92 1175 26 26 0
829 : 288 1149 20 35 1
830 : 559 1175 24 28 1
831 : 118 1175 13 52 1
832 : 107 1201 13 51 1
833 : 928 1175 18 37 1
834 : 917 1149 22 31 1
835 : 457 1175 16 42 1
836 : 676 1149 19 36 1
837 : 299 1201 15 44 1
838 : 809 1175 32 21 0
839 : 855 1149 31 22 0
840 : 37 1201 19 35 1
841 : 522 1149 30 23 0
842 : 623 1201 47 14 0
843 : 870 1175 23 29 1
844 : 170 1175 27 25 0
845 : 948 1149 31 22 0
846 : 0 1201 18 37 1
847 : 325 1175 48 14 0
848 : 717 1201 41 16 0
849 : 373 1175 28 24 0
850 : 712 1149 18 38 1
851 : 260 1201 17 39 1
852 : 197 1175 27 25 0
853 : 750 1149 36 19 0
854 : 499 1175 28 24 0
855 : 670 1201 14 47 1
856 : 527 1175 21 32 1
857 : 934 1201 50 13 0
858 : 786 1149 38 18 0
859 : 587 1175 28 24 0
860 : 615 1175 28 24 0
861 : 643 1175 14 48 1
862 : 691 1175 16 42 1
863 : 733 1175 14 48 1
864 : 398 1226 15 43 1
865 : 781 1175 24 28 1
866 : 789 1201 31 21 0
867 : 758 1201 31 21 0
868 : 484 1226 14 46 1
869 : 908 1201 25 26 1
870 : 387 1201 33 20 0
871 : 78 1226 24 27 1
872 : 882 1201 26 25 0
873 : 841 1175 29 23 0
874 : 159 1226 36 18 0
875 : 292 1226 34 19 0
876 : 251 1175 42 16 0
877 : 977 902 28 23 1
878 : 899 1175 23 29 1
879 : 420 1201 20 33 1
880 : 224 1175 27 25 0
881 : 105 1226 27 24 0
882 : 820 1201 31 21 0
883 : 258 1226 34 19 0
884 : 453 1201 20 33 1
885 : 132 1226 27 24 0
886 : 72 1201 35 19 0
887 : 486 1201 30 22 0
888 : 516 1201 15 44 1
889 : 560 1201 22 30 1
890 : 590 1201 33 20 0
891 : 965 1175 35 19 0
892 : 216 1251 15 42 1
893 : 0 1226 26 25 0
894 : 72 1251 21 30 1
895 : 52 1226 25 26 1
896 : 195 1226 27 24 0
897 : 558 1226 28 23 0
898 : 572 1251 16 39 1
899 : 209 1201 13 51 1
900 : 158 1201 13 51 1
901 : 753 1226 30 21 0
902 : 441 1226 43 15 0
903 : 708 1226 14 45 1
904 : 851 1201 31 21 0
905 : 343 1201 44 15 0
906 : 783 1226 18 35 1
907 : 854 1251 27 23 0
908 : 860 1226 18 35 1
909 : 611 1251 24 26 1
910 : 637 1251 24 26 1
911 : 978 986 22 29 0
912 : 530 1226 23 28 1
913 : 222 1226 36 18 0
914 : 960 1226 35 18 0
915 : 980 385 32 20 1
916 : 0 1251 21 30 1
917 : 650 1226 29 22 0
918 : 0 1276 28 22 0
919 : 26 1226 25 26 1
920 : 448 1251 33 19 0
921 : 679 1226 29 22 0
922 : 663 1251 24 26 1
923 : 514 1251 19 33 1
924 : 28 1276 28 22 0
925 : 326 1226 34 19 0
926 : 962 1251 31 20 0
927 : 935 1251 23 27 1
928 : 925 1226 35 18 0
929 : 828 1251 26 24 0
930 : 802 1251 24 26 1
931 : 360 1226 17 38 1
932 : 689 1251 24 26 1
933 : 102 1251 15 42 1
934 : 337 1251 37 17 0
935 : 881 1251 27 23 0
936 : 258 1251 15 42 1
937 : 715 1251 16 39 1
938 : 374 1251 37 17 0
939 : 908 1251 23 27 1
940 : 565 1276 38 16 0
941 : 144 1251 42 15 0
942 : 56 1276 28 22 0
943 : 358 1276 13 47 1
944 : 618 1226 20 32 1
945 : 547 1251 25 25 0
946 : 148 1276 34 18 0
947 : 463 1276 32 19 0
948 : 30 1251 15 42 1
949 : 895 1226 30 21 0
950 : 818 1226 15 42 1
951 : 495 1276 32 19 0
952 : 527 1276 38 16 0
953 : 186 1251 30 21 0
954 : 754 1251 48 13 0
955 : 411 1251 37 17 0
956 : 84 1276 28 22 0
957 : 586 1226 32 20 0
958 : 286 1276 36 17 0
959 : 300 1251 37 17 0
960 : 481 1251 19 33 1
961 : 641 1276 20 30 1
962 : 405 1276 29 21 0
963 : 671 1276 25 24 0
964 : 781 1276 23 26 1
965 : 885 1276 18 33 1
966 : 112 1276 36 17 0
967 : 68 1300 21 28 1
968 : 859 1276 26 23 0
969 : 726 1276 25 24 0
970 : 0 1300 37 16 0
971 : 182 1276 36 17 0
972 : 751 1276 20 30 1
973 : 218 1276 18 34 1
974 : 807 1276 23 26 1
975 : 96 1300 21 28 1
976 : 252 1276 34 18 0
977 : 603 1276 38 16 0
978 : 322 1276 17 36 1
979 : 434 1276 29 21 0
980 : 833 1276 26 23 0
981 : 294 1300 17 34 1
982 : 124 1300 28 21 0
983 : 918 1276 33 18 0
984 : 152 1300 28 21 0
985 : 328 1300 17 34 1
986 : 696 1276 30 20 0
987 : 236 1300 29 20 0
988 : 180 1300 21 28 1
989 : 488 1300 30 19 0
990 : 396 1300 24 24 0
991 : 362 1300 34 17 0
992 : 265 1300 20 29 1
993 : 37 1300 31 19 0
994 : 420 1300 24 24 0
995 : 208 1300 21 28 1
996 : 518 1300 30 19 0
997 : 548 1300 28 20 0
998 : 951 1276 22 27 1
999 : 444 1300 13 44 1
