1000 1286
0 : 803 1066 66 61 0
1 : 862 763 62 48 0
2 : 770 681 62 46 0
3 : 731 604 61 43 0
4 : 163 462 39 62 1
5 : 0 462 38 61 1
6 : 415 118 30 71 1
7 : 697 567 56 37 0
8 : 619 811 52 39 0
9 : 753 567 36 55 1
10 : 869 23 74 27 0
11 : 69 1127 42 47 1
12 : 50 310 61 32 0
13 : 515 369 58 32 0
14 : 714 727 51 36 0
15 : 634 1066 46 40 0
16 : 239 0 79 23 0
17 : 673 921 48 38 0
18 : 160 0 79 23 0
19 : 493 280 30 60 1
20 : 0 0 22 81 1
21 : 570 811 36 49 1
22 : 384 50 25 71 1
23 : 138 23 73 24 0
24 : 458 369 57 31 0
25 : 797 23 72 25 0
26 : 806 727 50 35 0
27 : 621 401 56 31 0
28 : 425 501 33 54 1
29 : 534 1027 39 46 1
30 : 591 199 28 63 1
31 : 396 0 77 23 0
32 : 513 1169 43 40 0
33 : 796 811 36 48 1
34 : 186 401 56 31 0
35 : 853 647 51 34 0
36 : 719 462 54 32 0
37 : 456 1127 44 40 0
38 : 600 921 37 47 1
39 : 711 647 51 34 0
40 : 748 850 48 36 0
41 : 427 534 53 33 0
42 : 390 1066 39 45 1
43 : 283 681 34 50 1
44 : 318 0 22 78 1
45 : 643 604 51 33 0
46 : 414 310 29 58 1
47 : 763 0 73 23 0
48 : 690 0 23 73 1
49 : 758 990 37 45 1
50 : 904 0 73 23 0
51 : 0 1209 42 40 0
52 : 649 148 26 64 1
53 : 61 462 31 54 1
54 : 211 23 23 72 1
55 : 81 0 79 21 0
56 : 938 811 35 47 1
57 : 945 647 33 50 1
58 : 471 1169 39 42 1
59 : 803 647 33 50 1
60 : 187 432 54 30 0
61 : 269 253 60 27 0
62 : 446 811 47 34 0
63 : 547 0 22 73 1
64 : 93 727 49 33 0
65 : 560 1066 37 43 1
66 : 861 462 30 52 1
67 : 309 75 67 23 0
68 : 0 921 35 45 1
69 : 333 174 62 25 0
70 : 57 148 24 64 1
71 : 944 886 35 45 1
72 : 386 1027 36 43 1
73 : 874 227 26 59 1
74 : 343 1027 43 36 0
75 : 441 75 67 23 0
76 : 631 886 34 45 1
77 : 121 148 64 24 0
78 : 0 727 32 48 1
79 : 374 501 30 51 1
80 : 857 681 32 48 1
81 : 830 174 25 61 1
82 : 0 342 55 27 0
83 : 623 369 54 28 0
84 : 400 811 33 46 1
85 : 663 647 31 48 1
86 : 796 850 45 33 0
87 : 0 501 51 29 0
88 : 37 990 43 35 0
89 : 473 0 74 20 0
90 : 324 501 50 29 0
91 : 401 1169 40 37 0
92 : 195 227 25 59 1
93 : 188 727 31 47 1
94 : 466 604 30 48 1
95 : 79 763 46 31 0
96 : 356 1209 37 39 0
97 : 418 1209 37 39 0
98 : 659 118 63 22 0
99 : 393 990 34 42 1
100 : 207 310 26 55 1
101 : 588 763 31 45 1
102 : 455 50 67 21 0
103 : 51 174 23 61 1
104 : 262 199 23 59 1
105 : 142 727 46 30 0
106 : 185 148 62 22 0
107 : 810 310 26 54 1
108 : 335 1169 36 39 1
109 : 771 174 59 23 0
110 : 69 23 69 20 0
111 : 677 401 51 27 0
112 : 356 811 31 44 1
113 : 749 501 28 49 1
114 : 583 1249 37 37 0
115 : 197 1027 34 41 1
116 : 312 811 31 44 1
117 : 275 501 49 28 0
118 : 376 75 65 21 0
119 : 283 23 20 68 1
120 : 559 1209 36 38 0
121 : 654 280 55 25 0
122 : 195 280 24 55 1
123 : 133 1027 33 40 1
124 : 620 0 70 19 0
125 : 567 681 29 45 1
126 : 0 850 31 43 1
127 : 254 227 57 23 0
128 : 857 369 52 26 0
129 : 48 727 45 29 0
130 : 318 50 20 66 1
131 : 311 227 23 57 1
132 : 951 681 45 29 1
133 : 407 369 51 25 0
134 : 863 342 25 52 1
135 : 121 98 20 63 1
136 : 0 23 69 19 0
137 : 895 727 44 29 0
138 : 555 604 28 46 1
139 : 0 253 23 56 1
140 : 294 647 28 45 1
141 : 912 401 26 50 1
142 : 191 1169 37 34 0
143 : 120 75 65 20 0
144 : 212 604 28 46 1
145 : 63 50 65 19 0
146 : 213 253 56 23 0
147 : 948 567 46 27 0
148 : 45 647 28 45 1
149 : 256 534 47 27 0
150 : 305 1091 38 33 0
151 : 0 647 45 28 0
152 : 707 50 64 19 0
153 : 714 310 24 52 1
154 : 836 0 18 68 1
155 : 262 959 40 31 0
156 : 78 604 46 27 0
157 : 0 118 20 61 1
158 : 880 1027 32 38 0
159 : 157 342 52 24 0
160 : 912 1027 38 32 1
161 : 931 1169 34 36 0
162 : 676 886 30 41 1
163 : 579 647 44 27 0
164 : 471 990 31 39 1
165 : 778 118 20 61 1
166 : 132 1169 33 36 1
167 : 655 501 26 47 1
168 : 460 432 48 25 0
169 : 172 1094 32 37 1
170 : 929 75 62 19 0
171 : 418 959 31 40 1
172 : 647 681 28 44 1
173 : 115 462 48 25 0
174 : 246 75 19 63 1
175 : 702 501 47 26 0
176 : 504 921 40 30 0
177 : 603 534 46 26 0
178 : 96 1169 36 33 0
179 : 820 886 40 30 0
180 : 476 148 20 59 1
181 : 783 1209 34 35 0
182 : 869 1066 37 32 1
183 : 357 727 28 43 1
184 : 60 1169 33 36 1
185 : 341 534 26 46 1
186 : 167 174 21 58 1
187 : 0 886 29 41 1
188 : 290 401 24 49 1
189 : 695 1127 33 37 0
190 : 771 1066 32 37 0
191 : 739 1066 37 32 1
192 : 481 199 56 21 0
193 : 542 23 65 18 0
194 : 106 342 23 51 1
195 : 55 342 23 51 1
196 : 458 959 30 39 1
197 : 573 369 50 24 0
198 : 853 280 52 23 0
199 : 707 1066 37 32 1
200 : 570 310 51 23 0
201 : 367 681 27 43 1
202 : 497 959 30 39 1
203 : 775 401 48 24 0
204 : 373 199 56 21 0
205 : 627 462 25 47 1
206 : 479 401 24 49 1
207 : 884 990 38 31 0
208 : 884 98 19 61 1
209 : 811 1169 33 35 0
210 : 535 148 59 20 0
211 : 96 501 25 47 1
212 : 603 1066 31 37 0
213 : 197 681 27 43 1
214 : 129 534 25 45 1
215 : 128 50 18 64 1
216 : 120 681 27 43 1
217 : 77 681 27 43 1
218 : 663 1127 36 32 1
219 : 536 959 30 39 1
220 : 61 118 60 19 0
221 : 0 432 24 48 1
222 : 0 681 27 43 1
223 : 425 98 61 19 0
224 : 543 118 60 19 0
225 : 905 886 29 39 1
226 : 575 959 30 39 1
227 : 508 432 24 47 1
228 : 168 604 26 44 1
229 : 124 604 26 44 1
230 : 355 118 60 19 0
231 : 0 369 50 23 0
232 : 665 174 56 20 0
233 : 240 681 43 27 0
234 : 45 921 29 39 1
235 : 276 174 57 20 0
236 : 351 23 65 17 0
237 : 732 253 21 53 1
238 : 313 310 51 22 0
239 : 522 50 18 64 1
240 : 413 432 47 24 0
241 : 262 310 51 22 0
242 : 832 50 63 18 0
243 : 802 1027 30 37 0
244 : 311 462 24 46 1
245 : 921 604 26 43 0
246 : 286 1127 31 36 0
247 : 339 401 48 23 0
248 : 357 462 46 24 0
249 : 121 118 19 60 1
250 : 116 1127 31 36 0
251 : 33 1127 31 36 1
252 : 565 850 28 40 1
253 : 403 462 46 24 0
254 : 418 148 58 19 0
255 : 877 604 26 43 0
256 : 939 727 27 42 1
257 : 0 98 18 61 1
258 : 305 850 40 28 0
259 : 640 1027 30 37 0
260 : 118 850 28 40 1
261 : 493 462 46 24 0
262 : 159 253 54 21 0
263 : 169 647 26 43 1
264 : 58 1249 33 34 1
265 : 835 1127 35 32 1
266 : 105 1096 36 31 0
267 : 86 567 25 44 1
268 : 610 1027 30 37 0
269 : 783 763 27 41 1
270 : 140 432 23 47 1
271 : 670 23 64 17 0
272 : 965 604 26 43 0
273 : 255 50 17 63 1
274 : 392 763 27 41 1
275 : 893 534 44 25 0
276 : 304 148 58 19 0
277 : 465 1249 33 33 0
278 : 937 534 44 25 0
279 : 629 342 49 22 0
280 : 666 959 29 38 1
281 : 909 310 50 22 0
282 : 603 280 51 21 0
283 : 429 1027 30 37 1
284 : 901 1066 31 36 0
285 : 580 1027 30 37 0
286 : 364 98 18 61 1
287 : 610 501 24 45 1
288 : 300 604 25 43 1
289 : 118 811 40 27 0
290 : 905 681 26 42 0
291 : 654 199 20 55 1
292 : 78 811 40 27 0
293 : 0 1066 30 36 1
294 : 868 1169 34 32 1
295 : 510 990 29 37 1
296 : 592 886 39 28 0
297 : 242 401 48 23 0
298 : 619 1209 32 33 0
299 : 967 763 40 27 1
300 : 143 501 24 45 1
301 : 174 534 24 44 1
302 : 48 432 23 47 1
303 : 828 990 29 37 0
304 : 566 227 20 53 1
305 : 526 850 27 39 1
306 : 447 174 19 56 1
307 : 522 501 45 24 0
308 : 334 990 37 29 0
309 : 656 98 18 60 1
310 : 105 1066 30 36 1
311 : 583 990 37 29 0
312 : 44 534 24 44 1
313 : 415 850 27 39 1
314 : 632 727 26 41 1
315 : 774 432 23 46 1
316 : 820 432 46 23 0
317 : 359 369 48 22 0
318 : 569 75 61 17 0
319 : 508 75 61 17 0
320 : 51 501 23 45 1
321 : 765 727 26 41 1
322 : 728 401 23 47 1
323 : 0 310 50 21 0
324 : 192 850 39 27 0
325 : 520 310 50 21 0
326 : 426 253 52 20 0
327 : 530 253 52 20 0
328 : 192 50 17 63 1
329 : 251 990 37 29 0
330 : 304 98 17 60 1
331 : 184 98 17 60 1
332 : 43 850 27 39 1
333 : 181 118 18 59 1
334 : 595 432 23 46 1
335 : 146 1249 32 33 0
336 : 559 534 24 44 1
337 : 816 462 23 45 1
338 : 673 727 26 41 1
339 : 147 1127 30 35 0
340 : 364 310 50 21 0
341 : 26 1169 34 31 0
342 : 938 253 52 20 0
343 : 97 1027 36 29 0
344 : 235 727 41 25 0
345 : 605 850 27 39 1
346 : 674 462 23 45 1
347 : 234 811 26 39 1
348 : 317 1127 30 35 0
349 : 426 1127 35 30 1
350 : 0 567 24 43 1
351 : 704 959 37 28 0
352 : 896 118 18 58 1
353 : 433 763 26 40 1
354 : 457 886 27 38 1
355 : 43 567 24 43 1
356 : 842 1209 32 33 0
357 : 0 534 24 44 1
358 : 610 174 19 55 1
359 : 741 959 37 28 0
360 : 240 118 18 59 1
361 : 718 227 53 20 0
362 : 778 959 28 37 1
363 : 835 959 28 37 1
364 : 574 401 22 47 1
365 : 216 886 27 38 1
366 : 277 763 40 26 0
367 : 537 199 19 54 1
368 : 61 98 60 17 0
369 : 671 811 26 39 0
370 : 547 990 28 36 1
371 : 212 647 42 25 0
372 : 445 342 21 48 1
373 : 872 959 28 37 1
374 : 272 1027 29 36 1
375 : 172 567 43 24 0
376 : 962 959 37 28 0
377 : 891 174 55 19 0
378 : 241 432 22 46 1
379 : 102 990 28 36 1
380 : 107 253 52 19 0
381 : 0 811 26 39 1
382 : 296 1209 31 33 0
383 : 39 811 26 39 1
384 : 0 990 37 28 0
385 : 416 23 63 16 0
386 : 387 401 47 22 0
387 : 836 253 52 20 0
388 : 809 75 17 61 1
389 : 815 604 24 42 0
390 : 450 681 25 41 1
391 : 900 1169 33 31 1
392 : 376 1249 32 32 0
393 : 503 174 18 55 1
394 : 36 1066 35 29 0
395 : 761 199 53 19 0
396 : 276 727 25 41 1
397 : 479 23 63 16 0
398 : 433 1249 32 32 0
399 : 244 98 17 60 1
400 : 317 921 37 27 0
401 : 389 921 27 37 1
402 : 705 1169 30 33 0
403 : 215 567 43 24 0
404 : 633 1127 34 30 1
405 : 832 681 25 41 0
406 : 478 253 52 20 0
407 : 42 1209 33 31 1
408 : 646 1169 33 30 1
409 : 345 280 50 20 0
410 : 317 727 25 40 1
411 : 98 1209 33 31 1
412 : 354 886 38 27 0
413 : 553 280 20 50 1
414 : 729 432 45 22 0
415 : 498 1249 32 32 0
416 : 273 811 26 39 1
417 : 601 604 42 24 0
418 : 734 23 63 16 0
419 : 50 369 48 21 0
420 : 185 75 16 61 1
421 : 345 850 38 26 0
422 : 491 681 25 41 1
423 : 647 990 28 36 1
424 : 493 811 26 39 1
425 : 368 227 19 53 1
426 : 0 50 63 16 0
427 : 798 501 23 44 1
428 : 677 369 21 47 1
429 : 84 921 37 27 0
430 : 201 921 37 27 0
431 : 257 1127 29 34 0
432 : 138 990 28 36 1
433 : 39 763 25 40 1
434 : 781 1127 30 34 0
435 : 435 990 36 28 0
436 : 692 534 23 43 1
437 : 747 921 36 27 1
438 : 810 369 21 47 1
439 : 258 604 24 42 1
440 : 771 50 16 61 1
441 : 744 763 25 39 1
442 : 895 50 61 16 0
443 : 723 811 38 26 1
444 : 231 501 23 44 1
445 : 616 1169 30 33 0
446 : 607 23 63 16 0
447 : 690 75 60 16 0
448 : 586 1169 30 33 0
449 : 528 401 46 21 0
450 : 92 401 21 47 1
451 : 684 432 22 45 1
452 : 121 921 27 37 1
453 : 258 567 23 42 1
454 : 102 199 18 54 1
455 : 905 280 49 20 0
456 : 350 342 20 48 1
457 : 139 401 21 47 1
458 : 308 1027 28 35 1
459 : 378 647 24 41 1
460 : 419 647 41 24 0
461 : 649 534 43 23 0
462 : 0 401 21 47 1
463 : 760 886 27 37 1
464 : 785 253 19 51 1
465 : 771 227 19 52 1
466 : 691 681 24 40 1
467 : 29 1027 28 35 1
468 : 181 1209 32 30 1
469 : 556 1169 30 33 0
470 : 300 567 23 42 1
471 : 633 253 19 51 1
472 : 762 647 41 24 0
473 : 819 921 27 36 0
474 : 950 990 28 35 0
475 : 164 763 25 39 1
476 : 904 647 41 24 0
477 : 125 763 25 39 1
478 : 362 148 56 17 0
479 : 421 567 23 42 1
480 : 871 148 17 55 1
481 : 441 1169 30 33 0
482 : 594 148 17 55 1
483 : 870 75 16 59 1
484 : 36 604 23 42 1
485 : 208 199 54 18 0
486 : 697 811 26 38 0
487 : 582 253 51 19 0
488 : 956 462 44 22 0
489 : 646 50 61 16 0
490 : 583 462 44 22 0
491 : 532 1066 28 34 0
492 : 130 567 23 42 1
493 : 317 763 25 39 1
494 : 144 886 37 26 0
495 : 647 1249 31 31 0
496 : 630 75 16 60 1
497 : 425 604 23 41 1
498 : 255 342 48 20 0
499 : 922 990 28 35 0
500 : 237 1209 30 32 0
501 : 410 681 40 24 0
502 : 916 199 52 18 0
503 : 839 118 57 17 0
504 : 549 763 25 39 1
505 : 342 567 23 42 1
506 : 95 432 21 45 1
507 : 395 280 49 19 0
508 : 231 1249 31 30 1
509 : 449 462 22 44 1
510 : 343 604 23 41 1
511 : 196 811 38 25 0
512 : 158 811 25 38 1
513 : 0 148 57 17 0
514 : 426 921 26 36 1
515 : 204 1127 28 33 0
516 : 384 604 23 41 1
517 : 48 280 50 19 0
518 : 706 990 27 35 0
519 : 620 990 27 35 0
520 : 0 763 24 39 1
521 : 944 1027 28 34 0
522 : 247 148 17 57 1
523 : 493 342 20 47 1
524 : 721 921 26 36 0
525 : 841 850 37 25 0
526 : 539 462 22 44 1
527 : 792 604 41 23 1
528 : 554 727 39 24 0
529 : 112 174 17 55 1
530 : 203 786 25 38 1
531 : 250 280 50 19 0
532 : 823 227 18 51 1
533 : 604 1127 29 33 0
534 : 92 1249 31 30 1
535 : 728 1127 29 33 0
536 : 345 1249 31 31 0
537 : 98 280 50 19 0
538 : 444 280 49 19 0
539 : 944 1127 32 29 1
540 : 439 727 24 39 1
541 : 567 501 22 43 1
542 : 823 401 45 21 0
543 : 194 1066 34 28 0
544 : 725 342 47 20 0
545 : 851 534 22 42 1
546 : 809 534 22 42 1
547 : 532 811 25 38 1
548 : 713 148 17 55 1
549 : 909 369 20 46 1
550 : 593 727 39 24 0
551 : 926 501 22 42 1
552 : 267 369 20 46 1
553 : 864 199 52 18 0
554 : 261 1249 30 31 0
555 : 238 1027 34 27 0
556 : 71 1066 34 28 0
557 : 711 850 37 25 0
558 : 458 1066 28 34 0
559 : 472 310 48 19 0
560 : 514 604 23 41 1
561 : 228 1169 29 32 0
562 : 41 886 37 25 0
563 : 678 342 47 20 0
564 : 369 432 21 44 1
565 : 486 118 57 16 0
566 : 0 1127 28 33 1
567 : 478 727 39 24 0
568 : 499 647 40 23 0
569 : 0 1096 28 33 1
570 : 676 1169 29 32 0
571 : 540 342 47 20 0
572 : 898 850 25 37 1
573 : 216 990 35 27 0
574 : 254 647 23 40 1
575 : 856 727 24 39 1
576 : 0 75 15 60 1
577 : 647 921 26 36 0
578 : 31 959 26 35 1
579 : 712 1027 27 34 0
580 : 66 959 26 35 1
581 : 709 199 52 18 0
582 : 586 50 60 15 0
583 : 824 763 38 24 0
584 : 633 763 38 24 0
585 : 511 763 38 24 0
586 : 867 1127 29 32 0
587 : 434 401 45 20 0
588 : 56 253 18 51 1
589 : 188 501 22 43 1
590 : 60 75 60 15 0
591 : 755 280 49 19 0
592 : 888 253 18 50 1
593 : 923 1209 31 30 1
594 : 935 850 25 37 1
595 : 473 763 38 24 0
596 : 479 501 43 22 0
597 : 539 647 40 23 0
598 : 816 342 20 47 1
599 : 667 227 51 18 0
600 : 489 850 37 25 0
601 : 400 727 39 24 0
602 : 564 921 26 36 1
603 : 231 850 25 37 1
604 : 671 763 24 38 1
605 : 680 1066 33 27 1
606 : 283 1169 29 32 0
607 : 398 342 20 47 1
608 : 867 811 25 37 0
609 : 890 567 22 41 1
610 : 651 1209 31 30 1
611 : 131 959 35 26 0
612 : 731 681 23 39 1
613 : 159 310 19 48 1
614 : 267 462 21 44 1
615 : 804 280 49 19 0
616 : 623 647 23 40 1
617 : 750 75 15 59 1
618 : 857 990 27 34 0
619 : 90 647 23 40 1
620 : 196 959 26 35 1
621 : 913 462 21 43 1
622 : 111 310 19 48 1
623 : 327 1209 31 29 1
624 : 267 1209 31 29 1
625 : 893 921 26 35 0
626 : 773 462 43 21 0
627 : 0 227 52 18 0
628 : 268 850 25 37 1
629 : 473 787 37 24 0
630 : 849 567 41 22 0
631 : 141 1091 33 28 1
632 : 500 1127 28 32 0
633 : 313 369 20 46 1
634 : 808 567 41 22 0
635 : 868 401 44 20 0
636 : 749 811 25 37 0
637 : 667 310 19 47 1
638 : 853 1027 27 33 0
639 : 518 534 41 21 0
640 : 824 787 37 24 0
641 : 303 342 47 19 0
642 : 731 704 39 23 0
643 : 36 1095 27 32 0
644 : 262 921 35 25 0
645 : 308 990 26 34 0
646 : 884 501 42 21 0
647 : 228 1092 27 32 0
648 : 82 850 36 24 0
649 : 71 1094 27 32 0
650 : 932 1097 32 27 0
651 : 130 647 22 39 1
652 : 641 432 20 43 1
653 : 759 1169 30 28 1
654 : 177 1127 32 27 1
655 : 421 227 50 17 0
656 : 88 534 21 41 1
657 : 842 501 42 21 0
658 : 558 174 52 16 0
659 : 429 199 17 52 1
660 : 354 921 35 25 0
661 : 47 401 19 45 1
662 : 0 1249 29 30 1
663 : 339 647 22 39 1
664 : 64 1027 33 26 0
665 : 347 1127 27 32 0
666 : 374 1127 32 27 1
667 : 530 1249 29 29 0
668 : 463 567 21 40 1
669 : 914 811 36 24 1
670 : 287 886 35 24 0
671 : 240 763 23 37 1
672 : 460 647 22 39 1
673 : 376 253 17 50 1
674 : 203 763 23 37 1
675 : 228 1066 26 32 1
676 : 503 567 40 21 0
677 : 549 788 36 23 0
678 : 744 788 23 36 1
679 : 156 199 16 52 1
680 : 181 886 35 24 0
681 : 238 921 24 34 0
682 : 621 310 18 46 1
683 : 542 98 57 15 0
684 : 667 787 35 23 0
685 : 599 98 57 15 0
686 : 580 567 40 21 0
687 : 881 886 24 34 0
688 : 153 1209 28 30 0
689 : 972 850 23 35 0
690 : 50 199 52 16 0
691 : 603 118 56 15 0
692 : 209 342 46 18 0
693 : 455 1209 30 28 1
694 : 30 1249 28 29 0
695 : 0 280 17 48 1
696 : 299 133 15 55 1
697 : 321 199 52 16 0
698 : 943 23 57 14 0
699 : 828 98 56 14 0
700 : 722 118 15 56 1
701 : 241 786 23 36 1
702 : 299 118 56 15 0
703 : 814 199 16 50 1
704 : 733 990 25 33 0
705 : 517 727 37 22 0
706 : 317 788 36 23 0
707 : 803 990 33 25 1
708 : 932 1066 31 26 1
709 : 844 811 35 23 1
710 : 356 763 36 22 0
711 : 676 850 23 35 1
712 : 929 959 24 33 1
713 : 395 174 52 15 0
714 : 528 1127 26 30 0
715 : 454 850 35 23 0
716 : 772 98 56 14 0
717 : 374 1169 30 27 1
718 : 387 534 20 40 1
719 : 846 921 33 24 1
720 : 766 369 44 18 0
721 : 958 1066 31 26 1
722 : 907 432 42 19 0
723 : 716 98 56 14 0
724 : 945 763 36 22 1
725 : 620 567 20 39 1
726 : 141 1066 31 25 0
727 : 486 98 14 56 1
728 : 0 787 22 35 1
729 : 450 706 21 36 1
730 : 507 1209 27 29 0
731 : 722 133 53 15 0
732 : 356 785 35 22 0
733 : 225 462 42 19 0
734 : 178 1249 27 28 0
735 : 158 850 34 22 0
736 : 305 1066 31 25 0
737 : 486 706 21 36 1
738 : 336 1066 31 25 0
739 : 684 253 16 48 1
740 : 864 310 17 45 1
741 : 706 1209 28 27 1
742 : 257 1169 29 26 1
743 : 901 1102 30 25 0
744 : 232 1127 25 30 0
745 : 178 921 33 23 1
746 : 857 604 37 20 1
747 : 291 1249 27 28 0
748 : 892 811 22 34 0
749 : 924 763 21 35 0
750 : 774 811 34 22 1
751 : 401 1127 25 30 0
752 : 797 886 33 23 1
753 : 953 1209 27 28 0
754 : 78 886 34 22 0
755 : 694 623 37 20 0
756 : 870 921 23 32 0
757 : 709 280 16 46 1
758 : 318 1249 27 27 0
759 : 919 921 23 32 0
760 : 343 627 20 37 1
761 : 148 280 16 47 1
762 : 559 886 22 33 1
763 : 225 481 40 19 0
764 : 518 227 48 15 0
765 : 323 959 32 23 0
766 : 386 959 32 23 0
767 : 945 98 52 14 0
768 : 254 886 22 33 1
769 : 768 148 14 52 1
770 : 225 174 14 51 1
771 : 410 705 36 20 0
772 : 772 342 44 17 0
773 : 183 384 42 17 0
774 : 933 227 48 15 0
775 : 579 1127 29 25 1
776 : 510 787 34 21 0
777 : 866 432 18 41 1
778 : 328 432 18 41 1
779 : 173 1027 24 31 0
780 : 486 134 53 14 0
781 : 495 886 33 22 0
782 : 773 483 40 18 0
783 : 620 1249 27 27 0
784 : 659 567 38 19 0
785 : 796 921 32 23 1
786 : 709 784 34 21 0
787 : 603 133 52 14 0
788 : 125 788 21 34 1
789 : 424 886 22 33 1
790 : 159 788 21 34 1
791 : 942 921 32 23 1
792 : 738 886 22 32 0
793 : 486 1066 30 24 1
794 : 959 310 17 41 1
795 : 0 199 14 50 1
796 : 709 763 35 21 0
797 : 554 1127 25 29 0
798 : 954 132 46 15 0
799 : 931 681 20 36 0
800 : 211 1209 28 26 1
801 : 633 787 34 21 0
802 : 694 604 19 37 1
803 : 218 534 18 38 1
804 : 913 483 18 39 1
805 : 488 1027 23 30 0
806 : 619 227 15 48 1
807 : 287 432 17 41 1
808 : 614 959 31 22 0
809 : 946 174 50 14 0
810 : 333 699 34 20 0
811 : 141 384 17 42 1
812 : 943 37 52 13 0
813 : 683 990 31 23 1
814 : 225 384 41 17 0
815 : 980 681 20 35 0
816 : 392 886 21 32 1
817 : 543 585 37 19 0
818 : 555 432 40 17 0
819 : 721 174 14 50 1
820 : 774 921 31 22 1
821 : 766 310 16 44 1
822 : 957 342 16 43 1
823 : 98 369 16 43 1
824 : 869 1103 24 28 1
825 : 205 1249 26 27 0
826 : 486 1096 29 24 1
827 : 811 1127 28 24 1
828 : 678 1249 26 26 0
829 : 691 705 20 35 1
830 : 707 1103 24 28 1
831 : 839 135 13 52 1
832 : 0 174 13 51 1
833 : 384 567 18 37 1
834 : 0 959 22 31 1
835 : 724 369 16 42 1
836 : 0 621 19 36 1
837 : 954 280 15 44 1
838 : 322 886 32 21 0
839 : 231 959 31 22 0
840 : 415 627 19 35 1
841 : 511 1027 30 23 1
842 : 471 227 47 14 0
843 : 435 1066 23 29 0
844 : 534 1209 27 25 1
845 : 355 959 31 22 0
846 : 543 567 18 37 1
847 : 0 213 48 14 0
848 : 955 385 41 16 0
849 : 735 1103 28 24 0
850 : 303 534 18 38 1
851 : 449 484 17 39 1
852 : 393 1209 27 25 1
853 : 514 627 36 19 0
854 : 757 1127 28 24 1
855 : 329 253 14 47 1
856 : 112 886 21 32 1
857 : 820 161 50 13 0
858 : 480 534 38 18 0
859 : 458 1100 28 24 0
860 : 532 1100 28 24 0
861 : 52 227 14 48 1
862 : 724 385 16 42 1
863 : 100 227 14 48 1
864 : 864 327 15 43 1
865 : 560 1103 24 28 1
866 : 462 921 31 21 1
867 : 483 921 31 21 1
868 : 954 118 14 46 1
869 : 758 1209 25 26 0
870 : 392 790 33 20 0
871 : 735 1169 24 27 0
872 : 681 1209 26 25 1
873 : 367 1066 29 23 1
874 : 839 604 36 18 1
875 : 0 708 34 19 0
876 : 955 369 42 16 0
877 : 260 1095 28 23 1
878 : 260 1066 23 29 0
879 : 783 790 20 33 1
880 : 73 1209 27 25 1
881 : 896 1127 27 24 1
882 : 717 886 31 21 1
883 : 367 708 34 19 0
884 : 277 789 20 33 1
885 : 920 1127 27 24 1
886 : 612 681 35 19 0
887 : 80 990 30 22 1
888 : 300 294 15 44 1
889 : 371 990 22 30 0
890 : 433 789 33 20 0
891 : 532 681 35 19 0
892 : 587 342 15 42 1
893 : 817 1209 26 25 1
894 : 166 959 21 30 1
895 : 733 1209 25 26 0
896 : 973 1127 27 24 1
897 : 435 1095 28 23 1
898 : 98 385 16 39 1
899 : 926 148 13 51 1
900 : 820 148 13 51 1
901 : 302 959 30 21 1
902 : 954 295 43 15 0
903 : 300 280 14 45 1
904 : 860 886 31 21 1
905 : 956 50 44 15 0
906 : 601 628 18 35 1
907 : 588 1103 27 23 0
908 : 947 604 18 35 0
909 : 965 1169 24 26 0
910 : 129 1209 24 26 0
911 : 978 990 22 29 0
912 : 367 1095 23 28 0
913 : 384 585 36 18 0
914 : 903 604 35 18 1
915 : 878 850 32 20 1
916 : 645 959 21 30 0
917 : 466 1027 29 22 1
918 : 283 1066 28 22 1
919 : 898 1209 25 26 0
920 : 612 700 33 19 0
921 : 0 1027 29 22 0
922 : 483 1209 24 26 0
923 : 43 699 19 33 1
924 : 510 1066 28 22 1
925 : 532 700 34 19 0
926 : 528 886 31 20 0
927 : 763 1103 23 27 1
928 : 380 627 35 18 0
929 : 595 1209 26 24 1
930 : 787 1169 24 26 0
931 : 956 484 17 38 1
932 : 844 1169 24 26 0
933 : 915 342 15 42 1
934 : 539 484 37 17 0
935 : 680 1099 27 23 0
936 : 141 369 15 42 1
937 : 949 432 16 39 1
938 : 576 484 37 17 0
939 : 343 1091 23 27 0
940 : 674 485 38 16 0
941 : 183 369 42 15 0
942 : 972 1027 28 22 0
943 : 148 227 13 47 1
944 : 383 850 20 32 1
945 : 408 1249 25 25 0
946 : 333 681 34 18 0
947 : 968 199 32 19 0
948 : 225 369 15 42 1
949 : 965 921 30 21 1
950 : 766 326 15 42 1
951 : 39 788 32 19 0
952 : 816 485 38 16 0
953 : 101 959 30 21 0
954 : 926 161 48 13 0
955 : 735 534 37 17 0
956 : 172 1066 28 22 1
957 : 644 850 32 20 0
958 : 931 567 36 17 1
959 : 772 534 37 17 0
960 : 163 699 19 33 1
961 : 158 921 20 30 0
962 : 195 990 29 21 1
963 : 122 1249 25 24 1
964 : 977 148 23 26 0
965 : 981 534 18 33 0
966 : 0 604 36 17 0
967 : 670 1027 21 28 0
968 : 0 1169 26 23 0
969 : 874 1209 25 24 1
970 : 267 483 37 16 0
971 : 620 587 36 17 0
972 : 297 921 20 30 0
973 : 163 681 18 34 1
974 : 168 1169 23 26 0
975 : 691 1027 21 28 0
976 : 43 681 34 18 0
977 : 962 401 38 16 0
978 : 659 586 17 36 1
979 : 174 990 29 21 1
980 : 312 1169 26 23 1
981 : 300 629 17 34 1
982 : 739 1027 28 21 1
983 : 981 727 33 18 1
984 : 760 1027 28 21 1
985 : 258 628 17 34 1
986 : 544 921 30 20 1
987 : 815 959 29 20 1
988 : 781 1027 21 28 0
989 : 77 708 30 19 0
990 : 704 1249 24 24 0
991 : 36 627 34 17 0
992 : 909 959 20 29 0
993 : 968 501 31 19 0
994 : 559 1249 24 24 0
995 : 832 1027 21 28 0
996 : 107 708 30 19 0
997 : 288 990 28 20 1
998 : 283 1094 22 27 0
999 : 148 240 13 44 1
