1000 10232
0 : 0 0 541 745 1
1 : 0 9665 344 301 0
2 : 474 9035 413 294 0
3 : 0 9966 266 341 1
4 : 0 6970 543 388 0
5 : 0 3581 367 701 1
6 : 0 541 526 707 1
7 : 0 5363 286 706 1
8 : 0 8083 614 289 0
9 : 0 6622 348 592 1
10 : 0 3150 673 431 0
11 : 509 8372 475 362 0
12 : 0 4924 562 439 0
13 : 0 1563 530 638 1
14 : 0 5649 609 375 0
15 : 0 8761 540 274 0
16 : 0 2664 486 634 1
17 : 341 9329 272 377 1
18 : 0 7358 623 306 0
19 : 0 6356 266 714 1
20 : 0 9329 341 336 0
21 : 344 9665 340 296 0
22 : 0 4445 531 479 0
23 : 0 2093 571 589 1
24 : 0 1067 674 496 0
25 : 0 3948 560 497 0
26 : 0 8372 509 389 0
27 : 0 6024 650 332 0
28 : 0 9035 474 285 0
29 : 0 7664 419 503 1
