1000 8768
0 : 0 5407 340 857 1
1 : 647 6470 104 178 0
2 : 0 5018 943 389 0
3 : 677 5747 189 491 0
4 : 776 7974 146 162 1
5 : 0 7555 33 963 1
6 : 678 6954 497 135 1
7 : 0 3605 652 992 1
8 : 0 8505 121 598 1
9 : 909 4257 42 727 0
10 : 536 6954 142 505 0
11 : 965 6697 24 83 0
12 : 0 7974 150 776 1
13 : 0 7925 49 921 1
14 : 0 5747 493 677 1
15 : 0 7840 85 886 1
16 : 561 8124 421 99 0
17 : 0 980 970 933 0
18 : 0 7588 252 738 1
19 : 0 8124 561 246 0
20 : 0 2826 882 779 0
21 : 998 1913 298 2 1
22 : 813 6954 452 169 1
23 : 943 5018 253 49 1
24 : 561 8282 338 87 0
25 : 906 6804 81 148 0
26 : 561 8223 59 375 1
27 : 0 6240 457 647 1
28 : 738 7821 12 189 1
29 : 992 5018 8 169 0
30 : 738 7588 191 233 0
31 : 0 7470 85 947 1
32 : 0 8370 629 135 0
33 : 0 6697 965 107 0
34 : 598 8505 359 109 0
35 : 931 1913 840 67 1
36 : 0 8626 538 142 0
37 : 882 2826 104 726 0
38 : 984 0 15 871 0
39 : 647 6240 144 230 0
40 : 536 7459 10 114 1
41 : 0 4257 761 761 0
42 : 0 0 984 980 0
43 : 866 5747 408 117 1
44 : 598 8614 9 189 1
45 : 0 1913 931 913 0
46 : 0 6954 516 536 1
47 : 0 6804 150 906 1
48 : 761 4257 689 148 1
49 : 857 5407 103 146 0
