300 663
0 : 0 423 90 36 0
1 : 80 603 79 15 0
2 : 0 351 90 36 0
3 : 0 173 244 70 0
4 : 127 633 39 15 0
5 : 0 618 55 15 0
6 : 151 648 53 14 0
7 : 0 459 90 36 0
8 : 0 531 80 32 0
9 : 0 243 101 36 0
10 : 160 531 62 31 0
11 : 235 563 40 16 0
12 : 0 648 38 15 0
13 : 32 563 24 32 1
14 : 0 0 300 95 0
15 : 80 531 80 32 0
16 : 244 633 38 15 0
17 : 0 587 40 16 0
18 : 90 495 209 33 0
19 : 101 315 101 36 0
20 : 0 633 47 15 0
21 : 40 587 40 16 0
22 : 222 531 60 24 0
23 : 90 387 90 36 0
24 : 166 633 39 15 0
25 : 205 633 39 15 0
26 : 162 618 51 15 0
27 : 47 633 40 15 0
28 : 101 243 101 36 0
29 : 124 563 60 18 0
30 : 55 618 55 15 0
31 : 225 603 60 15 0
32 : 159 603 66 15 0
33 : 0 563 24 32 1
34 : 90 423 90 36 0
35 : 184 563 51 18 0
36 : 0 387 90 36 0
37 : 180 423 90 36 0
38 : 64 563 60 18 0
39 : 90 459 90 36 0
40 : 80 587 17 16 0
41 : 38 648 59 14 0
42 : 97 587 163 15 0
43 : 101 279 101 36 0
44 : 180 459 90 36 0
45 : 110 618 52 15 0
46 : 0 495 90 36 0
47 : 213 618 50 15 0
48 : 87 633 40 15 0
49 : 97 648 54 14 0
50 : 0 315 101 36 0
51 : 202 315 90 36 0
52 : 0 279 101 36 0
53 : 90 351 90 36 0
54 : 0 95 78 78 0
55 : 180 351 90 36 0
56 : 180 387 90 36 0
57 : 0 603 80 15 0
