3000 5840
0 : 0 0 365 185 0
1 : 365 0 378 200 0
2 : 743 0 410 165 0
3 : 1153 0 425 148 0
4 : 1578 0 425 296 0
5 : 2003 0 439 116 0
6 : 0 296 464 1006 1
7 : 2442 0 520 205 0
8 : 1006 296 520 350 0
9 : 1526 296 540 530 0
10 : 0 826 549 1413 1
11 : 0 1375 549 1882 1
12 : 2066 296 553 496 0
13 : 1882 1375 555 755 1
14 : 1413 826 555 496 0
15 : 1968 826 555 659 1
16 : 0 1930 567 473 0
17 : 567 1930 572 592 1
18 : 1159 1930 572 975 1
19 : 0 2502 572 1175 1
20 : 1175 2502 572 1575 1
21 : 0 3074 572 1390 1
22 : 1390 3074 572 1490 1
23 : 0 3646 572 1590 1
24 : 0 4218 572 1690 1
25 : 0 4790 572 1890 1
26 : 2134 1930 610 625 1
27 : 1890 4790 660 490 0
28 : 1690 4218 690 447 0
29 : 1590 3646 949 445 0
30 : 0 5362 949 478 0
31 : 949 5362 970 463 0
