200 275
0 : 0 44 110 32 0
1 : 181 150 12 33 0
2 : 115 0 78 15 0
3 : 0 115 62 18 0
4 : 140 115 16 53 1
5 : 61 150 37 76 1
6 : 0 30 14 97 1
7 : 0 209 28 43 1
8 : 191 96 16 9 1
9 : 180 187 15 22 0
10 : 54 96 64 19 0
11 : 187 209 10 13 0
12 : 193 115 4 27 0
13 : 82 237 12 13 0
14 : 197 209 3 6 0
15 : 193 150 7 22 0
16 : 91 76 67 16 0
17 : 160 209 27 14 1
18 : 158 76 13 41 1
19 : 62 115 78 35 0
20 : 0 0 30 115 1
21 : 0 96 8 54 1
22 : 0 76 20 91 1
23 : 94 237 6 6 0
24 : 110 44 72 12 0
25 : 97 30 15 92 1
26 : 0 187 22 58 1
27 : 180 96 19 6 1
28 : 0 237 38 48 1
29 : 0 150 21 61 1
30 : 58 187 10 38 1
31 : 96 187 22 47 1
32 : 43 209 22 37 1
33 : 193 0 5 30 0
34 : 195 30 5 9 0
35 : 197 115 3 15 0
36 : 188 44 24 10 1
37 : 143 187 20 37 1
38 : 174 209 18 13 1
39 : 63 237 23 19 1
40 : 119 209 41 27 0
41 : 186 96 18 5 1
42 : 189 30 6 11 0
43 : 80 209 39 24 0
44 : 182 44 21 6 1
45 : 118 96 62 17 0
46 : 48 237 20 15 1
47 : 195 187 3 8 0
48 : 137 150 44 7 0
