135 394
0 : 90 230 29 18 0
1 : 85 298 49 16 0
2 : 60 362 29 16 0
3 : 34 34 75 21 0
4 : 109 34 23 16 0
5 : 0 282 88 16 0
6 : 76 158 57 18 0
7 : 0 77 42 21 0
8 : 88 282 45 16 0
9 : 0 212 61 18 0
10 : 101 138 29 20 0
11 : 53 0 67 26 0
12 : 53 330 52 16 0
13 : 0 98 93 20 0
14 : 0 378 22 16 0
15 : 22 378 19 16 0
16 : 93 98 36 20 0
17 : 63 314 55 16 0
18 : 0 266 135 16 0
19 : 0 230 50 18 0
20 : 0 362 31 16 0
21 : 0 330 53 16 0
22 : 112 212 22 18 0
23 : 66 194 62 18 0
24 : 0 56 58 21 0
25 : 56 248 71 16 0
26 : 0 346 45 16 0
27 : 0 298 85 16 0
28 : 45 346 39 16 0
29 : 50 230 40 18 0
30 : 108 56 20 21 0
31 : 0 314 63 16 0
32 : 61 212 51 18 0
33 : 71 176 63 18 0
34 : 105 330 29 16 0
35 : 0 118 73 20 0
36 : 116 362 19 16 0
37 : 31 362 29 16 0
38 : 54 138 47 20 0
39 : 0 248 29 18 0
40 : 58 56 50 21 0
41 : 0 34 34 22 0
42 : 0 138 54 20 0
43 : 72 77 62 20 0
44 : 42 77 30 21 0
45 : 29 248 27 18 0
46 : 119 346 16 16 0
47 : 41 378 19 16 0
48 : 89 362 27 16 0
49 : 0 194 66 18 0
50 : 0 0 53 34 0
51 : 0 158 76 18 0
52 : 0 176 71 18 0
53 : 73 118 58 20 0
54 : 84 346 35 16 0
