135 491
0 : 29 419 29 18 0
1 : 0 356 49 16 0
2 : 58 437 29 16 0
3 : 0 70 75 21 0
4 : 22 457 23 16 0
5 : 0 111 88 16 0
6 : 50 260 57 18 0
7 : 0 319 42 21 0
8 : 81 378 45 16 0
9 : 0 240 61 18 0
10 : 69 398 29 20 0
11 : 53 36 67 26 0
12 : 53 340 52 16 0
13 : 0 16 93 20 0
14 : 45 457 22 16 0
15 : 86 457 19 16 0
16 : 45 378 36 20 0
17 : 42 319 55 16 0
18 : 0 0 135 16 0
19 : 51 301 50 18 0
20 : 58 419 31 16 0
21 : 0 340 53 16 0
22 : 0 457 22 18 0
23 : 63 222 62 18 0
24 : 0 181 58 21 0
25 : 58 202 71 16 0
26 : 0 378 45 16 0
27 : 0 145 85 16 0
28 : 30 398 39 16 0
29 : 83 356 40 18 0
30 : 114 437 20 21 1
31 : 0 281 63 16 0
32 : 0 301 51 18 0
33 : 0 222 63 18 0
34 : 0 437 29 16 0
35 : 0 91 73 20 0
36 : 67 457 19 16 0
37 : 29 437 29 16 0
38 : 63 281 47 20 0
39 : 0 419 29 18 0
40 : 0 260 50 21 0
41 : 49 356 34 22 0
42 : 61 240 54 20 0
43 : 71 161 62 20 0
44 : 0 398 30 21 0
45 : 89 419 27 18 0
46 : 0 475 16 16 0
47 : 105 457 19 16 0
48 : 87 437 27 16 0
49 : 58 181 66 18 0
50 : 0 36 53 34 0
51 : 0 127 76 18 0
52 : 0 161 71 18 0
53 : 0 202 58 20 0
54 : 98 398 35 16 0
