200 265
0 : 0 168 15 72 1
1 : 72 168 15 47 1
2 : 0 209 67 11 0
3 : 0 0 56 39 0
4 : 119 248 6 35 1
5 : 118 209 11 17 1
6 : 114 239 8 20 1
7 : 92 239 22 8 0
8 : 134 239 8 12 1
9 : 103 261 3 16 1
10 : 30 239 11 9 0
11 : 0 230 9 61 1
12 : 146 239 47 7 0
13 : 167 209 11 11 0
14 : 124 255 5 18 1
15 : 25 255 6 22 1
16 : 180 255 5 7 1
17 : 47 255 6 14 1
18 : 0 130 25 21 0
19 : 0 261 22 4 0
20 : 135 209 16 11 0
21 : 0 151 33 17 0
22 : 67 248 8 7 0
23 : 89 261 4 8 1
24 : 0 39 26 110 1
25 : 69 261 11 4 0
26 : 0 197 58 12 0
27 : 99 109 56 21 0
28 : 0 88 21 102 1
29 : 0 255 6 25 1
30 : 61 230 9 51 1
31 : 151 209 16 11 0
32 : 76 255 30 5 0
33 : 18 239 12 9 0
34 : 97 261 4 6 1
35 : 107 151 26 16 0
36 : 106 183 68 12 0
37 : 130 220 20 10 0
38 : 155 109 21 26 1
39 : 129 197 20 12 0
40 : 58 151 49 16 0
41 : 154 248 6 28 1
42 : 159 261 11 3 0
43 : 58 197 37 12 0
44 : 0 239 9 18 1
45 : 173 261 2 9 1
46 : 142 255 5 14 1
47 : 40 261 15 4 0
48 : 112 230 39 9 0
49 : 0 220 64 10 0
50 : 0 248 32 7 0
51 : 133 151 16 26 1
52 : 0 109 99 21 0
53 : 25 130 38 19 0
54 : 66 65 23 32 1
55 : 82 248 6 37 1
56 : 98 65 22 54 1
57 : 110 39 25 36 1
58 : 56 0 50 27 0
59 : 152 65 27 22 0
60 : 51 239 8 41 1
61 : 0 65 66 23 0
62 : 172 255 8 5 0
63 : 119 261 15 3 0
64 : 149 197 18 12 0
65 : 80 261 9 4 0
66 : 182 261 6 2 0
67 : 61 255 9 6 0
68 : 164 255 5 8 1
69 : 22 261 4 18 1
70 : 119 168 15 19 1
71 : 156 255 8 5 0
72 : 55 261 14 4 0
73 : 14 183 48 13 0
74 : 0 183 14 14 0
75 : 64 220 23 10 0
76 : 106 255 5 18 1
77 : 87 220 10 23 1
78 : 67 209 51 11 0
79 : 138 168 58 14 0
80 : 55 248 7 12 1
81 : 41 239 10 9 0
82 : 167 197 16 12 0
83 : 134 261 13 3 0
84 : 151 230 35 9 0
85 : 95 197 34 12 0
86 : 33 151 17 25 1
87 : 170 261 3 3 0
88 : 32 248 7 23 1
89 : 110 220 10 20 1
90 : 63 130 109 18 0
91 : 75 248 7 7 0
92 : 70 255 6 6 0
93 : 62 183 44 13 0
94 : 188 261 3 1 1
95 : 147 261 3 12 1
96 : 150 220 10 11 1
