200 216
0 : 122 68 66 25 0
1 : 161 50 14 30 1
2 : 156 183 18 14 1
3 : 153 0 43 34 0
4 : 0 105 59 30 0
5 : 33 202 10 16 1
6 : 64 148 8 33 1
7 : 125 135 22 47 1
8 : 140 183 18 16 1
9 : 39 169 26 13 0
10 : 0 183 24 17 0
11 : 196 0 26 4 1
12 : 97 148 7 28 1
13 : 62 36 26 14 0
14 : 115 105 30 51 1
15 : 0 157 39 25 0
16 : 88 36 7 3 1
17 : 170 192 19 9 0
18 : 37 150 25 6 0
19 : 107 96 8 14 1
20 : 83 50 18 78 1
21 : 0 202 14 17 1
22 : 0 36 62 12 0
23 : 0 135 15 64 1
24 : 49 202 16 5 0
25 : 153 34 46 13 0
26 : 125 157 27 26 0
27 : 122 93 12 63 1
28 : 66 183 30 8 0
29 : 0 0 36 91 1
30 : 166 105 23 31 1
31 : 114 170 8 13 0
32 : 170 183 22 9 0
33 : 57 96 9 50 1
34 : 161 64 14 4 0
35 : 191 50 8 16 0
36 : 118 183 22 12 0
37 : 0 68 57 37 0
38 : 94 202 7 6 1
39 : 188 68 12 36 0
40 : 85 170 11 29 1
41 : 59 105 30 56 1
42 : 91 0 50 62 1
43 : 64 135 61 13 0
44 : 96 198 4 7 1
45 : 166 128 7 33 1
46 : 183 157 16 26 0
47 : 39 157 12 46 1
48 : 172 135 21 27 1
49 : 57 68 28 65 1
50 : 196 26 4 4 0
51 : 66 191 9 19 1
52 : 85 157 40 13 0
53 : 192 183 6 19 0
54 : 96 183 15 22 1
55 : 152 157 19 31 1
56 : 45 183 21 17 0
57 : 100 202 5 6 0
58 : 65 202 5 15 1
59 : 152 176 30 7 0
60 : 118 195 6 19 1
61 : 80 202 8 12 0
62 : 85 191 11 8 0
63 : 24 183 19 21 1
64 : 65 169 18 14 0
65 : 153 47 3 20 1
66 : 197 105 18 3 1
67 : 0 50 83 16 0
68 : 17 202 16 13 0
69 : 0 66 2 7 1
70 : 88 202 6 10 0
71 : 0 150 37 6 0
72 : 185 93 8 3 1
