200 277
0 : 109 0 15 72 1
1 : 41 144 15 47 1
2 : 102 44 67 11 0
3 : 0 202 56 39 0
4 : 76 166 6 35 1
5 : 0 241 11 17 1
6 : 178 166 8 20 1
7 : 168 100 22 8 1
8 : 164 241 8 12 0
9 : 190 0 3 16 0
10 : 12 263 11 9 0
11 : 0 86 9 61 1
12 : 0 123 47 7 0
13 : 67 263 11 11 0
14 : 185 0 5 18 0
15 : 190 144 6 22 0
16 : 23 263 5 7 0
17 : 157 202 6 14 0
18 : 127 241 25 21 0
19 : 186 144 22 4 1
20 : 71 241 16 11 1
21 : 167 65 33 17 0
22 : 43 263 8 7 1
23 : 123 241 4 8 0
24 : 0 18 26 110 1
25 : 183 202 11 4 1
26 : 61 86 58 12 0
27 : 95 123 56 21 0
28 : 0 44 21 102 1
29 : 174 18 6 25 0
30 : 66 100 9 51 1
31 : 17 241 16 11 0
32 : 37 175 30 5 0
33 : 0 263 12 9 0
34 : 28 263 4 6 0
35 : 81 202 26 16 1
36 : 99 65 68 12 0
37 : 179 100 20 10 1
38 : 82 241 21 26 1
39 : 145 202 20 12 1
40 : 151 123 49 16 0
41 : 169 44 6 28 1
42 : 163 202 11 3 1
43 : 0 175 37 12 0
44 : 136 202 9 18 0
45 : 198 166 2 9 0
46 : 193 100 5 14 0
47 : 196 144 15 4 1
48 : 37 166 39 9 0
49 : 110 18 64 10 0
50 : 146 166 32 7 0
51 : 97 202 16 26 0
52 : 0 65 99 21 0
53 : 151 175 38 19 0
54 : 113 202 23 32 0
55 : 0 166 6 37 1
56 : 88 144 22 54 1
57 : 56 202 25 36 0
58 : 67 175 50 27 0
59 : 37 241 27 22 0
60 : 0 144 8 41 1
61 : 0 100 66 23 0
62 : 172 241 8 5 1
63 : 197 44 15 3 1
64 : 187 202 18 12 1
65 : 33 241 9 4 1
66 : 198 0 6 2 1
67 : 177 241 9 6 1
68 : 183 241 5 8 0
69 : 181 0 4 18 0
70 : 108 241 15 19 0
71 : 188 241 8 5 1
72 : 189 100 14 4 1
73 : 47 123 48 13 0
74 : 78 263 14 14 0
75 : 177 86 23 10 0
76 : 193 0 5 18 0
77 : 187 18 10 23 0
78 : 117 100 51 11 0
79 : 119 86 58 14 0
80 : 64 241 7 12 0
81 : 33 263 10 9 0
82 : 152 241 16 12 1
83 : 176 100 13 3 1
84 : 111 166 35 9 0
85 : 117 175 34 12 0
86 : 166 202 17 25 0
87 : 99 263 3 3 0
88 : 180 18 7 23 0
89 : 189 175 10 20 0
90 : 0 0 109 18 0
91 : 92 263 7 7 0
92 : 61 263 6 6 0
93 : 142 144 44 13 0
94 : 32 263 3 1 1
95 : 197 18 3 12 0
96 : 50 263 10 11 1
