1000 8848
0 : 0 5155 340 857 1
1 : 776 5562 104 178 1
2 : 0 2790 943 389 0
3 : 677 6873 189 491 0
4 : 561 7944 146 162 0
5 : 0 2672 33 963 1
6 : 678 8332 497 135 1
7 : 0 0 652 992 1
8 : 0 7823 121 598 1
9 : 882 4376 42 727 0
10 : 536 8332 142 505 0
11 : 959 8190 24 83 0
12 : 0 5562 150 776 1
13 : 0 4092 49 921 1
14 : 0 6873 493 677 1
15 : 0 4291 85 886 1
16 : 538 8190 421 99 0
17 : 0 1632 970 933 0
18 : 0 6473 252 738 1
19 : 0 7944 561 246 0
20 : 0 4376 882 779 0
21 : 944 5155 298 2 1
22 : 647 7366 452 169 1
23 : 946 5155 253 49 1
24 : 857 5155 338 87 1
25 : 919 6725 81 148 0
26 : 598 7823 59 375 1
27 : 0 7366 457 647 1
28 : 738 6706 12 189 1
29 : 776 5666 8 169 1
30 : 738 6473 191 233 0
31 : 0 2705 85 947 1
32 : 865 5712 629 135 1
33 : 0 2565 965 107 0
34 : 866 6873 359 109 1
35 : 0 5495 840 67 0
36 : 0 8190 538 142 0
37 : 761 5712 104 726 0
38 : 931 3179 15 871 0
39 : 689 6725 144 230 1
40 : 816 7774 10 114 1
41 : 0 5712 761 761 0
42 : 0 652 984 980 0
43 : 816 7366 408 117 1
44 : 929 6473 9 189 0
45 : 0 3179 931 913 0
46 : 0 8332 516 536 1
47 : 0 4141 150 906 1
48 : 0 6725 689 148 0
49 : 707 7944 103 146 0
