100 32
0 : 39 19 5 4 1
1 : 82 0 3 13 1
2 : 0 0 49 3 0
3 : 95 0 3 5 1
4 : 83 19 5 5 0
5 : 80 7 3 5 0
6 : 0 27 5 5 0
7 : 80 19 3 3 0
8 : 0 3 4 10 1
9 : 52 19 3 4 0
10 : 82 3 4 11 1
11 : 32 3 3 7 1
12 : 23 19 9 8 0
13 : 49 0 7 33 1
14 : 93 22 5 5 0
15 : 89 7 5 3 1
16 : 10 19 4 5 1
17 : 93 15 5 4 0
18 : 83 7 5 3 1
19 : 92 7 3 5 0
20 : 67 7 12 5 1
21 : 66 19 3 3 0
22 : 46 19 3 4 0
23 : 72 19 3 3 0
24 : 86 7 3 5 0
25 : 77 7 5 3 1
26 : 90 12 3 5 0
27 : 93 3 3 7 1
28 : 75 19 5 5 0
29 : 0 19 5 3 0
30 : 95 7 5 3 1
31 : 10 3 3 7 1
32 : 77 12 5 3 0
33 : 93 19 3 3 0
34 : 59 19 3 4 0
35 : 5 19 5 4 0
36 : 62 19 4 4 0
37 : 32 19 3 4 0
38 : 69 19 3 3 0
39 : 17 3 4 8 1
40 : 55 19 5 4 1
41 : 77 15 5 3 0
42 : 46 3 4 3 1
43 : 34 7 12 33 1
44 : 82 12 3 5 0
45 : 32 23 3 3 0
46 : 0 22 4 4 0
47 : 72 15 3 5 1
48 : 88 19 5 5 0
49 : 18 19 5 4 0
50 : 39 3 7 3 0
51 : 85 12 5 3 0
52 : 35 19 5 4 1
53 : 93 12 5 3 0
54 : 43 19 3 4 0
55 : 15 19 3 4 0
56 : 85 15 3 5 1
57 : 96 19 3 3 0
58 : 49 19 3 4 0
59 : 25 3 7 3 0
60 : 72 7 5 8 0
61 : 0 7 34 12 0
62 : 66 22 5 5 0
