200 331
0 : 0 0 15 72 1
1 : 72 0 15 47 1
2 : 119 0 67 11 0
3 : 0 15 56 39 0
4 : 56 15 6 35 0
5 : 62 15 11 17 0
6 : 73 15 8 20 0
7 : 81 15 22 8 1
8 : 89 15 8 12 0
9 : 97 15 3 16 0
10 : 100 15 11 9 1
11 : 109 15 9 61 1
12 : 0 54 47 7 0
13 : 47 54 11 11 0
14 : 58 54 5 18 1
15 : 76 54 6 22 1
16 : 98 54 5 7 0
17 : 103 54 6 14 1
18 : 117 54 25 21 0
19 : 142 54 22 4 0
20 : 164 54 16 11 1
21 : 0 75 33 17 0
22 : 33 75 8 7 1
23 : 40 75 4 8 0
24 : 44 75 26 110 1
25 : 154 75 11 4 1
26 : 0 101 58 12 0
27 : 58 101 56 21 0
28 : 0 122 21 102 1
29 : 102 122 6 25 1
30 : 127 122 9 51 1
31 : 178 122 16 11 1
32 : 0 143 30 5 0
33 : 30 143 12 9 0
34 : 42 143 4 6 0
35 : 46 143 26 16 0
36 : 72 143 68 12 0
37 : 140 143 20 10 0
38 : 160 143 21 26 1
39 : 186 143 20 12 1
40 : 0 164 49 16 0
41 : 49 164 6 28 1
42 : 77 164 11 3 1
43 : 80 164 37 12 0
44 : 117 164 9 18 1
45 : 135 164 2 9 0
46 : 137 164 5 14 0
47 : 142 164 15 4 1
48 : 146 164 39 9 0
49 : 0 180 64 10 0
50 : 64 180 32 7 0
51 : 96 180 16 26 1
52 : 0 196 99 21 0
53 : 99 196 38 19 0
54 : 137 196 23 32 1
55 : 0 219 6 37 1
56 : 37 219 22 54 1
57 : 91 219 25 36 1
58 : 127 219 50 27 0
59 : 177 219 27 22 1
60 : 0 246 8 41 1
61 : 41 246 66 23 0
62 : 107 246 8 5 1
63 : 112 246 15 3 1
64 : 115 246 18 12 1
65 : 127 246 9 4 1
66 : 131 246 6 2 1
67 : 133 246 9 6 1
68 : 139 246 5 8 0
69 : 144 246 4 18 0
70 : 148 246 15 19 0
71 : 163 246 8 5 1
72 : 168 246 14 4 1
73 : 0 269 48 13 0
74 : 48 269 14 14 0
75 : 62 269 23 10 0
76 : 85 269 5 18 1
77 : 103 269 10 23 1
78 : 126 269 51 11 0
79 : 0 283 58 14 0
80 : 58 283 7 12 0
81 : 65 283 10 9 1
82 : 74 283 16 12 0
83 : 90 283 13 3 1
84 : 93 283 35 9 0
85 : 128 283 34 12 0
86 : 162 283 17 25 1
87 : 187 283 3 3 0
88 : 0 300 7 23 1
89 : 23 300 10 20 1
90 : 43 300 109 18 0
91 : 152 300 7 7 0
92 : 159 300 6 6 0
93 : 0 318 44 13 0
94 : 44 318 3 1 1
95 : 45 318 3 12 0
96 : 48 318 10 11 0
