200 224
0 : 78 36 66 25 0
1 : 0 182 14 30 1
2 : 36 208 18 14 0
3 : 51 148 43 34 0
4 : 65 73 59 30 0
5 : 116 172 10 16 1
6 : 187 111 8 33 0
7 : 144 36 22 47 1
8 : 0 208 18 16 0
9 : 114 182 26 13 1
10 : 127 182 24 17 1
11 : 124 73 26 4 1
12 : 134 173 7 28 1
13 : 100 182 26 14 1
14 : 0 148 30 51 1
15 : 134 148 39 25 0
16 : 187 144 7 3 0
17 : 155 16 19 9 0
18 : 191 36 25 6 1
19 : 0 196 8 14 1
20 : 0 36 18 78 1
21 : 54 208 14 17 1
22 : 0 111 62 12 0
23 : 91 16 15 64 1
24 : 57 203 16 5 0
25 : 0 123 46 13 0
26 : 30 182 27 26 0
27 : 65 61 12 63 1
28 : 98 103 30 8 0
29 : 0 0 36 91 1
30 : 174 0 23 31 0
31 : 14 196 8 13 1
32 : 94 172 22 9 0
33 : 190 61 9 50 0
34 : 0 204 14 4 0
35 : 192 182 8 16 0
36 : 144 182 22 12 1
37 : 62 111 57 37 0
38 : 123 161 7 6 0
39 : 175 111 12 36 0
40 : 94 161 11 29 1
41 : 119 111 30 56 1
42 : 128 61 50 62 1
43 : 0 89 61 13 0
44 : 192 178 4 7 1
45 : 65 103 7 33 1
46 : 84 182 16 26 0
47 : 0 136 12 46 1
48 : 57 182 21 27 1
49 : 0 61 28 65 1
50 : 124 99 4 4 0
51 : 0 102 9 19 1
52 : 94 148 40 13 0
53 : 156 141 6 19 1
54 : 46 123 15 22 0
55 : 173 148 19 31 0
56 : 175 182 21 17 1
57 : 73 203 5 6 1
58 : 156 203 5 15 1
59 : 192 148 30 7 1
60 : 155 25 6 19 1
61 : 19 102 8 12 1
62 : 162 173 11 8 0
63 : 156 182 19 21 0
64 : 18 208 18 14 0
65 : 197 36 3 20 0
66 : 173 179 18 3 0
67 : 91 0 83 16 0
68 : 71 208 16 13 1
69 : 132 172 2 7 0
70 : 192 198 6 10 0
71 : 119 141 37 6 0
72 : 27 196 8 3 1
