200 240
0 : 35 228 8 47 1
1 : 0 50 143 26 0
2 : 0 179 16 107 1
3 : 77 0 33 95 1
4 : 195 50 5 21 0
5 : 64 116 54 40 0
6 : 65 206 84 15 0
7 : 172 0 32 25 1
8 : 143 50 52 45 0
9 : 160 179 13 39 1
10 : 77 156 86 20 0
11 : 0 0 50 77 1
12 : 73 76 77 31 0
13 : 118 116 24 74 1
14 : 99 228 11 12 0
15 : 0 206 22 65 1
16 : 107 179 27 53 1
17 : 149 206 14 46 1
18 : 82 228 17 9 0
19 : 183 156 15 21 0
20 : 192 116 31 6 1
21 : 190 76 8 38 0
22 : 0 156 23 77 1
23 : 0 228 12 35 1
24 : 195 206 5 12 0
25 : 163 156 20 23 0
26 : 0 76 73 40 0
27 : 150 76 40 39 0
28 : 0 116 64 37 0
