100 25
0 : 78 12 5 4 1
1 : 33 16 3 13 1
2 : 0 19 49 3 0
3 : 56 19 3 5 1
4 : 80 5 5 5 0
5 : 61 19 3 5 1
6 : 85 5 5 5 0
7 : 88 22 3 3 0
8 : 44 12 4 10 1
9 : 49 22 3 4 1
10 : 33 12 4 11 1
11 : 67 9 3 7 1
12 : 67 0 9 8 1
13 : 0 12 7 33 1
14 : 95 0 5 5 0
15 : 71 19 5 3 0
16 : 66 12 4 5 0
17 : 70 12 5 4 1
18 : 76 19 5 3 0
19 : 81 19 3 5 1
20 : 75 0 12 5 0
21 : 85 22 3 3 0
22 : 57 22 3 4 1
23 : 82 22 3 3 0
24 : 25 22 3 5 1
25 : 40 22 5 3 0
26 : 35 22 3 5 1
27 : 90 16 3 7 1
28 : 75 5 5 5 0
29 : 91 19 5 3 0
30 : 66 19 5 3 0
31 : 46 16 3 7 1
32 : 15 22 5 3 0
33 : 91 22 3 3 0
34 : 45 22 3 4 1
35 : 82 12 5 4 1
36 : 94 12 4 4 0
37 : 61 22 3 4 1
38 : 73 22 3 3 0
39 : 54 12 4 8 1
40 : 86 12 5 4 1
41 : 0 22 5 3 0
42 : 65 22 4 3 0
43 : 34 0 12 33 1
44 : 5 22 3 5 1
45 : 79 22 3 3 0
46 : 90 12 4 4 0
47 : 86 19 3 5 1
48 : 95 5 5 5 0
49 : 62 12 5 4 1
50 : 53 16 7 3 0
51 : 10 22 5 3 0
52 : 74 12 5 4 1
53 : 20 22 5 3 0
54 : 96 19 3 4 1
55 : 69 22 3 4 1
56 : 30 22 3 5 1
57 : 76 22 3 3 0
58 : 53 22 3 4 1
59 : 49 19 7 3 0
60 : 87 0 5 8 1
61 : 0 0 34 12 0
62 : 90 5 5 5 0
