200 219
0 : 109 26 15 72 1
1 : 0 153 15 47 1
2 : 0 104 67 11 0
3 : 99 65 56 39 0
4 : 112 147 6 35 1
5 : 143 191 11 17 0
6 : 154 191 8 20 1
7 : 79 176 22 8 0
8 : 101 176 8 12 1
9 : 110 23 3 16 1
10 : 45 208 11 9 1
11 : 102 56 9 61 1
12 : 32 168 47 7 0
13 : 34 208 11 11 0
14 : 105 203 5 18 1
15 : 194 168 6 22 0
16 : 85 201 5 7 0
17 : 147 147 6 14 1
18 : 159 168 25 21 0
19 : 0 100 22 4 0
20 : 18 208 16 11 0
21 : 58 86 33 17 0
22 : 192 97 8 7 0
23 : 135 187 4 8 1
24 : 0 0 26 110 1
25 : 22 100 11 4 0
26 : 54 131 58 12 0
27 : 67 104 56 21 0
28 : 0 44 21 102 1
29 : 65 125 6 25 1
30 : 54 143 9 51 1
31 : 186 191 16 11 1
32 : 170 44 30 5 0
33 : 154 199 12 9 0
34 : 190 164 4 6 1
35 : 59 191 26 16 0
36 : 102 44 68 12 0
37 : 85 191 20 10 0
38 : 176 0 21 26 0
39 : 58 175 20 12 0
40 : 112 131 49 16 0
41 : 37 125 6 28 1
42 : 161 150 11 3 0
43 : 180 65 37 12 1
44 : 0 208 9 18 1
45 : 198 56 2 9 0
46 : 173 126 5 14 1
47 : 120 187 15 4 0
48 : 120 168 39 9 0
49 : 0 115 64 10 0
50 : 192 65 32 7 1
51 : 32 175 16 26 1
52 : 0 65 99 21 0
53 : 161 131 38 19 0
54 : 0 168 23 32 1
55 : 0 125 6 37 1
56 : 0 131 22 54 1
57 : 155 65 25 36 0
58 : 123 104 50 27 0
59 : 173 104 27 22 0
60 : 79 168 8 41 1
61 : 110 0 66 23 0
62 : 0 203 8 5 0
63 : 109 41 15 3 0
64 : 105 191 18 12 0
65 : 65 164 9 4 0
66 : 98 166 6 2 0
67 : 90 125 9 6 0
68 : 113 176 5 8 0
69 : 47 164 4 18 1
70 : 181 26 15 19 1
71 : 166 199 8 5 0
72 : 58 187 14 4 0
73 : 98 153 48 13 0
74 : 143 177 14 14 0
75 : 184 168 23 10 1
76 : 91 86 5 18 0
77 : 120 177 10 23 1
78 : 47 153 51 11 0
79 : 0 86 58 14 0
80 : 79 184 7 12 1
81 : 54 208 10 9 1
82 : 174 191 16 12 1
83 : 155 101 13 3 0
84 : 163 56 35 9 0
85 : 0 191 34 12 0
86 : 34 191 17 25 1
87 : 64 115 3 3 0
88 : 170 49 7 23 1
89 : 123 191 10 20 1
90 : 0 26 109 18 0
91 : 193 49 7 7 0
92 : 99 125 6 6 0
93 : 146 153 44 13 0
94 : 54 152 3 1 0
95 : 168 101 3 12 1
96 : 190 153 10 11 0
