100 1226
0 : 0 1156 17 90 1
1 : 0 234 68 76 1
2 : 83 675 14 68 0
3 : 0 1077 22 76 1
4 : 0 714 38 83 1
5 : 0 994 29 87 1
6 : 0 595 40 100 1
7 : 0 675 39 83 1
8 : 0 165 69 77 1
9 : 99 0 1 99 0
10 : 0 302 77 57 0
11 : 0 1139 17 100 1
12 : 0 1189 13 94 1
13 : 0 1023 90 27 0
14 : 0 1050 27 84 1
15 : 0 359 56 83 1
16 : 0 1173 78 16 0
17 : 0 903 31 78 1
18 : 0 828 38 71 1
19 : 0 1202 8 86 1
20 : 0 1223 90 3 0
21 : 0 752 38 79 1
22 : 89 83 10 66 0
23 : 0 1099 21 92 1
24 : 78 866 14 66 0
25 : 0 1210 7 89 1
26 : 0 509 45 68 1
27 : 0 463 46 70 1
28 : 95 0 4 73 0
29 : 0 790 38 72 1
30 : 0 554 41 80 1
31 : 0 83 82 89 1
32 : 0 1217 6 88 1
33 : 0 934 30 98 1
34 : 0 415 99 48 0
35 : 0 964 30 87 1
36 : 0 1120 19 77 1
37 : 0 0 83 95 1
38 : 0 866 78 37 0
39 : 0 635 40 91 1
