100 1756
0 : 0 0 38 90 1
1 : 0 38 24 82 1
2 : 0 62 18 75 1
3 : 0 80 88 98 1
4 : 0 168 27 97 1
5 : 0 195 4 99 1
6 : 0 199 14 85 1
7 : 0 213 24 85 1
8 : 0 237 28 76 1
9 : 0 265 46 35 0
10 : 0 300 20 69 1
11 : 0 320 21 79 1
12 : 0 341 41 99 1
13 : 0 382 49 88 1
14 : 0 431 39 96 1
15 : 0 470 30 82 1
16 : 0 500 15 95 1
17 : 0 515 14 95 1
18 : 0 529 19 96 1
19 : 0 548 50 93 1
20 : 0 598 1 99 1
21 : 0 599 40 75 1
22 : 0 639 11 69 1
23 : 0 650 82 66 0
24 : 0 716 49 76 1
25 : 0 765 85 47 0
26 : 0 812 64 79 1
27 : 0 876 27 69 1
28 : 0 903 8 97 1
29 : 0 911 28 94 1
30 : 0 939 30 75 1
31 : 0 969 32 69 1
32 : 0 1001 29 90 1
33 : 0 1030 39 99 1
34 : 93 548 7 11 0
35 : 0 1069 100 18 0
36 : 0 1087 61 88 1
37 : 0 1148 12 76 1
38 : 0 1160 45 79 1
39 : 0 1205 28 95 1
40 : 0 1233 6 67 1
41 : 46 265 47 46 0
42 : 0 1239 45 39 0
43 : 0 1278 19 84 1
44 : 0 1297 12 85 1
45 : 0 1309 44 91 1
46 : 0 1353 56 70 1
47 : 0 1409 21 82 1
48 : 0 1430 30 77 1
49 : 0 1460 2 93 1
50 : 85 765 31 14 1
51 : 0 1462 35 89 1
52 : 0 1497 9 76 1
53 : 0 1506 22 68 1
54 : 0 1528 16 79 1
55 : 0 1544 11 68 1
56 : 0 1555 50 84 1
57 : 0 1605 3 87 1
58 : 0 1608 62 86 1
59 : 0 1670 98 86 0
