1000 8768
0 : 0 5155 340 857 1
1 : 791 7963 104 178 1
2 : 0 2790 943 389 0
3 : 677 6658 189 491 0
4 : 776 5495 146 162 1
5 : 0 2672 33 963 1
6 : 678 8252 497 135 1
7 : 0 0 652 992 1
8 : 0 7743 121 598 1
9 : 761 5645 42 727 0
10 : 536 8252 142 505 0
11 : 947 2705 24 83 0
12 : 0 5495 150 776 1
13 : 0 4092 49 921 1
14 : 0 6658 493 677 1
15 : 0 4291 85 886 1
16 : 561 7864 421 99 0
17 : 0 1632 970 933 0
18 : 0 6406 252 738 1
19 : 0 7864 561 246 0
20 : 0 4376 882 779 0
21 : 998 3179 298 2 1
22 : 647 7151 452 169 1
23 : 951 5645 253 49 1
24 : 857 5155 338 87 1
25 : 906 4141 81 148 0
26 : 598 7743 59 375 1
27 : 0 7151 457 647 1
28 : 986 4376 12 189 0
29 : 992 0 8 169 0
30 : 738 6406 191 233 0
31 : 0 2705 85 947 1
32 : 0 7608 629 135 0
33 : 0 2565 965 107 0
34 : 629 7608 359 109 0
35 : 931 3179 840 67 1
36 : 0 8110 538 142 0
37 : 882 4376 104 726 0
38 : 984 652 15 871 0
39 : 561 7963 144 230 1
40 : 886 4291 10 114 1
41 : 0 5645 761 761 0
42 : 0 652 984 980 0
43 : 866 6658 408 117 1
44 : 738 6639 9 189 1
45 : 0 3179 931 913 0
46 : 0 8252 516 536 1
47 : 0 4141 150 906 1
48 : 803 5645 689 148 1
49 : 538 8110 103 146 1
