1000 1191
0 : 831 27 66 61 0
1 : 65 88 62 48 0
2 : 127 88 62 46 0
3 : 375 88 61 43 0
4 : 189 88 39 62 1
5 : 436 88 38 61 1
6 : 144 27 30 71 1
7 : 57 194 56 37 0
8 : 53 264 52 39 0
9 : 841 194 36 55 1
10 : 473 0 74 27 0
11 : 48 410 42 47 1
12 : 963 27 61 32 1
13 : 295 162 58 32 0
14 : 52 303 51 36 0
15 : 94 452 46 40 0
16 : 160 0 79 23 0
17 : 147 372 48 38 0
18 : 81 0 79 23 0
19 : 863 106 30 60 1
20 : 0 0 22 81 1
21 : 951 194 36 49 1
22 : 215 27 25 71 1
23 : 621 0 73 24 0
24 : 643 162 57 31 0
25 : 0 27 72 25 0
26 : 715 303 50 35 0
27 : 113 194 56 31 0
28 : 165 231 33 54 1
29 : 140 452 39 46 1
30 : 144 57 28 63 1
31 : 396 0 77 23 0
32 : 264 571 43 40 0
33 : 243 372 36 48 1
34 : 169 194 56 31 0
35 : 103 303 51 34 0
36 : 219 231 54 32 0
37 : 270 531 44 40 0
38 : 95 410 37 47 1
39 : 154 303 51 34 0
40 : 195 372 48 36 0
41 : 705 231 53 33 0
42 : 138 492 39 45 1
43 : 765 303 34 50 1
44 : 318 0 22 78 1
45 : 205 303 51 33 0
46 : 353 162 29 58 1
47 : 694 0 73 23 0
48 : 767 0 23 73 1
49 : 183 492 37 45 1
50 : 840 0 73 23 0
51 : 559 611 42 40 0
52 : 494 47 26 64 1
53 : 273 231 31 54 1
54 : 72 27 23 72 1
55 : 239 0 79 21 0
56 : 142 410 35 47 1
57 : 865 303 33 50 1
58 : 601 611 39 42 1
59 : 815 303 33 50 1
60 : 327 231 54 30 0
61 : 680 108 60 27 0
62 : 189 410 47 34 0
63 : 913 0 22 73 1
64 : 600 339 49 33 0
65 : 307 571 37 43 1
66 : 105 264 30 52 1
67 : 697 27 67 23 0
68 : 228 492 35 45 1
69 : 251 88 62 25 0
70 : 356 47 24 64 1
71 : 273 492 35 45 1
72 : 350 571 36 43 1
73 : 661 136 26 59 1
74 : 393 571 43 36 0
75 : 630 27 67 23 0
76 : 318 492 34 45 1
77 : 562 45 64 24 0
78 : 339 372 32 48 1
79 : 256 303 30 51 1
80 : 291 372 32 48 1
81 : 497 88 25 61 1
82 : 896 194 55 27 0
83 : 381 231 54 28 0
84 : 186 452 33 46 1
85 : 387 372 31 48 1
86 : 363 492 45 33 0
87 : 307 303 51 29 0
88 : 436 571 43 35 0
89 : 547 0 74 20 0
90 : 915 303 50 29 0
91 : 533 685 40 37 0
92 : 720 136 25 59 1
93 : 236 410 31 47 1
94 : 435 372 30 48 1
95 : 232 452 46 31 0
96 : 519 722 37 39 1
97 : 480 722 37 39 1
98 : 286 46 63 22 0
99 : 643 611 34 42 1
100 : 0 231 26 55 1
101 : 408 492 31 45 1
102 : 764 27 67 21 0
103 : 558 88 23 61 1
104 : 779 136 23 59 1
105 : 278 452 46 30 0
106 : 693 66 62 22 0
107 : 435 231 26 54 1
108 : 558 722 36 39 1
109 : 838 136 59 23 0
110 : 356 27 69 20 0
111 : 358 303 51 27 0
112 : 358 531 31 44 1
113 : 698 339 28 49 1
114 : 838 786 37 37 0
115 : 420 651 34 41 1
116 : 314 531 31 44 1
117 : 649 339 49 28 0
118 : 0 88 65 21 0
119 : 494 27 20 68 1
120 : 963 372 36 38 0
121 : 55 231 55 25 0
122 : 110 231 24 55 1
123 : 573 685 33 40 1
124 : 286 27 70 19 0
125 : 498 492 29 45 1
126 : 479 571 31 43 1
127 : 700 162 57 23 0
128 : 157 264 52 26 0
129 : 453 492 45 29 0
130 : 897 27 20 66 1
131 : 757 162 23 57 1
132 : 543 492 45 29 0
133 : 409 303 51 25 0
134 : 209 264 25 52 1
135 : 286 68 20 63 1
136 : 425 27 69 19 0
137 : 402 531 44 29 0
138 : 370 452 28 46 1
139 : 281 194 23 56 1
140 : 678 492 28 45 1
141 : 0 339 26 50 1
142 : 875 786 37 34 1
143 : 897 47 65 20 0
144 : 324 452 28 46 1
145 : 897 67 65 19 0
146 : 225 194 56 23 0
147 : 416 452 46 27 0
148 : 633 492 28 45 1
149 : 283 410 47 27 0
150 : 78 786 38 33 0
151 : 588 492 45 28 0
152 : 562 69 64 19 0
153 : 261 264 24 52 1
154 : 562 27 18 68 1
155 : 968 452 40 31 1
156 : 462 452 46 27 0
157 : 680 88 20 61 1
158 : 154 786 32 38 1
159 : 313 264 52 24 0
160 : 116 786 38 32 0
161 : 965 303 34 36 0
162 : 461 651 30 41 1
163 : 490 531 44 27 0
164 : 597 722 31 39 1
165 : 619 88 20 61 1
166 : 738 855 33 36 1
167 : 330 410 26 47 1
168 : 531 372 48 25 0
169 : 0 823 32 37 1
170 : 313 88 62 19 0
171 : 613 685 31 40 1
172 : 446 531 28 44 1
173 : 483 372 48 25 0
174 : 215 52 19 63 1
175 : 377 410 47 26 0
176 : 693 685 40 30 0
177 : 508 452 46 26 0
178 : 702 855 36 33 0
179 : 653 685 40 30 0
180 : 0 162 20 59 1
181 : 108 918 34 35 1
182 : 37 823 37 32 0
183 : 522 571 28 43 1
184 : 666 855 33 36 1
185 : 554 452 26 46 1
186 : 411 162 21 58 1
187 : 502 651 29 41 1
188 : 747 339 24 49 1
189 : 909 786 33 37 0
190 : 111 823 32 37 1
191 : 74 823 37 32 0
192 : 337 194 56 21 0
193 : 764 48 65 18 0
194 : 511 303 23 51 1
195 : 562 303 23 51 1
196 : 753 722 30 39 1
197 : 50 339 50 24 0
198 : 365 264 52 23 0
199 : 942 786 37 32 1
200 : 460 303 51 23 0
201 : 565 571 27 43 1
202 : 675 722 30 39 1
203 : 627 372 48 24 0
204 : 393 194 56 21 0
205 : 471 410 25 47 1
206 : 796 339 24 49 1
207 : 192 786 38 31 0
208 : 741 88 19 61 1
209 : 143 918 33 35 1
210 : 897 136 59 20 0
211 : 424 410 25 47 1
212 : 148 823 31 37 1
213 : 608 571 27 43 1
214 : 723 492 25 45 1
215 : 425 64 18 64 1
216 : 651 571 27 43 1
217 : 694 571 27 43 1
218 : 774 855 36 32 0
219 : 636 722 30 39 1
220 : 923 106 60 19 0
221 : 579 372 24 48 1
222 : 737 571 27 43 1
223 : 802 88 61 19 0
224 : 61 136 60 19 0
225 : 831 722 29 39 1
226 : 714 722 30 39 1
227 : 518 410 24 47 1
228 : 534 531 26 44 1
229 : 956 136 26 44 1
230 : 801 107 60 19 0
231 : 100 339 50 23 0
232 : 449 194 56 20 0
233 : 780 571 43 27 0
234 : 792 722 29 39 1
235 : 814 162 57 20 0
236 : 764 66 65 17 0
237 : 758 231 21 53 1
238 : 664 303 51 22 0
239 : 425 46 18 64 1
240 : 565 410 47 24 0
241 : 613 303 51 22 0
242 : 0 52 63 18 0
243 : 259 823 30 37 1
244 : 646 452 24 46 1
245 : 952 571 26 43 1
246 : 846 855 31 36 1
247 : 723 372 48 23 0
248 : 738 452 46 24 0
249 : 741 107 19 60 1
250 : 918 855 31 36 1
251 : 954 855 31 36 1
252 : 813 685 28 40 1
253 : 692 452 46 24 0
254 : 469 162 58 19 0
255 : 823 571 26 43 1
256 : 685 611 27 42 1
257 : 924 88 18 61 1
258 : 773 685 40 28 0
259 : 222 823 30 37 1
260 : 733 685 28 40 1
261 : 600 452 46 24 0
262 : 489 231 54 21 0
263 : 909 571 26 43 1
264 : 560 952 33 34 1
265 : 178 918 35 32 0
266 : 882 855 36 31 0
267 : 666 531 25 44 1
268 : 333 823 30 37 1
269 : 543 651 27 41 1
270 : 659 410 23 47 1
271 : 356 71 64 17 0
272 : 866 571 26 43 1
273 : 215 71 17 63 1
274 : 584 651 27 41 1
275 : 578 531 44 25 0
276 : 527 162 58 19 0
277 : 714 985 33 33 0
278 : 622 531 44 25 0
279 : 845 339 49 22 0
280 : 230 786 29 38 1
281 : 150 339 50 22 0
282 : 781 282 51 21 0
283 : 185 823 30 37 1
284 : 810 855 31 36 1
285 : 296 823 30 37 1
286 : 863 88 18 61 1
287 : 813 492 24 45 1
288 : 0 611 25 43 1
289 : 853 685 40 27 0
290 : 727 611 26 42 1
291 : 0 211 20 55 1
292 : 893 685 40 27 0
293 : 36 888 30 36 1
294 : 594 952 34 32 0
295 : 518 823 29 37 1
296 : 870 722 39 28 0
297 : 675 372 48 23 0
298 : 779 985 32 33 0
299 : 933 685 40 27 0
300 : 768 492 24 45 1
301 : 754 531 24 44 1
302 : 612 410 23 47 1
303 : 407 823 29 37 1
304 : 864 231 20 53 1
305 : 78 759 27 39 1
306 : 505 194 19 56 1
307 : 858 492 45 24 0
308 : 370 823 37 29 0
309 : 121 136 18 60 1
310 : 0 888 30 36 1
311 : 444 823 37 29 0
312 : 842 531 24 44 1
313 : 39 759 27 39 1
314 : 707 651 26 41 1
315 : 830 452 23 46 1
316 : 784 452 46 23 0
317 : 771 372 48 22 0
318 : 497 113 61 17 0
319 : 558 111 61 17 0
320 : 948 492 23 45 1
321 : 666 651 26 41 1
322 : 706 410 23 47 1
323 : 832 282 50 21 0
324 : 948 722 39 27 0
325 : 882 282 50 21 0
326 : 521 264 52 20 0
327 : 417 264 52 20 0
328 : 0 70 17 63 1
329 : 481 823 37 29 0
330 : 181 136 17 60 1
331 : 361 136 17 60 1
332 : 0 759 27 39 1
333 : 118 162 18 59 1
334 : 876 452 23 46 1
335 : 968 952 32 33 0
336 : 710 531 24 44 1
337 : 0 531 23 45 1
338 : 625 651 26 41 1
339 : 213 918 30 35 1
340 : 932 282 50 21 0
341 : 628 952 34 31 0
342 : 469 264 52 20 0
343 : 72 888 36 29 0
344 : 789 651 41 25 0
345 : 909 722 27 39 1
346 : 903 492 23 45 1
347 : 273 759 26 39 1
348 : 248 918 30 35 1
349 : 283 918 35 30 0
350 : 43 611 24 43 1
351 : 629 823 37 28 0
352 : 585 162 18 58 1
353 : 974 531 26 40 0
354 : 306 786 27 38 1
355 : 86 611 24 43 1
356 : 747 985 32 33 0
357 : 798 531 24 44 1
358 : 616 209 19 55 1
359 : 592 823 37 28 0
360 : 59 162 18 59 1
361 : 811 231 53 20 0
362 : 666 823 28 37 1
363 : 777 823 28 37 1
364 : 753 410 22 47 1
365 : 268 786 27 38 1
366 : 0 722 40 26 0
367 : 543 231 19 54 1
368 : 301 136 60 17 0
369 : 195 759 26 39 1
370 : 252 888 28 36 1
371 : 769 611 42 25 0
372 : 819 372 21 48 1
373 : 740 823 28 37 1
374 : 108 888 29 36 1
375 : 129 611 43 24 0
376 : 555 823 37 28 0
377 : 561 209 55 19 0
378 : 922 452 22 46 1
379 : 216 888 28 36 1
380 : 677 264 52 19 0
381 : 156 759 26 39 1
382 : 811 985 31 33 0
383 : 234 759 26 39 1
384 : 703 823 37 28 0
385 : 630 66 63 16 0
386 : 800 410 47 22 0
387 : 573 264 52 20 0
388 : 0 136 17 61 1
389 : 811 611 24 42 1
390 : 830 651 25 41 1
391 : 842 985 33 31 1
392 : 65 1048 32 32 0
393 : 505 213 18 55 1
394 : 318 918 35 29 0
395 : 0 264 53 19 0
396 : 912 651 25 41 1
397 : 630 50 63 16 0
398 : 97 1048 32 32 0
399 : 241 136 17 60 1
400 : 851 823 37 27 0
401 : 888 823 27 37 1
402 : 66 1018 30 33 1
403 : 172 611 43 24 0
404 : 696 952 34 30 0
405 : 871 651 25 41 1
406 : 625 264 52 20 0
407 : 904 985 33 31 1
408 : 0 1018 33 30 0
409 : 200 339 50 20 0
410 : 80 722 25 40 1
411 : 873 985 33 31 1
412 : 344 786 38 27 0
413 : 250 339 20 50 1
414 : 45 531 45 22 0
415 : 33 1048 32 32 0
416 : 117 759 26 39 1
417 : 895 611 42 24 0
418 : 693 50 63 16 0
419 : 867 372 48 21 0
420 : 619 108 16 61 1
421 : 382 786 38 26 0
422 : 748 651 25 41 1
423 : 144 888 28 36 1
424 : 312 759 26 39 1
425 : 917 231 19 53 1
426 : 72 66 63 16 0
427 : 930 531 23 44 1
428 : 941 410 21 47 1
429 : 962 823 37 27 0
430 : 814 823 37 27 0
431 : 730 952 29 34 1
432 : 288 888 28 36 1
433 : 40 722 25 40 1
434 : 662 952 30 34 1
435 : 180 888 36 28 0
436 : 258 611 23 43 1
437 : 324 888 36 27 0
438 : 847 431 21 47 1
439 : 853 611 24 42 1
440 : 313 107 16 61 1
441 : 507 759 25 39 1
442 : 251 113 61 16 0
443 : 458 786 38 26 0
444 : 886 531 23 44 1
445 : 935 985 30 33 0
446 : 72 50 63 16 0
447 : 421 136 60 16 0
448 : 970 231 30 33 0
449 : 0 492 46 21 0
450 : 0 452 21 47 1
451 : 90 531 22 45 1
452 : 925 823 27 37 1
453 : 937 611 23 42 1
454 : 597 231 18 54 1
455 : 894 339 49 20 0
456 : 0 410 20 48 1
457 : 847 410 21 47 1
458 : 458 918 28 35 1
459 : 41 685 24 41 1
460 : 82 685 41 24 0
461 : 215 611 43 23 0
462 : 894 410 21 47 1
463 : 973 685 27 37 0
464 : 469 284 19 51 1
465 : 729 264 19 52 1
466 : 160 722 24 40 1
467 : 388 918 28 35 1
468 : 159 1048 32 30 1
469 : 965 985 30 33 0
470 : 42 651 23 42 1
471 : 571 284 19 51 1
472 : 953 651 41 24 0
473 : 360 888 27 36 1
474 : 353 918 28 35 1
475 : 351 759 25 39 1
476 : 0 685 41 24 0
477 : 468 759 25 39 1
478 : 236 177 56 17 0
479 : 168 651 23 42 1
480 : 729 208 17 55 1
481 : 33 1018 30 33 1
482 : 671 209 17 55 1
483 : 177 162 16 59 1
484 : 0 651 23 42 1
485 : 651 231 54 18 0
486 : 420 786 26 38 1
487 : 520 284 51 19 0
488 : 44 571 44 22 0
489 : 0 109 61 16 0
490 : 0 571 44 22 0
491 : 764 952 28 34 1
492 : 126 651 23 42 1
493 : 390 759 25 39 1
494 : 974 786 37 26 1
495 : 929 1048 31 31 0
496 : 481 136 16 60 1
497 : 164 685 23 41 1
498 : 915 372 48 20 0
499 : 423 918 28 35 1
500 : 129 1048 30 32 0
501 : 120 722 40 24 0
502 : 833 264 52 18 0
503 : 0 194 57 17 0
504 : 429 759 25 39 1
505 : 84 651 23 42 1
506 : 180 531 21 45 1
507 : 0 372 49 19 0
508 : 93 1080 31 30 0
509 : 132 571 22 44 1
510 : 246 685 23 41 1
511 : 572 786 38 25 0
512 : 610 786 25 38 1
513 : 928 162 57 17 0
514 : 396 888 26 36 1
515 : 231 1018 28 33 1
516 : 123 685 23 41 1
517 : 350 339 50 19 0
518 : 528 918 27 35 1
519 : 493 918 27 35 1
520 : 741 759 24 39 1
521 : 866 952 28 34 1
522 : 871 162 17 57 1
523 : 0 430 20 47 1
524 : 504 888 26 36 1
525 : 0 855 37 25 0
526 : 88 571 22 44 1
527 : 287 685 41 23 0
528 : 624 759 39 24 0
529 : 449 214 17 55 1
530 : 534 786 25 38 1
531 : 300 339 50 19 0
532 : 677 283 18 51 1
533 : 132 1018 29 33 1
534 : 0 1080 31 30 0
535 : 99 1018 29 33 1
536 : 898 1048 31 31 0
537 : 0 320 50 19 0
538 : 49 372 49 19 0
539 : 247 1048 32 29 1
540 : 702 759 24 39 1
541 : 387 611 22 43 1
542 : 135 531 45 21 0
543 : 798 952 34 28 0
544 : 894 431 47 20 0
545 : 294 651 22 42 1
546 : 252 651 22 42 1
547 : 496 786 25 38 1
548 : 784 208 17 55 1
549 : 46 492 20 46 1
550 : 585 759 39 24 0
551 : 210 651 22 42 1
552 : 92 492 20 46 1
553 : 781 264 52 18 0
554 : 31 1080 30 31 1
555 : 34 985 34 27 0
556 : 900 952 34 28 0
557 : 37 855 37 25 0
558 : 832 952 28 34 1
559 : 96 391 48 19 0
560 : 205 685 23 41 1
561 : 218 1048 29 32 0
562 : 333 855 37 25 0
563 : 941 431 47 20 0
564 : 176 571 21 44 1
565 : 177 178 57 16 0
566 : 198 1018 28 33 1
567 : 546 759 39 24 0
568 : 280 722 40 23 0
569 : 165 1018 28 33 1
570 : 189 1048 29 32 0
571 : 753 432 47 20 0
572 : 296 855 25 37 1
573 : 563 918 35 27 0
574 : 200 722 23 40 1
575 : 780 759 24 39 1
576 : 541 136 15 60 1
577 : 432 888 26 36 1
578 : 668 918 26 35 1
579 : 0 985 27 34 1
580 : 703 918 26 35 1
581 : 937 264 52 18 0
582 : 494 73 60 15 0
583 : 800 786 38 24 0
584 : 762 786 38 24 0
585 : 648 786 38 24 0
586 : 305 1048 29 32 0
587 : 225 531 45 20 0
588 : 622 284 18 51 1
589 : 344 611 22 43 1
590 : 601 136 60 15 0
591 : 98 372 49 19 0
592 : 400 339 18 50 1
593 : 960 1048 31 30 1
594 : 259 855 25 37 1
595 : 724 786 38 24 0
596 : 301 611 43 22 0
597 : 240 722 40 23 0
598 : 47 452 20 47 1
599 : 728 283 51 18 0
600 : 185 855 37 25 0
601 : 663 759 39 24 0
602 : 468 888 26 36 1
603 : 148 855 25 37 1
604 : 686 786 24 38 1
605 : 330 1018 33 27 0
606 : 276 1048 29 32 0
607 : 800 432 20 47 1
608 : 111 855 25 37 1
609 : 369 685 22 41 1
610 : 62 1080 31 30 0
611 : 598 918 35 26 0
612 : 858 759 23 39 1
613 : 48 391 19 48 1
614 : 220 571 21 44 1
615 : 943 339 49 19 0
616 : 320 722 23 40 1
617 : 236 162 15 59 1
618 : 934 952 27 34 1
619 : 360 722 23 40 1
620 : 633 918 26 35 1
621 : 430 611 21 43 1
622 : 0 391 19 48 1
623 : 124 1080 31 29 0
624 : 155 1080 31 29 0
625 : 738 918 26 35 1
626 : 473 611 43 21 0
627 : 885 264 52 18 0
628 : 222 855 25 37 1
629 : 407 855 37 24 0
630 : 410 685 41 22 0
631 : 264 1018 33 28 0
632 : 334 1048 28 32 0
633 : 47 472 20 46 1
634 : 328 685 41 22 0
635 : 225 551 44 20 0
636 : 74 855 25 37 1
637 : 659 433 19 47 1
638 : 297 1018 27 33 1
639 : 492 685 41 21 0
640 : 370 855 37 24 0
641 : 612 433 47 19 0
642 : 819 759 39 23 0
643 : 524 1048 27 32 0
644 : 808 918 35 25 0
645 : 68 985 26 34 1
646 : 336 651 42 21 0
647 : 362 1048 27 32 0
648 : 540 888 36 24 0
649 : 389 1048 27 32 0
650 : 416 1048 32 27 1
651 : 936 759 22 39 1
652 : 516 611 20 43 1
653 : 972 888 30 28 1
654 : 443 1048 32 27 1
655 : 500 339 50 17 0
656 : 451 685 21 41 1
657 : 378 651 42 21 0
658 : 365 287 52 16 0
659 : 0 303 17 52 1
660 : 773 918 35 25 0
661 : 706 433 19 45 1
662 : 744 1080 29 30 0
663 : 0 786 22 39 1
664 : 363 1018 33 26 0
665 : 470 1048 27 32 0
666 : 497 1048 32 27 1
667 : 390 1110 29 29 0
668 : 440 722 21 40 1
669 : 576 888 36 24 0
670 : 843 918 35 24 0
671 : 444 855 23 37 1
672 : 897 759 22 39 1
673 : 450 339 17 50 1
674 : 481 855 23 37 1
675 : 551 1048 26 32 0
676 : 400 722 40 21 0
677 : 648 888 36 23 0
678 : 612 888 23 36 1
679 : 417 284 16 52 1
680 : 878 918 35 24 0
681 : 136 985 24 34 1
682 : 922 474 18 46 1
683 : 928 179 57 15 0
684 : 0 952 35 23 0
685 : 871 179 57 15 0
686 : 979 611 40 21 1
687 : 102 985 24 34 1
688 : 773 1080 28 30 0
689 : 35 952 23 35 1
690 : 0 283 52 16 0
691 : 561 194 56 15 0
692 : 915 392 46 18 0
693 : 801 1080 30 28 1
694 : 419 1110 28 29 0
695 : 550 355 17 48 1
696 : 337 215 15 55 1
697 : 392 215 52 16 0
698 : 59 180 57 14 0
699 : 116 180 56 14 0
700 : 617 194 15 56 1
701 : 684 888 23 36 1
702 : 673 194 56 15 0
703 : 550 339 16 50 1
704 : 429 1018 25 33 1
705 : 518 855 37 22 0
706 : 720 888 36 23 0
707 : 396 1018 33 25 0
708 : 217 1080 31 26 0
709 : 948 918 35 23 0
710 : 756 888 36 22 0
711 : 70 952 23 35 1
712 : 462 1018 24 33 1
713 : 650 249 52 15 0
714 : 856 1080 26 30 0
715 : 913 918 35 23 0
716 : 729 194 56 14 0
717 : 829 1080 30 27 1
718 : 516 631 20 40 1
719 : 495 1018 33 24 0
720 : 518 434 44 18 0
721 : 186 1080 31 26 0
722 : 0 473 42 19 0
723 : 585 180 56 14 0
724 : 792 888 36 22 0
725 : 39 786 20 39 1
726 : 310 1080 31 25 0
727 : 785 194 14 56 1
728 : 105 952 22 35 1
729 : 864 888 21 36 1
730 : 447 1110 27 29 0
731 : 597 249 53 15 0
732 : 140 952 35 22 0
733 : 46 512 42 19 0
734 : 872 1110 27 28 0
735 : 238 985 34 22 0
736 : 279 1080 31 25 0
737 : 828 888 21 36 1
738 : 248 1080 31 25 0
739 : 771 394 16 48 1
740 : 819 393 17 45 1
741 : 791 1110 28 27 1
742 : 474 1110 29 26 1
743 : 882 1080 30 25 1
744 : 907 1080 25 30 0
745 : 561 1018 33 23 0
746 : 629 855 37 20 0
747 : 845 1110 27 28 0
748 : 170 985 22 34 1
749 : 175 952 21 35 1
750 : 272 985 34 22 0
751 : 932 1080 25 30 0
752 : 528 1018 33 23 0
753 : 818 1110 27 28 0
754 : 204 985 34 22 0
755 : 592 855 37 20 0
756 : 600 1048 23 32 0
757 : 330 436 16 46 1
758 : 532 1139 27 27 0
759 : 623 1048 23 32 0
760 : 555 855 20 37 1
761 : 450 356 16 47 1
762 : 693 1018 22 33 1
763 : 135 552 40 19 0
764 : 400 357 48 15 0
765 : 646 1048 32 23 1
766 : 577 1048 32 23 1
767 : 543 250 52 14 0
768 : 660 1018 22 33 1
769 : 209 289 14 52 1
770 : 277 217 14 51 1
771 : 936 888 36 20 0
772 : 424 435 44 17 0
773 : 784 475 42 17 0
774 : 311 288 48 15 0
775 : 500 1110 29 25 1
776 : 442 985 34 21 0
777 : 45 553 18 41 1
778 : 0 513 18 41 1
779 : 341 1080 24 31 1
780 : 917 250 53 14 0
781 : 594 1018 33 22 0
782 : 562 434 40 18 0
783 : 559 1139 27 27 0
784 : 176 592 38 19 0
785 : 669 1048 32 23 1
786 : 408 985 34 21 0
787 : 225 217 52 14 0
788 : 374 985 21 34 1
789 : 627 1018 22 33 1
790 : 340 985 21 34 1
791 : 692 1048 32 23 1
792 : 715 1048 22 32 0
793 : 957 1080 30 24 1
794 : 886 554 17 41 1
795 : 613 325 14 50 1
796 : 210 952 35 21 0
797 : 525 1110 25 29 0
798 : 675 395 46 15 0
799 : 900 888 20 36 1
800 : 899 1110 28 26 1
801 : 306 985 34 21 0
802 : 88 512 19 37 1
803 : 86 553 18 38 1
804 : 0 593 18 39 1
805 : 30 1110 23 30 1
806 : 985 88 15 48 0
807 : 0 554 17 41 1
808 : 496 1080 31 22 0
809 : 663 325 50 14 0
810 : 476 985 34 20 0
811 : 937 634 17 42 1
812 : 157 290 52 13 0
813 : 372 1080 31 23 0
814 : 864 393 41 17 0
815 : 245 952 20 35 1
816 : 779 1048 21 32 0
817 : 430 632 37 19 0
818 : 468 435 40 17 0
819 : 261 288 14 50 1
820 : 527 1080 31 22 0
821 : 497 356 16 44 1
822 : 600 476 16 43 1
823 : 376 436 16 43 1
824 : 112 1139 24 28 1
825 : 586 1139 26 27 0
826 : 550 1110 29 24 1
827 : 84 1139 28 24 0
828 : 872 1139 26 26 0
829 : 280 952 20 35 1
830 : 925 1110 24 28 0
831 : 313 123 13 52 1
832 : 469 181 13 51 1
833 : 339 633 18 37 1
834 : 434 1080 22 31 1
835 : 643 476 16 42 1
836 : 214 592 19 36 1
837 : 283 437 15 44 1
838 : 737 1048 32 21 1
839 : 403 1080 31 22 0
840 : 315 952 19 35 1
841 : 0 1110 30 23 0
842 : 627 396 47 14 0
843 : 620 1110 23 29 0
844 : 612 1139 27 25 1
845 : 465 1080 31 22 0
846 : 77 593 18 37 1
847 : 943 358 48 14 0
848 : 811 635 41 16 0
849 : 28 1139 28 24 0
850 : 39 593 18 38 1
851 : 215 634 17 39 1
852 : 637 1139 27 25 1
853 : 175 552 36 19 0
854 : 56 1139 28 24 0
855 : 348 358 14 47 1
856 : 758 1048 21 32 0
857 : 862 251 50 13 0
858 : 301 633 38 18 0
859 : 949 1110 28 24 1
860 : 0 1139 28 24 0
861 : 300 358 14 48 1
862 : 903 515 16 42 1
863 : 579 396 14 48 1
864 : 812 516 15 43 1
865 : 973 1110 24 28 0
866 : 558 1080 31 21 0
867 : 589 1080 31 21 0
868 : 508 478 14 46 1
869 : 973 1139 25 26 0
870 : 792 1018 33 20 0
871 : 734 1139 24 27 0
872 : 0 1166 26 25 0
873 : 574 1110 29 23 1
874 : 114 593 36 18 0
875 : 578 985 34 19 0
876 : 710 555 42 16 0
877 : 140 1139 28 23 0
878 : 597 1110 23 29 0
879 : 726 1018 20 33 1
880 : 975 759 27 25 1
881 : 710 1139 27 24 1
882 : 651 1080 31 21 0
883 : 510 985 34 19 0
884 : 759 1018 20 33 1
885 : 686 1139 27 24 1
886 : 385 952 35 19 0
887 : 60 1110 30 22 0
888 : 721 395 15 44 1
889 : 90 1110 22 30 1
890 : 825 1018 33 20 0
891 : 350 952 35 19 0
892 : 855 516 15 42 1
893 : 923 1139 26 25 1
894 : 150 1110 21 30 1
895 : 898 1139 25 26 0
896 : 662 1139 27 24 1
897 : 196 1139 28 23 0
898 : 945 515 16 39 1
899 : 811 251 13 51 1
900 : 520 181 13 51 1
901 : 120 1110 30 21 0
902 : 578 556 43 15 0
903 : 723 517 14 45 1
904 : 620 1080 31 21 0
905 : 768 516 44 15 0
906 : 455 952 18 35 1
907 : 827 1139 27 23 1
908 : 420 952 18 35 1
909 : 26 1166 24 26 1
910 : 52 1166 24 26 1
911 : 643 1110 22 29 0
912 : 168 1139 23 28 1
913 : 376 633 36 18 0
914 : 525 952 35 18 0
915 : 800 1048 32 20 1
916 : 180 1110 21 30 1
917 : 665 1110 29 22 1
918 : 308 1139 28 22 0
919 : 948 1139 25 26 0
920 : 858 1018 33 19 0
921 : 687 1110 29 22 1
922 : 130 1166 24 26 1
923 : 924 1018 19 33 1
924 : 224 1139 28 22 0
925 : 544 985 34 19 0
926 : 682 1080 31 20 0
927 : 758 1139 23 27 0
928 : 490 952 35 18 0
929 : 104 1166 26 24 0
930 : 156 1166 24 26 1
931 : 826 475 17 38 1
932 : 78 1166 24 26 1
933 : 43 635 15 42 1
934 : 254 634 37 17 0
935 : 804 1139 27 23 1
936 : 769 636 15 42 1
937 : 752 555 16 39 1
938 : 927 554 37 17 0
939 : 781 1139 23 27 0
940 : 85 635 38 16 0
941 : 621 556 42 15 0
942 : 252 1139 28 22 0
943 : 200 359 13 47 1
944 : 840 1048 20 32 0
945 : 286 1166 25 25 0
946 : 612 985 34 18 0
947 : 860 1048 32 19 1
948 : 0 636 15 42 1
949 : 240 1110 30 21 0
950 : 663 556 15 42 1
951 : 879 1048 32 19 1
952 : 852 635 38 16 0
953 : 210 1110 30 21 0
954 : 460 326 48 13 0
955 : 39 806 37 17 0
956 : 280 1139 28 22 0
957 : 820 1048 32 20 1
958 : 72 918 36 17 0
959 : 864 475 37 17 0
960 : 891 1018 19 33 1
961 : 270 1110 20 30 1
962 : 730 1110 29 21 1
963 : 335 1166 25 24 1
964 : 234 1166 23 26 1
965 : 957 1018 18 33 1
966 : 467 632 36 17 0
967 : 448 1139 21 28 1
968 : 260 1166 26 23 0
969 : 311 1166 25 24 1
970 : 451 706 37 16 0
971 : 36 918 36 17 0
972 : 330 1110 20 30 1
973 : 680 985 18 34 1
974 : 182 1166 23 26 1
975 : 364 1139 21 28 1
976 : 646 985 34 18 0
977 : 685 476 38 16 0
978 : 0 918 17 36 1
979 : 709 1110 29 21 1
980 : 208 1166 26 23 0
981 : 0 935 17 34 1
982 : 392 1139 28 21 0
983 : 0 1048 33 18 0
984 : 420 1139 28 21 0
985 : 34 935 17 34 1
986 : 300 1110 30 20 0
987 : 771 1110 29 20 1
988 : 336 1139 21 28 1
989 : 981 1080 30 19 1
990 : 359 1166 24 24 0
991 : 983 918 34 17 1
992 : 751 1110 20 29 0
993 : 713 1080 31 19 0
994 : 383 1166 24 24 0
995 : 476 1139 21 28 1
996 : 360 1110 30 19 0
997 : 504 1139 28 20 0
998 : 850 1139 22 27 0
999 : 490 558 13 44 1
