92 196
0 : 54 173 11 9 0
1 : 73 182 1 1 0
2 : 79 160 9 11 0
3 : 21 172 1 29 1
4 : 45 173 9 11 0
5 : 37 50 19 15 0
6 : 50 0 50 29 1
7 : 54 182 1 19 1
8 : 0 50 18 18 0
9 : 21 160 12 45 1
10 : 56 50 19 15 0
11 : 74 119 14 12 0
12 : 0 173 12 45 1
13 : 31 147 27 13 0
14 : 79 0 43 13 1
15 : 19 119 55 13 0
16 : 0 147 31 13 0
17 : 18 50 19 15 0
18 : 0 185 11 79 1
19 : 0 0 50 50 0
20 : 19 132 2 37 1
21 : 33 134 31 13 0
22 : 0 68 92 17 0
23 : 0 160 21 13 0
24 : 65 173 11 9 0
25 : 0 134 33 13 0
26 : 64 134 28 13 0
27 : 18 66 1 29 1
28 : 75 50 13 10 0
29 : 58 147 27 13 0
30 : 0 85 17 88 1
31 : 0 119 19 15 0
32 : 54 183 1 19 1
33 : 0 102 86 17 0
34 : 18 65 1 48 1
35 : 88 50 4 6 0
36 : 66 160 13 10 0
37 : 85 147 4 6 0
