200 214
0 : 56 87 66 25 0
1 : 61 36 14 30 1
2 : 51 200 18 14 0
3 : 153 0 43 34 0
4 : 122 50 59 30 0
5 : 120 200 10 16 1
6 : 152 172 8 33 1
7 : 0 135 22 47 1
8 : 182 181 18 16 0
9 : 134 181 26 13 0
10 : 181 135 24 17 1
11 : 173 113 26 4 0
12 : 152 80 7 28 1
13 : 87 181 26 14 0
14 : 122 87 30 51 1
15 : 47 135 39 25 0
16 : 99 178 7 3 0
17 : 41 172 19 9 0
18 : 134 194 25 6 0
19 : 107 78 8 14 1
20 : 0 117 18 78 1
21 : 87 200 14 17 1
22 : 63 160 62 12 0
23 : 86 135 15 64 1
24 : 19 194 16 5 0
25 : 153 34 46 13 0
26 : 173 87 27 26 0
27 : 0 160 12 63 1
28 : 86 150 30 8 0
29 : 0 0 36 91 1
30 : 150 135 23 31 1
31 : 185 172 8 13 1
32 : 0 172 22 9 0
33 : 57 78 9 50 1
34 : 160 196 14 4 0
35 : 60 172 8 16 1
36 : 29 200 22 12 0
37 : 0 50 57 37 0
38 : 109 172 7 6 0
39 : 161 117 12 36 1
40 : 0 200 11 29 1
41 : 0 87 30 56 1
42 : 91 0 50 62 1
43 : 0 36 61 13 0
44 : 174 196 4 7 1
45 : 116 150 7 33 1
46 : 40 181 16 26 1
47 : 152 160 12 46 1
48 : 125 160 21 27 1
49 : 57 50 28 65 1
50 : 102 195 4 4 0
51 : 22 172 9 19 1
52 : 0 181 40 13 0
53 : 181 81 6 19 1
54 : 160 181 15 22 1
55 : 181 50 19 31 0
56 : 113 181 21 17 0
57 : 35 194 5 6 0
58 : 87 195 5 15 1
59 : 122 80 30 7 0
60 : 0 194 6 19 1
61 : 76 172 8 12 1
62 : 88 172 11 8 0
63 : 66 181 19 21 1
64 : 69 200 18 14 0
65 : 40 197 3 20 1
66 : 182 197 18 3 0
67 : 78 117 83 16 0
68 : 104 200 16 13 0
69 : 106 178 2 7 1
70 : 99 172 6 10 1
71 : 161 129 37 6 0
72 : 197 117 8 3 1
