200 215
0 : 78 38 110 32 0
1 : 188 38 12 33 0
2 : 0 179 78 15 0
3 : 0 145 62 18 0
4 : 0 163 16 53 1
5 : 48 0 37 76 1
6 : 78 179 14 97 1
7 : 124 0 28 43 1
8 : 191 145 16 9 1
9 : 145 163 15 22 1
10 : 128 125 64 19 0
11 : 189 103 10 13 0
12 : 159 202 4 27 1
13 : 187 163 12 13 0
14 : 166 122 3 6 1
15 : 44 208 7 22 1
16 : 124 145 67 16 0
17 : 0 194 27 14 0
18 : 27 194 13 41 1
19 : 0 38 78 35 0
20 : 0 73 30 115 1
21 : 140 194 8 54 1
22 : 0 125 20 91 1
23 : 194 194 6 6 0
24 : 68 194 72 12 0
25 : 53 163 15 92 1
26 : 0 103 22 58 1
27 : 140 202 19 6 0
28 : 0 0 38 48 1
29 : 105 103 21 61 1
30 : 124 28 10 38 1
31 : 58 103 22 47 1
32 : 167 0 22 37 0
33 : 195 73 5 30 0
34 : 162 28 5 9 0
35 : 78 70 3 15 1
36 : 189 0 24 10 1
37 : 91 125 20 37 1
38 : 175 179 18 13 0
39 : 166 103 23 19 0
40 : 115 73 41 27 0
41 : 177 97 18 5 0
42 : 189 116 6 11 1
43 : 156 73 39 24 0
44 : 156 97 21 6 0
45 : 62 145 62 17 0
46 : 167 163 20 15 0
47 : 115 100 3 8 1
48 : 0 208 44 7 0
