200 223
0 : 0 0 66 25 0
1 : 66 0 14 30 1
2 : 96 0 18 14 1
3 : 110 0 43 34 0
4 : 0 34 59 30 0
5 : 96 18 10 16 0
6 : 0 25 8 33 1
7 : 153 0 22 47 1
8 : 66 14 18 16 0
9 : 59 34 26 13 1
10 : 72 34 24 17 1
11 : 33 25 26 4 0
12 : 153 22 7 28 1
13 : 89 34 26 14 1
14 : 103 34 30 51 1
15 : 154 34 39 25 0
16 : 59 25 7 3 0
17 : 84 14 19 9 1
18 : 193 34 25 6 1
19 : 0 64 8 14 1
20 : 14 64 18 78 1
21 : 92 64 14 17 0
22 : 106 64 62 12 0
23 : 0 82 15 64 1
24 : 33 29 16 5 0
25 : 64 82 46 13 0
26 : 110 82 27 26 0
27 : 137 82 12 63 1
28 : 168 64 30 8 0
29 : 0 108 36 91 1
30 : 91 108 23 31 0
31 : 64 95 8 13 0
32 : 168 72 22 9 0
33 : 0 97 9 50 1
34 : 89 60 14 4 0
35 : 72 95 8 16 1
36 : 88 95 22 12 0
37 : 114 108 57 37 0
38 : 72 58 7 6 0
39 : 137 94 12 36 1
40 : 171 108 11 29 0
41 : 0 145 30 56 1
42 : 56 145 50 62 1
43 : 118 145 61 13 0
44 : 106 18 4 7 0
45 : 182 108 7 33 0
46 : 179 145 16 26 0
47 : 0 195 12 46 1
48 : 118 158 21 27 0
49 : 46 195 28 65 1
50 : 66 30 4 4 0
51 : 0 175 9 19 0
52 : 139 158 40 13 0
53 : 181 22 6 19 1
54 : 139 171 15 22 0
55 : 9 175 19 31 1
56 : 154 171 21 17 0
57 : 153 29 5 6 1
58 : 154 59 5 15 1
59 : 189 108 30 7 1
60 : 106 76 6 19 1
61 : 0 72 8 12 1
62 : 171 137 11 8 0
63 : 175 171 19 21 0
64 : 173 94 18 14 0
65 : 93 14 3 20 0
66 : 175 192 18 3 0
67 : 111 195 83 16 0
68 : 40 175 16 13 0
69 : 198 64 2 7 0
70 : 79 58 6 10 1
71 : 125 76 37 6 0
72 : 59 60 8 3 0
