300 682
0 : 0 0 90 36 0
1 : 90 0 79 15 0
2 : 169 0 90 36 0
3 : 0 36 244 70 0
4 : 259 0 39 15 0
5 : 244 36 55 15 1
6 : 259 36 53 14 1
7 : 0 106 90 36 0
8 : 90 106 80 32 0
9 : 170 106 101 36 0
10 : 0 142 62 31 0
11 : 273 36 40 16 1
12 : 62 142 38 15 0
13 : 271 106 24 32 0
14 : 0 173 300 95 0
15 : 100 142 80 32 0
16 : 180 142 38 15 0
17 : 218 142 40 16 0
18 : 0 268 209 33 0
19 : 0 301 101 36 0
20 : 209 268 47 15 0
21 : 258 142 40 16 0
22 : 101 301 60 24 0
23 : 161 301 90 36 0
24 : 256 268 39 15 0
25 : 251 301 39 15 0
26 : 0 337 51 15 0
27 : 51 337 40 15 0
28 : 91 337 101 36 0
29 : 192 337 60 18 0
30 : 0 373 55 15 0
31 : 55 373 60 15 0
32 : 115 373 66 15 0
33 : 252 337 24 32 0
34 : 181 373 90 36 0
35 : 0 409 51 18 0
36 : 51 409 90 36 0
37 : 141 409 90 36 0
38 : 231 409 60 18 0
39 : 0 445 90 36 0
40 : 276 337 17 16 1
41 : 90 445 59 14 0
42 : 0 481 163 15 0
43 : 149 445 101 36 0
44 : 163 481 90 36 0
45 : 0 517 52 15 0
46 : 52 517 90 36 0
47 : 250 445 50 15 0
48 : 253 481 40 15 0
49 : 142 517 54 14 0
50 : 196 517 101 36 0
51 : 0 553 90 36 0
52 : 90 553 101 36 0
53 : 191 553 90 36 0
54 : 0 589 78 78 0
55 : 78 589 90 36 0
56 : 168 589 90 36 0
57 : 0 667 80 15 0
