1000 1256
0 : 0 0 66 61 0
1 : 66 0 62 48 0
2 : 128 0 62 46 0
3 : 190 0 61 43 0
4 : 251 0 39 62 1
5 : 313 0 38 61 0
6 : 351 0 30 71 1
7 : 422 0 56 37 1
8 : 459 0 52 39 1
9 : 498 0 36 55 0
10 : 534 0 74 27 0
11 : 608 0 42 47 0
12 : 650 0 61 32 0
13 : 711 0 58 32 1
14 : 743 0 51 36 1
15 : 779 0 46 40 1
16 : 819 0 79 23 0
17 : 898 0 48 38 1
18 : 0 61 79 23 0
19 : 351 30 30 60 1
20 : 79 61 22 81 1
21 : 936 0 36 49 0
22 : 534 27 25 71 1
23 : 819 23 73 24 0
24 : 160 61 57 31 0
25 : 217 61 72 25 0
26 : 289 61 50 35 0
27 : 339 61 56 31 0
28 : 395 61 33 54 1
29 : 449 61 39 46 1
30 : 495 61 28 63 1
31 : 558 61 77 23 0
32 : 635 61 43 40 0
33 : 678 61 36 48 1
34 : 726 61 56 31 0
35 : 782 61 51 34 0
36 : 833 61 54 32 0
37 : 887 61 44 40 0
38 : 931 61 37 47 1
39 : 0 101 51 34 0
40 : 51 101 48 36 0
41 : 99 101 53 33 0
42 : 152 101 39 45 1
43 : 197 101 34 50 1
44 : 247 101 22 78 1
45 : 325 101 51 33 0
46 : 650 32 29 58 1
47 : 376 101 73 23 0
48 : 449 101 23 73 1
49 : 522 101 37 45 1
50 : 567 101 73 23 0
51 : 640 101 42 40 0
52 : 682 101 26 64 1
53 : 746 101 31 54 1
54 : 800 101 23 72 1
55 : 872 101 79 21 0
56 : 951 101 35 47 1
57 : 0 141 33 50 1
58 : 50 141 39 42 1
59 : 92 141 33 50 1
60 : 142 141 54 30 0
61 : 972 0 60 27 1
62 : 196 141 47 34 0
63 : 243 141 22 73 1
64 : 316 141 49 33 0
65 : 365 141 37 43 1
66 : 408 141 30 52 1
67 : 460 141 67 23 0
68 : 527 141 35 45 1
69 : 572 141 62 25 0
70 : 634 141 24 64 1
71 : 698 141 35 45 1
72 : 743 141 36 43 1
73 : 786 141 26 59 1
74 : 845 141 43 36 0
75 : 888 141 67 23 0
76 : 955 141 34 45 1
77 : 0 180 64 24 0
78 : 64 180 32 48 1
79 : 112 180 30 51 1
80 : 163 180 32 48 1
81 : 211 180 25 61 1
82 : 272 180 55 27 0
83 : 327 180 54 28 0
84 : 381 180 33 46 1
85 : 427 180 31 48 1
86 : 475 180 45 33 0
87 : 520 180 51 29 0
88 : 571 180 43 35 0
89 : 614 180 74 20 0
90 : 688 180 50 29 0
91 : 738 180 40 37 0
92 : 778 180 25 59 1
93 : 837 180 31 47 1
94 : 884 180 30 48 1
95 : 932 180 46 31 0
96 : 0 217 37 39 1
97 : 39 217 37 39 1
98 : 78 217 63 22 0
99 : 141 217 34 42 1
100 : 183 217 26 55 1
101 : 238 217 31 45 1
102 : 283 217 67 21 0
103 : 350 217 23 61 1
104 : 411 217 23 59 1
105 : 470 217 46 30 0
106 : 251 39 62 22 0
107 : 516 217 26 54 1
108 : 570 217 36 39 1
109 : 609 217 59 23 0
110 : 668 217 69 20 0
111 : 737 217 51 27 0
112 : 788 217 31 44 1
113 : 832 217 28 49 1
114 : 881 217 37 37 0
115 : 918 217 34 41 1
116 : 0 254 31 44 1
117 : 44 254 49 28 0
118 : 93 254 65 21 0
119 : 158 254 20 68 1
120 : 959 217 36 38 1
121 : 226 254 55 25 0
122 : 281 254 24 55 1
123 : 336 254 33 40 1
124 : 872 122 70 19 0
125 : 376 254 29 45 1
126 : 421 254 31 43 1
127 : 464 254 57 23 0
128 : 521 254 52 26 0
129 : 573 254 45 29 0
130 : 618 254 20 66 1
131 : 684 254 23 57 1
132 : 741 254 45 29 0
133 : 786 254 51 25 0
134 : 837 254 25 52 1
135 : 889 254 20 63 1
136 : 0 287 69 19 0
137 : 952 254 44 29 0
138 : 69 287 28 46 1
139 : 115 287 23 56 1
140 : 171 287 28 45 1
141 : 216 287 26 50 1
142 : 266 287 37 34 0
143 : 303 287 65 20 0
144 : 368 287 28 46 1
145 : 414 287 65 19 0
146 : 479 287 56 23 0
147 : 535 287 46 27 0
148 : 581 287 28 45 1
149 : 626 287 47 27 0
150 : 673 287 38 33 0
151 : 711 287 45 28 0
152 : 756 287 64 19 0
153 : 820 287 24 52 1
154 : 247 123 18 68 1
155 : 872 287 40 31 0
156 : 912 287 46 27 0
157 : 0 321 20 61 1
158 : 958 287 32 38 1
159 : 61 321 52 24 0
160 : 113 321 38 32 0
161 : 151 321 34 36 1
162 : 187 321 30 41 1
163 : 228 321 44 27 0
164 : 272 321 31 39 1
165 : 311 321 20 61 1
166 : 372 321 33 36 1
167 : 408 321 26 47 1
168 : 455 321 48 25 0
169 : 503 321 32 37 1
170 : 540 321 62 19 0
171 : 602 321 31 40 1
172 : 642 321 28 44 1
173 : 686 321 48 25 0
174 : 734 321 19 63 1
175 : 797 321 47 26 0
176 : 844 321 40 30 0
177 : 884 321 46 26 0
178 : 930 321 36 33 0
179 : 0 355 40 30 0
180 : 40 355 20 59 1
181 : 99 355 34 35 1
182 : 134 355 37 32 0
183 : 171 355 28 43 1
184 : 214 355 33 36 1
185 : 250 355 26 46 1
186 : 296 355 21 58 1
187 : 354 355 29 41 1
188 : 395 355 24 49 1
189 : 444 355 33 37 1
190 : 481 355 32 37 1
191 : 518 355 37 32 0
192 : 555 355 56 21 0
193 : 79 83 65 18 0
194 : 611 355 23 51 1
195 : 662 355 23 51 1
196 : 713 355 30 39 1
197 : 752 355 50 24 0
198 : 802 355 52 23 0
199 : 854 355 37 32 0
200 : 891 355 51 23 0
201 : 942 355 27 43 1
202 : 0 389 30 39 1
203 : 39 389 48 24 0
204 : 87 389 56 21 0
205 : 143 389 25 47 1
206 : 190 389 24 49 1
207 : 239 389 38 31 0
208 : 277 389 19 61 1
209 : 338 389 33 35 1
210 : 373 389 59 20 0
211 : 432 389 25 47 1
212 : 479 389 31 37 1
213 : 516 389 27 43 1
214 : 559 389 25 45 1
215 : 604 389 18 64 1
216 : 668 389 27 43 1
217 : 711 389 27 43 1
218 : 754 389 36 32 0
219 : 790 389 30 39 1
220 : 829 389 60 19 0
221 : 889 389 24 48 1
222 : 937 389 27 43 1
223 : 0 422 61 19 0
224 : 61 422 60 19 0
225 : 121 422 29 39 1
226 : 160 422 30 39 1
227 : 199 422 24 47 1
228 : 246 422 26 44 1
229 : 290 422 26 44 1
230 : 334 422 60 19 0
231 : 394 422 50 23 0
232 : 444 422 56 20 0
233 : 500 422 43 27 0
234 : 543 422 29 39 1
235 : 582 422 57 20 0
236 : 668 237 65 17 0
237 : 639 422 21 53 1
238 : 692 422 51 22 0
239 : 743 422 18 64 1
240 : 807 422 47 24 0
241 : 854 422 51 22 0
242 : 905 422 63 18 0
243 : 0 452 30 37 1
244 : 37 452 24 46 1
245 : 83 452 26 43 1
246 : 126 452 31 36 1
247 : 162 452 48 23 0
248 : 210 452 46 24 0
249 : 256 452 19 60 1
250 : 316 452 31 36 1
251 : 352 452 31 36 1
252 : 388 452 28 40 1
253 : 428 452 46 24 0
254 : 474 452 58 19 0
255 : 532 452 26 43 1
256 : 575 452 27 42 1
257 : 190 43 18 61 1
258 : 617 452 40 28 0
259 : 657 452 30 37 1
260 : 694 452 28 40 1
261 : 734 452 46 24 0
262 : 780 452 54 21 0
263 : 834 452 26 43 1
264 : 966 321 33 34 0
265 : 877 452 35 32 0
266 : 912 452 36 31 0
267 : 948 452 25 44 1
268 : 0 484 30 37 1
269 : 37 484 27 41 1
270 : 78 484 23 47 1
271 : 800 124 64 17 0
272 : 125 484 26 43 1
273 : 567 124 17 63 1
274 : 168 484 27 41 1
275 : 209 484 44 25 0
276 : 253 484 58 19 0
277 : 311 484 33 33 0
278 : 344 484 44 25 0
279 : 388 484 49 22 0
280 : 437 484 29 38 1
281 : 475 484 50 22 0
282 : 525 484 51 21 0
283 : 576 484 30 37 1
284 : 613 484 31 36 1
285 : 649 484 30 37 1
286 : 686 484 18 61 1
287 : 747 484 24 45 1
288 : 792 484 25 43 1
289 : 835 484 40 27 0
290 : 875 484 26 42 1
291 : 917 484 20 55 1
292 : 0 517 40 27 0
293 : 40 517 30 36 1
294 : 76 517 34 32 0
295 : 110 517 29 37 1
296 : 147 517 39 28 0
297 : 186 517 48 23 0
298 : 234 517 32 33 1
299 : 267 517 40 27 0
300 : 307 517 24 45 1
301 : 352 517 24 44 1
302 : 396 517 23 47 1
303 : 443 517 29 37 1
304 : 480 517 20 53 1
305 : 533 517 27 39 1
306 : 572 517 19 56 1
307 : 628 517 45 24 0
308 : 673 517 37 29 0
309 : 710 517 18 60 1
310 : 770 517 30 36 1
311 : 806 517 37 29 0
312 : 843 517 24 44 1
313 : 887 517 27 39 1
314 : 926 517 26 41 1
315 : 0 549 23 46 1
316 : 46 549 46 23 0
317 : 92 549 48 22 0
318 : 243 163 61 17 0
319 : 614 200 61 17 0
320 : 140 549 23 45 1
321 : 185 549 26 41 1
322 : 226 549 23 47 1
323 : 273 549 50 21 0
324 : 323 549 39 27 0
325 : 362 549 50 21 0
326 : 412 549 52 20 0
327 : 464 549 52 20 0
328 : 558 84 17 63 1
329 : 516 549 37 29 0
330 : 0 84 17 60 1
331 : 376 124 17 60 1
332 : 553 549 27 39 1
333 : 592 549 18 59 1
334 : 651 549 23 46 1
335 : 967 517 32 33 1
336 : 697 549 24 44 1
337 : 741 549 23 45 1
338 : 786 549 26 41 1
339 : 827 549 30 35 1
340 : 862 549 50 21 0
341 : 912 549 34 31 0
342 : 946 549 52 20 0
343 : 0 580 36 29 0
344 : 36 580 41 25 0
345 : 77 580 27 39 1
346 : 116 580 23 45 1
347 : 161 580 26 39 1
348 : 200 580 30 35 1
349 : 235 580 35 30 0
350 : 270 580 24 43 1
351 : 313 580 37 28 0
352 : 350 580 18 58 1
353 : 408 580 26 40 1
354 : 448 580 27 38 1
355 : 486 580 24 43 1
356 : 529 580 32 33 1
357 : 562 580 24 44 1
358 : 606 580 19 55 1
359 : 661 580 37 28 0
360 : 698 580 18 59 1
361 : 757 580 53 20 0
362 : 810 580 28 37 1
363 : 847 580 28 37 1
364 : 884 580 22 47 1
365 : 931 580 27 38 1
366 : 0 612 40 26 0
367 : 40 612 19 54 1
368 : 436 124 60 17 0
369 : 94 612 26 39 1
370 : 133 612 28 36 1
371 : 169 612 42 25 0
372 : 211 612 21 48 1
373 : 259 612 28 37 1
374 : 296 612 29 36 1
375 : 332 612 43 24 0
376 : 375 612 37 28 0
377 : 412 612 55 19 0
378 : 467 612 22 46 1
379 : 513 612 28 36 1
380 : 549 612 52 19 0
381 : 601 612 26 39 1
382 : 640 612 31 33 1
383 : 673 612 26 39 1
384 : 712 612 37 28 0
385 : 460 164 63 16 0
386 : 749 612 47 22 0
387 : 796 612 52 20 0
388 : 848 612 17 61 1
389 : 909 612 24 42 1
390 : 951 612 25 41 1
391 : 0 643 33 31 0
392 : 33 643 32 32 0
393 : 65 643 18 55 1
394 : 120 643 35 29 0
395 : 155 643 53 19 0
396 : 208 643 25 41 1
397 : 888 164 63 16 0
398 : 249 643 32 32 0
399 : 281 643 17 60 1
400 : 341 643 37 27 0
401 : 378 643 27 37 1
402 : 415 643 30 33 1
403 : 448 643 43 24 0
404 : 491 643 34 30 0
405 : 525 643 25 41 1
406 : 566 643 52 20 0
407 : 618 643 33 31 0
408 : 651 643 33 30 0
409 : 684 643 50 20 0
410 : 734 643 25 40 1
411 : 774 643 33 31 0
412 : 807 643 38 27 0
413 : 845 643 20 50 1
414 : 895 643 45 22 0
415 : 940 643 32 32 0
416 : 0 675 26 39 1
417 : 39 675 42 24 0
418 : 283 238 63 16 0
419 : 81 675 48 21 0
420 : 129 675 16 61 1
421 : 190 675 38 26 0
422 : 228 675 25 41 1
423 : 269 675 28 36 1
424 : 305 675 26 39 1
425 : 344 675 19 53 1
426 : 397 675 63 16 0
427 : 460 675 23 44 1
428 : 504 675 21 47 1
429 : 551 675 37 27 0
430 : 588 675 37 27 0
431 : 625 675 29 34 1
432 : 659 675 28 36 1
433 : 695 675 25 40 1
434 : 735 675 30 34 1
435 : 769 675 36 28 0
436 : 805 675 23 43 1
437 : 848 675 36 27 0
438 : 884 675 21 47 1
439 : 931 675 24 42 1
440 : 0 705 16 61 1
441 : 61 705 25 39 1
442 : 100 705 61 16 0
443 : 161 705 38 26 0
444 : 199 705 23 44 1
445 : 243 705 30 33 1
446 : 276 705 63 16 0
447 : 339 705 60 16 0
448 : 399 705 30 33 1
449 : 432 705 46 21 0
450 : 478 705 21 47 1
451 : 525 705 22 45 1
452 : 570 705 27 37 1
453 : 607 705 23 42 1
454 : 649 705 18 54 1
455 : 703 705 49 20 0
456 : 752 705 20 48 1
457 : 800 705 21 47 1
458 : 847 705 28 35 1
459 : 882 705 24 41 1
460 : 923 705 41 24 0
461 : 0 735 43 23 0
462 : 43 735 21 47 1
463 : 90 735 27 37 1
464 : 127 735 19 51 1
465 : 178 735 19 52 1
466 : 230 735 24 40 1
467 : 964 705 28 35 1
468 : 968 422 32 30 0
469 : 270 735 30 33 1
470 : 303 735 23 42 1
471 : 345 735 19 51 1
472 : 396 735 41 24 0
473 : 437 735 27 36 1
474 : 473 735 28 35 1
475 : 508 735 25 39 1
476 : 547 735 41 24 0
477 : 588 735 25 39 1
478 : 627 735 56 17 0
479 : 683 735 23 42 1
480 : 725 735 17 55 1
481 : 780 735 30 33 1
482 : 813 735 17 55 1
483 : 868 735 16 59 1
484 : 927 735 23 42 1
485 : 0 765 54 18 0
486 : 54 765 26 38 1
487 : 92 765 51 19 0
488 : 143 765 44 22 0
489 : 187 765 61 16 0
490 : 248 765 44 22 0
491 : 292 765 28 34 1
492 : 326 765 23 42 1
493 : 368 765 25 39 1
494 : 407 765 37 26 0
495 : 969 580 31 31 0
496 : 444 765 16 60 1
497 : 504 765 23 41 1
498 : 545 765 48 20 0
499 : 593 765 28 35 1
500 : 628 765 30 32 1
501 : 660 765 40 24 0
502 : 700 765 52 18 0
503 : 752 765 57 17 0
504 : 809 765 25 39 1
505 : 848 765 23 42 1
506 : 890 765 21 45 1
507 : 935 765 49 19 0
508 : 969 735 31 30 0
509 : 0 795 22 44 1
510 : 44 795 23 41 1
511 : 85 795 38 25 0
512 : 123 795 25 38 1
513 : 161 795 57 17 0
514 : 218 795 26 36 1
515 : 972 484 28 33 0
516 : 254 795 23 41 1
517 : 295 795 50 19 0
518 : 345 795 27 35 1
519 : 380 795 27 35 1
520 : 415 795 24 39 1
521 : 454 795 28 34 1
522 : 488 795 17 57 1
523 : 545 795 20 47 1
524 : 592 795 26 36 1
525 : 628 795 37 25 0
526 : 665 795 22 44 1
527 : 709 795 41 23 0
528 : 750 795 39 24 0
529 : 789 795 17 55 1
530 : 844 795 25 38 1
531 : 882 795 50 19 0
532 : 932 795 18 51 1
533 : 0 823 29 33 1
534 : 33 823 31 30 0
535 : 64 823 29 33 1
536 : 97 823 31 31 0
537 : 128 823 50 19 0
538 : 178 823 49 19 0
539 : 227 823 32 29 0
540 : 259 823 24 39 1
541 : 298 823 22 43 1
542 : 341 823 45 21 0
543 : 386 823 34 28 0
544 : 420 823 47 20 0
545 : 467 823 22 42 1
546 : 509 823 22 42 1
547 : 551 823 25 38 1
548 : 589 823 17 55 1
549 : 644 823 20 46 1
550 : 690 823 39 24 0
551 : 729 823 22 42 1
552 : 771 823 20 46 1
553 : 817 823 52 18 0
554 : 869 823 30 31 0
555 : 899 823 34 27 0
556 : 933 823 34 28 0
557 : 0 854 37 25 0
558 : 37 854 28 34 1
559 : 71 854 48 19 0
560 : 119 854 23 41 1
561 : 967 823 29 32 1
562 : 160 854 37 25 0
563 : 197 854 47 20 0
564 : 244 854 21 44 1
565 : 288 854 57 16 0
566 : 345 854 28 33 1
567 : 378 854 39 24 0
568 : 417 854 40 23 0
569 : 457 854 28 33 1
570 : 490 854 29 32 1
571 : 522 854 47 20 0
572 : 569 854 25 37 1
573 : 606 854 35 27 0
574 : 641 854 23 40 1
575 : 681 854 24 39 1
576 : 281 660 15 60 1
577 : 720 854 26 36 1
578 : 756 854 26 35 1
579 : 791 854 27 34 1
580 : 825 854 26 35 1
581 : 860 854 52 18 0
582 : 686 502 60 15 0
583 : 912 854 38 24 0
584 : 950 854 38 24 0
585 : 0 883 38 24 0
586 : 38 883 29 32 1
587 : 70 883 45 20 0
588 : 115 883 18 51 1
589 : 166 883 22 43 1
590 : 128 46 60 15 0
591 : 209 883 49 19 0
592 : 258 883 18 50 1
593 : 308 883 31 30 0
594 : 339 883 25 37 1
595 : 376 883 38 24 0
596 : 414 883 43 22 0
597 : 457 883 40 23 0
598 : 497 883 20 47 1
599 : 544 883 51 18 0
600 : 595 883 37 25 0
601 : 632 883 39 24 0
602 : 671 883 26 36 1
603 : 707 883 25 37 1
604 : 744 883 24 38 1
605 : 782 883 33 27 0
606 : 815 883 29 32 1
607 : 847 883 20 47 1
608 : 894 883 25 37 1
609 : 931 883 22 41 1
610 : 0 913 31 30 0
611 : 31 913 35 26 0
612 : 66 913 23 39 1
613 : 105 913 19 48 1
614 : 153 913 21 44 1
615 : 197 913 49 19 0
616 : 246 913 23 40 1
617 : 540 340 15 59 1
618 : 286 913 27 34 1
619 : 320 913 23 40 1
620 : 360 913 26 35 1
621 : 395 913 21 43 1
622 : 438 913 19 48 1
623 : 486 913 31 29 0
624 : 517 913 31 29 0
625 : 548 913 26 35 1
626 : 583 913 43 21 0
627 : 626 913 52 18 0
628 : 678 913 25 37 1
629 : 715 913 37 24 0
630 : 752 913 41 22 0
631 : 793 913 33 28 0
632 : 972 643 28 32 0
633 : 826 913 20 46 1
634 : 872 913 41 22 0
635 : 913 913 44 20 0
636 : 957 913 25 37 1
637 : 0 943 19 47 1
638 : 47 943 27 33 1
639 : 80 943 41 21 0
640 : 121 943 37 24 0
641 : 158 943 47 19 0
642 : 205 943 39 23 0
643 : 244 943 27 32 1
644 : 276 943 35 25 0
645 : 311 943 26 34 1
646 : 345 943 42 21 0
647 : 387 943 27 32 1
648 : 419 943 36 24 0
649 : 455 943 27 32 1
650 : 487 943 32 27 0
651 : 978 61 22 39 0
652 : 519 943 20 43 1
653 : 972 883 30 28 1
654 : 562 943 32 27 0
655 : 594 943 50 17 0
656 : 644 943 21 41 1
657 : 685 943 42 21 0
658 : 727 943 52 16 0
659 : 779 943 17 52 1
660 : 831 943 35 25 0
661 : 866 943 19 45 1
662 : 911 943 29 30 1
663 : 941 943 22 39 1
664 : 0 972 33 26 0
665 : 33 972 27 32 1
666 : 65 972 32 27 0
667 : 97 972 29 29 0
668 : 126 972 21 40 1
669 : 166 972 36 24 0
670 : 202 972 35 24 0
671 : 237 972 23 37 1
672 : 274 972 22 39 1
673 : 313 972 17 50 1
674 : 363 972 23 37 1
675 : 400 972 26 32 1
676 : 432 972 40 21 0
677 : 472 972 36 23 0
678 : 508 972 23 36 1
679 : 544 972 16 52 1
680 : 596 972 35 24 0
681 : 631 972 24 34 1
682 : 665 972 18 46 1
683 : 78 239 57 15 0
684 : 711 972 35 23 0
685 : 734 340 57 15 0
686 : 746 972 40 21 0
687 : 786 972 24 34 1
688 : 820 972 28 30 1
689 : 850 972 23 35 1
690 : 885 972 52 16 0
691 : 634 165 56 15 0
692 : 937 972 46 18 0
693 : 0 1001 30 28 0
694 : 30 1001 28 29 1
695 : 59 1001 17 48 1
696 : 756 306 15 55 1
697 : 107 1001 52 16 0
698 : 253 503 57 14 0
699 : 350 598 56 14 0
700 : 604 407 15 56 1
701 : 159 1001 23 36 1
702 : 414 306 56 15 0
703 : 195 1001 16 50 1
704 : 245 1001 25 33 1
705 : 978 180 37 22 1
706 : 278 1001 36 23 0
707 : 314 1001 33 25 0
708 : 347 1001 31 26 0
709 : 378 1001 35 23 0
710 : 413 1001 36 22 0
711 : 449 1001 23 35 1
712 : 484 1001 24 33 1
713 : 0 306 52 15 0
714 : 973 675 26 30 0
715 : 517 1001 35 23 0
716 : 609 240 56 14 0
717 : 552 1001 30 27 0
718 : 582 1001 20 40 1
719 : 622 1001 33 24 0
720 : 655 1001 44 18 0
721 : 699 1001 31 26 0
722 : 730 1001 42 19 0
723 : 40 375 56 14 0
724 : 772 1001 36 22 0
725 : 808 1001 20 39 1
726 : 847 1001 31 25 0
727 : 698 598 14 56 1
728 : 878 1001 22 35 1
729 : 913 1001 21 36 1
730 : 949 1001 27 29 1
731 : 217 86 53 15 0
732 : 0 1029 35 22 0
733 : 35 1029 42 19 0
734 : 77 1029 27 28 1
735 : 105 1029 34 22 0
736 : 139 1029 31 25 0
737 : 170 1029 21 36 1
738 : 206 1029 31 25 0
739 : 237 1029 16 48 1
740 : 285 1029 17 45 1
741 : 330 1029 28 27 0
742 : 358 1029 29 26 0
743 : 387 1029 30 25 0
744 : 417 1029 25 30 1
745 : 447 1029 33 23 0
746 : 480 1029 37 20 0
747 : 517 1029 27 28 1
748 : 545 1029 22 34 1
749 : 579 1029 21 35 1
750 : 614 1029 34 22 0
751 : 648 1029 25 30 1
752 : 678 1029 33 23 0
753 : 711 1029 27 28 1
754 : 739 1029 34 22 0
755 : 773 1029 37 20 0
756 : 810 1029 23 32 1
757 : 842 1029 16 46 1
758 : 888 1029 27 27 0
759 : 915 1029 23 32 1
760 : 947 1029 20 37 1
761 : 0 1056 16 47 1
762 : 47 1056 22 33 1
763 : 80 1056 40 19 0
764 : 120 1056 48 15 0
765 : 168 1056 32 23 0
766 : 200 1056 32 23 0
767 : 65 661 52 14 0
768 : 232 1056 22 33 1
769 : 589 840 14 52 1
770 : 868 751 14 51 1
771 : 265 1056 36 20 0
772 : 301 1056 44 17 0
773 : 345 1056 42 17 0
774 : 387 1056 48 15 0
775 : 435 1056 29 25 0
776 : 464 1056 34 21 0
777 : 498 1056 18 41 1
778 : 539 1056 18 41 1
779 : 580 1056 24 31 1
780 : 829 408 53 14 0
781 : 611 1056 33 22 0
782 : 644 1056 40 18 0
783 : 684 1056 27 27 0
784 : 711 1056 38 19 0
785 : 749 1056 32 23 0
786 : 781 1056 34 21 0
787 : 710 535 52 14 0
788 : 815 1056 21 34 1
789 : 849 1056 22 33 1
790 : 882 1056 21 34 1
791 : 916 1056 32 23 0
792 : 948 1056 22 32 1
793 : 0 1083 30 24 0
794 : 30 1083 17 41 1
795 : 444 781 14 50 1
796 : 71 1083 35 21 0
797 : 106 1083 25 29 1
798 : 135 1083 46 15 0
799 : 181 1083 20 36 1
800 : 217 1083 28 26 0
801 : 245 1083 34 21 0
802 : 279 1083 19 37 1
803 : 316 1083 18 38 1
804 : 354 1083 18 39 1
805 : 393 1083 23 30 1
806 : 423 1083 15 48 1
807 : 471 1083 17 41 1
808 : 512 1083 31 22 0
809 : 0 341 50 14 0
810 : 543 1083 34 20 0
811 : 577 1083 17 42 1
812 : 817 841 52 13 0
813 : 619 1083 31 23 0
814 : 650 1083 41 17 0
815 : 691 1083 20 35 1
816 : 726 1083 21 32 1
817 : 758 1083 37 19 0
818 : 795 1083 40 17 0
819 : 311 341 14 50 1
820 : 835 1083 31 22 0
821 : 866 1083 16 44 1
822 : 910 1083 16 43 1
823 : 953 1083 16 43 1
824 : 0 1109 24 28 1
825 : 28 1109 26 27 1
826 : 55 1109 29 24 0
827 : 84 1109 28 24 0
828 : 112 1109 26 26 0
829 : 138 1109 20 35 1
830 : 173 1109 24 28 1
831 : 727 959 13 52 1
832 : 544 988 13 51 1
833 : 201 1109 18 37 1
834 : 238 1109 22 31 1
835 : 269 1109 16 42 1
836 : 311 1109 19 36 1
837 : 347 1109 15 44 1
838 : 391 1109 32 21 0
839 : 423 1109 31 22 0
840 : 454 1109 19 35 1
841 : 489 1109 30 23 0
842 : 277 408 47 14 0
843 : 519 1109 23 29 1
844 : 548 1109 27 25 0
845 : 575 1109 31 22 0
846 : 606 1109 18 37 1
847 : 848 629 48 14 0
848 : 643 1109 41 16 0
849 : 684 1109 28 24 0
850 : 712 1109 18 38 1
851 : 750 1109 17 39 1
852 : 789 1109 27 25 0
853 : 816 1109 36 19 0
854 : 852 1109 28 24 0
855 : 129 691 14 47 1
856 : 880 1109 21 32 1
857 : 885 988 50 13 0
858 : 912 1109 38 18 0
859 : 950 1109 28 24 0
860 : 0 1135 28 24 0
861 : 0 721 14 48 1
862 : 28 1135 16 42 1
863 : 100 721 14 48 1
864 : 70 1135 15 43 1
865 : 113 1135 24 28 1
866 : 141 1135 31 21 0
867 : 172 1135 31 21 0
868 : 187 781 14 46 1
869 : 203 1135 25 26 1
870 : 980 389 33 20 1
871 : 229 1135 24 27 1
872 : 256 1135 26 25 0
873 : 282 1135 29 23 0
874 : 311 1135 36 18 0
875 : 347 1135 34 19 0
876 : 381 1135 42 16 0
877 : 423 1135 28 23 0
878 : 451 1135 23 29 1
879 : 480 1135 20 33 1
880 : 513 1135 27 25 0
881 : 540 1135 27 24 0
882 : 567 1135 31 21 0
883 : 598 1135 34 19 0
884 : 632 1135 20 33 1
885 : 665 1135 27 24 0
886 : 692 1135 35 19 0
887 : 727 1135 30 22 0
888 : 757 1135 15 44 1
889 : 801 1135 22 30 1
890 : 831 1135 33 20 0
891 : 864 1135 35 19 0
892 : 899 1135 15 42 1
893 : 941 1135 26 25 0
894 : 967 1135 21 30 1
895 : 0 1160 25 26 1
896 : 26 1160 27 24 0
897 : 53 1160 28 23 0
898 : 81 1160 16 39 1
899 : 155 662 13 51 1
900 : 917 504 13 51 1
901 : 120 1160 30 21 0
902 : 150 1160 43 15 0
903 : 572 166 14 45 1
904 : 193 1160 31 21 0
905 : 224 1160 44 15 0
906 : 268 1160 18 35 1
907 : 303 1160 27 23 0
908 : 330 1160 18 35 1
909 : 365 1160 24 26 1
910 : 391 1160 24 26 1
911 : 417 1160 22 29 1
912 : 446 1160 23 28 1
913 : 474 1160 36 18 0
914 : 510 1160 35 18 0
915 : 545 1160 32 20 0
916 : 577 1160 21 30 1
917 : 607 1160 29 22 0
918 : 978 1001 28 22 1
919 : 636 1160 25 26 1
920 : 662 1160 33 19 0
921 : 695 1160 29 22 0
922 : 724 1160 24 26 1
923 : 750 1160 19 33 1
924 : 783 1160 28 22 0
925 : 811 1160 34 19 0
926 : 845 1160 31 20 0
927 : 876 1160 23 27 1
928 : 903 1160 35 18 0
929 : 938 1160 26 24 0
930 : 964 1160 24 26 1
931 : 0 1185 17 38 1
932 : 38 1185 24 26 1
933 : 64 1185 15 42 1
934 : 106 1185 37 17 0
935 : 143 1185 27 23 0
936 : 170 1185 15 42 1
937 : 212 1185 16 39 1
938 : 251 1185 37 17 0
939 : 288 1185 23 27 1
940 : 315 1185 38 16 0
941 : 353 1185 42 15 0
942 : 395 1185 28 22 0
943 : 606 599 13 47 1
944 : 423 1185 20 32 1
945 : 455 1185 25 25 0
946 : 480 1185 34 18 0
947 : 514 1185 32 19 0
948 : 546 1185 15 42 1
949 : 588 1185 30 21 0
950 : 618 1185 15 42 1
951 : 660 1185 32 19 0
952 : 692 1185 38 16 0
953 : 730 1185 30 21 0
954 : 725 752 48 13 0
955 : 760 1185 37 17 0
956 : 797 1185 28 22 0
957 : 825 1185 32 20 0
958 : 857 1185 36 17 0
959 : 893 1185 37 17 0
960 : 930 1185 19 33 1
961 : 963 1185 20 30 1
962 : 0 1210 29 21 0
963 : 29 1210 25 24 0
964 : 54 1210 23 26 1
965 : 80 1210 18 33 1
966 : 113 1210 36 17 0
967 : 149 1210 21 28 1
968 : 177 1210 26 23 0
969 : 203 1210 25 24 0
970 : 228 1210 37 16 0
971 : 265 1210 36 17 0
972 : 301 1210 20 30 1
973 : 331 1210 18 34 1
974 : 365 1210 23 26 1
975 : 391 1210 21 28 1
976 : 419 1210 34 18 0
977 : 453 1210 38 16 0
978 : 491 1210 17 36 1
979 : 527 1210 29 21 0
980 : 556 1210 26 23 0
981 : 582 1210 17 34 1
982 : 616 1210 28 21 0
983 : 644 1210 33 18 0
984 : 677 1210 28 21 0
985 : 705 1210 17 34 1
986 : 739 1210 30 20 0
987 : 980 943 29 20 1
988 : 769 1210 21 28 1
989 : 797 1210 30 19 0
990 : 827 1210 24 24 0
991 : 851 1210 34 17 0
992 : 885 1210 20 29 1
993 : 914 1210 31 19 0
994 : 945 1210 24 24 0
995 : 969 1210 21 28 1
996 : 0 1234 30 19 0
997 : 30 1234 28 20 0
998 : 58 1234 22 27 1
999 : 813 752 13 44 1
