1000 1040
0 : 0 0 66 61 0
1 : 66 0 62 48 0
2 : 128 0 62 46 0
3 : 190 0 61 43 0
4 : 453 0 39 62 1
5 : 671 0 38 61 0
6 : 824 164 30 71 1
7 : 747 0 56 37 1
8 : 515 0 52 39 1
9 : 76 61 36 55 1
10 : 250 312 74 27 0
11 : 251 0 42 47 0
12 : 876 98 61 32 0
13 : 937 98 58 32 0
14 : 131 61 51 36 0
15 : 293 0 46 40 1
16 : 497 569 79 23 0
17 : 709 0 48 38 1
18 : 418 569 79 23 0
19 : 895 164 30 60 1
20 : 325 662 22 81 1
21 : 182 61 36 49 1
22 : 628 420 25 71 1
23 : 155 496 73 24 0
24 : 711 132 57 31 0
25 : 556 420 72 25 0
26 : 490 61 50 35 0
27 : 824 132 56 31 0
28 : 154 98 33 54 1
29 : 554 0 39 46 0
30 : 525 255 28 63 1
31 : 576 569 77 23 0
32 : 373 0 43 40 1
33 : 279 61 36 48 1
34 : 768 132 56 31 0
35 : 771 61 51 34 0
36 : 0 132 54 32 0
37 : 333 0 44 40 1
38 : 784 0 37 47 0
39 : 720 61 51 34 0
40 : 231 61 48 36 0
41 : 208 98 53 33 0
42 : 593 0 39 45 0
43 : 822 61 34 50 1
44 : 406 662 22 78 1
45 : 261 98 51 33 0
46 : 351 225 29 58 1
47 : 799 569 73 23 0
48 : 726 569 23 73 1
49 : 821 0 37 45 0
50 : 653 569 73 23 0
51 : 413 0 42 40 1
52 : 521 367 26 64 1
53 : 880 132 31 54 1
54 : 872 569 23 72 1
55 : 749 707 79 21 0
56 : 540 61 35 47 1
57 : 362 98 33 50 1
58 : 632 0 39 42 0
59 : 312 98 33 50 1
60 : 0 195 54 30 0
61 : 324 312 60 27 0
62 : 872 61 47 34 0
63 : 484 662 22 73 1
64 : 412 98 49 33 0
65 : 858 0 37 43 0
66 : 54 195 30 52 1
67 : 67 593 67 23 0
68 : 632 61 35 45 1
69 : 699 420 62 25 0
70 : 228 496 24 64 1
71 : 587 61 35 45 1
72 : 370 61 36 43 1
73 : 585 367 26 59 1
74 : 327 61 43 36 0
75 : 0 593 67 23 0
76 : 919 61 34 45 1
77 : 292 496 64 24 0
78 : 54 132 32 48 1
79 : 106 195 30 51 1
80 : 102 132 32 48 1
81 : 761 420 25 61 1
82 : 384 312 55 27 0
83 : 588 255 54 28 0
84 : 461 98 33 46 1
85 : 934 132 31 48 1
86 : 507 98 45 33 0
87 : 409 225 51 29 0
88 : 677 61 43 35 0
89 : 316 771 74 20 0
90 : 460 225 50 29 0
91 : 895 0 40 37 1
92 : 822 420 25 59 1
93 : 969 0 31 47 0
94 : 157 195 30 48 1
95 : 0 164 46 31 0
96 : 932 0 37 39 0
97 : 0 61 37 39 1
98 : 557 662 63 22 0
99 : 0 98 34 42 1
100 : 644 367 26 55 1
101 : 46 164 31 45 1
102 : 828 707 67 21 0
103 : 134 593 23 61 1
104 : 254 593 23 59 1
105 : 205 195 46 30 0
106 : 620 662 62 22 0
107 : 699 367 26 54 1
108 : 413 61 36 39 1
109 : 195 593 59 23 0
110 : 390 771 69 20 0
111 : 439 312 51 27 0
112 : 91 164 31 44 1
113 : 691 255 28 49 1
114 : 39 61 37 37 0
115 : 42 98 34 41 1
116 : 135 164 31 44 1
117 : 642 255 49 28 0
118 : 895 707 65 21 0
119 : 459 771 20 68 1
120 : 452 61 36 38 1
121 : 881 420 55 25 0
122 : 356 496 24 55 1
123 : 552 98 33 40 1
124 : 116 832 70 19 0
125 : 510 225 29 45 1
126 : 179 164 31 43 1
127 : 313 593 57 23 0
128 : 753 367 52 26 0
129 : 600 225 45 29 0
130 : 527 771 20 66 1
131 : 370 593 23 57 1
132 : 555 225 45 29 0
133 : 0 446 51 25 0
134 : 936 420 25 52 1
135 : 658 771 20 63 1
136 : 186 832 69 19 0
137 : 645 225 44 29 0
138 : 786 255 28 46 1
139 : 483 593 23 56 1
140 : 922 255 28 45 1
141 : 805 367 26 50 1
142 : 964 61 37 34 1
143 : 593 771 65 20 0
144 : 740 255 28 46 1
145 : 255 832 65 19 0
146 : 427 593 56 23 0
147 : 583 312 46 27 0
148 : 877 255 28 45 1
149 : 490 312 47 27 0
150 : 592 98 38 33 0
151 : 832 255 45 28 0
152 : 320 832 64 19 0
153 : 411 496 24 52 1
154 : 30 890 18 68 1
155 : 262 164 40 31 0
156 : 537 312 46 27 0
157 : 782 771 20 61 1
158 : 150 132 32 38 1
159 : 463 496 52 24 0
160 : 188 132 38 32 0
161 : 83 98 34 36 1
162 : 251 195 30 41 1
163 : 629 312 44 27 0
164 : 302 164 31 39 1
165 : 721 771 20 61 1
166 : 667 98 33 36 1
167 : 902 367 26 47 1
168 : 51 446 48 25 0
169 : 337 132 32 37 1
170 : 447 832 62 19 0
171 : 222 164 31 40 1
172 : 0 284 28 44 1
173 : 99 446 48 25 0
174 : 384 832 19 63 1
175 : 855 367 47 26 0
176 : 332 195 40 30 0
177 : 949 367 46 26 0
178 : 739 98 36 33 0
179 : 292 195 40 30 0
180 : 902 771 20 59 1
181 : 119 98 34 35 1
182 : 263 132 37 32 0
183 : 44 284 28 43 1
184 : 703 98 33 36 1
185 : 0 394 26 46 1
186 : 0 729 21 58 1
187 : 689 225 29 41 1
188 : 565 496 24 49 1
189 : 630 98 33 37 1
190 : 300 132 32 37 1
191 : 374 132 37 32 0
192 : 58 729 56 21 0
193 : 98 890 65 18 0
194 : 642 593 23 51 1
195 : 693 593 23 51 1
196 : 450 195 30 39 1
197 : 515 496 50 24 0
198 : 539 593 52 23 0
199 : 226 132 37 32 0
200 : 591 593 51 23 0
201 : 888 312 27 43 1
202 : 411 195 30 39 1
203 : 711 496 48 24 0
204 : 114 729 56 21 0
205 : 194 446 25 47 1
206 : 614 496 24 49 1
207 : 341 164 38 31 0
208 : 509 832 19 61 1
209 : 775 98 33 35 1
210 : 843 771 59 20 0
211 : 147 446 25 47 1
212 : 379 164 31 37 1
213 : 845 312 27 43 1
214 : 241 446 25 45 1
215 : 227 890 18 64 1
216 : 673 312 27 43 1
217 : 716 312 27 43 1
218 : 411 132 36 32 0
219 : 489 195 30 39 1
220 : 631 832 60 19 0
221 : 663 496 24 48 1
222 : 759 312 27 43 1
223 : 570 832 61 19 0
224 : 751 832 60 19 0
225 : 769 225 29 39 1
226 : 372 195 30 39 1
227 : 806 496 24 47 1
228 : 90 394 26 44 1
229 : 46 394 26 44 1
230 : 691 832 60 19 0
231 : 744 593 50 23 0
232 : 57 792 56 20 0
233 : 802 312 43 27 0
234 : 730 225 29 39 1
235 : 0 792 57 20 0
236 : 203 927 65 17 0
237 : 224 729 21 53 1
238 : 682 662 51 22 0
239 : 163 890 18 64 1
240 : 759 496 47 24 0
241 : 733 662 51 22 0
242 : 291 890 63 18 0
243 : 639 195 30 37 1
244 : 0 521 24 46 1
245 : 263 394 26 43 1
246 : 524 164 31 36 1
247 : 842 593 48 23 0
248 : 899 496 46 24 0
249 : 811 832 19 60 1
250 : 416 164 31 36 1
251 : 488 164 31 36 1
252 : 87 284 28 40 1
253 : 945 496 46 24 0
254 : 929 832 58 19 0
255 : 177 394 26 43 1
256 : 931 312 27 42 1
257 : 415 890 18 61 1
258 : 167 284 40 28 0
259 : 528 195 30 37 1
260 : 127 284 28 40 1
261 : 853 496 46 24 0
262 : 170 729 54 21 0
263 : 220 394 26 43 1
264 : 810 98 33 34 0
265 : 447 132 35 32 0
266 : 452 164 36 31 0
267 : 330 446 25 44 1
268 : 602 195 30 37 1
269 : 0 340 27 41 1
270 : 944 569 23 47 1
271 : 268 927 64 17 0
272 : 134 394 26 43 1
273 : 395 927 17 63 1
274 : 41 340 27 41 1
275 : 374 446 44 25 0
276 : 871 832 58 19 0
277 : 843 98 33 33 0
278 : 286 446 44 25 0
279 : 834 662 49 22 0
280 : 808 225 29 38 1
281 : 784 662 50 22 0
282 : 277 729 51 21 0
283 : 565 195 30 37 1
284 : 560 164 31 36 1
285 : 676 195 30 37 1
286 : 354 890 18 61 1
287 : 136 521 24 45 1
288 : 418 446 25 43 1
289 : 122 340 40 27 0
290 : 306 394 26 42 1
291 : 113 792 20 55 1
292 : 162 340 40 27 0
293 : 713 195 30 36 1
294 : 482 132 34 32 0
295 : 846 225 29 37 1
296 : 207 284 39 28 0
297 : 794 593 48 23 0
298 : 582 132 32 33 1
299 : 82 340 40 27 0
300 : 91 521 24 45 1
301 : 181 521 24 44 1
302 : 937 593 23 47 1
303 : 0 255 29 37 1
304 : 221 792 20 53 1
305 : 241 340 27 39 1
306 : 0 852 19 56 1
307 : 46 521 45 24 0
308 : 957 225 37 29 0
309 : 476 890 18 60 1
310 : 749 195 30 36 1
311 : 883 225 37 29 0
312 : 269 521 24 44 1
313 : 202 340 27 39 1
314 : 348 394 26 41 1
315 : 92 616 23 46 1
316 : 46 616 46 23 0
317 : 883 662 48 22 0
318 : 458 927 61 17 0
319 : 580 927 61 17 0
320 : 228 616 23 45 1
321 : 430 394 26 41 1
322 : 890 593 23 47 1
323 : 328 729 50 21 0
324 : 319 340 39 27 0
325 : 378 729 50 21 0
326 : 430 792 52 20 0
327 : 378 792 52 20 0
328 : 332 927 17 63 1
329 : 920 225 37 29 0
330 : 761 927 17 60 1
331 : 701 927 17 60 1
332 : 358 340 27 39 1
333 : 595 890 18 59 1
334 : 0 616 23 46 1
335 : 516 132 32 33 1
336 : 313 521 24 44 1
337 : 183 616 23 45 1
338 : 389 394 26 41 1
339 : 820 195 30 35 1
340 : 428 729 50 21 0
341 : 596 164 34 31 0
342 : 274 792 52 20 0
343 : 73 255 36 29 0
344 : 503 446 41 25 0
345 : 280 340 27 39 1
346 : 138 616 23 45 1
347 : 746 394 26 39 1
348 : 785 195 30 35 1
349 : 855 195 35 30 0
350 : 443 521 24 43 1
351 : 394 284 37 28 0
352 : 654 890 18 58 1
353 : 511 394 26 40 1
354 : 397 340 27 38 1
355 : 486 521 24 43 1
356 : 549 132 32 33 1
357 : 225 521 24 44 1
358 : 56 852 19 55 1
359 : 246 284 37 28 0
360 : 536 890 18 59 1
361 : 168 792 53 20 0
362 : 468 284 28 37 1
363 : 431 284 28 37 1
364 : 931 662 22 47 1
365 : 473 340 27 38 1
366 : 471 394 40 26 0
367 : 166 852 19 54 1
368 : 821 927 60 17 0
369 : 707 394 26 39 1
370 : 577 284 28 36 1
371 : 461 446 42 25 0
372 : 526 729 21 48 1
373 : 357 284 28 37 1
374 : 37 255 29 36 1
375 : 357 521 43 24 0
376 : 320 284 37 28 0
377 : 111 852 55 19 0
378 : 47 685 22 46 1
379 : 505 284 28 36 1
380 : 326 852 52 19 0
381 : 551 394 26 39 1
382 : 729 164 31 33 1
383 : 629 394 26 39 1
384 : 283 284 37 28 0
385 : 483 962 63 16 0
386 : 0 685 47 22 0
387 : 326 792 52 20 0
388 : 519 927 17 61 1
389 : 613 521 24 42 1
390 : 626 446 25 41 1
391 : 696 164 33 31 0
392 : 615 132 32 32 0
393 : 712 890 18 55 1
394 : 109 255 35 29 0
395 : 273 852 53 19 0
396 : 544 446 25 41 1
397 : 420 962 63 16 0
398 : 647 132 32 32 0
399 : 641 927 17 60 1
400 : 511 340 37 27 0
401 : 548 340 27 37 1
402 : 0 225 30 33 1
403 : 400 521 43 24 0
404 : 890 195 34 30 0
405 : 585 446 25 41 1
406 : 482 792 52 20 0
407 : 663 164 33 31 0
408 : 99 225 33 30 0
409 : 534 792 50 20 0
410 : 708 446 25 40 1
411 : 630 164 33 31 0
412 : 435 340 38 27 0
413 : 584 792 20 50 1
414 : 138 685 45 22 0
415 : 679 132 32 32 0
416 : 590 394 26 39 1
417 : 529 521 42 24 0
418 : 357 962 63 16 0
419 : 478 729 48 21 0
420 : 672 962 16 61 1
421 : 785 394 38 26 0
422 : 667 446 25 41 1
423 : 649 284 28 36 1
424 : 668 394 26 39 1
425 : 220 852 19 53 1
426 : 609 962 63 16 0
427 : 273 616 23 44 1
428 : 574 729 21 47 1
429 : 622 340 37 27 0
430 : 585 340 37 27 0
431 : 144 255 29 34 1
432 : 613 284 28 36 1
433 : 748 446 25 40 1
434 : 924 195 30 34 1
435 : 541 284 36 28 0
436 : 361 616 23 43 1
437 : 769 340 36 27 0
438 : 715 729 21 47 1
439 : 571 521 24 42 1
440 : 733 962 16 61 1
441 : 788 446 25 39 1
442 : 794 962 61 16 0
443 : 861 394 38 26 0
444 : 317 616 23 44 1
445 : 66 225 30 33 1
446 : 546 962 63 16 0
447 : 0 979 60 16 0
448 : 33 225 30 33 1
449 : 809 729 46 21 0
450 : 668 729 21 47 1
451 : 93 685 22 45 1
452 : 696 340 27 37 1
453 : 531 616 23 42 1
454 : 767 890 18 54 1
455 : 634 792 49 20 0
456 : 683 792 20 48 1
457 : 762 729 21 47 1
458 : 755 284 28 35 1
459 : 778 521 24 41 1
460 : 655 521 41 24 0
461 : 404 616 43 23 0
462 : 621 729 21 47 1
463 : 659 340 27 37 1
464 : 481 852 19 51 1
465 : 378 852 19 52 1
466 : 859 521 24 40 1
467 : 685 284 28 35 1
468 : 164 225 32 30 0
469 : 955 164 30 33 1
470 : 447 616 23 42 1
471 : 532 852 19 51 1
472 : 696 521 41 24 0
473 : 733 340 27 36 1
474 : 720 284 28 35 1
475 : 827 446 25 39 1
476 : 737 521 41 24 0
477 : 905 446 25 39 1
478 : 57 945 56 17 0
479 : 489 616 23 42 1
480 : 113 945 17 55 1
481 : 958 195 30 33 1
482 : 168 945 17 55 1
483 : 60 979 16 59 1
484 : 657 616 23 42 1
485 : 821 890 54 18 0
486 : 823 394 26 38 1
487 : 430 852 51 19 0
488 : 315 685 44 22 0
489 : 855 962 61 16 0
490 : 183 685 44 22 0
491 : 927 284 28 34 1
492 : 615 616 23 42 1
493 : 866 446 25 39 1
494 : 899 394 37 26 0
495 : 762 164 31 31 0
496 : 916 962 16 60 1
497 : 863 616 23 41 1
498 : 731 792 48 20 0
499 : 790 284 28 35 1
500 : 132 225 30 32 1
501 : 819 521 40 24 0
502 : 52 909 52 18 0
503 : 938 927 57 17 0
504 : 944 446 25 39 1
505 : 573 616 23 42 1
506 : 855 729 21 45 1
507 : 831 852 49 19 0
508 : 196 225 31 30 0
509 : 271 685 22 44 1
510 : 699 616 23 41 1
511 : 38 471 38 25 0
512 : 114 471 25 38 1
513 : 881 927 57 17 0
514 : 0 420 26 36 1
515 : 967 255 28 33 1
516 : 822 616 23 41 1
517 : 583 852 50 19 0
518 : 875 340 27 35 1
519 : 805 340 27 35 1
520 : 0 545 24 39 1
521 : 825 284 28 34 1
522 : 0 945 17 57 1
523 : 0 812 20 47 1
524 : 936 394 26 36 1
525 : 189 471 37 25 0
526 : 227 685 22 44 1
527 : 781 616 41 23 0
528 : 117 545 39 24 0
529 : 278 945 17 55 1
530 : 0 471 25 38 1
531 : 633 852 50 19 0
532 : 104 909 18 51 1
533 : 178 255 29 33 1
534 : 320 225 31 30 0
535 : 211 255 29 33 1
536 : 793 164 31 31 0
537 : 683 852 50 19 0
538 : 880 852 49 19 0
539 : 372 255 32 29 0
540 : 938 521 24 39 1
541 : 359 685 22 43 1
542 : 900 729 45 21 0
543 : 961 284 34 28 0
544 : 920 792 47 20 0
545 : 572 685 22 42 1
546 : 530 685 22 42 1
547 : 76 471 25 38 1
548 : 223 945 17 55 1
549 : 94 812 20 46 1
550 : 899 521 39 24 0
551 : 488 685 22 42 1
552 : 140 812 20 46 1
553 : 0 909 52 18 0
554 : 258 225 30 31 1
555 : 910 340 34 27 0
556 : 893 284 34 28 0
557 : 152 471 37 25 0
558 : 859 284 28 34 1
559 : 48 871 48 19 0
560 : 740 616 23 41 1
561 : 276 255 29 32 1
562 : 448 471 37 25 0
563 : 47 812 47 20 0
564 : 0 750 21 44 1
565 : 119 979 57 16 0
566 : 33 312 28 33 1
567 : 156 545 39 24 0
568 : 80 639 40 23 0
569 : 0 312 28 33 1
570 : 308 255 29 32 1
571 : 779 792 47 20 0
572 : 300 471 25 37 1
573 : 840 340 35 27 0
574 : 0 639 23 40 1
575 : 78 545 24 39 1
576 : 173 995 15 60 1
577 : 36 420 26 36 1
578 : 178 420 26 35 1
579 : 944 340 27 34 1
580 : 213 420 26 35 1
581 : 927 890 52 18 0
582 : 113 995 60 15 0
583 : 347 545 38 24 0
584 : 233 545 38 24 0
585 : 271 545 38 24 0
586 : 340 255 29 32 1
587 : 232 812 45 20 0
588 : 155 909 18 51 1
589 : 402 685 22 43 1
590 : 233 995 60 15 0
591 : 782 852 49 19 0
592 : 257 909 18 50 1
593 : 289 225 31 30 0
594 : 485 471 25 37 1
595 : 309 545 38 24 0
596 : 445 685 43 22 0
597 : 944 616 40 23 0
598 : 873 792 20 47 1
599 : 206 909 51 18 0
600 : 226 471 37 25 0
601 : 39 545 39 24 0
602 : 72 420 26 36 1
603 : 411 471 25 37 1
604 : 195 545 24 38 1
605 : 34 367 33 27 0
606 : 244 255 29 32 1
607 : 826 792 20 47 1
608 : 374 471 25 37 1
609 : 614 685 22 41 1
610 : 227 225 31 30 0
611 : 248 420 35 26 0
612 : 159 639 23 39 1
613 : 929 852 19 48 1
614 : 945 729 21 44 1
615 : 733 852 49 19 0
616 : 904 616 23 40 1
617 : 293 995 15 59 1
618 : 0 367 27 34 1
619 : 40 639 23 40 1
620 : 108 420 26 35 1
621 : 87 750 21 43 1
622 : 0 871 19 48 1
623 : 404 255 31 29 0
624 : 435 255 31 29 0
625 : 143 420 26 35 1
626 : 44 750 43 21 0
627 : 875 890 52 18 0
628 : 337 471 25 37 1
629 : 385 545 37 24 0
630 : 655 685 41 22 0
631 : 66 312 33 28 0
632 : 99 312 28 32 1
633 : 186 812 20 46 1
634 : 696 685 41 22 0
635 : 277 812 44 20 0
636 : 263 471 25 37 1
637 : 143 871 19 47 1
638 : 67 367 27 33 1
639 : 214 750 41 21 0
640 : 422 545 37 24 0
641 : 96 871 47 19 0
642 : 120 639 39 23 0
643 : 292 367 27 32 1
644 : 522 471 35 25 0
645 : 283 420 26 34 1
646 : 130 750 42 21 0
647 : 260 367 27 32 1
648 : 459 545 36 24 0
649 : 228 367 27 32 1
650 : 196 367 32 27 0
651 : 815 685 22 39 1
652 : 321 812 20 43 1
653 : 191 312 30 28 0
654 : 164 367 32 27 0
655 : 385 945 50 17 0
656 : 255 750 21 41 1
657 : 172 750 42 21 0
658 : 332 979 52 16 0
659 : 333 945 17 52 1
660 : 557 471 35 25 0
661 : 190 871 19 45 1
662 : 466 255 29 30 1
663 : 737 685 22 39 1
664 : 317 420 33 26 0
665 : 132 367 27 32 1
666 : 100 367 32 27 0
667 : 496 255 29 29 0
668 : 336 750 21 40 1
669 : 495 545 36 24 0
670 : 531 545 35 24 0
671 : 235 639 23 37 1
672 : 776 685 22 39 1
673 : 435 945 17 50 1
674 : 198 639 23 37 1
675 : 350 420 26 32 1
676 : 296 750 40 21 0
677 : 344 639 36 23 0
678 : 308 639 23 36 1
679 : 176 979 16 52 1
680 : 566 545 35 24 0
681 : 635 545 24 34 1
682 : 307 909 18 46 1
683 : 409 995 57 15 0
684 : 486 639 35 23 0
685 : 352 995 57 15 0
686 : 376 750 40 21 0
687 : 601 545 24 34 1
688 : 161 312 28 30 1
689 : 521 639 23 35 1
690 : 280 979 52 16 0
691 : 466 995 56 15 0
692 : 353 909 46 18 0
693 : 131 312 30 28 0
694 : 221 312 28 29 1
695 : 485 945 17 48 1
696 : 634 995 15 55 1
697 : 228 979 52 16 0
698 : 470 1011 57 14 0
699 : 695 1011 56 14 0
700 : 522 995 15 56 1
701 : 380 639 23 36 1
702 : 578 995 56 15 0
703 : 384 979 16 50 1
704 : 625 471 25 33 1
705 : 854 685 37 22 0
706 : 272 639 36 23 0
707 : 592 471 33 25 0
708 : 382 420 31 26 0
709 : 556 639 35 23 0
710 : 927 685 36 22 0
711 : 451 639 23 35 1
712 : 702 545 24 33 1
713 : 742 995 52 15 0
714 : 444 420 26 30 1
715 : 416 639 35 23 0
716 : 639 1011 56 14 0
717 : 324 367 30 27 0
718 : 364 812 20 40 1
719 : 669 545 33 24 0
720 : 399 909 44 18 0
721 : 413 420 31 26 0
722 : 235 871 42 19 0
723 : 527 1011 56 14 0
724 : 891 685 36 22 0
725 : 404 812 20 39 1
726 : 720 471 31 25 0
727 : 583 1011 14 56 1
728 : 0 707 22 35 1
729 : 452 750 21 36 1
730 : 354 367 27 29 1
731 : 689 995 53 15 0
732 : 963 685 35 22 0
733 : 277 871 42 19 0
734 : 973 312 27 28 0
735 : 35 707 34 22 0
736 : 689 471 31 25 0
737 : 416 750 21 36 1
738 : 658 471 31 25 0
739 : 434 979 16 48 1
740 : 533 945 17 45 1
741 : 383 367 28 27 0
742 : 474 420 29 26 0
743 : 781 471 30 25 0
744 : 811 471 25 30 1
745 : 591 639 33 23 0
746 : 480 812 37 20 0
747 : 411 367 27 28 1
748 : 103 707 22 34 1
749 : 523 750 21 35 1
750 : 69 707 34 22 0
751 : 751 471 25 30 1
752 : 624 639 33 23 0
753 : 439 367 27 28 1
754 : 137 707 34 22 0
755 : 517 812 37 20 0
756 : 721 639 23 32 1
757 : 529 979 16 46 1
758 : 494 367 27 27 0
759 : 785 639 23 32 1
760 : 443 812 20 37 1
761 : 482 979 16 47 1
762 : 204 707 22 33 1
763 : 319 871 40 19 0
764 : 794 995 48 15 0
765 : 817 639 32 23 0
766 : 689 639 32 23 0
767 : 804 1011 52 14 0
768 : 171 707 22 33 1
769 : 856 1011 14 52 1
770 : 0 1026 14 51 1
771 : 590 812 36 20 0
772 : 578 945 44 17 0
773 : 664 945 42 17 0
774 : 890 995 48 15 0
775 : 841 471 29 25 0
776 : 558 750 34 21 0
777 : 443 909 18 41 1
778 : 484 909 18 41 1
779 : 735 545 24 31 1
780 : 751 1011 53 14 0
781 : 270 707 33 22 0
782 : 525 909 40 18 0
783 : 467 367 27 27 0
784 : 359 871 38 19 0
785 : 753 639 32 23 0
786 : 592 750 34 21 0
787 : 908 1011 52 14 0
788 : 626 750 21 34 1
789 : 237 707 22 33 1
790 : 660 750 21 34 1
791 : 657 639 32 23 0
792 : 303 707 22 32 1
793 : 766 545 30 24 0
794 : 706 945 17 41 1
795 : 151 1026 14 50 1
796 : 488 750 35 21 0
797 : 870 471 25 29 1
798 : 938 995 46 15 0
799 : 554 812 20 36 1
800 : 972 394 28 26 0
801 : 694 750 34 21 0
802 : 397 871 19 37 1
803 : 604 909 18 38 1
804 : 565 909 18 39 1
805 : 880 639 23 30 1
806 : 842 995 15 48 1
807 : 788 945 17 41 1
808 : 335 707 31 22 0
809 : 51 1026 50 14 0
810 : 696 812 34 20 0
811 : 622 945 17 42 1
812 : 530 1026 52 13 0
813 : 849 639 31 23 0
814 : 747 945 41 17 0
815 : 626 812 20 35 1
816 : 760 750 21 32 1
817 : 434 871 37 19 0
818 : 829 945 40 17 0
819 : 101 1026 14 50 1
820 : 366 707 31 22 0
821 : 575 979 16 44 1
822 : 662 979 16 43 1
823 : 619 979 16 43 1
824 : 965 545 24 28 1
825 : 503 420 26 27 1
826 : 796 545 29 24 0
827 : 825 545 28 24 0
828 : 530 420 26 26 0
829 : 661 812 20 35 1
830 : 881 545 24 28 1
831 : 582 1026 13 52 1
832 : 736 1026 13 51 1
833 : 718 909 18 37 1
834 : 397 707 22 31 1
835 : 747 979 16 42 1
836 : 471 871 19 36 1
837 : 0 1011 15 44 1
838 : 792 750 32 21 0
839 : 428 707 31 22 0
840 : 543 871 19 35 1
841 : 910 639 30 23 0
842 : 392 1026 47 14 0
843 : 0 662 23 29 1
844 : 899 471 27 25 0
845 : 459 707 31 22 0
846 : 755 909 18 37 1
847 : 249 1026 48 14 0
848 : 831 979 41 16 0
849 : 28 569 28 24 0
850 : 680 909 18 38 1
851 : 869 945 17 39 1
852 : 926 471 27 25 0
853 : 507 871 36 19 0
854 : 853 545 28 24 0
855 : 345 1026 14 47 1
856 : 728 750 21 32 1
857 : 787 1026 50 13 0
858 : 642 909 38 18 0
859 : 909 545 28 24 0
860 : 937 545 28 24 0
861 : 297 1026 14 48 1
862 : 789 979 16 42 1
863 : 201 1026 14 48 1
864 : 175 1011 15 43 1
865 : 0 569 24 28 1
866 : 855 750 31 21 0
867 : 917 750 31 21 0
868 : 439 1026 14 46 1
869 : 104 496 25 26 1
870 : 730 812 33 20 0
871 : 56 569 24 27 1
872 : 26 496 26 25 0
873 : 969 639 29 23 0
874 : 828 909 36 18 0
875 : 682 871 34 19 0
876 : 705 979 42 16 0
877 : 57 662 28 23 0
878 : 940 639 23 29 1
879 : 763 812 20 33 1
880 : 953 471 27 25 0
881 : 110 569 27 24 0
882 : 824 750 31 21 0
883 : 716 871 34 19 0
884 : 796 812 20 33 1
885 : 83 569 27 24 0
886 : 578 871 35 19 0
887 : 490 707 30 22 0
888 : 44 1011 15 44 1
889 : 520 707 22 30 1
890 : 967 792 33 20 0
891 : 613 871 35 19 0
892 : 386 1011 15 42 1
893 : 0 496 26 25 0
894 : 30 771 21 30 1
895 : 78 496 25 26 1
896 : 137 569 27 24 0
897 : 85 662 28 23 0
898 : 872 979 16 39 1
899 : 685 1026 13 51 1
900 : 634 1026 13 51 1
901 : 948 750 30 21 0
902 : 132 1011 43 15 0
903 : 485 1026 14 45 1
904 : 886 750 31 21 0
905 : 88 1011 44 15 0
906 : 0 927 18 35 1
907 : 194 662 27 23 0
908 : 899 909 18 35 1
909 : 242 569 24 26 1
910 : 164 569 24 26 1
911 : 608 707 22 29 1
912 : 29 662 23 28 1
913 : 792 909 36 18 0
914 : 864 909 35 18 0
915 : 829 812 32 20 0
916 : 0 771 21 30 1
917 : 550 707 29 22 0
918 : 665 707 28 22 0
919 : 52 496 25 26 1
920 : 750 871 33 19 0
921 : 579 707 29 22 0
922 : 190 569 24 26 1
923 : 816 871 19 33 1
924 : 637 707 28 22 0
925 : 648 871 34 19 0
926 : 925 812 31 20 0
927 : 167 662 23 27 1
928 : 934 909 35 18 0
929 : 216 569 26 24 0
930 : 268 569 24 26 1
931 : 908 945 17 38 1
932 : 294 569 24 26 1
933 : 428 1011 15 42 1
934 : 0 962 37 17 0
935 : 140 662 27 23 0
936 : 218 1011 15 42 1
937 : 911 979 16 39 1
938 : 74 962 37 17 0
939 : 113 662 23 27 1
940 : 950 979 38 16 0
941 : 260 1011 42 15 0
942 : 693 707 28 22 0
943 : 885 1026 13 47 1
944 : 893 812 20 32 1
945 : 130 496 25 25 0
946 : 69 927 34 18 0
947 : 849 871 32 19 0
948 : 302 1011 15 42 1
949 : 960 707 30 21 0
950 : 344 1011 15 42 1
951 : 881 871 32 19 0
952 : 38 995 38 16 0
953 : 60 771 30 21 0
954 : 837 1026 48 13 0
955 : 946 945 37 17 0
956 : 721 707 28 22 0
957 : 861 812 32 20 0
958 : 147 962 36 17 0
959 : 37 962 37 17 0
960 : 783 871 19 33 1
961 : 961 771 20 30 1
962 : 90 771 29 21 0
963 : 320 569 25 24 0
964 : 299 662 23 26 1
965 : 170 927 18 33 1
966 : 219 962 36 17 0
967 : 288 771 21 28 1
968 : 273 662 26 23 0
969 : 345 569 25 24 0
970 : 76 995 37 16 0
971 : 183 962 36 17 0
972 : 956 812 20 30 1
973 : 35 927 18 34 1
974 : 247 662 23 26 1
975 : 148 771 21 28 1
976 : 103 927 34 18 0
977 : 0 995 38 16 0
978 : 111 962 17 36 1
979 : 119 771 29 21 0
980 : 221 662 26 23 0
981 : 289 962 17 34 1
982 : 176 771 28 21 0
983 : 137 927 33 18 0
984 : 204 771 28 21 0
985 : 255 962 17 34 1
986 : 0 832 30 20 0
987 : 30 832 29 20 0
988 : 232 771 21 28 1
989 : 0 890 30 19 0
990 : 394 569 24 24 0
991 : 323 962 34 17 0
992 : 59 832 20 29 1
993 : 913 871 31 19 0
994 : 370 569 24 24 0
995 : 260 771 21 28 1
996 : 944 871 30 19 0
997 : 88 832 28 20 0
998 : 978 340 22 27 0
999 : 932 1026 13 44 1
