200 237
0 : 0 0 110 32 0
1 : 110 0 12 33 1
2 : 0 32 78 15 0
3 : 78 32 62 18 0
4 : 143 0 16 53 1
5 : 0 50 37 76 1
6 : 76 50 14 97 1
7 : 0 87 28 43 1
8 : 110 12 16 9 0
9 : 143 16 15 22 1
10 : 76 64 64 19 0
11 : 110 21 10 13 1
12 : 76 83 4 27 1
13 : 165 16 12 13 0
14 : 165 29 3 6 1
15 : 177 16 7 22 1
16 : 43 87 67 16 0
17 : 140 64 27 14 0
18 : 140 32 13 41 1
19 : 110 87 78 35 0
20 : 0 122 30 115 1
21 : 43 103 8 54 1
22 : 0 152 20 91 1
23 : 167 64 6 6 0
24 : 115 122 72 12 0
25 : 91 152 15 92 1
26 : 0 172 22 58 1
27 : 177 23 19 6 0
28 : 58 172 38 48 1
29 : 106 172 21 61 1
30 : 43 111 10 38 1
31 : 0 210 22 47 1
32 : 173 50 22 37 0
33 : 195 50 5 30 0
34 : 97 103 5 9 1
35 : 196 0 3 15 0
36 : 81 111 24 10 0
37 : 167 172 20 37 0
38 : 183 152 18 13 1
39 : 47 210 23 19 0
40 : 70 210 41 27 0
41 : 140 45 18 5 0
42 : 126 12 6 11 1
43 : 111 210 39 24 0
44 : 140 78 21 6 0
45 : 115 134 62 17 0
46 : 177 134 20 15 0
47 : 126 18 3 8 1
48 : 0 194 44 7 0
