200 215
0 : 109 26 15 72 1
1 : 48 154 15 47 1
2 : 110 0 67 11 0
3 : 116 88 56 39 0
4 : 0 148 6 35 1
5 : 56 201 11 17 1
6 : 0 201 8 20 1
7 : 71 169 22 8 0
8 : 40 167 8 12 0
9 : 113 100 3 16 0
10 : 165 201 11 9 1
11 : 102 56 9 61 1
12 : 58 120 47 7 0
13 : 144 201 11 11 0
14 : 163 196 5 18 1
15 : 95 166 6 22 1
16 : 181 196 5 7 1
17 : 117 166 6 14 1
18 : 138 179 25 21 0
19 : 54 102 22 4 1
20 : 89 201 16 11 0
21 : 0 179 33 17 0
22 : 147 143 8 7 0
23 : 165 84 4 8 1
24 : 0 0 26 110 1
25 : 105 120 11 4 0
26 : 58 88 58 12 0
27 : 0 127 56 21 0
28 : 0 44 21 102 1
29 : 170 50 6 25 1
30 : 58 111 9 51 1
31 : 105 201 16 11 0
32 : 155 149 30 5 0
33 : 135 201 12 9 1
34 : 195 50 4 6 0
35 : 86 179 26 16 0
36 : 102 44 68 12 0
37 : 188 179 20 10 1
38 : 60 179 21 26 1
39 : 0 167 20 12 0
40 : 106 127 49 16 0
41 : 170 44 6 28 1
42 : 105 124 11 3 0
43 : 95 154 37 12 0
44 : 38 201 9 18 1
45 : 188 199 2 9 1
46 : 0 196 5 14 1
47 : 185 149 15 4 0
48 : 155 140 39 9 0
49 : 110 11 64 10 0
50 : 165 77 32 7 0
51 : 112 179 16 26 1
52 : 0 65 99 21 0
53 : 172 88 38 19 1
54 : 168 154 23 32 1
55 : 163 56 6 37 1
56 : 0 102 22 54 1
57 : 132 154 25 36 1
58 : 56 127 50 27 0
59 : 33 179 27 22 0
60 : 106 143 8 41 1
61 : 99 65 66 23 0
62 : 107 172 8 5 0
63 : 48 176 15 3 0
64 : 20 201 18 12 0
65 : 191 123 9 4 0
66 : 198 44 6 2 1
67 : 194 140 9 6 1
68 : 123 172 5 8 1
69 : 109 100 4 18 0
70 : 181 26 15 19 1
71 : 115 172 8 5 0
72 : 14 196 14 4 0
73 : 0 154 48 13 0
74 : 121 201 14 14 0
75 : 174 11 23 10 0
76 : 35 148 5 18 1
77 : 177 0 10 23 1
78 : 58 100 51 11 0
79 : 0 88 58 14 0
80 : 95 172 7 12 1
81 : 174 201 10 9 1
82 : 73 201 16 12 0
83 : 163 62 13 3 0
84 : 191 88 35 9 1
85 : 165 65 34 12 0
86 : 163 179 17 25 1
87 : 113 116 3 3 0
88 : 48 169 7 23 1
89 : 20 167 10 20 1
90 : 0 26 109 18 0
91 : 183 201 7 7 0
92 : 86 195 6 6 0
93 : 155 127 44 13 0
94 : 113 119 3 1 0
95 : 176 62 3 12 1
96 : 155 201 10 11 0
