1000 29016
0 : 0 10286 602 738 1
1 : 0 8449 897 620 0
2 : 0 3161 743 708 0
3 : 649 7200 308 409 0
4 : 0 19230 447 477 1
5 : 926 840 421 71 1
6 : 664 13203 167 331 0
7 : 0 28086 667 149 0
8 : 0 15935 792 493 0
9 : 646 10888 190 567 0
10 : 0 24785 320 711 1
11 : 0 15417 891 518 0
12 : 0 13763 750 559 0
13 : 743 3161 220 428 0
14 : 979 3161 10 55 0
15 : 0 25722 990 287 0
16 : 0 0 986 840 0
17 : 477 19230 482 431 0
18 : 572 16428 393 471 0
19 : 831 13203 524 139 1
20 : 0 28650 963 110 0
21 : 0 14322 554 971 1
22 : 0 28378 143 657 1
23 : 0 7828 621 642 1
24 : 0 7200 628 649 1
25 : 0 6567 633 770 1
26 : 816 1676 473 184 1
27 : 0 28760 729 109 0
28 : 0 22189 601 395 0
29 : 844 2426 151 693 0
30 : 711 9069 342 281 1
31 : 897 8449 82 351 0
32 : 0 24079 531 361 0
33 : 898 5927 82 636 0
34 : 0 840 926 836 0
35 : 0 2426 844 735 0
36 : 0 26544 246 940 1
37 : 0 27758 867 175 0
38 : 0 13203 560 664 1
39 : 0 20123 896 438 0
40 : 0 9069 711 613 0
41 : 0 19677 860 446 0
42 : 0 27397 182 927 1
43 : 688 9682 579 258 1
44 : 0 23337 753 372 0
45 : 0 27933 153 759 1
46 : 587 20974 361 371 0
47 : 995 2426 519 5 1
48 : 0 28521 866 129 0
49 : 0 26284 826 260 0
50 : 770 6567 361 202 1
51 : 0 16918 475 664 1
52 : 750 13763 125 483 0
53 : 0 14876 541 953 1
54 : 836 10888 573 141 1
55 : 642 7828 294 360 0
56 : 0 28869 95 681 1
57 : 0 27004 733 204 0
58 : 0 25415 907 307 0
59 : 0 5250 677 787 1
60 : 0 24440 345 708 1
61 : 0 21791 398 612 1
62 : 0 16428 572 490 0
63 : 0 20974 587 412 0
64 : 0 26009 275 786 1
65 : 0 26790 861 214 0
66 : 0 12054 997 576 0
67 : 787 5250 300 211 1
68 : 0 27208 790 189 0
69 : 743 11476 274 183 1
70 : 0 3869 893 692 0
71 : 0 17393 470 908 1
72 : 0 18324 456 667 1
73 : 0 11476 578 743 1
74 : 738 10286 196 327 0
75 : 926 11476 68 404 0
76 : 837 4561 162 380 0
77 : 936 7828 563 59 1
78 : 0 12630 881 573 0
79 : 0 25105 910 310 0
80 : 547 20561 367 451 1
81 : 0 5927 898 640 0
82 : 0 28964 697 52 0
83 : 0 10888 588 646 1
84 : 0 9682 604 688 1
85 : 999 0 469 1 1
86 : 0 17863 673 461 0
87 : 893 3869 105 307 0
88 : 0 23709 842 370 0
89 : 0 21386 405 788 1
90 : 0 18780 450 912 1
91 : 0 1676 816 750 0
92 : 0 27579 881 179 0
93 : 963 3161 16 427 0
94 : 0 20561 547 413 0
95 : 0 4561 689 837 1
96 : 0 22584 380 786 1
97 : 986 0 13 616 0
98 : 0 28235 783 143 0
99 : 0 22964 373 726 1
