1000 8810
0 : 0 6873 340 857 1
1 : 776 7861 104 178 1
2 : 0 6484 943 389 0
3 : 677 5534 189 491 0
4 : 816 6027 146 162 0
5 : 0 8777 33 963 1
6 : 678 5018 497 135 1
7 : 0 4366 652 992 1
8 : 0 8288 121 598 1
9 : 0 8735 42 727 1
10 : 536 5018 142 505 0
11 : 965 8409 24 83 0
12 : 0 7861 150 776 1
13 : 0 8686 49 921 1
14 : 0 5534 493 677 1
15 : 0 8601 85 886 1
16 : 866 5534 421 99 1
17 : 0 980 970 933 0
18 : 0 7213 252 738 1
19 : 0 7465 561 246 0
20 : 0 2826 882 779 0
21 : 998 1913 298 2 1
22 : 647 6027 452 169 1
23 : 943 6484 253 49 1
24 : 598 8288 338 87 0
25 : 906 7711 81 148 0
26 : 909 3605 59 375 0
27 : 0 6027 457 647 1
28 : 738 7446 12 189 1
29 : 992 6484 8 169 0
30 : 738 7213 191 233 0
31 : 0 8516 85 947 1
32 : 0 8153 629 135 0
33 : 0 8409 965 107 0
34 : 629 8153 359 109 0
35 : 931 1913 840 67 1
36 : 0 8011 538 142 0
37 : 882 2826 104 726 0
38 : 984 0 15 871 0
39 : 816 6189 144 230 0
40 : 536 5523 10 114 1
41 : 0 3605 761 761 0
42 : 0 0 984 980 0
43 : 538 8011 408 117 0
44 : 960 6189 9 189 0
45 : 0 1913 931 913 0
46 : 0 5018 516 536 1
47 : 0 7711 150 906 1
48 : 761 3605 689 148 1
49 : 857 6873 103 146 0
