1000 1361
0 : 413 1112 66 61 0
1 : 308 805 62 48 0
2 : 123 723 62 46 0
3 : 93 646 61 43 0
4 : 202 479 39 62 1
5 : 0 479 38 61 1
6 : 415 118 30 71 1
7 : 38 609 56 37 0
8 : 286 853 52 39 0
9 : 94 609 36 55 1
10 : 869 23 74 27 0
11 : 902 1112 42 47 0
12 : 511 302 61 32 0
13 : 290 386 58 32 0
14 : 0 769 51 36 0
15 : 244 1112 46 40 0
16 : 239 0 79 23 0
17 : 416 963 48 38 0
18 : 160 0 79 23 0
19 : 0 302 30 60 1
20 : 0 0 22 81 1
21 : 216 853 36 49 1
22 : 384 50 25 71 1
23 : 138 23 73 24 0
24 : 233 386 57 31 0
25 : 797 23 72 25 0
26 : 113 769 50 35 0
27 : 560 418 56 31 0
28 : 591 518 33 54 1
29 : 191 1073 39 46 1
30 : 0 223 28 63 1
31 : 396 0 77 23 0
32 : 817 1213 43 40 0
33 : 589 853 36 48 1
34 : 0 418 56 31 0
35 : 184 689 51 34 0
36 : 774 479 54 32 0
37 : 495 1173 44 40 0
38 : 343 963 37 47 1
39 : 48 689 51 34 0
40 : 480 892 48 36 0
41 : 767 551 53 33 0
42 : 0 1112 39 45 1
43 : 628 689 34 50 1
44 : 318 0 22 78 1
45 : 42 646 51 33 0
46 : 875 302 29 58 1
47 : 763 0 73 23 0
48 : 690 0 23 73 1
49 : 448 1036 37 45 1
50 : 904 0 73 23 0
51 : 329 1253 42 40 0
52 : 0 172 26 64 1
53 : 100 479 31 54 1
54 : 211 23 23 72 1
55 : 81 0 79 21 0
56 : 731 853 35 47 1
57 : 276 689 33 50 1
58 : 775 1213 39 42 1
59 : 99 689 33 50 1
60 : 187 449 54 30 0
61 : 732 251 60 27 0
62 : 964 805 47 34 1
63 : 547 0 22 73 1
64 : 430 723 49 33 0
65 : 170 1112 37 43 1
66 : 916 479 30 52 1
67 : 309 75 67 23 0
68 : 705 928 35 45 1
69 : 661 172 62 25 0
70 : 57 148 24 64 1
71 : 660 928 35 45 1
72 : 43 1073 36 43 1
73 : 356 251 26 59 1
74 : 0 1073 43 36 0
75 : 441 75 67 23 0
76 : 309 928 34 45 1
77 : 121 148 64 24 0
78 : 333 723 32 48 1
79 : 540 518 30 51 1
80 : 210 723 32 48 1
81 : 220 198 25 61 1
82 : 575 334 55 27 0
83 : 398 386 54 28 0
84 : 908 805 33 46 0
85 : 0 689 31 48 1
86 : 528 892 45 33 0
87 : 43 518 51 29 0
88 : 693 1001 43 35 0
89 : 473 0 74 20 0
90 : 490 518 50 29 0
91 : 705 1213 40 37 0
92 : 668 223 25 59 1
93 : 548 723 31 47 1
94 : 837 609 30 48 1
95 : 422 769 46 31 0
96 : 685 1253 37 39 0
97 : 747 1253 37 39 0
98 : 659 118 63 22 0
99 : 67 1036 34 42 1
100 : 668 302 26 55 1
101 : 0 805 31 45 1
102 : 455 50 67 21 0
103 : 379 172 23 61 1
104 : 648 198 23 59 1
105 : 502 723 46 30 0
106 : 185 148 62 22 0
107 : 426 334 26 54 1
108 : 639 1213 36 39 1
109 : 161 198 59 23 0
110 : 69 23 69 20 0
111 : 616 418 51 27 0
112 : 877 805 31 44 0
113 : 47 551 28 49 1
114 : 912 1293 37 37 0
115 : 859 1036 34 41 1
116 : 846 805 31 44 0
117 : 441 518 49 28 0
118 : 376 75 65 21 0
119 : 283 23 20 68 1
120 : 888 1253 36 38 0
121 : 161 302 55 25 0
122 : 701 278 24 55 1
123 : 795 1036 33 40 1
124 : 620 0 70 19 0
125 : 912 689 29 45 1
126 : 778 853 31 43 1
127 : 727 223 57 23 0
128 : 632 386 52 26 0
129 : 381 723 45 29 1
130 : 318 50 20 66 1
131 : 784 223 23 57 1
132 : 304 723 45 29 1
133 : 182 386 51 25 0
134 : 602 361 25 52 1
135 : 121 98 20 63 1
136 : 0 23 69 19 0
137 : 221 769 44 29 0
138 : 926 609 28 46 1
139 : 463 251 23 56 1
140 : 614 646 28 45 1
141 : 933 418 26 50 1
142 : 495 1213 37 34 0
143 : 120 75 65 20 0
144 : 546 609 28 46 1
145 : 63 50 65 19 0
146 : 676 251 56 23 0
147 : 272 609 46 27 0
148 : 372 646 28 45 1
149 : 522 551 47 27 0
150 : 736 1112 38 33 1
151 : 327 646 45 28 0
152 : 707 50 64 19 0
153 : 330 334 24 52 1
154 : 836 0 18 68 1
155 : 919 963 40 31 0
156 : 377 609 46 27 0
157 : 0 118 20 61 1
158 : 537 1073 32 38 0
159 : 732 334 52 24 0
160 : 569 1073 38 32 1
161 : 269 1253 34 36 1
162 : 354 928 30 41 1
163 : 892 646 44 27 0
164 : 145 1036 31 39 1
165 : 778 118 20 61 1
166 : 436 1213 33 36 1
167 : 938 518 26 47 1
168 : 460 449 48 25 0
169 : 622 1112 32 37 0
170 : 929 75 62 19 0
171 : 95 1001 31 40 1
172 : 0 723 28 44 1
173 : 154 479 48 25 0
174 : 246 75 19 63 1
175 : 0 551 47 26 0
176 : 237 963 40 30 0
177 : 943 551 46 26 0
178 : 400 1213 36 33 0
179 : 536 928 40 30 0
180 : 581 148 20 59 1
181 : 133 1293 34 35 1
182 : 479 1112 37 32 1
183 : 708 723 28 43 0
184 : 364 1213 33 36 1
185 : 644 551 26 46 1
186 : 495 172 21 58 1
187 : 704 892 29 41 1
188 : 104 418 24 49 1
189 : 0 1213 33 37 1
190 : 381 1112 32 37 0
191 : 349 1112 37 32 1
192 : 867 198 56 21 0
193 : 542 23 65 18 0
194 : 681 334 23 51 1
195 : 630 334 23 51 1
196 : 135 1001 30 39 1
197 : 348 386 50 24 0
198 : 360 302 52 23 0
199 : 317 1112 37 32 1
200 : 186 334 51 23 0
201 : 712 689 27 43 1
202 : 174 1001 30 39 1
203 : 796 418 48 24 0
204 : 759 198 56 21 0
205 : 682 479 25 47 1
206 : 376 418 24 49 1
207 : 574 1036 38 31 0
208 : 884 98 19 61 1
209 : 143 1253 33 35 1
210 : 692 148 59 20 0
211 : 139 518 25 47 1
212 : 213 1112 31 37 0
213 : 542 689 27 43 1
214 : 395 551 25 45 1
215 : 128 50 18 64 1
216 : 481 689 27 43 1
217 : 438 689 27 43 1
218 : 938 1173 36 32 1
219 : 213 1001 30 39 1
220 : 61 118 60 19 0
221 : 0 449 24 48 1
222 : 326 689 27 43 1
223 : 425 98 61 19 0
224 : 543 118 60 19 0
225 : 621 928 29 39 1
226 : 252 1001 30 39 1
227 : 508 449 24 47 1
228 : 484 609 26 44 1
229 : 440 609 26 44 1
230 : 355 118 60 19 0
231 : 696 361 50 23 0
232 : 55 198 56 20 0
233 : 585 689 43 27 0
234 : 750 928 29 39 1
235 : 604 172 57 20 0
236 : 351 23 65 17 0
237 : 202 278 21 53 1
238 : 774 302 51 22 0
239 : 522 50 18 64 1
240 : 413 449 47 24 0
241 : 723 302 51 22 0
242 : 832 50 63 18 0
243 : 459 1073 30 37 0
244 : 350 479 24 46 1
245 : 283 646 26 43 0
246 : 255 1173 31 36 1
247 : 153 418 48 23 0
248 : 396 479 46 24 0
249 : 121 118 19 60 1
250 : 944 1112 31 36 0
251 : 847 1112 31 36 0
252 : 297 892 28 40 1
253 : 442 479 46 24 0
254 : 471 148 58 19 0
255 : 239 646 26 43 0
256 : 265 769 27 42 1
257 : 0 98 18 61 1
258 : 37 892 40 28 0
259 : 297 1073 30 37 0
260 : 872 853 28 40 1
261 : 532 479 46 24 0
262 : 622 251 54 21 0
263 : 540 646 26 43 0
264 : 388 1293 33 34 0
265 : 119 1213 35 32 0
266 : 705 1112 36 31 1
267 : 418 584 25 44 1
268 : 267 1073 30 37 0
269 : 229 805 27 41 1
270 : 140 449 23 47 1
271 : 670 23 64 17 0
272 : 451 646 26 43 0
273 : 255 50 17 63 1
274 : 773 769 27 41 1
275 : 244 584 44 25 0
276 : 357 148 58 19 0
277 : 794 1293 33 33 0
278 : 288 584 44 25 0
279 : 368 361 49 22 0
280 : 343 1001 29 38 1
281 : 525 334 50 22 0
282 : 110 302 51 21 0
283 : 86 1073 30 37 1
284 : 511 1112 31 36 0
285 : 237 1073 30 37 0
286 : 364 98 18 61 1
287 : 816 518 24 45 1
288 : 634 609 25 43 1
289 : 567 805 40 27 1
290 : 258 723 26 42 0
291 : 111 223 20 55 1
292 : 492 805 40 27 1
293 : 629 1073 30 36 0
294 : 202 1253 34 32 0
295 : 184 1036 29 37 1
296 : 270 928 39 28 0
297 : 56 418 48 23 0
298 : 948 1253 32 33 0
299 : 413 805 40 27 1
300 : 309 518 24 45 1
301 : 440 551 24 44 1
302 : 48 449 23 47 1
303 : 518 1036 29 37 0
304 : 48 251 20 53 1
305 : 258 892 27 39 1
306 : 825 172 19 56 1
307 : 688 518 45 24 0
308 : 0 1036 37 29 0
309 : 656 98 18 60 1
310 : 738 1073 30 36 0
311 : 257 1036 37 29 0
312 : 310 551 24 44 1
313 : 147 892 27 39 1
314 : 918 723 26 41 0
315 : 813 449 23 46 1
316 : 859 449 46 23 0
317 : 134 386 48 22 0
318 : 569 75 61 17 0
319 : 508 75 61 17 0
320 : 94 518 23 45 1
321 : 51 769 26 41 1
322 : 708 418 23 47 1
323 : 461 302 50 21 0
324 : 934 853 39 27 0
325 : 48 334 50 21 0
326 : 889 251 52 20 0
327 : 0 278 52 20 0
328 : 192 50 17 63 1
329 : 907 1001 37 29 0
330 : 304 98 17 60 1
331 : 184 98 17 60 1
332 : 821 853 27 39 0
333 : 181 118 18 59 1
334 : 595 449 23 46 1
335 : 475 1293 32 33 0
336 : 899 551 24 44 1
337 : 871 479 23 45 1
338 : 944 723 26 41 0
339 : 96 1173 30 35 1
340 : 825 302 50 21 0
341 : 330 1213 34 31 0
342 : 408 278 52 20 0
343 : 766 1036 36 29 1
344 : 595 723 41 25 1
345 : 337 892 27 39 1
346 : 729 479 23 45 1
347 : 724 805 26 39 0
348 : 291 1173 30 35 1
349 : 415 1173 35 30 0
350 : 332 584 24 43 1
351 : 381 1001 37 28 0
352 : 896 118 18 58 1
353 : 814 769 26 40 1
354 : 135 928 27 38 1
355 : 375 584 24 43 1
356 : 193 1293 32 33 0
357 : 266 551 24 44 1
358 : 0 198 19 55 1
359 : 418 1001 37 28 0
360 : 240 118 18 59 1
361 : 200 251 53 20 0
362 : 455 1001 28 37 1
363 : 492 1001 28 37 1
364 : 471 418 22 47 1
365 : 909 892 27 38 1
366 : 658 769 40 26 0
367 : 923 198 19 54 1
368 : 61 98 60 17 0
369 : 359 853 26 39 0
370 : 221 1036 28 36 1
371 : 566 646 42 25 1
372 : 142 361 21 48 1
373 : 529 1001 28 37 1
374 : 927 1036 29 36 0
375 : 504 584 43 24 0
376 : 619 1001 37 28 0
377 : 281 198 55 19 0
378 : 241 449 22 46 1
379 : 758 1001 28 36 1
380 : 570 251 52 19 0
381 : 440 805 26 39 0
382 : 625 1253 31 33 0
383 : 466 805 26 39 0
384 : 656 1001 37 28 0
385 : 416 23 63 16 0
386 : 201 418 47 22 0
387 : 306 278 52 20 0
388 : 809 75 17 61 1
389 : 177 646 24 42 0
390 : 795 689 25 41 1
391 : 236 1253 33 31 0
392 : 705 1293 32 32 0
393 : 881 172 18 55 1
394 : 681 1073 35 29 1
395 : 218 223 53 19 0
396 : 620 723 25 41 0
397 : 479 23 63 16 0
398 : 762 1293 32 32 0
399 : 244 98 17 60 1
400 : 30 963 37 27 0
401 : 102 963 27 37 1
402 : 32 1253 30 33 1
403 : 547 584 43 24 0
404 : 908 1173 34 30 1
405 : 185 723 25 41 0
406 : 941 251 52 20 0
407 : 371 1253 33 31 1
408 : 950 1213 33 30 1
409 : 851 278 50 20 0
410 : 645 723 25 40 0
411 : 427 1253 33 31 1
412 : 32 928 38 27 0
413 : 60 302 20 50 1
414 : 768 449 45 22 0
415 : 827 1293 32 32 0
416 : 820 805 26 39 0
417 : 0 646 42 24 0
418 : 734 23 63 16 0
419 : 746 361 48 21 0
420 : 185 75 16 61 1
421 : 77 892 38 26 0
422 : 836 689 25 41 1
423 : 329 1036 28 36 1
424 : 0 853 26 39 1
425 : 841 223 19 53 1
426 : 0 50 63 16 0
427 : 96 551 23 44 1
428 : 452 386 21 47 1
429 : 789 928 37 27 0
430 : 906 928 37 27 0
431 : 221 1173 29 34 1
432 : 794 1001 28 36 1
433 : 364 769 25 40 1
434 : 61 1213 30 34 1
435 : 109 1036 36 28 0
436 : 43 584 23 43 1
437 : 490 963 36 27 1
438 : 585 386 21 47 1
439 : 592 609 24 42 1
440 : 771 50 16 61 1
441 : 190 805 25 39 1
442 : 895 50 61 16 0
443 : 497 853 38 26 1
444 : 397 518 23 44 1
445 : 920 1213 30 33 0
446 : 607 23 63 16 0
447 : 690 75 60 16 0
448 : 890 1213 30 33 0
449 : 425 418 46 21 0
450 : 906 386 21 47 1
451 : 723 449 22 45 1
452 : 826 928 27 37 1
453 : 590 584 23 42 1
454 : 488 198 18 54 1
455 : 412 302 49 20 0
456 : 47 361 20 48 1
457 : 953 386 21 47 1
458 : 956 1036 28 35 0
459 : 700 646 24 41 0
460 : 724 646 41 24 1
461 : 0 584 43 23 0
462 : 772 386 21 47 1
463 : 476 928 27 37 1
464 : 255 278 19 51 1
465 : 253 251 19 52 1
466 : 44 723 24 40 1
467 : 712 1036 28 35 0
468 : 510 1253 32 30 1
469 : 860 1213 30 33 0
470 : 632 584 23 42 1
471 : 103 278 19 51 1
472 : 959 646 41 24 1
473 : 562 963 27 36 0
474 : 640 1036 28 35 0
475 : 507 769 25 39 1
476 : 235 689 41 24 0
477 : 468 769 25 39 1
478 : 415 148 56 17 0
479 : 753 584 23 42 1
480 : 222 172 17 55 1
481 : 745 1213 30 33 0
482 : 908 148 17 55 1
483 : 870 75 16 59 1
484 : 318 609 23 42 1
485 : 594 198 54 18 0
486 : 448 853 26 38 0
487 : 52 278 51 19 0
488 : 225 518 44 22 0
489 : 646 50 61 16 0
490 : 622 479 44 22 0
491 : 142 1112 28 34 0
492 : 462 584 23 42 1
493 : 698 769 25 39 1
494 : 848 892 37 26 0
495 : 0 1330 31 31 0
496 : 630 75 16 60 1
497 : 796 609 23 41 1
498 : 916 334 48 20 0
499 : 612 1036 28 35 0
500 : 566 1253 30 32 0
501 : 755 689 40 24 0
502 : 373 223 52 18 0
503 : 839 118 57 17 0
504 : 930 769 25 39 1
505 : 674 584 23 42 1
506 : 95 449 21 45 1
507 : 901 278 49 19 0
508 : 560 1293 31 30 1
509 : 488 479 22 44 1
510 : 714 609 23 41 1
511 : 699 805 38 25 1
512 : 674 805 25 38 0
513 : 0 148 57 17 0
514 : 139 963 26 36 1
515 : 163 1173 28 33 1
516 : 755 609 23 41 1
517 : 554 278 50 19 0
518 : 388 1036 27 35 1
519 : 294 1036 27 35 1
520 : 307 769 24 39 1
521 : 601 1073 28 34 0
522 : 247 148 17 57 1
523 : 232 361 20 47 1
524 : 464 963 26 36 0
525 : 573 892 37 25 0
526 : 578 479 22 44 1
527 : 154 646 41 23 1
528 : 850 723 39 24 1
529 : 440 172 17 55 1
530 : 542 805 25 38 0
531 : 756 278 50 19 0
532 : 305 251 18 51 1
533 : 808 1173 29 33 0
534 : 421 1293 31 30 1
535 : 970 1173 29 33 0
536 : 674 1293 31 31 0
537 : 604 278 50 19 0
538 : 950 278 49 19 0
539 : 254 1213 32 29 1
540 : 760 723 24 39 0
541 : 773 518 22 43 1
542 : 844 418 45 21 0
543 : 815 1073 34 28 1
544 : 464 361 47 20 0
545 : 202 584 22 42 1
546 : 160 584 22 42 1
547 : 71 853 25 38 1
548 : 64 172 17 55 1
549 : 684 386 20 46 1
550 : 874 723 39 24 1
551 : 224 551 22 42 1
552 : 42 386 20 46 1
553 : 321 223 52 18 0
554 : 590 1293 30 31 0
555 : 900 1036 34 27 1
556 : 710 1073 34 28 1
557 : 443 892 37 25 0
558 : 68 1112 28 34 0
559 : 0 334 48 19 0
560 : 885 609 23 41 1
561 : 532 1213 29 32 0
562 : 768 892 37 25 0
563 : 417 361 47 20 0
564 : 369 449 21 44 1
565 : 486 118 57 16 0
566 : 594 1112 28 33 0
567 : 784 723 39 24 1
568 : 787 646 40 23 1
569 : 654 1112 28 33 0
570 : 0 1253 29 32 1
571 : 279 361 47 20 0
572 : 630 892 25 37 1
573 : 872 1001 35 27 0
574 : 591 646 23 40 0
575 : 182 769 24 39 1
576 : 0 75 15 60 1
577 : 390 963 26 36 0
578 : 751 963 26 35 0
579 : 369 1073 27 34 0
580 : 777 963 26 35 0
581 : 166 223 52 18 0
582 : 586 50 60 15 0
583 : 270 805 38 24 0
584 : 79 805 38 24 0
585 : 892 769 38 24 0
586 : 154 1213 29 32 0
587 : 248 418 45 20 0
588 : 519 251 18 51 1
589 : 354 518 22 43 1
590 : 60 75 60 15 0
591 : 262 302 49 19 0
592 : 358 278 18 50 1
593 : 274 1293 31 30 1
594 : 667 892 25 37 1
595 : 854 769 38 24 0
596 : 645 518 43 22 0
597 : 869 646 40 23 1
598 : 555 361 20 47 1
599 : 149 251 51 18 0
600 : 221 892 37 25 0
601 : 736 723 39 24 1
602 : 307 963 26 36 1
603 : 973 853 25 37 0
604 : 117 805 24 38 1
605 : 290 1112 33 27 1
606 : 587 1213 29 32 0
607 : 95 361 20 47 1
608 : 660 853 25 37 0
609 : 231 609 22 41 1
610 : 0 1293 31 30 0
611 : 824 963 35 26 1
612 : 84 723 23 39 1
613 : 620 302 19 48 1
614 : 306 479 21 44 1
615 : 311 302 49 19 0
616 : 936 646 23 40 0
617 : 750 75 15 59 1
618 : 547 1036 27 34 0
619 : 477 646 23 40 0
620 : 871 963 26 35 0
621 : 0 518 21 43 1
622 : 572 302 19 48 1
623 : 656 1253 31 29 1
624 : 596 1253 31 29 1
625 : 636 963 26 35 0
626 : 828 479 43 21 0
627 : 425 223 52 18 0
628 : 0 892 25 37 1
629 : 179 853 37 24 0
630 : 190 609 41 22 0
631 : 769 1112 33 28 1
632 : 539 1173 28 32 0
633 : 88 386 20 46 1
634 : 149 609 41 22 0
635 : 889 418 44 20 0
636 : 523 853 25 37 0
637 : 283 334 19 47 1
638 : 510 1073 27 33 0
639 : 858 551 41 21 0
640 : 750 805 37 24 1
641 : 0 361 47 19 0
642 : 479 723 39 23 1
643 : 820 1112 27 32 0
644 : 967 928 35 25 1
645 : 964 1001 26 34 0
646 : 182 551 42 21 0
647 : 0 1173 27 32 1
648 : 848 853 36 24 1
649 : 32 1173 27 32 1
650 : 64 1173 32 27 0
651 : 500 646 22 39 0
652 : 641 449 20 43 1
653 : 89 1253 30 28 0
654 : 131 1173 32 27 0
655 : 894 223 50 17 0
656 : 354 551 21 41 1
657 : 140 551 42 21 0
658 : 936 172 52 16 0
659 : 815 198 17 52 1
660 : 67 963 35 25 0
661 : 861 386 19 45 1
662 : 331 1293 29 30 0
663 : 678 646 22 39 0
664 : 740 1036 33 26 1
665 : 326 1173 27 32 1
666 : 358 1173 32 27 0
667 : 859 1293 29 29 0
668 : 795 584 21 40 1
669 : 707 853 36 24 1
670 : 969 892 35 24 1
671 : 583 769 23 37 1
672 : 748 646 22 39 0
673 : 839 251 17 50 1
674 : 546 769 23 37 1
675 : 843 1073 26 32 0
676 : 835 584 40 21 0
677 : 774 805 36 23 1
678 : 797 805 23 36 0
679 : 542 198 16 52 1
680 : 885 892 35 24 1
681 : 943 928 24 34 0
682 : 237 334 18 46 1
683 : 542 98 57 15 0
684 : 474 853 35 23 1
685 : 599 98 57 15 0
686 : 912 584 40 21 0
687 : 597 928 24 34 0
688 : 482 1253 28 30 0
689 : 745 892 23 35 0
690 : 436 198 52 16 0
691 : 603 118 56 15 0
692 : 827 334 46 18 0
693 : 784 1253 30 28 1
694 : 360 1293 28 29 0
695 : 506 278 17 48 1
696 : 945 98 15 55 1
697 : 707 198 52 16 0
698 : 943 23 57 14 0
699 : 828 98 56 14 0
700 : 722 118 15 56 1
701 : 941 805 23 36 0
702 : 299 118 56 15 0
703 : 271 223 16 50 1
704 : 423 1036 25 33 0
705 : 828 723 37 22 1
706 : 519 805 36 23 1
707 : 493 1036 33 25 1
708 : 542 1112 31 26 1
709 : 637 853 35 23 1
710 : 737 769 36 22 0
711 : 408 892 23 35 1
712 : 586 1001 24 33 1
713 : 723 172 52 15 0
714 : 662 1173 26 30 0
715 : 186 892 35 23 0
716 : 772 98 56 14 0
717 : 678 1213 30 27 1
718 : 690 551 20 40 1
719 : 589 963 33 24 1
720 : 541 386 44 18 0
721 : 568 1112 31 26 1
722 : 946 449 42 19 0
723 : 716 98 56 14 0
724 : 391 805 36 22 1
725 : 952 584 20 39 1
726 : 768 1073 31 25 1
727 : 486 98 14 56 1
728 : 109 853 22 35 1
729 : 970 723 21 36 0
730 : 836 1253 27 29 0
731 : 803 148 53 15 0
732 : 144 853 35 22 0
733 : 264 479 42 19 0
734 : 507 1293 27 28 0
735 : 912 853 34 22 1
736 : 914 1073 31 25 1
737 : 92 769 21 36 0
738 : 939 1073 31 25 1
739 : 154 278 16 48 1
740 : 480 334 17 45 1
741 : 56 1293 28 27 1
742 : 561 1213 29 26 1
743 : 975 1112 30 25 1
744 : 196 1173 25 30 0
745 : 883 928 33 23 1
746 : 219 646 37 20 1
747 : 620 1293 27 28 0
748 : 685 853 22 34 0
749 : 370 805 21 35 0
750 : 567 853 34 22 1
751 : 390 1173 25 30 0
752 : 513 928 33 23 1
753 : 304 1293 27 28 0
754 : 805 892 34 22 1
755 : 810 646 37 20 1
756 : 613 963 23 32 0
757 : 216 302 16 46 1
758 : 647 1293 27 27 0
759 : 662 963 23 32 0
760 : 830 646 20 37 0
761 : 654 278 16 47 1
762 : 237 928 22 33 1
763 : 733 518 40 19 0
764 : 0 251 48 15 0
765 : 0 1001 32 23 0
766 : 63 1001 32 23 0
767 : 856 148 52 14 0
768 : 947 892 22 33 0
769 : 119 172 14 52 1
770 : 553 172 14 51 1
771 : 410 723 36 20 1
772 : 511 361 44 17 0
773 : 518 418 42 17 0
774 : 415 251 48 15 0
775 : 760 1173 29 25 1
776 : 265 853 34 21 1
777 : 905 449 18 41 1
778 : 328 449 18 41 1
779 : 835 1036 24 31 0
780 : 304 148 53 14 0
781 : 173 928 33 22 0
782 : 269 518 40 18 0
783 : 949 1293 27 27 0
784 : 0 609 38 19 0
785 : 539 963 32 23 1
786 : 338 853 34 21 1
787 : 751 148 52 14 0
788 : 385 853 21 34 0
789 : 102 928 22 33 1
790 : 406 853 21 34 0
791 : 685 963 32 23 1
792 : 454 928 22 32 0
793 : 96 1112 30 24 1
794 : 755 418 17 41 1
795 : 386 198 14 50 1
796 : 155 805 35 21 0
797 : 711 1173 25 29 0
798 : 460 278 46 15 0
799 : 284 723 20 36 0
800 : 540 1253 28 26 1
801 : 427 853 34 21 1
802 : 972 609 19 37 0
803 : 484 551 18 38 1
804 : 899 518 18 39 1
805 : 145 1073 23 30 0
806 : 101 251 15 48 1
807 : 287 449 17 41 1
808 : 291 1001 31 22 0
809 : 336 198 50 14 0
810 : 45 805 34 20 0
811 : 334 418 17 42 1
812 : 529 148 52 13 0
813 : 365 1036 31 23 1
814 : 667 418 41 17 0
815 : 898 723 20 35 0
816 : 70 928 21 32 1
817 : 677 609 37 19 0
818 : 555 449 40 17 0
819 : 111 198 14 50 1
820 : 517 963 31 22 1
821 : 382 334 16 44 1
822 : 794 361 16 43 1
823 : 837 361 16 43 1
824 : 638 1173 24 28 0
825 : 534 1293 26 27 0
826 : 878 1112 29 24 1
827 : 95 1213 28 24 1
828 : 31 1330 26 26 0
829 : 808 723 20 35 0
830 : 837 1173 24 28 0
831 : 640 148 13 52 1
832 : 328 172 13 51 1
833 : 716 584 18 37 1
834 : 729 963 22 31 0
835 : 499 386 16 42 1
836 : 850 646 19 36 0
837 : 142 334 15 44 1
838 : 0 928 32 21 0
839 : 897 963 31 22 1
840 : 369 689 19 35 1
841 : 168 1073 30 23 1
842 : 944 223 47 14 0
843 : 45 1112 23 29 0
844 : 863 1253 27 25 1
845 : 32 1001 31 22 0
846 : 875 584 18 37 1
847 : 477 223 48 14 0
848 : 293 418 41 16 0
849 : 861 1173 28 24 1
850 : 569 551 18 38 1
851 : 186 518 17 39 1
852 : 722 1253 27 25 1
853 : 659 646 36 19 1
854 : 37 1213 28 24 1
855 : 792 251 14 47 1
856 : 827 892 21 32 0
857 : 775 172 50 13 0
858 : 820 551 38 18 0
859 : 567 1173 28 24 1
860 : 591 1173 28 24 1
861 : 525 223 14 48 1
862 : 819 386 16 42 1
863 : 573 223 14 48 1
864 : 784 334 15 43 1
865 : 736 1173 24 28 0
866 : 175 963 31 21 0
867 : 206 963 31 21 0
868 : 954 118 14 46 1
869 : 108 1293 25 26 0
870 : 594 805 33 20 1
871 : 65 1253 24 27 0
872 : 31 1293 26 25 1
873 : 964 1073 29 23 1
874 : 201 646 36 18 1
875 : 670 723 34 19 1
876 : 730 386 42 16 0
877 : 682 1112 28 23 1
878 : 869 1073 23 29 0
879 : 614 805 20 33 0
880 : 402 1253 27 25 1
881 : 183 1213 27 24 1
882 : 433 928 31 21 1
883 : 689 723 34 19 1
884 : 634 805 20 33 0
885 : 207 1213 27 24 1
886 : 957 689 35 19 0
887 : 736 1001 30 22 1
888 : 933 302 15 44 1
889 : 37 1036 22 30 1
890 : 654 805 33 20 1
891 : 877 689 35 19 0
892 : 326 361 15 42 1
893 : 168 1293 26 25 1
894 : 850 963 21 30 0
895 : 83 1293 25 26 0
896 : 283 1213 27 24 1
897 : 450 1173 28 23 1
898 : 684 449 16 39 1
899 : 277 172 13 51 1
900 : 171 172 13 51 1
901 : 959 963 30 21 1
902 : 873 334 43 15 0
903 : 806 278 14 45 1
904 : 576 928 31 21 1
905 : 98 334 44 15 0
906 : 522 646 18 35 0
907 : 785 1173 27 23 1
908 : 309 646 18 35 0
909 : 305 1253 24 26 0
910 : 458 1253 24 26 0
911 : 668 1036 22 29 0
912 : 797 1112 23 28 0
913 : 528 609 36 18 1
914 : 265 646 35 18 1
915 : 610 892 32 20 1
916 : 322 1001 21 30 0
917 : 123 1073 29 22 1
918 : 892 1073 28 22 1
919 : 249 1293 25 26 0
920 : 620 769 33 19 1
921 : 690 1036 29 22 1
922 : 812 1253 24 26 0
923 : 639 769 19 33 0
924 : 120 1112 28 22 1
925 : 163 769 34 19 1
926 : 206 928 31 20 0
927 : 885 1173 23 27 0
928 : 149 689 35 18 0
929 : 924 1253 26 24 1
930 : 119 1253 24 26 0
931 : 861 518 17 38 1
932 : 178 1253 24 26 0
933 : 654 361 15 42 1
934 : 607 551 37 17 0
935 : 615 1173 27 23 1
936 : 880 361 15 42 1
937 : 61 479 16 39 1
938 : 730 551 37 17 0
939 : 688 1173 23 27 0
940 : 968 479 38 16 1
941 : 922 361 42 15 0
942 : 659 1073 28 22 1
943 : 621 223 13 47 1
944 : 115 892 20 32 1
945 : 737 1293 25 25 0
946 : 678 689 34 18 0
947 : 977 302 32 19 1
948 : 0 386 15 42 1
949 : 708 963 30 21 1
950 : 190 361 15 42 1
951 : 39 853 32 19 0
952 : 984 479 38 16 1
953 : 803 963 30 21 1
954 : 63 223 48 13 0
955 : 86 584 37 17 0
956 : 793 1073 28 22 1
957 : 376 892 32 20 0
958 : 964 334 36 17 0
959 : 123 584 37 17 0
960 : 969 769 19 33 0
961 : 863 928 20 30 0
962 : 851 1001 29 21 1
963 : 451 1293 25 24 1
964 : 231 1213 23 26 0
965 : 346 769 18 33 0
966 : 964 361 36 17 0
967 : 327 1073 21 28 0
968 : 307 1213 26 23 1
969 : 225 1293 25 24 1
970 : 963 148 37 16 0
971 : 360 609 36 17 1
972 : 0 963 20 30 1
973 : 524 689 18 34 0
974 : 472 1213 23 26 0
975 : 348 1073 21 28 0
976 : 404 689 34 18 0
977 : 666 479 38 16 1
978 : 423 609 17 36 0
979 : 830 1001 29 21 1
980 : 616 1213 26 23 1
981 : 417 646 17 34 0
982 : 396 1073 28 21 1
983 : 404 769 33 18 1
984 : 417 1073 28 21 1
985 : 434 646 17 34 0
986 : 277 963 30 20 0
987 : 980 963 29 20 1
988 : 438 1073 21 28 0
989 : 395 928 30 19 1
990 : 976 1293 24 24 0
991 : 770 646 34 17 1
992 : 566 1001 20 29 0
993 : 548 853 31 19 1
994 : 888 1293 24 24 0
995 : 489 1073 21 28 0
996 : 414 928 30 19 1
997 : 944 1001 28 20 1
998 : 473 1173 22 27 0
999 : 956 50 13 44 1
