135 389
0 : 0 339 29 18 0
1 : 0 283 49 16 0
2 : 0 357 29 16 0
3 : 0 68 75 21 0
4 : 56 357 23 16 0
5 : 0 36 88 16 0
6 : 58 207 57 18 0
7 : 93 16 42 21 0
8 : 0 299 45 16 0
9 : 0 189 61 18 0
10 : 102 265 29 20 0
11 : 0 107 67 26 0
12 : 0 265 52 16 0
13 : 0 16 93 20 0
14 : 79 357 22 16 0
15 : 114 339 19 16 0
16 : 45 299 36 20 0
17 : 54 227 55 16 0
18 : 0 0 135 16 0
19 : 52 265 50 18 0
20 : 74 321 31 16 0
21 : 0 247 53 16 0
22 : 115 299 22 18 1
23 : 71 171 62 18 0
24 : 76 89 58 21 0
25 : 0 171 71 16 0
26 : 49 283 45 16 0
27 : 0 52 85 16 0
28 : 0 321 39 16 0
29 : 94 283 40 18 0
30 : 109 227 20 21 1
31 : 61 189 63 16 0
32 : 53 247 51 18 0
33 : 71 153 63 18 0
34 : 29 339 29 16 0
35 : 0 133 73 20 0
36 : 115 207 19 16 1
37 : 58 339 29 16 0
38 : 88 36 47 20 0
39 : 105 321 29 18 0
40 : 85 52 50 21 0
41 : 81 299 34 22 0
42 : 0 227 54 20 0
43 : 73 133 62 20 0
44 : 104 247 30 21 0
45 : 87 339 27 18 0
46 : 0 373 16 16 0
47 : 101 357 19 16 0
48 : 29 357 27 16 0
49 : 67 107 66 18 0
50 : 75 68 53 34 0
51 : 0 89 76 18 0
52 : 0 153 71 18 0
53 : 0 207 58 20 0
54 : 39 321 35 16 0
