100 2121
0 : 0 0 1 74 1
1 : 0 1 24 88 1
2 : 0 25 16 77 1
3 : 0 41 98 7 0
4 : 0 48 9 81 1
5 : 0 57 22 71 1
6 : 0 79 29 88 1
7 : 0 108 100 39 0
8 : 0 147 85 45 0
9 : 0 192 31 98 1
10 : 0 223 68 11 0
11 : 0 234 16 88 1
12 : 0 250 9 86 1
13 : 0 259 67 46 0
14 : 0 305 41 66 1
15 : 0 346 92 87 0
16 : 92 346 1 83 0
17 : 0 433 35 70 1
18 : 0 468 39 67 1
19 : 0 507 31 68 1
20 : 0 538 5 88 1
21 : 0 543 30 86 1
22 : 0 573 99 65 0
23 : 0 638 32 88 1
24 : 0 670 21 66 1
25 : 0 691 36 75 1
26 : 0 727 21 93 1
27 : 0 748 44 81 1
28 : 0 792 48 87 1
29 : 87 792 4 10 0
30 : 0 840 53 76 1
31 : 0 893 17 83 1
32 : 0 910 37 24 0
33 : 0 934 33 78 1
34 : 0 967 49 82 1
35 : 0 1016 52 88 1
36 : 0 1068 38 28 0
37 : 0 1096 25 91 1
38 : 0 1121 5 89 1
39 : 0 1126 50 75 1
40 : 0 1176 1 96 1
41 : 0 1177 27 78 1
42 : 0 1204 82 6 0
43 : 82 1204 8 1 0
44 : 0 1210 25 80 1
45 : 0 1235 42 73 1
46 : 0 1277 4 92 1
47 : 0 1281 29 100 1
48 : 0 1310 10 72 1
49 : 0 1320 78 15 0
50 : 0 1335 45 89 1
51 : 0 1380 60 58 0
52 : 0 1438 8 73 1
53 : 0 1446 6 87 1
54 : 0 1452 48 93 1
55 : 0 1500 4 87 1
56 : 0 1504 17 81 1
57 : 0 1521 5 71 1
58 : 0 1526 13 71 1
59 : 0 1539 10 75 1
60 : 0 1549 38 98 1
61 : 0 1587 66 98 1
62 : 0 1653 40 92 1
63 : 0 1693 84 10 0
64 : 0 1703 20 88 1
65 : 0 1723 39 100 1
66 : 0 1762 28 30 1
67 : 0 1790 5 77 1
68 : 0 1795 14 86 1
69 : 0 1809 24 12 0
70 : 24 1809 28 33 1
71 : 0 1837 46 90 1
72 : 0 1883 20 92 1
73 : 0 1903 69 86 1
74 : 0 1972 40 98 1
75 : 0 2012 48 76 1
76 : 0 2060 37 72 1
77 : 72 2060 28 22 1
78 : 0 2097 13 82 1
79 : 0 2110 11 70 1
