40400 65388
0 : 8067 33560 4629 1596 1
1 : 17400 38730 2919 783 1
2 : 0 18640 8067 1832 0
3 : 29917 20782 7180 2974 0
4 : 3139 62414 1685 1708 0
5 : 39097 38730 2029 601 1
6 : 15046 5222 15046 7040 0
7 : 27797 54851 6726 7039 0
8 : 26666 33560 7958 5170 0
9 : 14987 54851 3621 4223 0
10 : 0 38730 4358 6846 1
11 : 22441 18640 6272 1268 0
12 : 6171 20782 6171 1473 0
13 : 16151 38730 3448 1249 1
14 : 6978 27171 6389 10170 1
15 : 10798 33560 7910 5092 0
16 : 10744 12262 4629 11306 1
17 : 26518 54851 1279 1621 0
18 : 30423 27171 3529 6846 1
19 : 11870 54851 3770 3117 1
20 : 8693 54851 3924 3177 1
21 : 18183 38730 2672 556 1
22 : 15046 0 15046 5222 0
23 : 34523 54851 2050 2287 0
24 : 18708 33560 7958 5152 0
25 : 32911 45108 1063 2033 0
26 : 37097 20782 1823 5782 0
27 : 0 45108 4047 5429 1
28 : 28713 18640 6416 1491 0
29 : 14685 45108 859 2104 0
30 : 22050 12262 6378 12850 1
31 : 0 12262 10744 2912 0
32 : 11522 38730 4629 2353 0
33 : 18739 38730 2919 838 1
34 : 0 33560 8067 5014 0
35 : 0 62414 3139 2974 0
36 : 36573 54851 1685 1469 1
37 : 15544 45108 2029 824 1
38 : 0 5222 15046 5406 0
39 : 23697 27171 6726 3329 0
40 : 5429 45108 7958 9256 1
41 : 37269 27171 1080 4223 0
42 : 12342 20782 2407 6846 1
43 : 27615 45108 6272 5296 1
44 : 0 20782 6171 1375 0
45 : 4824 62414 1253 1249 1
46 : 19188 20782 6389 10729 1
47 : 18608 54851 7910 7563 0
48 : 19577 38730 4629 6465 1
49 : 16368 45108 503 1621 0
50 : 0 54851 7629 6846 0
51 : 17148 27171 6549 3117 0
52 : 0 27171 6978 3177 0
53 : 26042 38730 2672 869 1
54 : 0 0 15046 3231 0
55 : 6846 38730 4676 2287 0
56 : 8067 18640 7958 2142 0
57 : 37064 38730 3638 2033 1
58 : 7629 54851 1823 1064 1
59 : 9663 33560 4047 1135 1
60 : 16025 18640 6416 1357 0
61 : 26911 38730 3842 2104 1
62 : 29015 38730 6378 8049 1
63 : 16871 45108 10744 9743 0
