200 220
0 : 0 212 8 47 1
1 : 53 123 143 26 0
2 : 0 196 16 107 1
3 : 0 90 33 95 1
4 : 184 150 5 21 0
5 : 129 0 54 40 0
6 : 107 196 84 15 0
7 : 172 90 32 25 1
8 : 77 0 52 45 0
9 : 151 150 13 39 0
10 : 65 174 86 20 0
11 : 0 0 50 77 1
12 : 95 90 77 31 0
13 : 0 150 24 74 1
14 : 164 185 11 12 1
15 : 0 174 22 65 1
16 : 0 123 27 53 1
17 : 183 0 14 46 0
18 : 129 40 17 9 0
19 : 176 73 15 21 1
20 : 146 40 31 6 0
21 : 176 150 8 38 0
22 : 74 150 23 77 1
23 : 164 150 12 35 0
24 : 151 189 5 12 1
25 : 176 50 20 23 0
26 : 0 50 73 40 0
27 : 73 50 40 39 1
28 : 112 50 64 37 0
