100 1255
0 : 0 0 17 90 1
1 : 0 17 68 76 1
2 : 76 17 14 68 0
3 : 0 85 22 76 1
4 : 0 107 38 83 1
5 : 0 145 29 87 1
6 : 0 174 40 100 1
7 : 0 214 39 83 1
8 : 0 253 69 77 1
9 : 0 322 1 99 1
10 : 0 323 77 57 0
11 : 0 380 17 100 1
12 : 0 397 13 94 1
13 : 0 410 90 27 0
14 : 0 437 27 84 1
15 : 0 464 56 83 1
16 : 0 520 78 16 0
17 : 0 536 31 78 1
18 : 0 567 38 71 1
19 : 0 605 8 86 1
20 : 0 613 90 3 0
21 : 0 616 38 79 1
22 : 0 654 10 66 1
23 : 0 664 21 92 1
24 : 0 685 14 66 1
25 : 0 699 7 89 1
26 : 0 706 45 68 1
27 : 0 751 46 70 1
28 : 0 797 4 73 1
29 : 0 801 38 72 1
30 : 0 839 41 80 1
31 : 0 880 82 89 1
32 : 0 962 6 88 1
33 : 0 968 30 98 1
34 : 0 998 99 48 0
35 : 0 1046 30 87 1
36 : 0 1076 19 77 1
37 : 0 1095 83 95 1
38 : 0 1178 78 37 0
39 : 0 1215 40 91 1
