135 464
0 : 90 268 29 18 0
1 : 52 384 49 16 0
2 : 0 432 29 16 0
3 : 34 34 75 21 0
4 : 56 432 23 16 0
5 : 0 320 88 16 0
6 : 0 250 57 18 0
7 : 0 77 42 21 0
8 : 0 400 45 16 0
9 : 62 232 61 18 0
10 : 83 158 29 20 0
11 : 53 0 67 26 0
12 : 0 384 52 16 0
13 : 0 98 93 20 0
14 : 79 432 22 16 0
15 : 0 448 19 16 0
16 : 47 158 36 20 0
17 : 0 368 55 16 0
18 : 0 304 135 16 0
19 : 0 268 50 18 0
20 : 35 416 31 16 0
21 : 55 368 53 16 0
22 : 56 286 22 18 0
23 : 0 232 62 18 0
24 : 0 56 58 21 0
25 : 0 352 71 16 0
26 : 45 400 45 16 0
27 : 0 336 85 16 0
28 : 90 400 39 16 0
29 : 50 268 40 18 0
30 : 112 158 20 21 1
31 : 71 352 63 16 0
32 : 57 250 51 18 0
33 : 66 214 63 18 0
34 : 66 416 29 16 0
35 : 0 118 73 20 0
36 : 101 432 19 16 0
37 : 95 416 29 16 0
38 : 0 158 47 20 0
39 : 0 286 29 18 0
40 : 58 56 50 21 0
41 : 0 34 34 22 0
42 : 58 138 54 20 0
43 : 73 118 62 20 0
44 : 42 77 30 21 0
45 : 29 286 27 18 0
46 : 38 448 16 16 0
47 : 19 448 19 16 0
48 : 29 432 27 16 0
49 : 0 214 66 18 0
50 : 0 0 53 34 0
51 : 0 178 76 18 0
52 : 0 196 71 18 0
53 : 0 138 58 20 0
54 : 0 416 35 16 0
