200 265
0 : 151 75 8 47 1
1 : 0 0 143 26 0
2 : 0 26 16 107 1
3 : 86 42 33 95 1
4 : 189 0 5 21 0
5 : 117 180 54 40 0
6 : 107 26 84 15 0
7 : 175 130 32 25 1
8 : 0 220 52 45 0
9 : 150 130 13 39 0
10 : 0 42 86 20 0
11 : 73 130 50 77 1
12 : 0 99 77 31 0
13 : 77 75 24 74 1
14 : 52 220 11 12 0
15 : 77 99 22 65 1
16 : 64 180 27 53 1
17 : 143 0 14 46 1
18 : 187 42 17 9 1
19 : 180 99 15 21 0
20 : 181 42 31 6 1
21 : 142 99 8 38 1
22 : 0 75 23 77 1
23 : 163 130 12 35 0
24 : 194 0 5 12 0
25 : 171 180 20 23 0
26 : 0 130 73 40 0
27 : 63 220 40 39 1
28 : 0 180 64 37 0
