40400 51678
0 : 4676 47425 4629 1596 0
1 : 33692 47425 2919 783 1
2 : 21864 40919 8067 1832 0
3 : 0 40919 7180 2974 0
4 : 35344 47425 1685 1708 0
5 : 39685 29101 2029 601 1
6 : 0 0 15046 7040 0
7 : 0 29101 6726 7039 1
8 : 17783 29101 7958 5170 0
9 : 36647 35827 3621 4223 0
10 : 15977 35827 4358 6846 1
11 : 24970 44248 6272 1268 0
12 : 6846 44248 6171 1473 0
13 : 28194 47425 3448 1249 0
14 : 25775 15149 6389 10170 1
15 : 8067 35827 7910 5092 0
16 : 0 21538 4629 11306 1
17 : 2104 50399 1279 1621 1
18 : 22823 35827 3529 6846 1
19 : 36480 40919 3770 3117 0
20 : 31242 44248 3924 3177 0
21 : 39795 44248 2672 556 1
22 : 15046 9743 15046 5222 0
23 : 31642 47425 2050 2287 0
24 : 25741 29101 7958 5152 0
25 : 38498 47425 1063 2033 0
26 : 13017 44248 1823 5782 1
27 : 35945 15149 4047 5429 0
28 : 38640 0 6416 1491 1
29 : 0 50399 859 2104 1
30 : 25790 0 6378 12850 1
31 : 7039 29101 10744 2912 0
32 : 35166 44248 4629 2353 0
33 : 39348 9743 2919 838 1
34 : 0 35827 8067 5014 0
35 : 9305 47425 3139 2974 0
36 : 37029 47425 1685 1469 1
37 : 39561 47425 2029 824 1
38 : 0 9743 15046 5406 0
39 : 15138 40919 6726 3329 0
40 : 30092 9743 7958 9256 1
41 : 19924 47425 1080 4223 1
42 : 0 44248 2407 6846 1
43 : 34894 21538 6272 5296 1
44 : 18799 44248 6171 1375 0
45 : 5548 50399 1253 1249 1
46 : 15046 15149 6389 10729 1
47 : 11306 21538 7910 7563 0
48 : 33699 29101 4629 6465 0
49 : 6797 50399 503 1621 1
50 : 19216 21538 7629 6846 0
51 : 29931 40919 6549 3117 0
52 : 29669 35827 6978 3177 0
53 : 34475 47425 2672 869 1
54 : 0 15149 15046 3231 0
55 : 0 47425 4676 2287 0
56 : 7180 40919 7958 2142 0
57 : 16286 47425 3638 2033 0
58 : 3725 50399 1823 1064 0
59 : 24147 47425 4047 1135 0
60 : 38328 29101 6416 1357 1
61 : 12444 47425 3842 2104 0
62 : 26845 21538 6378 8049 1
63 : 15046 0 10744 9743 0
