35 440
0 : 0 416 12 10 0
1 : 0 434 2 31 1
2 : 25 403 10 13 0
3 : 16 161 16 16 0
4 : 0 177 16 16 0
5 : 16 177 16 16 0
6 : 0 193 16 16 0
7 : 32 209 2 15 0
8 : 28 388 8 7 1
9 : 0 403 13 13 0
10 : 16 209 16 16 0
11 : 28 416 8 7 1
12 : 16 225 16 16 0
13 : 12 416 16 7 0
14 : 0 241 16 16 0
15 : 16 328 16 15 0
16 : 0 388 15 15 0
17 : 0 119 24 21 0
18 : 0 439 1 26 1
19 : 0 257 16 16 0
20 : 24 32 11 14 0
21 : 0 140 24 21 0
22 : 0 343 16 15 0
23 : 16 273 16 16 0
24 : 0 289 16 16 0
25 : 27 426 7 7 0
26 : 0 305 16 16 0
27 : 15 388 13 14 0
28 : 16 343 16 15 0
29 : 32 225 2 7 0
30 : 10 426 8 10 1
31 : 24 56 13 11 1
32 : 0 358 16 15 0
33 : 13 403 13 12 1
34 : 0 161 16 16 0
35 : 0 273 16 16 0
36 : 34 119 1 1 0
37 : 32 193 2 16 0
38 : 24 119 12 10 1
39 : 0 426 8 10 1
40 : 24 140 12 10 1
41 : 0 32 24 24 0
42 : 16 358 16 15 0
43 : 0 373 16 15 0
44 : 0 0 32 32 0
45 : 20 426 7 7 0
46 : 32 0 3 22 0
47 : 16 289 16 16 0
48 : 16 257 16 16 0
49 : 0 321 35 7 0
50 : 16 241 16 16 0
51 : 0 436 3 19 1
52 : 32 161 3 15 0
53 : 0 98 24 21 0
54 : 0 225 16 16 0
55 : 16 373 16 15 0
56 : 16 193 16 16 0
57 : 0 209 16 16 0
58 : 24 77 11 11 0
59 : 16 305 16 15 1
60 : 24 98 11 11 0
61 : 0 77 24 21 0
62 : 0 56 24 21 0
63 : 0 328 16 15 0
64 : 32 177 3 11 0
