200 335
0 : 0 44 110 32 0
1 : 57 242 12 33 1
2 : 0 96 78 15 0
3 : 62 130 62 18 0
4 : 76 183 16 53 1
5 : 0 183 37 76 1
6 : 0 30 14 97 1
7 : 127 242 28 43 1
8 : 48 297 16 9 1
9 : 57 297 15 22 0
10 : 121 111 64 19 0
11 : 133 297 10 13 0
12 : 30 242 4 27 1
13 : 146 297 12 13 0
14 : 143 297 3 6 0
15 : 170 242 7 22 0
16 : 0 111 67 16 0
17 : 133 270 27 14 0
18 : 58 220 13 41 1
19 : 0 148 78 35 0
20 : 0 0 30 115 1
21 : 67 111 8 54 1
22 : 92 76 20 91 1
23 : 158 297 6 6 0
24 : 78 96 72 12 0
25 : 0 76 15 92 1
26 : 0 220 22 58 1
27 : 160 270 19 6 1
28 : 0 297 38 48 1
29 : 78 148 21 61 1
30 : 99 220 10 38 1
31 : 137 220 22 47 1
32 : 0 270 22 37 1
33 : 0 242 5 30 1
34 : 109 297 5 9 0
35 : 171 270 3 15 0
36 : 123 270 24 10 1
37 : 90 242 20 37 1
38 : 72 297 18 13 1
39 : 114 297 23 19 1
40 : 82 270 41 27 0
41 : 166 270 18 5 1
42 : 103 297 6 11 0
43 : 37 270 39 24 0
44 : 76 270 21 6 1
45 : 0 130 62 17 0
46 : 85 297 20 15 1
47 : 100 297 3 8 0
48 : 129 183 44 7 0
