1000 10430
0 : 0 6357 340 857 1
1 : 0 10220 104 178 1
2 : 0 5018 943 389 0
3 : 0 8266 189 491 1
4 : 338 10074 146 162 1
5 : 0 9999 33 963 1
6 : 0 9296 497 135 0
7 : 0 3605 652 992 1
8 : 0 9033 121 598 1
9 : 0 10032 42 727 1
10 : 0 9154 142 505 1
11 : 590 10339 24 83 1
12 : 0 7861 150 776 1
13 : 0 9615 49 921 1
14 : 0 5407 493 677 1
15 : 0 8948 85 886 1
16 : 233 9664 421 99 0
17 : 0 980 970 933 0
18 : 0 7213 252 738 1
19 : 0 7465 561 246 0
20 : 0 2826 882 779 0
21 : 283 10420 298 2 0
22 : 538 8675 452 169 0
23 : 0 10339 253 49 0
24 : 0 10074 338 87 0
25 : 253 10339 81 148 1
26 : 500 10074 59 375 1
27 : 0 5900 457 647 1
28 : 401 10339 12 189 1
29 : 0 10420 8 169 1
30 : 0 9664 191 233 1
31 : 0 8590 85 947 1
32 : 0 8455 629 135 0
33 : 0 8011 965 107 0
34 : 0 9855 359 109 0
35 : 0 9431 840 67 0
36 : 0 8675 538 142 0
37 : 0 8844 104 726 1
38 : 0 10324 15 871 1
39 : 359 9855 144 230 1
40 : 169 10420 10 114 1
41 : 0 4257 761 761 0
42 : 0 0 984 980 0
43 : 0 9498 408 117 0
44 : 673 10339 9 189 1
45 : 0 1913 931 913 0
46 : 0 6697 516 536 1
47 : 0 7711 150 906 1
48 : 0 8118 689 148 0
49 : 178 10220 103 146 1
