247 641
0 : 213 165 39 27 1
1 : 207 205 41 33 1
2 : 100 565 46 17 0
3 : 138 599 33 17 0
4 : 224 440 27 17 1
5 : 152 287 88 17 0
6 : 215 548 31 17 0
7 : 0 582 43 17 0
8 : 0 165 213 40 0
9 : 204 599 33 17 0
10 : 62 624 29 17 0
11 : 201 396 45 27 0
12 : 67 521 57 27 0
13 : 75 599 36 17 0
14 : 0 423 102 17 0
15 : 207 582 39 17 0
16 : 0 81 240 40 0
17 : 111 599 25 27 1
18 : 0 440 82 17 0
19 : 56 548 54 17 0
20 : 120 624 24 17 0
21 : 171 599 33 17 0
22 : 112 347 117 33 0
23 : 127 494 67 17 0
24 : 146 314 99 27 0
25 : 128 582 40 17 0
26 : 0 39 244 42 0
27 : 0 599 38 17 0
28 : 0 314 146 33 0
29 : 102 423 82 17 0
30 : 0 565 50 17 0
31 : 31 624 31 17 0
32 : 0 121 224 44 0
33 : 38 599 37 17 0
34 : 152 249 88 38 0
35 : 0 205 207 44 0
36 : 0 249 152 65 0
37 : 0 396 103 27 0
38 : 69 494 58 27 0
39 : 152 467 61 27 0
40 : 153 440 71 27 0
41 : 229 347 47 17 1
42 : 103 396 98 27 0
43 : 76 467 76 17 0
44 : 194 494 50 27 0
45 : 0 521 67 17 0
46 : 0 0 247 39 0
47 : 164 624 17 17 0
48 : 168 582 39 17 0
49 : 0 624 31 17 0
50 : 112 380 15 17 1
51 : 110 548 53 17 0
52 : 0 347 112 49 0
53 : 0 467 76 17 0
54 : 146 565 46 17 0
55 : 43 582 43 17 0
56 : 0 494 69 17 0
57 : 192 565 45 17 0
58 : 91 624 29 17 0
59 : 82 440 71 27 0
60 : 224 121 44 17 1
61 : 184 521 60 17 0
62 : 0 548 56 17 0
63 : 144 624 20 17 0
64 : 50 565 50 17 0
65 : 124 521 60 17 0
66 : 184 423 63 17 0
67 : 86 582 42 17 0
68 : 213 467 34 27 0
69 : 163 548 52 17 0
