35 468
0 : 24 50 12 10 1
1 : 0 0 2 31 1
2 : 16 19 10 13 1
3 : 16 220 16 16 0
4 : 0 236 16 16 0
5 : 16 436 16 16 0
6 : 0 436 16 16 0
7 : 0 16 2 15 1
8 : 21 134 8 7 1
9 : 0 388 13 13 0
10 : 16 372 16 16 0
11 : 28 134 8 7 1
12 : 0 372 16 16 0
13 : 0 19 16 7 0
14 : 0 356 16 16 0
15 : 0 160 16 15 0
16 : 16 340 15 15 0
17 : 0 92 24 21 0
18 : 0 9 1 26 1
19 : 16 292 16 16 0
20 : 24 29 11 14 0
21 : 0 113 24 21 0
22 : 16 160 16 15 0
23 : 16 236 16 16 0
24 : 0 252 16 16 0
25 : 27 420 7 7 0
26 : 0 420 16 16 0
27 : 0 175 13 14 1
28 : 14 175 16 15 0
29 : 26 9 2 7 1
30 : 24 113 8 10 0
31 : 0 134 13 11 0
32 : 0 190 16 15 0
33 : 16 190 13 12 1
34 : 16 252 16 16 0
35 : 0 292 16 16 0
36 : 34 50 1 1 0
37 : 19 13 2 16 1
38 : 24 92 12 10 1
39 : 13 134 8 10 0
40 : 24 71 12 10 1
41 : 0 268 24 24 0
42 : 0 205 16 15 0
43 : 16 205 16 15 0
44 : 0 308 32 32 0
45 : 28 190 7 7 0
46 : 0 10 3 22 1
47 : 0 340 16 16 0
48 : 0 404 16 16 0
49 : 0 2 35 7 0
50 : 16 356 16 16 0
51 : 0 13 3 19 1
52 : 15 16 3 15 1
53 : 0 71 24 21 0
54 : 13 388 16 16 0
55 : 0 220 16 15 0
56 : 0 452 16 16 0
57 : 16 404 16 16 0
58 : 24 268 11 11 0
59 : 0 145 16 15 0
60 : 16 420 11 11 0
61 : 0 50 24 21 0
62 : 0 29 24 21 0
63 : 16 145 16 15 0
64 : 22 10 3 11 1
