100 2014
0 : 0 58 1 74 1
1 : 0 302 24 88 1
2 : 0 368 16 77 1
3 : 0 1 98 7 0
4 : 0 78 9 81 1
5 : 0 758 22 71 1
6 : 0 511 29 88 1
7 : 0 423 100 39 0
8 : 0 973 85 45 0
9 : 0 206 31 98 1
10 : 0 593 68 11 0
11 : 0 108 16 88 1
12 : 0 33 9 86 1
13 : 0 1754 67 46 0
14 : 0 1610 41 66 1
15 : 0 1869 92 87 0
16 : 0 26 1 83 1
17 : 0 1229 35 70 1
18 : 0 1523 39 67 1
19 : 0 1146 31 68 1
20 : 0 17 5 88 1
21 : 0 604 30 86 1
22 : 0 1301 99 65 0
23 : 0 634 32 88 1
24 : 0 813 21 66 1
25 : 0 1018 36 75 1
26 : 0 87 21 93 1
27 : 0 1102 44 81 1
28 : 0 1054 48 87 1
29 : 87 22 4 10 1
30 : 0 1701 53 76 1
31 : 0 267 17 83 1
32 : 72 1264 37 24 1
33 : 0 780 33 78 1
34 : 0 1366 49 82 1
35 : 0 1177 52 88 1
36 : 67 1523 38 28 1
37 : 0 242 25 91 1
38 : 0 12 5 89 1
39 : 0 1651 50 75 1
40 : 0 0 1 96 1
41 : 0 731 27 78 1
42 : 0 42 82 6 0
43 : 83 26 8 1 0
44 : 0 666 25 80 1
45 : 0 1481 42 73 1
46 : 0 8 4 92 1
47 : 0 144 29 100 1
48 : 0 358 10 72 1
49 : 0 343 78 15 0
50 : 0 882 45 89 1
51 : 0 1956 60 58 0
52 : 0 294 8 73 1
53 : 0 27 6 87 1
54 : 0 834 48 93 1
55 : 0 22 4 87 1
56 : 0 326 17 81 1
57 : 0 237 5 71 1
58 : 0 580 13 71 1
59 : 0 284 10 75 1
60 : 0 462 38 98 1
61 : 0 1415 66 98 1
62 : 0 691 40 92 1
63 : 0 48 84 10 0
64 : 0 186 20 88 1
65 : 0 384 39 100 1
66 : 70 500 28 30 1
67 : 0 73 5 77 1
68 : 0 59 14 86 1
69 : 74 58 24 12 0
70 : 66 813 28 33 1
71 : 0 927 46 90 1
72 : 0 124 20 92 1
73 : 0 1800 69 86 1
74 : 0 540 40 98 1
75 : 0 1562 48 76 1
76 : 0 1264 37 72 1
77 : 71 237 28 22 0
78 : 0 173 13 82 1
79 : 0 500 11 70 1
