1000 32960
0 : 0 11502 602 738 1
1 : 0 6312 897 620 0
2 : 0 8723 743 708 0
3 : 0 30818 308 409 1
4 : 0 27507 447 477 1
5 : 0 32519 421 71 0
6 : 627 32308 167 331 1
7 : 0 29746 667 149 0
8 : 0 15342 792 493 0
9 : 0 30133 190 567 1
10 : 0 24904 320 711 1
11 : 0 9431 891 518 0
12 : 0 13733 750 559 0
13 : 360 31310 220 428 1
14 : 307 32855 10 55 0
15 : 0 16463 990 287 0
16 : 0 0 986 840 0
17 : 477 27507 482 431 0
18 : 0 28468 393 471 1
19 : 0 31126 524 139 0
20 : 0 23330 963 110 0
21 : 0 5758 554 971 1
22 : 0 29895 143 657 1
23 : 0 16750 621 642 1
24 : 0 15835 628 649 1
25 : 0 9949 633 770 1
26 : 524 31126 473 184 0
27 : 0 29012 729 109 0
28 : 0 26034 601 395 0
29 : 0 28861 151 693 1
30 : 616 31604 342 281 0
31 : 427 32773 82 351 1
32 : 0 28107 531 361 0
33 : 0 30736 82 636 1
34 : 0 840 926 836 0
35 : 0 2368 844 735 0
36 : 0 19911 246 940 1
37 : 0 24729 867 175 0
38 : 0 17959 560 664 1
39 : 0 12104 896 438 0
40 : 0 12542 711 613 0
41 : 0 14292 860 446 0
42 : 0 22301 182 927 1
43 : 0 29121 579 258 0
44 : 0 21473 753 372 0
45 : 0 27954 153 759 1
46 : 0 30375 361 371 1
47 : 380 32146 519 5 0
48 : 0 26429 866 129 0
49 : 0 22856 826 260 0
50 : 483 31944 361 202 0
51 : 0 20537 475 664 1
52 : 0 31944 125 483 1
53 : 0 6932 541 953 1
54 : 409 30818 573 141 0
55 : 0 31310 294 360 1
56 : 0 30038 95 681 1
57 : 0 27160 733 204 0
58 : 0 18829 907 307 0
59 : 0 7473 677 787 1
60 : 0 24384 345 708 1
61 : 0 25224 398 612 1
62 : 0 23440 572 490 0
63 : 0 25622 587 412 0
64 : 0 23930 275 786 1
65 : 0 23116 861 214 0
66 : 0 3103 997 576 0
67 : 327 32308 300 211 0
68 : 0 26558 790 189 0
69 : 469 32590 274 183 0
70 : 0 1676 893 692 0
71 : 0 10582 470 908 1
72 : 0 21845 456 667 1
73 : 0 13155 578 743 1
74 : 0 32308 196 327 1
75 : 421 32519 68 404 1
76 : 0 32146 162 380 1
77 : 0 31885 563 59 0
78 : 0 8150 881 573 0
79 : 0 18519 910 310 0
80 : 0 29379 367 451 1
81 : 0 4429 898 640 0
82 : 0 30323 697 52 0
83 : 0 17371 588 646 1
84 : 0 14738 604 688 1
85 : 0 32590 469 1 0
86 : 0 21012 673 461 0
87 : 0 32855 105 307 1
88 : 0 19136 842 370 0
89 : 0 19506 405 788 1
90 : 0 11052 450 912 1
91 : 0 3679 816 750 0
92 : 0 24205 881 179 0
93 : 0 32773 16 427 1
94 : 0 26747 547 413 0
95 : 0 5069 689 837 1
96 : 0 20157 380 786 1
97 : 0 31604 13 616 1
98 : 0 27364 783 143 0
99 : 0 22483 373 726 1
