1000 33334
0 : 0 10286 602 738 1
1 : 0 8449 897 620 0
2 : 0 3161 743 708 0
3 : 0 26606 308 409 1
4 : 0 19230 447 477 1
5 : 0 33118 421 71 0
6 : 0 31272 167 331 1
7 : 0 31743 667 149 0
8 : 0 15935 792 493 0
9 : 0 30173 190 567 1
10 : 0 25976 320 711 1
11 : 0 15417 891 518 0
12 : 0 13763 750 559 0
13 : 0 29122 220 428 1
14 : 616 33316 10 55 1
15 : 0 27515 990 287 0
16 : 0 0 986 840 0
17 : 0 20561 482 431 0
18 : 0 23015 393 471 1
19 : 0 32319 524 139 0
20 : 0 32712 963 110 0
21 : 0 14322 554 971 1
22 : 0 32035 143 657 1
23 : 0 7828 621 642 1
24 : 0 7200 628 649 1
25 : 0 6567 633 770 1
26 : 0 30552 473 184 0
27 : 0 32822 729 109 0
28 : 0 22620 601 395 0
29 : 0 31592 151 693 1
30 : 0 27802 342 281 0
31 : 636 33036 82 351 1
32 : 451 24903 531 361 0
33 : 0 33036 82 636 1
34 : 0 840 926 836 0
35 : 0 2426 844 735 0
36 : 0 28876 246 940 1
37 : 0 31097 867 175 0
38 : 0 13203 560 664 1
39 : 0 20123 896 438 0
40 : 0 9069 711 613 0
41 : 0 19677 860 446 0
42 : 0 30736 182 927 1
43 : 0 28618 579 258 0
44 : 0 24161 753 372 0
45 : 0 31439 153 759 1
46 : 0 25270 361 371 1
47 : 0 33329 519 5 0
48 : 0 32458 866 129 0
49 : 0 28358 826 260 0
50 : 0 29971 361 202 0
51 : 0 16918 475 664 1
52 : 0 32587 125 483 1
53 : 0 14876 541 953 1
54 : 0 32178 573 141 0
55 : 0 27221 294 360 1
56 : 307 32931 95 681 1
57 : 0 29767 733 204 0
58 : 0 26914 907 307 0
59 : 0 5250 677 787 1
60 : 0 25631 345 708 1
61 : 0 22222 398 612 1
62 : 0 16428 572 490 0
63 : 0 21405 587 412 0
64 : 0 28083 275 786 1
65 : 0 29342 861 214 0
66 : 0 12054 997 576 0
67 : 0 29556 300 211 0
68 : 0 30363 790 189 0
69 : 473 30552 274 183 0
70 : 0 3869 893 692 0
71 : 0 17393 470 908 1
72 : 0 18324 456 667 1
73 : 0 11476 578 743 1
74 : 361 29971 196 327 1
75 : 421 33118 68 404 1
76 : 331 31272 162 380 1
77 : 0 33189 563 59 0
78 : 0 12630 881 573 0
79 : 0 26296 910 310 0
80 : 0 24903 367 451 1
81 : 0 5927 898 640 0
82 : 0 33248 697 52 0
83 : 0 10888 588 646 1
84 : 0 9682 604 688 1
85 : 519 33329 469 1 0
86 : 0 17863 673 461 0
87 : 0 32931 105 307 1
88 : 0 24533 842 370 0
89 : 0 21817 405 788 1
90 : 0 18780 450 912 1
91 : 0 1676 816 750 0
92 : 0 30918 881 179 0
93 : 0 33300 16 427 1
94 : 0 20992 547 413 0
95 : 0 4561 689 837 1
96 : 0 23408 380 786 1
97 : 0 33316 13 616 1
98 : 0 31892 783 143 0
99 : 0 23788 373 726 1
