40400 45108
0 : 33856 40195 4629 1596 0
1 : 17355 43973 2919 783 0
2 : 18322 40195 8067 1832 0
3 : 6549 37078 7180 2974 0
4 : 32171 40195 1685 1708 0
5 : 39790 37078 2029 601 1
6 : 0 9743 15046 7040 0
7 : 33111 0 6726 7039 0
8 : 21318 23161 7958 5170 0
9 : 33748 28457 3621 4223 0
10 : 35945 9743 4358 6846 0
11 : 26795 42482 6272 1268 0
12 : 6416 42482 6171 1473 0
13 : 33067 42482 3448 1249 0
14 : 25775 9743 6389 10170 1
15 : 0 28457 7910 5092 0
16 : 15977 28457 4629 11306 1
17 : 25174 42482 1279 1621 1
18 : 0 33549 3529 6846 1
19 : 37234 23161 3770 3117 1
20 : 35596 33549 3924 3177 0
21 : 39837 0 2672 556 1
22 : 6272 23161 15046 5222 0
23 : 12634 40195 2050 2287 0
24 : 29276 23161 7958 5152 0
25 : 8270 43973 1063 2033 1
26 : 26389 40195 1823 5782 1
27 : 35945 16783 4047 5429 0
28 : 0 42482 6416 1491 0
29 : 10303 43973 859 2104 1
30 : 0 16783 6378 12850 1
31 : 13729 37078 10744 2912 0
32 : 31319 37078 4629 2353 0
33 : 12407 43973 2919 838 0
34 : 7910 28457 8067 5014 0
35 : 37369 28457 3139 2974 1
36 : 38485 40195 1685 1469 1
37 : 15326 43973 2029 824 0
38 : 20899 16783 15046 5406 0
39 : 6846 33549 6726 3329 0
40 : 10744 0 7958 9256 0
41 : 4047 43973 1080 4223 1
42 : 24473 37078 2407 6846 1
43 : 0 23161 6272 5296 0
44 : 12587 42482 6171 1375 0
45 : 36515 42482 1253 1249 1
46 : 15046 9743 6389 10729 1
47 : 18702 0 7910 7563 1
48 : 27283 28457 4629 6465 1
49 : 20274 43973 503 1621 1
50 : 26265 0 7629 6846 1
51 : 0 37078 6549 3117 0
52 : 28618 33549 6978 3177 0
53 : 39520 33549 2672 869 1
54 : 13572 33549 15046 3231 0
55 : 0 40195 4676 2287 0
56 : 4676 40195 7958 2142 0
57 : 14684 40195 3638 2033 0
58 : 37764 42482 1823 1064 0
59 : 0 43973 4047 1135 0
60 : 18758 42482 6416 1357 0
61 : 35948 37078 3842 2104 0
62 : 12850 16783 6378 8049 1
63 : 0 0 10744 9743 0
