200 230
0 : 0 0 15 72 1
1 : 72 0 15 47 1
2 : 119 0 67 11 0
3 : 0 15 56 39 0
4 : 56 15 6 35 0
5 : 62 15 11 17 0
6 : 73 15 8 20 0
7 : 81 15 22 8 1
8 : 186 0 8 12 0
9 : 119 11 3 16 1
10 : 89 15 11 9 1
11 : 98 15 9 61 1
12 : 0 54 47 7 0
13 : 62 32 11 11 0
14 : 73 35 5 18 0
15 : 89 26 6 22 0
16 : 62 43 5 7 0
17 : 194 0 6 14 0
18 : 159 15 25 21 0
19 : 159 36 22 4 0
20 : 184 15 16 11 0
21 : 98 24 33 17 0
22 : 184 26 8 7 0
23 : 56 50 4 8 1
24 : 47 54 26 110 1
25 : 67 43 11 4 1
26 : 0 80 58 12 0
27 : 58 80 56 21 0
28 : 0 101 21 102 1
29 : 98 41 6 25 1
30 : 0 92 9 51 1
31 : 131 24 16 11 0
32 : 98 47 30 5 0
33 : 147 24 12 9 0
34 : 89 48 4 6 0
35 : 131 35 26 16 0
36 : 114 80 68 12 0
37 : 159 40 20 10 0
38 : 157 54 21 26 0
39 : 179 40 20 12 0
40 : 102 101 49 16 0
41 : 0 61 6 28 1
42 : 81 37 11 3 1
43 : 0 67 37 12 0
44 : 182 80 9 18 1
45 : 71 43 2 9 0
46 : 84 37 5 14 0
47 : 181 36 15 4 0
48 : 114 92 39 9 0
49 : 0 122 64 10 0
50 : 153 92 32 7 0
51 : 178 54 16 26 0
52 : 64 122 99 21 0
53 : 151 101 38 19 0
54 : 163 122 23 32 1
55 : 0 145 6 37 1
56 : 37 145 22 54 1
57 : 91 145 25 36 1
58 : 127 145 50 27 0
59 : 177 145 27 22 1
60 : 0 132 8 41 1
61 : 0 172 66 23 0
62 : 123 41 8 5 0
63 : 182 89 15 3 0
64 : 0 151 18 12 0
65 : 51 92 9 4 1
66 : 93 48 6 2 1
67 : 192 26 9 6 1
68 : 37 67 5 8 0
69 : 159 50 4 18 1
70 : 18 151 15 19 0
71 : 42 67 8 5 1
72 : 28 61 14 4 0
73 : 66 172 48 13 0
74 : 114 172 14 14 0
75 : 128 172 23 10 0
76 : 0 163 5 18 1
77 : 151 172 10 23 0
78 : 0 195 51 11 0
79 : 51 195 58 14 0
80 : 114 186 7 12 1
81 : 185 92 10 9 0
82 : 128 182 16 12 0
83 : 144 182 13 3 1
84 : 66 185 35 9 0
85 : 161 172 34 12 0
86 : 109 195 17 25 1
87 : 197 89 3 3 0
88 : 41 132 7 23 1
89 : 189 101 10 20 0
90 : 0 212 109 18 0
91 : 101 185 7 7 0
92 : 108 185 6 6 0
93 : 134 195 44 13 0
94 : 177 50 3 1 1
95 : 147 182 3 12 0
96 : 178 195 10 11 0
