200 238
0 : 0 30 110 32 0
1 : 186 30 12 33 0
2 : 91 77 78 15 0
3 : 64 113 62 18 0
4 : 112 132 16 53 1
5 : 110 30 37 76 1
6 : 0 62 14 97 1
7 : 139 154 28 43 1
8 : 99 219 16 9 1
9 : 23 219 15 22 1
10 : 0 113 64 19 0
11 : 120 219 10 13 0
12 : 195 192 4 27 0
13 : 108 219 12 13 0
14 : 144 219 3 6 0
15 : 189 132 7 22 0
16 : 72 97 67 16 0
17 : 169 77 27 14 0
18 : 41 192 13 41 1
19 : 115 0 78 35 0
20 : 0 0 30 115 1
21 : 58 132 8 54 1
22 : 0 77 20 91 1
23 : 138 219 6 6 0
24 : 0 97 72 12 0
25 : 97 62 15 92 1
26 : 0 132 22 58 1
27 : 188 113 19 6 1
28 : 0 154 38 48 1
29 : 139 97 21 61 1
30 : 182 154 10 38 0
31 : 48 154 22 47 1
32 : 121 192 22 37 1
33 : 193 0 5 30 0
34 : 130 219 5 9 0
35 : 189 62 3 15 0
36 : 165 132 24 10 0
37 : 158 192 20 37 1
38 : 86 219 18 13 1
39 : 0 219 23 19 0
40 : 0 192 41 27 0
41 : 194 113 18 5 1
42 : 192 62 6 11 0
43 : 82 192 39 24 0
44 : 45 219 21 6 0
45 : 126 113 62 17 0
46 : 66 219 20 15 0
47 : 135 219 3 8 0
48 : 95 154 44 7 0
