1000 29819
0 : 0 0 602 738 1
1 : 0 602 897 620 0
2 : 0 1222 743 708 0
3 : 0 1930 308 409 1
4 : 409 1930 447 477 1
5 : 897 602 421 71 1
6 : 743 1222 167 331 0
7 : 0 2377 667 149 0
8 : 0 2526 792 493 0
9 : 738 0 190 567 0
10 : 0 3019 320 711 1
11 : 0 3339 891 518 0
12 : 0 3857 750 559 0
13 : 750 3857 220 428 0
14 : 970 3857 10 55 0
15 : 0 4416 990 287 0
16 : 0 4703 986 840 0
17 : 0 5543 482 431 0
18 : 482 5543 393 471 1
19 : 0 5974 524 139 0
20 : 0 6113 963 110 0
21 : 0 6223 554 971 1
22 : 0 6777 143 657 1
23 : 0 6920 621 642 1
24 : 0 7541 628 649 1
25 : 0 8169 633 770 1
26 : 792 2526 473 184 1
27 : 0 8802 729 109 0
28 : 0 8911 601 395 0
29 : 0 9306 151 693 1
30 : 657 6777 342 281 0
31 : 910 1222 82 351 0
32 : 0 9457 531 361 0
33 : 0 9818 82 636 1
34 : 0 9900 926 836 0
35 : 0 10736 844 735 0
36 : 0 11471 246 940 1
37 : 0 11717 867 175 0
38 : 0 11892 560 664 1
39 : 0 12452 896 438 0
40 : 0 12890 711 613 0
41 : 0 13503 860 446 0
42 : 0 13949 182 927 1
43 : 711 12890 579 258 1
44 : 0 14131 753 372 0
45 : 0 14503 153 759 1
46 : 601 8911 361 371 0
47 : 992 1222 519 5 1
48 : 0 14656 866 129 0
49 : 0 14785 826 260 0
50 : 770 8169 361 202 1
51 : 0 15045 475 664 1
52 : 844 10736 125 483 0
53 : 0 15520 541 953 1
54 : 649 7541 573 141 1
55 : 664 11892 294 360 0
56 : 0 16061 95 681 1
57 : 0 16156 733 204 0
58 : 0 16360 907 307 0
59 : 0 16667 677 787 1
60 : 0 17344 345 708 1
61 : 0 17689 398 612 1
62 : 0 18087 572 490 0
63 : 0 18577 587 412 0
64 : 0 18989 275 786 1
65 : 0 19264 861 214 0
66 : 0 19478 997 576 0
67 : 787 16667 300 211 1
68 : 0 20054 790 189 0
69 : 790 7541 274 183 1
70 : 0 20243 893 692 0
71 : 0 20935 470 908 1
72 : 0 21405 456 667 1
73 : 0 21861 578 743 1
74 : 753 14131 196 327 0
75 : 928 0 68 404 0
76 : 743 21861 162 380 0
77 : 926 9900 563 59 1
78 : 0 22439 881 573 0
79 : 0 23012 910 310 0
80 : 572 18087 367 451 0
81 : 0 23322 898 640 0
82 : 0 23962 697 52 0
83 : 0 24014 588 646 1
84 : 0 24602 604 688 1
85 : 998 16667 469 1 1
86 : 0 25206 673 461 0
87 : 893 20243 105 307 0
88 : 0 25667 842 370 0
89 : 0 26037 405 788 1
90 : 0 26442 450 912 1
91 : 0 26892 816 750 0
92 : 0 27642 881 179 0
93 : 980 3857 16 427 0
94 : 0 27821 547 413 0
95 : 0 28234 689 837 1
96 : 0 28923 380 786 1
97 : 986 4703 13 616 0
98 : 0 29303 783 143 0
99 : 0 29446 373 726 1
