40400 67161
0 : 4629 60566 4629 1596 0
1 : 3977 64187 2919 783 1
2 : 17323 28394 8067 1832 0
3 : 0 43915 7180 2974 0
4 : 12646 64187 1685 1708 0
5 : 10981 64187 2029 601 1
6 : 0 0 15046 7040 0
7 : 7180 43915 6726 7039 1
8 : 33439 28394 7958 5170 1
9 : 9258 60566 3621 4223 1
10 : 21197 43915 4358 6846 1
11 : 6272 55270 6272 1268 0
12 : 12544 55270 6171 1473 0
13 : 36925 60566 3448 1249 1
14 : 21473 22005 6389 10170 1
15 : 23826 36352 7910 5092 0
16 : 12850 12262 4629 11306 1
17 : 15800 64187 1279 1621 0
18 : 28043 43915 3529 6846 1
19 : 29517 60566 3770 3117 0
20 : 21751 60566 3924 3177 0
21 : 5629 64187 2672 556 1
22 : 0 7040 15046 5222 0
23 : 6185 64187 2050 2287 0
24 : 0 36352 7958 5152 0
25 : 9094 64187 1063 2033 0
26 : 24886 55270 1823 5782 1
27 : 30668 55270 4047 5429 1
28 : 26586 50641 6416 1491 0
29 : 8235 64187 859 2104 0
30 : 0 12262 6378 12850 1
31 : 0 22005 10744 2912 0
32 : 0 60566 4629 2353 0
33 : 3139 64187 2919 838 1
34 : 9256 28394 8067 5014 0
35 : 0 64187 3139 2974 0
36 : 14331 64187 1685 1469 1
37 : 10157 64187 2029 824 1
38 : 15046 0 15046 5406 0
39 : 6846 50641 6726 3329 0
40 : 0 28394 7958 9256 1
41 : 13481 60566 1080 4223 1
42 : 0 50641 2407 6846 1
43 : 0 55270 6272 5296 0
44 : 18715 55270 6171 1375 0
45 : 17582 64187 1253 1249 1
46 : 10744 22005 6389 10729 1
47 : 15916 36352 7910 7563 0
48 : 20121 50641 4629 6465 1
49 : 17079 64187 503 1621 0
50 : 31736 36352 7629 6846 0
51 : 13572 50641 6549 3117 0
52 : 14219 43915 6978 3177 0
53 : 4760 64187 2672 869 1
54 : 15046 7040 15046 3231 0
55 : 36097 55270 4676 2287 1
56 : 7958 36352 7958 2142 0
57 : 33287 60566 3638 2033 0
58 : 11582 64187 1823 1064 1
59 : 17704 60566 4047 1135 0
60 : 33002 50641 6416 1357 0
61 : 25675 60566 3842 2104 0
62 : 25390 28394 6378 8049 1
63 : 24156 12262 10744 9743 0
