200 258
0 : 0 0 110 32 0
1 : 186 0 12 33 0
2 : 0 148 78 15 0
3 : 78 148 62 18 0
4 : 111 197 16 53 1
5 : 110 0 37 76 1
6 : 92 105 14 97 1
7 : 122 120 28 43 1
8 : 191 221 16 9 1
9 : 176 175 15 22 1
10 : 58 120 64 19 0
11 : 189 105 10 13 0
12 : 195 148 4 27 0
13 : 120 243 12 13 0
14 : 155 243 3 6 0
15 : 169 221 7 22 1
16 : 0 175 67 16 0
17 : 181 148 27 14 1
18 : 74 221 13 41 1
19 : 115 32 78 35 0
20 : 0 32 30 115 1
21 : 115 221 8 54 1
22 : 48 67 20 91 1
23 : 146 243 6 6 0
24 : 39 197 72 12 0
25 : 0 105 15 92 1
26 : 0 120 22 58 1
27 : 165 120 19 6 1
28 : 0 67 38 48 1
29 : 139 67 21 61 1
30 : 0 243 10 38 1
31 : 129 175 22 47 1
32 : 0 221 22 37 1
33 : 193 32 5 30 0
34 : 138 243 5 9 0
35 : 143 243 3 15 0
36 : 183 197 24 10 1
37 : 37 221 20 37 1
38 : 102 243 18 13 0
39 : 164 197 23 19 1
40 : 140 148 41 27 0
41 : 171 120 18 5 1
42 : 132 243 6 11 0
43 : 0 197 39 24 0
44 : 193 197 21 6 1
45 : 67 175 62 17 0
46 : 82 243 20 15 0
47 : 152 243 3 8 0
48 : 38 243 44 7 0
