40400 61639
0 : 29442 55109 4629 1596 0
1 : 24404 58286 2919 783 0
2 : 14684 47441 8067 1832 0
3 : 27135 42812 7180 2974 0
4 : 29995 58286 1685 1708 0
5 : 2029 60390 2029 601 0
6 : 0 0 15046 7040 0
7 : 15678 30670 6726 7039 1
8 : 0 37516 7958 5170 0
9 : 13262 51488 3621 4223 1
10 : 0 42812 4358 6846 1
11 : 6171 55109 6272 1268 0
12 : 23901 51488 6171 1473 0
13 : 15750 58286 3448 1249 0
14 : 10729 23107 6389 10170 1
15 : 23983 37516 7910 5092 0
16 : 20899 23107 4629 11306 1
17 : 37743 58286 1279 1621 0
18 : 13311 42812 3529 6846 1
19 : 25672 55109 3770 3117 0
20 : 12443 55109 3924 3177 0
21 : 31680 58286 2672 556 0
22 : 15046 9743 15046 5222 0
23 : 19198 58286 2050 2287 1
24 : 7958 37516 7958 5152 0
25 : 35821 58286 1063 2033 0
26 : 30072 51488 1823 5782 1
27 : 29300 47441 4047 5429 1
28 : 6846 51488 6416 1491 0
29 : 36884 58286 859 2104 0
30 : 0 15149 6378 12850 1
31 : 22717 30670 10744 2912 0
32 : 16367 55109 4629 2353 0
33 : 21485 58286 2919 838 0
34 : 15916 37516 8067 5014 0
35 : 34071 55109 3139 2974 1
36 : 34352 58286 1685 1469 1
37 : 0 60390 2029 824 0
38 : 0 9743 15046 5406 0
39 : 7958 47441 6726 3329 0
40 : 27896 15149 7958 9256 1
41 : 7480 58286 1080 4223 1
42 : 0 51488 2407 6846 1
43 : 31893 37516 6272 5296 0
44 : 0 55109 6171 1375 0
45 : 4058 60390 1253 1249 0
46 : 0 23107 6389 10729 1
47 : 32205 23107 7910 7563 0
48 : 6846 42812 4629 6465 1
49 : 5311 60390 503 1621 1
50 : 0 30670 7629 6846 0
51 : 22751 47441 6549 3117 0
52 : 20157 42812 6978 3177 0
53 : 27323 58286 2672 869 0
54 : 12850 15149 15046 3231 0
55 : 20996 55109 4676 2287 0
56 : 0 47441 7958 2142 0
57 : 3842 58286 3638 2033 0
58 : 39022 58286 1823 1064 1
59 : 11703 58286 4047 1135 0
60 : 17485 51488 6416 1357 0
61 : 0 58286 3842 2104 0
62 : 7629 30670 6378 8049 1
63 : 15046 0 10744 9743 0
