200 245
0 : 0 116 66 25 0
1 : 22 178 14 30 1
2 : 78 178 18 14 0
3 : 91 50 43 34 0
4 : 134 50 59 30 0
5 : 0 218 10 16 1
6 : 126 218 8 33 1
7 : 136 116 22 47 1
8 : 109 162 18 16 0
9 : 86 193 26 13 0
10 : 155 141 24 17 0
11 : 116 236 26 4 0
12 : 129 228 7 28 1
13 : 52 178 26 14 0
14 : 56 86 30 51 1
15 : 66 116 39 25 0
16 : 26 242 7 3 0
17 : 107 218 19 9 0
18 : 0 236 25 6 0
19 : 16 228 8 14 1
20 : 77 141 18 78 1
21 : 114 178 14 17 1
22 : 0 206 62 12 0
23 : 127 162 15 64 1
24 : 80 236 16 5 0
25 : 0 193 46 13 0
26 : 172 86 27 26 1
27 : 128 193 12 63 1
28 : 159 218 30 8 0
29 : 0 50 36 91 1
30 : 105 116 23 31 1
31 : 30 228 8 13 1
32 : 66 218 22 9 0
33 : 16 218 9 50 1
34 : 142 236 14 4 0
35 : 0 228 8 16 1
36 : 144 206 22 12 0
37 : 62 0 57 37 0
38 : 73 236 7 6 0
39 : 108 206 12 36 1
40 : 166 206 11 29 1
41 : 0 86 30 56 1
42 : 0 0 50 62 1
43 : 131 178 61 13 0
44 : 156 236 4 7 1
45 : 66 228 7 33 1
46 : 83 162 16 26 1
47 : 62 206 12 46 1
48 : 0 141 21 27 1
49 : 107 86 28 65 1
50 : 163 236 4 4 0
51 : 88 218 9 19 1
52 : 46 193 40 13 0
53 : 25 236 6 19 1
54 : 0 178 15 22 1
55 : 27 141 19 31 1
56 : 179 141 21 17 0
57 : 111 236 5 6 0
58 : 96 236 5 15 1
59 : 99 228 30 7 0
60 : 44 236 6 19 1
61 : 43 228 8 12 1
62 : 55 228 11 8 0
63 : 58 141 19 21 0
64 : 96 178 18 14 0
65 : 167 236 3 20 1
66 : 0 242 18 3 0
67 : 0 162 83 16 0
68 : 112 193 16 13 0
69 : 33 242 2 7 1
70 : 63 236 6 10 1
71 : 157 228 37 6 0
72 : 18 242 8 3 0
