100 36
0 : 61 24 5 4 1
1 : 66 12 3 13 1
2 : 0 0 49 3 0
3 : 81 24 3 5 0
4 : 0 24 5 5 0
5 : 84 24 3 5 0
6 : 5 24 5 5 0
7 : 87 29 3 3 0
8 : 79 12 4 10 0
9 : 63 29 3 4 0
10 : 96 0 4 11 0
11 : 22 24 3 7 1
12 : 83 0 9 8 1
13 : 33 12 7 33 1
14 : 92 12 5 5 0
15 : 93 24 5 3 1
16 : 73 24 4 5 0
17 : 77 24 5 4 1
18 : 96 24 5 3 1
19 : 0 29 3 5 1
20 : 91 0 12 5 1
21 : 6 33 3 3 0
22 : 81 29 3 4 0
23 : 3 33 3 3 0
24 : 34 29 3 5 1
25 : 90 24 5 3 1
26 : 87 24 3 5 0
27 : 41 24 3 7 1
28 : 48 24 5 5 0
29 : 39 29 5 3 0
30 : 19 29 5 3 0
31 : 15 24 3 7 1
32 : 14 29 5 3 0
33 : 93 29 3 3 0
34 : 72 29 3 4 0
35 : 65 24 5 4 1
36 : 5 29 4 4 0
37 : 66 29 3 4 0
38 : 90 29 3 3 0
39 : 88 12 4 8 0
40 : 69 24 5 4 1
41 : 29 29 5 3 0
42 : 69 29 4 3 1
43 : 0 12 12 33 1
44 : 44 29 3 5 1
45 : 96 29 3 3 0
46 : 54 29 4 4 0
47 : 58 29 3 5 1
48 : 36 24 5 5 0
49 : 53 24 5 4 1
50 : 29 24 7 3 0
51 : 9 29 5 3 0
52 : 57 24 5 4 1
53 : 24 29 5 3 0
54 : 75 29 3 4 0
55 : 84 29 3 4 0
56 : 49 29 3 5 1
57 : 0 33 3 3 0
58 : 78 29 3 4 0
59 : 97 12 7 3 1
60 : 83 12 5 8 0
61 : 49 0 34 12 0
62 : 10 24 5 5 0
