200 254
0 : 151 125 8 47 1
1 : 0 0 143 26 0
2 : 0 26 16 107 1
3 : 0 42 33 95 1
4 : 178 13 5 21 1
5 : 138 149 54 40 0
6 : 107 26 84 15 0
7 : 169 189 32 25 1
8 : 117 189 52 45 0
9 : 143 0 13 39 1
10 : 95 42 86 20 0
11 : 0 75 50 77 1
12 : 77 75 77 31 0
13 : 77 125 24 74 1
14 : 182 0 11 12 0
15 : 73 149 22 65 1
16 : 64 189 27 53 1
17 : 151 133 14 46 1
18 : 181 63 17 9 0
19 : 181 42 15 21 0
20 : 194 75 31 6 1
21 : 192 149 8 38 0
22 : 0 125 23 77 1
23 : 143 13 12 35 1
24 : 193 0 5 12 0
25 : 0 234 20 23 1
26 : 0 149 73 40 0
27 : 154 75 40 39 0
28 : 0 189 64 37 0
