200 237
0 : 0 0 110 32 0
1 : 110 0 12 33 1
2 : 0 32 78 15 0
3 : 78 32 62 18 0
4 : 143 0 16 53 1
5 : 0 50 37 76 1
6 : 76 50 14 97 1
7 : 0 87 28 43 1
8 : 143 16 16 9 0
9 : 76 64 15 22 0
10 : 91 64 64 19 0
11 : 159 16 10 13 0
12 : 91 83 4 27 1
13 : 169 16 12 13 0
14 : 0 47 3 6 1
15 : 155 64 7 22 0
16 : 43 87 67 16 0
17 : 173 50 27 14 0
18 : 140 32 13 41 1
19 : 110 87 78 35 0
20 : 0 122 30 115 1
21 : 43 103 8 54 1
22 : 0 152 20 91 1
23 : 143 25 6 6 0
24 : 115 122 72 12 0
25 : 91 152 15 92 1
26 : 0 172 22 58 1
27 : 181 16 19 6 0
28 : 58 172 38 48 1
29 : 106 172 21 61 1
30 : 162 64 10 38 1
31 : 0 210 22 47 1
32 : 167 172 22 37 0
33 : 140 45 5 30 1
34 : 91 167 5 9 1
35 : 159 29 3 15 1
36 : 43 111 24 10 0
37 : 47 210 20 37 1
38 : 162 74 18 13 0
39 : 181 22 23 19 1
40 : 84 210 41 27 0
41 : 170 45 18 5 0
42 : 67 111 6 11 0
43 : 125 210 39 24 0
44 : 0 115 21 6 0
45 : 115 134 62 17 0
46 : 183 152 20 15 1
47 : 6 47 3 8 1
48 : 0 194 44 7 0
