200 212
0 : 99 60 15 72 1
1 : 116 131 15 47 1
2 : 49 131 67 11 0
3 : 110 0 56 39 0
4 : 136 75 6 35 1
5 : 30 198 11 17 1
6 : 81 198 8 20 1
7 : 65 178 22 8 0
8 : 151 198 8 12 0
9 : 183 166 3 16 1
10 : 142 198 11 9 1
11 : 33 169 9 61 1
12 : 64 160 47 7 0
13 : 51 157 11 11 0
14 : 80 126 5 18 1
15 : 101 198 6 22 1
16 : 8 99 5 7 1
17 : 168 198 6 14 0
18 : 175 81 25 21 0
19 : 162 127 22 4 0
20 : 189 131 16 11 1
21 : 0 169 33 17 0
22 : 138 178 8 7 1
23 : 15 99 4 8 1
24 : 0 0 26 110 1
25 : 105 26 11 4 1
26 : 104 118 58 12 0
27 : 102 39 56 21 0
28 : 0 39 21 102 1
29 : 194 104 6 25 0
30 : 94 169 9 51 1
31 : 47 198 16 11 0
32 : 50 126 30 5 0
33 : 133 198 12 9 1
34 : 98 126 4 6 1
35 : 163 131 26 16 0
36 : 0 26 68 12 0
37 : 173 186 20 10 0
38 : 171 60 21 26 1
39 : 69 186 20 12 0
40 : 0 131 49 16 0
41 : 87 178 6 28 1
42 : 34 195 11 3 0
43 : 68 26 37 12 0
44 : 63 198 9 18 1
45 : 62 157 2 9 0
46 : 67 142 5 14 1
47 : 196 169 15 4 1
48 : 191 0 39 9 1
49 : 0 147 64 10 0
50 : 33 178 32 7 0
51 : 170 169 16 26 1
52 : 0 60 99 21 0
53 : 158 39 38 19 0
54 : 162 104 23 32 1
55 : 99 75 6 37 1
56 : 50 104 22 54 1
57 : 166 0 25 36 0
58 : 0 104 50 27 0
59 : 112 147 27 22 0
60 : 139 160 8 41 1
61 : 109 81 66 23 0
62 : 0 99 8 5 0
63 : 197 60 15 3 1
64 : 135 186 18 12 0
65 : 184 127 9 4 0
66 : 194 129 6 2 0
67 : 174 198 9 6 1
68 : 95 142 5 8 1
69 : 196 39 4 18 0
70 : 183 147 15 19 0
71 : 103 142 8 5 0
72 : 81 142 14 4 0
73 : 64 147 48 13 0
74 : 0 198 14 14 0
75 : 89 186 23 10 0
76 : 49 142 5 18 1
77 : 112 186 10 23 1
78 : 0 157 51 11 0
79 : 104 104 58 14 0
80 : 193 186 7 12 0
81 : 159 198 10 9 1
82 : 14 198 16 12 0
83 : 166 36 13 3 0
84 : 34 186 35 9 0
85 : 0 186 34 12 0
86 : 145 169 17 25 1
87 : 196 57 3 3 0
88 : 115 178 7 23 1
89 : 153 186 10 20 1
90 : 0 81 109 18 0
91 : 180 198 7 7 0
92 : 187 198 6 6 0
93 : 139 147 44 13 0
94 : 199 166 3 1 1
95 : 179 36 3 12 1
96 : 123 198 10 11 0
