1000 32803
0 : 0 10582 602 738 1
1 : 0 5758 897 620 0
2 : 0 7609 743 708 0
3 : 371 28951 308 409 1
4 : 0 25982 447 477 1
5 : 0 32614 421 71 0
6 : 0 32159 167 331 1
7 : 0 30482 667 149 0
8 : 0 16145 792 493 0
9 : 0 29737 190 567 1
10 : 0 24714 320 711 1
11 : 0 10064 891 518 0
12 : 0 12845 750 559 0
13 : 342 30631 220 428 1
14 : 0 32793 10 55 1
15 : 0 20779 990 287 0
16 : 0 0 986 840 0
17 : 477 25982 482 431 0
18 : 0 26790 393 471 1
19 : 361 31489 524 139 0
20 : 0 29927 963 110 0
21 : 0 6378 554 971 1
22 : 0 30912 143 657 1
23 : 0 15086 621 642 1
24 : 0 14458 628 649 1
25 : 0 9431 633 770 1
26 : 0 31055 473 184 0
27 : 0 31380 729 109 0
28 : 0 24073 601 395 0
29 : 0 30331 151 693 1
30 : 0 30631 342 281 0
31 : 421 32614 82 351 1
32 : 0 26429 531 361 0
33 : 331 32159 82 636 1
34 : 0 840 926 836 0
35 : 0 1676 844 735 0
36 : 0 24468 246 940 1
37 : 0 28125 867 175 0
38 : 0 17672 560 664 1
39 : 0 15707 896 438 0
40 : 0 11184 711 613 0
41 : 0 16638 860 446 0
42 : 0 27397 182 927 1
43 : 0 28504 579 258 0
44 : 0 21866 753 372 0
45 : 0 29312 153 759 1
46 : 0 28951 361 371 1
47 : 427 32777 519 5 0
48 : 0 29608 866 129 0
49 : 0 25722 826 260 0
50 : 0 31489 361 202 0
51 : 0 18637 475 664 1
52 : 380 31997 125 483 1
53 : 0 8317 541 953 1
54 : 0 31239 573 141 0
55 : 0 30037 294 360 1
56 : 0 31691 95 681 1
57 : 0 28300 733 204 0
58 : 0 22238 907 307 0
59 : 0 6932 677 787 1
60 : 0 22918 345 708 1
61 : 0 23263 398 612 1
62 : 0 21376 572 490 0
63 : 0 23661 587 412 0
64 : 0 25447 275 786 1
65 : 0 27183 861 214 0
66 : 0 5182 997 576 0
67 : 327 31786 300 211 0
68 : 0 28762 790 189 0
69 : 0 32326 274 183 0
70 : 0 2411 893 692 0
71 : 0 12375 470 908 1
72 : 0 19943 456 667 1
73 : 0 11797 578 743 1
74 : 0 31786 196 327 1
75 : 0 32696 68 404 1
76 : 0 31997 162 380 1
77 : 0 32509 563 59 0
78 : 0 8858 881 573 0
79 : 0 21066 910 310 0
80 : 0 27579 367 451 1
81 : 0 4542 898 640 0
82 : 274 32326 697 52 0
83 : 0 17084 588 646 1
84 : 0 13404 604 688 1
85 : 55 32793 469 1 0
86 : 0 19482 673 461 0
87 : 563 32509 105 307 1
88 : 0 19112 842 370 0
89 : 0 18232 405 788 1
90 : 0 14008 450 912 1
91 : 0 3103 816 750 0
92 : 0 27946 881 179 0
93 : 0 32777 16 427 1
94 : 0 25034 547 413 0
95 : 0 3853 689 837 1
96 : 0 20399 380 786 1
97 : 0 32764 13 616 1
98 : 0 29465 783 143 0
99 : 0 22545 373 726 1
