300 580
0 : 90 351 90 36 0
1 : 160 474 79 15 0
2 : 202 279 90 36 0
3 : 0 95 244 70 0
4 : 120 549 39 15 0
5 : 0 509 55 15 0
6 : 104 533 53 14 0
7 : 180 387 90 36 0
8 : 80 459 80 32 0
9 : 101 279 101 36 0
10 : 244 95 62 31 1
11 : 204 533 40 16 0
12 : 237 549 38 15 0
13 : 162 509 24 32 1
14 : 0 0 300 95 0
15 : 0 459 80 32 0
16 : 0 565 38 15 0
17 : 244 533 40 16 0
18 : 0 165 209 33 0
19 : 101 198 101 36 0
20 : 157 533 47 15 0
21 : 0 549 40 16 0
22 : 275 95 60 24 1
23 : 180 315 90 36 0
24 : 159 549 39 15 0
25 : 198 549 39 15 0
26 : 226 509 51 15 0
27 : 40 549 40 15 0
28 : 101 243 101 36 0
29 : 270 315 60 18 1
30 : 55 509 55 15 0
31 : 240 459 60 15 0
32 : 163 491 66 15 0
33 : 194 509 24 32 1
34 : 180 351 90 36 0
35 : 229 491 51 18 0
36 : 90 315 90 36 0
37 : 0 387 90 36 0
38 : 270 375 60 18 1
39 : 90 387 90 36 0
40 : 280 491 17 16 0
41 : 239 474 59 14 0
42 : 0 491 163 15 0
43 : 0 198 101 36 0
44 : 0 423 90 36 0
45 : 110 509 52 15 0
46 : 90 423 90 36 0
47 : 54 533 50 15 0
48 : 80 549 40 15 0
49 : 0 533 54 14 0
50 : 0 279 101 36 0
51 : 180 423 90 36 0
52 : 0 243 101 36 0
53 : 202 243 90 36 0
54 : 209 165 78 78 0
55 : 0 315 90 36 0
56 : 0 351 90 36 0
57 : 160 459 80 15 0
