200 296
0 : 110 0 15 72 1
1 : 147 163 15 47 1
2 : 102 44 67 11 0
3 : 58 102 56 39 0
4 : 0 215 6 35 1
5 : 183 88 11 17 1
6 : 82 260 8 20 1
7 : 175 238 22 8 0
8 : 117 275 8 12 0
9 : 197 238 3 16 0
10 : 156 275 11 9 1
11 : 64 88 9 61 1
12 : 0 190 47 7 0
13 : 135 275 11 11 0
14 : 157 260 5 18 1
15 : 194 215 6 22 0
16 : 39 289 5 7 0
17 : 80 275 6 14 0
18 : 79 238 25 21 0
19 : 0 260 22 4 0
20 : 34 275 16 11 0
21 : 69 215 33 17 0
22 : 191 275 8 7 1
23 : 24 289 4 8 1
24 : 0 0 26 110 1
25 : 165 275 11 4 1
26 : 0 102 58 12 0
27 : 114 102 56 21 0
28 : 0 44 21 102 1
29 : 194 163 6 25 0
30 : 105 141 9 51 1
31 : 50 275 16 11 0
32 : 169 44 30 5 0
33 : 108 275 12 9 1
34 : 50 289 4 6 0
35 : 182 0 26 16 1
36 : 109 26 68 12 0
37 : 62 260 20 10 0
38 : 27 238 21 26 1
39 : 22 260 20 12 0
40 : 50 163 49 16 0
41 : 166 215 6 28 1
42 : 169 275 11 3 1
43 : 88 190 37 12 0
44 : 139 260 9 18 1
45 : 198 0 2 9 0
46 : 86 275 5 14 0
47 : 193 260 15 4 1
48 : 170 102 39 9 1
49 : 0 88 64 10 0
50 : 134 215 32 7 0
51 : 53 238 16 26 1
52 : 0 65 99 21 0
53 : 179 102 38 19 1
54 : 102 215 23 32 1
55 : 125 190 6 37 1
56 : 0 141 22 54 1
57 : 162 190 25 36 1
58 : 0 163 50 27 0
59 : 0 238 27 22 0
60 : 47 190 8 41 1
61 : 99 65 66 23 0
62 : 0 289 8 5 0
63 : 197 260 15 3 1
64 : 121 260 18 12 0
65 : 187 275 9 4 1
66 : 198 102 6 2 1
67 : 181 275 9 6 1
68 : 16 289 5 8 1
69 : 0 275 4 18 1
70 : 102 260 15 19 1
71 : 8 289 8 5 0
72 : 91 275 14 4 0
73 : 99 163 48 13 0
74 : 66 275 14 14 0
75 : 129 238 23 10 0
76 : 175 260 5 18 1
77 : 177 26 10 23 1
78 : 54 141 51 11 0
79 : 125 88 58 14 0
80 : 125 275 7 12 0
81 : 172 275 10 9 1
82 : 18 275 16 12 0
83 : 105 275 13 3 1
84 : 165 65 35 9 0
85 : 35 215 34 12 0
86 : 104 238 17 25 1
87 : 54 289 3 3 0
88 : 152 238 7 23 1
89 : 42 260 10 20 1
90 : 0 26 109 18 0
91 : 32 289 7 7 0
92 : 44 289 6 6 0
93 : 156 141 44 13 0
94 : 199 44 3 1 1
95 : 132 275 3 12 0
96 : 146 275 10 11 0
