100 32
0 : 96 20 5 4 1
1 : 0 20 3 13 1
2 : 0 12 49 3 0
3 : 5 29 3 5 1
4 : 26 20 5 5 0
5 : 28 25 3 5 1
6 : 31 20 5 5 0
7 : 47 29 3 3 0
8 : 86 12 4 10 1
9 : 15 29 3 4 1
10 : 70 12 4 11 1
11 : 65 20 3 7 1
12 : 49 12 9 8 0
13 : 67 0 7 33 1
14 : 21 20 5 5 0
15 : 43 25 5 3 0
16 : 10 25 4 5 1
17 : 15 25 5 4 0
18 : 48 25 5 3 0
19 : 53 25 3 5 1
20 : 58 12 12 5 0
21 : 65 29 3 3 0
22 : 39 29 3 4 1
23 : 62 29 3 3 0
24 : 83 25 3 5 1
25 : 38 25 5 3 0
26 : 33 25 3 5 1
27 : 79 20 3 7 1
28 : 46 20 5 5 0
29 : 88 25 5 3 0
30 : 68 25 5 3 0
31 : 58 20 3 7 1
32 : 63 25 5 3 0
33 : 53 29 3 3 0
34 : 27 29 3 4 1
35 : 0 25 5 4 0
36 : 24 25 4 4 0
37 : 19 29 3 4 1
38 : 50 29 3 3 0
39 : 13 20 4 8 1
40 : 5 25 5 4 0
41 : 78 25 5 3 0
42 : 23 29 4 3 0
43 : 34 0 12 33 1
44 : 93 25 3 5 1
45 : 56 29 3 3 0
46 : 20 25 4 4 0
47 : 10 29 3 5 1
48 : 41 20 5 5 0
49 : 86 20 5 4 0
50 : 72 20 7 3 0
51 : 58 25 5 3 0
52 : 91 20 5 4 0
53 : 73 25 5 3 0
54 : 31 29 3 4 1
55 : 43 29 3 4 1
56 : 0 29 3 5 1
57 : 59 29 3 3 0
58 : 35 29 3 4 1
59 : 51 20 7 3 0
60 : 81 12 5 8 0
61 : 0 0 34 12 0
62 : 36 20 5 5 0
