100 28
0 : 22 15 5 4 0
1 : 68 12 3 13 1
2 : 0 12 49 3 0
3 : 55 20 3 5 0
4 : 90 12 5 5 0
5 : 46 15 3 5 0
6 : 95 12 5 5 0
7 : 82 20 3 3 0
8 : 58 12 4 10 1
9 : 65 16 3 4 0
10 : 79 7 4 11 1
11 : 58 16 3 7 1
12 : 49 12 9 8 0
13 : 67 0 7 33 1
14 : 85 12 5 5 0
15 : 19 20 5 3 1
16 : 37 15 4 5 0
17 : 41 15 5 4 0
18 : 22 20 5 3 1
19 : 25 20 3 5 0
20 : 67 7 12 5 0
21 : 0 25 3 3 0
22 : 76 20 3 4 0
23 : 97 20 3 3 0
24 : 43 20 3 5 0
25 : 16 20 5 3 1
26 : 13 20 3 5 0
27 : 5 15 3 7 1
28 : 68 15 5 5 0
29 : 46 20 5 3 1
30 : 34 20 5 3 1
31 : 92 17 3 7 1
32 : 31 20 5 3 1
33 : 88 20 3 3 0
34 : 67 20 3 4 0
35 : 27 15 5 4 0
36 : 9 20 4 4 0
37 : 61 20 3 4 0
38 : 85 20 3 3 0
39 : 81 12 4 8 0
40 : 32 15 5 4 0
41 : 40 20 5 3 1
42 : 64 20 4 3 1
43 : 34 0 12 33 1
44 : 49 20 3 5 0
45 : 91 20 3 3 0
46 : 5 20 4 4 0
47 : 58 20 3 5 0
48 : 0 15 5 5 0
49 : 12 15 5 4 0
50 : 73 15 7 3 0
51 : 28 20 5 3 1
52 : 17 15 5 4 0
53 : 37 20 5 3 1
54 : 70 20 3 4 0
55 : 79 20 3 4 0
56 : 52 20 3 5 0
57 : 94 20 3 3 0
58 : 73 20 3 4 0
59 : 85 17 7 3 0
60 : 90 7 5 8 1
61 : 0 0 34 12 0
62 : 0 20 5 5 0
