300 567
0 : 90 384 90 36 0
1 : 80 249 79 15 0
2 : 202 312 90 36 0
3 : 0 95 244 70 0
4 : 0 552 39 15 0
5 : 270 198 55 15 1
6 : 0 528 53 14 0
7 : 0 456 90 36 0
8 : 90 492 80 32 0
9 : 0 348 101 36 0
10 : 101 213 62 31 0
11 : 103 528 40 16 0
12 : 117 552 38 15 0
13 : 275 492 24 32 0
14 : 0 0 300 95 0
15 : 209 165 80 32 0
16 : 155 552 38 15 0
17 : 143 528 40 16 0
18 : 0 165 209 33 0
19 : 0 276 101 36 0
20 : 270 444 47 15 1
21 : 183 528 40 16 0
22 : 270 384 60 24 1
23 : 0 384 90 36 0
24 : 78 552 39 15 0
25 : 39 552 39 15 0
26 : 170 510 51 15 0
27 : 285 444 40 15 1
28 : 101 312 101 36 0
29 : 259 95 60 18 1
30 : 285 198 55 15 1
31 : 241 198 60 15 1
32 : 244 95 66 15 1
33 : 223 528 24 32 1
34 : 180 384 90 36 0
35 : 170 492 51 18 0
36 : 191 348 90 36 0
37 : 0 420 90 36 0
38 : 277 95 60 18 1
39 : 90 420 90 36 0
40 : 281 348 17 16 0
41 : 256 198 59 14 1
42 : 0 198 163 15 0
43 : 101 276 101 36 0
44 : 180 420 90 36 0
45 : 221 506 52 15 0
46 : 90 456 90 36 0
47 : 53 528 50 15 0
48 : 255 528 40 15 0
49 : 221 492 54 14 0
50 : 0 312 101 36 0
51 : 180 456 90 36 0
52 : 0 213 101 36 0
53 : 0 492 90 36 0
54 : 163 198 78 78 0
55 : 202 276 90 36 0
56 : 101 348 90 36 0
57 : 0 249 80 15 0
