300 654
0 : 180 387 90 36 0
1 : 80 562 79 15 0
2 : 0 351 90 36 0
3 : 0 95 244 70 0
4 : 80 638 39 15 0
5 : 236 580 55 15 0
6 : 50 622 53 14 0
7 : 0 459 90 36 0
8 : 170 495 80 32 0
9 : 101 315 101 36 0
10 : 163 531 62 31 0
11 : 150 622 40 16 0
12 : 197 638 38 15 0
13 : 107 598 24 32 1
14 : 0 0 300 95 0
15 : 90 495 80 32 0
16 : 235 638 38 15 0
17 : 190 622 40 16 0
18 : 0 165 209 33 0
19 : 0 279 101 36 0
20 : 103 622 47 15 0
21 : 230 622 40 16 0
22 : 225 531 60 24 0
23 : 0 387 90 36 0
24 : 119 638 39 15 0
25 : 158 638 39 15 0
26 : 171 598 51 15 0
27 : 0 638 40 15 0
28 : 101 279 101 36 0
29 : 159 562 60 18 0
30 : 0 598 55 15 0
31 : 117 580 60 15 0
32 : 0 580 66 15 0
33 : 139 598 24 32 1
34 : 0 423 90 36 0
35 : 66 580 51 18 0
36 : 180 351 90 36 0
37 : 90 423 90 36 0
38 : 219 562 60 18 0
39 : 180 423 90 36 0
40 : 273 638 17 16 0
41 : 177 580 59 14 0
42 : 0 531 163 15 0
43 : 101 243 101 36 0
44 : 90 459 90 36 0
45 : 55 598 52 15 0
46 : 180 459 90 36 0
47 : 0 622 50 15 0
48 : 40 638 40 15 0
49 : 222 598 54 14 0
50 : 0 315 101 36 0
51 : 0 495 90 36 0
52 : 0 243 101 36 0
53 : 202 315 90 36 0
54 : 209 165 78 78 0
55 : 90 351 90 36 0
56 : 90 387 90 36 0
57 : 0 562 80 15 0
