200 255
0 : 0 30 110 32 0
1 : 165 149 12 33 1
2 : 110 30 78 15 0
3 : 64 130 62 18 0
4 : 112 149 16 53 1
5 : 91 77 37 76 1
6 : 0 62 14 97 1
7 : 139 171 28 43 1
8 : 56 236 16 9 1
9 : 185 209 15 22 0
10 : 0 130 64 19 0
11 : 77 236 10 13 0
12 : 188 30 4 27 0
13 : 65 236 12 13 0
14 : 101 236 3 6 0
15 : 192 30 7 22 0
16 : 72 114 67 16 0
17 : 158 209 27 14 0
18 : 41 209 13 41 1
19 : 115 0 78 35 0
20 : 0 0 30 115 1
21 : 58 149 8 54 1
22 : 0 77 20 91 1
23 : 95 236 6 6 0
24 : 0 114 72 12 0
25 : 97 62 15 92 1
26 : 0 149 22 58 1
27 : 188 130 19 6 1
28 : 0 171 38 48 1
29 : 139 114 21 61 1
30 : 182 171 10 38 0
31 : 48 171 22 47 1
32 : 167 77 22 37 0
33 : 193 0 5 30 0
34 : 87 236 5 9 0
35 : 189 62 3 15 0
36 : 189 77 24 10 1
37 : 121 209 20 37 1
38 : 43 236 18 13 1
39 : 0 236 23 19 0
40 : 0 209 41 27 0
41 : 194 130 18 5 1
42 : 192 62 6 11 0
43 : 82 209 39 24 0
44 : 192 171 21 6 1
45 : 126 130 62 17 0
46 : 23 236 20 15 0
47 : 92 236 3 8 0
48 : 95 171 44 7 0
