100 28
0 : 85 12 5 4 1
1 : 83 5 3 13 1
2 : 0 0 49 3 0
3 : 46 19 3 5 0
4 : 41 12 5 5 0
5 : 73 19 3 5 0
6 : 49 12 5 5 0
7 : 14 24 3 3 0
8 : 33 12 4 10 0
9 : 96 5 3 4 1
10 : 83 8 4 11 1
11 : 62 12 3 7 0
12 : 33 3 9 8 0
13 : 0 3 7 33 1
14 : 95 0 5 5 0
15 : 97 12 5 3 1
16 : 0 24 4 5 1
17 : 41 17 5 4 0
18 : 68 20 5 3 0
19 : 59 19 3 5 0
20 : 83 0 12 5 0
21 : 32 24 3 3 0
22 : 8 24 3 4 0
23 : 29 24 3 3 0
24 : 76 17 3 5 0
25 : 68 17 5 3 0
26 : 41 21 3 5 1
27 : 73 12 3 7 0
28 : 76 12 5 5 0
29 : 79 17 5 3 0
30 : 54 17 5 3 0
31 : 59 12 3 7 0
32 : 49 17 5 3 0
33 : 20 24 3 3 0
34 : 94 20 3 4 0
35 : 89 12 5 4 1
36 : 37 20 4 4 0
37 : 87 21 3 4 1
38 : 17 24 3 3 0
39 : 37 12 4 8 0
40 : 93 12 5 4 1
41 : 54 20 5 3 0
42 : 94 17 4 3 0
43 : 0 12 12 33 1
44 : 79 20 3 5 1
45 : 23 24 3 3 0
46 : 87 17 4 4 0
47 : 91 17 3 5 0
48 : 68 12 5 5 0
49 : 94 8 5 4 0
50 : 65 12 7 3 1
51 : 62 19 5 3 0
52 : 81 12 5 4 1
53 : 49 20 5 3 0
54 : 97 20 3 4 0
55 : 11 24 3 4 0
56 : 84 17 3 5 0
57 : 26 24 3 3 0
58 : 5 24 3 4 0
59 : 46 12 7 3 1
60 : 42 3 5 8 0
61 : 49 0 34 12 0
62 : 54 12 5 5 0
