200 230
0 : 126 54 66 25 0
1 : 166 109 14 30 0
2 : 127 177 18 14 0
3 : 0 196 43 34 0
4 : 65 79 59 30 0
5 : 189 128 10 16 0
6 : 141 43 8 33 1
7 : 0 109 22 47 1
8 : 70 196 18 16 1
9 : 0 131 26 13 0
10 : 39 160 24 17 0
11 : 174 43 26 4 0
12 : 95 69 7 28 1
13 : 39 146 26 14 0
14 : 47 109 30 51 1
15 : 0 146 39 25 0
16 : 123 69 7 3 1
17 : 189 109 19 9 1
18 : 192 54 25 6 1
19 : 31 171 8 14 0
20 : 83 0 18 78 1
21 : 43 196 14 17 0
22 : 0 54 62 12 0
23 : 62 54 15 64 1
24 : 46 66 16 5 0
25 : 0 66 46 13 0
26 : 105 196 27 26 1
27 : 91 18 12 63 1
28 : 187 79 30 8 1
29 : 0 18 36 91 1
30 : 0 171 23 31 1
31 : 180 131 8 13 0
32 : 180 109 22 9 1
33 : 91 43 9 50 1
34 : 166 139 14 4 0
35 : 46 71 8 16 1
36 : 146 146 22 12 1
37 : 98 109 57 37 0
38 : 31 140 7 6 0
39 : 161 6 12 36 1
40 : 155 109 11 29 0
41 : 124 79 30 56 1
42 : 65 146 50 62 1
43 : 91 30 61 13 0
44 : 193 47 4 7 0
45 : 62 69 7 33 1
46 : 158 146 16 26 0
47 : 154 18 12 46 1
48 : 174 146 21 27 0
49 : 0 79 28 65 1
50 : 154 168 4 4 0
51 : 26 131 9 19 1
52 : 154 30 40 13 0
53 : 47 139 6 19 1
54 : 158 172 15 22 0
55 : 127 146 19 31 0
56 : 39 177 21 17 0
57 : 26 140 5 6 0
58 : 195 79 5 15 0
59 : 180 79 30 7 1
60 : 174 47 6 19 1
61 : 146 168 8 12 0
62 : 155 138 11 8 0
63 : 86 196 19 21 0
64 : 174 173 18 14 0
65 : 62 76 3 20 1
66 : 141 51 18 3 0
67 : 0 0 83 16 0
68 : 57 196 16 13 1
69 : 0 16 2 7 1
70 : 194 30 6 10 0
71 : 161 0 37 6 0
72 : 197 6 8 3 1
