200 337
0 : 99 65 15 72 1
1 : 41 156 15 47 1
2 : 0 86 67 11 0
3 : 85 214 56 39 0
4 : 76 178 6 35 1
5 : 159 278 11 17 0
6 : 72 253 8 20 1
7 : 175 214 22 8 1
8 : 129 301 8 12 0
9 : 0 253 3 16 1
10 : 167 301 11 9 1
11 : 0 98 9 61 1
12 : 0 135 47 7 0
13 : 25 323 11 11 0
14 : 193 214 5 18 0
15 : 165 214 6 22 0
16 : 176 301 5 7 0
17 : 107 278 6 14 0
18 : 92 301 25 21 0
19 : 63 214 22 4 0
20 : 34 301 16 11 1
21 : 148 214 33 17 1
22 : 0 323 8 7 0
23 : 88 301 4 8 0
24 : 0 18 26 110 1
25 : 141 278 11 4 1
26 : 61 98 58 12 0
27 : 95 135 56 21 0
28 : 0 44 21 102 1
29 : 38 214 6 25 1
30 : 66 112 9 51 1
31 : 170 278 16 11 1
32 : 37 187 30 5 0
33 : 158 301 12 9 1
34 : 181 301 4 6 0
35 : 135 253 26 16 0
36 : 67 86 68 12 0
37 : 161 253 20 10 1
38 : 45 301 21 26 1
39 : 95 278 20 12 1
40 : 151 135 49 16 0
41 : 151 187 6 28 1
42 : 113 278 11 3 1
43 : 0 187 37 12 0
44 : 83 278 9 18 0
45 : 145 278 2 9 0
46 : 46 278 5 14 0
47 : 128 253 15 4 1
48 : 37 178 39 9 0
49 : 135 86 64 10 0
50 : 146 178 32 7 0
51 : 0 278 16 26 1
52 : 0 65 99 21 0
53 : 0 214 38 19 0
54 : 51 278 23 32 1
55 : 0 178 6 37 1
56 : 88 156 22 54 1
57 : 92 253 25 36 1
58 : 67 187 50 27 0
59 : 0 301 27 22 0
60 : 0 156 8 41 1
61 : 0 112 66 23 0
62 : 137 301 8 5 1
63 : 57 253 15 3 0
64 : 147 278 18 12 1
65 : 181 278 9 4 1
66 : 71 301 6 2 1
67 : 142 301 9 6 1
68 : 148 301 5 8 0
69 : 171 214 4 18 0
70 : 73 301 15 19 0
71 : 153 301 8 5 1
72 : 171 253 14 4 1
73 : 47 135 48 13 0
74 : 36 323 14 14 0
75 : 34 253 23 10 0
76 : 16 253 5 18 1
77 : 183 214 10 23 0
78 : 117 112 51 11 0
79 : 119 98 58 14 0
80 : 27 301 7 12 0
81 : 186 301 10 9 1
82 : 117 301 16 12 1
83 : 132 253 13 3 1
84 : 111 178 35 9 0
85 : 117 187 34 12 0
86 : 116 278 17 25 1
87 : 57 323 3 3 0
88 : 141 214 7 23 0
89 : 26 278 10 20 1
90 : 0 0 109 18 0
91 : 50 323 7 7 0
92 : 19 323 6 6 0
93 : 142 156 44 13 0
94 : 185 301 3 1 1
95 : 92 278 3 12 0
96 : 8 323 10 11 1
