1000 8768
0 : 0 5407 340 857 1
1 : 598 8505 104 178 1
2 : 0 5018 943 389 0
3 : 677 5747 189 491 0
4 : 776 7974 146 162 1
5 : 0 7555 33 963 1
6 : 678 6954 497 135 1
7 : 0 3605 652 992 1
8 : 0 8505 121 598 1
9 : 909 4257 42 727 0
10 : 536 6954 142 505 0
11 : 970 980 24 83 0
12 : 0 7974 150 776 1
13 : 0 7925 49 921 1
14 : 0 5747 493 677 1
15 : 0 7840 85 886 1
16 : 647 6240 421 99 1
17 : 0 980 970 933 0
18 : 0 7588 252 738 1
19 : 0 8124 561 246 0
20 : 0 2826 882 779 0
21 : 998 1913 298 2 1
22 : 813 6954 452 169 1
23 : 951 4257 253 49 1
24 : 857 5407 338 87 1
25 : 914 6240 81 148 0
26 : 855 6240 59 375 0
27 : 0 6240 457 647 1
28 : 986 2826 12 189 0
29 : 992 3605 8 169 0
30 : 738 7588 191 233 0
31 : 0 7470 85 947 1
32 : 0 8370 629 135 0
33 : 0 6697 965 107 0
34 : 746 6240 359 109 1
35 : 931 1913 840 67 1
36 : 0 8626 538 142 0
37 : 882 2826 104 726 0
38 : 984 0 15 871 0
39 : 629 8370 144 230 1
40 : 982 6954 10 114 0
41 : 0 4257 761 761 0
42 : 0 0 984 980 0
43 : 866 5747 408 117 1
44 : 983 5747 9 189 0
45 : 0 1913 931 913 0
46 : 0 6954 516 536 1
47 : 0 6804 150 906 1
48 : 761 4257 689 148 1
49 : 776 8505 103 146 1
