70 940
0 : 0 0 43 31 0
1 : 0 31 43 31 0
2 : 0 62 43 31 0
3 : 0 93 43 31 0
4 : 0 124 41 30 0
5 : 0 154 41 30 0
6 : 0 766 39 29 0
7 : 0 795 39 29 0
8 : 0 202 39 29 0
9 : 0 231 39 29 0
10 : 0 260 38 28 0
11 : 0 288 38 28 0
12 : 0 316 38 28 0
13 : 0 344 38 28 0
14 : 0 372 37 27 0
15 : 0 399 37 27 0
16 : 0 426 37 27 0
17 : 0 453 36 26 0
18 : 0 479 36 26 0
19 : 0 505 36 26 0
20 : 0 531 36 26 0
21 : 0 557 35 25 0
22 : 35 557 35 25 0
23 : 0 582 35 25 0
24 : 33 654 34 24 0
25 : 35 582 34 24 0
26 : 0 607 34 24 0
27 : 34 607 34 24 0
28 : 0 631 23 33 1
29 : 33 631 23 33 1
30 : 0 654 23 33 1
31 : 0 743 23 33 1
32 : 0 678 32 22 0
33 : 32 678 32 22 0
34 : 0 700 32 22 0
35 : 32 700 21 31 1
36 : 0 722 21 31 1
37 : 31 722 21 31 1
38 : 41 154 18 29 0
39 : 0 184 18 29 1
40 : 29 184 18 29 1
41 : 39 795 27 17 1
42 : 0 824 27 17 0
43 : 27 824 24 15 0
44 : 0 841 24 15 0
45 : 24 841 25 16 0
46 : 0 857 25 16 0
47 : 25 857 25 16 0
48 : 0 873 25 16 0
49 : 25 873 24 15 0
50 : 0 889 14 23 1
51 : 23 889 14 23 1
52 : 46 889 14 23 1
53 : 0 903 14 23 1
54 : 23 903 12 21 1
55 : 44 903 12 21 1
56 : 0 917 12 21 1
57 : 21 917 11 19 1
58 : 40 917 11 19 1
59 : 0 929 11 19 1
60 : 19 929 11 19 1
61 : 38 929 17 9 0
