3000 5331
0 : 0 5146 365 185 0
1 : 2799 3964 378 200 1
2 : 2634 3964 410 165 1
3 : 2760 4574 425 148 1
4 : 2464 4574 425 296 1
5 : 2858 3409 439 116 1
6 : 1882 572 464 1006 1
7 : 2653 3409 520 205 1
8 : 2114 4574 520 350 1
9 : 1584 4574 540 530 1
10 : 1575 2265 549 1413 1
11 : 0 572 549 1882 1
12 : 1088 4574 553 496 1
13 : 1898 3409 555 755 1
14 : 592 4574 555 496 1
15 : 1350 3964 555 659 1
16 : 2460 2837 567 473 1
17 : 0 4574 572 592 1
18 : 1890 0 572 975 1
19 : 1690 1121 572 1175 1
20 : 0 2265 572 1575 1
21 : 1590 1693 572 1390 1
22 : 0 2837 572 1490 1
23 : 0 1693 572 1590 1
24 : 0 1121 572 1690 1
25 : 0 0 572 1890 1
26 : 2009 3964 610 625 1
27 : 690 3964 660 490 0
28 : 0 3964 690 447 0
29 : 949 3409 949 445 0
30 : 0 3409 949 478 0
31 : 1490 2837 970 463 0
