1000 32543
0 : 0 0 602 738 1
1 : 0 602 897 620 0
2 : 0 1222 743 708 0
3 : 0 1930 308 409 1
4 : 409 1930 447 477 1
5 : 886 1930 421 71 1
6 : 0 2377 167 331 1
7 : 331 2377 667 149 0
8 : 0 2544 792 493 0
9 : 0 3037 190 567 1
10 : 0 3227 320 711 1
11 : 0 3547 891 518 0
12 : 0 4065 750 559 0
13 : 750 4065 220 428 0
14 : 970 4065 10 55 0
15 : 0 4624 990 287 0
16 : 0 4911 986 840 0
17 : 0 5751 482 431 0
18 : 482 5751 393 471 1
19 : 0 6182 524 139 0
20 : 0 6321 963 110 0
21 : 0 6431 554 971 1
22 : 0 6985 143 657 1
23 : 0 7128 621 642 1
24 : 0 7749 628 649 1
25 : 0 8377 633 770 1
26 : 770 8377 473 184 1
27 : 0 9010 729 109 0
28 : 0 9119 601 395 0
29 : 0 9514 151 693 1
30 : 0 9665 342 281 0
31 : 342 9665 82 351 1
32 : 0 9946 531 361 0
33 : 0 10307 82 636 1
34 : 0 10389 926 836 0
35 : 0 11225 844 735 0
36 : 0 11960 246 940 1
37 : 0 12206 867 175 0
38 : 0 12381 560 664 1
39 : 0 12941 896 438 0
40 : 0 13379 711 613 0
41 : 0 13992 860 446 0
42 : 0 14438 182 927 1
43 : 0 14620 579 258 0
44 : 0 14878 753 372 0
45 : 0 15250 153 759 1
46 : 0 15403 361 371 1
47 : 371 15403 519 5 0
48 : 0 15764 866 129 0
49 : 0 15893 826 260 0
50 : 0 16153 361 202 0
51 : 0 16355 475 664 1
52 : 0 16830 125 483 1
53 : 0 16955 541 953 1
54 : 0 17496 573 141 0
55 : 573 17496 294 360 1
56 : 0 17790 95 681 1
57 : 0 17885 733 204 0
58 : 0 18089 907 307 0
59 : 0 18396 677 787 1
60 : 0 19073 345 708 1
61 : 0 19418 398 612 1
62 : 0 19816 572 490 0
63 : 0 20306 587 412 0
64 : 0 20718 275 786 1
65 : 0 20993 861 214 0
66 : 0 21207 997 576 0
67 : 0 21783 300 211 0
68 : 0 21994 790 189 0
69 : 0 22183 274 183 0
70 : 0 22366 893 692 0
71 : 0 23058 470 908 1
72 : 0 23528 456 667 1
73 : 0 23984 578 743 1
74 : 743 23984 196 327 0
75 : 0 24562 68 404 1
76 : 404 24562 162 380 1
77 : 0 24724 563 59 0
78 : 0 24783 881 573 0
79 : 0 25356 910 310 0
80 : 0 25666 367 451 1
81 : 0 26033 898 640 0
82 : 0 26673 697 52 0
83 : 0 26725 588 646 1
84 : 0 27313 604 688 1
85 : 688 27313 469 1 1
86 : 0 27917 673 461 0
87 : 673 27917 105 307 0
88 : 0 28378 842 370 0
89 : 0 28748 405 788 1
90 : 0 29153 450 912 1
91 : 0 29603 816 750 0
92 : 0 30353 881 179 0
93 : 0 30532 16 427 1
94 : 427 30532 547 413 0
95 : 0 30945 689 837 1
96 : 0 31634 380 786 1
97 : 0 32014 13 616 1
98 : 0 32027 783 143 0
99 : 0 32170 373 726 1
