1000 28468
0 : 0 18702 602 738 1
1 : 0 6349 897 620 0
2 : 0 17416 743 708 0
3 : 688 21159 308 409 0
4 : 482 28021 447 477 1
5 : 912 4172 421 71 1
6 : 753 16485 167 331 0
7 : 837 11438 667 149 1
8 : 0 13137 792 493 0
9 : 743 17416 190 567 0
10 : 0 20494 320 711 1
11 : 0 8099 891 518 0
12 : 0 16857 750 559 0
13 : 711 19881 220 428 0
14 : 990 576 10 55 0
15 : 0 576 990 287 0
16 : 0 863 986 840 0
17 : 0 28021 482 431 0
18 : 572 26757 393 471 0
19 : 750 16857 524 139 1
20 : 0 2257 963 110 0
21 : 0 1703 554 971 1
22 : 787 14224 143 657 0
23 : 0 24931 621 642 1
24 : 0 23715 628 649 1
25 : 0 15699 633 770 1
26 : 743 18124 473 184 1
27 : 844 10333 729 109 1
28 : 0 25950 601 395 0
29 : 816 12387 151 693 0
30 : 708 20814 342 281 1
31 : 896 6969 82 351 0
32 : 0 27660 531 361 0
33 : 898 5709 82 636 0
34 : 0 3336 926 836 0
35 : 0 10333 844 735 0
36 : 0 2908 246 940 1
37 : 0 9369 867 175 0
38 : 0 22680 560 664 1
39 : 0 6969 896 438 0
40 : 0 19881 711 613 0
41 : 0 9887 860 446 0
42 : 0 3154 182 927 1
43 : 738 18702 579 258 1
44 : 0 16485 753 372 0
45 : 0 16332 153 759 1
46 : 612 25552 361 371 0
47 : 971 1703 519 5 1
48 : 0 9544 866 129 0
49 : 0 12127 826 260 0
50 : 786 14901 361 202 1
51 : 0 23240 475 664 1
52 : 792 13137 125 483 0
53 : 0 2367 541 953 1
54 : 770 15699 573 141 1
55 : 673 21763 294 360 0
56 : 893 7407 95 681 0
57 : 0 19304 733 204 0
58 : 0 5402 907 307 0
59 : 0 14224 677 787 1
60 : 0 20814 345 708 1
61 : 0 25552 398 612 1
62 : 0 26757 572 490 0
63 : 0 26345 587 412 0
64 : 0 15281 275 786 1
65 : 0 9673 861 214 0
66 : 0 0 997 576 0
67 : 711 20494 300 211 1
68 : 0 13630 790 189 0
69 : 786 15281 274 183 1
70 : 0 7407 893 692 0
71 : 0 4932 470 908 1
72 : 0 22224 456 667 1
73 : 0 18124 578 743 1
74 : 726 19508 196 327 0
75 : 908 4932 68 404 0
76 : 788 13819 162 380 0
77 : 897 6349 563 59 1
78 : 0 8617 881 573 0
79 : 0 4622 910 310 0
80 : 547 27247 367 451 1
81 : 0 5709 898 640 0
82 : 926 3336 697 52 1
83 : 0 24343 588 646 1
84 : 0 21159 604 688 1
85 : 997 0 469 1 1
86 : 0 21763 673 461 0
87 : 891 8099 105 307 0
88 : 0 11068 842 370 0
89 : 0 13819 405 788 1
90 : 0 4172 450 912 1
91 : 0 12387 816 750 0
92 : 0 9190 881 179 0
93 : 976 1703 16 427 0
94 : 0 27247 547 413 0
95 : 0 11438 689 837 1
96 : 0 14901 380 786 1
97 : 986 863 13 616 0
98 : 0 15556 783 143 0
99 : 0 19508 373 726 1
