200 345
0 : 0 0 66 25 0
1 : 66 0 14 30 1
2 : 96 0 18 14 1
3 : 110 0 43 34 0
4 : 0 34 59 30 0
5 : 59 34 10 16 0
6 : 69 34 8 33 1
7 : 102 34 22 47 1
8 : 149 34 18 16 1
9 : 165 34 26 13 1
10 : 178 34 24 17 1
11 : 195 34 26 4 1
12 : 0 64 7 28 1
13 : 28 64 26 14 0
14 : 54 64 30 51 1
15 : 105 64 39 25 0
16 : 144 64 7 3 1
17 : 147 64 19 9 1
18 : 156 64 25 6 1
19 : 162 64 8 14 0
20 : 0 94 18 78 1
21 : 78 94 14 17 0
22 : 92 94 62 12 0
23 : 0 112 15 64 1
24 : 64 112 16 5 0
25 : 80 112 46 13 0
26 : 126 112 27 26 0
27 : 0 138 12 63 1
28 : 63 138 30 8 0
29 : 93 138 36 91 1
30 : 0 174 23 31 1
31 : 31 174 8 13 0
32 : 39 174 22 9 1
33 : 48 174 9 50 1
34 : 98 174 14 4 1
35 : 102 174 8 16 0
36 : 110 174 22 12 1
37 : 122 174 57 37 0
38 : 179 174 7 6 1
39 : 185 174 12 36 0
40 : 0 211 11 29 1
41 : 29 211 30 56 1
42 : 85 211 50 62 1
43 : 0 261 61 13 0
44 : 61 261 4 7 0
45 : 65 261 7 33 1
46 : 98 261 16 26 1
47 : 124 261 12 46 1
48 : 170 261 21 27 1
49 : 0 282 28 65 1
50 : 65 282 4 4 0
51 : 69 282 9 19 0
52 : 78 282 40 13 0
53 : 118 282 6 19 0
54 : 124 282 15 22 0
55 : 139 282 19 31 1
56 : 170 282 21 17 1
57 : 187 282 5 6 0
58 : 192 282 5 15 0
59 : 0 310 30 7 0
60 : 30 310 6 19 1
61 : 49 310 8 12 1
62 : 61 310 11 8 0
63 : 72 310 19 21 1
64 : 93 310 18 14 1
65 : 107 310 3 20 1
66 : 127 310 18 3 1
67 : 0 329 83 16 0
68 : 83 329 16 13 0
69 : 99 329 2 7 0
70 : 101 329 6 10 0
71 : 107 329 37 6 0
72 : 144 329 8 3 1
