247 696
0 : 29 663 39 27 0
1 : 68 663 41 33 0
2 : 201 511 46 17 0
3 : 212 592 33 17 0
4 : 219 619 27 17 0
5 : 152 282 88 17 0
6 : 128 636 31 17 0
7 : 91 619 43 17 0
8 : 0 165 213 40 0
9 : 95 636 33 17 0
10 : 0 663 29 17 0
11 : 50 636 45 27 0
12 : 108 592 57 27 0
13 : 202 380 36 17 0
14 : 0 347 102 17 0
15 : 207 205 39 17 1
16 : 0 81 240 40 0
17 : 175 663 25 27 0
18 : 0 407 82 17 0
19 : 188 424 54 17 0
20 : 219 636 24 17 1
21 : 219 347 33 17 1
22 : 102 347 117 33 0
23 : 157 473 67 17 0
24 : 103 380 99 27 0
25 : 213 165 40 17 1
26 : 0 39 244 42 0
27 : 224 473 38 17 1
28 : 0 249 146 33 0
29 : 82 407 82 17 0
30 : 0 592 50 17 0
31 : 159 636 31 17 0
32 : 0 121 224 44 0
33 : 224 205 37 17 1
34 : 69 473 88 38 0
35 : 0 205 207 44 0
36 : 0 282 152 65 0
37 : 0 380 103 27 0
38 : 50 592 58 27 0
39 : 105 565 61 27 0
40 : 0 538 71 27 0
41 : 165 592 47 17 0
42 : 146 249 98 27 0
43 : 164 407 76 17 0
44 : 0 636 50 27 0
45 : 0 511 67 17 0
46 : 0 0 247 39 0
47 : 200 663 17 17 0
48 : 230 165 39 17 1
49 : 216 565 31 17 0
50 : 160 663 15 17 0
51 : 0 565 53 17 0
52 : 0 424 112 49 0
53 : 112 424 76 17 0
54 : 0 619 46 17 0
55 : 134 619 43 17 0
56 : 0 473 69 17 0
57 : 46 619 45 17 0
58 : 190 636 29 17 0
59 : 130 511 71 27 0
60 : 224 121 44 17 1
61 : 131 538 60 17 0
62 : 191 538 56 17 0
63 : 143 663 20 17 1
64 : 166 565 50 17 0
65 : 71 538 60 17 0
66 : 67 511 63 17 0
67 : 177 619 42 17 0
68 : 109 663 34 27 0
69 : 53 565 52 17 0
