135 412
0 : 0 358 29 18 0
1 : 85 52 49 16 0
2 : 105 259 29 16 0
3 : 0 86 75 21 0
4 : 27 376 23 16 0
5 : 0 36 88 16 0
6 : 76 68 57 18 0
7 : 45 316 42 21 0
8 : 0 316 45 16 0
9 : 62 187 61 18 0
10 : 65 337 29 20 0
11 : 0 161 67 26 0
12 : 53 259 52 16 0
13 : 0 16 93 20 0
14 : 50 376 22 16 0
15 : 109 376 19 16 1
16 : 97 296 36 20 0
17 : 58 205 55 16 0
18 : 0 0 135 16 0
19 : 0 296 50 18 0
20 : 101 275 31 16 0
21 : 0 259 53 16 0
22 : 113 205 22 18 0
23 : 0 187 62 18 0
24 : 75 86 58 21 0
25 : 0 145 71 16 0
26 : 88 36 45 16 0
27 : 0 52 85 16 0
28 : 87 316 39 16 0
29 : 93 16 40 18 0
30 : 72 376 20 21 1
31 : 71 145 63 16 0
32 : 0 275 51 18 0
33 : 71 127 63 18 0
34 : 29 358 29 16 0
35 : 0 107 73 20 0
36 : 114 358 19 16 0
37 : 58 358 29 16 0
38 : 50 296 47 20 0
39 : 94 337 29 18 0
40 : 51 275 50 21 0
41 : 107 225 34 22 1
42 : 0 225 54 20 0
43 : 73 107 62 20 0
44 : 35 337 30 21 0
45 : 87 358 27 18 0
46 : 0 396 16 16 0
47 : 93 376 19 16 1
48 : 0 376 27 16 0
49 : 67 161 66 18 0
50 : 54 225 53 34 0
51 : 0 68 76 18 0
52 : 0 127 71 18 0
53 : 0 205 58 20 0
54 : 0 337 35 16 0
