200 255
0 : 102 44 15 72 1
1 : 0 151 15 47 1
2 : 0 86 67 11 0
3 : 110 0 56 39 0
4 : 0 211 6 35 1
5 : 61 223 11 17 1
6 : 78 223 8 20 1
7 : 176 113 22 8 1
8 : 69 237 8 12 1
9 : 128 237 3 16 1
10 : 81 237 11 9 1
11 : 0 135 9 61 1
12 : 133 176 47 7 0
13 : 18 237 11 11 0
14 : 193 135 5 18 0
15 : 194 113 6 22 0
16 : 105 248 5 7 0
17 : 90 237 6 14 1
18 : 168 135 25 21 0
19 : 178 223 22 4 0
20 : 162 223 16 11 0
21 : 166 0 33 17 1
22 : 20 248 8 7 0
23 : 91 248 4 8 1
24 : 0 0 26 110 1
25 : 9 248 11 4 0
26 : 61 135 58 12 0
27 : 67 86 56 21 0
28 : 0 44 21 102 1
29 : 168 211 6 25 1
30 : 0 176 9 51 1
31 : 128 223 16 11 0
32 : 67 211 30 5 0
33 : 57 237 12 9 0
34 : 119 248 4 6 0
35 : 173 195 26 16 0
36 : 99 65 68 12 0
37 : 184 113 20 10 1
38 : 174 44 21 26 1
39 : 148 211 20 12 0
40 : 119 135 49 16 0
41 : 97 211 6 28 1
42 : 40 248 11 3 0
43 : 41 195 37 12 0
44 : 144 223 9 18 1
45 : 110 248 2 9 1
46 : 144 237 5 14 1
47 : 104 237 15 4 0
48 : 183 0 39 9 1
49 : 54 113 64 10 0
50 : 35 211 32 7 0
51 : 147 195 16 26 1
52 : 0 65 99 21 0
53 : 51 176 38 19 0
54 : 167 65 23 32 1
55 : 192 0 6 37 0
56 : 0 113 22 54 1
57 : 146 151 25 36 1
58 : 123 86 50 27 0
59 : 173 86 27 22 0
60 : 0 195 8 41 1
61 : 109 26 66 23 0
62 : 58 248 8 5 0
63 : 158 237 15 3 0
64 : 0 223 18 12 0
65 : 66 248 9 4 0
66 : 123 248 6 2 1
67 : 0 248 9 6 0
68 : 75 248 5 8 1
69 : 29 237 4 18 1
70 : 180 176 15 19 1
71 : 83 248 8 5 0
72 : 173 237 14 4 0
73 : 98 151 48 13 0
74 : 98 223 14 14 0
75 : 175 26 23 10 0
76 : 0 237 5 18 1
77 : 125 211 10 23 1
78 : 47 151 51 11 0
79 : 118 113 58 14 0
80 : 193 211 7 12 0
81 : 119 237 10 9 1
82 : 112 223 16 12 0
83 : 187 237 13 3 0
84 : 112 195 35 9 0
85 : 78 195 34 12 0
86 : 182 151 17 25 0
87 : 125 248 3 3 0
88 : 18 223 7 23 1
89 : 41 223 10 20 1
90 : 0 26 109 18 0
91 : 51 248 7 7 0
92 : 99 248 6 6 0
93 : 89 176 44 13 0
94 : 128 248 3 1 1
95 : 28 248 3 12 1
96 : 47 237 10 11 0
