40400 52642
0 : 26339 49259 4629 1596 0
1 : 38785 46082 2919 783 1
2 : 0 46082 8067 1832 0
3 : 12407 42035 7180 2974 0
4 : 37478 49259 1685 1708 0
5 : 8826 51363 2029 601 0
6 : 0 0 15046 7040 0
7 : 30724 25264 6726 7039 1
8 : 0 32110 7958 5170 0
9 : 34094 42035 3621 4223 1
10 : 17209 37406 4358 6846 1
11 : 16429 49259 6272 1268 0
12 : 38640 0 6171 1473 1
13 : 38165 32110 3448 1249 1
14 : 10729 17701 6389 10170 1
15 : 23983 32110 7910 5092 0
16 : 28809 17701 4629 11306 1
17 : 0 51363 1279 1621 1
18 : 24055 37406 3529 6846 1
19 : 11991 46082 3770 3117 0
20 : 8067 46082 3924 3177 0
21 : 39568 46082 2672 556 1
22 : 15046 9743 15046 5222 0
23 : 30968 49259 2050 2287 1
24 : 7958 32110 7958 5152 0
25 : 39163 49259 1063 2033 0
26 : 20437 46082 1823 5782 1
27 : 6978 42035 4047 5429 1
28 : 26219 46082 6416 1491 0
29 : 3444 51363 859 2104 1
30 : 25790 0 6378 12850 1
31 : 0 37406 10744 2912 0
32 : 37627 37406 4629 2353 1
33 : 37078 46082 2919 838 1
34 : 15916 32110 8067 5014 0
35 : 32635 46082 3139 2974 1
36 : 35609 46082 1685 1469 1
37 : 5548 51363 2029 824 0
38 : 0 9743 15046 5406 0
39 : 30901 37406 6726 3329 0
40 : 30092 9743 7958 9256 1
41 : 33255 49259 1080 4223 1
42 : 37763 25264 2407 6846 0
43 : 31893 32110 6272 5296 0
44 : 6416 49259 6171 1375 0
45 : 7577 51363 1253 1249 1
46 : 0 17701 6389 10729 1
47 : 20899 17701 7910 7563 0
48 : 10744 37406 4629 6465 1
49 : 10855 51363 503 1621 1
50 : 0 25264 7629 6846 0
51 : 19587 42035 6549 3117 0
52 : 0 42035 6978 3177 0
53 : 37916 46082 2672 869 1
54 : 15678 25264 15046 3231 0
55 : 15761 46082 4676 2287 0
56 : 26136 42035 7958 2142 0
57 : 22701 49259 3638 2033 0
58 : 1621 51363 1823 1064 0
59 : 38317 42035 4047 1135 1
60 : 0 49259 6416 1357 0
61 : 12587 49259 3842 2104 0
62 : 7629 25264 6378 8049 1
63 : 15046 0 10744 9743 0
