200 255
0 : 186 26 8 47 0
1 : 0 0 143 26 0
2 : 0 76 16 107 1
3 : 0 26 33 95 1
4 : 185 208 5 21 0
5 : 141 147 54 40 0
6 : 0 184 84 15 0
7 : 118 208 32 25 0
8 : 143 0 52 45 0
9 : 180 76 13 39 0
10 : 77 116 86 20 0
11 : 95 26 50 77 1
12 : 0 116 77 31 0
13 : 84 184 24 74 1
14 : 91 235 11 12 0
15 : 0 208 22 65 1
16 : 65 208 27 53 1
17 : 172 26 14 46 0
18 : 82 235 17 9 1
19 : 61 235 15 21 1
20 : 163 116 31 6 0
21 : 0 235 8 38 1
22 : 64 147 23 77 1
23 : 150 208 12 35 1
24 : 102 235 5 12 0
25 : 38 235 20 23 1
26 : 107 76 73 40 0
27 : 158 184 40 39 0
28 : 0 147 64 37 0
