48 2118
0 : 0 1808 32 32 0
1 : 0 48 48 48 0
2 : 0 1392 32 32 0
3 : 0 1424 32 32 0
4 : 0 192 48 48 0
5 : 0 1456 32 32 0
6 : 0 288 48 48 0
7 : 0 0 48 48 0
8 : 0 384 48 48 0
9 : 0 1552 32 32 0
10 : 0 1993 28 25 0
11 : 0 1584 32 32 0
12 : 0 1616 32 32 0
13 : 0 1680 32 32 0
14 : 0 336 48 48 0
15 : 0 1840 32 32 0
16 : 0 528 48 48 0
17 : 0 1872 32 32 0
18 : 0 1904 32 32 0
19 : 0 240 48 48 0
20 : 0 1104 32 32 0
21 : 0 1136 32 32 0
22 : 0 144 48 48 0
23 : 0 1168 32 32 0
24 : 0 1200 32 32 0
25 : 0 1232 32 32 0
26 : 0 96 48 48 0
27 : 0 432 48 48 0
28 : 0 1264 32 32 0
29 : 0 1296 32 32 0
30 : 0 1328 32 32 0
31 : 0 480 48 48 0
32 : 0 1360 32 32 0
33 : 0 576 48 48 0
34 : 0 624 48 48 0
35 : 0 2043 28 25 0
36 : 0 672 48 48 0
37 : 0 1488 32 32 0
38 : 0 1520 32 32 0
39 : 0 720 48 48 0
40 : 0 1968 28 25 0
41 : 0 2018 28 25 0
42 : 0 816 48 48 0
43 : 0 1648 32 32 0
44 : 0 864 48 48 0
45 : 0 1712 32 32 0
46 : 0 1744 32 32 0
47 : 0 1776 32 32 0
48 : 0 768 48 48 0
49 : 0 912 48 48 0
50 : 0 960 48 48 0
51 : 0 1008 48 48 0
52 : 0 1056 48 48 0
53 : 0 1936 32 32 0
54 : 0 2068 28 25 0
55 : 0 2093 28 25 0
