100 37
0 : 68 24 5 4 1
1 : 67 7 3 13 1
2 : 0 0 49 3 0
3 : 51 19 3 5 0
4 : 14 32 5 5 0
5 : 59 19 3 5 0
6 : 30 32 5 5 0
7 : 11 32 3 3 0
8 : 96 7 4 10 0
9 : 81 24 3 4 0
10 : 92 7 4 11 0
11 : 29 19 3 7 1
12 : 52 24 9 8 0
13 : 49 0 7 33 1
14 : 42 32 5 5 0
15 : 70 19 5 3 0
16 : 39 24 4 5 1
17 : 29 24 5 4 0
18 : 62 19 5 3 0
19 : 75 19 3 5 0
20 : 80 7 12 5 0
21 : 95 24 3 3 0
22 : 75 24 3 4 0
23 : 3 32 3 3 0
24 : 67 19 3 5 0
25 : 54 19 5 3 0
26 : 15 24 3 5 1
27 : 0 19 3 7 1
28 : 6 32 5 5 0
29 : 83 19 5 3 0
30 : 78 19 5 3 0
31 : 7 19 3 7 1
32 : 91 19 5 3 0
33 : 24 32 3 3 0
34 : 88 24 3 4 0
35 : 34 24 5 4 0
36 : 91 24 4 4 0
37 : 61 24 3 4 0
38 : 0 32 3 3 0
39 : 14 19 4 8 1
40 : 84 24 5 4 1
41 : 96 19 5 3 1
42 : 25 24 4 3 0
43 : 34 7 12 33 1
44 : 0 24 3 5 1
45 : 35 32 3 3 0
46 : 38 32 4 4 0
47 : 88 19 3 5 0
48 : 19 32 5 5 0
49 : 47 24 5 4 0
50 : 36 19 7 3 0
51 : 5 24 5 3 0
52 : 64 24 5 4 1
53 : 20 24 5 3 0
54 : 72 24 3 4 0
55 : 44 24 3 4 0
56 : 10 24 3 5 1
57 : 27 32 3 3 0
58 : 78 24 3 4 0
59 : 22 19 7 3 0
60 : 43 19 5 8 1
61 : 0 7 34 12 0
62 : 47 32 5 5 0
