100 1995
0 : 0 1994 1 74 1
1 : 0 1637 24 88 1
2 : 0 1815 16 77 1
3 : 0 1945 98 7 0
4 : 0 1936 9 81 1
5 : 0 1661 22 71 1
6 : 0 1531 29 88 1
7 : 0 1082 100 39 0
8 : 0 830 85 45 0
9 : 0 1410 31 98 1
10 : 86 87 68 11 1
11 : 0 1799 16 88 1
12 : 0 1927 9 86 1
13 : 0 739 67 46 0
14 : 0 961 41 66 1
15 : 0 0 92 87 0
16 : 0 1993 1 83 1
17 : 0 1310 35 70 1
18 : 0 1160 39 67 1
19 : 0 1441 31 68 1
20 : 0 1969 5 88 1
21 : 0 1472 30 86 1
22 : 0 222 99 65 0
23 : 0 1378 32 88 1
24 : 0 1704 21 66 1
25 : 0 1274 36 75 1
26 : 0 1683 21 93 1
27 : 0 875 44 81 1
28 : 0 597 48 87 1
29 : 89 1964 4 10 1
30 : 0 345 53 76 1
31 : 0 1765 17 83 1
32 : 72 1237 37 24 1
33 : 0 1345 33 78 1
34 : 0 500 49 82 1
35 : 0 398 52 88 1
36 : 67 1160 38 28 1
37 : 0 1587 25 91 1
38 : 0 1964 5 89 1
39 : 0 450 50 75 1
40 : 0 1992 1 96 1
41 : 0 1560 27 78 1
42 : 0 1958 82 6 0
43 : 86 155 8 1 0
44 : 0 1612 25 80 1
45 : 0 919 42 73 1
46 : 0 1984 4 92 1
47 : 0 1502 29 100 1
48 : 0 1917 10 72 1
49 : 0 1831 78 15 0
50 : 0 785 45 89 1
51 : 0 287 60 58 0
52 : 92 0 8 73 0
53 : 0 1952 6 87 1
54 : 0 549 48 93 1
55 : 0 1988 4 87 1
56 : 0 1782 17 81 1
57 : 0 1979 5 71 1
58 : 0 1873 13 71 1
59 : 0 1907 10 75 1
60 : 0 1199 38 98 1
61 : 0 156 66 98 1
62 : 0 1042 40 92 1
63 : 0 1897 84 10 0
64 : 0 1745 20 88 1
65 : 0 1121 39 100 1
66 : 68 1441 28 30 0
67 : 0 1974 5 77 1
68 : 0 1846 14 86 1
69 : 88 1637 24 12 1
70 : 70 1310 28 33 0
71 : 0 693 46 90 1
72 : 0 1725 20 92 1
73 : 0 87 69 86 1
74 : 0 1002 40 98 1
75 : 0 645 48 76 1
76 : 0 1237 37 72 1
77 : 78 1345 28 22 1
78 : 0 1860 13 82 1
79 : 0 1886 11 70 1
