200 327
0 : 0 292 8 47 1
1 : 0 0 143 26 0
2 : 0 76 16 107 1
3 : 0 26 33 95 1
4 : 52 312 5 21 1
5 : 52 208 54 40 0
6 : 0 184 84 15 0
7 : 139 253 32 25 1
8 : 0 208 52 45 0
9 : 47 292 13 39 1
10 : 77 116 86 20 0
11 : 95 26 50 77 1
12 : 0 116 77 31 0
13 : 84 184 24 74 1
14 : 90 312 11 12 0
15 : 106 208 22 65 1
16 : 0 253 27 53 1
17 : 93 253 14 46 1
18 : 73 312 17 9 0
19 : 31 312 15 21 1
20 : 0 312 31 6 0
21 : 121 292 8 38 1
22 : 64 147 23 77 1
23 : 86 292 12 35 1
24 : 101 312 5 12 0
25 : 159 292 20 23 1
26 : 107 76 73 40 0
27 : 53 253 40 39 0
28 : 0 147 64 37 0
