40400 46443
0 : 34323 20329 4629 1596 0
1 : 39422 37526 2919 783 1
2 : 23594 18651 8067 1832 0
3 : 0 18640 7180 2974 0
4 : 6846 40855 1685 1708 0
5 : 19497 40643 2029 601 1
6 : 0 0 15046 7040 0
7 : 23449 29963 6726 7039 0
8 : 27475 22005 7958 5170 1
9 : 4629 42822 3621 4223 1
10 : 33352 29963 4358 6846 0
11 : 19426 28383 6272 1268 0
12 : 0 28394 6171 1473 0
13 : 6171 28394 3448 1249 0
14 : 0 22005 6389 10170 1
15 : 7910 29963 7910 5092 0
16 : 30092 0 4629 11306 0
17 : 8531 40855 1279 1621 0
18 : 0 37526 3529 6846 1
19 : 12776 42822 3770 3117 0
20 : 8852 42822 3924 3177 0
21 : 34721 11613 2672 556 0
22 : 0 7040 15046 5222 0
23 : 17210 40643 2050 2287 1
24 : 32645 22005 7958 5152 1
25 : 31661 18651 1063 2033 1
26 : 15046 10271 1823 5782 1
27 : 32858 37526 4047 5429 1
28 : 7910 35055 6416 1491 0
29 : 11856 18640 859 2104 0
30 : 0 12262 6378 12850 1
31 : 34721 0 10744 2912 1
32 : 0 42822 4629 2353 0
33 : 30092 11306 2919 838 0
34 : 34323 12262 8067 5014 1
35 : 16546 42822 3139 2974 1
36 : 25698 28383 1685 1469 0
37 : 39422 40445 2029 824 1
38 : 15046 0 15046 5406 0
39 : 6846 37526 6726 3329 0
40 : 10170 22005 7958 9256 1
41 : 29765 20483 1080 4223 1
42 : 37710 29963 2407 6846 0
43 : 26586 37526 6272 5296 0
44 : 23594 20483 6171 1375 0
45 : 14326 35055 1253 1249 0
46 : 23594 12262 6389 10729 1
47 : 0 29963 7910 7563 0
48 : 20121 37526 4629 6465 1
49 : 33011 11306 503 1621 1
50 : 15820 29963 7629 6846 0
51 : 13572 37526 6549 3117 0
52 : 30175 29963 6978 3177 1
53 : 34721 10744 2672 869 0
54 : 15046 7040 15046 3231 0
55 : 7180 18640 4676 2287 0
56 : 37633 0 7958 2142 1
57 : 13572 40643 3638 2033 0
58 : 7180 20927 1823 1064 0
59 : 38287 37526 4047 1135 1
60 : 37797 22005 6416 1357 1
61 : 37633 7958 3842 2104 1
62 : 19426 22005 6378 8049 1
63 : 12850 12262 10744 9743 0
