200 295
0 : 0 0 110 32 0
1 : 110 0 12 33 1
2 : 0 32 78 15 0
3 : 78 32 62 18 0
4 : 140 32 16 53 1
5 : 0 50 37 76 1
6 : 76 50 14 97 1
7 : 0 87 28 43 1
8 : 43 87 16 9 1
9 : 52 87 15 22 0
10 : 67 87 64 19 0
11 : 131 87 10 13 0
12 : 141 87 4 27 0
13 : 145 87 12 13 0
14 : 157 87 3 6 0
15 : 160 87 7 22 0
16 : 0 115 67 16 0
17 : 67 115 27 14 0
18 : 94 115 13 41 1
19 : 0 131 78 35 0
20 : 78 131 30 115 1
21 : 0 166 8 54 1
22 : 54 166 20 91 1
23 : 145 166 6 6 0
24 : 0 186 72 12 0
25 : 72 186 15 92 1
26 : 0 201 22 58 1
27 : 58 201 19 6 1
28 : 64 201 38 48 1
29 : 112 201 21 61 1
30 : 173 201 10 38 0
31 : 0 239 22 47 1
32 : 47 239 22 37 1
33 : 84 239 5 30 1
34 : 114 239 5 9 0
35 : 119 239 3 15 0
36 : 122 239 24 10 0
37 : 146 239 20 37 1
38 : 183 239 18 13 1
39 : 0 261 23 19 0
40 : 23 261 41 27 0
41 : 64 261 18 5 1
42 : 69 261 6 11 0
43 : 75 261 39 24 0
44 : 114 261 21 6 1
45 : 120 261 62 17 0
46 : 182 261 20 15 1
47 : 197 261 3 8 0
48 : 0 288 44 7 0
