411 564
0 : 0 0 200 200 0
1 : 200 384 26 14 0
2 : 321 369 30 30 0
3 : 200 321 64 63 0
4 : 379 200 22 22 0
5 : 393 400 24 18 1
6 : 0 400 100 100 0
7 : 200 0 200 200 0
8 : 164 500 58 58 0
9 : 0 500 164 56 0
10 : 265 400 64 63 0
11 : 393 424 24 18 1
12 : 0 558 411 6 0
13 : 379 222 24 18 0
14 : 222 500 58 58 0
15 : 351 369 27 23 0
16 : 200 200 121 121 0
17 : 100 400 165 56 0
18 : 0 200 200 200 0
19 : 329 400 64 63 0
20 : 226 384 26 14 0
21 : 379 240 26 14 0
22 : 280 500 58 58 0
23 : 321 200 169 58 1
