100 42
0 : 0 0 5 4 0
1 : 5 0 3 13 1
2 : 18 0 49 3 0
3 : 67 0 3 5 1
4 : 72 0 5 5 0
5 : 77 0 3 5 0
6 : 80 0 5 5 0
7 : 85 0 3 3 0
8 : 88 0 4 10 1
9 : 0 5 3 4 1
10 : 4 5 4 11 1
11 : 15 5 3 7 1
12 : 22 5 9 8 0
13 : 31 5 7 33 1
14 : 64 5 5 5 0
15 : 69 5 5 3 1
16 : 72 5 4 5 0
17 : 76 5 5 4 1
18 : 80 5 5 3 1
19 : 83 5 3 5 0
20 : 86 5 12 5 0
21 : 0 13 3 3 0
22 : 3 13 3 4 1
23 : 7 13 3 3 0
24 : 10 13 3 5 1
25 : 15 13 5 3 0
26 : 20 13 3 5 1
27 : 25 13 3 7 1
28 : 32 13 5 5 0
29 : 37 13 5 3 1
30 : 40 13 5 3 1
31 : 43 13 3 7 1
32 : 50 13 5 3 1
33 : 53 13 3 3 0
34 : 56 13 3 4 0
35 : 59 13 5 4 1
36 : 63 13 4 4 0
37 : 67 13 3 4 0
38 : 70 13 3 3 0
39 : 73 13 4 8 1
40 : 81 13 5 4 1
41 : 85 13 5 3 1
42 : 88 13 4 3 1
43 : 0 18 12 33 1
44 : 91 13 3 5 0
45 : 94 13 3 3 0
46 : 33 18 4 4 0
47 : 97 13 3 5 0
48 : 37 18 5 5 0
49 : 42 18 5 4 1
50 : 46 18 7 3 1
51 : 49 18 5 3 1
52 : 52 18 5 4 1
53 : 56 18 5 3 1
54 : 59 18 3 4 0
55 : 62 18 3 4 0
56 : 65 18 3 5 0
57 : 68 18 3 3 0
58 : 71 18 3 4 0
59 : 74 18 7 3 1
60 : 77 18 5 8 0
61 : 0 30 34 12 0
62 : 82 18 5 5 0
