123 370
0 : 65 310 54 15 0
1 : 0 355 39 15 0
2 : 72 114 51 17 0
3 : 0 185 90 21 0
4 : 0 89 84 25 0
5 : 80 0 43 17 0
6 : 0 227 97 17 0
7 : 64 325 49 15 0
8 : 63 261 45 17 0
9 : 0 62 120 27 0
10 : 0 244 64 17 0
11 : 0 139 67 25 0
12 : 92 295 25 15 0
13 : 0 310 65 15 0
14 : 92 340 23 15 0
15 : 64 244 59 17 0
16 : 67 139 50 17 0
17 : 90 185 33 15 0
18 : 65 31 56 21 0
19 : 0 295 92 15 0
20 : 45 278 67 15 0
21 : 0 340 46 15 0
22 : 0 261 63 17 0
23 : 0 114 72 25 0
24 : 0 0 80 31 0
25 : 39 355 38 15 0
26 : 89 206 32 15 0
27 : 0 325 64 15 0
28 : 84 89 37 17 0
29 : 0 31 65 31 0
30 : 97 227 26 15 0
31 : 0 206 89 21 0
32 : 0 278 45 17 0
33 : 0 164 123 21 0
34 : 46 340 46 15 0
