135 514
0 : 92 433 29 18 0
1 : 0 304 49 16 0
2 : 67 413 29 16 0
3 : 0 102 75 21 0
4 : 0 476 23 16 0
5 : 0 36 88 16 0
6 : 67 217 57 18 0
7 : 0 379 42 21 0
8 : 45 343 45 16 0
9 : 0 197 61 18 0
10 : 27 455 29 20 0
11 : 0 217 67 26 0
12 : 0 284 52 16 0
13 : 0 16 93 20 0
14 : 23 476 22 16 0
15 : 105 476 19 16 0
16 : 0 413 36 20 0
17 : 0 243 55 16 0
18 : 0 0 135 16 0
19 : 0 322 50 18 0
20 : 36 413 31 16 0
21 : 0 263 53 16 0
22 : 45 476 22 18 0
23 : 63 179 62 18 0
24 : 53 263 58 21 0
25 : 0 86 71 16 0
26 : 0 343 45 16 0
27 : 0 52 85 16 0
28 : 47 359 39 16 0
29 : 86 359 40 18 0
30 : 0 494 20 21 1
31 : 66 161 63 16 0
32 : 49 304 51 18 0
33 : 0 179 63 18 0
34 : 96 413 29 16 0
35 : 0 141 73 20 0
36 : 67 476 19 16 0
37 : 0 433 29 16 0
38 : 0 359 47 20 0
39 : 63 433 29 18 0
40 : 50 322 50 21 0
41 : 29 433 34 22 0
42 : 52 284 54 20 0
43 : 61 197 62 20 0
44 : 56 455 30 21 0
45 : 86 455 27 18 0
46 : 21 494 16 16 0
47 : 86 476 19 16 0
48 : 0 455 27 16 0
49 : 0 161 66 18 0
50 : 77 379 53 34 0
51 : 0 68 76 18 0
52 : 0 123 71 18 0
53 : 55 243 58 20 0
54 : 42 379 35 16 0
