100 37
0 : 0 0 5 4 0
1 : 5 0 3 13 1
2 : 18 0 49 3 0
3 : 67 0 3 5 1
4 : 72 0 5 5 0
5 : 77 0 3 5 0
6 : 80 0 5 5 0
7 : 85 0 3 3 0
8 : 88 0 4 10 1
9 : 0 5 3 4 1
10 : 4 5 4 11 1
11 : 15 5 3 7 1
12 : 22 5 9 8 0
13 : 31 5 7 33 1
14 : 64 5 5 5 0
15 : 69 5 5 3 1
16 : 72 5 4 5 0
17 : 76 5 5 4 1
18 : 80 5 5 3 1
19 : 83 5 3 5 0
20 : 86 5 12 5 0
21 : 0 13 3 3 0
22 : 4 9 3 4 0
23 : 64 10 3 3 0
24 : 0 8 3 5 0
25 : 67 10 5 3 0
26 : 15 8 3 5 0
27 : 72 10 3 7 1
28 : 3 13 5 5 0
29 : 18 8 5 3 1
30 : 79 10 5 3 0
31 : 84 10 3 7 1
32 : 91 10 5 3 0
33 : 7 9 3 3 0
34 : 10 9 3 4 0
35 : 8 13 5 4 0
36 : 13 13 4 4 0
37 : 17 13 3 4 0
38 : 20 13 3 3 0
39 : 23 13 4 8 1
40 : 31 13 5 4 0
41 : 36 13 5 3 0
42 : 41 13 4 3 1
43 : 44 13 12 33 1
44 : 77 13 3 5 0
45 : 80 13 3 3 0
46 : 83 13 4 4 0
47 : 87 13 3 5 0
48 : 90 13 5 5 0
49 : 95 13 5 4 1
50 : 0 25 7 3 0
51 : 0 16 5 3 1
52 : 3 18 5 4 0
53 : 3 22 5 3 0
54 : 0 21 3 4 0
55 : 20 16 3 4 0
56 : 20 20 3 5 0
57 : 41 17 3 3 0
58 : 77 18 3 4 0
59 : 80 16 7 3 1
60 : 8 17 5 8 0
61 : 7 25 34 12 0
62 : 36 16 5 5 0
