1000 28468
0 : 0 11502 602 738 1
1 : 0 6312 897 620 0
2 : 0 8723 743 708 0
3 : 587 25622 308 409 0
4 : 0 27507 447 477 1
5 : 926 840 421 71 1
6 : 753 21473 167 331 0
7 : 787 7473 667 149 1
8 : 0 15342 792 493 0
9 : 743 13155 190 567 0
10 : 0 24904 320 711 1
11 : 0 9431 891 518 0
12 : 0 13733 750 559 0
13 : 770 9949 220 428 0
14 : 990 16463 10 55 0
15 : 0 16463 990 287 0
16 : 0 0 986 840 0
17 : 477 27507 482 431 0
18 : 572 23440 393 471 0
19 : 750 13733 524 139 1
20 : 0 23330 963 110 0
21 : 0 5758 554 971 1
22 : 837 5069 143 657 0
23 : 0 16750 621 642 1
24 : 0 15835 628 649 1
25 : 0 9949 633 770 1
26 : 664 20537 473 184 1
27 : 816 3679 729 109 1
28 : 0 26034 601 395 0
29 : 844 2368 151 693 0
30 : 708 24384 342 281 1
31 : 917 15342 82 351 0
32 : 0 28107 531 361 0
33 : 898 4429 82 636 0
34 : 0 840 926 836 0
35 : 0 2368 844 735 0
36 : 0 19911 246 940 1
37 : 0 24729 867 175 0
38 : 0 17959 560 664 1
39 : 0 12104 896 438 0
40 : 0 12542 711 613 0
41 : 0 14292 860 446 0
42 : 0 22301 182 927 1
43 : 738 11502 579 258 1
44 : 0 21473 753 372 0
45 : 0 27954 153 759 1
46 : 601 26034 361 371 0
47 : 995 2368 519 5 1
48 : 0 26429 866 129 0
49 : 0 22856 826 260 0
50 : 795 8723 361 202 1
51 : 0 20537 475 664 1
52 : 792 15342 125 483 0
53 : 0 6932 541 953 1
54 : 646 17371 573 141 1
55 : 688 14738 294 360 0
56 : 893 1676 95 681 0
57 : 0 27160 733 204 0
58 : 0 18829 907 307 0
59 : 0 7473 677 787 1
60 : 0 24384 345 708 1
61 : 0 25224 398 612 1
62 : 0 23440 572 490 0
63 : 0 25622 587 412 0
64 : 0 23930 275 786 1
65 : 0 23116 861 214 0
66 : 0 3103 997 576 0
67 : 788 19506 300 211 1
68 : 0 26558 790 189 0
69 : 726 22483 274 183 0
70 : 0 1676 893 692 0
71 : 0 10582 470 908 1
72 : 0 21845 456 667 1
73 : 0 13155 578 743 1
74 : 795 9084 196 327 0
75 : 926 1261 68 404 0
76 : 786 20157 162 380 0
77 : 936 7473 563 59 1
78 : 0 8150 881 573 0
79 : 0 18519 910 310 0
80 : 547 26747 367 451 1
81 : 0 4429 898 640 0
82 : 743 8723 697 52 1
83 : 0 17371 588 646 1
84 : 0 14738 604 688 1
85 : 999 0 469 1 1
86 : 0 21012 673 461 0
87 : 895 25622 105 307 0
88 : 0 19136 842 370 0
89 : 0 19506 405 788 1
90 : 0 11052 450 912 1
91 : 0 3679 816 750 0
92 : 0 24205 881 179 0
93 : 477 27938 16 427 1
94 : 0 26747 547 413 0
95 : 0 5069 689 837 1
96 : 0 20157 380 786 1
97 : 986 0 13 616 0
98 : 0 27364 783 143 0
99 : 0 22483 373 726 1
