247 669
0 : 0 0 39 27 0
1 : 39 0 41 33 0
2 : 80 0 46 17 0
3 : 126 0 33 17 0
4 : 159 0 27 17 1
5 : 0 33 88 17 0
6 : 176 0 31 17 0
7 : 88 33 43 17 0
8 : 0 50 213 40 0
9 : 207 0 33 17 0
10 : 131 33 29 17 0
11 : 0 90 45 27 0
12 : 45 90 57 27 0
13 : 213 50 36 17 1
14 : 102 90 102 17 0
15 : 230 50 39 17 1
16 : 0 117 240 40 0
17 : 204 90 25 27 0
18 : 160 33 82 17 0
19 : 0 157 54 17 0
20 : 229 90 24 17 1
21 : 54 157 33 17 0
22 : 87 157 117 33 0
23 : 0 190 67 17 0
24 : 67 190 99 27 0
25 : 204 157 40 17 0
26 : 0 217 244 42 0
27 : 166 190 38 17 0
28 : 0 259 146 33 0
29 : 146 259 82 17 0
30 : 0 292 50 17 0
31 : 228 259 31 17 1
32 : 0 309 224 44 0
33 : 204 174 37 17 0
34 : 0 353 88 38 0
35 : 0 391 207 44 0
36 : 0 435 152 65 0
37 : 88 353 103 27 0
38 : 152 435 58 27 1
39 : 179 435 61 27 1
40 : 0 500 71 27 0
41 : 191 353 47 17 0
42 : 71 500 98 27 0
43 : 50 292 76 17 0
44 : 206 435 50 27 1
45 : 126 292 67 17 0
46 : 0 527 247 39 0
47 : 193 292 17 17 0
48 : 224 309 39 17 1
49 : 210 292 31 17 0
50 : 206 485 15 17 1
51 : 191 370 53 17 0
52 : 0 566 112 49 0
53 : 169 500 76 17 0
54 : 112 566 46 17 1
55 : 204 191 43 17 0
56 : 129 566 69 17 0
57 : 198 566 45 17 1
58 : 207 391 29 17 0
59 : 0 615 71 27 0
60 : 215 566 44 17 1
61 : 129 583 60 17 0
62 : 71 615 56 17 0
63 : 207 408 20 17 0
64 : 127 615 50 17 0
65 : 177 615 60 17 0
66 : 0 642 63 17 0
67 : 63 642 42 17 0
68 : 105 642 34 27 0
69 : 139 642 52 17 0
