200 222
0 : 0 0 15 72 1
1 : 72 0 15 47 1
2 : 119 0 67 11 0
3 : 0 15 56 39 0
4 : 56 15 6 35 0
5 : 62 15 11 17 0
6 : 73 15 8 20 0
7 : 81 15 22 8 1
8 : 186 0 8 12 0
9 : 119 11 3 16 1
10 : 89 15 11 9 1
11 : 98 15 9 61 1
12 : 0 54 47 7 0
13 : 62 32 11 11 0
14 : 73 35 5 18 0
15 : 89 26 6 22 0
16 : 194 0 5 7 0
17 : 81 37 6 14 0
18 : 159 15 25 21 0
19 : 135 11 22 4 0
20 : 184 15 16 11 0
21 : 159 36 33 17 0
22 : 62 43 8 7 0
23 : 194 7 4 8 0
24 : 47 54 26 110 1
25 : 56 50 11 4 0
26 : 98 24 58 12 0
27 : 0 80 56 21 0
28 : 56 80 21 102 1
29 : 0 61 6 25 1
30 : 98 36 9 51 1
31 : 0 67 16 11 0
32 : 16 67 30 5 0
33 : 184 26 12 9 0
34 : 67 50 4 6 1
35 : 157 54 26 16 0
36 : 0 101 68 12 0
37 : 157 70 20 10 0
38 : 158 80 21 26 1
39 : 184 80 20 12 1
40 : 68 101 49 16 0
41 : 16 72 6 28 1
42 : 156 24 11 3 1
43 : 117 101 37 12 0
44 : 183 54 9 18 0
45 : 87 37 2 9 0
46 : 25 61 5 14 1
47 : 196 80 15 4 1
48 : 98 45 39 9 0
49 : 0 117 64 10 0
50 : 192 36 32 7 1
51 : 154 101 16 26 1
52 : 64 117 99 21 0
53 : 0 138 38 19 0
54 : 38 138 23 32 1
55 : 0 127 6 37 1
56 : 70 138 22 54 1
57 : 124 138 25 36 1
58 : 0 163 50 27 0
59 : 160 138 27 22 0
60 : 50 163 8 41 1
61 : 91 163 66 23 0
62 : 39 61 8 5 0
63 : 78 35 15 3 1
64 : 180 101 18 12 0
65 : 196 26 9 4 1
66 : 198 7 6 2 1
67 : 177 70 9 6 1
68 : 183 72 5 8 0
69 : 180 113 4 18 1
70 : 163 117 15 19 0
71 : 149 36 8 5 0
72 : 157 11 14 4 0
73 : 0 190 48 13 0
74 : 178 117 14 14 0
75 : 187 138 23 10 1
76 : 37 127 5 18 1
77 : 50 171 10 23 1
78 : 48 190 51 11 0
79 : 99 190 58 14 0
80 : 192 68 7 12 0
81 : 73 171 10 9 0
82 : 157 163 16 12 0
83 : 171 11 13 3 0
84 : 50 181 35 9 0
85 : 157 190 34 12 0
86 : 173 163 17 25 0
87 : 78 50 3 3 0
88 : 190 163 7 23 0
89 : 0 204 10 20 1
90 : 20 204 109 18 0
91 : 83 171 7 7 0
92 : 89 48 6 6 0
93 : 129 204 44 13 0
94 : 156 35 3 1 0
95 : 160 160 3 12 1
96 : 157 175 10 11 0
