200 227
0 : 0 30 110 32 0
1 : 186 30 12 33 0
2 : 115 0 78 15 0
3 : 64 140 62 18 0
4 : 139 123 16 53 1
5 : 110 30 37 76 1
6 : 78 67 14 97 1
7 : 62 162 28 43 1
8 : 181 197 16 9 0
9 : 184 140 15 22 0
10 : 0 140 64 19 0
11 : 78 214 10 13 0
12 : 193 162 4 27 0
13 : 187 15 12 13 1
14 : 193 11 3 6 1
15 : 56 214 7 22 1
16 : 0 122 67 16 0
17 : 154 197 27 14 0
18 : 113 190 13 41 1
19 : 0 67 78 35 0
20 : 0 0 30 115 1
21 : 0 179 8 54 1
22 : 0 102 20 91 1
23 : 54 179 6 6 0
24 : 115 15 72 12 0
25 : 78 81 15 92 1
26 : 126 140 22 58 1
27 : 134 208 19 6 0
28 : 91 102 38 48 1
29 : 139 102 21 61 1
30 : 0 214 10 38 1
31 : 105 162 22 47 1
32 : 39 190 22 37 1
33 : 113 203 5 30 1
34 : 143 203 5 9 1
35 : 170 81 3 15 0
36 : 175 86 24 10 0
37 : 76 190 20 37 1
38 : 38 214 18 13 0
39 : 175 67 23 19 0
40 : 152 162 41 27 0
41 : 105 184 18 5 0
42 : 193 0 6 11 0
43 : 0 190 39 24 0
44 : 113 208 21 6 0
45 : 0 162 62 17 0
46 : 67 122 20 15 0
47 : 186 63 3 8 1
48 : 154 190 44 7 0
