100 1761
0 : 0 1022 38 90 1
1 : 0 1443 24 82 1
2 : 0 1607 18 75 1
3 : 0 0 88 98 1
4 : 0 1365 27 97 1
5 : 0 1753 4 99 1
6 : 0 1670 14 85 1
7 : 0 1419 24 85 1
8 : 0 1337 28 76 1
9 : 0 1095 46 35 0
10 : 0 1531 20 69 1
11 : 0 1510 21 79 1
12 : 0 863 41 99 1
13 : 0 583 49 88 1
14 : 0 983 39 96 1
15 : 0 1162 30 82 1
16 : 0 1641 15 95 1
17 : 0 1656 14 95 1
18 : 0 1551 19 96 1
19 : 0 483 50 93 1
20 : 0 1760 1 99 1
21 : 0 904 40 75 1
22 : 0 1708 11 69 1
23 : 0 174 82 66 0
24 : 0 632 49 76 1
25 : 0 681 85 47 0
26 : 0 240 64 79 1
27 : 0 1392 27 69 1
28 : 0 1739 8 97 1
29 : 0 1309 28 94 1
30 : 0 1222 30 75 1
31 : 0 1130 32 69 1
32 : 0 1252 29 90 1
33 : 0 944 39 99 1
34 : 76 1730 7 11 1
35 : 0 1589 100 18 0
36 : 0 366 61 88 1
37 : 0 1696 12 76 1
38 : 0 774 45 79 1
39 : 0 1281 28 95 1
40 : 0 1747 6 67 1
41 : 0 728 47 46 0
42 : 47 728 45 39 0
43 : 0 1570 19 84 1
44 : 0 1684 12 85 1
45 : 0 819 44 91 1
46 : 0 427 56 70 1
47 : 0 1489 21 82 1
48 : 0 1192 30 77 1
49 : 98 0 2 93 0
50 : 69 1531 31 14 0
51 : 0 1060 35 89 1
52 : 0 1730 9 76 1
53 : 0 1467 22 68 1
54 : 0 1625 16 79 1
55 : 0 1719 11 68 1
56 : 0 533 50 84 1
57 : 0 1757 3 87 1
58 : 0 304 62 86 1
59 : 0 88 98 86 0
