123 474
0 : 50 361 54 15 0
1 : 37 427 39 15 0
2 : 64 344 51 17 0
3 : 0 135 90 21 0
4 : 0 79 84 25 0
5 : 49 395 43 17 0
6 : 0 227 97 17 0
7 : 0 395 49 15 0
8 : 0 378 45 17 0
9 : 0 0 120 27 0
10 : 56 259 64 17 0
11 : 0 202 67 25 0
12 : 91 444 25 15 0
13 : 0 329 65 15 0
14 : 0 459 23 15 0
15 : 0 312 59 17 0
16 : 0 361 50 17 0
17 : 0 444 33 15 0
18 : 0 259 56 21 0
19 : 0 244 92 15 0
20 : 0 297 67 15 0
21 : 46 412 46 15 0
22 : 0 280 63 17 0
23 : 0 177 72 25 0
24 : 0 48 80 31 0
25 : 76 427 38 15 0
26 : 33 444 32 15 0
27 : 0 344 64 15 0
28 : 0 427 37 17 0
29 : 0 104 65 31 0
30 : 65 444 26 15 0
31 : 0 156 89 21 0
32 : 45 378 45 17 0
33 : 0 27 123 21 0
34 : 0 412 46 15 0
