1000 9933
0 : 0 6873 340 857 1
1 : 726 9249 104 178 1
2 : 0 6484 943 389 0
3 : 0 7711 189 491 1
4 : 689 8200 146 162 1
5 : 0 9864 33 963 1
6 : 0 8769 497 135 0
7 : 0 4366 652 992 1
8 : 0 8904 121 598 1
9 : 253 9815 42 727 1
10 : 0 8492 142 505 1
11 : 0 9897 24 83 1
12 : 0 8050 150 776 1
13 : 0 9766 49 921 1
14 : 0 5534 493 677 1
15 : 0 9541 85 886 1
16 : 146 9353 421 99 0
17 : 0 980 970 933 0
18 : 0 7213 252 738 1
19 : 0 7465 561 246 0
20 : 0 2826 882 779 0
21 : 661 9921 298 2 0
22 : 491 7711 452 169 0
23 : 0 9815 253 49 0
24 : 567 9353 338 87 0
25 : 0 9626 81 148 1
26 : 0 9707 59 375 1
27 : 0 6027 457 647 1
28 : 0 9921 12 189 1
29 : 492 9921 8 169 1
30 : 561 7465 191 233 0
31 : 0 9456 85 947 1
32 : 0 8634 629 135 0
33 : 0 9142 965 107 0
34 : 408 9025 359 109 0
35 : 148 9626 840 67 0
36 : 230 8348 538 142 0
37 : 0 9249 104 726 1
38 : 83 9897 15 871 1
39 : 0 8348 144 230 1
40 : 189 9921 10 114 1
41 : 0 3605 761 761 0
42 : 0 0 984 980 0
43 : 0 9025 408 117 0
44 : 303 9921 9 189 1
45 : 0 1913 931 913 0
46 : 0 5018 516 536 1
47 : 0 7900 150 906 1
48 : 0 8200 689 148 0
49 : 0 9353 103 146 1
