200 305
0 : 142 99 8 47 1
1 : 0 0 143 26 0
2 : 0 26 16 107 1
3 : 86 42 33 95 1
4 : 119 220 5 21 0
5 : 124 220 54 40 0
6 : 107 26 84 15 0
7 : 0 260 32 25 0
8 : 32 260 52 45 0
9 : 141 170 13 39 0
10 : 0 42 86 20 0
11 : 0 170 50 77 1
12 : 0 99 77 31 0
13 : 77 75 24 74 1
14 : 124 260 11 12 0
15 : 77 99 22 65 1
16 : 0 220 27 53 1
17 : 73 130 14 46 1
18 : 178 220 17 9 1
19 : 89 260 15 21 0
20 : 53 220 31 6 0
21 : 119 130 8 38 0
22 : 0 75 23 77 1
23 : 84 220 12 35 1
24 : 84 260 5 12 0
25 : 104 260 20 23 0
26 : 0 130 73 40 0
27 : 135 260 40 39 1
28 : 77 170 64 37 0
