70 948
0 : 0 0 43 31 0
1 : 0 31 43 31 0
2 : 0 62 43 31 0
3 : 0 93 43 31 0
4 : 0 124 41 30 0
5 : 0 154 41 30 0
6 : 0 184 39 29 0
7 : 0 213 39 29 0
8 : 0 242 39 29 0
9 : 0 271 39 29 0
10 : 0 300 38 28 0
11 : 0 328 38 28 0
12 : 0 356 38 28 0
13 : 0 384 38 28 0
14 : 0 412 37 27 0
15 : 0 439 37 27 0
16 : 0 466 37 27 0
17 : 0 493 36 26 0
18 : 0 519 36 26 0
19 : 0 545 36 26 0
20 : 0 571 36 26 0
21 : 0 597 35 25 0
22 : 35 597 35 25 0
23 : 0 622 35 25 0
24 : 35 622 34 24 0
25 : 0 647 34 24 0
26 : 34 647 34 24 0
27 : 0 671 34 24 0
28 : 34 671 23 33 1
29 : 0 695 23 33 1
30 : 33 695 23 33 1
31 : 0 718 23 33 1
32 : 33 718 32 22 0
33 : 0 741 32 22 0
34 : 32 741 32 22 0
35 : 0 763 21 31 1
36 : 31 763 21 31 1
37 : 0 784 21 31 1
38 : 31 784 18 29 1
39 : 0 805 18 29 1
40 : 29 805 18 29 1
41 : 0 823 27 17 0
42 : 27 823 27 17 0
43 : 0 872 24 15 0
44 : 24 872 24 15 0
45 : 0 840 25 16 0
46 : 25 840 25 16 0
47 : 0 856 25 16 0
48 : 25 856 25 16 0
49 : 0 887 24 15 0
50 : 24 887 14 23 1
51 : 47 887 14 23 1
52 : 0 902 14 23 1
53 : 23 902 14 23 1
54 : 46 902 12 21 1
55 : 0 916 12 21 1
56 : 21 916 12 21 1
57 : 42 916 11 19 1
58 : 0 928 11 19 1
59 : 19 928 11 19 1
60 : 38 928 11 19 1
61 : 0 939 17 9 0
