40400 47505
0 : 38695 6416 4629 1596 1
1 : 25575 21969 2919 783 1
2 : 34721 0 8067 1832 1
3 : 30440 12262 7180 2974 0
4 : 0 37945 1685 1708 0
5 : 12342 11497 2029 601 0
6 : 15046 5222 15046 7040 0
7 : 19160 39942 6726 7039 0
8 : 23935 25029 7958 5170 0
9 : 7629 39942 3621 4223 0
10 : 31893 25029 4358 6846 1
11 : 0 3231 6272 1268 0
12 : 6171 10628 6171 1473 0
13 : 6549 15174 3448 1249 0
14 : 10729 18640 6389 10170 1
15 : 8067 25029 7910 5092 0
16 : 30092 0 4629 11306 0
17 : 37620 12262 1279 1621 0
18 : 27625 18640 3529 6846 1
19 : 0 34828 3770 3117 0
20 : 34514 36471 3924 3177 0
21 : 26358 21969 2672 556 1
22 : 15046 0 15046 5222 0
23 : 27436 16492 2050 2287 1
24 : 15977 25029 7958 5152 0
25 : 32254 22169 1063 2033 0
26 : 23594 14669 1823 5782 1
27 : 34471 20673 4047 5429 1
28 : 6272 3231 6416 1491 0
29 : 12688 3231 859 2104 1
30 : 10744 12262 6378 12850 1
31 : 0 12262 10744 2912 0
32 : 27625 22169 4629 2353 0
33 : 6549 16423 2919 838 0
34 : 0 25029 8067 5014 0
35 : 37418 15236 3139 2974 1
36 : 38899 12262 1685 1469 1
37 : 12688 4090 2029 824 0
38 : 0 5222 15046 5406 0
39 : 20899 18640 6726 3329 0
40 : 14514 30199 7958 9256 1
41 : 36553 7958 1080 4223 0
42 : 23594 12262 2407 6846 1
43 : 34514 30199 6272 5296 1
44 : 0 10628 6171 1375 0
45 : 37620 13883 1253 1249 0
46 : 0 18640 6389 10729 1
47 : 11250 39942 7910 7563 0
48 : 0 30199 4629 6465 1
49 : 29376 14669 503 1621 0
50 : 0 39942 7629 6846 0
51 : 0 15174 6549 3117 0
52 : 30440 15236 6978 3177 0
53 : 12342 10628 2672 869 0
54 : 0 0 15046 3231 0
55 : 20899 21969 4676 2287 0
56 : 36553 0 7958 2142 1
57 : 34471 18640 3638 2033 0
58 : 38109 18640 1823 1064 0
59 : 34721 8067 4047 1135 1
60 : 38695 0 6416 1357 1
61 : 23594 16492 3842 2104 0
62 : 6465 30199 6378 8049 1
63 : 23770 30199 10744 9743 0
