300 571
0 : 90 342 90 36 0
1 : 80 486 79 15 0
2 : 202 270 90 36 0
3 : 0 95 244 70 0
4 : 261 522 39 15 0
5 : 179 504 55 15 0
6 : 105 522 53 14 0
7 : 0 414 90 36 0
8 : 170 450 80 32 0
9 : 0 306 101 36 0
10 : 244 95 62 31 1
11 : 47 540 40 16 0
12 : 39 556 38 15 0
13 : 270 342 24 32 0
14 : 0 0 300 95 0
15 : 90 450 80 32 0
16 : 77 556 38 15 0
17 : 87 540 40 16 0
18 : 0 165 209 33 0
19 : 163 198 101 36 0
20 : 0 540 47 15 0
21 : 127 540 40 16 0
22 : 275 95 60 24 1
23 : 0 342 90 36 0
24 : 0 556 39 15 0
25 : 247 540 39 15 0
26 : 210 522 51 15 0
27 : 167 540 40 15 0
28 : 101 270 101 36 0
29 : 225 486 60 18 0
30 : 234 504 55 15 0
31 : 60 504 60 15 0
32 : 159 486 66 15 0
33 : 270 378 24 32 0
34 : 180 342 90 36 0
35 : 0 522 51 18 0
36 : 191 306 90 36 0
37 : 0 378 90 36 0
38 : 0 504 60 18 0
39 : 90 378 90 36 0
40 : 281 306 17 16 1
41 : 120 504 59 14 0
42 : 0 198 163 15 0
43 : 101 234 101 36 0
44 : 180 378 90 36 0
45 : 158 522 52 15 0
46 : 90 414 90 36 0
47 : 250 450 50 15 0
48 : 207 540 40 15 0
49 : 51 522 54 14 0
50 : 0 270 101 36 0
51 : 180 414 90 36 0
52 : 0 234 101 36 0
53 : 0 450 90 36 0
54 : 209 165 78 78 0
55 : 202 234 90 36 0
56 : 101 306 90 36 0
57 : 0 486 80 15 0
