3000 6644
0 : 2485 6083 365 185 1
1 : 2285 6083 378 200 1
2 : 2670 6083 410 165 1
3 : 2835 6083 425 148 1
4 : 1469 6083 425 296 1
5 : 0 6528 439 116 0
6 : 0 5619 464 1006 1
7 : 1765 6083 520 205 0
8 : 949 6083 520 350 0
9 : 1413 4574 540 530 1
10 : 0 4574 549 1413 1
11 : 0 4025 549 1882 1
12 : 0 5123 553 496 0
13 : 0 3470 555 755 1
14 : 1943 4574 555 496 0
15 : 755 3470 555 659 1
16 : 2162 5123 567 473 0
17 : 2150 2898 572 592 1
18 : 1175 2898 572 975 1
19 : 0 2898 572 1175 1
20 : 0 1754 572 1575 1
21 : 1490 2326 572 1390 1
22 : 0 2326 572 1490 1
23 : 0 1182 572 1590 1
24 : 0 610 572 1690 1
25 : 625 0 572 1890 1
26 : 0 0 610 625 1
27 : 553 5123 660 490 0
28 : 1976 5619 690 447 0
29 : 0 6083 949 445 0
30 : 1213 5123 949 478 0
31 : 1006 5619 970 463 0
