40400 63642
0 : 0 0 4629 1596 0
1 : 4629 0 2919 783 0
2 : 7548 0 8067 1832 0
3 : 15615 0 7180 2974 0
4 : 22795 0 1685 1708 0
5 : 24480 0 2029 601 1
6 : 25081 0 15046 7040 0
7 : 0 7040 6726 7039 1
8 : 7039 7040 7958 5170 0
9 : 14997 7040 3621 4223 0
10 : 18618 7040 4358 6846 1
11 : 25464 7040 6272 1268 1
12 : 26732 7040 6171 1473 1
13 : 28205 7040 3448 1249 1
14 : 29454 7040 6389 10170 1
15 : 0 13766 7910 5092 0
16 : 7910 13766 4629 11306 1
17 : 19216 13766 1279 1621 0
18 : 20495 13766 3529 6846 1
19 : 27341 13766 3770 3117 1
20 : 30458 13766 3924 3177 1
21 : 33635 13766 2672 556 1
22 : 0 18858 15046 5222 0
23 : 15046 18858 2050 2287 0
24 : 17096 18858 7958 5152 0
25 : 25054 18858 1063 2033 0
26 : 26117 18858 1823 5782 1
27 : 31899 18858 4047 5429 1
28 : 0 24080 6416 1491 0
29 : 6416 24080 859 2104 1
30 : 8520 24080 6378 12850 1
31 : 21370 24080 10744 2912 0
32 : 32114 24080 4629 2353 1
33 : 34467 24080 2919 838 1
34 : 0 30458 8067 5014 0
35 : 8067 30458 3139 2974 1
36 : 11041 30458 1685 1469 1
37 : 12510 30458 2029 824 1
38 : 13334 30458 15046 5406 0
39 : 28380 30458 6726 3329 0
40 : 0 35864 7958 9256 1
41 : 9256 35864 1080 4223 0
42 : 10336 35864 2407 6846 0
43 : 12743 35864 6272 5296 1
44 : 18039 35864 6171 1375 1
45 : 19414 35864 1253 1249 1
46 : 20663 35864 6389 10729 1
47 : 31392 35864 7910 7563 1
48 : 0 43822 4629 6465 1
49 : 6465 43822 503 1621 0
50 : 6968 43822 7629 6846 0
51 : 14597 43822 6549 3117 1
52 : 17714 43822 6978 3177 0
53 : 24692 43822 2672 869 1
54 : 0 50668 15046 3231 0
55 : 15046 50668 4676 2287 0
56 : 19722 50668 7958 2142 0
57 : 27680 50668 3638 2033 0
58 : 31318 50668 1823 1064 1
59 : 32382 50668 4047 1135 0
60 : 0 53899 6416 1357 0
61 : 6416 53899 3842 2104 0
62 : 10258 53899 6378 8049 1
63 : 18307 53899 10744 9743 0
