247 675
0 : 0 0 39 27 0
1 : 39 0 41 33 0
2 : 80 0 46 17 0
3 : 126 0 33 17 0
4 : 159 0 27 17 1
5 : 0 33 88 17 0
6 : 176 0 31 17 1
7 : 193 0 43 17 0
8 : 0 50 213 40 0
9 : 88 33 33 17 0
10 : 121 33 29 17 0
11 : 150 33 45 27 0
12 : 0 90 57 27 0
13 : 195 33 36 17 0
14 : 57 90 102 17 0
15 : 213 50 39 17 1
16 : 0 117 240 40 0
17 : 159 90 25 27 0
18 : 0 157 82 17 0
19 : 184 90 54 17 0
20 : 230 50 24 17 1
21 : 82 157 33 17 0
22 : 115 157 117 33 0
23 : 0 190 67 17 0
24 : 67 190 99 27 0
25 : 166 190 40 17 0
26 : 0 217 244 42 0
27 : 206 190 38 17 0
28 : 0 259 146 33 0
29 : 146 259 82 17 0
30 : 0 292 50 17 0
31 : 228 259 31 17 1
32 : 0 309 224 44 0
33 : 50 292 37 17 0
34 : 87 292 88 38 0
35 : 0 353 207 44 0
36 : 0 397 152 65 0
37 : 0 462 103 27 0
38 : 175 292 58 27 0
39 : 152 397 61 27 1
40 : 103 462 71 27 0
41 : 179 397 47 17 1
42 : 0 489 98 27 0
43 : 98 489 76 17 0
44 : 196 397 50 27 1
45 : 174 462 67 17 0
46 : 0 516 247 39 0
47 : 224 309 17 17 0
48 : 207 353 39 17 1
49 : 224 353 31 17 1
50 : 231 33 15 17 0
51 : 223 397 53 17 1
52 : 0 555 112 49 0
53 : 112 555 76 17 0
54 : 174 489 46 17 0
55 : 188 555 43 17 1
56 : 0 604 69 17 0
57 : 205 555 45 17 1
58 : 222 555 29 17 1
59 : 69 604 71 27 0
60 : 140 604 44 17 0
61 : 184 604 60 17 0
62 : 0 631 56 17 0
63 : 220 489 20 17 1
64 : 56 631 50 17 0
65 : 106 631 60 17 0
66 : 166 631 63 17 0
67 : 0 648 42 17 0
68 : 42 648 34 27 0
69 : 76 648 52 17 0
