1000 30610
0 : 0 20907 602 738 1
1 : 0 12698 897 620 0
2 : 0 28206 743 708 0
3 : 667 14817 308 409 0
4 : 0 28914 447 477 1
5 : 912 4591 421 71 1
6 : 786 8207 167 331 0
7 : 0 3590 667 149 0
8 : 0 12205 792 493 0
9 : 0 9823 190 567 1
10 : 0 8587 320 711 1
11 : 0 10013 891 518 0
12 : 0 16360 750 559 0
13 : 673 14356 220 428 0
14 : 912 5012 10 55 1
15 : 0 421 990 287 0
16 : 0 19434 986 840 0
17 : 0 27775 482 431 0
18 : 572 25947 393 471 0
19 : 0 8907 524 139 0
20 : 0 0 963 110 0
21 : 0 6666 554 971 1
22 : 0 3744 143 657 1
23 : 0 29989 621 642 1
24 : 0 29361 628 649 1
25 : 0 20274 633 770 1
26 : 792 12205 473 184 1
27 : 0 1717 729 109 0
28 : 0 15273 601 395 0
29 : 0 3235 151 693 1
30 : 708 10531 342 281 1
31 : 636 3153 82 351 1
32 : 0 17806 531 361 0
33 : 0 3153 82 636 1
34 : 0 24507 926 836 0
35 : 0 22599 844 735 0
36 : 0 887 246 940 1
37 : 0 1133 867 175 0
38 : 0 23334 560 664 1
39 : 0 5041 896 438 0
40 : 0 23894 711 613 0
41 : 0 7220 860 446 0
42 : 0 110 182 927 1
43 : 0 11374 579 258 0
44 : 0 9451 753 372 0
45 : 0 1826 153 759 1
46 : 601 15273 361 371 0
47 : 0 3739 519 5 0
48 : 0 292 866 129 0
49 : 0 2893 826 260 0
50 : 753 9451 361 202 1
51 : 0 16919 475 664 1
52 : 0 10876 125 483 1
53 : 0 7666 541 953 1
54 : 0 5949 573 141 0
55 : 612 13958 294 360 0
56 : 0 2798 95 681 1
57 : 0 3386 733 204 0
58 : 0 2491 907 307 0
59 : 0 21922 677 787 1
60 : 0 10531 345 708 1
61 : 0 13958 398 612 1
62 : 0 25947 572 490 0
63 : 0 17394 587 412 0
64 : 0 3887 275 786 1
65 : 0 1308 861 214 0
66 : 0 6090 997 576 0
67 : 711 8587 300 211 1
68 : 0 1992 790 189 0
69 : 786 3887 274 183 1
70 : 0 15668 893 692 0
71 : 0 5479 470 908 1
72 : 0 14817 456 667 1
73 : 0 18167 578 743 1
74 : 726 11001 196 327 0
75 : 896 5041 68 404 0
76 : 788 9046 162 380 0
77 : 0 4162 563 59 0
78 : 0 11632 881 573 0
79 : 0 2181 910 310 0
80 : 547 21509 367 451 1
81 : 0 13318 898 640 0
82 : 0 1522 697 52 0
83 : 0 27187 588 646 1
84 : 0 25343 604 688 1
85 : 519 3739 469 1 0
86 : 0 14356 673 461 0
87 : 657 3744 105 307 1
88 : 0 4221 842 370 0
89 : 0 9046 405 788 1
90 : 0 4591 450 912 1
91 : 0 26437 816 750 0
92 : 0 708 881 179 0
93 : 563 4162 16 427 1
94 : 0 21509 547 413 0
95 : 0 18745 689 837 1
96 : 0 8207 380 786 1
97 : 0 1979 13 616 1
98 : 0 1574 783 143 0
99 : 0 11001 373 726 1
