1000 9837
0 : 0 5170 340 857 1
1 : 484 9646 104 178 0
2 : 0 2790 943 389 0
3 : 0 9144 189 491 1
4 : 596 9646 146 162 0
5 : 0 2672 33 963 1
6 : 678 8628 497 135 1
7 : 0 0 652 992 1
8 : 0 8119 121 598 1
9 : 0 6740 42 727 1
10 : 536 8628 142 505 0
11 : 936 9646 24 83 0
12 : 0 5577 150 776 1
13 : 0 4092 49 921 1
14 : 0 7034 493 677 1
15 : 0 4291 85 886 1
16 : 0 9333 421 99 0
17 : 0 1632 970 933 0
18 : 0 6488 252 738 1
19 : 0 8240 561 246 0
20 : 0 4376 882 779 0
21 : 338 9559 298 2 0
22 : 491 9144 452 169 0
23 : 636 9559 253 49 0
24 : 0 9559 338 87 0
25 : 742 9646 81 148 0
26 : 0 9450 59 375 1
27 : 0 7527 457 647 1
28 : 463 9646 12 189 0
29 : 588 9646 8 169 0
30 : 0 9646 191 233 1
31 : 0 2705 85 947 1
32 : 0 7984 629 135 0
33 : 0 2565 965 107 0
34 : 375 9450 359 109 0
35 : 0 5510 840 67 0
36 : 0 8486 538 142 0
37 : 0 6782 104 726 1
38 : 0 5155 15 871 1
39 : 233 9646 144 230 1
40 : 926 9646 10 114 0
41 : 0 5727 761 761 0
42 : 0 652 984 980 0
43 : 421 9333 408 117 0
44 : 475 9646 9 189 0
45 : 0 3179 931 913 0
46 : 0 8628 516 536 1
47 : 0 4141 150 906 1
48 : 0 6886 689 148 0
49 : 823 9646 103 146 0
