200 243
0 : 78 38 110 32 0
1 : 90 214 12 33 1
2 : 92 184 78 15 0
3 : 87 148 62 18 0
4 : 129 167 16 53 1
5 : 48 0 37 76 1
6 : 20 199 14 97 1
7 : 115 73 28 43 1
8 : 13 227 16 9 0
9 : 170 184 15 22 1
10 : 0 148 64 19 0
11 : 0 227 10 13 1
12 : 63 237 4 27 1
13 : 123 214 12 13 0
14 : 113 237 3 6 0
15 : 127 227 7 22 1
16 : 62 167 67 16 0
17 : 117 199 27 14 0
18 : 144 199 13 41 1
19 : 0 38 78 35 0
20 : 0 73 30 115 1
21 : 29 227 8 54 1
22 : 61 127 20 91 1
23 : 0 237 6 6 0
24 : 18 214 72 12 0
25 : 0 184 15 92 1
26 : 39 103 22 58 1
27 : 170 227 19 6 0
28 : 0 0 38 48 1
29 : 0 127 21 61 1
30 : 135 214 10 38 1
31 : 97 103 22 47 1
32 : 144 103 22 37 1
33 : 6 237 5 30 1
34 : 54 237 5 9 1
35 : 90 237 3 15 1
36 : 173 214 24 10 0
37 : 152 127 20 37 1
38 : 0 214 18 13 0
39 : 64 148 23 19 0
40 : 158 73 41 27 0
41 : 36 237 18 5 0
42 : 189 227 6 11 1
43 : 0 103 39 24 0
44 : 149 227 21 6 0
45 : 0 167 62 17 0
46 : 0 199 20 15 0
47 : 105 237 3 8 1
48 : 83 227 44 7 0
