3000 5676
0 : 2809 2837 365 185 1
1 : 2614 3409 378 200 1
2 : 2644 2837 410 165 1
3 : 2852 0 425 148 1
4 : 1765 3981 425 296 1
5 : 2865 1121 439 116 1
6 : 1890 549 464 1006 1
7 : 2439 2837 520 205 1
8 : 755 3981 520 350 1
9 : 0 5146 540 530 0
10 : 1575 2265 549 1413 1
11 : 0 0 549 1882 1
12 : 1122 4536 553 496 0
13 : 0 3981 555 755 1
14 : 567 4536 555 496 0
15 : 2061 3981 555 659 1
16 : 0 4536 567 473 0
17 : 1675 4536 572 592 1
18 : 949 3409 572 975 1
19 : 1690 1121 572 1175 1
20 : 0 2265 572 1575 1
21 : 1590 1693 572 1390 1
22 : 0 2837 572 1490 1
23 : 0 1693 572 1590 1
24 : 0 1121 572 1690 1
25 : 0 549 572 1890 1
26 : 2267 4536 610 625 1
27 : 1105 3981 660 490 0
28 : 1924 3409 690 447 0
29 : 1490 2837 949 445 0
30 : 0 3409 949 478 0
31 : 1882 0 970 463 0
