1000 28577
0 : 0 10582 602 738 1
1 : 0 5758 897 620 0
2 : 0 7609 743 708 0
3 : 587 23661 308 409 0
4 : 0 25982 447 477 1
5 : 926 840 421 71 1
6 : 753 21866 167 331 0
7 : 787 6932 667 149 1
8 : 0 16145 792 493 0
9 : 743 11797 190 567 0
10 : 0 24714 320 711 1
11 : 0 10064 891 518 0
12 : 0 12845 750 559 0
13 : 770 9431 220 428 0
14 : 990 20779 10 55 0
15 : 0 20779 990 287 0
16 : 0 0 986 840 0
17 : 477 25982 482 431 0
18 : 572 21376 393 471 0
19 : 750 12845 524 139 1
20 : 0 28358 963 110 0
21 : 0 6378 554 971 1
22 : 837 3853 143 657 0
23 : 0 15086 621 642 1
24 : 0 14458 628 649 1
25 : 0 9431 633 770 1
26 : 816 3103 473 184 1
27 : 0 28468 729 109 0
28 : 0 24073 601 395 0
29 : 844 1676 151 693 0
30 : 708 22918 342 281 1
31 : 912 14008 82 351 0
32 : 0 26429 531 361 0
33 : 898 4542 82 636 0
34 : 0 840 926 836 0
35 : 0 1676 844 735 0
36 : 0 24468 246 940 1
37 : 0 27365 867 175 0
38 : 0 17672 560 664 1
39 : 0 15707 896 438 0
40 : 0 11184 711 613 0
41 : 0 16638 860 446 0
42 : 0 27004 182 927 1
43 : 738 10582 579 258 1
44 : 0 21866 753 372 0
45 : 0 27933 153 759 1
46 : 531 26429 361 371 1
47 : 995 1676 519 5 1
48 : 0 28229 866 129 0
49 : 0 25722 826 260 0
50 : 792 16145 361 202 1
51 : 0 18637 475 664 1
52 : 664 17672 125 483 0
53 : 0 8317 541 953 1
54 : 646 17084 573 141 1
55 : 688 13404 294 360 0
56 : 893 2411 95 681 0
57 : 0 27540 733 204 0
58 : 0 22238 907 307 0
59 : 0 6932 677 787 1
60 : 0 22918 345 708 1
61 : 0 23263 398 612 1
62 : 0 21376 572 490 0
63 : 0 23661 587 412 0
64 : 0 25447 275 786 1
65 : 0 26790 861 214 0
66 : 0 5182 997 576 0
67 : 787 17084 300 211 1
68 : 0 27744 790 189 0
69 : 726 22545 274 183 0
70 : 0 2411 893 692 0
71 : 0 12375 470 908 1
72 : 0 19943 456 667 1
73 : 0 11797 578 743 1
74 : 788 18232 196 327 0
75 : 926 1261 68 404 0
76 : 786 20399 162 380 0
77 : 936 6932 563 59 1
78 : 0 8858 881 573 0
79 : 0 21066 910 310 0
80 : 547 25034 367 451 1
81 : 0 4542 898 640 0
82 : 743 7609 697 52 1
83 : 0 17084 588 646 1
84 : 0 13404 604 688 1
85 : 999 0 469 1 1
86 : 0 19482 673 461 0
87 : 895 23661 105 307 0
88 : 0 19112 842 370 0
89 : 0 18232 405 788 1
90 : 0 14008 450 912 1
91 : 0 3103 816 750 0
92 : 0 27186 881 179 0
93 : 477 26413 16 427 1
94 : 0 25034 547 413 0
95 : 0 3853 689 837 1
96 : 0 20399 380 786 1
97 : 986 0 13 616 0
98 : 0 28086 783 143 0
99 : 0 22545 373 726 1
