200 296
0 : 110 0 15 72 1
1 : 147 163 15 47 1
2 : 102 44 67 11 0
3 : 58 102 56 39 0
4 : 0 215 6 35 1
5 : 183 88 11 17 1
6 : 40 260 8 20 1
7 : 175 238 22 8 1
8 : 104 275 8 12 0
9 : 32 275 3 16 1
10 : 143 275 11 9 1
11 : 64 88 9 61 1
12 : 0 190 47 7 0
13 : 122 275 11 11 0
14 : 115 260 5 18 1
15 : 194 215 6 22 0
16 : 15 289 5 7 0
17 : 77 275 6 14 0
18 : 79 238 25 21 0
19 : 183 238 22 4 1
20 : 0 275 16 11 0
21 : 69 215 33 17 0
22 : 178 275 8 7 1
23 : 0 289 4 8 1
24 : 0 0 26 110 1
25 : 152 275 11 4 1
26 : 0 102 58 12 0
27 : 114 102 56 21 0
28 : 0 44 21 102 1
29 : 194 163 6 25 0
30 : 105 141 9 51 1
31 : 16 275 16 11 0
32 : 169 44 30 5 0
33 : 95 275 12 9 1
34 : 26 289 4 6 0
35 : 182 0 26 16 1
36 : 109 26 68 12 0
37 : 20 260 20 10 0
38 : 27 238 21 26 1
39 : 187 238 20 12 1
40 : 50 163 49 16 0
41 : 166 215 6 28 1
42 : 156 275 11 3 1
43 : 88 190 37 12 0
44 : 97 260 9 18 1
45 : 198 0 2 9 0
46 : 83 275 5 14 0
47 : 185 260 15 4 0
48 : 170 102 39 9 1
49 : 0 88 64 10 0
50 : 134 215 32 7 0
51 : 53 238 16 26 1
52 : 0 65 99 21 0
53 : 179 102 38 19 1
54 : 102 215 23 32 1
55 : 125 190 6 37 1
56 : 0 141 22 54 1
57 : 162 190 25 36 1
58 : 0 163 50 27 0
59 : 0 238 27 22 0
60 : 47 190 8 41 1
61 : 99 65 66 23 0
62 : 185 275 8 5 1
63 : 48 275 15 3 0
64 : 79 260 18 12 0
65 : 174 275 9 4 1
66 : 198 102 6 2 1
67 : 168 275 9 6 1
68 : 195 275 5 8 0
69 : 151 260 4 18 1
70 : 60 260 15 19 1
71 : 190 275 8 5 1
72 : 88 275 14 4 1
73 : 99 163 48 13 0
74 : 63 275 14 14 0
75 : 129 238 23 10 0
76 : 133 260 5 18 1
77 : 177 26 10 23 1
78 : 54 141 51 11 0
79 : 125 88 58 14 0
80 : 112 275 7 12 0
81 : 159 275 10 9 1
82 : 169 260 16 12 0
83 : 92 275 13 3 1
84 : 165 65 35 9 0
85 : 35 215 34 12 0
86 : 104 238 17 25 1
87 : 30 289 3 3 0
88 : 152 238 7 23 1
89 : 0 260 10 20 1
90 : 0 26 109 18 0
91 : 8 289 7 7 0
92 : 20 289 6 6 0
93 : 156 141 44 13 0
94 : 199 44 3 1 1
95 : 119 275 3 12 0
96 : 133 275 10 11 0
