300 669
0 : 90 378 90 36 0
1 : 0 518 79 15 0
2 : 191 306 90 36 0
3 : 0 95 244 70 0
4 : 120 629 39 15 0
5 : 0 596 55 15 0
6 : 164 596 53 14 0
7 : 180 414 90 36 0
8 : 80 486 80 32 0
9 : 0 306 101 36 0
10 : 172 518 62 31 1
11 : 199 611 40 16 0
12 : 237 629 38 15 0
13 : 38 645 24 32 1
14 : 0 0 300 95 0
15 : 0 486 80 32 0
16 : 0 645 38 15 0
17 : 239 611 40 16 0
18 : 0 165 209 33 0
19 : 0 234 101 36 0
20 : 152 611 47 15 0
21 : 0 629 40 16 0
22 : 203 518 60 24 1
23 : 180 342 90 36 0
24 : 159 629 39 15 0
25 : 198 629 39 15 0
26 : 51 611 51 15 0
27 : 40 629 40 15 0
28 : 101 234 101 36 0
29 : 227 518 60 18 1
30 : 55 596 55 15 0
31 : 263 518 60 15 1
32 : 157 518 66 15 1
33 : 70 645 24 32 1
34 : 180 378 90 36 0
35 : 0 611 51 18 0
36 : 90 342 90 36 0
37 : 0 414 90 36 0
38 : 245 518 60 18 1
39 : 90 414 90 36 0
40 : 102 645 17 16 1
41 : 278 518 59 14 1
42 : 0 198 163 15 0
43 : 163 198 101 36 0
44 : 0 450 90 36 0
45 : 217 596 52 15 0
46 : 90 450 90 36 0
47 : 102 611 50 15 0
48 : 80 629 40 15 0
49 : 110 596 54 14 0
50 : 0 270 101 36 0
51 : 180 450 90 36 0
52 : 101 270 101 36 0
53 : 101 306 90 36 0
54 : 79 518 78 78 0
55 : 0 342 90 36 0
56 : 0 378 90 36 0
57 : 160 486 80 15 0
