200 273
0 : 0 0 110 32 0
1 : 110 0 12 33 1
2 : 0 32 78 15 0
3 : 78 32 62 18 0
4 : 143 0 16 53 1
5 : 0 50 37 76 1
6 : 76 50 14 97 1
7 : 140 32 28 43 1
8 : 183 32 16 9 1
9 : 173 50 15 22 0
10 : 0 87 64 19 0
11 : 188 50 10 13 0
12 : 196 0 4 27 0
13 : 64 87 12 13 0
14 : 192 32 3 6 0
15 : 76 87 7 22 1
16 : 98 87 67 16 0
17 : 165 87 27 14 0
18 : 0 106 13 41 1
19 : 41 106 78 35 0
20 : 0 141 30 115 1
21 : 119 106 8 54 1
22 : 0 171 20 91 1
23 : 192 87 6 6 0
24 : 115 141 72 12 0
25 : 91 171 15 92 1
26 : 0 191 22 58 1
27 : 173 106 19 6 1
28 : 58 191 38 48 1
29 : 106 191 21 61 1
30 : 167 191 10 38 0
31 : 0 229 22 47 1
32 : 177 191 22 37 0
33 : 179 106 5 30 0
34 : 195 32 5 9 0
35 : 184 106 3 15 0
36 : 187 106 24 10 1
37 : 47 229 20 37 1
38 : 187 141 18 13 1
39 : 84 229 23 19 0
40 : 107 229 41 27 0
41 : 183 171 18 5 1
42 : 188 171 6 11 0
43 : 148 229 39 24 0
44 : 187 229 21 6 1
45 : 0 256 62 17 0
46 : 62 256 20 15 0
47 : 197 106 3 8 0
48 : 82 256 44 7 0
