200 236
0 : 0 0 66 25 0
1 : 66 0 14 30 1
2 : 96 0 18 14 1
3 : 110 0 43 34 0
4 : 0 34 59 30 0
5 : 96 18 10 16 0
6 : 0 25 8 33 1
7 : 153 0 22 47 1
8 : 66 14 18 16 0
9 : 59 34 26 13 1
10 : 72 34 24 17 1
11 : 33 25 26 4 0
12 : 153 22 7 28 1
13 : 89 34 26 14 1
14 : 103 34 30 51 1
15 : 154 34 39 25 0
16 : 59 25 7 3 0
17 : 84 14 19 9 1
18 : 193 34 25 6 1
19 : 0 64 8 14 1
20 : 14 64 18 78 1
21 : 92 64 14 17 0
22 : 106 64 62 12 0
23 : 0 82 15 64 1
24 : 72 58 16 5 0
25 : 64 82 46 13 0
26 : 110 82 27 26 0
27 : 137 82 12 63 1
28 : 168 64 30 8 0
29 : 0 108 36 91 1
30 : 91 108 23 31 0
31 : 0 72 8 13 1
32 : 168 72 22 9 0
33 : 137 94 9 50 1
34 : 89 60 14 4 0
35 : 64 95 8 16 1
36 : 80 95 22 12 0
37 : 114 108 57 37 0
38 : 190 72 7 6 0
39 : 171 108 12 36 0
40 : 0 97 11 29 1
41 : 0 145 30 56 1
42 : 56 145 50 62 1
43 : 118 145 61 13 0
44 : 190 78 4 7 1
45 : 29 97 7 33 1
46 : 183 108 16 26 0
47 : 179 145 12 46 0
48 : 0 195 21 27 1
49 : 27 195 28 65 1
50 : 179 191 4 4 0
51 : 191 145 9 19 0
52 : 0 175 40 13 0
53 : 181 22 6 19 1
54 : 118 158 15 22 0
55 : 133 158 19 31 0
56 : 152 158 21 17 0
57 : 102 95 5 6 0
58 : 64 103 5 15 1
59 : 191 164 30 7 1
60 : 133 189 6 19 1
61 : 187 94 8 12 1
62 : 40 175 11 8 0
63 : 152 175 19 21 1
64 : 92 195 18 14 1
65 : 93 14 3 20 0
66 : 66 30 18 3 0
67 : 106 195 83 16 0
68 : 0 223 16 13 0
69 : 62 97 2 7 0
70 : 92 213 6 10 0
71 : 173 158 37 6 1
72 : 183 191 8 3 0
