247 655
0 : 0 0 39 27 0
1 : 39 0 41 33 0
2 : 80 0 46 17 0
3 : 126 0 33 17 0
4 : 159 0 27 17 1
5 : 0 33 88 17 0
6 : 88 33 31 17 0
7 : 119 33 43 17 0
8 : 0 50 213 40 0
9 : 162 33 33 17 0
10 : 195 33 29 17 0
11 : 176 0 45 27 0
12 : 0 90 57 27 0
13 : 213 50 36 17 1
14 : 57 90 102 17 0
15 : 230 50 39 17 1
16 : 0 117 240 40 0
17 : 159 90 25 27 0
18 : 0 157 82 17 0
19 : 82 157 54 17 0
20 : 136 157 24 17 0
21 : 221 0 33 17 1
22 : 0 174 117 33 0
23 : 160 157 67 17 0
24 : 117 174 99 27 0
25 : 184 90 40 17 0
26 : 0 207 244 42 0
27 : 0 249 38 17 0
28 : 38 249 146 33 0
29 : 0 282 82 17 0
30 : 82 282 50 17 0
31 : 132 282 31 17 0
32 : 0 299 224 44 0
33 : 163 282 37 17 0
34 : 0 343 88 38 0
35 : 0 381 207 44 0
36 : 88 343 152 65 0
37 : 0 425 103 27 0
38 : 103 425 58 27 0
39 : 161 425 61 27 0
40 : 0 452 71 27 0
41 : 200 282 47 17 0
42 : 71 452 98 27 0
43 : 169 452 76 17 0
44 : 184 249 50 27 0
45 : 0 479 67 17 0
46 : 0 496 247 39 0
47 : 224 33 17 17 0
48 : 67 479 39 17 0
49 : 106 479 31 17 0
50 : 227 157 15 17 0
51 : 137 479 53 17 0
52 : 0 535 112 49 0
53 : 112 535 76 17 0
54 : 190 479 46 17 0
55 : 224 299 43 17 1
56 : 0 584 69 17 0
57 : 69 584 45 17 0
58 : 114 584 29 17 0
59 : 143 584 71 27 0
60 : 207 381 44 17 1
61 : 0 611 60 17 0
62 : 60 611 56 17 0
63 : 116 611 20 17 0
64 : 136 611 50 17 0
65 : 186 611 60 17 0
66 : 0 628 63 17 0
67 : 63 628 42 17 0
68 : 105 628 34 27 0
69 : 139 628 52 17 0
