200 286
0 : 78 36 66 25 0
1 : 182 176 14 30 0
2 : 133 261 18 14 0
3 : 139 176 43 34 0
4 : 0 139 59 30 0
5 : 178 261 10 16 0
6 : 186 0 8 33 0
7 : 0 176 22 47 1
8 : 97 261 18 16 0
9 : 96 235 26 13 0
10 : 128 235 24 17 1
11 : 194 0 26 4 1
12 : 192 61 7 28 0
13 : 70 235 26 14 0
14 : 116 139 30 51 1
15 : 40 210 39 25 0
16 : 109 278 7 3 1
17 : 21 261 19 9 0
18 : 122 235 25 6 1
19 : 31 278 8 14 1
20 : 0 36 18 78 1
21 : 151 261 14 17 0
22 : 62 89 62 12 0
23 : 65 61 15 64 1
24 : 0 278 16 5 0
25 : 47 176 46 13 0
26 : 0 235 27 26 0
27 : 129 61 12 63 1
28 : 110 210 30 8 0
29 : 0 0 36 91 1
30 : 174 139 23 31 0
31 : 45 278 8 13 1
32 : 172 235 22 9 1
33 : 185 89 9 50 0
34 : 196 261 14 4 1
35 : 188 261 8 16 0
36 : 160 235 22 12 1
37 : 59 139 57 37 0
38 : 99 278 7 6 1
39 : 174 0 12 36 0
40 : 170 210 11 29 1
41 : 144 36 30 56 1
42 : 0 89 50 62 1
43 : 124 89 61 13 0
44 : 105 278 4 7 0
45 : 167 139 7 33 0
46 : 54 235 16 26 0
47 : 93 176 12 46 1
48 : 27 235 21 27 1
49 : 0 61 28 65 1
50 : 117 278 4 4 0
51 : 40 261 9 19 1
52 : 0 210 40 13 0
53 : 78 261 6 19 1
54 : 145 235 15 22 0
55 : 79 210 19 31 1
56 : 0 261 21 17 0
57 : 112 278 5 6 0
58 : 16 278 5 15 1
59 : 140 210 30 7 0
60 : 59 261 6 19 1
61 : 58 278 8 12 1
62 : 70 278 11 8 0
63 : 181 235 19 21 0
64 : 115 261 18 14 0
65 : 197 139 3 20 0
66 : 196 176 18 3 1
67 : 91 0 83 16 0
68 : 165 261 16 13 1
69 : 198 0 2 7 0
70 : 81 278 6 10 1
71 : 194 89 37 6 1
72 : 91 278 8 3 0
