135 397
0 : 103 329 29 18 0
1 : 0 287 49 16 0
2 : 0 365 29 16 0
3 : 0 70 75 21 0
4 : 56 365 23 16 0
5 : 0 111 88 16 0
6 : 54 215 57 18 0
7 : 93 16 42 21 0
8 : 81 309 45 16 0
9 : 66 179 61 18 0
10 : 105 271 29 20 0
11 : 53 36 67 26 0
12 : 53 271 52 16 0
13 : 0 16 93 20 0
14 : 79 365 22 16 0
15 : 101 365 19 16 0
16 : 45 309 36 20 0
17 : 50 253 55 16 0
18 : 0 0 135 16 0
19 : 0 253 50 18 0
20 : 0 347 31 16 0
21 : 0 271 53 16 0
22 : 111 215 22 18 0
23 : 71 197 62 18 0
24 : 76 127 58 21 0
25 : 0 197 71 16 0
26 : 0 309 45 16 0
27 : 0 145 85 16 0
28 : 0 329 39 16 0
29 : 83 287 40 18 0
30 : 114 235 20 21 1
31 : 0 235 63 16 0
32 : 63 235 51 18 0
33 : 71 161 63 18 0
34 : 58 347 29 16 0
35 : 0 91 73 20 0
36 : 116 347 19 16 0
37 : 87 347 29 16 0
38 : 88 111 47 20 0
39 : 74 329 29 18 0
40 : 85 145 50 21 0
41 : 49 287 34 22 0
42 : 0 215 54 20 0
43 : 73 91 62 20 0
44 : 105 253 30 21 0
45 : 31 347 27 18 0
46 : 19 381 16 16 0
47 : 0 381 19 16 0
48 : 29 365 27 16 0
49 : 0 179 66 18 0
50 : 0 36 53 34 0
51 : 0 127 76 18 0
52 : 0 161 71 18 0
53 : 75 70 58 20 0
54 : 39 329 35 16 0
