100 32
0 : 41 19 5 4 1
1 : 0 3 3 13 1
2 : 0 0 49 3 0
3 : 78 7 3 5 0
4 : 82 19 5 5 0
5 : 84 7 3 5 0
6 : 0 27 5 5 0
7 : 79 19 3 3 0
8 : 24 3 4 10 1
9 : 54 19 3 4 0
10 : 13 3 4 11 1
11 : 67 7 3 7 0
12 : 25 19 9 8 0
13 : 49 0 7 33 1
14 : 0 22 5 5 0
15 : 93 7 5 3 1
16 : 15 19 4 5 1
17 : 5 19 5 4 0
18 : 87 7 5 3 1
19 : 96 7 3 5 0
20 : 82 0 12 5 0
21 : 96 12 3 3 0
22 : 48 19 3 4 0
23 : 71 19 3 3 0
24 : 90 7 3 5 0
25 : 81 7 5 3 1
26 : 88 12 3 5 0
27 : 94 0 3 7 0
28 : 74 19 5 5 0
29 : 73 15 5 3 0
30 : 0 19 5 3 0
31 : 97 0 3 7 0
32 : 70 14 5 3 1
33 : 92 19 3 3 0
34 : 61 19 3 4 0
35 : 10 19 5 4 0
36 : 64 19 4 4 0
37 : 34 19 3 4 0
38 : 68 19 3 3 0
39 : 34 3 4 8 1
40 : 57 19 5 4 1
41 : 78 12 5 3 0
42 : 91 15 4 3 0
43 : 34 7 12 33 1
44 : 78 15 3 5 1
45 : 34 23 3 3 0
46 : 5 23 4 4 0
47 : 67 14 3 5 0
48 : 87 19 5 5 0
49 : 20 19 5 4 0
50 : 70 7 7 3 1
51 : 83 12 5 3 0
52 : 37 19 5 4 1
53 : 91 12 5 3 0
54 : 45 19 3 4 0
55 : 95 15 3 4 0
56 : 83 15 3 5 1
57 : 95 19 3 3 0
58 : 51 19 3 4 0
59 : 42 3 7 3 0
60 : 73 7 5 8 0
61 : 0 7 34 12 0
62 : 68 22 5 5 0
