247 816
0 : 0 0 39 27 0
1 : 39 0 41 33 0
2 : 80 0 46 17 0
3 : 126 0 33 17 0
4 : 159 0 27 17 1
5 : 0 33 88 17 0
6 : 88 33 31 17 0
7 : 119 33 43 17 0
8 : 0 50 213 40 0
9 : 213 50 33 17 1
10 : 230 50 29 17 1
11 : 0 90 45 27 0
12 : 45 90 57 27 0
13 : 102 90 36 17 0
14 : 138 90 102 17 0
15 : 0 117 39 17 0
16 : 0 134 240 40 0
17 : 0 174 25 27 1
18 : 27 174 82 17 0
19 : 109 174 54 17 0
20 : 163 174 24 17 1
21 : 180 174 33 17 0
22 : 0 199 117 33 0
23 : 117 199 67 17 0
24 : 0 232 99 27 0
25 : 99 232 40 17 0
26 : 0 259 244 42 0
27 : 0 301 38 17 0
28 : 38 301 146 33 0
29 : 0 334 82 17 0
30 : 82 334 50 17 0
31 : 132 334 31 17 0
32 : 0 351 224 44 0
33 : 224 351 37 17 1
34 : 0 395 88 38 0
35 : 0 433 207 44 0
36 : 0 477 152 65 0
37 : 0 542 103 27 0
38 : 103 542 58 27 0
39 : 161 542 61 27 0
40 : 0 569 71 27 0
41 : 71 569 47 17 0
42 : 118 569 98 27 0
43 : 0 596 76 17 0
44 : 76 596 50 27 0
45 : 126 596 67 17 0
46 : 0 623 247 39 0
47 : 0 662 17 17 0
48 : 17 662 39 17 0
49 : 56 662 31 17 0
50 : 87 662 15 17 0
51 : 102 662 53 17 0
52 : 0 679 112 49 0
53 : 112 679 76 17 0
54 : 188 679 46 17 1
55 : 205 679 43 17 1
56 : 0 728 69 17 0
57 : 69 728 45 17 0
58 : 114 728 29 17 0
59 : 143 728 71 27 0
60 : 0 755 44 17 0
61 : 44 755 60 17 0
62 : 104 755 56 17 0
63 : 160 755 20 17 0
64 : 180 755 50 17 0
65 : 0 772 60 17 0
66 : 60 772 63 17 0
67 : 123 772 42 17 0
68 : 165 772 34 27 0
69 : 0 799 52 17 0
