200 221
0 : 109 26 15 72 1
1 : 0 153 15 47 1
2 : 0 104 67 11 0
3 : 99 65 56 39 0
4 : 79 180 6 35 1
5 : 177 191 11 17 1
6 : 0 207 8 20 1
7 : 92 191 22 8 0
8 : 102 207 8 12 0
9 : 177 202 3 16 1
10 : 110 207 11 9 1
11 : 102 56 9 61 1
12 : 32 168 47 7 0
13 : 82 207 11 11 0
14 : 181 38 5 18 1
15 : 92 199 6 22 1
16 : 103 186 5 7 1
17 : 194 191 6 14 0
18 : 116 168 25 21 0
19 : 173 126 22 4 0
20 : 66 207 16 11 0
21 : 161 131 33 17 0
22 : 135 207 8 7 1
23 : 95 186 4 8 1
24 : 0 0 26 110 1
25 : 149 147 11 4 0
26 : 54 131 58 12 0
27 : 67 104 56 21 0
28 : 0 44 21 102 1
29 : 175 185 6 25 1
30 : 54 143 9 51 1
31 : 50 207 16 11 0
32 : 170 44 30 5 0
33 : 93 207 12 9 1
34 : 168 187 4 6 1
35 : 32 175 26 16 0
36 : 102 44 68 12 0
37 : 114 191 20 10 0
38 : 176 0 21 26 0
39 : 72 191 20 12 0
40 : 112 131 49 16 0
41 : 170 49 6 28 1
42 : 197 12 11 3 1
43 : 79 168 37 12 0
44 : 134 198 9 18 1
45 : 97 94 2 9 0
46 : 157 201 5 14 1
47 : 194 131 15 4 1
48 : 58 94 39 9 0
49 : 0 115 64 10 0
50 : 141 180 32 7 0
51 : 0 191 16 26 1
52 : 0 65 99 21 0
53 : 180 65 38 19 1
54 : 0 168 23 32 1
55 : 112 147 6 37 1
56 : 0 131 22 54 1
57 : 155 65 25 36 0
58 : 123 104 50 27 0
59 : 173 104 27 22 0
60 : 58 86 8 41 1
61 : 110 0 66 23 0
62 : 152 198 8 5 1
63 : 155 101 15 3 0
64 : 181 26 18 12 0
65 : 190 164 9 4 0
66 : 114 180 6 2 1
67 : 105 143 9 6 1
68 : 79 186 5 8 1
69 : 72 203 4 18 1
70 : 58 175 15 19 1
71 : 87 186 8 5 0
72 : 141 187 14 4 0
73 : 98 153 48 13 0
74 : 20 207 14 14 0
75 : 26 191 23 10 0
76 : 114 201 5 18 1
77 : 49 191 10 23 1
78 : 47 153 51 11 0
79 : 0 86 58 14 0
80 : 119 207 7 12 0
81 : 126 207 10 9 1
82 : 34 207 16 12 0
83 : 155 187 13 3 0
84 : 163 56 35 9 0
85 : 141 168 34 12 0
86 : 175 168 17 25 1
87 : 197 23 3 3 0
88 : 134 191 7 23 1
89 : 157 191 10 20 1
90 : 0 26 109 18 0
91 : 142 207 7 7 0
92 : 171 201 6 6 0
93 : 146 153 44 13 0
94 : 193 202 3 1 1
95 : 197 0 3 12 0
96 : 190 153 10 11 0
