1000 1220
0 : 831 27 66 61 0
1 : 128 88 62 48 0
2 : 190 88 62 46 0
3 : 500 88 61 43 0
4 : 252 88 39 62 1
5 : 561 88 38 61 1
6 : 144 27 30 71 1
7 : 114 198 56 37 0
8 : 53 268 52 39 0
9 : 786 198 36 55 1
10 : 473 0 74 27 0
11 : 96 414 42 47 1
12 : 963 27 61 32 1
13 : 354 166 58 32 0
14 : 52 307 51 36 0
15 : 141 456 46 40 0
16 : 160 0 79 23 0
17 : 196 376 48 38 0
18 : 81 0 79 23 0
19 : 61 136 30 60 1
20 : 0 0 22 81 1
21 : 951 198 36 49 1
22 : 215 27 25 71 1
23 : 621 0 73 24 0
24 : 702 166 57 31 0
25 : 0 27 72 25 0
26 : 715 307 50 35 0
27 : 170 198 56 31 0
28 : 165 235 33 54 1
29 : 187 456 39 46 1
30 : 356 47 28 63 1
31 : 396 0 77 23 0
32 : 308 575 43 40 0
33 : 292 376 36 48 1
34 : 226 198 56 31 0
35 : 103 307 51 34 0
36 : 219 235 54 32 0
37 : 270 535 44 40 0
38 : 143 414 37 47 1
39 : 154 307 51 34 0
40 : 244 376 48 36 0
41 : 705 235 53 33 0
42 : 138 496 39 45 1
43 : 765 307 34 50 1
44 : 318 0 22 78 1
45 : 205 307 51 33 0
46 : 412 166 29 58 1
47 : 694 0 73 23 0
48 : 767 0 23 73 1
49 : 183 496 37 45 1
50 : 840 0 73 23 0
51 : 602 615 42 40 0
52 : 764 48 26 64 1
53 : 273 235 31 54 1
54 : 72 27 23 72 1
55 : 239 0 79 21 0
56 : 190 414 35 47 1
57 : 865 307 33 50 1
58 : 644 615 39 42 1
59 : 815 307 33 50 1
60 : 327 235 54 30 0
61 : 744 108 60 27 0
62 : 237 414 47 34 0
63 : 913 0 22 73 1
64 : 650 343 49 33 0
65 : 351 575 37 43 1
66 : 105 268 30 52 1
67 : 697 27 67 23 0
68 : 228 496 35 45 1
69 : 314 88 62 25 0
70 : 72 50 24 64 1
71 : 273 496 35 45 1
72 : 394 575 36 43 1
73 : 781 136 26 59 1
74 : 437 575 43 36 0
75 : 630 27 67 23 0
76 : 318 496 34 45 1
77 : 897 47 64 24 0
78 : 388 376 32 48 1
79 : 256 307 30 51 1
80 : 340 376 32 48 1
81 : 622 88 25 61 1
82 : 841 198 55 27 0
83 : 381 235 54 28 0
84 : 233 456 33 46 1
85 : 436 376 31 48 1
86 : 363 496 45 33 0
87 : 307 307 51 29 0
88 : 480 575 43 35 0
89 : 547 0 74 20 0
90 : 915 307 50 29 0
91 : 533 689 40 37 0
92 : 840 136 25 59 1
93 : 284 414 31 47 1
94 : 484 376 30 48 1
95 : 279 456 46 31 0
96 : 599 726 37 39 1
97 : 560 726 37 39 1
98 : 425 46 63 22 0
99 : 686 615 34 42 1
100 : 896 198 26 55 1
101 : 408 496 31 45 1
102 : 764 27 67 21 0
103 : 683 88 23 61 1
104 : 899 136 23 59 1
105 : 325 456 46 30 0
106 : 376 88 62 22 0
107 : 435 235 26 54 1
108 : 638 726 36 39 1
109 : 0 166 59 23 0
110 : 356 27 69 20 0
111 : 358 307 51 27 0
112 : 358 535 31 44 1
113 : 748 343 28 49 1
114 : 38 823 37 37 0
115 : 420 655 34 41 1
116 : 314 535 31 44 1
117 : 699 343 49 28 0
118 : 0 88 65 21 0
119 : 494 27 20 68 1
120 : 964 376 36 38 0
121 : 0 235 55 25 0
122 : 55 235 24 55 1
123 : 573 689 33 40 1
124 : 286 27 70 19 0
125 : 498 496 29 45 1
126 : 523 575 31 43 1
127 : 759 166 57 23 0
128 : 157 268 52 26 0
129 : 453 496 45 29 0
130 : 897 27 20 66 1
131 : 816 166 23 57 1
132 : 543 496 45 29 0
133 : 409 307 51 25 0
134 : 209 268 25 52 1
135 : 425 68 20 63 1
136 : 425 27 69 19 0
137 : 402 535 44 29 0
138 : 417 456 28 46 1
139 : 338 198 23 56 1
140 : 678 496 28 45 1
141 : 0 343 26 50 1
142 : 75 823 37 34 0
143 : 144 57 65 20 0
144 : 371 456 28 46 1
145 : 215 52 65 19 0
146 : 282 198 56 23 0
147 : 463 456 46 27 0
148 : 633 496 28 45 1
149 : 331 414 47 27 0
150 : 156 790 38 33 0
151 : 588 496 45 28 0
152 : 494 47 64 19 0
153 : 261 268 24 52 1
154 : 562 27 18 68 1
155 : 969 456 40 31 1
156 : 509 456 46 27 0
157 : 805 88 20 61 1
158 : 232 790 32 38 1
159 : 313 268 52 24 0
160 : 194 790 38 32 0
161 : 965 307 34 36 0
162 : 461 655 30 41 1
163 : 490 535 44 27 0
164 : 677 726 31 39 1
165 : 744 88 20 61 1
166 : 109 887 33 36 1
167 : 378 414 26 47 1
168 : 580 376 48 25 0
169 : 182 823 32 37 0
170 : 438 88 62 19 0
171 : 613 689 31 40 1
172 : 446 535 28 44 1
173 : 532 376 48 25 0
174 : 562 45 19 63 1
175 : 425 414 47 26 0
176 : 693 689 40 30 0
177 : 555 456 46 26 0
178 : 73 887 36 33 0
179 : 653 689 40 30 0
180 : 118 166 20 59 1
181 : 648 920 34 35 1
182 : 214 823 37 32 0
183 : 566 575 28 43 1
184 : 37 887 33 36 1
185 : 601 456 26 46 1
186 : 470 166 21 58 1
187 : 502 655 29 41 1
188 : 797 343 24 49 1
189 : 112 823 33 37 0
190 : 288 823 32 37 0
191 : 251 823 37 32 0
192 : 394 198 56 21 0
193 : 0 52 65 18 0
194 : 511 307 23 51 1
195 : 562 307 23 51 1
196 : 833 726 30 39 1
197 : 50 343 50 24 0
198 : 365 268 52 23 0
199 : 145 823 37 32 0
200 : 460 307 51 23 0
201 : 609 575 27 43 1
202 : 755 726 30 39 1
203 : 676 376 48 24 0
204 : 450 198 56 21 0
205 : 519 414 25 47 1
206 : 846 343 24 49 1
207 : 270 790 38 31 0
208 : 866 88 19 61 1
209 : 683 920 33 35 1
210 : 59 166 59 20 0
211 : 472 414 25 47 1
212 : 320 823 31 37 0
213 : 652 575 27 43 1
214 : 723 496 25 45 1
215 : 494 66 18 64 1
216 : 695 575 27 43 1
217 : 738 575 27 43 1
218 : 145 887 36 32 0
219 : 716 726 30 39 1
220 : 804 108 60 19 0
221 : 628 376 24 48 1
222 : 781 575 27 43 1
223 : 927 88 61 19 0
224 : 121 136 60 19 0
225 : 911 726 29 39 1
226 : 794 726 30 39 1
227 : 566 414 24 47 1
228 : 578 535 26 44 1
229 : 534 535 26 44 1
230 : 926 107 60 19 0
231 : 100 343 50 23 0
232 : 506 198 56 20 0
233 : 824 575 43 27 0
234 : 872 726 29 39 1
235 : 873 166 57 20 0
236 : 215 71 65 17 0
237 : 758 235 21 53 1
238 : 664 307 51 22 0
239 : 0 70 18 64 1
240 : 613 414 47 24 0
241 : 613 307 51 22 0
242 : 562 64 63 18 0
243 : 411 823 30 37 0
244 : 693 456 24 46 1
245 : 0 615 26 43 1
246 : 217 887 31 36 1
247 : 772 376 48 23 0
248 : 785 456 46 24 0
249 : 866 107 19 60 1
250 : 289 887 31 36 1
251 : 325 887 31 36 1
252 : 813 689 28 40 1
253 : 739 456 46 24 0
254 : 528 166 58 19 0
255 : 867 575 26 43 1
256 : 958 136 27 42 1
257 : 622 113 18 61 1
258 : 773 689 40 28 0
259 : 381 823 30 37 0
260 : 733 689 28 40 1
261 : 647 456 46 24 0
262 : 489 235 54 21 0
263 : 953 575 26 43 1
264 : 105 982 33 34 1
265 : 718 920 35 32 0
266 : 253 887 36 31 0
267 : 710 535 25 44 1
268 : 471 823 30 37 0
269 : 543 655 27 41 1
270 : 707 414 23 47 1
271 : 897 71 64 17 0
272 : 910 575 26 43 1
273 : 286 46 17 63 1
274 : 584 655 27 41 1
275 : 622 535 44 25 0
276 : 586 166 58 19 0
277 : 238 1015 33 33 0
278 : 666 535 44 25 0
279 : 895 343 49 22 0
280 : 308 790 29 38 1
281 : 150 343 50 22 0
282 : 781 286 51 21 0
283 : 351 823 30 37 0
284 : 181 887 31 36 1
285 : 441 823 30 37 0
286 : 0 136 18 61 1
287 : 813 496 24 45 1
288 : 43 615 25 43 1
289 : 853 689 40 27 0
290 : 728 615 26 42 1
291 : 618 215 20 55 1
292 : 893 689 40 27 0
293 : 397 887 30 36 1
294 : 139 982 34 32 0
295 : 641 823 29 37 0
296 : 950 726 39 28 0
297 : 724 376 48 23 0
298 : 335 1015 32 33 0
299 : 933 689 40 27 0
300 : 768 496 24 45 1
301 : 798 535 24 44 1
302 : 660 414 23 47 1
303 : 538 823 29 37 0
304 : 864 235 20 53 1
305 : 156 763 27 39 1
306 : 562 198 19 56 1
307 : 858 496 45 24 0
308 : 501 823 37 29 0
309 : 181 136 18 60 1
310 : 361 887 30 36 1
311 : 567 823 37 29 0
312 : 886 535 24 44 1
313 : 117 763 27 39 1
314 : 707 655 26 41 1
315 : 877 456 23 46 1
316 : 831 456 46 23 0
317 : 820 376 48 22 0
318 : 683 111 61 17 0
319 : 376 110 61 17 0
320 : 948 496 23 45 1
321 : 666 655 26 41 1
322 : 754 414 23 47 1
323 : 200 343 50 21 0
324 : 39 763 39 27 0
325 : 250 343 50 21 0
326 : 521 268 52 20 0
327 : 417 268 52 20 0
328 : 286 63 17 63 1
329 : 604 823 37 29 0
330 : 241 136 17 60 1
331 : 421 136 17 60 1
332 : 78 763 27 39 1
333 : 236 166 18 59 1
334 : 923 456 23 46 1
335 : 271 1015 32 33 0
336 : 754 535 24 44 1
337 : 0 535 23 45 1
338 : 625 655 26 41 1
339 : 753 920 30 35 1
340 : 300 343 50 21 0
341 : 173 982 34 31 0
342 : 469 268 52 20 0
343 : 433 887 36 29 0
344 : 789 655 41 25 0
345 : 0 763 27 39 1
346 : 903 496 23 45 1
347 : 351 763 26 39 1
348 : 788 920 30 35 1
349 : 823 920 35 30 0
350 : 86 615 24 43 1
351 : 744 823 37 28 0
352 : 644 166 18 58 1
353 : 974 535 26 40 0
354 : 384 790 27 38 1
355 : 129 615 24 43 1
356 : 303 1015 32 33 0
357 : 842 535 24 44 1
358 : 55 215 19 55 1
359 : 707 823 37 28 0
360 : 177 166 18 59 1
361 : 811 235 53 20 0
362 : 781 823 28 37 0
363 : 874 823 28 37 0
364 : 801 414 22 47 1
365 : 346 790 27 38 1
366 : 0 726 40 26 0
367 : 543 235 19 54 1
368 : 361 136 60 17 0
369 : 273 763 26 39 1
370 : 613 887 28 36 1
371 : 770 615 42 25 0
372 : 868 376 21 48 1
373 : 846 823 28 37 0
374 : 469 887 29 36 1
375 : 172 615 43 24 0
376 : 670 823 37 28 0
377 : 0 215 55 19 0
378 : 0 496 22 46 1
379 : 577 887 28 36 1
380 : 677 268 52 19 0
381 : 234 763 26 39 1
382 : 367 1015 31 33 0
383 : 312 763 26 39 1
384 : 809 823 37 28 0
385 : 65 88 63 16 0
386 : 848 414 47 22 0
387 : 573 268 52 20 0
388 : 314 113 17 61 1
389 : 812 615 24 42 1
390 : 830 655 25 41 1
391 : 398 1015 33 31 0
392 : 527 1048 32 32 0
393 : 562 217 18 55 1
394 : 858 920 35 29 0
395 : 0 268 53 19 0
396 : 912 655 25 41 1
397 : 630 66 63 16 0
398 : 559 1048 32 32 0
399 : 301 136 17 60 1
400 : 939 823 37 27 0
401 : 0 860 27 37 1
402 : 620 1015 30 33 0
403 : 215 615 43 24 0
404 : 241 982 34 30 0
405 : 871 655 25 41 1
406 : 625 268 52 20 0
407 : 464 1015 33 31 0
408 : 557 1015 33 30 0
409 : 350 343 50 20 0
410 : 80 726 25 40 1
411 : 431 1015 33 31 0
412 : 422 790 38 27 0
413 : 400 343 20 50 1
414 : 45 535 45 22 0
415 : 495 1048 32 32 0
416 : 195 763 26 39 1
417 : 896 615 42 24 0
418 : 693 66 63 16 0
419 : 916 376 48 21 0
420 : 65 120 16 61 1
421 : 460 790 38 26 0
422 : 748 655 25 41 1
423 : 505 887 28 36 1
424 : 390 763 26 39 1
425 : 917 235 19 53 1
426 : 693 50 63 16 0
427 : 0 575 23 44 1
428 : 0 456 21 47 1
429 : 74 860 37 27 0
430 : 902 823 37 27 0
431 : 275 982 29 34 1
432 : 649 887 28 36 1
433 : 40 726 25 40 1
434 : 207 982 30 34 1
435 : 541 887 36 28 0
436 : 301 615 23 43 1
437 : 685 887 36 27 0
438 : 942 435 21 47 1
439 : 854 615 24 42 1
440 : 438 107 16 61 1
441 : 585 763 25 39 1
442 : 0 109 61 16 0
443 : 536 790 38 26 0
444 : 930 535 23 44 1
445 : 497 1015 30 33 0
446 : 630 50 63 16 0
447 : 481 136 60 16 0
448 : 970 235 30 33 0
449 : 46 496 46 21 0
450 : 895 435 21 47 1
451 : 90 535 22 45 1
452 : 37 860 27 37 1
453 : 938 615 23 42 1
454 : 597 235 18 54 1
455 : 944 343 49 20 0
456 : 48 414 20 48 1
457 : 895 414 21 47 1
458 : 0 954 28 35 1
459 : 41 689 24 41 1
460 : 82 689 41 24 0
461 : 258 615 43 23 0
462 : 942 414 21 47 1
463 : 973 689 27 37 0
464 : 832 286 19 51 1
465 : 729 268 19 52 1
466 : 160 726 24 40 1
467 : 928 920 28 35 1
468 : 621 1048 32 30 0
469 : 527 1015 30 33 0
470 : 42 655 23 42 1
471 : 934 286 19 51 1
472 : 953 655 41 24 0
473 : 721 887 27 36 1
474 : 893 920 28 35 1
475 : 429 763 25 39 1
476 : 0 689 41 24 0
477 : 546 763 25 39 1
478 : 618 198 56 17 0
479 : 168 655 23 42 1
480 : 729 213 17 55 1
481 : 590 1015 30 33 0
482 : 674 213 17 55 1
483 : 295 166 16 59 1
484 : 0 655 23 42 1
485 : 651 235 54 18 0
486 : 498 790 26 38 1
487 : 883 286 51 19 0
488 : 88 575 44 22 0
489 : 65 104 61 16 0
490 : 44 575 44 22 0
491 : 309 982 28 34 1
492 : 126 655 23 42 1
493 : 468 763 25 39 1
494 : 111 860 37 26 0
495 : 575 1080 31 31 0
496 : 541 136 16 60 1
497 : 164 689 23 41 1
498 : 0 414 48 20 0
499 : 963 920 28 35 1
500 : 591 1048 30 32 0
501 : 120 726 40 24 0
502 : 833 268 52 18 0
503 : 57 198 57 17 0
504 : 507 763 25 39 1
505 : 84 655 23 42 1
506 : 180 535 21 45 1
507 : 49 376 49 19 0
508 : 729 1080 31 30 0
509 : 176 575 22 44 1
510 : 246 689 23 41 1
511 : 650 790 38 25 0
512 : 688 790 25 38 1
513 : 0 198 57 17 0
514 : 757 887 26 36 1
515 : 764 1015 28 33 0
516 : 123 689 23 41 1
517 : 620 288 50 19 0
518 : 70 954 27 35 1
519 : 35 954 27 35 1
520 : 819 763 24 39 1
521 : 411 982 28 34 1
522 : 930 166 17 57 1
523 : 0 434 20 47 1
524 : 865 887 26 36 1
525 : 148 860 37 25 0
526 : 132 575 22 44 1
527 : 287 689 41 23 0
528 : 702 763 39 24 0
529 : 506 218 17 55 1
530 : 612 790 25 38 1
531 : 570 288 50 19 0
532 : 468 288 18 51 1
533 : 679 1015 29 33 0
534 : 637 1080 31 30 0
535 : 650 1015 29 33 0
536 : 544 1080 31 31 0
537 : 0 324 50 19 0
538 : 98 376 49 19 0
539 : 711 1048 32 29 0
540 : 780 763 24 39 1
541 : 430 615 22 43 1
542 : 135 535 45 21 0
543 : 343 982 34 28 0
544 : 47 434 47 20 0
545 : 294 655 22 42 1
546 : 252 655 22 42 1
547 : 574 790 25 38 1
548 : 110 235 17 55 1
549 : 93 476 20 46 1
550 : 663 763 39 24 0
551 : 210 655 22 42 1
552 : 92 496 20 46 1
553 : 781 268 52 18 0
554 : 668 1080 30 31 0
555 : 547 982 34 27 0
556 : 445 982 34 28 0
557 : 185 860 37 25 0
558 : 377 982 28 34 1
559 : 96 395 48 19 0
560 : 205 689 23 41 1
561 : 682 1048 29 32 0
562 : 481 860 37 25 0
563 : 47 456 47 20 0
564 : 220 575 21 44 1
565 : 295 182 57 16 0
566 : 736 1015 28 33 0
567 : 624 763 39 24 0
568 : 280 726 40 23 0
569 : 708 1015 28 33 0
570 : 653 1048 29 32 0
571 : 801 436 47 20 0
572 : 444 860 25 37 1
573 : 105 954 35 27 0
574 : 200 726 23 40 1
575 : 858 763 24 39 1
576 : 661 136 15 60 1
577 : 793 887 26 36 1
578 : 210 954 26 35 1
579 : 513 982 27 34 1
580 : 245 954 26 35 1
581 : 937 268 52 18 0
582 : 601 136 60 15 0
583 : 878 790 38 24 0
584 : 840 790 38 24 0
585 : 726 790 38 24 0
586 : 772 1048 29 32 0
587 : 225 535 45 20 0
588 : 417 288 18 51 1
589 : 387 615 22 43 1
590 : 721 136 60 15 0
591 : 147 376 49 19 0
592 : 450 343 18 50 1
593 : 606 1080 31 30 0
594 : 407 860 25 37 1
595 : 802 790 38 24 0
596 : 344 615 43 22 0
597 : 240 726 40 23 0
598 : 94 456 20 47 1
599 : 519 288 51 18 0
600 : 333 860 37 25 0
601 : 741 763 39 24 0
602 : 829 887 26 36 1
603 : 296 860 25 37 1
604 : 764 790 24 38 1
605 : 825 1015 33 27 0
606 : 743 1048 29 32 0
607 : 848 436 20 47 1
608 : 259 860 25 37 1
609 : 369 689 22 41 1
610 : 698 1080 31 30 0
611 : 140 954 35 26 0
612 : 936 763 23 39 1
613 : 48 395 19 48 1
614 : 264 575 21 44 1
615 : 0 376 49 19 0
616 : 320 726 23 40 1
617 : 601 151 15 59 1
618 : 479 982 27 34 1
619 : 360 726 23 40 1
620 : 175 954 26 35 1
621 : 473 615 21 43 1
622 : 0 395 19 48 1
623 : 760 1080 31 29 0
624 : 791 1080 31 29 0
625 : 280 954 26 35 1
626 : 516 615 43 21 0
627 : 885 268 52 18 0
628 : 370 860 25 37 1
629 : 518 860 37 24 0
630 : 410 689 41 22 0
631 : 792 1015 33 28 0
632 : 801 1048 28 32 0
633 : 47 476 20 46 1
634 : 328 689 41 22 0
635 : 225 555 44 20 0
636 : 222 860 25 37 1
637 : 707 437 19 47 1
638 : 973 887 27 33 0
639 : 492 689 41 21 0
640 : 976 823 37 24 1
641 : 660 437 47 19 0
642 : 897 763 39 23 0
643 : 32 1080 27 32 1
644 : 350 954 35 25 0
645 : 581 982 26 34 1
646 : 336 655 42 21 0
647 : 829 1048 27 32 0
648 : 901 887 36 24 0
649 : 856 1048 27 32 0
650 : 883 1048 32 27 0
651 : 39 790 22 39 1
652 : 559 615 20 43 1
653 : 402 1111 30 28 0
654 : 915 1048 32 27 0
655 : 550 343 50 17 0
656 : 451 689 21 41 1
657 : 378 655 42 21 0
658 : 365 291 52 16 0
659 : 0 307 17 52 1
660 : 315 954 35 25 0
661 : 92 516 19 45 1
662 : 372 1111 29 30 1
663 : 78 790 22 39 1
664 : 858 1015 33 26 0
665 : 947 1048 27 32 0
666 : 0 1080 32 27 0
667 : 120 1140 29 29 0
668 : 480 726 21 40 1
669 : 937 887 36 24 0
670 : 385 954 35 24 0
671 : 555 860 23 37 1
672 : 0 790 22 39 1
673 : 500 343 17 50 1
674 : 592 860 23 37 1
675 : 974 1048 26 32 0
676 : 440 726 40 21 0
677 : 36 920 36 23 0
678 : 0 920 23 36 1
679 : 677 287 16 52 1
680 : 420 954 35 24 0
681 : 649 982 24 34 1
682 : 0 477 18 46 1
683 : 660 151 57 15 0
684 : 525 954 35 23 0
685 : 930 183 57 15 0
686 : 400 726 40 21 0
687 : 615 982 24 34 1
688 : 432 1111 28 30 1
689 : 560 954 23 35 1
690 : 0 287 52 16 0
691 : 717 151 56 15 0
692 : 566 438 46 18 0
693 : 462 1111 30 28 0
694 : 972 1111 28 29 0
695 : 600 359 17 48 1
696 : 394 219 15 55 1
697 : 449 219 52 16 0
698 : 644 184 57 14 0
699 : 72 74 56 14 0
700 : 674 198 15 56 1
701 : 72 920 23 36 1
702 : 730 198 56 15 0
703 : 600 343 16 50 1
704 : 924 1015 25 33 0
705 : 629 860 37 22 0
706 : 108 920 36 23 0
707 : 891 1015 33 25 0
708 : 853 1080 31 26 0
709 : 490 954 35 23 0
710 : 144 920 36 22 0
711 : 595 954 23 35 1
712 : 949 1015 24 33 0
713 : 729 287 52 15 0
714 : 522 1111 26 30 1
715 : 455 954 35 23 0
716 : 177 184 56 14 0
717 : 492 1111 30 27 0
718 : 980 615 20 40 0
719 : 973 1015 33 24 1
720 : 46 517 44 18 0
721 : 822 1080 31 26 0
722 : 559 635 42 19 0
723 : 764 74 56 14 0
724 : 180 920 36 22 0
725 : 117 790 20 39 1
726 : 946 1080 31 25 0
727 : 233 184 14 56 1
728 : 630 954 22 35 1
729 : 252 920 21 36 1
730 : 149 1140 27 29 0
731 : 110 252 53 15 0
732 : 665 954 35 22 0
733 : 473 636 42 19 0
734 : 631 1140 27 28 0
735 : 751 982 34 22 0
736 : 915 1080 31 25 0
737 : 216 920 21 36 1
738 : 884 1080 31 25 0
739 : 820 398 16 48 1
740 : 0 518 17 45 1
741 : 550 1140 28 27 1
742 : 176 1140 29 26 0
743 : 552 1111 30 25 0
744 : 582 1111 25 30 1
745 : 33 1048 33 23 0
746 : 703 860 37 20 0
747 : 604 1140 27 28 0
748 : 683 982 22 34 1
749 : 700 954 21 35 1
750 : 785 982 34 22 0
751 : 612 1111 25 30 1
752 : 0 1048 33 23 0
753 : 577 1140 27 28 0
754 : 717 982 34 22 0
755 : 666 860 37 20 0
756 : 96 1080 23 32 1
757 : 612 438 16 46 1
758 : 224 1169 27 27 0
759 : 128 1080 23 32 1
760 : 0 840 20 37 1
761 : 754 437 16 47 1
762 : 165 1048 22 33 1
763 : 520 726 40 19 0
764 : 724 399 48 15 0
765 : 160 1080 32 23 0
766 : 64 1080 32 23 0
767 : 261 292 52 14 0
768 : 132 1048 22 33 1
769 : 209 293 14 52 1
770 : 282 221 14 51 1
771 : 324 920 36 20 0
772 : 930 558 44 17 0
773 : 515 636 42 17 0
774 : 144 395 48 15 0
775 : 205 1140 29 25 0
776 : 955 982 34 21 0
777 : 344 637 18 41 1
778 : 177 556 18 41 1
779 : 0 1111 24 31 1
780 : 917 254 53 14 0
781 : 66 1048 33 22 0
782 : 44 597 40 18 0
783 : 251 1169 27 27 0
784 : 916 790 38 19 0
785 : 192 1080 32 23 0
786 : 921 982 34 21 0
787 : 543 254 52 14 0
788 : 887 982 21 34 1
789 : 99 1048 22 33 1
790 : 853 982 21 34 1
791 : 224 1080 32 23 0
792 : 256 1080 22 32 1
793 : 642 1111 30 24 0
794 : 831 479 17 41 1
795 : 613 329 14 50 1
796 : 735 954 35 21 0
797 : 234 1140 25 29 0
798 : 472 439 46 15 0
799 : 288 920 20 36 1
800 : 658 1140 28 26 1
801 : 819 982 34 21 0
802 : 777 860 19 37 1
803 : 161 597 18 38 1
804 : 520 745 18 39 1
805 : 702 1111 23 30 1
806 : 450 361 15 48 1
807 : 426 637 17 41 1
808 : 124 1111 31 22 0
809 : 663 329 50 14 0
810 : 0 1015 34 20 0
811 : 938 638 17 42 1
812 : 157 294 52 13 0
813 : 977 1080 31 23 1
814 : 385 637 41 17 0
815 : 770 954 20 35 1
816 : 352 1080 21 32 1
817 : 740 860 37 19 0
818 : 913 479 40 17 0
819 : 597 253 14 50 1
820 : 155 1111 31 22 0
821 : 0 558 16 44 1
822 : 0 598 16 43 1
823 : 544 360 16 43 1
824 : 852 1140 24 28 0
825 : 278 1169 26 27 0
826 : 259 1140 29 24 0
827 : 828 1140 28 24 1
828 : 585 1169 26 26 0
829 : 805 954 20 35 1
830 : 684 1140 24 28 0
831 : 313 292 13 52 1
832 : 438 123 13 51 1
833 : 814 860 18 37 1
834 : 62 1111 22 31 1
835 : 868 397 16 42 1
836 : 396 920 19 36 1
837 : 903 519 15 44 1
838 : 288 1080 32 21 0
839 : 31 1111 31 22 0
840 : 840 954 19 35 1
841 : 672 1111 30 23 0
842 : 378 440 47 14 0
843 : 340 1140 23 29 0
844 : 304 1169 27 25 0
845 : 93 1111 31 22 0
846 : 851 860 18 37 1
847 : 628 400 48 14 0
848 : 872 479 41 16 0
849 : 780 1140 28 24 1
850 : 954 790 18 38 1
851 : 84 597 17 39 1
852 : 331 1169 27 25 0
853 : 360 920 36 19 0
854 : 804 1140 28 24 1
855 : 331 441 14 47 1
856 : 320 1080 21 32 1
857 : 647 253 50 13 0
858 : 123 597 38 18 0
859 : 708 1140 28 24 1
860 : 756 1140 28 24 1
861 : 772 399 14 48 1
862 : 258 638 16 42 1
863 : 676 400 14 48 1
864 : 88 557 15 43 1
865 : 732 1140 24 28 0
866 : 186 1111 31 21 0
867 : 217 1111 31 21 0
868 : 518 439 14 46 1
869 : 686 1169 25 26 0
870 : 264 1048 33 20 0
871 : 439 1169 24 27 0
872 : 711 1169 26 25 1
873 : 288 1140 29 23 0
874 : 468 920 36 18 0
875 : 102 1015 34 19 0
876 : 300 638 42 16 0
877 : 876 1140 28 23 1
878 : 317 1140 23 29 0
879 : 198 1048 20 33 1
880 : 975 763 27 25 1
881 : 412 1169 27 24 0
882 : 279 1111 31 21 0
883 : 34 1015 34 19 0
884 : 231 1048 20 33 1
885 : 385 1169 27 24 0
886 : 910 954 35 19 0
887 : 732 1111 30 22 0
888 : 947 519 15 44 1
889 : 762 1111 22 30 1
890 : 297 1048 33 20 0
891 : 875 954 35 19 0
892 : 910 397 15 42 1
893 : 636 1169 26 25 1
894 : 822 1111 21 30 1
895 : 611 1169 25 26 0
896 : 358 1169 27 24 0
897 : 922 1140 28 23 1
898 : 451 710 16 39 1
899 : 333 221 13 51 1
900 : 356 75 13 51 1
901 : 792 1111 30 21 0
902 : 45 557 43 15 0
903 : 723 521 14 45 1
904 : 248 1111 31 21 0
905 : 500 360 44 15 0
906 : 0 982 18 35 1
907 : 536 1169 27 23 0
908 : 945 954 18 35 1
909 : 736 1169 24 26 0
910 : 760 1169 24 26 0
911 : 363 1140 22 29 0
912 : 899 1140 23 28 0
913 : 432 920 36 18 0
914 : 70 982 35 18 0
915 : 384 1080 32 20 0
916 : 852 1111 21 30 1
917 : 385 1140 29 22 0
918 : 28 1169 28 22 0
919 : 661 1169 25 26 0
920 : 330 1048 33 19 0
921 : 414 1140 29 22 0
922 : 832 1169 24 26 0
923 : 396 1048 19 33 1
924 : 945 1140 28 22 1
925 : 68 1015 34 19 0
926 : 310 1111 31 20 0
927 : 463 1169 23 27 0
928 : 35 982 35 18 0
929 : 808 1169 26 24 1
930 : 856 1169 24 26 0
931 : 0 823 17 38 1
932 : 784 1169 24 26 0
933 : 135 556 15 42 1
934 : 925 860 37 17 0
935 : 509 1169 27 23 0
936 : 770 640 15 42 1
937 : 490 710 16 39 1
938 : 888 860 37 17 0
939 : 486 1169 23 27 0
940 : 438 747 38 16 0
941 : 43 640 42 15 0
942 : 967 1140 28 22 1
943 : 425 440 13 47 1
944 : 448 1080 20 32 1
945 : 972 1169 25 25 0
946 : 136 1015 34 18 0
947 : 480 1080 32 19 0
948 : 220 596 15 42 1
949 : 912 1111 30 21 0
950 : 262 596 15 42 1
951 : 512 1080 32 19 0
952 : 476 747 38 16 0
953 : 882 1111 30 21 0
954 : 944 363 48 13 0
955 : 0 887 37 17 0
956 : 0 1169 28 22 0
957 : 416 1080 32 20 0
958 : 612 920 36 17 0
959 : 962 860 37 17 0
960 : 363 1048 19 33 1
961 : 942 1111 20 30 1
962 : 472 1140 29 21 0
963 : 25 1196 25 24 0
964 : 926 1169 23 26 0
965 : 429 1048 18 33 1
966 : 504 920 36 17 0
967 : 168 1169 21 28 1
968 : 949 1169 26 23 1
969 : 0 1196 25 24 0
970 : 812 639 37 16 0
971 : 576 920 36 17 0
972 : 30 1140 20 30 1
973 : 204 1015 18 34 1
974 : 880 1169 23 26 0
975 : 84 1169 21 28 1
976 : 170 1015 34 18 0
977 : 400 747 38 16 0
978 : 540 920 17 36 1
979 : 443 1140 29 21 0
980 : 903 1169 26 23 1
981 : 538 937 17 34 1
982 : 112 1169 28 21 0
983 : 462 1048 33 18 0
984 : 140 1169 28 21 0
985 : 572 937 17 34 1
986 : 0 1140 30 20 0
987 : 521 1140 29 20 0
988 : 56 1169 21 28 1
989 : 60 1140 30 19 0
990 : 50 1196 24 24 0
991 : 504 937 34 17 0
992 : 501 1140 20 29 0
993 : 341 1111 31 19 0
994 : 74 1196 24 24 0
995 : 196 1169 21 28 1
996 : 90 1140 30 19 0
997 : 980 954 28 20 1
998 : 563 1169 22 27 0
999 : 490 562 13 44 1
