1000 10335
0 : 0 0 340 857 1
1 : 857 0 104 178 0
2 : 0 340 943 389 0
3 : 0 729 189 491 1
4 : 491 729 146 162 0
5 : 0 918 33 963 1
6 : 0 951 497 135 0
7 : 0 1086 652 992 1
8 : 0 1738 121 598 1
9 : 0 1859 42 727 1
10 : 0 1901 142 505 1
11 : 505 1901 24 83 0
12 : 0 2043 150 776 1
13 : 0 2193 49 921 1
14 : 0 2242 493 677 1
15 : 0 2735 85 886 1
16 : 0 2820 421 99 0
17 : 0 2919 970 933 0
18 : 0 3852 252 738 1
19 : 0 4104 561 246 0
20 : 0 4350 882 779 0
21 : 882 4350 298 2 1
22 : 0 5129 452 169 0
23 : 452 5129 253 49 0
24 : 0 5298 338 87 0
25 : 338 5298 81 148 1
26 : 486 5298 59 375 1
27 : 0 5385 457 647 1
28 : 647 5385 12 189 0
29 : 659 5385 8 169 0
30 : 667 5385 191 233 0
31 : 0 5842 85 947 1
32 : 0 5927 629 135 0
33 : 0 6062 965 107 0
34 : 0 6169 359 109 0
35 : 0 6278 840 67 0
36 : 0 6345 538 142 0
37 : 0 6487 104 726 1
38 : 0 6591 15 871 1
39 : 0 6606 144 230 1
40 : 230 6606 10 114 0
41 : 0 6750 761 761 0
42 : 0 7511 984 980 0
43 : 0 8491 408 117 0
44 : 408 8491 9 189 1
45 : 0 8608 931 913 0
46 : 0 9521 516 536 1
47 : 0 10037 150 906 1
48 : 0 10187 689 148 0
49 : 689 10187 103 146 0
