35 435
0 : 0 416 12 10 0
1 : 32 0 2 31 0
2 : 25 403 10 13 0
3 : 16 168 16 16 0
4 : 0 184 16 16 0
5 : 16 184 16 16 0
6 : 0 200 16 16 0
7 : 32 343 2 15 0
8 : 10 427 8 7 1
9 : 0 403 13 13 0
10 : 16 216 16 16 0
11 : 17 427 8 7 1
12 : 16 232 16 16 0
13 : 24 98 16 7 1
14 : 0 248 16 16 0
15 : 0 328 16 15 0
16 : 0 388 15 15 0
17 : 0 119 24 21 0
18 : 34 0 1 26 0
19 : 0 264 16 16 0
20 : 24 56 11 14 0
21 : 0 140 24 21 0
22 : 16 328 16 15 0
23 : 16 280 16 16 0
24 : 0 296 16 16 0
25 : 28 388 7 7 0
26 : 0 312 16 16 0
27 : 15 388 13 14 0
28 : 0 343 16 15 0
29 : 31 427 2 7 0
30 : 0 427 8 10 1
31 : 24 77 13 11 1
32 : 16 343 16 15 0
33 : 13 403 13 12 1
34 : 0 168 16 16 0
35 : 0 280 16 16 0
36 : 33 427 1 1 0
37 : 32 168 2 16 0
38 : 24 119 12 10 1
39 : 27 32 8 10 0
40 : 24 140 12 10 1
41 : 0 32 24 24 0
42 : 0 358 16 15 0
43 : 16 358 16 15 0
44 : 0 0 32 32 0
45 : 24 427 7 7 0
46 : 24 32 3 22 0
47 : 16 296 16 16 0
48 : 16 264 16 16 0
49 : 0 161 35 7 0
50 : 16 248 16 16 0
51 : 31 98 3 19 0
52 : 32 328 3 15 0
53 : 0 98 24 21 0
54 : 0 232 16 16 0
55 : 0 373 16 15 0
56 : 16 200 16 16 0
57 : 0 216 16 16 0
58 : 12 416 11 11 0
59 : 16 373 16 15 0
60 : 23 416 11 11 0
61 : 0 77 24 21 0
62 : 0 56 24 21 0
63 : 16 312 16 15 1
64 : 32 358 3 11 0
