247 619
0 : 213 284 39 27 1
1 : 146 363 41 33 0
2 : 0 568 46 17 0
3 : 220 396 33 17 1
4 : 89 602 27 17 0
5 : 102 483 88 17 0
6 : 183 585 31 17 0
7 : 137 568 43 17 0
8 : 0 284 213 40 0
9 : 212 517 33 17 0
10 : 60 602 29 17 0
11 : 200 65 45 27 1
12 : 190 456 57 27 0
13 : 114 585 36 17 0
14 : 0 483 102 17 0
15 : 224 158 39 17 1
16 : 0 244 240 40 0
17 : 221 363 25 27 0
18 : 82 500 82 17 0
19 : 190 534 54 17 0
20 : 223 568 24 17 0
21 : 150 585 33 17 0
22 : 0 396 117 33 0
23 : 0 534 67 17 0
24 : 0 429 99 27 0
25 : 207 158 40 17 1
26 : 0 202 244 42 0
27 : 39 585 38 17 0
28 : 0 363 146 33 0
29 : 0 500 82 17 0
30 : 105 551 50 17 0
31 : 214 585 31 17 0
32 : 0 114 224 44 0
33 : 77 585 37 17 0
34 : 112 65 88 38 0
35 : 0 158 207 44 0
36 : 0 0 152 65 0
37 : 117 396 103 27 0
38 : 132 456 58 27 0
39 : 71 456 61 27 0
40 : 0 456 71 27 0
41 : 227 65 47 17 1
42 : 99 429 98 27 0
43 : 164 500 76 17 0
44 : 197 429 50 27 0
45 : 145 517 67 17 0
46 : 0 324 247 39 0
47 : 136 602 17 17 0
48 : 0 585 39 17 0
49 : 0 602 31 17 0
50 : 153 602 15 17 0
51 : 0 551 53 17 0
52 : 0 65 112 49 0
53 : 0 517 76 17 0
54 : 46 568 46 17 0
55 : 180 568 43 17 0
56 : 76 517 69 17 0
57 : 92 568 45 17 0
58 : 31 602 29 17 0
59 : 152 0 71 27 0
60 : 224 114 44 17 1
61 : 130 534 60 17 0
62 : 190 483 56 17 0
63 : 116 602 20 17 0
64 : 155 551 50 17 0
65 : 223 0 60 17 1
66 : 67 534 63 17 0
67 : 205 551 42 17 0
68 : 187 363 34 27 0
69 : 53 551 52 17 0
