40400 47505
0 : 38686 6171 4629 1596 1
1 : 37418 12262 2919 783 0
2 : 0 3231 8067 1832 0
3 : 0 15174 7180 2974 0
4 : 36947 23269 1685 1708 0
5 : 23594 17998 2029 601 0
6 : 15046 5222 15046 7040 0
7 : 19160 39942 6726 7039 0
8 : 15868 25029 7958 5170 0
9 : 7629 39942 3621 4223 0
10 : 23826 25029 4358 6846 1
11 : 6416 10628 6272 1268 0
12 : 38238 0 6171 1473 1
13 : 7180 15174 3448 1249 0
14 : 10729 18640 6389 10170 1
15 : 0 25029 7910 5092 0
16 : 30092 0 4629 11306 0
17 : 38686 10800 1279 1621 1
18 : 20899 18640 3529 6846 1
19 : 0 36577 3770 3117 0
20 : 10082 35628 3924 3177 0
21 : 20899 24456 2672 556 0
22 : 15046 0 15046 5222 0
23 : 7180 16423 2050 2287 1
24 : 7910 25029 7958 5152 0
25 : 25575 22993 1063 2033 0
26 : 36863 6171 1823 5782 0
27 : 10082 30199 4047 5429 0
28 : 8067 3231 6416 1491 0
29 : 37137 28871 859 2104 1
30 : 10744 12262 6378 12850 1
31 : 0 12262 10744 2912 0
32 : 36947 18640 4629 2353 1
33 : 37418 13045 2919 838 0
34 : 27745 18640 8067 5014 0
35 : 36989 15439 3139 2974 0
36 : 37418 13883 1685 1469 0
37 : 25575 22169 2029 824 0
38 : 0 5222 15046 5406 0
39 : 23594 14669 6726 3329 0
40 : 14129 30199 7958 9256 1
41 : 34721 7958 1080 4223 0
42 : 23594 12262 2407 6846 1
43 : 34129 30199 6272 5296 1
44 : 36863 0 6171 1375 1
45 : 9467 16423 1253 1249 0
46 : 0 18640 6389 10729 1
47 : 11250 39942 7910 7563 0
48 : 30672 25029 4629 6465 1
49 : 12688 10628 503 1621 0
50 : 0 39942 7629 6846 0
51 : 30440 15439 6549 3117 0
52 : 30440 12262 6978 3177 0
53 : 30092 11306 2672 869 0
54 : 0 0 15046 3231 0
55 : 20899 22169 4676 2287 0
56 : 34721 0 7958 2142 1
57 : 8049 30199 3638 2033 1
58 : 13191 10628 1823 1064 0
59 : 35812 18640 4047 1135 1
60 : 0 10628 6416 1357 0
61 : 37137 25029 3842 2104 1
62 : 0 30199 6378 8049 1
63 : 23385 30199 10744 9743 0
