200 232
0 : 110 18 15 72 1
1 : 0 130 15 47 1
2 : 110 33 67 11 0
3 : 72 157 56 39 0
4 : 157 74 6 35 1
5 : 26 196 11 17 1
6 : 101 148 8 20 1
7 : 177 0 22 8 0
8 : 59 122 8 12 1
9 : 177 40 3 16 1
10 : 179 196 11 9 1
11 : 102 54 9 61 1
12 : 0 109 47 7 0
13 : 26 207 11 11 0
14 : 182 18 5 18 1
15 : 194 130 6 22 0
16 : 193 60 5 7 1
17 : 170 183 6 14 1
18 : 133 196 25 21 0
19 : 35 100 22 4 0
20 : 81 196 16 11 1
21 : 128 157 33 17 1
22 : 71 122 8 7 0
23 : 192 74 4 8 1
24 : 0 18 26 110 1
25 : 170 189 11 4 0
26 : 99 65 58 12 0
27 : 95 109 56 21 0
28 : 0 44 21 102 1
29 : 188 130 6 25 0
30 : 99 77 9 51 1
31 : 43 196 16 11 1
32 : 163 60 30 5 0
33 : 170 196 12 9 1
34 : 194 152 4 6 1
35 : 170 157 26 16 1
36 : 109 0 68 12 0
37 : 0 145 20 10 0
38 : 92 196 21 26 1
39 : 186 175 20 12 1
40 : 151 109 49 16 0
41 : 101 142 6 28 1
42 : 43 145 11 3 1
43 : 101 130 37 12 0
44 : 186 157 9 18 0
45 : 196 65 2 9 0
46 : 128 190 5 14 1
47 : 121 148 15 4 0
48 : 157 65 39 9 0
49 : 102 44 64 10 0
50 : 166 44 32 7 0
51 : 0 196 16 26 1
52 : 0 65 99 21 0
53 : 34 157 38 19 0
54 : 0 169 23 32 1
55 : 163 54 6 37 1
56 : 47 130 22 54 1
57 : 145 157 25 36 0
58 : 138 130 50 27 0
59 : 54 196 27 22 0
60 : 124 97 8 41 1
61 : 58 86 66 23 0
62 : 150 77 8 5 1
63 : 182 28 15 3 0
64 : 59 176 18 12 1
65 : 129 142 9 4 0
66 : 188 155 6 2 0
67 : 165 97 9 6 0
68 : 195 157 5 8 0
69 : 35 104 4 18 1
70 : 118 196 15 19 0
71 : 195 165 8 5 1
72 : 121 152 14 4 0
73 : 47 109 48 13 0
74 : 11 218 14 14 0
75 : 185 86 23 10 1
76 : 182 23 5 18 1
77 : 175 86 10 23 0
78 : 124 86 51 11 0
79 : 0 86 58 14 0
80 : 47 122 7 12 1
81 : 188 196 10 9 1
82 : 158 196 16 12 1
83 : 44 116 13 3 1
84 : 0 100 35 9 0
85 : 0 157 34 12 0
86 : 34 176 17 25 1
87 : 197 28 3 3 0
88 : 177 33 7 23 1
89 : 20 145 10 20 1
90 : 0 0 109 18 0
91 : 179 207 7 7 0
92 : 170 208 6 6 0
93 : 0 116 44 13 0
94 : 43 156 3 1 0
95 : 40 145 3 12 0
96 : 0 218 10 11 1
