200 226
0 : 0 116 66 25 0
1 : 163 86 14 30 0
2 : 141 141 18 14 1
3 : 91 50 43 34 0
4 : 134 50 59 30 0
5 : 183 141 10 16 0
6 : 153 200 8 33 1
7 : 175 0 22 47 0
8 : 123 141 18 16 0
9 : 147 175 26 13 0
10 : 78 141 24 17 0
11 : 56 220 26 4 0
12 : 104 212 7 28 1
13 : 177 86 26 14 1
14 : 0 86 30 51 1
15 : 66 116 39 25 0
16 : 128 220 7 3 0
17 : 134 200 19 9 0
18 : 169 212 25 6 0
19 : 16 212 8 14 1
20 : 0 141 18 78 1
21 : 169 141 14 17 0
22 : 63 188 62 12 0
23 : 109 159 15 64 1
24 : 195 159 16 5 1
25 : 61 175 46 13 0
26 : 116 86 27 26 1
27 : 0 188 12 63 1
28 : 191 86 30 8 1
29 : 0 50 36 91 1
30 : 105 116 23 31 1
31 : 189 175 8 13 0
32 : 186 116 22 9 1
33 : 65 200 9 50 1
34 : 82 220 14 4 0
35 : 0 212 8 16 1
36 : 171 188 22 12 0
37 : 62 0 57 37 0
38 : 29 220 7 6 0
39 : 0 200 12 36 1
40 : 36 200 11 29 1
41 : 119 0 30 56 1
42 : 0 0 50 62 1
43 : 0 175 61 13 0
44 : 194 212 4 7 0
45 : 41 212 7 33 1
46 : 83 159 16 26 1
47 : 125 188 12 46 1
48 : 142 86 21 27 0
49 : 51 86 28 65 1
50 : 96 220 4 4 0
51 : 115 200 9 19 1
52 : 107 175 40 13 0
53 : 193 50 6 19 0
54 : 173 159 15 22 1
55 : 136 116 19 31 1
56 : 102 141 21 17 0
57 : 51 220 5 6 0
58 : 36 220 5 15 1
59 : 74 212 30 7 0
60 : 0 220 6 19 1
61 : 186 200 8 12 1
62 : 30 212 11 8 0
63 : 167 116 19 21 0
64 : 155 141 18 14 1
65 : 100 220 3 20 1
66 : 193 141 18 3 1
67 : 0 159 83 16 0
68 : 173 175 16 13 0
69 : 198 212 2 7 0
70 : 19 220 6 10 1
71 : 132 212 37 6 0
72 : 120 220 8 3 0
