40400 61015
0 : 38358 25029 4629 1596 1
1 : 39407 5222 2919 783 1
2 : 30092 0 8067 1832 0
3 : 23991 18640 7180 2974 0
4 : 10013 54289 1685 1708 0
5 : 39679 31418 2029 601 1
6 : 15046 5222 15046 7040 0
7 : 0 54289 6726 7039 1
8 : 15868 31418 7958 5170 0
9 : 23884 44546 3621 4223 0
10 : 23826 31418 4358 6846 1
11 : 34900 12262 6272 1268 1
12 : 37543 12262 6171 1473 1
13 : 39016 12262 3448 1249 1
14 : 0 25029 6389 10170 1
15 : 0 31418 7910 5092 0
16 : 10744 12262 4629 11306 1
17 : 35068 44546 1279 1621 0
18 : 23445 25029 3529 6846 1
19 : 20767 44546 3770 3117 1
20 : 17590 44546 3924 3177 1
21 : 35312 31418 2672 556 1
22 : 15046 0 15046 5222 0
23 : 36347 44546 2050 2287 0
24 : 7910 31418 7958 5152 0
25 : 37332 36588 1063 2033 0
26 : 31171 18640 1823 5782 0
27 : 16547 36588 4047 5429 0
28 : 0 18640 6416 1491 0
29 : 29850 36588 859 2104 0
30 : 22050 12262 6378 12850 1
31 : 0 12262 10744 2912 0
32 : 32959 31418 4629 2353 1
33 : 35868 31418 2919 838 1
34 : 30291 25029 8067 5014 0
35 : 7039 54289 3139 2974 1
36 : 38397 44546 1685 1469 1
37 : 30709 36588 2029 824 1
38 : 0 5222 15046 5406 0
39 : 16719 25029 6726 3329 0
40 : 20594 36588 7958 9256 1
41 : 38159 0 1080 4223 0
42 : 6416 18640 2407 6846 1
43 : 32036 36588 6272 5296 1
44 : 36168 12262 6171 1375 1
45 : 11698 54289 1253 1249 1
46 : 13262 18640 6389 10729 1
47 : 27505 44546 7910 7563 1
48 : 0 36588 4629 6465 1
49 : 31533 36588 503 1621 0
50 : 10744 44546 7629 6846 1
51 : 10170 25029 6549 3117 0
52 : 32994 18640 6978 3177 0
53 : 36706 31418 2672 869 1
54 : 0 0 15046 3231 0
55 : 30672 31418 4676 2287 1
56 : 30092 5222 7958 2142 0
57 : 14514 36588 3638 2033 1
58 : 38395 36588 1823 1064 1
59 : 39239 0 4047 1135 1
60 : 38050 5222 6416 1357 1
61 : 37575 31418 3842 2104 1
62 : 6465 36588 6378 8049 1
63 : 0 44546 10744 9743 0
