100 1784
0 : 0 0 38 90 1
1 : 0 38 24 82 1
2 : 0 62 18 75 1
3 : 0 80 88 98 1
4 : 0 168 27 97 1
5 : 0 195 4 99 1
6 : 0 199 14 85 1
7 : 0 213 24 85 1
8 : 0 237 28 76 1
9 : 0 265 46 35 0
10 : 0 300 20 69 1
11 : 0 320 21 79 1
12 : 0 341 41 99 1
13 : 0 382 49 88 1
14 : 0 431 39 96 1
15 : 0 470 30 82 1
16 : 0 500 15 95 1
17 : 0 515 14 95 1
18 : 0 529 19 96 1
19 : 0 548 50 93 1
20 : 0 598 1 99 1
21 : 0 599 40 75 1
22 : 0 639 11 69 1
23 : 0 650 82 66 0
24 : 0 716 49 76 1
25 : 0 765 85 47 0
26 : 0 812 64 79 1
27 : 0 876 27 69 1
28 : 0 903 8 97 1
29 : 0 911 28 94 1
30 : 0 939 30 75 1
31 : 0 969 32 69 1
32 : 0 1001 29 90 1
33 : 0 1030 39 99 1
34 : 0 1069 7 11 1
35 : 0 1076 100 18 0
36 : 0 1094 61 88 1
37 : 0 1155 12 76 1
38 : 0 1167 45 79 1
39 : 0 1212 28 95 1
40 : 0 1240 6 67 1
41 : 0 1246 47 46 0
42 : 47 1246 45 39 1
43 : 0 1292 19 84 1
44 : 0 1311 12 85 1
45 : 0 1323 44 91 1
46 : 0 1367 56 70 1
47 : 0 1423 21 82 1
48 : 0 1444 30 77 1
49 : 0 1474 2 93 1
50 : 0 1476 31 14 0
51 : 0 1490 35 89 1
52 : 0 1525 9 76 1
53 : 0 1534 22 68 1
54 : 0 1556 16 79 1
55 : 0 1572 11 68 1
56 : 0 1583 50 84 1
57 : 0 1633 3 87 1
58 : 0 1636 62 86 1
59 : 0 1698 98 86 0
