1000 9343
0 : 0 0 340 857 1
1 : 857 0 104 178 0
2 : 0 340 943 389 0
3 : 0 729 189 491 1
4 : 491 729 146 162 0
5 : 0 918 33 963 1
6 : 0 951 497 135 0
7 : 0 1086 652 992 1
8 : 0 1738 121 598 1
9 : 0 1859 42 727 1
10 : 0 1901 142 505 1
11 : 961 0 24 83 0
12 : 0 2043 150 776 1
13 : 0 2193 49 921 1
14 : 0 2242 493 677 1
15 : 0 2735 85 886 1
16 : 497 951 421 99 0
17 : 0 2820 970 933 0
18 : 0 3753 252 738 1
19 : 0 4005 561 246 0
20 : 0 4251 882 779 0
21 : 985 0 298 2 1
22 : 505 1901 452 169 0
23 : 943 340 253 49 1
24 : 637 729 338 87 0
25 : 598 1738 81 148 1
26 : 677 2242 59 375 0
27 : 0 5030 457 647 1
28 : 987 0 12 189 0
29 : 992 340 8 169 0
30 : 746 1738 191 233 1
31 : 0 5487 85 947 1
32 : 0 5572 629 135 0
33 : 0 5707 965 107 0
34 : 736 2242 359 109 1
35 : 0 5814 840 67 0
36 : 0 5881 538 142 0
37 : 882 4251 104 726 0
38 : 970 2820 15 871 0
39 : 727 1859 144 230 1
40 : 975 729 10 114 0
41 : 0 6023 761 761 0
42 : 0 6784 984 980 0
43 : 845 2242 408 117 1
44 : 985 729 9 189 0
45 : 0 7764 931 913 0
46 : 0 8677 516 536 1
47 : 0 9193 150 906 1
48 : 761 6023 689 148 1
49 : 776 2043 103 146 0
