200 293
0 : 109 0 15 72 1
1 : 41 144 15 47 1
2 : 110 18 67 11 0
3 : 100 193 56 39 0
4 : 39 166 6 35 1
5 : 18 257 11 17 1
6 : 189 144 8 20 0
7 : 177 86 22 8 0
8 : 180 257 8 12 0
9 : 190 0 3 16 0
10 : 28 279 11 9 0
11 : 0 86 9 61 1
12 : 0 123 47 7 0
13 : 82 279 11 11 0
14 : 185 0 5 18 0
15 : 194 18 6 22 0
16 : 39 279 5 7 0
17 : 166 232 6 14 0
18 : 143 257 25 21 0
19 : 183 18 22 4 1
20 : 85 257 16 11 1
21 : 156 193 33 17 1
22 : 58 279 8 7 1
23 : 139 257 4 8 0
24 : 0 18 26 110 1
25 : 192 232 11 4 1
26 : 61 86 58 12 0
27 : 95 123 56 21 0
28 : 0 44 21 102 1
29 : 177 18 6 25 0
30 : 66 100 9 51 1
31 : 35 257 16 11 0
32 : 170 44 30 5 0
33 : 16 279 12 9 0
34 : 44 279 4 6 0
35 : 36 232 26 16 0
36 : 102 44 68 12 0
37 : 62 232 20 10 1
38 : 96 257 21 26 1
39 : 154 232 20 12 1
40 : 151 123 49 16 0
41 : 34 193 6 28 1
42 : 172 232 11 3 1
43 : 109 166 37 12 0
44 : 145 232 9 18 0
45 : 198 0 2 9 0
46 : 108 232 5 14 0
47 : 196 166 15 4 1
48 : 0 166 39 9 0
49 : 99 65 64 10 0
50 : 168 100 32 7 0
51 : 72 232 16 26 1
52 : 0 65 99 21 0
53 : 62 193 38 19 0
54 : 113 232 23 32 1
55 : 163 65 6 37 1
56 : 88 144 22 54 1
57 : 0 232 25 36 1
58 : 146 166 50 27 0
59 : 51 257 27 22 0
60 : 0 144 8 41 1
61 : 0 100 66 23 0
62 : 188 257 8 5 1
63 : 186 144 15 3 1
64 : 0 257 18 12 0
65 : 196 232 9 4 1
66 : 122 257 6 2 1
67 : 193 257 9 6 1
68 : 0 279 5 8 1
69 : 181 0 4 18 0
70 : 124 257 15 19 0
71 : 8 279 8 5 0
72 : 193 193 14 4 1
73 : 47 123 48 13 0
74 : 93 279 14 14 0
75 : 183 193 23 10 1
76 : 193 0 5 18 0
77 : 173 193 10 23 0
78 : 117 100 51 11 0
79 : 119 86 58 14 0
80 : 78 257 7 12 0
81 : 48 279 10 9 0
82 : 168 257 16 12 1
83 : 197 144 13 3 1
84 : 74 166 35 9 0
85 : 0 193 34 12 0
86 : 175 232 17 25 0
87 : 114 279 3 3 0
88 : 187 18 7 23 0
89 : 98 232 10 20 0
90 : 0 0 109 18 0
91 : 107 279 7 7 0
92 : 76 279 6 6 0
93 : 142 144 44 13 0
94 : 199 86 3 1 1
95 : 197 193 3 12 0
96 : 65 279 10 11 1
