135 515
0 : 60 443 29 18 0
1 : 47 359 49 16 0
2 : 56 461 29 16 0
3 : 0 68 75 21 0
4 : 22 481 23 16 0
5 : 0 36 88 16 0
6 : 0 282 57 18 0
7 : 0 379 42 21 0
8 : 87 379 45 16 0
9 : 0 243 61 18 0
10 : 104 422 29 20 0
11 : 0 107 67 26 0
12 : 0 341 52 16 0
13 : 0 16 93 20 0
14 : 45 481 22 16 0
15 : 86 481 19 16 0
16 : 40 400 36 20 0
17 : 50 302 55 16 0
18 : 0 0 135 16 0
19 : 52 341 50 18 0
20 : 0 443 31 16 0
21 : 0 323 53 16 0
22 : 0 481 22 18 0
23 : 63 225 62 18 0
24 : 0 261 58 21 0
25 : 0 171 71 16 0
26 : 42 379 45 16 0
27 : 0 52 85 16 0
28 : 0 422 39 16 0
29 : 0 400 40 18 0
30 : 112 461 20 21 1
31 : 61 243 63 16 0
32 : 53 323 51 18 0
33 : 0 225 63 18 0
34 : 89 443 29 16 0
35 : 0 133 73 20 0
36 : 67 481 19 16 0
37 : 0 461 29 16 0
38 : 0 359 47 20 0
39 : 31 443 29 18 0
40 : 0 302 50 21 0
41 : 76 400 34 22 0
42 : 57 282 54 20 0
43 : 66 205 62 20 0
44 : 39 422 30 21 0
45 : 29 461 27 18 0
46 : 0 499 16 16 0
47 : 105 481 19 16 0
48 : 85 461 27 16 0
49 : 0 205 66 18 0
50 : 71 171 53 34 0
51 : 0 89 76 18 0
52 : 0 153 71 18 0
53 : 58 261 58 20 0
54 : 69 422 35 16 0
