40400 45999
0 : 34323 20329 4629 1596 0
1 : 12133 36430 2919 783 0
2 : 15046 10271 8067 1832 0
3 : 23594 18651 7180 2974 0
4 : 0 40855 1685 1708 0
5 : 12651 40643 2029 601 1
6 : 0 0 15046 7040 0
7 : 23449 29963 6726 7039 0
8 : 27475 22005 7958 5170 1
9 : 36081 37526 3621 4223 0
10 : 30175 29963 4358 6846 0
11 : 0 28394 6272 1268 0
12 : 38062 29963 6171 1473 1
13 : 6272 28394 3448 1249 0
14 : 0 22005 6389 10170 1
15 : 7910 29963 7910 5092 0
16 : 30092 0 4629 11306 0
17 : 14081 35055 1279 1621 1
18 : 34533 29963 3529 6846 0
19 : 3924 42822 3770 3117 0
20 : 0 42822 3924 3177 0
21 : 34721 11613 2672 556 0
22 : 0 7040 15046 5222 0
23 : 10364 40643 2050 2287 1
24 : 32645 22005 7958 5152 1
25 : 26012 41573 1063 2033 1
26 : 6978 18640 1823 5782 1
27 : 26012 37526 4047 5429 1
28 : 19426 28383 6416 1491 0
29 : 37797 28851 859 2104 1
30 : 0 12262 6378 12850 1
31 : 34721 0 10744 2912 1
32 : 33728 37526 4629 2353 1
33 : 36081 41749 2919 838 0
34 : 34323 12262 8067 5014 1
35 : 30774 18651 3139 2974 0
36 : 1685 40855 1685 1469 0
37 : 28045 41573 2029 824 0
38 : 15046 0 15046 5406 0
39 : 0 37526 6726 3329 0
40 : 10170 22005 7958 9256 1
41 : 7910 36430 1080 4223 1
42 : 37797 22005 2407 6846 0
43 : 19740 37526 6272 5296 0
44 : 7910 35055 6171 1375 0
45 : 30074 41573 1253 1249 0
46 : 23594 12262 6389 10729 1
47 : 0 29963 7910 7563 0
48 : 13275 37526 4629 6465 1
49 : 31441 42202 503 1621 1
50 : 15820 29963 7629 6846 0
51 : 6726 37526 6549 3117 0
52 : 0 18640 6978 3177 0
53 : 34721 10744 2672 869 0
54 : 15046 7040 15046 3231 0
55 : 31441 37526 4676 2287 1
56 : 37633 0 7958 2142 1
57 : 6726 40643 3638 2033 0
58 : 11025 20463 1823 1064 0
59 : 6978 20463 4047 1135 0
60 : 23113 10271 6416 1357 0
61 : 37633 7958 3842 2104 1
62 : 19426 22005 6378 8049 1
63 : 12850 12262 10744 9743 0
