200 244
0 : 56 103 15 72 1
1 : 0 143 15 47 1
2 : 58 124 67 11 0
3 : 110 0 56 39 0
4 : 153 203 6 35 1
5 : 36 215 11 17 1
6 : 176 215 8 20 1
7 : 53 215 22 8 0
8 : 111 227 8 12 1
9 : 197 187 3 16 0
10 : 100 227 11 9 0
11 : 0 171 9 61 1
12 : 60 187 47 7 0
13 : 188 203 11 11 0
14 : 195 143 5 18 0
15 : 55 227 6 22 1
16 : 92 237 5 7 0
17 : 194 171 6 14 0
18 : 143 158 25 21 0
19 : 133 227 22 4 0
20 : 75 215 16 11 0
21 : 163 124 33 17 0
22 : 181 227 8 7 1
23 : 108 237 4 8 1
24 : 0 0 26 110 1
25 : 196 215 11 4 1
26 : 47 143 58 12 0
27 : 0 103 56 21 0
28 : 0 39 21 102 1
29 : 0 227 6 25 1
30 : 61 171 9 51 1
31 : 91 215 16 11 0
32 : 25 227 30 5 0
33 : 88 227 12 9 0
34 : 116 237 4 6 0
35 : 149 171 26 16 0
36 : 128 103 68 12 0
37 : 0 215 20 10 0
38 : 169 143 21 26 1
39 : 0 203 20 12 0
40 : 149 60 49 16 0
41 : 107 215 6 28 1
42 : 97 237 11 3 0
43 : 112 171 37 12 0
44 : 135 215 9 18 1
45 : 198 60 2 9 0
46 : 167 227 5 14 1
47 : 196 124 15 4 1
48 : 191 0 39 9 1
49 : 105 143 64 10 0
50 : 66 203 32 7 0
51 : 0 187 16 26 1
52 : 0 60 99 21 0
53 : 125 124 38 19 0
54 : 168 39 23 32 1
55 : 98 203 6 37 1
56 : 109 81 22 54 1
57 : 166 0 25 36 0
58 : 99 60 50 27 0
59 : 163 81 27 22 0
60 : 107 187 8 41 1
61 : 102 39 66 23 0
62 : 44 237 8 5 0
63 : 21 237 15 3 0
64 : 135 203 18 12 0
65 : 65 237 9 4 0
66 : 198 158 6 2 1
67 : 188 227 9 6 1
68 : 194 227 5 8 0
69 : 196 103 4 18 0
70 : 175 171 15 19 1
71 : 36 237 8 5 0
72 : 0 237 14 4 0
73 : 0 158 48 13 0
74 : 183 187 14 14 0
75 : 20 203 23 10 0
76 : 193 158 5 18 0
77 : 43 203 10 23 1
78 : 92 158 51 11 0
79 : 0 124 58 14 0
80 : 155 227 7 12 1
81 : 123 227 10 9 0
82 : 20 215 16 12 0
83 : 52 237 13 3 0
84 : 148 187 35 9 0
85 : 26 187 34 12 0
86 : 168 158 17 25 1
87 : 120 237 3 3 0
88 : 153 215 7 23 1
89 : 190 81 10 20 0
90 : 0 81 109 18 0
91 : 14 237 7 7 0
92 : 74 237 6 6 0
93 : 48 158 44 13 0
94 : 199 203 3 1 1
95 : 80 237 3 12 1
96 : 77 227 10 11 1
