100 1763
0 : 0 598 38 90 1
1 : 0 368 24 82 1
2 : 0 465 18 75 1
3 : 0 1629 88 98 1
4 : 0 110 27 97 1
5 : 0 1 4 99 1
6 : 0 96 14 85 1
7 : 0 305 24 85 1
8 : 0 656 28 76 1
9 : 0 1594 46 35 0
10 : 0 636 20 69 1
11 : 0 392 21 79 1
12 : 0 413 41 99 1
13 : 0 887 49 88 1
14 : 0 483 39 96 1
15 : 0 568 30 82 1
16 : 0 50 15 95 1
17 : 0 36 14 95 1
18 : 0 65 19 96 1
19 : 0 810 50 93 1
20 : 0 0 1 99 1
21 : 0 1015 40 75 1
22 : 0 454 11 69 1
23 : 0 1322 82 66 0
24 : 0 1150 49 76 1
25 : 0 936 85 47 0
26 : 0 1388 64 79 1
27 : 0 860 27 69 1
28 : 0 7 8 97 1
29 : 0 174 28 94 1
30 : 0 780 30 75 1
31 : 0 983 32 69 1
32 : 0 276 29 90 1
33 : 0 329 39 99 1
34 : 93 810 7 11 0
35 : 0 18 100 18 0
36 : 0 1199 61 88 1
37 : 0 221 12 76 1
38 : 0 1055 45 79 1
39 : 0 146 28 95 1
40 : 0 270 6 67 1
41 : 0 1717 47 46 0
42 : 46 1594 45 39 0
43 : 0 202 19 84 1
44 : 0 84 12 85 1
45 : 0 714 44 91 1
46 : 0 1452 56 70 1
47 : 0 249 21 82 1
48 : 0 684 30 77 1
49 : 0 5 2 93 1
50 : 86 1260 31 14 1
51 : 0 533 35 89 1
52 : 0 137 9 76 1
53 : 0 758 22 68 1
54 : 0 233 16 79 1
55 : 0 522 11 68 1
56 : 0 1100 50 84 1
57 : 0 15 3 87 1
58 : 0 1260 62 86 1
59 : 0 1508 98 86 0
