35 474
0 : 0 0 12 10 0
1 : 0 10 2 31 1
2 : 12 0 10 13 1
3 : 0 12 16 16 0
4 : 16 12 16 16 0
5 : 0 28 16 16 0
6 : 16 28 16 16 0
7 : 32 12 2 15 0
8 : 25 0 8 7 0
9 : 0 44 13 13 0
10 : 13 44 16 16 0
11 : 0 60 8 7 0
12 : 8 60 16 16 0
13 : 24 60 16 7 1
14 : 0 76 16 16 0
15 : 16 76 16 15 0
16 : 0 92 15 15 0
17 : 0 107 24 21 0
18 : 0 128 1 26 1
19 : 0 129 16 16 0
20 : 24 107 11 14 0
21 : 0 145 24 21 0
22 : 15 92 16 15 0
23 : 16 129 16 16 0
24 : 0 166 16 16 0
25 : 24 121 7 7 0
26 : 16 166 16 16 0
27 : 0 182 13 14 1
28 : 14 182 16 15 0
29 : 33 0 2 7 0
30 : 24 145 8 10 0
31 : 0 197 13 11 0
32 : 13 197 16 15 0
33 : 0 212 13 12 0
34 : 13 212 16 16 0
35 : 0 228 16 16 0
36 : 32 27 1 1 0
37 : 32 28 2 16 0
38 : 16 228 12 10 1
39 : 24 155 8 10 0
40 : 0 244 12 10 0
41 : 0 254 24 24 0
42 : 0 278 16 15 0
43 : 16 278 16 15 0
44 : 0 293 32 32 0
45 : 0 67 7 7 0
46 : 32 129 3 22 0
47 : 0 325 16 16 0
48 : 16 325 16 16 0
49 : 0 341 35 7 0
50 : 0 348 16 16 0
51 : 32 278 3 19 0
52 : 32 76 3 15 0
53 : 0 364 24 21 0
54 : 16 348 16 16 0
55 : 0 385 16 15 0
56 : 16 385 16 16 0
57 : 0 401 16 16 0
58 : 24 254 11 11 0
59 : 16 401 16 15 0
60 : 24 364 11 11 0
61 : 0 417 24 21 0
62 : 0 438 24 21 0
63 : 0 459 16 15 0
64 : 0 57 3 11 1
