40400 46869
0 : 34323 20329 4629 1596 0
1 : 37633 9305 2919 783 1
2 : 23594 18651 8067 1832 0
3 : 35433 22005 7180 2974 1
4 : 38416 9305 1685 1708 0
5 : 31661 19475 2029 601 0
6 : 0 0 15046 7040 0
7 : 31407 29963 6726 7039 0
8 : 27475 22005 7958 5170 0
9 : 5429 42822 3621 4223 1
10 : 0 37526 4358 6846 1
11 : 0 35115 6272 1268 0
12 : 19426 28383 6171 1473 0
13 : 6171 28394 3448 1249 0
14 : 0 22005 6389 10170 1
15 : 15868 29963 7910 5092 0
16 : 30092 0 4629 11306 0
17 : 15377 40855 1279 1621 0
18 : 6846 37526 3529 6846 1
19 : 14933 42822 3770 3117 1
20 : 9652 42822 3924 3177 1
21 : 34721 11613 2672 556 0
22 : 0 7040 15046 5222 0
23 : 23057 42822 2050 2287 0
24 : 0 29963 7958 5152 0
25 : 24465 40643 1063 2033 1
26 : 6978 18640 1823 5782 1
27 : 0 42822 4047 5429 1
28 : 38133 29963 6416 1491 1
29 : 22714 35055 859 2104 0
30 : 0 12262 6378 12850 1
31 : 34721 0 10744 2912 1
32 : 37633 4676 4629 2353 1
33 : 30092 11306 2919 838 0
34 : 34323 12262 8067 5014 1
35 : 20083 42822 3139 2974 1
36 : 13692 40855 1685 1469 0
37 : 31661 18651 2029 824 0
38 : 15046 0 15046 5406 0
39 : 13692 37526 6726 3329 0
40 : 10170 22005 7958 9256 1
41 : 6978 20463 1080 4223 1
42 : 15868 35055 2407 6846 1
43 : 33432 37526 6272 5296 0
44 : 0 28394 6171 1375 0
45 : 38407 28421 1253 1249 0
46 : 23594 12262 6389 10729 1
47 : 7958 29963 7910 7563 0
48 : 26967 37526 4629 6465 1
49 : 25597 29447 503 1621 1
50 : 23778 29963 7629 6846 0
51 : 20418 37526 6549 3117 0
52 : 0 18640 6978 3177 0
53 : 34721 10744 2672 869 0
54 : 15046 7040 15046 3231 0
55 : 37633 0 4676 2287 1
56 : 27475 27175 7958 2142 0
57 : 18050 42822 3638 2033 1
58 : 25597 28383 1823 1064 0
59 : 20418 40643 4047 1135 0
60 : 38407 22005 6416 1357 1
61 : 12829 42822 3842 2104 1
62 : 19426 22005 6378 8049 1
63 : 12850 12262 10744 9743 0
