300 561
0 : 90 351 90 36 0
1 : 285 375 79 15 1
2 : 202 279 90 36 0
3 : 0 95 244 70 0
4 : 80 546 39 15 0
5 : 223 491 55 15 0
6 : 50 530 53 14 0
7 : 180 387 90 36 0
8 : 80 459 80 32 0
9 : 101 279 101 36 0
10 : 160 459 62 31 0
11 : 150 530 40 16 0
12 : 197 546 38 15 0
13 : 107 506 24 32 1
14 : 0 0 300 95 0
15 : 0 459 80 32 0
16 : 235 546 38 15 0
17 : 190 530 40 16 0
18 : 0 165 209 33 0
19 : 101 198 101 36 0
20 : 103 530 47 15 0
21 : 230 530 40 16 0
22 : 270 315 60 24 1
23 : 180 315 90 36 0
24 : 119 546 39 15 0
25 : 158 546 39 15 0
26 : 171 506 51 15 0
27 : 0 546 40 15 0
28 : 101 243 101 36 0
29 : 244 95 60 18 1
30 : 0 506 55 15 0
31 : 163 491 60 15 0
32 : 280 95 66 15 1
33 : 139 506 24 32 1
34 : 180 351 90 36 0
35 : 222 459 51 18 0
36 : 90 315 90 36 0
37 : 0 387 90 36 0
38 : 262 95 60 18 1
39 : 90 387 90 36 0
40 : 270 530 17 16 0
41 : 222 477 59 14 0
42 : 0 491 163 15 0
43 : 0 198 101 36 0
44 : 0 423 90 36 0
45 : 55 506 52 15 0
46 : 90 423 90 36 0
47 : 0 530 50 15 0
48 : 40 546 40 15 0
49 : 222 506 54 14 0
50 : 0 279 101 36 0
51 : 180 423 90 36 0
52 : 0 243 101 36 0
53 : 202 243 90 36 0
54 : 209 165 78 78 0
55 : 0 315 90 36 0
56 : 0 351 90 36 0
57 : 270 375 80 15 1
