200 274
0 : 109 26 15 72 1
1 : 147 161 15 47 1
2 : 99 65 67 11 0
3 : 58 100 56 39 0
4 : 35 207 6 35 1
5 : 183 86 11 17 1
6 : 82 245 8 20 1
7 : 171 224 22 8 0
8 : 73 260 8 12 0
9 : 197 44 3 16 0
10 : 112 260 11 9 1
11 : 64 86 9 61 1
12 : 0 188 47 7 0
13 : 91 260 11 11 0
14 : 193 224 5 18 0
15 : 194 161 6 22 0
16 : 182 260 5 7 0
17 : 46 260 6 14 0
18 : 52 224 25 21 0
19 : 0 245 22 4 0
20 : 0 260 16 11 0
21 : 104 207 33 17 0
22 : 149 260 8 7 1
23 : 171 260 4 8 0
24 : 0 0 26 110 1
25 : 121 260 11 4 1
26 : 0 100 58 12 0
27 : 114 100 56 21 0
28 : 0 44 21 102 1
29 : 192 139 6 25 0
30 : 105 139 9 51 1
31 : 16 260 16 11 0
32 : 169 207 30 5 0
33 : 64 260 12 9 1
34 : 193 260 4 6 0
35 : 0 224 26 16 0
36 : 102 44 68 12 0
37 : 62 245 20 10 0
38 : 176 0 21 26 0
39 : 22 245 20 12 0
40 : 50 161 49 16 0
41 : 170 188 6 28 1
42 : 125 260 11 3 1
43 : 179 100 37 12 1
44 : 121 245 9 18 1
45 : 147 260 2 9 0
46 : 52 260 5 14 0
47 : 191 245 15 4 1
48 : 170 100 39 9 1
49 : 0 86 64 10 0
50 : 137 207 32 7 0
51 : 26 224 16 26 1
52 : 0 65 99 21 0
53 : 132 188 38 19 0
54 : 166 65 23 32 1
55 : 191 100 6 37 0
56 : 0 139 22 54 1
57 : 156 139 25 36 1
58 : 0 161 50 27 0
59 : 170 44 27 22 0
60 : 91 188 8 41 1
61 : 110 0 66 23 0
62 : 156 260 8 5 1
63 : 195 245 15 3 1
64 : 181 26 18 12 0
65 : 143 260 9 4 1
66 : 197 260 6 2 1
67 : 137 260 9 6 1
68 : 166 260 5 8 0
69 : 157 245 4 18 1
70 : 102 245 15 19 1
71 : 161 260 8 5 1
72 : 57 260 14 4 1
73 : 99 161 48 13 0
74 : 32 260 14 14 0
75 : 125 224 23 10 0
76 : 139 245 5 18 1
77 : 102 224 10 23 1
78 : 54 139 51 11 0
79 : 125 86 58 14 0
80 : 81 260 7 12 0
81 : 128 260 10 9 1
82 : 175 245 16 12 0
83 : 61 260 13 3 1
84 : 0 207 35 9 0
85 : 70 207 34 12 0
86 : 77 224 17 25 1
87 : 197 0 3 3 0
88 : 148 224 7 23 1
89 : 42 245 10 20 1
90 : 0 26 109 18 0
91 : 175 260 7 7 0
92 : 187 260 6 6 0
93 : 47 188 44 13 0
94 : 199 260 3 1 1
95 : 88 260 3 12 0
96 : 102 260 10 11 0
