200 246
0 : 102 44 15 72 1
1 : 0 151 15 47 1
2 : 0 86 67 11 0
3 : 110 0 56 39 0
4 : 0 202 6 35 1
5 : 106 214 11 17 1
6 : 123 214 8 20 1
7 : 191 113 22 8 1
8 : 129 228 8 12 1
9 : 0 239 3 16 1
10 : 141 228 11 9 1
11 : 0 135 9 61 1
12 : 82 166 47 7 0
13 : 108 228 11 11 0
14 : 72 228 5 18 1
15 : 143 214 6 22 1
16 : 134 239 5 7 0
17 : 194 185 6 14 0
18 : 175 26 25 21 0
19 : 50 228 22 4 0
20 : 34 228 16 11 0
21 : 167 65 33 17 0
22 : 49 239 8 7 0
23 : 120 239 4 8 1
24 : 0 0 26 110 1
25 : 38 239 11 4 0
26 : 61 135 58 12 0
27 : 67 86 56 21 0
28 : 0 44 21 102 1
29 : 0 214 6 25 1
30 : 146 151 9 51 1
31 : 0 228 16 11 0
32 : 67 202 30 5 0
33 : 191 202 12 9 1
34 : 148 239 4 6 0
35 : 168 185 26 16 0
36 : 99 65 68 12 0
37 : 25 214 20 10 0
38 : 174 44 21 26 1
39 : 171 202 20 12 0
40 : 119 135 49 16 0
41 : 97 202 6 28 1
42 : 69 239 11 3 0
43 : 0 185 37 12 0
44 : 16 228 9 18 1
45 : 139 239 2 9 1
46 : 195 214 5 14 0
47 : 150 228 15 4 0
48 : 191 0 39 9 1
49 : 54 113 64 10 0
50 : 35 202 32 7 0
51 : 170 166 16 26 1
52 : 0 65 99 21 0
53 : 0 166 38 19 0
54 : 168 135 23 32 1
55 : 106 185 6 37 1
56 : 0 113 22 54 1
57 : 166 0 25 36 0
58 : 123 86 50 27 0
59 : 173 86 27 22 0
60 : 129 166 8 41 1
61 : 109 26 66 23 0
62 : 87 239 8 5 0
63 : 197 151 15 3 1
64 : 45 214 18 12 0
65 : 95 239 9 4 0
66 : 152 239 6 2 1
67 : 29 239 9 6 0
68 : 104 239 5 8 1
69 : 196 166 4 18 0
70 : 176 113 15 19 0
71 : 112 239 8 5 0
72 : 186 228 14 4 0
73 : 98 151 48 13 0
74 : 165 214 14 14 0
75 : 125 202 23 10 0
76 : 90 228 5 18 1
77 : 148 202 10 23 1
78 : 47 151 51 11 0
79 : 118 113 58 14 0
80 : 165 228 7 12 1
81 : 177 228 10 9 1
82 : 179 214 16 12 0
83 : 16 239 13 3 0
84 : 71 185 35 9 0
85 : 37 185 34 12 0
86 : 143 185 17 25 1
87 : 154 239 3 3 0
88 : 63 214 7 23 1
89 : 86 214 10 20 1
90 : 0 26 109 18 0
91 : 80 239 7 7 0
92 : 128 239 6 6 0
93 : 38 166 44 13 0
94 : 199 113 3 1 1
95 : 57 239 3 12 1
96 : 119 228 10 11 0
