1000 1353
0 : 0 0 66 61 0
1 : 66 0 62 48 0
2 : 128 0 62 46 0
3 : 190 0 61 43 0
4 : 251 0 39 62 1
5 : 313 0 38 61 0
6 : 351 0 30 71 1
7 : 422 0 56 37 1
8 : 459 0 52 39 1
9 : 572 0 36 55 0
10 : 498 0 74 27 0
11 : 608 0 42 47 0
12 : 650 0 61 32 0
13 : 711 0 58 32 1
14 : 783 0 51 36 1
15 : 743 0 46 40 1
16 : 857 0 79 23 0
17 : 819 0 48 38 1
18 : 0 61 79 23 0
19 : 79 61 30 60 1
20 : 257 61 22 81 1
21 : 597 61 36 49 1
22 : 392 61 25 71 1
23 : 798 61 73 24 0
24 : 540 61 57 31 0
25 : 139 61 72 25 0
26 : 871 61 50 35 0
27 : 103 101 56 31 0
28 : 338 61 33 54 1
29 : 211 61 39 46 1
30 : 646 61 28 63 1
31 : 463 61 77 23 0
32 : 411 101 43 40 0
33 : 363 101 36 48 1
34 : 47 101 56 31 0
35 : 159 101 51 34 0
36 : 261 101 54 32 0
37 : 709 61 44 40 0
38 : 0 101 37 47 1
39 : 210 101 51 34 0
40 : 315 101 48 36 0
41 : 921 61 53 33 0
42 : 753 61 39 45 1
43 : 532 101 34 50 1
44 : 454 101 22 78 1
45 : 582 101 51 33 0
46 : 633 101 29 58 1
47 : 733 101 73 23 0
48 : 806 101 23 73 1
49 : 54 141 37 45 1
50 : 879 101 73 23 0
51 : 691 101 42 40 0
52 : 99 141 26 64 1
53 : 0 141 31 54 1
54 : 242 141 23 72 1
55 : 163 141 79 21 0
56 : 414 141 35 47 1
57 : 314 141 33 50 1
58 : 461 141 39 42 1
59 : 364 141 33 50 1
60 : 503 141 54 30 0
61 : 557 141 60 27 0
62 : 739 141 47 34 0
63 : 666 141 22 73 1
64 : 617 141 49 33 0
65 : 786 141 37 43 1
66 : 919 141 30 52 1
67 : 148 180 67 23 0
68 : 829 141 35 45 1
69 : 0 180 62 25 0
70 : 282 180 24 64 1
71 : 874 141 35 45 1
72 : 62 180 36 43 1
73 : 506 180 26 59 1
74 : 105 180 43 36 0
75 : 215 180 67 23 0
76 : 565 180 34 45 1
77 : 346 180 64 24 0
78 : 410 180 32 48 1
79 : 610 180 30 51 1
80 : 458 180 32 48 1
81 : 661 180 25 61 1
82 : 913 180 55 27 0
83 : 768 180 54 28 0
84 : 722 180 33 46 1
85 : 865 180 31 48 1
86 : 0 216 45 33 0
87 : 159 216 51 29 0
88 : 822 180 43 35 0
89 : 45 216 74 20 0
90 : 316 216 50 29 0
91 : 119 216 40 37 0
92 : 210 216 25 59 1
93 : 269 216 31 47 1
94 : 444 216 30 48 1
95 : 589 216 46 31 0
96 : 366 216 37 39 1
97 : 405 216 37 39 1
98 : 0 253 63 22 0
99 : 547 216 34 42 1
100 : 492 216 26 55 1
101 : 856 216 31 45 1
102 : 635 216 67 21 0
103 : 795 216 23 61 1
104 : 799 253 23 59 1
105 : 132 253 46 30 0
106 : 566 253 62 22 0
107 : 702 216 26 54 1
108 : 756 216 36 39 1
109 : 740 253 59 23 0
110 : 63 253 69 20 0
111 : 178 253 51 27 0
112 : 522 253 31 44 1
113 : 284 253 28 49 1
114 : 382 253 37 37 0
115 : 901 216 34 41 1
116 : 628 253 31 44 1
117 : 333 253 49 28 0
118 : 457 253 65 21 0
119 : 672 253 20 68 1
120 : 419 253 36 38 1
121 : 229 253 55 25 0
122 : 70 290 24 55 1
123 : 125 290 33 40 1
124 : 0 290 70 19 0
125 : 504 290 29 45 1
126 : 910 253 31 43 1
127 : 231 290 57 23 0
128 : 858 253 52 26 0
129 : 414 290 45 29 0
130 : 165 290 20 66 1
131 : 288 290 23 57 1
132 : 459 290 45 29 0
133 : 0 323 51 25 0
134 : 549 290 25 52 1
135 : 143 323 20 63 1
136 : 345 290 69 19 0
137 : 920 290 44 29 0
138 : 716 290 28 46 1
139 : 762 290 23 56 1
140 : 98 323 28 45 1
141 : 601 290 26 50 1
142 : 296 323 37 34 0
143 : 651 290 65 20 0
144 : 818 290 28 46 1
145 : 647 323 65 19 0
146 : 864 290 56 23 0
147 : 475 323 46 27 0
148 : 206 323 28 45 1
149 : 51 323 47 27 0
150 : 333 323 38 33 0
151 : 251 323 45 28 0
152 : 217 357 64 19 0
153 : 371 323 24 52 1
154 : 797 323 18 68 1
155 : 567 323 40 31 0
156 : 521 323 46 27 0
157 : 37 357 20 61 1
158 : 281 357 32 38 1
159 : 423 323 52 24 0
160 : 319 357 38 32 0
161 : 865 323 34 36 1
162 : 756 323 30 41 1
163 : 948 357 44 27 0
164 : 357 357 31 39 1
165 : 98 357 20 61 1
166 : 72 391 33 36 1
167 : 901 323 26 47 1
168 : 567 357 48 25 0
169 : 108 391 32 37 1
170 : 411 391 62 19 0
171 : 607 323 31 40 1
172 : 712 323 28 44 1
173 : 439 357 48 25 0
174 : 665 357 19 63 1
175 : 948 323 47 26 0
176 : 487 357 40 30 0
177 : 728 357 46 26 0
178 : 0 391 36 33 0
179 : 527 357 40 30 0
180 : 293 391 20 59 1
181 : 872 357 34 35 1
182 : 145 391 37 32 0
183 : 396 357 28 43 1
184 : 36 391 33 36 1
185 : 774 357 26 46 1
186 : 159 357 21 58 1
187 : 907 357 29 41 1
188 : 511 391 24 49 1
189 : 0 357 33 37 1
190 : 182 391 32 37 1
191 : 219 391 37 32 0
192 : 665 391 56 21 0
193 : 0 424 65 18 0
194 : 815 391 23 51 1
195 : 866 391 23 51 1
196 : 65 424 30 39 1
197 : 615 357 50 24 0
198 : 820 357 52 23 0
199 : 256 391 37 32 0
200 : 917 391 51 23 0
201 : 221 424 27 43 1
202 : 104 424 30 39 1
203 : 636 424 48 24 0
204 : 560 391 56 21 0
205 : 768 391 25 47 1
206 : 616 391 24 49 1
207 : 473 391 38 31 0
208 : 479 424 19 61 1
209 : 601 424 33 35 1
210 : 352 391 59 20 0
211 : 721 391 25 47 1
212 : 946 424 31 37 1
213 : 264 424 27 43 1
214 : 716 457 25 45 1
215 : 684 424 18 64 1
216 : 350 424 27 43 1
217 : 393 424 27 43 1
218 : 748 424 36 32 0
219 : 143 424 30 39 1
220 : 88 457 60 19 0
221 : 784 424 24 48 1
222 : 436 424 27 43 1
223 : 540 424 61 19 0
224 : 148 457 60 19 0
225 : 583 457 29 39 1
226 : 182 424 30 39 1
227 : 622 457 24 47 1
228 : 0 457 26 44 1
229 : 44 457 26 44 1
230 : 268 457 60 19 0
231 : 896 424 50 23 0
232 : 80 490 56 20 0
233 : 307 424 43 27 0
234 : 544 457 29 39 1
235 : 328 457 57 20 0
236 : 808 490 65 17 0
237 : 488 490 21 53 1
238 : 761 457 51 22 0
239 : 832 424 18 64 1
240 : 669 457 47 24 0
241 : 812 457 51 22 0
242 : 439 457 63 18 0
243 : 541 490 30 37 1
244 : 92 521 24 46 1
245 : 136 490 26 43 1
246 : 308 490 31 36 1
247 : 919 490 48 23 0
248 : 46 521 46 24 0
249 : 208 457 19 60 1
250 : 344 490 31 36 1
251 : 380 490 31 36 1
252 : 897 457 28 40 1
253 : 873 490 46 24 0
254 : 186 521 58 19 0
255 : 222 490 26 43 1
256 : 502 457 27 42 1
257 : 577 521 18 61 1
258 : 0 490 40 28 0
259 : 615 490 30 37 1
260 : 40 490 28 40 1
261 : 0 521 46 24 0
262 : 385 457 54 21 0
263 : 179 490 26 43 1
264 : 863 457 33 34 1
265 : 937 457 35 32 0
266 : 416 490 36 31 0
267 : 428 521 25 44 1
268 : 652 490 30 37 1
269 : 726 490 27 41 1
270 : 911 521 23 47 1
271 : 813 521 64 17 0
272 : 265 490 26 43 1
273 : 809 554 17 63 1
274 : 767 490 27 41 1
275 : 340 521 44 25 0
276 : 244 521 58 19 0
277 : 780 521 33 33 0
278 : 384 521 44 25 0
279 : 481 554 49 22 0
280 : 302 521 29 38 1
281 : 472 521 50 22 0
282 : 758 554 51 21 0
283 : 689 490 30 37 1
284 : 452 490 31 36 1
285 : 578 490 30 37 1
286 : 638 521 18 61 1
287 : 139 554 24 45 1
288 : 530 554 25 43 1
289 : 184 554 40 27 0
290 : 699 521 26 42 1
291 : 522 521 20 55 1
292 : 224 554 40 27 0
293 : 264 554 30 36 1
294 : 877 521 34 32 0
295 : 573 554 29 37 1
296 : 741 521 39 28 0
297 : 138 521 48 23 0
298 : 702 584 32 33 1
299 : 300 554 40 27 0
300 : 94 554 24 45 1
301 : 735 584 24 44 1
302 : 0 554 23 47 1
303 : 610 554 29 37 1
304 : 256 584 20 53 1
305 : 39 616 27 39 1
306 : 82 584 19 56 1
307 : 340 554 45 24 0
308 : 647 554 37 29 0
309 : 385 554 18 60 1
310 : 445 554 30 36 1
311 : 684 554 37 29 0
312 : 779 584 24 44 1
313 : 935 584 27 39 1
314 : 935 554 26 41 1
315 : 362 584 23 46 1
316 : 408 584 46 23 0
317 : 533 584 48 22 0
318 : 0 646 61 17 0
319 : 61 646 61 17 0
320 : 442 646 23 45 1
321 : 0 584 26 41 1
322 : 47 554 23 47 1
323 : 78 616 50 21 0
324 : 896 584 39 27 0
325 : 128 616 50 21 0
326 : 615 616 52 20 0
327 : 667 616 52 20 0
328 : 872 554 17 63 1
329 : 721 554 37 29 0
330 : 471 674 17 60 1
331 : 531 674 17 60 1
332 : 857 584 27 39 1
333 : 138 584 18 59 1
334 : 454 584 23 46 1
335 : 625 584 32 33 1
336 : 658 584 24 44 1
337 : 487 646 23 45 1
338 : 41 584 26 41 1
339 : 178 616 30 35 1
340 : 213 616 50 21 0
341 : 823 584 34 31 0
342 : 719 616 52 20 0
343 : 521 616 36 29 0
344 : 38 674 41 25 0
345 : 0 616 27 39 1
346 : 532 646 23 45 1
347 : 0 706 26 39 1
348 : 263 616 30 35 1
349 : 298 616 35 30 0
350 : 714 646 24 43 1
351 : 220 646 37 28 0
352 : 557 616 18 58 1
353 : 823 616 26 40 1
354 : 843 646 27 38 1
355 : 757 646 24 43 1
356 : 500 584 32 33 1
357 : 581 584 24 44 1
358 : 375 616 19 55 1
359 : 331 646 37 28 0
360 : 197 584 18 59 1
361 : 309 584 53 20 0
362 : 368 646 28 37 1
363 : 405 646 28 37 1
364 : 624 646 22 47 1
365 : 881 646 27 38 1
366 : 863 616 40 26 0
367 : 919 646 19 54 1
368 : 685 674 60 17 0
369 : 853 674 26 39 1
370 : 359 706 28 36 1
371 : 333 616 42 25 0
372 : 212 706 21 48 1
373 : 257 646 28 37 1
374 : 485 616 29 36 1
375 : 800 646 43 24 0
376 : 183 646 37 28 0
377 : 430 616 55 19 0
378 : 166 706 22 46 1
379 : 395 706 28 36 1
380 : 922 734 52 19 0
381 : 892 674 26 39 1
382 : 339 674 31 33 1
383 : 814 674 26 39 1
384 : 294 646 37 28 0
385 : 746 706 63 16 0
386 : 577 646 47 22 0
387 : 771 616 52 20 0
388 : 122 646 17 61 1
389 : 809 706 24 42 1
390 : 161 674 25 41 1
391 : 438 674 33 31 0
392 : 307 674 32 32 0
393 : 554 734 18 55 1
394 : 779 674 35 29 0
395 : 929 706 53 19 0
396 : 202 674 25 41 1
397 : 260 706 63 16 0
398 : 243 674 32 32 0
399 : 591 674 17 60 1
400 : 270 734 37 27 0
401 : 307 734 27 37 1
402 : 521 734 30 33 1
403 : 671 646 43 24 0
404 : 651 674 34 30 0
405 : 120 674 25 41 1
406 : 903 616 52 20 0
407 : 372 674 33 31 0
408 : 488 734 33 30 0
409 : 53 734 50 20 0
410 : 193 734 25 40 1
411 : 405 674 33 31 0
412 : 0 674 38 27 0
413 : 143 734 20 50 1
414 : 642 734 45 22 0
415 : 275 674 32 32 0
416 : 931 674 26 39 1
417 : 593 706 42 24 0
418 : 635 706 63 16 0
419 : 698 706 48 21 0
420 : 811 764 16 61 1
421 : 884 734 38 26 0
422 : 79 674 25 41 1
423 : 851 706 28 36 1
424 : 39 706 26 39 1
425 : 0 734 19 53 1
426 : 494 706 63 16 0
427 : 122 706 23 44 1
428 : 316 764 21 47 1
429 : 344 734 37 27 0
430 : 381 734 37 27 0
431 : 363 764 29 34 1
432 : 557 706 28 36 1
433 : 103 734 25 40 1
434 : 745 674 30 34 1
435 : 323 706 36 28 0
436 : 798 734 23 43 1
437 : 303 793 36 27 0
438 : 128 764 21 47 1
439 : 887 706 24 42 1
440 : 872 764 16 61 1
441 : 39 793 25 39 1
442 : 750 764 61 16 0
443 : 0 764 38 26 0
444 : 78 706 23 44 1
445 : 609 734 30 33 1
446 : 431 706 63 16 0
447 : 565 820 60 16 0
448 : 455 734 30 33 1
449 : 84 820 46 21 0
450 : 175 764 21 47 1
451 : 687 734 22 45 1
452 : 418 734 27 37 1
453 : 0 820 23 42 1
454 : 249 793 18 54 1
455 : 596 764 49 20 0
456 : 625 820 20 48 1
457 : 222 764 21 47 1
458 : 680 764 28 35 1
459 : 438 764 24 41 1
460 : 479 764 41 24 0
461 : 841 734 43 23 0
462 : 269 764 21 47 1
463 : 233 734 27 37 1
464 : 483 793 19 51 1
465 : 38 764 19 52 1
466 : 313 820 24 40 1
467 : 645 764 28 35 1
468 : 353 820 32 30 0
469 : 732 734 30 33 1
470 : 130 820 23 42 1
471 : 375 793 19 51 1
472 : 397 764 41 24 0
473 : 339 793 27 36 1
474 : 715 764 28 35 1
475 : 0 793 25 39 1
476 : 520 764 41 24 0
477 : 78 793 25 39 1
478 : 909 820 56 17 0
479 : 42 820 23 42 1
480 : 813 878 17 55 1
481 : 765 734 30 33 1
482 : 923 878 17 55 1
483 : 626 851 16 59 1
484 : 917 793 23 42 1
485 : 195 793 54 18 0
486 : 90 764 26 38 1
487 : 591 793 51 19 0
488 : 743 793 44 22 0
489 : 933 764 61 16 0
490 : 787 793 44 22 0
491 : 841 820 28 34 1
492 : 172 820 23 42 1
493 : 117 793 25 39 1
494 : 214 820 37 26 0
495 : 251 820 31 31 0
496 : 385 820 16 60 1
497 : 767 851 23 41 1
498 : 445 820 48 20 0
499 : 561 764 28 35 1
500 : 493 820 30 32 1
501 : 525 820 40 24 0
502 : 559 878 52 18 0
503 : 426 793 57 17 0
504 : 156 793 25 39 1
505 : 875 793 23 42 1
506 : 431 851 21 45 1
507 : 55 904 49 19 0
508 : 344 904 31 30 0
509 : 699 793 22 44 1
510 : 685 851 23 41 1
511 : 0 851 38 25 0
512 : 38 851 25 38 1
513 : 642 793 57 17 0
514 : 409 878 26 36 1
515 : 227 934 28 33 1
516 : 726 851 23 41 1
517 : 114 851 50 19 0
518 : 511 851 27 35 1
519 : 546 851 27 35 1
520 : 445 878 24 39 1
521 : 875 820 28 34 1
522 : 534 793 17 57 1
523 : 937 851 20 47 1
524 : 484 878 26 36 1
525 : 714 904 37 25 0
526 : 831 793 22 44 1
527 : 808 851 41 23 0
528 : 663 878 39 24 0
529 : 0 904 17 55 1
530 : 214 851 25 38 1
531 : 252 851 50 19 0
532 : 640 934 18 51 1
533 : 673 820 29 33 1
534 : 313 904 31 30 0
535 : 706 820 29 33 1
536 : 282 820 31 31 0
537 : 164 851 50 19 0
538 : 104 904 49 19 0
539 : 438 904 32 29 0
540 : 188 878 24 39 1
541 : 388 851 22 43 1
542 : 581 851 45 21 0
543 : 739 820 34 28 0
544 : 47 878 47 20 0
545 : 141 934 22 42 1
546 : 33 934 22 42 1
547 : 76 851 25 38 1
548 : 868 878 17 55 1
549 : 554 934 20 46 1
550 : 318 878 39 24 0
551 : 260 934 22 42 1
552 : 508 934 20 46 1
553 : 357 878 52 18 0
554 : 251 904 30 31 1
555 : 793 934 34 27 0
556 : 773 820 34 28 0
557 : 751 904 37 25 0
558 : 807 820 28 34 1
559 : 38 962 48 19 0
560 : 849 851 23 41 1
561 : 406 904 29 32 1
562 : 825 904 37 25 0
563 : 0 878 47 20 0
564 : 936 904 21 44 1
565 : 86 962 57 16 0
566 : 0 934 28 33 1
567 : 520 878 39 24 0
568 : 388 934 40 23 0
569 : 75 934 28 33 1
570 : 534 904 29 32 1
571 : 890 851 47 20 0
572 : 640 904 25 37 1
573 : 476 851 35 27 0
574 : 468 934 23 40 1
575 : 279 878 24 39 1
576 : 854 962 15 60 1
577 : 777 878 26 36 1
578 : 350 962 26 35 1
579 : 827 934 27 34 1
580 : 455 962 26 35 1
581 : 227 878 52 18 0
582 : 914 962 60 15 0
583 : 895 934 38 24 0
584 : 933 934 38 24 0
585 : 0 962 38 24 0
586 : 470 904 29 32 1
587 : 699 962 45 20 0
588 : 691 934 18 51 1
589 : 345 851 22 43 1
590 : 744 962 60 15 0
591 : 153 904 49 19 0
592 : 804 962 18 50 1
593 : 282 904 31 30 0
594 : 788 904 25 37 1
595 : 181 962 38 24 0
596 : 302 851 43 22 0
597 : 428 934 40 23 0
598 : 94 878 20 47 1
599 : 742 934 51 18 0
600 : 566 904 37 25 0
601 : 702 878 39 24 0
602 : 741 878 26 36 1
603 : 677 904 25 37 1
604 : 143 962 24 38 1
605 : 266 988 33 27 0
606 : 502 904 29 32 1
607 : 141 878 20 47 1
608 : 862 904 25 37 1
609 : 576 962 22 41 1
610 : 375 904 31 30 0
611 : 385 962 35 26 0
612 : 101 988 23 39 1
613 : 267 962 19 48 1
614 : 183 934 21 44 1
615 : 202 904 49 19 0
616 : 600 934 23 40 1
617 : 406 988 15 59 1
618 : 861 934 27 34 1
619 : 302 934 23 40 1
620 : 315 962 26 35 1
621 : 490 962 21 43 1
622 : 219 962 19 48 1
623 : 31 988 31 29 0
624 : 0 988 31 29 0
625 : 420 962 26 35 1
626 : 533 962 43 21 0
627 : 611 878 52 18 0
628 : 603 904 25 37 1
629 : 369 988 37 24 0
630 : 617 962 41 22 0
631 : 108 934 33 28 0
632 : 140 988 28 32 1
633 : 342 934 20 46 1
634 : 658 962 41 22 0
635 : 635 988 44 20 0
636 : 899 904 25 37 1
637 : 172 988 19 47 1
638 : 299 988 27 33 1
639 : 100 1017 41 21 0
640 : 332 988 37 24 0
641 : 219 988 47 19 0
642 : 62 988 39 23 0
643 : 811 988 27 32 1
644 : 679 988 35 25 0
645 : 465 988 26 34 1
646 : 551 988 42 21 0
647 : 843 988 27 32 1
648 : 875 988 36 24 0
649 : 911 988 27 32 1
650 : 779 988 32 27 0
651 : 225 1017 22 39 1
652 : 182 1017 20 43 1
653 : 737 1017 30 28 0
654 : 943 988 32 27 0
655 : 608 1017 50 17 0
656 : 141 1017 21 41 1
657 : 593 988 42 21 0
658 : 212 1046 52 16 0
659 : 499 988 17 52 1
660 : 714 988 35 25 0
661 : 375 1017 19 45 1
662 : 749 988 29 30 1
663 : 264 1017 22 39 1
664 : 303 1017 33 26 0
665 : 0 1017 27 32 1
666 : 32 1017 32 27 0
667 : 708 1017 29 29 0
668 : 807 1017 21 40 1
669 : 64 1017 36 24 0
670 : 177 1046 35 24 0
671 : 571 1017 23 37 1
672 : 336 1017 22 39 1
673 : 658 1017 17 50 1
674 : 534 1017 23 37 1
675 : 264 1046 26 32 1
676 : 877 1017 40 21 0
677 : 452 1046 36 23 0
678 : 488 1046 23 36 1
679 : 296 1046 16 52 1
680 : 86 1046 35 24 0
681 : 809 1046 24 34 1
682 : 570 1046 18 46 1
683 : 477 1017 57 15 0
684 : 197 1074 35 23 0
685 : 420 1017 57 15 0
686 : 767 1017 40 21 0
687 : 843 1046 24 34 1
688 : 847 1017 28 30 1
689 : 162 1074 23 35 1
690 : 348 1046 52 16 0
691 : 917 1017 56 15 0
692 : 524 1046 46 18 0
693 : 0 1046 30 28 0
694 : 962 1046 28 29 1
695 : 877 1046 17 48 1
696 : 721 1046 15 55 1
697 : 400 1046 52 16 0
698 : 357 1074 57 14 0
699 : 733 1074 56 14 0
700 : 30 1046 15 56 1
701 : 616 1046 23 36 1
702 : 121 1046 56 15 0
703 : 267 1074 16 50 1
704 : 776 1046 25 33 1
705 : 925 1046 37 22 0
706 : 652 1046 36 23 0
707 : 688 1046 33 25 0
708 : 61 1074 31 26 0
709 : 232 1074 35 23 0
710 : 551 1074 36 22 0
711 : 92 1074 23 35 1
712 : 587 1074 24 33 1
713 : 0 1101 52 15 0
714 : 52 1101 26 30 1
715 : 127 1074 35 23 0
716 : 789 1074 56 14 0
717 : 0 1074 30 27 0
718 : 317 1074 20 40 1
719 : 620 1074 33 24 0
720 : 653 1074 44 18 0
721 : 30 1074 31 26 0
722 : 414 1074 42 19 0
723 : 845 1074 56 14 0
724 : 697 1074 36 22 0
725 : 82 1101 20 39 1
726 : 121 1101 31 25 0
727 : 901 1074 14 56 1
728 : 214 1101 22 35 1
729 : 483 1101 21 36 1
730 : 957 1074 27 29 1
731 : 498 1074 53 15 0
732 : 249 1101 35 22 0
733 : 456 1074 42 19 0
734 : 519 1101 27 28 1
735 : 833 1101 34 22 0
736 : 183 1101 31 25 0
737 : 547 1101 21 36 1
738 : 152 1101 31 25 0
739 : 284 1101 16 48 1
740 : 332 1101 17 45 1
741 : 583 1101 28 27 0
742 : 667 1101 29 26 0
743 : 743 1101 30 25 0
744 : 773 1101 25 30 1
745 : 417 1101 33 23 0
746 : 155 1128 37 20 0
747 : 611 1101 27 28 1
748 : 911 1101 22 34 1
749 : 549 1128 21 35 1
750 : 945 1101 34 22 0
751 : 803 1101 25 30 1
752 : 450 1101 33 23 0
753 : 639 1101 27 28 1
754 : 0 1128 34 22 0
755 : 118 1128 37 20 0
756 : 453 1128 23 32 1
757 : 343 1128 16 46 1
758 : 619 1128 27 27 0
759 : 421 1128 23 32 1
760 : 192 1128 20 37 1
761 : 696 1101 16 47 1
762 : 857 1128 22 33 1
763 : 377 1101 40 19 0
764 : 132 1155 48 15 0
765 : 485 1128 32 23 0
766 : 517 1128 32 23 0
767 : 725 1128 52 14 0
768 : 890 1128 22 33 1
769 : 673 1128 14 52 1
770 : 416 1155 14 51 1
771 : 96 1155 36 20 0
772 : 867 1101 44 17 0
773 : 467 1155 42 17 0
774 : 220 1155 48 15 0
775 : 0 1155 29 25 0
776 : 382 1155 34 21 0
777 : 229 1128 18 41 1
778 : 270 1128 18 41 1
779 : 34 1128 24 31 1
780 : 65 1128 53 14 0
781 : 923 1128 33 22 0
782 : 180 1155 40 18 0
783 : 646 1128 27 27 0
784 : 58 1155 38 19 0
785 : 311 1128 32 23 0
786 : 619 1155 34 21 0
787 : 805 1128 52 14 0
788 : 543 1155 21 34 1
789 : 956 1128 22 33 1
790 : 509 1155 21 34 1
791 : 389 1128 32 23 0
792 : 718 1155 22 32 1
793 : 268 1155 30 24 0
794 : 252 1181 17 41 1
795 : 0 1181 14 50 1
796 : 584 1128 35 21 0
797 : 29 1155 25 29 1
798 : 322 1181 46 15 0
799 : 298 1155 20 36 1
800 : 777 1128 28 26 0
801 : 653 1155 34 21 0
802 : 831 1155 19 37 1
803 : 514 1181 18 38 1
804 : 868 1155 18 39 1
805 : 368 1181 23 30 1
806 : 334 1155 15 48 1
807 : 170 1181 17 41 1
808 : 700 1181 31 22 0
809 : 934 1155 50 14 0
810 : 855 1181 34 20 0
811 : 577 1155 17 42 1
812 : 929 1181 52 13 0
813 : 687 1155 31 23 0
814 : 211 1181 41 17 0
815 : 50 1181 20 35 1
816 : 201 1205 21 32 1
817 : 794 1155 37 19 0
818 : 889 1181 40 17 0
819 : 85 1181 14 50 1
820 : 762 1181 31 22 0
821 : 750 1155 16 44 1
822 : 428 1181 16 43 1
823 : 471 1181 16 43 1
824 : 309 1205 24 28 1
825 : 907 1155 26 27 1
826 : 293 1181 29 24 0
827 : 337 1205 28 24 0
828 : 0 1205 26 26 0
829 : 135 1181 20 35 1
830 : 467 1205 24 28 1
831 : 26 1205 13 52 1
832 : 35 1231 13 51 1
833 : 836 1205 18 37 1
834 : 793 1181 22 31 1
835 : 365 1205 16 42 1
836 : 552 1181 19 36 1
837 : 227 1231 15 44 1
838 : 717 1205 32 21 0
839 : 731 1181 31 22 0
840 : 945 1205 19 35 1
841 : 398 1181 30 23 0
842 : 551 1231 47 14 0
843 : 778 1205 23 29 1
844 : 78 1205 27 25 0
845 : 824 1181 31 22 0
846 : 873 1205 18 37 1
847 : 233 1205 48 14 0
848 : 645 1231 41 16 0
849 : 281 1205 28 24 0
850 : 588 1181 18 38 1
851 : 188 1231 17 39 1
852 : 105 1205 27 25 0
853 : 626 1181 36 19 0
854 : 407 1205 28 24 0
855 : 598 1231 14 47 1
856 : 435 1205 21 32 1
857 : 862 1231 50 13 0
858 : 662 1181 38 18 0
859 : 495 1205 28 24 0
860 : 523 1205 28 24 0
861 : 551 1205 14 48 1
862 : 599 1205 16 42 1
863 : 641 1205 14 48 1
864 : 320 1256 15 43 1
865 : 689 1205 24 28 1
866 : 717 1231 31 21 0
867 : 686 1231 31 21 0
868 : 406 1256 14 46 1
869 : 836 1231 25 26 1
870 : 315 1231 33 20 0
871 : 0 1256 24 27 1
872 : 810 1231 26 25 0
873 : 749 1205 29 23 0
874 : 81 1256 36 18 0
875 : 214 1256 34 19 0
876 : 159 1205 42 16 0
877 : 452 1256 28 23 0
878 : 807 1205 23 29 1
879 : 348 1231 20 33 1
880 : 132 1205 27 25 0
881 : 27 1256 27 24 0
882 : 748 1231 31 21 0
883 : 180 1256 34 19 0
884 : 381 1231 20 33 1
885 : 54 1256 27 24 0
886 : 0 1231 35 19 0
887 : 414 1231 30 22 0
888 : 444 1231 15 44 1
889 : 488 1231 22 30 1
890 : 518 1231 33 20 0
891 : 910 1205 35 19 0
892 : 251 1280 15 42 1
893 : 912 1231 26 25 0
894 : 107 1280 21 30 1
895 : 964 1231 25 26 1
896 : 117 1256 27 24 0
897 : 508 1256 28 23 0
898 : 607 1280 16 39 1
899 : 137 1231 13 51 1
900 : 86 1231 13 51 1
901 : 764 1256 30 21 0
902 : 363 1256 43 15 0
903 : 719 1256 14 45 1
904 : 779 1231 31 21 0
905 : 271 1231 44 15 0
906 : 794 1256 18 35 1
907 : 889 1280 27 23 0
908 : 871 1256 18 35 1
909 : 646 1280 24 26 1
910 : 672 1280 24 26 1
911 : 632 1256 22 29 1
912 : 480 1256 23 28 1
913 : 144 1256 36 18 0
914 : 0 1280 35 18 0
915 : 536 1256 32 20 0
916 : 35 1280 21 30 1
917 : 661 1256 29 22 0
918 : 31 1305 28 22 0
919 : 938 1231 25 26 1
920 : 483 1280 33 19 0
921 : 690 1256 29 22 0
922 : 698 1280 24 26 1
923 : 549 1280 19 33 1
924 : 59 1305 28 22 0
925 : 248 1256 34 19 0
926 : 0 1305 31 20 0
927 : 970 1280 23 27 1
928 : 936 1256 35 18 0
929 : 863 1280 26 24 0
930 : 837 1280 24 26 1
931 : 282 1256 17 38 1
932 : 724 1280 24 26 1
933 : 137 1280 15 42 1
934 : 372 1280 37 17 0
935 : 916 1280 27 23 0
936 : 293 1280 15 42 1
937 : 750 1280 16 39 1
938 : 409 1280 37 17 0
939 : 943 1280 23 27 1
940 : 596 1305 38 16 0
941 : 179 1280 42 15 0
942 : 87 1305 28 22 0
943 : 389 1305 13 47 1
944 : 600 1256 20 32 1
945 : 582 1280 25 25 0
946 : 179 1305 34 18 0
947 : 494 1305 32 19 0
948 : 65 1280 15 42 1
949 : 906 1256 30 21 0
950 : 829 1256 15 42 1
951 : 526 1305 32 19 0
952 : 558 1305 38 16 0
953 : 221 1280 30 21 0
954 : 789 1280 48 13 0
955 : 446 1280 37 17 0
956 : 115 1305 28 22 0
957 : 568 1256 32 20 0
958 : 317 1305 36 17 0
959 : 335 1280 37 17 0
960 : 516 1280 19 33 1
961 : 672 1305 20 30 1
962 : 436 1305 29 21 0
963 : 702 1305 25 24 0
964 : 812 1305 23 26 1
965 : 916 1305 18 33 1
966 : 143 1305 36 17 0
967 : 95 1329 21 28 1
968 : 890 1305 26 23 0
969 : 757 1305 25 24 0
970 : 27 1329 37 16 0
971 : 213 1305 36 17 0
972 : 782 1305 20 30 1
973 : 249 1305 18 34 1
974 : 838 1305 23 26 1
975 : 123 1329 21 28 1
976 : 283 1305 34 18 0
977 : 634 1305 38 16 0
978 : 353 1305 17 36 1
979 : 465 1305 29 21 0
980 : 864 1305 26 23 0
981 : 321 1329 17 34 1
982 : 151 1329 28 21 0
983 : 949 1305 33 18 0
984 : 179 1329 28 21 0
985 : 355 1329 17 34 1
986 : 727 1305 30 20 0
987 : 263 1329 29 20 0
988 : 207 1329 21 28 1
989 : 515 1329 30 19 0
990 : 423 1329 24 24 0
991 : 389 1329 34 17 0
992 : 292 1329 20 29 1
993 : 64 1329 31 19 0
994 : 447 1329 24 24 0
995 : 235 1329 21 28 1
996 : 545 1329 30 19 0
997 : 575 1329 28 20 0
998 : 0 1329 22 27 1
999 : 471 1329 13 44 1
