247 766
0 : 63 619 39 27 0
1 : 82 542 41 33 0
2 : 199 673 46 17 0
3 : 73 732 33 17 0
4 : 89 749 27 17 0
5 : 57 515 88 17 0
6 : 203 732 31 17 0
7 : 135 690 43 17 0
8 : 0 274 213 40 0
9 : 106 732 33 17 0
10 : 31 749 29 17 0
11 : 152 575 45 27 0
12 : 0 515 57 27 0
13 : 37 732 36 17 0
14 : 0 488 102 17 0
15 : 109 707 39 17 0
16 : 0 190 240 40 0
17 : 82 707 25 27 1
18 : 0 542 82 17 0
19 : 56 646 54 17 0
20 : 116 749 24 17 0
21 : 139 732 33 17 0
22 : 0 396 117 33 0
23 : 69 602 67 17 0
24 : 103 434 99 27 0
25 : 42 707 40 17 0
26 : 0 0 244 42 0
27 : 187 707 38 17 0
28 : 0 363 146 33 0
29 : 145 515 82 17 0
30 : 52 673 50 17 0
31 : 172 732 31 17 0
32 : 0 107 224 44 0
33 : 0 732 37 17 0
34 : 117 396 88 38 0
35 : 0 230 207 44 0
36 : 0 42 152 65 0
37 : 0 434 103 27 0
38 : 163 488 58 27 0
39 : 102 488 61 27 0
40 : 169 461 71 27 0
41 : 152 673 47 17 0
42 : 0 461 98 27 0
43 : 0 575 76 17 0
44 : 123 542 50 27 0
45 : 136 602 67 17 0
46 : 0 151 247 39 0
47 : 160 749 17 17 0
48 : 148 707 39 17 0
49 : 0 749 31 17 0
50 : 177 749 15 17 0
51 : 144 646 53 17 0
52 : 0 314 112 49 0
53 : 76 575 76 17 0
54 : 0 690 46 17 0
55 : 178 690 43 17 0
56 : 0 602 69 17 0
57 : 46 690 45 17 0
58 : 60 749 29 17 0
59 : 98 461 71 27 0
60 : 91 690 44 17 0
61 : 102 619 60 17 0
62 : 0 646 56 17 0
63 : 140 749 20 17 0
64 : 102 673 50 17 0
65 : 162 619 60 17 0
66 : 0 619 63 17 0
67 : 0 707 42 17 0
68 : 110 646 34 27 0
69 : 0 673 52 17 0
