100 38
0 : 15 29 5 4 0
1 : 86 12 3 13 1
2 : 0 0 49 3 0
3 : 39 29 3 5 0
4 : 42 24 5 5 0
5 : 42 29 3 5 0
6 : 54 24 5 5 0
7 : 49 34 3 3 0
8 : 11 24 4 10 1
9 : 24 34 3 4 0
10 : 0 24 4 11 1
11 : 71 24 3 7 1
12 : 66 12 9 8 1
13 : 33 12 7 33 1
14 : 37 24 5 5 0
15 : 53 29 5 3 0
16 : 30 29 4 5 0
17 : 34 29 5 4 0
18 : 58 29 5 3 0
19 : 63 29 3 5 0
20 : 74 12 12 5 0
21 : 67 34 3 3 0
22 : 43 34 3 4 0
23 : 64 34 3 3 0
24 : 95 29 3 5 0
25 : 48 29 5 3 0
26 : 45 29 3 5 0
27 : 90 24 3 7 1
28 : 0 29 5 5 0
29 : 0 34 5 3 0
30 : 80 29 5 3 0
31 : 64 24 3 7 1
32 : 75 29 5 3 0
33 : 55 34 3 3 0
34 : 34 34 3 4 0
35 : 20 29 5 4 0
36 : 66 29 4 4 0
37 : 27 34 3 4 0
38 : 52 34 3 3 0
39 : 29 24 4 8 1
40 : 25 29 5 4 0
41 : 90 29 5 3 0
42 : 30 34 4 3 0
43 : 0 12 12 33 1
44 : 5 34 3 5 1
45 : 58 34 3 3 0
46 : 15 34 4 4 0
47 : 19 34 3 5 1
48 : 85 24 5 5 0
49 : 5 29 5 4 0
50 : 78 24 7 3 0
51 : 70 29 5 3 0
52 : 10 29 5 4 0
53 : 85 29 5 3 0
54 : 37 34 3 4 0
55 : 46 34 3 4 0
56 : 10 34 3 5 1
57 : 61 34 3 3 0
58 : 40 34 3 4 0
59 : 47 24 7 3 0
60 : 21 24 5 8 1
61 : 49 0 34 12 0
62 : 59 24 5 5 0
