1000 9297
0 : 0 6873 340 857 1
1 : 894 5018 104 178 0
2 : 0 6484 943 389 0
3 : 536 5018 189 491 0
4 : 677 5534 146 162 0
5 : 0 9264 33 963 1
6 : 0 8578 497 135 0
7 : 0 4366 652 992 1
8 : 0 8713 121 598 1
9 : 952 3605 42 727 0
10 : 0 8301 142 505 1
11 : 970 980 24 83 0
12 : 0 7861 150 776 1
13 : 0 9215 49 921 1
14 : 0 5534 493 677 1
15 : 0 9130 85 886 1
16 : 859 6027 421 99 1
17 : 0 980 970 933 0
18 : 0 7213 252 738 1
19 : 0 7465 561 246 0
20 : 0 2826 882 779 0
21 : 994 980 298 2 1
22 : 725 5018 452 169 1
23 : 943 6484 253 49 1
24 : 857 6873 338 87 1
25 : 738 7213 81 148 0
26 : 561 7465 59 375 1
27 : 0 6027 457 647 1
28 : 967 5534 12 189 0
29 : 992 4366 8 169 0
30 : 761 3605 191 233 0
31 : 0 9045 85 947 1
32 : 0 8443 629 135 0
33 : 0 8834 965 107 0
34 : 647 6027 359 109 1
35 : 931 1913 840 67 1
36 : 0 8159 538 142 0
37 : 0 8941 104 726 1
38 : 984 0 15 871 0
39 : 823 5534 144 230 0
40 : 979 5534 10 114 0
41 : 0 3605 761 761 0
42 : 0 0 984 980 0
43 : 882 2826 408 117 1
44 : 989 5534 9 189 0
45 : 0 1913 931 913 0
46 : 0 5018 516 536 1
47 : 0 7711 150 906 1
48 : 0 8011 689 148 0
49 : 756 6027 103 146 0
