40400 45939
0 : 34323 20329 4629 1596 0
1 : 35062 41450 2919 783 0
2 : 15046 10271 8067 1832 0
3 : 23594 18651 7180 2974 0
4 : 0 40855 1685 1708 0
5 : 23113 11646 2029 601 0
6 : 0 0 15046 7040 0
7 : 23449 29963 6726 7039 0
8 : 27475 22005 7958 5170 1
9 : 31441 37526 3621 4223 0
10 : 30175 29963 4358 6846 0
11 : 15046 5406 6272 1268 0
12 : 21318 5406 6171 1473 0
13 : 26012 41573 3448 1249 0
14 : 0 22005 6389 10170 1
15 : 7910 29963 7910 5092 0
16 : 30092 0 4629 11306 0
17 : 25842 28383 1279 1621 1
18 : 34533 29963 3529 6846 0
19 : 0 42822 3770 3117 0
20 : 35062 37526 3924 3177 1
21 : 35062 42233 2672 556 0
22 : 0 7040 15046 5222 0
23 : 10364 40643 2050 2287 1
24 : 32645 22005 7958 5152 1
25 : 39337 14934 1063 2033 0
26 : 6978 18640 1823 5782 1
27 : 26012 37526 4047 5429 1
28 : 0 28394 6416 1491 0
29 : 38239 41368 859 2104 1
30 : 0 12262 6378 12850 1
31 : 34721 0 10744 2912 1
32 : 7910 35055 4629 2353 0
33 : 30092 11306 2919 838 0
34 : 34323 12262 8067 5014 1
35 : 30774 18651 3139 2974 0
36 : 34721 10744 1685 1469 0
37 : 39337 16967 2029 824 1
38 : 15046 0 15046 5406 0
39 : 0 37526 6726 3329 0
40 : 10170 22005 7958 9256 1
41 : 37633 7958 1080 4223 0
42 : 37797 22005 2407 6846 0
43 : 19740 37526 6272 5296 0
44 : 23113 10271 6171 1375 0
45 : 29460 41573 1253 1249 0
46 : 23594 12262 6389 10729 1
47 : 0 29963 7910 7563 0
48 : 13275 37526 4629 6465 1
49 : 27489 5406 503 1621 0
50 : 15820 29963 7629 6846 0
51 : 6726 37526 6549 3117 0
52 : 0 18640 6978 3177 0
53 : 39337 12262 2672 869 1
54 : 15046 7040 15046 3231 0
55 : 38062 29963 4676 2287 1
56 : 37633 0 7958 2142 1
57 : 6726 40643 3638 2033 0
58 : 31441 41749 1823 1064 0
59 : 38713 7958 4047 1135 1
60 : 19426 28383 6416 1357 0
61 : 38239 37526 3842 2104 1
62 : 19426 22005 6378 8049 1
63 : 12850 12262 10744 9743 0
