100 2007
0 : 0 0 1 74 1
1 : 0 1 24 88 1
2 : 0 25 16 77 1
3 : 0 41 98 7 0
4 : 0 48 9 81 1
5 : 0 57 22 71 1
6 : 0 79 29 88 1
7 : 0 108 100 39 0
8 : 0 147 85 45 0
9 : 0 192 31 98 1
10 : 0 223 68 11 0
11 : 0 234 16 88 1
12 : 0 250 9 86 1
13 : 0 259 67 46 0
14 : 0 305 41 66 1
15 : 0 346 92 87 0
16 : 92 346 1 83 0
17 : 0 433 35 70 1
18 : 0 468 39 67 1
19 : 0 507 31 68 1
20 : 0 538 5 88 1
21 : 0 543 30 86 1
22 : 0 573 99 65 0
23 : 0 638 32 88 1
24 : 0 670 21 66 1
25 : 0 691 36 75 1
26 : 0 727 21 93 1
27 : 0 748 44 81 1
28 : 0 792 48 87 1
29 : 88 538 4 10 1
30 : 0 840 53 76 1
31 : 0 893 17 83 1
32 : 76 840 37 24 1
33 : 0 910 33 78 1
34 : 0 943 49 82 1
35 : 0 992 52 88 1
36 : 67 468 38 28 1
37 : 0 1044 25 91 1
38 : 0 1069 5 89 1
39 : 0 1074 50 75 1
40 : 0 1124 1 96 1
41 : 0 1125 27 78 1
42 : 93 346 82 6 1
43 : 88 542 8 1 0
44 : 0 1152 25 80 1
45 : 0 1177 42 73 1
46 : 0 1219 4 92 1
47 : 0 1223 29 100 1
48 : 0 1252 10 72 1
49 : 0 1262 78 15 0
50 : 0 1277 45 89 1
51 : 0 1322 60 58 0
52 : 0 1380 8 73 1
53 : 0 1388 6 87 1
54 : 0 1394 48 93 1
55 : 0 1442 4 87 1
56 : 0 1446 17 81 1
57 : 0 1463 5 71 1
58 : 0 1468 13 71 1
59 : 0 1481 10 75 1
60 : 0 1491 38 98 1
61 : 0 1529 66 98 1
62 : 0 1595 40 92 1
63 : 0 1635 84 10 0
64 : 0 1645 20 88 1
65 : 0 1665 39 100 1
66 : 68 507 28 30 0
67 : 0 1704 5 77 1
68 : 0 1709 14 86 1
69 : 88 1 24 12 1
70 : 70 433 28 33 0
71 : 0 1723 46 90 1
72 : 0 1769 20 92 1
73 : 0 1789 69 86 1
74 : 0 1858 40 98 1
75 : 0 1898 48 76 1
76 : 0 1946 37 72 1
77 : 71 57 28 22 0
78 : 0 1983 13 82 1
79 : 0 1996 11 70 1
