200 255
0 : 0 0 110 32 0
1 : 188 0 12 33 0
2 : 0 150 78 15 0
3 : 78 150 62 18 0
4 : 111 199 16 53 1
5 : 115 32 37 76 1
6 : 92 107 14 97 1
7 : 122 122 28 43 1
8 : 190 122 16 9 1
9 : 176 177 15 22 1
10 : 58 122 64 19 0
11 : 189 107 10 13 0
12 : 131 245 4 27 1
13 : 177 199 12 13 0
14 : 183 245 3 6 0
15 : 191 32 7 22 0
16 : 0 177 67 16 0
17 : 169 223 27 14 0
18 : 74 223 13 41 1
19 : 110 0 78 35 0
20 : 0 32 30 115 1
21 : 115 223 8 54 1
22 : 48 69 20 91 1
23 : 174 245 6 6 0
24 : 39 199 72 12 0
25 : 0 107 15 92 1
26 : 0 122 22 58 1
27 : 112 245 19 6 0
28 : 0 69 38 48 1
29 : 139 69 21 61 1
30 : 0 245 10 38 1
31 : 129 177 22 47 1
32 : 0 223 22 37 1
33 : 82 245 5 30 1
34 : 169 245 5 9 0
35 : 196 223 3 15 0
36 : 180 122 24 10 1
37 : 37 223 20 37 1
38 : 164 199 18 13 1
39 : 181 150 23 19 1
40 : 140 150 41 27 0
41 : 195 199 18 5 1
42 : 158 245 6 11 1
43 : 0 199 39 24 0
44 : 189 199 21 6 1
45 : 67 177 62 17 0
46 : 165 122 20 15 1
47 : 180 245 3 8 0
48 : 38 245 44 7 0
