200 301
0 : 0 0 66 25 0
1 : 66 0 14 30 1
2 : 96 0 18 14 1
3 : 110 0 43 34 0
4 : 0 34 59 30 0
5 : 153 0 10 16 0
6 : 163 0 8 33 0
7 : 59 34 22 47 1
8 : 171 0 18 16 1
9 : 187 0 26 13 1
10 : 106 34 24 17 1
11 : 123 34 26 4 1
12 : 127 34 7 28 0
13 : 134 34 26 14 1
14 : 148 34 30 51 1
15 : 0 64 39 25 0
16 : 39 64 7 3 1
17 : 42 64 19 9 1
18 : 51 64 25 6 1
19 : 57 64 8 14 0
20 : 65 64 18 78 1
21 : 143 64 14 17 0
22 : 0 89 62 12 0
23 : 62 89 15 64 1
24 : 157 64 16 5 1
25 : 126 89 46 13 0
26 : 172 89 27 26 0
27 : 0 115 12 63 1
28 : 162 64 30 8 0
29 : 63 115 36 91 1
30 : 154 115 23 31 0
31 : 192 64 8 13 0
32 : 177 115 22 9 1
33 : 0 151 9 50 1
34 : 186 115 14 4 1
35 : 190 115 8 16 0
36 : 50 151 22 12 0
37 : 72 151 57 37 0
38 : 129 151 7 6 1
39 : 135 151 12 36 0
40 : 147 151 11 29 0
41 : 0 188 30 56 1
42 : 56 188 50 62 1
43 : 118 188 61 13 0
44 : 179 188 4 7 0
45 : 183 188 7 33 0
46 : 158 151 16 26 0
47 : 0 238 12 46 1
48 : 174 151 21 27 0
49 : 46 238 28 65 1
50 : 195 151 4 4 0
51 : 190 188 9 19 0
52 : 111 238 40 13 0
53 : 151 238 6 19 0
54 : 157 238 15 22 0
55 : 0 266 19 31 1
56 : 172 238 21 17 1
57 : 189 238 5 6 0
58 : 194 238 5 15 0
59 : 31 266 30 7 0
60 : 61 266 6 19 0
61 : 67 266 8 12 0
62 : 75 266 11 8 1
63 : 83 266 19 21 1
64 : 104 266 18 14 1
65 : 118 266 3 20 1
66 : 138 266 18 3 1
67 : 0 285 83 16 0
68 : 141 266 16 13 1
69 : 198 115 2 7 0
70 : 154 266 6 10 0
71 : 160 266 37 6 0
72 : 197 266 8 3 1
