35 441
0 : 24 43 12 10 1
1 : 0 0 2 31 1
2 : 18 19 10 13 1
3 : 16 209 16 16 0
4 : 0 225 16 16 0
5 : 0 425 16 16 0
6 : 16 409 16 16 0
7 : 0 16 2 15 1
8 : 24 113 8 7 0
9 : 0 377 13 13 0
10 : 16 361 16 16 0
11 : 24 120 8 7 0
12 : 0 361 16 16 0
13 : 0 19 16 7 0
14 : 0 345 16 16 0
15 : 0 149 16 15 0
16 : 16 329 15 15 0
17 : 0 92 24 21 0
18 : 0 9 1 26 1
19 : 16 281 16 16 0
20 : 24 29 11 14 0
21 : 0 113 24 21 0
22 : 16 149 16 15 0
23 : 16 225 16 16 0
24 : 0 241 16 16 0
25 : 28 179 7 7 0
26 : 0 409 16 16 0
27 : 0 164 13 14 1
28 : 14 164 16 15 0
29 : 16 19 2 7 0
30 : 24 79 8 10 0
31 : 24 89 13 11 1
32 : 0 179 16 15 0
33 : 16 179 13 12 1
34 : 16 241 16 16 0
35 : 0 281 16 16 0
36 : 26 9 1 1 0
37 : 19 13 2 16 1
38 : 24 67 12 10 1
39 : 24 102 8 10 0
40 : 24 55 12 10 1
41 : 0 257 24 24 0
42 : 0 194 16 15 0
43 : 16 194 16 15 0
44 : 0 297 32 32 0
45 : 24 127 7 7 0
46 : 0 10 3 22 1
47 : 0 329 16 16 0
48 : 0 393 16 16 0
49 : 0 2 35 7 0
50 : 16 345 16 16 0
51 : 0 13 3 19 1
52 : 15 16 3 15 1
53 : 0 71 24 21 0
54 : 13 377 16 16 0
55 : 0 209 16 15 0
56 : 16 425 16 16 0
57 : 16 393 16 16 0
58 : 24 257 11 11 0
59 : 0 134 16 15 0
60 : 24 268 11 11 0
61 : 0 50 24 21 0
62 : 0 29 24 21 0
63 : 16 134 16 15 0
64 : 22 10 3 11 1
