200 237
0 : 0 0 110 32 0
1 : 110 0 12 33 1
2 : 0 32 78 15 0
3 : 78 32 62 18 0
4 : 143 0 16 53 1
5 : 0 50 37 76 1
6 : 76 50 14 97 1
7 : 0 87 28 43 1
8 : 110 12 16 9 0
9 : 173 50 15 22 0
10 : 76 64 64 19 0
11 : 173 72 10 13 0
12 : 110 21 4 27 1
13 : 140 64 12 13 0
14 : 137 21 3 6 1
15 : 110 25 7 22 1
16 : 43 87 67 16 0
17 : 143 16 27 14 0
18 : 140 32 13 41 1
19 : 110 87 78 35 0
20 : 0 122 30 115 1
21 : 43 103 8 54 1
22 : 0 152 20 91 1
23 : 132 25 6 6 0
24 : 188 50 72 12 1
25 : 91 152 15 92 1
26 : 115 122 22 58 1
27 : 170 16 19 6 0
28 : 0 172 38 48 1
29 : 48 172 21 61 1
30 : 43 111 10 38 1
31 : 109 172 22 47 1
32 : 156 172 22 37 0
33 : 170 22 5 30 1
34 : 189 16 5 9 1
35 : 196 0 3 15 0
36 : 81 111 24 10 0
37 : 178 172 20 37 0
38 : 183 152 18 13 1
39 : 152 64 23 19 1
40 : 0 210 41 27 0
41 : 170 27 18 5 0
42 : 97 103 6 11 1
43 : 41 210 39 24 0
44 : 0 115 21 6 0
45 : 80 210 62 17 0
46 : 173 122 20 15 0
47 : 105 111 3 8 0
48 : 109 194 44 7 0
