92 249
0 : 73 184 11 9 1
1 : 11 199 1 1 0
2 : 0 199 9 11 1
3 : 43 88 1 29 1
4 : 48 184 9 11 0
5 : 40 169 19 15 0
6 : 29 101 50 29 0
7 : 31 143 1 19 1
8 : 12 199 18 18 0
9 : 0 76 12 45 1
10 : 59 169 19 15 0
11 : 57 184 14 12 1
12 : 45 76 12 45 1
13 : 28 156 27 13 0
14 : 0 88 43 13 0
15 : 0 63 55 13 0
16 : 0 143 31 13 0
17 : 21 169 19 15 0
18 : 0 51 11 79 1
19 : 30 199 50 50 0
20 : 55 63 2 37 1
21 : 33 130 31 13 0
22 : 0 0 92 17 0
23 : 0 169 21 13 0
24 : 39 184 11 9 1
25 : 0 130 33 13 0
26 : 0 156 28 13 0
27 : 0 101 1 29 1
28 : 19 184 13 10 1
29 : 55 156 27 13 0
30 : 0 17 17 88 1
31 : 0 184 19 15 0
32 : 50 143 1 19 1
33 : 0 34 86 17 0
34 : 0 62 1 48 1
35 : 82 184 4 6 0
36 : 29 184 13 10 1
37 : 69 184 4 6 0
