247 679
0 : 207 205 39 27 1
1 : 205 396 41 33 0
2 : 0 603 46 17 0
3 : 184 620 33 17 0
4 : 220 549 27 17 0
5 : 152 249 88 17 0
6 : 128 647 31 17 0
7 : 137 603 43 17 0
8 : 0 165 213 40 0
9 : 33 647 33 17 0
10 : 188 647 29 17 0
11 : 202 576 45 27 0
12 : 0 549 57 27 0
13 : 114 620 36 17 0
14 : 103 396 102 17 0
15 : 0 620 39 17 0
16 : 0 81 240 40 0
17 : 218 478 25 27 1
18 : 0 461 82 17 0
19 : 113 549 54 17 0
20 : 222 603 24 17 0
21 : 0 647 33 17 0
22 : 0 347 117 33 0
23 : 69 505 67 17 0
24 : 146 314 99 27 0
25 : 213 165 40 17 1
26 : 0 39 244 42 0
27 : 39 620 38 17 0
28 : 0 314 146 33 0
29 : 82 461 82 17 0
30 : 102 576 50 17 0
31 : 97 647 31 17 0
32 : 0 121 224 44 0
33 : 77 620 37 17 0
34 : 98 423 88 38 0
35 : 0 205 207 44 0
36 : 0 249 152 65 0
37 : 0 396 103 27 0
38 : 186 423 58 27 0
39 : 63 522 61 27 0
40 : 147 478 71 27 0
41 : 229 347 47 17 1
42 : 0 423 98 27 0
43 : 0 478 76 17 0
44 : 52 576 50 27 0
45 : 136 505 67 17 0
46 : 0 0 247 39 0
47 : 217 620 17 17 0
48 : 230 165 39 17 1
49 : 66 647 31 17 0
50 : 0 664 15 17 1
51 : 167 549 53 17 0
52 : 117 347 112 49 0
53 : 164 461 76 17 0
54 : 46 603 46 17 0
55 : 203 505 43 17 0
56 : 0 505 69 17 0
57 : 92 603 45 17 0
58 : 159 647 29 17 0
59 : 76 478 71 27 0
60 : 224 121 44 17 1
61 : 184 522 60 17 0
62 : 57 549 56 17 0
63 : 217 647 20 17 0
64 : 152 576 50 17 0
65 : 124 522 60 17 0
66 : 0 522 63 17 0
67 : 180 603 42 17 0
68 : 150 620 34 27 0
69 : 0 576 52 17 0
