123 370
0 : 67 293 54 15 0
1 : 0 355 39 15 0
2 : 72 177 51 17 0
3 : 0 135 90 21 0
4 : 0 79 84 25 0
5 : 80 48 43 17 0
6 : 0 227 97 17 0
7 : 65 308 49 15 0
8 : 65 104 45 17 0
9 : 0 0 120 27 0
10 : 0 259 64 17 0
11 : 0 202 67 25 0
12 : 92 244 25 15 0
13 : 0 308 65 15 0
14 : 92 340 23 15 0
15 : 64 259 59 17 0
16 : 63 276 50 17 0
17 : 90 135 33 15 0
18 : 67 202 56 21 0
19 : 0 244 92 15 0
20 : 0 293 67 15 0
21 : 46 340 46 15 0
22 : 0 276 63 17 0
23 : 0 177 72 25 0
24 : 0 48 80 31 0
25 : 39 355 38 15 0
26 : 89 156 32 15 0
27 : 0 323 64 15 0
28 : 84 79 37 17 0
29 : 0 104 65 31 0
30 : 97 227 26 15 0
31 : 0 156 89 21 0
32 : 64 323 45 17 0
33 : 0 27 123 21 0
34 : 0 340 46 15 0
