200 215
0 : 109 26 15 72 1
1 : 48 154 15 47 1
2 : 110 0 67 11 0
3 : 116 88 56 39 0
4 : 0 148 6 35 1
5 : 56 201 11 17 1
6 : 0 186 8 20 1
7 : 71 169 22 8 0
8 : 20 186 8 12 1
9 : 109 41 3 16 1
10 : 165 201 11 9 1
11 : 102 56 9 61 1
12 : 58 120 47 7 0
13 : 144 201 11 11 0
14 : 110 21 5 18 1
15 : 0 167 6 22 1
16 : 180 196 5 7 1
17 : 192 140 6 14 0
18 : 137 179 25 21 0
19 : 54 102 22 4 1
20 : 89 201 16 11 0
21 : 131 154 33 17 0
22 : 109 112 8 7 1
23 : 159 171 4 8 0
24 : 0 0 26 110 1
25 : 189 17 11 4 0
26 : 58 88 58 12 0
27 : 0 127 56 21 0
28 : 0 44 21 102 1
29 : 174 11 6 25 1
30 : 58 111 9 51 1
31 : 105 201 16 11 0
32 : 170 44 30 5 0
33 : 135 201 12 9 1
34 : 85 195 4 6 0
35 : 85 179 26 16 0
36 : 102 44 68 12 0
37 : 0 201 20 10 0
38 : 59 179 21 26 1
39 : 22 167 20 12 0
40 : 106 127 49 16 0
41 : 170 49 6 28 1
42 : 105 120 11 3 0
43 : 155 140 37 12 0
44 : 38 201 9 18 1
45 : 0 86 2 9 1
46 : 128 21 5 14 1
47 : 174 17 15 4 0
48 : 172 88 39 9 1
49 : 110 11 64 10 0
50 : 0 179 32 7 0
51 : 111 179 16 26 1
52 : 0 65 99 21 0
53 : 181 88 38 19 1
54 : 164 154 23 32 1
55 : 163 56 6 37 1
56 : 0 102 22 54 1
57 : 95 154 25 36 1
58 : 56 127 50 27 0
59 : 32 179 27 22 0
60 : 106 143 8 41 1
61 : 99 65 66 23 0
62 : 147 143 8 5 0
63 : 0 124 15 3 0
64 : 20 201 18 12 0
65 : 105 123 9 4 0
66 : 198 49 6 2 1
67 : 35 148 9 6 0
68 : 154 171 5 8 0
69 : 196 154 4 18 0
70 : 181 26 15 19 1
71 : 156 21 8 5 0
72 : 142 21 14 4 0
73 : 0 154 48 13 0
74 : 121 201 14 14 0
75 : 48 169 23 10 0
76 : 162 196 5 18 1
77 : 177 0 10 23 1
78 : 58 100 51 11 0
79 : 0 88 58 14 0
80 : 109 100 7 12 0
81 : 174 201 10 9 1
82 : 73 201 16 12 0
83 : 106 151 13 3 0
84 : 165 65 35 9 0
85 : 165 74 34 12 0
86 : 162 179 17 25 1
87 : 197 179 3 3 0
88 : 131 171 7 23 1
89 : 187 179 10 20 0
90 : 0 26 109 18 0
91 : 0 194 7 7 0
92 : 0 173 6 6 0
93 : 155 127 44 13 0
94 : 199 127 3 1 1
95 : 163 62 3 12 1
96 : 155 201 10 11 0
