411 562
0 : 0 0 200 200 0
1 : 288 343 26 14 0
2 : 379 326 30 30 0
3 : 200 321 64 63 0
4 : 264 321 22 22 0
5 : 379 379 24 18 0
6 : 0 400 100 100 0
7 : 200 0 200 200 0
8 : 321 326 58 58 0
9 : 165 500 164 56 0
10 : 321 200 64 63 0
11 : 286 321 24 18 0
12 : 0 556 411 6 0
13 : 264 343 24 18 0
14 : 269 400 58 58 0
15 : 379 356 27 23 0
16 : 200 200 121 121 0
17 : 0 500 165 56 0
18 : 0 200 200 200 0
19 : 321 263 64 63 0
20 : 264 361 26 14 0
21 : 290 361 26 14 0
22 : 327 400 58 58 0
23 : 100 400 169 58 0
