40400 52439
0 : 38426 35827 4629 1596 1
1 : 33671 48073 2919 783 1
2 : 21864 41123 8067 1832 0
3 : 0 41123 7180 2974 0
4 : 35323 48073 1685 1708 0
5 : 39682 41123 2029 601 1
6 : 0 0 15046 7040 0
7 : 0 29101 6726 7039 1
8 : 17783 29101 7958 5170 0
9 : 6846 44452 3621 4223 1
10 : 34894 21538 4358 6846 0
11 : 38640 0 6272 1268 1
12 : 17485 44452 6171 1473 0
13 : 27335 48073 3448 1249 0
14 : 25775 15149 6389 10170 1
15 : 8067 35827 7910 5092 0
16 : 0 21538 4629 11306 1
17 : 37339 41123 1279 1621 0
18 : 22249 35827 3529 6846 1
19 : 4676 48073 3770 3117 0
20 : 35609 44452 3924 3177 0
21 : 37008 48073 2672 556 1
22 : 15046 9743 15046 5222 0
23 : 30783 48073 2050 2287 0
24 : 25741 29101 7958 5152 0
25 : 39033 48073 1063 2033 0
26 : 23656 44452 1823 5782 1
27 : 35945 15149 4047 5429 0
28 : 38328 29101 6416 1491 1
29 : 36480 41123 859 2104 0
30 : 25790 0 6378 12850 1
31 : 7039 29101 10744 2912 0
32 : 36073 35827 4629 2353 1
33 : 32833 48073 2919 838 1
34 : 0 35827 8067 5014 0
35 : 8446 48073 3139 2974 0
36 : 37564 48073 1685 1469 1
37 : 39533 44452 2029 824 1
38 : 0 9743 15046 5406 0
39 : 15138 41123 6726 3329 0
40 : 30092 9743 7958 9256 1
41 : 19065 48073 1080 4223 1
42 : 0 44452 2407 6846 1
43 : 15977 35827 6272 5296 0
44 : 29438 44452 6171 1375 0
45 : 0 51190 1253 1249 0
46 : 15046 15149 6389 10729 1
47 : 11306 21538 7910 7563 0
48 : 33699 29101 4629 6465 0
49 : 1253 51190 503 1621 1
50 : 19216 21538 7629 6846 0
51 : 29931 41123 6549 3117 0
52 : 29095 35827 6978 3177 0
53 : 34454 48073 2672 869 1
54 : 0 15149 15046 3231 0
55 : 0 48073 4676 2287 0
56 : 7180 41123 7958 2142 0
57 : 15427 48073 3638 2033 0
58 : 38618 41123 1823 1064 1
59 : 23288 48073 4047 1135 0
60 : 11069 44452 6416 1357 0
61 : 11585 48073 3842 2104 0
62 : 26845 21538 6378 8049 1
63 : 15046 0 10744 9743 0
