200 256
0 : 122 68 66 25 0
1 : 131 172 14 30 1
2 : 18 234 18 14 0
3 : 153 0 43 34 1
4 : 0 105 59 30 0
5 : 180 234 10 16 1
6 : 26 198 8 33 1
7 : 61 150 22 47 1
8 : 179 217 18 16 0
9 : 0 217 26 13 0
10 : 59 198 24 17 0
11 : 100 234 26 4 0
12 : 129 217 7 28 1
13 : 137 198 26 14 0
14 : 115 105 30 51 1
15 : 161 50 39 25 0
16 : 197 217 7 3 1
17 : 142 234 19 9 0
18 : 75 234 25 6 0
19 : 189 135 8 14 0
20 : 83 50 18 78 1
21 : 58 234 14 17 1
22 : 127 135 62 12 0
23 : 0 135 15 64 1
24 : 48 248 16 5 0
25 : 187 0 46 13 1
26 : 46 172 27 26 0
27 : 64 135 12 63 1
28 : 47 217 30 8 0
29 : 0 0 36 91 1
30 : 166 105 23 31 1
31 : 35 248 8 13 1
32 : 36 234 22 9 0
33 : 108 150 9 50 1
34 : 196 234 14 4 1
35 : 19 248 8 16 1
36 : 157 217 22 12 0
37 : 0 68 57 37 0
38 : 130 248 7 6 1
39 : 188 68 12 36 0
40 : 163 198 11 29 1
41 : 59 105 30 56 1
42 : 91 0 50 62 1
43 : 0 150 61 13 0
44 : 136 248 4 7 0
45 : 83 198 7 33 1
46 : 0 198 16 26 1
47 : 0 172 12 46 1
48 : 104 172 21 27 1
49 : 57 68 28 65 1
50 : 145 248 4 4 0
51 : 161 234 9 19 1
52 : 158 150 40 13 0
53 : 192 198 6 19 0
54 : 107 217 15 22 1
55 : 73 172 19 31 1
56 : 26 217 21 17 0
57 : 140 248 5 6 0
58 : 82 248 5 15 1
59 : 77 217 30 7 0
60 : 0 248 6 19 1
61 : 97 248 8 12 1
62 : 109 248 11 8 0
63 : 116 198 19 21 1
64 : 0 234 18 14 0
65 : 197 105 3 20 0
66 : 64 248 18 3 0
67 : 0 50 83 16 0
68 : 126 234 16 13 0
69 : 198 150 2 7 0
70 : 120 248 6 10 1
71 : 161 172 37 6 0
72 : 197 135 8 3 1
