3000 6586
0 : 2597 6290 365 185 0
1 : 2219 6290 378 200 0
2 : 1809 6290 410 165 0
3 : 1384 6290 425 148 0
4 : 959 6290 425 296 0
5 : 520 6290 439 116 0
6 : 0 3981 464 1006 1
7 : 0 6290 520 205 0
8 : 2587 5718 520 350 1
9 : 2057 5718 540 530 1
10 : 1490 2837 549 1413 1
11 : 0 572 549 1882 1
12 : 1561 5718 553 496 1
13 : 1898 4553 555 755 1
14 : 1065 5718 555 496 1
15 : 1350 5108 555 659 1
16 : 592 5718 567 473 1
17 : 0 5718 572 592 1
18 : 1006 3981 572 975 1
19 : 1390 3409 572 1175 1
20 : 0 2265 572 1575 1
21 : 0 3409 572 1390 1
22 : 0 2837 572 1490 1
23 : 0 1693 572 1590 1
24 : 0 1121 572 1690 1
25 : 0 0 572 1890 1
26 : 2009 5108 610 625 1
27 : 690 5108 660 490 0
28 : 0 5108 690 447 0
29 : 949 4553 949 445 0
30 : 0 4553 949 478 0
31 : 1981 3981 970 463 0
