1000 9595
0 : 0 0 340 857 1
1 : 857 0 104 178 0
2 : 0 340 943 389 0
3 : 0 729 189 491 1
4 : 491 729 146 162 0
5 : 0 918 33 963 1
6 : 0 951 497 135 0
7 : 0 1086 652 992 1
8 : 0 1738 121 598 1
9 : 0 1859 42 727 1
10 : 0 1901 142 505 1
11 : 961 0 24 83 0
12 : 0 2043 150 776 1
13 : 0 2193 49 921 1
14 : 0 2242 493 677 1
15 : 0 2735 85 886 1
16 : 677 2242 421 99 1
17 : 0 2820 970 933 0
18 : 0 3753 252 738 1
19 : 0 4005 561 246 0
20 : 0 4251 882 779 0
21 : 992 1086 298 2 1
22 : 776 2242 452 169 1
23 : 945 2242 253 49 1
24 : 882 4251 338 87 1
25 : 776 2043 81 148 0
26 : 598 1738 59 375 1
27 : 0 5030 457 647 1
28 : 985 0 12 189 0
29 : 970 2820 8 169 0
30 : 738 3753 191 233 0
31 : 0 5487 85 947 1
32 : 0 5572 629 135 0
33 : 0 5707 965 107 0
34 : 647 5030 359 109 1
35 : 0 5814 840 67 0
36 : 0 5881 538 142 0
37 : 0 6023 104 726 1
38 : 978 2820 15 871 0
39 : 756 5030 144 230 0
40 : 973 1738 10 114 0
41 : 0 6127 761 761 0
42 : 0 6888 984 980 0
43 : 761 6127 408 117 1
44 : 984 6888 9 189 0
45 : 0 7868 931 913 0
46 : 0 8781 516 536 1
47 : 0 9297 150 906 1
48 : 0 9447 689 148 0
49 : 878 6127 103 146 0
