1000 8647
0 : 0 0 541 745 1
1 : 560 3948 344 301 1
2 : 674 1067 413 294 1
3 : 531 4445 266 341 0
4 : 589 2093 543 388 1
5 : 0 3581 367 701 1
6 : 0 541 526 707 1
7 : 0 5363 286 706 1
8 : 0 7695 614 289 0
9 : 0 6622 348 592 1
10 : 0 3150 673 431 0
11 : 638 1563 475 362 1
12 : 0 4924 562 439 0
13 : 0 1563 530 638 1
14 : 0 5649 609 375 0
15 : 0 8373 540 274 0
16 : 0 2664 486 634 1
17 : 673 3150 272 377 0
18 : 0 6970 623 306 0
19 : 0 6356 266 714 1
20 : 634 2664 341 336 1
21 : 701 3581 340 296 1
22 : 0 4445 531 479 0
23 : 0 2093 571 589 1
24 : 0 1067 674 496 0
25 : 0 3948 560 497 0
26 : 0 7984 509 389 0
27 : 0 6024 650 332 0
28 : 707 541 474 285 1
29 : 0 7276 419 503 1
