1000 10034
0 : 0 0 541 745 1
1 : 0 541 344 301 0
2 : 344 541 413 294 0
3 : 0 842 266 341 1
4 : 341 842 543 388 0
5 : 0 1230 367 701 1
6 : 0 1597 526 707 1
7 : 0 2123 286 706 1
8 : 0 2409 614 289 0
9 : 0 2698 348 592 1
10 : 0 3046 673 431 0
11 : 0 3477 475 362 0
12 : 0 3839 562 439 0
13 : 0 4278 530 638 1
14 : 0 4808 609 375 0
15 : 0 5183 540 274 0
16 : 0 5457 486 634 1
17 : 634 5457 272 377 0
18 : 0 5943 623 306 0
19 : 0 6249 266 714 1
20 : 0 6515 341 336 0
21 : 341 6515 340 296 0
22 : 0 6851 531 479 0
23 : 0 7330 571 589 1
24 : 0 7901 674 496 0
25 : 0 8397 560 497 0
26 : 0 8894 509 389 0
27 : 0 9283 650 332 0
28 : 0 9615 474 285 0
29 : 474 9615 419 503 1
