92 239
0 : 25 171 11 9 1
1 : 90 34 1 1 0
2 : 34 171 9 11 0
3 : 55 63 1 29 1
4 : 0 171 9 11 1
5 : 19 156 19 15 0
6 : 0 101 50 29 0
7 : 72 88 1 19 1
8 : 43 171 18 18 0
9 : 0 76 12 45 1
10 : 38 156 19 15 0
11 : 11 171 14 12 0
12 : 45 76 12 45 1
13 : 0 143 27 13 0
14 : 0 88 43 13 0
15 : 0 63 55 13 0
16 : 31 130 31 13 0
17 : 0 156 19 15 0
18 : 0 51 11 79 1
19 : 0 189 50 50 0
20 : 48 62 2 37 1
21 : 0 130 31 13 0
22 : 0 0 92 17 0
23 : 54 143 21 13 0
24 : 76 156 11 9 1
25 : 50 101 33 13 0
26 : 62 130 28 13 0
27 : 43 88 1 29 1
28 : 79 51 13 10 0
29 : 27 143 27 13 0
30 : 0 17 17 88 1
31 : 57 156 19 15 0
32 : 83 101 1 19 0
33 : 0 34 86 17 0
34 : 0 62 1 48 1
35 : 86 34 4 6 0
36 : 75 143 13 10 0
37 : 88 17 4 6 0
