123 417
0 : 0 0 54 15 0
1 : 54 0 39 15 0
2 : 0 15 51 17 0
3 : 0 32 90 21 0
4 : 0 53 84 25 0
5 : 93 0 43 17 1
6 : 0 78 97 17 0
7 : 97 43 49 15 1
8 : 0 95 45 17 0
9 : 0 112 120 27 0
10 : 0 139 64 17 0
11 : 0 156 67 25 0
12 : 67 139 25 15 0
13 : 0 181 65 15 0
14 : 92 139 23 15 0
15 : 67 154 59 17 1
16 : 84 154 50 17 1
17 : 101 154 33 15 1
18 : 0 196 56 21 0
19 : 0 217 92 15 0
20 : 0 232 67 15 0
21 : 101 187 46 15 1
22 : 0 247 63 17 0
23 : 0 264 72 25 0
24 : 92 233 80 31 1
25 : 72 232 38 15 1
26 : 72 270 32 15 1
27 : 0 289 64 15 0
28 : 0 304 37 17 0
29 : 37 313 65 31 0
30 : 0 321 26 15 0
31 : 26 344 89 21 0
32 : 0 336 45 17 1
33 : 0 381 123 21 0
34 : 0 402 46 15 0
