35 724
0 : 0 168 12 10 0
1 : 0 0 2 31 1
2 : 14 15 10 13 0
3 : 0 380 16 16 0
4 : 0 396 16 16 0
5 : 15 692 16 16 0
6 : 15 676 16 16 0
7 : 7 10 2 15 1
8 : 14 28 8 7 1
9 : 0 563 13 13 0
10 : 15 596 16 16 0
11 : 14 133 8 7 1
12 : 15 580 16 16 0
13 : 7 15 16 7 1
14 : 15 548 16 16 0
15 : 0 243 16 15 1
16 : 0 548 15 15 0
17 : 0 109 24 21 1
18 : 31 0 1 26 0
19 : 0 532 16 16 0
20 : 0 133 11 14 1
21 : 0 144 24 21 1
22 : 0 259 16 15 1
23 : 0 412 16 16 0
24 : 0 428 16 16 0
25 : 16 475 7 7 0
26 : 15 660 16 16 0
27 : 0 275 13 14 1
28 : 0 288 16 15 1
29 : 29 2 2 7 0
30 : 12 168 8 10 0
31 : 0 198 13 11 1
32 : 0 304 16 15 1
33 : 0 320 13 12 0
34 : 0 468 16 16 0
35 : 0 484 16 16 0
36 : 22 10 1 1 0
37 : 7 8 2 16 1
38 : 0 188 12 10 0
39 : 12 178 8 10 0
40 : 0 178 12 10 0
41 : 0 444 24 24 0
42 : 0 332 16 15 1
43 : 0 348 16 15 1
44 : 0 500 32 32 0
45 : 16 468 7 7 0
46 : 7 2 3 22 1
47 : 16 532 16 16 0
48 : 15 628 16 16 0
49 : 0 2 35 7 1
50 : 15 564 16 16 0
51 : 7 5 3 19 1
52 : 7 12 3 15 1
53 : 0 85 24 21 1
54 : 15 612 16 16 0
55 : 0 364 16 15 1
56 : 15 708 16 16 0
57 : 15 644 16 16 0
58 : 0 576 11 11 0
59 : 0 211 16 15 1
60 : 0 587 11 11 0
61 : 0 61 24 21 1
62 : 0 37 24 21 1
63 : 0 227 16 15 1
64 : 32 0 3 11 0
