1000 7533
0 : 0 0 66 61 0
1 : 66 0 62 48 0
2 : 128 0 62 46 0
3 : 190 0 61 43 0
4 : 490 0 39 62 1
5 : 931 0 38 61 1
6 : 552 0 30 71 1
7 : 552 30 56 37 0
8 : 190 43 52 39 0
9 : 490 39 36 55 1
10 : 623 0 74 27 0
11 : 66 48 42 47 1
12 : 931 38 61 32 0
13 : 128 46 58 32 0
14 : 931 70 51 36 0
15 : 66 90 46 40 0
16 : 332 0 79 23 0
17 : 190 82 48 38 0
18 : 411 0 79 23 0
19 : 406 46 30 60 1
20 : 251 0 22 81 1
21 : 128 109 36 49 1
22 : 697 23 25 71 1
23 : 774 21 73 24 0
24 : 0 61 57 31 0
25 : 251 22 72 25 0
26 : 490 108 50 35 0
27 : 128 78 56 31 0
28 : 490 75 33 54 1
29 : 931 106 39 46 1
30 : 853 45 28 63 1
31 : 697 0 77 23 0
32 : 931 145 43 40 0
33 : 66 130 36 48 0
34 : 552 67 56 31 0
35 : 570 98 51 34 1
36 : 623 96 54 32 0
37 : 128 145 44 40 0
38 : 190 120 37 47 1
39 : 853 102 51 34 0
40 : 853 136 48 36 0
41 : 0 92 53 33 0
42 : 0 125 39 45 1
43 : 623 128 34 50 1
44 : 853 0 22 78 1
45 : 406 129 51 33 0
46 : 853 73 29 58 1
47 : 405 23 73 23 0
48 : 853 22 23 73 1
49 : 128 185 37 45 0
50 : 332 23 73 23 0
51 : 697 181 42 40 0
52 : 251 47 26 64 1
53 : 697 117 31 54 1
54 : 774 45 23 72 1
55 : 774 0 79 21 0
56 : 332 169 35 47 1
57 : 697 148 33 50 1
58 : 406 195 39 42 1
59 : 406 162 33 50 1
60 : 251 145 54 30 0
61 : 406 76 60 27 0
62 : 623 195 47 34 0
63 : 623 27 22 73 1
64 : 623 162 49 33 0
65 : 697 221 37 43 0
66 : 774 173 30 52 1
67 : 623 49 67 23 0
68 : 623 229 35 45 1
69 : 697 92 62 25 0
70 : 251 73 24 64 1
71 : 251 233 35 45 1
72 : 251 268 36 43 1
73 : 406 103 26 59 1
74 : 774 327 43 36 1
75 : 697 48 67 23 0
76 : 190 342 34 45 0
77 : 623 72 64 24 0
78 : 406 234 32 48 0
79 : 251 203 30 51 1
80 : 623 264 32 48 0
81 : 251 97 25 61 1
82 : 0 164 55 27 1
83 : 251 175 54 28 0
84 : 623 312 33 46 0
85 : 406 282 31 48 0
86 : 623 358 45 33 1
87 : 490 208 51 29 1
88 : 697 325 43 35 1
89 : 332 46 74 20 0
90 : 251 304 50 29 1
91 : 332 386 40 37 1
92 : 774 148 25 59 1
93 : 406 330 31 47 0
94 : 774 370 30 48 0
95 : 332 426 46 31 1
96 : 332 472 37 39 0
97 : 332 511 37 39 0
98 : 774 126 63 22 0
99 : 332 550 34 42 0
100 : 931 185 26 55 0
101 : 332 592 31 45 0
102 : 697 71 67 21 0
103 : 251 122 23 61 1
104 : 209 157 23 59 0
105 : 774 418 46 30 1
106 : 332 147 62 22 0
107 : 931 240 26 54 0
108 : 66 367 36 39 0
109 : 853 172 59 23 1
110 : 332 66 69 20 0
111 : 251 354 51 27 1
112 : 332 678 31 44 0
113 : 406 377 28 49 0
114 : 853 460 37 37 0
115 : 332 637 34 41 0
116 : 332 722 31 44 0
117 : 623 403 49 28 1
118 : 332 106 65 21 0
119 : 332 86 20 68 1
120 : 853 550 36 38 0
121 : 0 219 55 25 1
122 : 490 259 24 55 0
123 : 590 150 33 40 0
124 : 774 68 70 19 0
125 : 332 766 29 45 0
126 : 332 811 31 43 0
127 : 128 230 57 23 1
128 : 697 368 52 26 1
129 : 332 900 45 29 1
130 : 774 106 20 66 1
131 : 853 231 23 57 0
132 : 332 991 45 29 1
133 : 251 405 51 25 1
134 : 190 387 25 52 0
135 : 570 149 20 63 0
136 : 774 87 69 19 0
137 : 332 1082 44 29 1
138 : 332 945 28 46 0
139 : 853 288 23 56 0
140 : 332 1217 28 45 0
141 : 697 420 26 50 0
142 : 570 900 37 34 1
143 : 332 127 65 20 0
144 : 332 854 28 46 0
145 : 490 143 65 19 1
146 : 0 274 56 23 1
147 : 332 1036 46 27 1
148 : 853 588 28 45 0
149 : 66 406 47 27 1
150 : 570 508 38 33 1
151 : 332 1126 45 28 1
152 : 190 157 64 19 1
153 : 406 426 24 52 0
154 : 552 98 18 68 0
155 : 570 645 40 31 1
156 : 332 1171 46 27 1
157 : 774 203 20 61 0
158 : 570 1187 32 38 0
159 : 190 439 52 24 1
160 : 570 1149 38 32 1
161 : 570 1113 34 36 0
162 : 570 816 30 41 0
163 : 570 685 44 27 1
164 : 570 982 31 39 0
165 : 332 204 20 61 0
166 : 570 2532 33 36 0
167 : 332 1262 26 47 0
168 : 853 680 48 25 1
169 : 570 1676 32 37 0
170 : 352 204 62 19 1
171 : 570 776 31 40 0
172 : 332 1355 28 44 0
173 : 590 190 48 25 1
174 : 876 172 19 63 0
175 : 853 633 47 26 1
176 : 570 1478 40 30 1
177 : 332 1309 46 26 1
178 : 570 1994 36 33 1
179 : 570 1395 40 30 1
180 : 774 264 20 59 0
181 : 570 1565 34 35 0
182 : 570 1600 37 32 1
183 : 570 857 28 43 0
184 : 570 2147 33 36 0
185 : 332 1399 26 46 0
186 : 128 287 21 58 0
187 : 570 1317 29 41 0
188 : 406 528 24 49 0
189 : 570 1358 33 37 0
190 : 570 2067 32 37 0
191 : 570 2030 37 32 1
192 : 490 314 56 21 1
193 : 509 143 65 18 1
194 : 66 453 23 51 0
195 : 697 470 23 51 0
196 : 570 1955 30 39 0
197 : 406 478 50 24 1
198 : 623 452 52 23 1
199 : 570 1918 37 32 1
200 : 190 491 51 23 1
201 : 570 1435 27 43 0
202 : 570 1879 30 39 0
203 : 406 577 48 24 1
204 : 0 330 56 21 1
205 : 853 728 25 47 0
206 : 590 238 24 49 0
207 : 570 1841 38 31 1
208 : 209 216 19 61 0
209 : 570 2612 33 35 0
210 : 697 264 59 20 1
211 : 853 775 25 47 0
212 : 570 2647 31 37 0
213 : 332 1705 27 43 0
214 : 570 937 25 45 0
215 : 27 164 18 64 0
216 : 332 1445 27 43 0
217 : 332 1488 27 43 0
218 : 570 2684 36 32 1
219 : 570 1713 30 39 0
220 : 209 277 60 19 1
221 : 406 625 24 48 0
222 : 332 1531 27 43 0
223 : 190 221 61 19 1
224 : 190 282 60 19 1
225 : 570 2720 29 39 0
226 : 570 1637 30 39 0
227 : 853 822 24 47 0
228 : 332 1574 26 44 0
229 : 332 1618 26 44 0
230 : 876 235 60 19 1
231 : 697 521 50 23 1
232 : 128 402 56 20 1
233 : 332 1662 43 27 1
234 : 570 2759 29 39 0
235 : 128 345 57 20 1
236 : 66 178 65 17 1
237 : 853 497 21 53 0
238 : 697 571 51 22 1
239 : 552 166 18 64 0
240 : 570 729 47 24 1
241 : 190 542 51 22 1
242 : 794 203 63 18 1
243 : 438 234 30 37 0
244 : 570 1021 24 46 0
245 : 570 2489 26 43 0
246 : 434 556 31 36 0
247 : 853 869 48 23 1
248 : 570 1067 46 24 1
249 : 352 266 19 60 0
250 : 437 308 31 36 0
251 : 434 1078 31 36 0
252 : 570 2798 28 40 0
253 : 570 1271 46 24 1
254 : 853 344 58 19 1
255 : 570 2401 26 43 0
256 : 570 2359 27 42 0
257 : 794 266 18 61 0
258 : 570 2838 40 28 1
259 : 434 390 30 37 0
260 : 570 2878 28 40 0
261 : 570 1225 46 24 1
262 : 774 464 54 21 1
263 : 570 2316 26 43 0
264 : 434 1352 33 34 0
265 : 434 1276 35 32 1
266 : 434 1114 36 31 1
267 : 570 2272 25 44 0
268 : 434 472 30 37 0
269 : 570 2918 27 41 0
270 : 853 964 23 47 0
271 : 83 178 64 17 1
272 : 570 2104 26 43 0
273 : 570 212 17 63 0
274 : 570 2959 27 41 0
275 : 570 1752 44 25 1
276 : 352 326 58 19 1
277 : 795 464 33 33 0
278 : 570 2183 44 25 1
279 : 570 546 49 22 1
280 : 434 637 29 38 0
281 : 697 622 50 22 1
282 : 190 593 51 21 1
283 : 438 271 30 37 0
284 : 434 998 31 36 0
285 : 434 961 30 37 0
286 : 332 265 18 61 0
287 : 570 2444 24 45 0
288 : 570 3000 25 43 0
289 : 434 755 40 27 1
290 : 570 3043 26 42 0
291 : 251 456 20 55 0
292 : 434 715 40 27 1
293 : 434 1574 30 36 0
294 : 434 1503 34 32 1
295 : 434 1537 29 37 0
296 : 434 838 39 28 1
297 : 406 673 48 23 1
298 : 774 871 32 33 0
299 : 434 675 40 27 1
300 : 570 1796 24 45 0
301 : 570 3085 24 44 0
302 : 853 917 23 47 0
303 : 434 2013 29 37 0
304 : 251 511 20 53 0
305 : 794 581 27 39 0
306 : 128 458 19 56 0
307 : 570 2227 45 24 1
308 : 434 1425 37 29 1
309 : 931 294 18 60 0
310 : 434 1891 30 36 0
311 : 434 1770 37 29 1
312 : 570 3129 24 44 0
313 : 434 2050 27 39 0
314 : 434 1192 26 41 0
315 : 332 1748 23 46 0
316 : 332 1840 46 23 1
317 : 853 1011 48 22 1
318 : 717 264 61 17 1
319 : 570 275 61 17 1
320 : 332 1976 23 45 0
321 : 434 920 26 41 0
322 : 570 1518 23 47 0
323 : 697 672 50 21 1
324 : 434 2212 39 27 1
325 : 570 595 50 21 1
326 : 251 564 52 20 1
327 : 774 571 52 20 1
328 : 957 185 17 63 0
329 : 434 1610 37 29 1
330 : 332 326 17 60 0
331 : 490 370 17 60 0
332 : 434 1647 27 39 0
333 : 931 354 18 59 0
334 : 332 1794 23 46 0
335 : 774 1135 32 33 0
336 : 570 3173 24 44 0
337 : 332 1886 23 45 0
338 : 434 1311 26 41 0
339 : 434 2637 30 35 0
340 : 406 721 50 21 1
341 : 774 1371 34 31 1
342 : 251 616 52 20 1
343 : 434 2443 36 29 1
344 : 434 1807 41 25 1
345 : 434 1386 27 39 0
346 : 332 1931 23 45 0
347 : 434 2984 26 39 0
348 : 774 1015 30 35 0
349 : 774 980 35 30 1
350 : 434 877 24 43 0
351 : 774 1168 37 28 1
352 : 853 402 18 58 0
353 : 434 2089 26 40 0
354 : 774 1405 27 38 0
355 : 434 1233 24 43 0
356 : 774 1485 32 33 0
357 : 570 2568 24 44 0
358 : 66 504 19 55 0
359 : 774 904 37 28 1
360 : 0 386 18 59 0
361 : 774 518 53 20 1
362 : 434 2558 28 37 0
363 : 434 2906 28 37 0
364 : 853 1106 22 47 0
365 : 434 2672 27 38 0
366 : 795 497 40 26 1
367 : 590 287 19 54 0
368 : 570 336 60 17 1
369 : 434 2867 26 39 0
370 : 434 3405 28 36 0
371 : 434 1150 42 25 1
372 : 697 770 21 48 0
373 : 434 2292 28 37 0
374 : 434 2407 29 36 0
375 : 434 795 43 24 1
376 : 434 2479 37 28 1
377 : 623 504 55 19 1
378 : 853 1153 22 46 0
379 : 434 3514 28 36 0
380 : 623 559 52 19 1
381 : 434 2750 26 39 0
382 : 774 1598 31 33 0
383 : 774 941 26 39 0
384 : 434 2789 37 28 1
385 : 83 242 63 16 1
386 : 853 1059 47 22 1
387 : 190 644 52 20 1
388 : 876 295 17 61 0
389 : 434 2129 24 42 0
390 : 434 2171 25 41 0
391 : 514 259 33 31 1
392 : 514 292 32 32 0
393 : 0 445 18 55 0
394 : 507 370 35 29 1
395 : 66 559 53 19 1
396 : 434 2251 25 41 0
397 : 27 228 63 16 1
398 : 490 589 32 32 0
399 : 876 356 17 60 0
400 : 490 653 37 27 1
401 : 434 3368 27 37 0
402 : 490 1541 30 33 0
403 : 570 3217 43 24 1
404 : 507 487 34 30 1
405 : 434 1462 25 41 0
406 : 774 623 52 20 1
407 : 507 521 33 31 1
408 : 490 1426 33 30 1
409 : 251 668 50 20 1
410 : 434 2329 25 40 0
411 : 507 554 33 31 1
412 : 434 2369 38 27 1
413 : 774 675 20 50 0
414 : 434 592 45 22 1
415 : 490 621 32 32 0
416 : 774 1518 26 39 0
417 : 434 1927 42 24 1
418 : 552 230 63 16 1
419 : 697 722 48 21 1
420 : 83 305 16 61 0
421 : 490 690 38 26 1
422 : 434 1686 25 41 0
423 : 434 3441 28 36 0
424 : 774 1205 26 39 0
425 : 128 514 19 53 0
426 : 66 243 63 16 1
427 : 434 1034 23 44 0
428 : 697 865 21 47 0
429 : 434 3137 37 27 1
430 : 434 3477 37 27 1
431 : 490 1392 29 34 0
432 : 434 3550 28 36 0
433 : 434 2710 25 40 0
434 : 490 728 30 34 0
435 : 490 762 36 28 1
436 : 434 1727 23 43 0
437 : 434 3773 36 27 1
438 : 406 771 21 47 0
439 : 570 3260 24 42 0
440 : 552 293 16 61 0
441 : 434 3023 25 39 0
442 : 27 291 61 16 1
443 : 434 3062 38 26 1
444 : 332 2021 23 44 0
445 : 490 1319 30 33 0
446 : 957 248 63 16 1
447 : 957 311 60 16 1
448 : 490 1246 30 33 0
449 : 437 344 46 21 1
450 : 406 818 21 47 0
451 : 434 427 22 45 0
452 : 434 3100 27 37 0
453 : 434 2516 23 42 0
454 : 0 554 18 54 0
455 : 251 718 49 20 1
456 : 251 767 20 48 0
457 : 697 818 21 47 0
458 : 434 3700 28 35 0
459 : 434 2943 24 41 0
460 : 434 2826 41 24 1
461 : 434 1848 43 23 1
462 : 406 865 21 47 0
463 : 774 1631 27 37 0
464 : 623 611 19 51 0
465 : 128 567 19 52 0
466 : 774 1668 24 40 0
467 : 490 1092 28 35 0
468 : 490 2256 32 30 1
469 : 490 1059 30 33 0
470 : 774 1286 23 42 0
471 : 66 612 19 51 0
472 : 774 1557 41 24 1
473 : 490 944 27 36 0
474 : 490 909 28 35 0
475 : 434 3174 25 39 0
476 : 774 1050 41 24 1
477 : 434 3213 25 39 0
478 : 590 341 56 17 1
479 : 774 1244 23 42 0
480 : 590 397 17 55 0
481 : 490 876 30 33 0
482 : 590 452 17 55 0
483 : 552 354 16 59 0
484 : 774 1443 23 42 0
485 : 0 500 54 18 1
486 : 434 3252 26 38 0
487 : 128 619 51 19 1
488 : 795 537 44 22 1
489 : 66 306 61 16 1
490 : 853 1199 44 22 1
491 : 434 4209 28 34 0
492 : 332 2065 23 42 0
493 : 434 3290 25 39 0
494 : 490 1649 37 26 1
495 : 490 1761 31 31 0
496 : 27 352 16 60 0
497 : 507 446 23 41 0
498 : 251 815 48 20 1
499 : 490 1614 28 35 0
500 : 490 1902 30 32 0
501 : 774 1708 40 24 1
502 : 0 608 52 18 1
503 : 490 430 57 17 1
504 : 434 3329 25 39 0
505 : 434 2595 23 42 0
506 : 853 1287 21 45 0
507 : 774 774 49 19 1
508 : 490 2634 31 30 1
509 : 853 1243 22 44 0
510 : 774 1748 23 41 0
511 : 434 3735 38 25 1
512 : 434 3586 25 38 0
513 : 570 396 57 17 1
514 : 490 2067 26 36 0
515 : 490 2763 28 33 0
516 : 774 1789 23 41 0
517 : 128 670 50 19 1
518 : 434 4277 27 35 0
519 : 434 4349 27 35 0
520 : 490 798 24 39 0
521 : 490 1829 28 34 0
522 : 931 413 17 57 0
523 : 251 910 20 47 0
524 : 434 3957 26 36 0
525 : 434 4135 37 25 1
526 : 434 1969 22 44 0
527 : 774 1830 41 23 1
528 : 490 980 39 24 1
529 : 570 453 17 55 0
530 : 434 3662 25 38 0
531 : 190 696 50 19 1
532 : 0 712 18 51 0
533 : 490 1934 29 33 0
534 : 490 3033 31 30 1
535 : 490 1967 29 33 0
536 : 490 2036 31 31 0
537 : 128 720 50 19 1
538 : 774 725 49 19 1
539 : 490 2731 32 29 1
540 : 490 837 24 39 0
541 : 774 1328 22 43 0
542 : 853 1332 45 21 1
543 : 434 4243 34 28 1
544 : 251 957 47 20 1
545 : 774 1871 22 42 0
546 : 774 1913 22 42 0
547 : 434 3624 25 38 0
548 : 931 470 17 55 0
549 : 697 959 20 46 0
550 : 490 1166 39 24 1
551 : 774 1955 22 42 0
552 : 406 959 20 46 0
553 : 0 660 52 18 1
554 : 490 2363 30 31 0
555 : 490 2495 34 27 1
556 : 434 3993 34 28 1
557 : 434 4027 37 25 1
558 : 434 4101 28 34 0
559 : 190 795 48 19 1
560 : 507 405 23 41 0
561 : 490 2665 29 32 0
562 : 434 4172 37 25 1
563 : 697 912 47 20 1
564 : 774 1091 21 44 0
565 : 957 371 57 16 1
566 : 490 3000 28 33 0
567 : 570 3302 39 24 1
568 : 570 3341 40 23 1
569 : 490 2833 28 33 0
570 : 490 2903 29 32 0
571 : 251 863 47 20 1
572 : 434 3848 25 37 0
573 : 434 3885 35 27 1
574 : 490 1574 23 40 0
575 : 434 3809 24 39 0
576 : 608 30 15 60 0
577 : 490 2000 26 36 0
578 : 490 3095 26 35 0
579 : 490 2394 27 34 0
580 : 490 2460 26 35 0
581 : 623 662 52 18 1
582 : 608 90 60 15 1
583 : 490 2103 38 24 1
584 : 490 2141 38 24 1
585 : 490 2179 38 24 1
586 : 490 2428 29 32 0
587 : 251 1004 45 20 1
588 : 623 714 18 51 0
589 : 332 2107 22 43 0
590 : 113 48 60 15 1
591 : 190 746 49 19 1
592 : 0 763 18 50 0
593 : 490 3064 31 30 1
594 : 490 2288 25 37 0
595 : 490 2325 38 24 1
596 : 332 2150 43 22 1
597 : 490 1019 40 23 1
598 : 434 509 20 47 0
599 : 66 715 51 18 1
600 : 434 4312 37 25 1
601 : 490 1127 39 24 1
602 : 434 4384 26 36 0
603 : 490 1686 25 37 0
604 : 490 1723 24 38 0
605 : 434 4420 33 27 1
606 : 490 2968 29 32 0
607 : 406 912 20 47 0
608 : 490 1792 25 37 0
609 : 490 1205 22 41 0
610 : 490 3130 31 30 1
611 : 490 2599 35 26 1
612 : 490 1863 23 39 0
613 : 774 823 19 48 0
614 : 853 1377 21 44 0
615 : 128 770 49 19 1
616 : 490 1279 23 40 0
617 : 113 108 15 59 0
618 : 490 2697 27 34 0
619 : 490 1352 23 40 0
620 : 490 2529 26 35 0
621 : 514 324 21 43 0
622 : 128 819 19 48 0
623 : 490 3271 31 29 1
624 : 490 3337 31 29 1
625 : 490 2564 26 35 0
626 : 853 1421 43 21 1
627 : 66 663 52 18 1
628 : 434 3920 25 37 0
629 : 490 2796 37 24 1
630 : 490 1459 41 22 1
631 : 490 2935 33 28 1
632 : 434 4453 28 32 0
633 : 794 620 20 46 0
634 : 490 1500 41 22 1
635 : 406 1005 44 20 1
636 : 434 4064 25 37 0
637 : 794 666 19 47 0
638 : 434 4521 27 33 0
639 : 853 1548 41 21 1
640 : 490 2866 37 24 1
641 : 794 713 47 19 1
642 : 490 2217 39 23 1
643 : 434 4652 27 32 0
644 : 490 3368 35 25 1
645 : 434 4554 26 34 0
646 : 853 1464 42 21 1
647 : 434 4588 27 32 0
648 : 434 4485 36 24 1
649 : 434 4716 27 32 0
650 : 434 4620 32 27 1
651 : 774 2075 22 39 0
652 : 697 1005 20 43 0
653 : 490 3700 30 28 1
654 : 490 3539 32 27 1
655 : 490 539 50 17 1
656 : 853 1589 21 41 0
657 : 853 1506 42 21 1
658 : 27 412 52 16 1
659 : 490 487 17 52 0
660 : 490 3302 35 25 1
661 : 190 843 19 45 0
662 : 490 3509 29 30 0
663 : 774 2036 22 39 0
664 : 434 4780 33 26 1
665 : 434 4748 27 32 0
666 : 434 4684 32 27 1
667 : 490 3671 29 29 0
668 : 853 1630 21 40 0
669 : 490 3161 36 24 1
670 : 490 3403 35 24 1
671 : 490 3197 23 37 0
672 : 774 1997 22 39 0
673 : 931 525 17 50 0
674 : 490 3234 23 37 0
675 : 490 3571 26 32 0
676 : 853 1670 40 21 1
677 : 570 3381 36 23 1
678 : 570 3417 23 36 0
679 : 552 413 16 52 0
680 : 490 3438 35 24 1
681 : 490 3603 24 34 0
682 : 623 765 18 46 0
683 : 113 167 57 15 1
684 : 570 3489 35 23 1
685 : 379 169 57 15 1
686 : 853 1710 40 21 1
687 : 490 3637 24 34 0
688 : 434 4813 28 30 0
689 : 570 3524 23 35 0
690 : 957 428 52 16 1
691 : 113 224 56 15 1
692 : 66 766 46 18 1
693 : 434 4909 30 28 1
694 : 490 3730 28 29 0
695 : 931 575 17 48 0
696 : 379 282 15 55 0
697 : 27 464 52 16 1
698 : 812 203 57 14 1
699 : 812 260 56 14 1
700 : 379 226 15 56 0
701 : 570 3453 23 36 0
702 : 113 280 56 15 1
703 : 552 465 16 50 0
704 : 434 4843 25 33 0
705 : 774 2114 37 22 1
706 : 490 3473 36 23 1
707 : 434 4876 33 25 1
708 : 490 3759 31 26 1
709 : 570 3559 35 23 1
710 : 774 2151 36 22 1
711 : 570 3594 23 35 0
712 : 490 3790 24 33 0
713 : 379 337 52 15 1
714 : 434 5000 26 30 0
715 : 570 3629 35 23 1
716 : 151 286 56 14 1
717 : 434 4939 30 27 1
718 : 697 1048 20 40 0
719 : 490 3823 33 24 1
720 : 623 811 44 18 1
721 : 434 4969 31 26 1
722 : 190 888 42 19 1
723 : 280 304 56 14 1
724 : 774 2187 36 22 1
725 : 251 1049 20 39 0
726 : 434 5030 31 25 1
727 : 151 230 14 56 0
728 : 332 2193 22 35 0
729 : 853 1750 21 36 0
730 : 434 5061 27 29 0
731 : 113 336 53 15 1
732 : 774 2223 35 22 1
733 : 128 867 42 19 1
734 : 434 5297 27 28 0
735 : 332 2228 34 22 1
736 : 434 5090 31 25 1
737 : 853 1786 21 36 0
738 : 434 5121 31 25 1
739 : 957 480 16 48 0
740 : 931 623 17 45 0
741 : 434 5152 28 27 1
742 : 434 5180 29 26 1
743 : 434 5209 30 25 1
744 : 434 5239 25 30 0
745 : 570 3664 33 23 1
746 : 251 1088 37 20 1
747 : 434 5269 27 28 0
748 : 774 2258 22 34 0
749 : 332 2296 21 35 0
750 : 332 2262 34 22 1
751 : 434 5325 25 30 0
752 : 570 3697 33 23 1
753 : 434 5355 27 28 0
754 : 774 2292 34 22 1
755 : 406 1086 37 20 1
756 : 570 3794 23 32 0
757 : 522 587 16 46 0
758 : 434 5628 27 27 0
759 : 434 5383 23 32 0
760 : 406 1049 20 37 0
761 : 552 515 16 47 0
762 : 570 3826 22 33 0
763 : 128 909 40 19 1
764 : 27 516 48 15 1
765 : 570 3762 32 23 1
766 : 570 3730 32 23 1
767 : 151 342 52 14 1
768 : 434 5446 22 33 0
769 : 280 360 14 52 0
770 : 113 389 14 51 0
771 : 697 1088 36 20 1
772 : 931 668 44 17 1
773 : 66 853 42 17 1
774 : 957 528 48 15 1
775 : 434 5540 29 25 1
776 : 570 3927 34 21 1
777 : 66 812 18 41 0
778 : 0 813 18 41 0
779 : 434 5415 24 31 0
780 : 812 316 53 14 1
781 : 490 3920 33 22 1
782 : 190 930 40 18 1
783 : 434 5569 27 27 0
784 : 128 949 38 19 1
785 : 490 3888 32 23 1
786 : 570 3961 34 21 1
787 : 812 369 52 14 1
788 : 570 3893 21 34 0
789 : 434 5479 22 33 0
790 : 490 3953 21 34 0
791 : 490 3856 32 23 1
792 : 434 5596 22 32 0
793 : 434 5715 30 24 1
794 : 623 855 17 41 0
795 : 379 389 14 50 0
796 : 774 2326 35 21 1
797 : 434 5655 25 29 0
798 : 522 633 46 15 1
799 : 853 1822 20 36 0
800 : 434 5512 28 26 1
801 : 570 3859 34 21 1
802 : 853 1858 19 37 0
803 : 251 1125 18 38 0
804 : 190 970 18 39 0
805 : 434 5893 23 30 0
806 : 552 562 15 48 0
807 : 66 895 17 41 0
808 : 434 5954 31 22 1
809 : 151 394 50 14 1
810 : 332 2366 34 20 1
811 : 0 854 17 42 0
812 : 527 143 52 13 1
813 : 434 5684 31 23 1
814 : 0 896 41 17 1
815 : 774 2361 20 35 0
816 : 490 4019 21 32 0
817 : 853 1895 37 19 1
818 : 128 987 40 17 1
819 : 280 412 14 50 0
820 : 434 5985 31 22 1
821 : 931 712 16 44 0
822 : 931 799 16 43 0
823 : 931 756 16 43 0
824 : 434 6044 24 28 0
825 : 434 5745 26 27 0
826 : 434 5772 29 24 1
827 : 434 6158 28 24 1
828 : 434 6300 26 26 0
829 : 332 2331 20 35 0
830 : 434 6016 24 28 0
831 : 527 195 13 52 0
832 : 379 439 13 51 0
833 : 406 1161 18 37 0
834 : 434 5801 22 31 0
835 : 931 842 16 42 0
836 : 853 1932 19 36 0
837 : 522 767 15 44 0
838 : 490 3987 32 21 1
839 : 434 5832 31 22 1
840 : 853 2074 19 35 0
841 : 434 5863 30 23 1
842 : 957 624 47 14 1
843 : 434 6214 23 29 0
844 : 434 6326 27 25 1
845 : 434 5923 31 22 1
846 : 697 1162 18 37 0
847 : 27 564 48 14 1
848 : 0 937 41 16 1
849 : 434 6272 28 24 1
850 : 697 1124 18 38 0
851 : 190 1009 17 39 0
852 : 434 6383 27 25 1
853 : 853 1968 36 19 1
854 : 434 6438 28 24 1
855 : 27 612 14 47 0
856 : 570 3995 21 32 0
857 : 280 462 50 13 1
858 : 406 1123 38 18 1
859 : 434 6466 28 24 1
860 : 434 6186 28 24 1
861 : 957 576 14 48 0
862 : 931 884 16 42 0
863 : 552 610 14 48 0
864 : 522 811 15 43 0
865 : 434 6410 24 28 0
866 : 490 4082 31 21 1
867 : 490 4051 31 21 1
868 : 552 658 14 46 0
869 : 434 6576 25 26 0
870 : 774 2396 33 20 1
871 : 434 6494 24 27 0
872 : 434 6521 26 25 1
873 : 434 6099 29 23 1
874 : 406 1198 36 18 1
875 : 853 2143 34 19 1
876 : 623 896 42 16 1
877 : 434 6659 28 23 1
878 : 434 6243 23 29 0
879 : 332 2400 20 33 0
880 : 434 6072 27 25 1
881 : 434 6742 27 24 1
882 : 570 4058 31 21 1
883 : 853 2177 34 19 1
884 : 774 2429 20 33 0
885 : 434 6769 27 24 1
886 : 853 2004 35 19 1
887 : 434 6353 30 22 1
888 : 522 723 15 44 0
889 : 434 6128 22 30 0
890 : 332 2433 33 20 1
891 : 853 2039 35 19 1
892 : 623 938 15 42 0
893 : 434 6796 26 25 1
894 : 570 4149 21 30 0
895 : 434 6822 25 26 0
896 : 434 6848 27 24 1
897 : 434 6875 28 23 1
898 : 0 978 16 39 0
899 : 113 440 13 51 0
900 : 151 444 13 51 0
901 : 490 4113 30 21 1
902 : 522 854 43 15 1
903 : 27 659 14 45 0
904 : 570 4027 31 21 1
905 : 522 679 44 15 1
906 : 251 1199 18 35 0
907 : 434 6903 27 23 1
908 : 697 1199 18 35 0
909 : 434 6930 24 26 0
910 : 434 6956 24 26 0
911 : 434 6602 22 29 0
912 : 434 6631 23 28 0
913 : 251 1163 36 18 1
914 : 251 1234 35 18 1
915 : 774 2462 32 20 1
916 : 570 4089 21 30 0
917 : 434 6547 29 22 1
918 : 434 6982 28 22 1
919 : 434 6687 25 26 0
920 : 853 2244 33 19 1
921 : 434 6713 29 22 1
922 : 434 7010 24 26 0
923 : 853 2277 19 33 0
924 : 434 7036 28 22 1
925 : 853 2109 34 19 1
926 : 332 2498 31 20 1
927 : 434 7250 23 27 0
928 : 406 1234 35 18 1
929 : 434 7224 26 24 1
930 : 434 7173 24 26 0
931 : 128 1027 17 38 0
932 : 434 7147 24 26 0
933 : 522 939 15 42 0
934 : 190 1048 37 17 1
935 : 434 7277 27 23 1
936 : 66 936 15 42 0
937 : 0 1017 16 39 0
938 : 128 1065 37 17 1
939 : 434 7092 23 27 0
940 : 0 1056 38 16 1
941 : 931 968 42 15 1
942 : 434 7119 28 22 1
943 : 113 491 13 47 0
944 : 774 2494 20 32 0
945 : 434 7199 25 25 0
946 : 251 1269 34 18 1
947 : 853 2310 32 19 1
948 : 522 897 15 42 0
949 : 570 4119 30 21 1
950 : 931 926 15 42 0
951 : 853 2342 32 19 1
952 : 190 1085 38 16 1
953 : 490 4143 30 21 1
954 : 379 490 48 13 1
955 : 128 1102 37 17 1
956 : 434 7064 28 22 1
957 : 332 2466 32 20 1
958 : 128 1176 36 17 1
959 : 128 1139 37 17 1
960 : 853 2211 19 33 0
961 : 774 2526 20 30 0
962 : 490 4173 29 21 1
963 : 434 7381 25 24 1
964 : 434 7406 23 26 0
965 : 406 1336 18 33 0
966 : 128 1212 36 17 1
967 : 490 4202 21 28 0
968 : 434 7304 26 23 1
969 : 434 7330 25 24 1
970 : 190 1123 37 16 1
971 : 697 1234 36 17 1
972 : 774 2556 20 30 0
973 : 251 1303 18 34 0
974 : 434 7355 23 26 0
975 : 570 4236 21 28 0
976 : 406 1269 34 18 1
977 : 0 1094 38 16 1
978 : 128 1248 17 36 0
979 : 570 4179 29 21 1
980 : 434 7432 26 23 1
981 : 697 1270 17 34 0
982 : 490 4230 28 21 1
983 : 406 1303 33 18 1
984 : 570 4208 28 21 1
985 : 128 1284 17 34 0
986 : 332 2529 30 20 1
987 : 774 2586 29 20 1
988 : 490 4258 21 28 0
989 : 853 2405 30 19 1
990 : 434 7485 24 24 0
991 : 697 1304 34 17 1
992 : 332 2559 20 29 0
993 : 853 2374 31 19 1
994 : 434 7509 24 24 0
995 : 570 4264 21 28 0
996 : 853 2435 30 19 1
997 : 332 2588 28 20 1
998 : 434 7458 22 27 0
999 : 151 495 13 44 0
