200 248
0 : 123 240 8 47 1
1 : 53 141 143 26 0
2 : 86 212 16 107 1
3 : 0 90 33 95 1
4 : 194 198 5 21 0
5 : 0 50 54 40 0
6 : 0 211 84 15 0
7 : 0 150 32 25 0
8 : 77 0 52 45 0
9 : 84 228 13 39 1
10 : 0 191 86 20 0
11 : 0 0 50 77 1
12 : 95 110 77 31 0
13 : 32 167 24 74 1
14 : 67 226 11 12 1
15 : 106 190 22 65 1
16 : 0 123 27 53 1
17 : 21 226 14 46 1
18 : 158 228 17 9 0
19 : 0 226 15 21 1
20 : 194 167 31 6 1
21 : 21 240 8 38 1
22 : 106 167 23 77 1
23 : 123 228 12 35 1
24 : 193 219 5 12 0
25 : 171 190 20 23 1
26 : 129 0 73 40 1
27 : 77 45 40 39 0
28 : 117 73 64 37 0
