123 372
0 : 0 256 54 15 0
1 : 45 323 39 15 0
2 : 0 271 51 17 0
3 : 0 80 90 21 0
4 : 97 48 84 25 1
5 : 95 291 43 17 1
6 : 0 48 97 17 0
7 : 0 288 49 15 0
8 : 46 306 45 17 0
9 : 0 21 120 27 0
10 : 0 224 64 17 0
11 : 89 132 67 25 1
12 : 26 353 25 15 0
13 : 72 153 65 15 1
14 : 102 349 23 15 1
15 : 104 199 59 17 1
16 : 64 274 50 17 0
17 : 37 338 33 15 0
18 : 65 218 56 21 1
19 : 0 65 92 15 0
20 : 0 178 67 15 0
21 : 49 291 46 15 0
22 : 87 199 63 17 1
23 : 0 153 72 25 0
24 : 0 122 80 31 0
25 : 84 334 38 15 0
26 : 70 349 32 15 0
27 : 0 241 64 15 0
28 : 0 335 37 17 0
29 : 0 193 65 31 0
30 : 0 352 26 15 0
31 : 0 101 89 21 0
32 : 0 318 45 17 0
33 : 0 0 123 21 0
34 : 0 303 46 15 0
