3000 13035
0 : 0 0 365 185 0
1 : 365 0 378 200 0
2 : 743 0 410 165 0
3 : 1153 0 425 148 0
4 : 1578 0 425 296 0
5 : 2003 0 439 116 0
6 : 2442 0 464 1006 0
7 : 2003 116 520 205 1
8 : 1153 148 520 350 1
9 : 365 200 540 530 1
10 : 365 740 549 1413 0
11 : 365 2153 549 1882 0
12 : 365 4035 553 496 1
13 : 365 4588 555 755 0
14 : 365 5343 555 496 0
15 : 365 5839 555 659 0
16 : 365 6498 567 473 1
17 : 1153 668 572 592 0
18 : 1153 1260 572 975 0
19 : 1153 2235 572 1175 0
20 : 1153 3410 572 1575 0
21 : 1153 4985 572 1390 0
22 : 1153 6375 572 1490 0
23 : 1153 7865 572 1590 0
24 : 1153 9455 572 1690 0
25 : 1153 11145 572 1890 0
26 : 1725 636 610 625 0
27 : 1725 1261 660 490 1
28 : 2442 1006 690 447 1
29 : 2442 1696 949 445 1
30 : 1725 1921 949 478 1
31 : 1725 2870 970 463 1
