1000 9710
0 : 0 6873 340 857 1
1 : 726 9052 104 178 1
2 : 0 6484 943 389 0
3 : 738 7404 189 491 0
4 : 776 8045 146 162 1
5 : 0 9653 33 963 1
6 : 689 8339 497 135 1
7 : 0 4366 652 992 1
8 : 0 8762 121 598 1
9 : 253 9604 42 727 1
10 : 0 8485 142 505 1
11 : 0 9686 24 83 1
12 : 0 8045 150 776 1
13 : 0 9555 49 921 1
14 : 0 5534 493 677 1
15 : 0 9344 85 886 1
16 : 146 9156 421 99 0
17 : 0 980 970 933 0
18 : 0 7213 252 738 1
19 : 0 7465 561 246 0
20 : 0 2826 882 779 0
21 : 988 6192 298 2 1
22 : 0 7711 452 169 0
23 : 0 9604 253 49 0
24 : 567 9156 338 87 0
25 : 886 9344 81 148 0
26 : 0 9496 59 375 1
27 : 0 6027 457 647 1
28 : 980 5889 12 189 0
29 : 980 6192 8 169 0
30 : 738 7213 191 233 1
31 : 0 9259 85 947 1
32 : 0 8627 629 135 0
33 : 0 8945 965 107 0
34 : 598 8836 359 109 0
35 : 0 9429 840 67 0
36 : 0 8343 538 142 0
37 : 0 9052 104 726 1
38 : 980 5018 15 871 0
39 : 689 8195 144 230 1
40 : 980 6078 10 114 0
41 : 0 3605 761 761 0
42 : 0 0 984 980 0
43 : 824 8339 408 117 1
44 : 990 6078 9 189 0
45 : 0 1913 931 913 0
46 : 0 5018 516 536 1
47 : 0 7895 150 906 1
48 : 0 8195 689 148 0
49 : 0 9156 103 146 1
