100 27
0 : 88 15 5 4 1
1 : 83 0 3 13 1
2 : 0 0 49 3 0
3 : 41 15 3 5 0
4 : 19 15 5 5 0
5 : 54 19 3 5 1
6 : 24 15 5 5 0
7 : 21 23 3 3 0
8 : 96 0 4 10 0
9 : 75 22 3 4 1
10 : 83 3 4 11 1
11 : 96 10 3 7 0
12 : 83 7 9 8 0
13 : 49 12 7 33 1
14 : 14 15 5 5 0
15 : 69 19 5 3 0
16 : 10 18 4 5 0
17 : 49 19 5 4 0
18 : 74 19 5 3 0
19 : 96 17 3 5 0
20 : 33 3 12 5 0
21 : 33 24 3 3 0
22 : 10 23 3 4 1
23 : 83 23 3 3 0
24 : 59 19 3 5 1
25 : 33 21 5 3 0
26 : 5 22 3 5 1
27 : 7 15 3 7 1
28 : 0 18 5 5 0
29 : 29 20 5 3 1
30 : 83 20 5 3 0
31 : 33 13 3 7 1
32 : 19 20 5 3 0
33 : 96 22 3 3 0
34 : 63 22 3 4 1
35 : 45 16 5 4 1
36 : 45 21 4 4 0
37 : 67 22 3 4 1
38 : 18 23 3 3 0
39 : 45 3 4 8 0
40 : 5 18 5 4 0
41 : 79 19 5 3 1
42 : 59 22 4 3 0
43 : 0 3 12 33 1
44 : 41 20 3 5 0
45 : 24 23 3 3 0
46 : 88 20 4 4 0
47 : 14 20 3 5 1
48 : 33 16 5 5 0
49 : 45 11 5 4 1
50 : 0 15 7 3 0
51 : 24 20 5 3 0
52 : 29 15 5 4 1
53 : 64 19 5 3 0
54 : 71 22 3 4 1
55 : 14 23 3 4 1
56 : 54 22 3 5 1
57 : 49 23 3 3 0
58 : 0 23 3 4 1
59 : 41 8 7 3 1
60 : 33 8 5 8 1
61 : 49 0 34 12 0
62 : 83 15 5 5 0
