123 435
0 : 46 279 54 15 1
1 : 46 333 39 15 1
2 : 0 273 51 17 1
3 : 77 58 90 21 1
4 : 21 58 84 25 1
5 : 0 369 43 17 1
6 : 101 27 97 17 1
7 : 101 281 49 15 1
8 : 0 324 45 17 1
9 : 0 0 120 27 0
10 : 0 150 64 17 1
11 : 21 214 67 25 1
12 : 101 409 25 15 1
13 : 101 216 65 15 1
14 : 46 410 23 15 1
15 : 0 214 59 17 1
16 : 21 281 50 17 1
17 : 101 376 33 15 1
18 : 77 148 56 21 1
19 : 101 124 92 15 1
20 : 46 212 67 15 1
21 : 77 331 46 15 1
22 : 77 204 63 17 1
23 : 21 142 72 25 1
24 : 21 27 80 31 0
25 : 46 372 38 15 1
26 : 77 377 32 15 1
27 : 77 267 64 15 1
28 : 21 376 37 17 1
29 : 46 58 65 31 1
30 : 77 409 26 15 1
31 : 46 123 89 21 1
32 : 21 331 45 17 1
33 : 0 27 123 21 1
34 : 101 330 46 15 1
