1000 6486
0 : 0 0 66 61 0
1 : 66 0 62 48 0
2 : 128 0 62 46 0
3 : 190 0 61 43 0
4 : 251 0 39 62 1
5 : 313 0 38 61 1
6 : 374 0 30 71 1
7 : 445 0 56 37 0
8 : 501 0 52 39 0
9 : 553 0 36 55 1
10 : 608 0 74 27 0
11 : 682 0 42 47 1
12 : 729 0 61 32 0
13 : 790 0 58 32 0
14 : 848 0 51 36 0
15 : 899 0 46 40 0
16 : 729 32 79 23 0
17 : 945 0 48 38 0
18 : 729 55 79 23 0
19 : 608 27 30 60 1
20 : 374 30 22 81 0
21 : 396 30 36 49 1
22 : 729 78 25 71 1
23 : 808 32 73 24 1
24 : 313 38 57 31 0
25 : 553 36 72 25 1
26 : 848 36 50 35 0
27 : 445 37 56 31 0
28 : 251 39 33 54 1
29 : 945 38 39 46 1
30 : 0 61 28 63 1
31 : 578 36 77 23 1
32 : 501 39 43 40 0
33 : 190 43 36 48 1
34 : 128 46 56 31 0
35 : 66 48 51 34 0
36 : 608 57 54 32 0
37 : 899 40 44 40 0
38 : 682 42 37 47 1
39 : 445 68 51 34 0
40 : 396 66 48 36 0
41 : 313 69 53 33 0
42 : 848 71 39 45 1
43 : 251 72 34 50 1
44 : 128 77 22 78 0
45 : 66 82 51 33 0
46 : 0 89 29 58 1
47 : 150 77 73 23 1
48 : 945 77 23 73 0
49 : 190 79 37 45 1
50 : 968 77 73 23 1
51 : 501 79 42 40 0
52 : 729 103 26 64 1
53 : 608 89 31 54 1
54 : 682 79 23 72 0
55 : 705 79 79 21 1
56 : 899 80 35 47 0
57 : 313 102 33 50 1
58 : 396 102 39 42 1
59 : 445 102 33 50 1
60 : 0 118 54 30 0
61 : 729 129 60 27 0
62 : 251 106 47 34 0
63 : 808 105 22 73 0
64 : 66 115 49 33 0
65 : 848 110 37 43 1
66 : 608 120 30 52 1
67 : 553 108 67 23 1
68 : 190 116 35 45 1
69 : 501 119 62 25 1
70 : 899 127 24 64 0
71 : 313 135 35 45 1
72 : 445 135 36 43 1
73 : 729 156 26 59 1
74 : 251 140 43 36 0
75 : 578 113 67 23 1
76 : 0 148 34 45 1
77 : 396 141 64 24 1
78 : 66 148 32 48 1
79 : 608 150 30 51 1
80 : 848 147 32 48 0
81 : 945 150 25 61 0
82 : 190 151 55 27 1
83 : 729 182 54 28 0
84 : 66 180 33 46 1
85 : 608 180 31 48 1
86 : 313 170 45 33 0
87 : 445 171 51 29 1
88 : 251 176 43 35 0
89 : 374 111 74 20 1
90 : 0 182 50 29 1
91 : 313 203 40 37 0
92 : 501 181 25 59 0
93 : 729 210 31 47 1
94 : 608 211 30 48 1
95 : 848 195 46 31 1
96 : 251 211 37 39 1
97 : 66 213 37 39 1
98 : 150 150 63 22 1
99 : 608 241 34 42 1
100 : 190 206 26 55 0
101 : 729 241 31 45 1
102 : 970 150 67 21 1
103 : 682 151 23 61 0
104 : 553 175 23 59 0
105 : 313 240 46 30 1
106 : 128 155 62 22 1
107 : 445 222 26 54 0
108 : 251 248 36 39 1
109 : 578 180 59 23 1
110 : 705 158 69 20 1
111 : 0 232 51 27 1
112 : 848 241 31 44 0
113 : 66 250 28 49 0
114 : 729 272 37 37 0
115 : 608 275 34 41 1
116 : 251 284 31 44 0
117 : 848 285 49 28 1
118 : 808 178 65 21 1
119 : 374 185 20 68 0
120 : 608 309 36 38 1
121 : 945 211 55 25 1
122 : 899 191 24 55 0
123 : 729 309 33 40 0
124 : 396 205 70 19 1
125 : 313 286 29 45 0
126 : 251 328 31 43 0
127 : 682 212 57 23 1
128 : 190 261 52 26 1
129 : 313 331 45 29 1
130 : 150 213 20 66 0
131 : 553 234 23 57 0
132 : 608 345 45 29 1
133 : 501 240 51 25 1
134 : 945 266 25 52 0
135 : 128 217 20 63 0
136 : 970 217 69 19 1
137 : 729 349 44 29 1
138 : 66 299 28 46 0
139 : 578 239 23 56 0
140 : 848 334 28 45 0
141 : 445 276 26 50 0
142 : 128 280 37 34 1
143 : 705 227 65 20 1
144 : 128 317 28 46 0
145 : 808 243 65 19 1
146 : 899 246 56 23 1
147 : 0 283 46 27 1
148 : 66 345 28 45 0
149 : 0 329 47 27 1
150 : 251 371 38 33 1
151 : 128 363 45 28 1
152 : 374 253 64 19 1
153 : 501 291 24 52 0
154 : 420 141 18 68 0
155 : 251 409 40 31 1
156 : 0 376 46 27 1
157 : 682 269 20 61 0
158 : 251 449 32 38 0
159 : 190 313 52 24 1
160 : 251 487 38 32 1
161 : 608 390 34 36 0
162 : 608 426 30 41 0
163 : 313 376 44 27 1
164 : 251 525 31 39 0
165 : 553 291 20 61 0
166 : 608 467 33 36 0
167 : 445 326 26 47 0
168 : 945 318 48 25 1
169 : 608 503 32 37 0
170 : 396 275 62 19 1
171 : 608 540 31 40 0
172 : 848 379 28 44 0
173 : 945 366 48 25 1
174 : 970 286 19 63 0
175 : 445 373 47 26 1
176 : 251 564 40 30 1
177 : 66 390 46 26 1
178 : 608 580 36 33 1
179 : 251 604 40 30 1
180 : 705 292 20 59 0
181 : 608 616 34 35 0
182 : 608 651 37 32 1
183 : 729 393 28 43 0
184 : 608 688 33 36 0
185 : 128 408 26 46 0
186 : 578 295 21 58 0
187 : 251 644 29 41 0
188 : 501 343 24 49 0
189 : 608 724 33 37 0
190 : 608 761 32 37 0
191 : 608 798 37 32 1
192 : 899 302 56 21 1
193 : 217 151 65 18 1
194 : 190 365 23 51 0
195 : 501 392 23 51 0
196 : 608 835 30 39 0
197 : 945 414 50 24 1
198 : 190 416 52 23 1
199 : 608 874 37 32 1
200 : 313 420 51 23 1
201 : 0 422 27 43 0
202 : 608 911 30 39 0
203 : 445 420 48 24 1
204 : 578 353 56 21 1
205 : 848 423 25 47 0
206 : 66 436 24 49 0
207 : 608 950 38 31 1
208 : 808 308 19 61 0
209 : 608 988 33 35 0
210 : 682 330 59 20 1
211 : 729 436 25 47 0
212 : 608 1023 31 37 0
213 : 0 465 27 43 0
214 : 128 454 25 45 0
215 : 420 209 18 64 0
216 : 0 508 27 43 0
217 : 0 551 27 43 0
218 : 608 1060 36 32 1
219 : 608 1096 30 39 0
220 : 374 317 60 19 1
221 : 945 464 24 48 0
222 : 0 594 27 43 0
223 : 396 337 61 19 1
224 : 970 349 60 19 1
225 : 251 685 29 39 0
226 : 608 1135 30 39 0
227 : 445 468 24 47 0
228 : 0 637 26 44 0
229 : 0 681 26 44 0
230 : 705 351 60 19 1
231 : 501 443 50 23 1
232 : 553 352 56 20 1
233 : 251 724 43 27 1
234 : 608 1174 29 39 0
235 : 899 358 57 20 1
236 : 526 119 65 17 1
237 : 578 409 21 53 0
238 : 190 468 51 22 1
239 : 217 216 18 64 0
240 : 848 470 47 24 1
241 : 313 471 51 22 1
242 : 420 273 63 18 1
243 : 608 1213 30 37 0
244 : 729 483 24 46 0
245 : 0 725 26 43 0
246 : 608 1250 31 36 0
247 : 66 485 48 23 1
248 : 128 499 46 24 1
249 : 808 369 19 60 0
250 : 608 1286 31 36 0
251 : 608 1322 31 36 0
252 : 608 1358 28 40 0
253 : 945 512 46 24 1
254 : 374 377 58 19 1
255 : 251 767 26 43 0
256 : 608 1398 27 42 0
257 : 217 280 18 61 0
258 : 608 1440 40 28 1
259 : 608 1480 30 37 0
260 : 608 1517 28 40 0
261 : 445 515 46 24 1
262 : 578 462 54 21 1
263 : 0 768 26 43 0
264 : 682 411 33 34 1
265 : 682 444 35 32 1
266 : 682 479 36 31 1
267 : 682 515 25 44 0
268 : 608 1557 30 37 0
269 : 608 1594 27 41 0
270 : 501 493 23 47 0
271 : 526 184 64 17 1
272 : 251 810 26 43 0
273 : 526 248 17 63 0
274 : 608 1635 27 41 0
275 : 682 559 44 25 1
276 : 396 398 58 19 1
277 : 682 603 33 33 0
278 : 682 636 44 25 1
279 : 848 517 49 22 1
280 : 608 1676 29 38 0
281 : 190 519 50 22 1
282 : 578 516 51 21 1
283 : 608 1714 30 37 0
284 : 682 680 31 36 0
285 : 682 716 30 37 0
286 : 420 336 18 61 0
287 : 729 529 24 45 0
288 : 682 753 25 43 0
289 : 608 1751 40 27 1
290 : 0 811 26 42 0
291 : 553 408 20 55 0
292 : 608 1791 40 27 1
293 : 682 796 30 36 0
294 : 682 832 34 32 1
295 : 682 866 29 37 0
296 : 682 903 39 28 1
297 : 66 533 48 23 1
298 : 682 942 32 33 0
299 : 682 975 40 27 1
300 : 128 545 24 45 0
301 : 945 558 24 44 0
302 : 501 540 23 47 0
303 : 682 1015 29 37 0
304 : 899 415 20 53 0
305 : 682 1052 27 39 0
306 : 970 409 19 56 0
307 : 445 561 45 24 1
308 : 682 1091 37 29 1
309 : 217 341 18 60 0
310 : 682 1128 30 36 0
311 : 682 1164 37 29 1
312 : 729 574 24 44 0
313 : 682 1201 27 39 0
314 : 0 853 26 41 0
315 : 66 581 23 46 0
316 : 501 587 46 23 1
317 : 313 522 48 22 1
318 : 526 311 61 17 1
319 : 526 372 61 17 1
320 : 128 590 23 45 0
321 : 251 853 26 41 0
322 : 945 602 23 47 0
323 : 848 566 50 21 1
324 : 682 1240 39 27 1
325 : 578 567 50 21 1
326 : 553 463 52 20 1
327 : 899 468 52 20 1
328 : 420 397 17 63 0
329 : 682 1279 37 29 1
330 : 217 401 17 60 0
331 : 808 429 17 60 0
332 : 682 1316 27 39 0
333 : 374 435 18 59 0
334 : 445 606 23 46 0
335 : 29 182 32 33 0
336 : 29 215 24 44 0
337 : 29 259 23 45 0
338 : 0 894 26 41 0
339 : 608 1831 30 35 0
340 : 29 304 50 21 1
341 : 608 1866 34 31 1
342 : 29 354 52 20 1
343 : 608 1900 36 29 1
344 : 251 894 41 25 1
345 : 682 1355 27 39 0
346 : 729 618 23 45 0
347 : 0 935 26 39 0
348 : 608 1936 30 35 0
349 : 608 1971 35 30 1
350 : 251 935 24 43 0
351 : 608 2006 37 28 1
352 : 29 406 18 58 0
353 : 0 974 26 40 0
354 : 682 1394 27 38 0
355 : 251 978 24 43 0
356 : 608 2043 32 33 0
357 : 0 1014 24 44 0
358 : 396 456 19 55 0
359 : 608 2076 37 28 1
360 : 29 464 18 59 0
361 : 553 515 53 20 1
362 : 608 2113 28 37 0
363 : 608 2150 28 37 0
364 : 190 569 22 47 0
365 : 682 1432 27 38 0
366 : 682 1470 40 26 1
367 : 970 465 19 54 0
368 : 526 433 60 17 1
369 : 682 1510 26 39 0
370 : 608 2187 28 36 0
371 : 682 1549 42 25 1
372 : 313 570 21 48 0
373 : 608 2223 28 37 0
374 : 608 2260 29 36 0
375 : 251 1021 43 24 1
376 : 608 2296 37 28 1
377 : 396 511 55 19 1
378 : 190 616 22 46 0
379 : 608 2333 28 36 0
380 : 970 519 52 19 1
381 : 608 2369 26 39 0
382 : 945 649 31 33 0
383 : 945 682 26 39 0
384 : 945 721 37 28 1
385 : 832 32 63 16 1
386 : 66 627 47 22 1
387 : 899 520 52 20 1
388 : 420 460 17 61 0
389 : 945 758 24 42 0
390 : 682 1591 25 41 0
391 : 945 800 33 31 1
392 : 945 833 32 32 0
393 : 374 494 18 55 0
394 : 945 865 35 29 1
395 : 396 566 53 19 1
396 : 945 900 25 41 0
397 : 832 95 63 16 1
398 : 945 941 32 32 0
399 : 217 461 17 60 0
400 : 945 973 37 27 1
401 : 945 1010 27 37 0
402 : 945 1047 30 33 0
403 : 0 1058 43 24 1
404 : 945 1080 34 30 1
405 : 945 1114 25 41 0
406 : 553 568 52 20 1
407 : 945 1155 33 31 1
408 : 945 1188 33 30 1
409 : 899 572 50 20 1
410 : 945 1221 25 40 0
411 : 945 1261 33 31 1
412 : 945 1294 38 27 1
413 : 848 616 20 50 0
414 : 501 633 45 22 1
415 : 945 1332 32 32 0
416 : 945 1364 26 39 0
417 : 251 1064 42 24 1
418 : 832 158 63 16 1
419 : 578 617 48 21 1
420 : 832 221 16 61 0
421 : 945 1403 38 26 1
422 : 945 1441 25 41 0
423 : 608 2408 28 36 0
424 : 608 2444 26 39 0
425 : 313 618 19 53 0
426 : 832 282 63 16 1
427 : 128 635 23 44 0
428 : 445 652 21 47 0
429 : 608 2483 37 27 1
430 : 608 2520 37 27 1
431 : 608 2557 29 34 0
432 : 608 2591 28 36 0
433 : 945 1482 25 40 0
434 : 608 2627 30 34 0
435 : 608 2661 36 28 1
436 : 729 663 23 43 0
437 : 608 2697 36 27 1
438 : 190 662 21 47 0
439 : 0 1101 24 42 0
440 : 832 345 16 61 0
441 : 945 1522 25 39 0
442 : 832 406 61 16 1
443 : 608 2733 38 26 1
444 : 128 679 23 44 0
445 : 608 2771 30 33 0
446 : 832 467 63 16 1
447 : 808 489 60 16 1
448 : 608 2804 30 33 0
449 : 578 665 46 21 1
450 : 66 674 21 47 0
451 : 501 678 22 45 0
452 : 608 2837 27 37 0
453 : 729 706 23 42 0
454 : 29 523 18 54 0
455 : 553 620 49 20 1
456 : 899 622 20 48 0
457 : 445 699 21 47 0
458 : 608 2874 28 35 0
459 : 251 1106 24 41 0
460 : 0 1143 41 24 1
461 : 128 723 43 23 1
462 : 190 709 21 47 0
463 : 608 2909 27 37 0
464 : 396 619 19 51 0
465 : 848 666 19 52 0
466 : 251 1147 24 40 0
467 : 608 2946 28 35 0
468 : 608 2981 32 30 1
469 : 608 3013 30 33 0
470 : 729 748 23 42 0
471 : 553 669 19 51 0
472 : 0 1184 41 24 1
473 : 608 3046 27 36 0
474 : 608 3082 28 35 0
475 : 945 1561 25 39 0
476 : 251 1187 41 24 1
477 : 945 1600 25 39 0
478 : 526 493 56 17 1
479 : 128 766 23 42 0
480 : 217 521 17 55 0
481 : 608 3117 30 33 0
482 : 420 521 17 55 0
483 : 832 530 16 59 0
484 : 729 790 23 42 0
485 : 374 549 54 18 1
486 : 608 3150 26 38 0
487 : 396 670 51 19 1
488 : 501 723 44 22 1
489 : 526 549 61 16 1
490 : 501 767 44 22 1
491 : 608 3188 28 34 0
492 : 128 808 23 42 0
493 : 682 1632 25 39 0
494 : 608 3222 37 26 1
495 : 608 3259 31 31 0
496 : 808 549 16 60 0
497 : 729 832 23 41 0
498 : 899 670 48 20 1
499 : 608 3290 28 35 0
500 : 608 3325 30 32 0
501 : 0 1225 40 24 1
502 : 29 577 52 18 1
503 : 217 576 57 17 1
504 : 945 1639 25 39 0
505 : 128 850 23 42 0
506 : 578 711 21 45 0
507 : 313 671 49 19 1
508 : 608 3357 31 30 1
509 : 501 811 22 44 0
510 : 729 873 23 41 0
511 : 682 1671 38 25 1
512 : 945 1678 25 38 0
513 : 420 576 57 17 1
514 : 608 3388 26 36 0
515 : 608 3424 28 33 0
516 : 128 892 23 41 0
517 : 848 718 50 19 1
518 : 608 3457 27 35 0
519 : 608 3492 27 35 0
520 : 251 1228 24 39 0
521 : 608 3527 28 34 0
522 : 374 603 17 57 0
523 : 899 718 20 47 0
524 : 608 3561 26 36 0
525 : 682 1709 37 25 1
526 : 501 855 22 44 0
527 : 729 914 41 23 1
528 : 0 1265 39 24 1
529 : 29 629 17 55 0
530 : 945 1716 25 38 0
531 : 313 720 50 19 1
532 : 553 720 18 51 0
533 : 608 3597 29 33 0
534 : 608 3630 31 30 1
535 : 608 3661 29 33 0
536 : 608 3694 31 31 0
537 : 66 721 50 19 1
538 : 396 721 49 19 1
539 : 608 3725 32 29 1
540 : 251 1267 24 39 0
541 : 501 899 22 43 0
542 : 445 746 45 21 1
543 : 608 3757 34 28 1
544 : 190 756 47 20 1
545 : 128 933 22 42 0
546 : 501 942 22 42 0
547 : 682 1746 25 38 0
548 : 217 633 17 55 0
549 : 578 756 20 46 0
550 : 0 1304 39 24 1
551 : 729 955 22 42 0
552 : 899 765 20 46 0
553 : 848 768 52 18 1
554 : 608 3791 30 31 0
555 : 608 3822 34 27 1
556 : 608 3856 34 28 1
557 : 945 1754 37 25 1
558 : 608 3890 28 34 0
559 : 313 770 48 19 1
560 : 251 1306 23 41 0
561 : 608 3924 29 32 0
562 : 682 1784 37 25 1
563 : 445 791 47 20 1
564 : 128 975 21 44 0
565 : 832 589 57 16 1
566 : 608 3956 28 33 0
567 : 0 1343 39 24 1
568 : 251 1347 40 23 1
569 : 608 3989 28 33 0
570 : 608 4022 29 32 0
571 : 578 802 47 20 1
572 : 945 1791 25 37 0
573 : 608 4054 35 27 1
574 : 0 1382 23 40 0
575 : 682 1821 24 39 0
576 : 808 609 15 60 0
577 : 608 4089 26 36 0
578 : 608 4125 26 35 0
579 : 608 4160 27 34 0
580 : 608 4194 26 35 0
581 : 396 770 52 18 1
582 : 526 610 60 15 1
583 : 945 1828 38 24 1
584 : 682 1860 38 24 1
585 : 945 1866 38 24 1
586 : 608 4229 29 32 0
587 : 190 803 45 20 1
588 : 66 771 18 51 0
589 : 501 984 22 43 0
590 : 420 633 60 15 1
591 : 899 811 49 19 1
592 : 553 771 18 50 0
593 : 608 4261 31 30 1
594 : 608 4292 25 37 0
595 : 682 1898 38 24 1
596 : 729 997 43 22 1
597 : 251 1387 40 23 1
598 : 445 838 20 47 0
599 : 313 818 51 18 1
600 : 608 4329 37 25 1
601 : 945 1904 39 24 1
602 : 608 4366 26 36 0
603 : 608 4402 25 37 0
604 : 682 1936 24 38 0
605 : 608 4439 33 27 1
606 : 608 4472 29 32 0
607 : 190 848 20 47 0
608 : 608 4504 25 37 0
609 : 501 1027 22 41 0
610 : 608 4541 31 30 1
611 : 608 4572 35 26 1
612 : 0 1422 23 39 0
613 : 578 849 19 48 0
614 : 128 1019 21 44 0
615 : 899 860 49 19 1
616 : 251 1427 23 40 0
617 : 832 646 15 59 0
618 : 608 4607 27 34 0
619 : 0 1461 23 40 0
620 : 608 4641 26 35 0
621 : 729 1040 21 43 0
622 : 445 885 19 48 0
623 : 608 4676 31 29 1
624 : 608 4707 31 29 1
625 : 608 4738 26 35 0
626 : 128 1063 43 21 1
627 : 848 820 52 18 1
628 : 608 4773 25 37 0
629 : 945 1943 37 24 1
630 : 501 1068 41 22 1
631 : 608 4810 33 28 1
632 : 608 4843 28 32 0
633 : 190 895 20 46 0
634 : 501 1109 41 22 1
635 : 190 941 44 20 1
636 : 608 4875 25 37 0
637 : 578 897 19 47 0
638 : 608 4912 27 33 0
639 : 729 1083 41 21 1
640 : 682 1974 37 24 1
641 : 899 909 47 19 1
642 : 251 1467 39 23 1
643 : 608 4945 27 32 0
644 : 608 4977 35 25 1
645 : 608 5012 26 34 0
646 : 128 1106 42 21 1
647 : 608 5046 27 32 0
648 : 945 1980 36 24 1
649 : 608 5078 27 32 0
650 : 608 5110 32 27 1
651 : 501 1150 22 39 0
652 : 190 985 20 43 0
653 : 608 5142 30 28 1
654 : 608 5172 32 27 1
655 : 374 660 50 17 1
656 : 729 1124 21 41 0
657 : 128 1148 42 21 1
658 : 29 684 52 16 1
659 : 217 688 17 52 0
660 : 608 5204 35 25 1
661 : 445 933 19 45 0
662 : 608 5239 29 30 0
663 : 501 1189 22 39 0
664 : 608 5269 33 26 1
665 : 608 5302 27 32 0
666 : 608 5334 32 27 1
667 : 608 5366 29 29 0
668 : 729 1165 21 40 0
669 : 682 2011 36 24 1
670 : 945 2016 35 24 1
671 : 0 1501 23 37 0
672 : 501 1228 22 39 0
673 : 374 710 17 50 0
674 : 251 1506 23 37 0
675 : 608 5395 26 32 0
676 : 128 1190 40 21 1
677 : 0 1538 36 23 1
678 : 251 1543 23 36 0
679 : 29 736 16 52 0
680 : 682 2047 35 24 1
681 : 945 2051 24 34 0
682 : 553 821 18 46 0
683 : 808 669 57 15 1
684 : 0 1574 35 23 1
685 : 526 670 57 15 1
686 : 729 1205 40 21 1
687 : 682 2082 24 34 0
688 : 608 5427 28 30 0
689 : 251 1579 23 35 0
690 : 217 740 52 16 1
691 : 420 693 56 15 1
692 : 66 822 46 18 1
693 : 608 5457 30 28 1
694 : 608 5487 28 29 0
695 : 374 760 17 48 0
696 : 832 705 15 55 0
697 : 29 788 52 16 1
698 : 668 27 57 14 1
699 : 668 84 56 14 1
700 : 808 726 15 56 0
701 : 0 1609 23 36 0
702 : 526 727 56 15 1
703 : 217 792 16 50 0
704 : 608 5516 25 33 0
705 : 501 1267 37 22 1
706 : 251 1614 36 23 1
707 : 608 5549 33 25 1
708 : 608 5582 31 26 1
709 : 0 1645 35 23 1
710 : 501 1304 36 22 1
711 : 251 1650 23 35 0
712 : 945 2085 24 33 0
713 : 420 749 52 15 1
714 : 608 5613 26 30 0
715 : 0 1680 35 23 1
716 : 668 140 56 14 1
717 : 608 5643 30 27 1
718 : 190 1028 20 40 0
719 : 682 2116 33 24 1
720 : 396 822 44 18 1
721 : 608 5673 31 26 1
722 : 578 944 42 19 1
723 : 474 171 56 14 1
724 : 501 1340 36 22 1
725 : 190 1068 20 39 0
726 : 608 5704 31 25 1
727 : 668 196 14 56 0
728 : 501 1376 22 35 0
729 : 128 1230 21 36 0
730 : 608 5735 27 29 0
731 : 832 760 53 15 1
732 : 501 1411 35 22 1
733 : 899 956 42 19 1
734 : 608 5764 27 28 0
735 : 501 1446 34 22 1
736 : 608 5792 31 25 1
737 : 729 1245 21 36 0
738 : 608 5823 31 25 1
739 : 374 808 16 48 0
740 : 396 866 17 45 0
741 : 608 5854 28 27 1
742 : 608 5882 29 26 1
743 : 608 5911 30 25 1
744 : 608 5941 25 30 0
745 : 251 1685 33 23 1
746 : 190 1107 37 20 1
747 : 608 5971 27 28 0
748 : 501 1480 22 34 0
749 : 128 1266 21 35 0
750 : 501 1514 34 22 1
751 : 608 5999 25 30 0
752 : 0 1715 33 23 1
753 : 608 6029 27 28 0
754 : 501 1548 34 22 1
755 : 190 1144 37 20 1
756 : 251 1718 23 32 0
757 : 29 840 16 46 0
758 : 608 6057 27 27 0
759 : 0 1748 23 32 0
760 : 190 1181 20 37 0
761 : 217 842 16 47 0
762 : 501 1582 22 33 0
763 : 445 978 40 19 1
764 : 808 782 48 15 1
765 : 251 1750 32 23 1
766 : 0 1780 32 23 1
767 : 474 227 52 14 1
768 : 501 1615 22 33 0
769 : 668 252 14 52 0
770 : 474 279 14 51 0
771 : 190 1218 36 20 1
772 : 553 867 44 17 1
773 : 66 868 42 17 1
774 : 526 783 48 15 1
775 : 608 6084 29 25 1
776 : 729 1281 34 21 1
777 : 313 869 18 41 0
778 : 848 872 18 41 0
779 : 945 2118 24 31 0
780 : 668 304 53 14 1
781 : 501 1648 33 22 1
782 : 313 910 40 18 1
783 : 608 6113 27 27 0
784 : 578 986 38 19 1
785 : 251 1782 32 23 1
786 : 128 1301 34 21 1
787 : 474 330 52 14 1
788 : 729 1315 21 34 0
789 : 501 1681 22 33 0
790 : 128 1335 21 34 0
791 : 0 1812 32 23 1
792 : 501 1714 22 32 0
793 : 682 2149 30 24 1
794 : 66 910 17 41 0
795 : 668 357 14 50 0
796 : 729 1349 35 21 1
797 : 608 6140 25 29 0
798 : 420 801 46 15 1
799 : 190 1254 20 36 0
800 : 608 6169 28 26 1
801 : 128 1369 34 21 1
802 : 899 998 19 37 0
803 : 848 913 18 38 0
804 : 313 950 18 39 0
805 : 251 1814 23 30 0
806 : 832 813 15 48 0
807 : 396 911 17 41 0
808 : 501 1746 31 22 1
809 : 474 382 50 14 1
810 : 190 1290 34 20 1
811 : 553 911 17 42 0
812 : 238 43 52 13 1
813 : 0 1844 31 23 1
814 : 66 951 41 17 1
815 : 190 1324 20 35 0
816 : 729 1384 21 32 0
817 : 445 1018 37 19 1
818 : 848 951 40 17 1
819 : 668 407 14 50 0
820 : 501 1777 31 22 1
821 : 374 856 16 44 0
822 : 29 886 16 43 0
823 : 217 889 16 43 0
824 : 945 2149 24 28 0
825 : 608 6197 26 27 0
826 : 945 2177 29 24 1
827 : 682 2179 28 24 1
828 : 608 6224 26 26 0
829 : 190 1359 20 35 0
830 : 945 2206 24 28 0
831 : 238 95 13 52 0
832 : 238 147 13 51 0
833 : 313 989 18 37 0
834 : 501 1808 22 31 0
835 : 374 900 16 42 0
836 : 578 1024 19 36 0
837 : 808 830 15 44 0
838 : 128 1403 32 21 1
839 : 501 1839 31 22 1
840 : 899 1035 19 35 0
841 : 251 1844 30 23 1
842 : 474 432 47 14 1
843 : 251 1874 23 29 0
844 : 608 6250 27 25 1
845 : 501 1870 31 22 1
846 : 313 1026 18 37 0
847 : 668 457 48 14 1
848 : 29 929 41 16 1
849 : 682 2207 28 24 1
850 : 445 1055 18 38 0
851 : 396 952 17 39 0
852 : 608 6277 27 25 1
853 : 578 1060 36 19 1
854 : 945 2234 28 24 1
855 : 474 479 14 47 0
856 : 729 1416 21 32 0
857 : 238 198 50 13 1
858 : 313 1063 38 18 1
859 : 682 2235 28 24 1
860 : 945 2262 28 24 1
861 : 668 505 14 48 0
862 : 217 932 16 42 0
863 : 474 526 14 48 0
864 : 526 831 15 43 0
865 : 682 2263 24 28 0
866 : 128 1435 31 21 1
867 : 729 1448 31 21 1
868 : 668 553 14 46 0
869 : 608 6304 25 26 0
870 : 190 1394 33 20 1
871 : 945 2290 24 27 0
872 : 608 6330 26 25 1
873 : 0 1875 29 23 1
874 : 899 1070 36 18 1
875 : 578 1096 34 19 1
876 : 374 942 42 16 1
877 : 251 1903 28 23 1
878 : 0 1904 23 29 0
879 : 190 1427 20 33 0
880 : 608 6356 27 25 1
881 : 682 2291 27 24 1
882 : 128 1466 31 21 1
883 : 578 1130 34 19 1
884 : 190 1460 20 33 0
885 : 945 2317 27 24 1
886 : 578 1164 35 19 1
887 : 501 1901 30 22 1
888 : 420 847 15 44 0
889 : 251 1931 22 30 0
890 : 729 1479 33 20 1
891 : 578 1199 35 19 1
892 : 832 861 15 42 0
893 : 608 6383 26 25 1
894 : 128 1497 21 30 0
895 : 608 6409 25 26 0
896 : 682 2318 27 24 1
897 : 0 1933 28 23 1
898 : 553 953 16 39 0
899 : 238 248 13 51 0
900 : 238 299 13 51 0
901 : 128 1527 30 21 1
902 : 526 874 43 15 1
903 : 474 574 14 45 0
904 : 128 1557 31 21 1
905 : 808 874 44 15 1
906 : 445 1093 18 35 0
907 : 0 1961 27 23 1
908 : 313 1101 18 35 0
909 : 945 2344 24 26 0
910 : 682 2345 24 26 0
911 : 501 1931 22 29 0
912 : 0 1988 23 28 0
913 : 899 1106 36 18 1
914 : 445 1128 35 18 1
915 : 190 1493 32 20 1
916 : 128 1588 21 30 0
917 : 501 1960 29 22 1
918 : 251 1961 28 22 1
919 : 608 6435 25 26 0
920 : 578 1234 33 19 1
921 : 251 1989 29 22 1
922 : 945 2370 24 26 0
923 : 578 1267 19 33 0
924 : 501 1989 28 22 1
925 : 578 1300 34 19 1
926 : 729 1512 31 20 1
927 : 0 2016 23 27 0
928 : 313 1136 35 18 1
929 : 682 2371 26 24 1
930 : 945 2396 24 26 0
931 : 396 991 17 38 0
932 : 682 2397 24 26 0
933 : 420 891 15 42 0
934 : 848 991 37 17 1
935 : 0 2043 27 23 1
936 : 832 903 15 42 0
937 : 29 970 16 39 0
938 : 66 992 37 17 1
939 : 0 2070 23 27 0
940 : 217 974 38 16 1
941 : 526 917 42 15 1
942 : 501 2017 28 22 1
943 : 238 350 13 47 0
944 : 190 1525 20 32 0
945 : 608 6461 25 25 0
946 : 899 1142 34 18 1
947 : 578 1334 32 19 1
948 : 808 918 15 42 0
949 : 128 1618 30 21 1
950 : 420 933 15 42 0
951 : 578 1366 32 19 1
952 : 374 984 38 16 1
953 : 128 1648 30 21 1
954 : 238 397 48 13 1
955 : 848 1028 37 17 1
956 : 251 2018 28 22 1
957 : 729 1543 32 20 1
958 : 66 1029 36 17 1
959 : 396 1029 37 17 1
960 : 578 1398 19 33 0
961 : 190 1557 20 30 0
962 : 128 1678 29 21 1
963 : 945 2422 25 24 1
964 : 0 2097 23 26 0
965 : 445 1163 18 33 0
966 : 66 1065 36 17 1
967 : 128 1707 21 28 0
968 : 0 2123 26 23 1
969 : 682 2423 25 24 1
970 : 553 992 37 16 1
971 : 848 1065 36 17 1
972 : 729 1575 20 30 0
973 : 313 1171 18 34 0
974 : 0 2149 23 26 0
975 : 128 1735 21 28 0
976 : 899 1176 34 18 1
977 : 29 1009 38 16 1
978 : 396 1066 17 36 0
979 : 128 1763 29 21 1
980 : 0 2175 26 23 1
981 : 66 1101 17 34 0
982 : 128 1792 28 21 1
983 : 445 1196 33 18 1
984 : 128 1820 28 21 1
985 : 848 1101 17 34 0
986 : 190 1587 30 20 1
987 : 729 1605 29 20 1
988 : 128 1848 21 28 0
989 : 578 1431 30 19 1
990 : 945 2447 24 24 0
991 : 396 1102 34 17 1
992 : 190 1617 20 29 0
993 : 578 1461 31 19 1
994 : 682 2448 24 24 0
995 : 128 1876 21 28 0
996 : 578 1492 30 19 1
997 : 729 1634 28 20 1
998 : 501 2045 22 27 0
999 : 238 445 13 44 0
