100 1907
0 : 0 0 17 90 1
1 : 0 17 68 76 1
2 : 76 17 14 68 0
3 : 0 85 22 76 1
4 : 0 107 38 83 0
5 : 38 107 29 87 0
6 : 0 194 40 100 0
7 : 0 294 39 83 0
8 : 0 377 69 77 0
9 : 90 0 1 99 0
10 : 0 454 77 57 1
11 : 0 531 17 100 0
12 : 76 85 13 94 0
13 : 17 531 90 27 1
14 : 17 621 27 84 0
15 : 0 705 56 83 0
16 : 0 788 78 16 1
17 : 16 788 31 78 0
18 : 0 866 38 71 0
19 : 91 0 8 86 0
20 : 91 86 90 3 1
21 : 0 937 38 79 0
22 : 76 179 10 66 0
23 : 0 1016 21 92 0
24 : 21 1016 14 66 0
25 : 69 107 7 89 0
26 : 0 1108 45 68 0
27 : 0 1176 46 70 0
28 : 94 86 4 73 0
29 : 0 1246 38 72 0
30 : 0 1318 41 80 0
31 : 0 1398 82 89 0
32 : 0 1487 6 88 0
33 : 6 1487 30 98 0
34 : 0 1585 99 48 1
35 : 48 1487 30 87 0
36 : 48 1574 19 77 0
37 : 0 1684 83 95 0
38 : 0 1779 78 37 0
39 : 0 1816 40 91 0
