200 225
0 : 0 0 110 32 0
1 : 110 0 12 33 1
2 : 110 12 78 15 0
3 : 110 27 62 18 0
4 : 0 32 16 53 1
5 : 53 45 37 76 1
6 : 0 82 14 97 1
7 : 0 48 28 43 1
8 : 43 48 16 9 1
9 : 172 27 15 22 1
10 : 129 45 64 19 0
11 : 43 64 10 13 0
12 : 188 0 4 27 0
13 : 143 0 12 13 1
14 : 43 77 3 6 1
15 : 156 0 7 22 1
16 : 129 64 67 16 0
17 : 129 80 27 14 0
18 : 53 32 13 41 1
19 : 97 94 78 35 0
20 : 0 129 30 115 1
21 : 0 96 8 54 1
22 : 0 104 20 91 1
23 : 178 0 6 6 0
24 : 115 129 72 12 0
25 : 0 159 15 92 1
26 : 115 141 22 58 1
27 : 91 104 19 6 1
28 : 92 163 38 48 1
29 : 0 174 21 61 1
30 : 175 80 10 38 0
31 : 140 163 22 47 1
32 : 140 185 22 37 1
33 : 156 7 5 30 1
34 : 175 118 5 9 0
35 : 172 42 3 15 1
36 : 97 82 24 10 0
37 : 61 174 20 37 0
38 : 156 80 18 13 0
39 : 177 185 23 19 0
40 : 0 195 41 27 0
41 : 0 76 18 5 0
42 : 180 118 6 11 0
43 : 81 201 39 24 0
44 : 18 76 21 6 0
45 : 120 207 62 17 0
46 : 41 195 20 15 0
47 : 92 159 3 8 1
48 : 187 80 44 7 1
