40400 50518
0 : 0 0 4629 1596 0
1 : 4629 0 2919 783 0
2 : 7548 0 8067 1832 0
3 : 15615 0 7180 2974 0
4 : 22795 0 1685 1708 1
5 : 24503 0 2029 601 0
6 : 24503 601 15046 7040 0
7 : 0 1596 6726 7039 1
8 : 7039 1832 7958 5170 0
9 : 14997 2974 3621 4223 1
10 : 19220 2974 4358 6846 0
11 : 7039 7002 6272 1268 0
12 : 23578 7641 6171 1473 0
13 : 14997 6595 3448 1249 0
14 : 29749 7641 6389 10170 1
15 : 7039 8270 7910 5092 0
16 : 14949 9820 4629 11306 1
17 : 14997 7844 1279 1621 0
18 : 0 8322 3529 6846 1
19 : 26255 9114 3770 3117 1
20 : 0 11851 3924 3177 0
21 : 23578 9114 2672 556 0
22 : 6846 14449 15046 5222 0
23 : 3924 11851 2050 2287 1
24 : 29372 14030 7958 5152 0
25 : 16276 7844 1063 2033 1
26 : 21892 14449 1823 5782 1
27 : 0 15028 4047 5429 1
28 : 21892 16272 6416 1491 0
29 : 16276 8907 859 2104 1
30 : 21892 19182 6378 12850 1
31 : 6211 19671 10744 2912 0
32 : 37330 14030 4629 2353 1
33 : 23578 1685 2919 838 1
34 : 0 19075 8067 5014 1
35 : 37330 18659 3139 2974 1
36 : 34742 19182 1685 1469 0
37 : 23578 4604 2029 824 1
38 : 5014 22583 15046 5406 0
39 : 36427 21798 6726 3329 1
40 : 20060 25560 7958 9256 1
41 : 7039 13362 1080 4223 1
42 : 29316 25560 2407 6846 1
43 : 29316 27967 6272 5296 0
44 : 21892 17763 6171 1375 0
45 : 13311 7002 1253 1249 0
46 : 0 27989 6389 10729 1
47 : 10729 27989 7910 7563 0
48 : 35588 28524 4629 6465 0
49 : 4629 783 503 1621 1
50 : 18639 33518 7629 6846 0
51 : 26268 33518 6549 3117 0
52 : 0 34378 6978 3177 0
53 : 11262 13362 2672 869 0
54 : 0 37555 15046 3231 0
55 : 32817 34989 4676 2287 0
56 : 26268 37276 7958 2142 0
57 : 6978 34378 3638 2033 0
58 : 6978 36411 1823 1064 0
59 : 34742 20651 4047 1135 1
60 : 26268 39418 6416 1357 0
61 : 37493 34989 3842 2104 1
62 : 15046 40364 6378 8049 1
63 : 23095 40775 10744 9743 0
