3000 5618
0 : 970 3415 365 185 0
1 : 592 3415 378 200 0
2 : 1175 2288 410 165 1
3 : 2162 1144 425 148 1
4 : 2645 4997 425 296 1
5 : 1882 3661 439 116 1
6 : 0 4706 464 1006 1
7 : 0 3432 520 205 0
8 : 2515 0 520 350 1
9 : 0 610 540 530 0
10 : 2006 3106 549 1413 0
11 : 0 3661 549 1882 1
12 : 555 4210 553 496 0
13 : 592 2860 555 755 1
14 : 0 4210 555 496 0
15 : 1347 3106 555 659 1
16 : 1108 4700 567 473 0
17 : 0 2860 572 592 1
18 : 1490 2534 572 975 1
19 : 0 2288 572 1175 1
20 : 2315 572 572 1575 0
21 : 1590 1144 572 1390 0
22 : 0 1716 572 1490 1
23 : 0 1144 572 1590 1
24 : 625 572 572 1690 1
25 : 625 0 572 1890 1
26 : 0 0 610 625 1
27 : 1108 4210 660 490 0
28 : 0 5170 690 447 0
29 : 690 5173 949 445 0
30 : 1768 4519 949 478 0
31 : 1675 4997 970 463 0
