100 1629
0 : 0 549 38 90 1
1 : 0 1071 24 82 1
2 : 76 1271 18 75 0
3 : 0 103 88 98 1
4 : 0 277 27 97 1
5 : 0 98 4 99 1
6 : 86 761 14 85 0
7 : 0 870 24 85 1
8 : 0 1320 28 76 1
9 : 47 1555 46 35 0
10 : 0 1506 20 69 1
11 : 79 1116 21 79 0
12 : 0 18 41 99 1
13 : 0 712 49 88 1
14 : 0 312 39 96 1
15 : 0 1041 30 82 1
16 : 0 398 15 95 1
17 : 0 413 14 95 1
18 : 0 351 19 96 1
19 : 0 455 50 93 1
20 : 0 102 1 99 1
21 : 0 1348 40 75 1
22 : 0 1526 11 69 1
23 : 0 975 82 66 0
24 : 0 1271 49 76 1
25 : 0 823 85 47 0
26 : 0 1116 64 79 1
27 : 70 1418 27 69 0
28 : 0 304 8 97 1
29 : 0 427 28 94 1
30 : 0 1388 30 75 1
31 : 0 1474 32 69 1
32 : 0 587 29 90 1
33 : 0 59 39 99 1
34 : 93 1554 7 11 0
35 : 0 0 100 18 0
36 : 0 651 61 88 1
37 : 79 1195 12 76 0
38 : 0 1180 45 79 1
39 : 0 370 28 95 1
40 : 91 1487 6 67 0
41 : 0 1548 47 46 0
42 : 47 1590 45 39 0
43 : 0 956 19 84 1
44 : 0 894 12 85 1
45 : 0 505 44 91 1
46 : 0 1418 56 70 1
47 : 0 1095 21 82 1
48 : 0 1241 30 77 1
49 : 98 103 2 93 0
50 : 0 1594 31 14 0
51 : 0 616 35 89 1
52 : 91 1195 9 76 0
53 : 69 1487 22 68 0
54 : 0 1225 16 79 1
55 : 0 1537 11 68 1
56 : 0 906 50 84 1
57 : 97 277 3 87 0
58 : 0 761 62 86 1
59 : 0 191 98 86 0
