3000 5069
0 : 2678 4671 365 185 1
1 : 1590 1121 378 200 1
2 : 1733 4904 410 165 0
3 : 567 4905 425 148 0
4 : 2253 4671 425 296 0
5 : 2863 4141 439 116 1
6 : 2462 0 464 1006 0
7 : 2665 2814 520 205 1
8 : 1733 4554 520 350 0
9 : 2323 4141 540 530 0
10 : 1575 1693 549 1413 1
11 : 0 572 549 1882 1
12 : 1180 4436 553 496 0
13 : 2387 3386 555 755 0
14 : 625 4409 555 496 0
15 : 625 3854 555 659 1
16 : 0 4464 567 473 0
17 : 1284 3864 572 592 1
18 : 0 2837 572 975 1
19 : 1490 2814 572 1175 1
20 : 0 1693 572 1575 1
21 : 1575 2242 572 1390 1
22 : 0 2265 572 1490 1
23 : 0 1121 572 1590 1
24 : 1890 0 572 1690 0
25 : 0 0 572 1890 1
26 : 0 3854 610 625 1
27 : 2462 1006 660 490 1
28 : 1876 3864 690 447 1
29 : 0 3409 949 445 0
30 : 1438 3386 949 478 0
31 : 975 2837 970 463 1
