100 27
0 : 52 19 5 4 0
1 : 82 0 3 13 1
2 : 0 0 49 3 0
3 : 88 11 3 5 0
4 : 83 22 5 5 0
5 : 80 14 3 5 1
6 : 13 22 5 5 0
7 : 92 21 3 3 0
8 : 67 7 4 10 1
9 : 69 19 3 4 1
10 : 95 0 4 11 0
11 : 74 11 3 7 1
12 : 38 19 9 8 0
13 : 49 0 7 33 1
14 : 61 22 5 5 0
15 : 5 15 5 3 0
16 : 19 18 4 5 1
17 : 9 18 5 4 0
18 : 91 15 5 3 0
19 : 10 15 3 5 1
20 : 82 3 12 5 0
21 : 77 20 3 3 0
22 : 61 19 3 4 1
23 : 89 21 3 3 0
24 : 0 15 3 5 1
25 : 75 14 5 3 0
26 : 90 18 3 5 1
27 : 77 8 3 7 1
28 : 0 21 5 5 0
29 : 20 15 5 3 0
30 : 15 15 5 3 0
31 : 84 8 3 7 1
32 : 85 16 5 3 0
33 : 24 21 3 3 0
34 : 28 20 3 4 1
35 : 14 18 5 4 0
36 : 73 20 4 4 0
37 : 85 19 3 4 1
38 : 80 20 3 3 0
39 : 91 11 4 8 1
40 : 95 20 5 4 0
41 : 96 15 5 3 1
42 : 5 18 4 3 0
43 : 34 7 12 33 1
44 : 30 15 3 5 0
45 : 18 22 3 3 0
46 : 57 22 4 4 0
47 : 25 15 3 5 1
48 : 5 22 5 5 0
49 : 33 19 5 4 0
50 : 81 11 7 3 0
51 : 75 17 5 3 0
52 : 47 19 5 4 0
53 : 0 18 5 3 0
54 : 57 19 3 4 1
55 : 24 18 3 4 1
56 : 80 17 3 5 1
57 : 10 22 3 3 0
58 : 65 19 3 4 1
59 : 67 11 7 3 0
60 : 67 14 5 8 1
61 : 0 3 34 12 0
62 : 66 22 5 5 0
