200 229
0 : 109 89 15 72 1
1 : 0 123 15 47 1
2 : 49 116 67 11 0
3 : 110 0 56 39 0
4 : 45 198 6 35 1
5 : 100 200 11 17 1
6 : 117 208 8 20 1
7 : 117 200 22 8 0
8 : 192 204 8 12 0
9 : 108 221 3 16 1
10 : 137 215 11 9 0
11 : 125 157 9 61 1
12 : 99 183 47 7 0
13 : 59 213 11 11 0
14 : 173 215 5 18 1
15 : 0 214 6 22 1
16 : 161 224 5 7 1
17 : 80 216 6 14 1
18 : 77 162 25 21 0
19 : 34 216 22 4 0
20 : 165 198 16 11 1
21 : 92 145 33 17 0
22 : 191 216 8 7 0
23 : 0 224 4 8 1
24 : 0 0 26 110 1
25 : 48 220 11 4 0
26 : 47 127 58 12 0
27 : 0 86 56 21 0
28 : 0 26 21 102 1
29 : 34 210 6 25 1
30 : 0 163 9 51 1
31 : 176 204 16 11 0
32 : 80 211 30 5 0
33 : 22 214 12 9 0
34 : 8 224 4 6 1
35 : 164 166 26 16 0
36 : 92 104 68 12 0
37 : 80 200 20 10 0
38 : 51 152 21 26 1
39 : 0 188 20 12 0
40 : 0 107 49 16 0
41 : 34 204 6 28 1
42 : 132 224 11 3 0
43 : 102 166 37 12 0
44 : 62 204 9 18 1
45 : 108 224 2 9 1
46 : 94 216 5 14 1
47 : 0 220 15 4 0
48 : 60 183 39 9 0
49 : 105 135 64 10 0
50 : 145 191 32 7 0
51 : 0 172 16 26 1
52 : 0 47 99 21 0
53 : 116 116 38 19 0
54 : 160 112 23 32 1
55 : 45 192 6 37 1
56 : 175 0 22 54 0
57 : 56 86 25 36 1
58 : 109 62 50 27 0
59 : 169 135 27 22 0
60 : 146 183 8 41 1
61 : 109 39 66 23 0
62 : 85 222 8 5 0
63 : 70 222 15 3 0
64 : 177 192 18 12 0
65 : 191 223 9 4 0
66 : 117 224 6 2 0
67 : 128 216 9 6 0
68 : 94 221 5 8 1
69 : 173 220 4 18 1
70 : 26 185 15 19 1
71 : 124 222 8 5 0
72 : 34 220 14 4 0
73 : 0 139 48 13 0
74 : 20 200 14 14 0
75 : 99 190 23 10 0
76 : 110 216 5 18 1
77 : 122 190 10 23 1
78 : 0 152 51 11 0
79 : 181 54 58 14 1
80 : 148 215 7 12 1
81 : 70 213 10 9 0
82 : 0 200 16 12 0
83 : 148 222 13 3 0
84 : 190 157 35 9 1
85 : 26 173 34 12 0
86 : 139 166 17 25 1
87 : 143 224 3 3 0
88 : 139 208 7 23 1
89 : 145 198 10 20 1
90 : 0 68 109 18 0
91 : 15 220 7 7 0
92 : 102 221 6 6 0
93 : 48 139 44 13 0
94 : 93 222 3 1 1
95 : 22 223 3 12 1
96 : 162 214 10 11 1
