200 247
0 : 65 170 8 47 0
1 : 0 0 143 26 0
2 : 0 76 16 107 1
3 : 0 26 33 95 1
4 : 0 227 5 21 1
5 : 126 168 54 40 0
6 : 77 153 84 15 0
7 : 166 208 32 25 0
8 : 74 168 52 45 0
9 : 73 213 13 39 1
10 : 180 0 86 20 1
11 : 95 26 50 77 1
12 : 0 92 77 31 0
13 : 0 146 24 74 1
14 : 53 227 11 12 1
15 : 0 170 22 65 1
16 : 0 192 27 53 1
17 : 180 86 14 46 0
18 : 21 227 17 9 0
19 : 38 219 15 21 0
20 : 88 226 31 6 0
21 : 0 219 8 38 1
22 : 0 123 23 77 1
23 : 53 192 12 35 0
24 : 119 213 5 12 0
25 : 65 226 20 23 1
26 : 107 76 73 40 0
27 : 126 208 40 39 0
28 : 77 116 64 37 0
