35 726
0 : 0 0 12 10 0
1 : 12 0 2 31 0
2 : 14 0 10 13 1
3 : 14 10 16 16 0
4 : 14 26 16 16 0
5 : 14 42 16 16 0
6 : 14 58 16 16 0
7 : 30 0 2 15 0
8 : 0 10 8 7 0
9 : 14 74 13 13 0
10 : 14 87 16 16 0
11 : 0 17 8 7 0
12 : 14 103 16 16 0
13 : 0 24 16 7 1
14 : 14 119 16 16 0
15 : 14 135 16 15 0
16 : 14 150 15 15 0
17 : 12 165 24 21 1
18 : 32 0 1 26 0
19 : 12 189 16 16 0
20 : 12 205 11 14 1
21 : 12 216 24 21 1
22 : 12 240 16 15 0
23 : 12 255 16 16 0
24 : 12 271 16 16 0
25 : 0 40 7 7 0
26 : 12 287 16 16 0
27 : 12 303 13 14 1
28 : 12 316 16 15 1
29 : 26 205 2 7 0
30 : 12 332 8 10 1
31 : 12 340 13 11 1
32 : 12 353 16 15 1
33 : 12 369 13 12 0
34 : 12 381 16 16 0
35 : 12 397 16 16 0
36 : 26 212 1 1 0
37 : 23 332 2 16 0
38 : 12 413 12 10 0
39 : 12 423 8 10 1
40 : 12 431 12 10 1
41 : 8 443 24 24 0
42 : 8 467 16 15 0
43 : 8 482 16 15 0
44 : 0 497 32 32 0
45 : 24 467 7 7 0
46 : 24 413 3 22 0
47 : 0 529 16 16 0
48 : 16 529 16 16 0
49 : 0 47 35 7 1
50 : 0 545 16 16 0
51 : 28 189 3 19 0
52 : 24 474 3 15 0
53 : 0 561 24 21 1
54 : 0 585 16 16 0
55 : 0 601 16 15 0
56 : 0 616 16 16 0
57 : 0 632 16 16 0
58 : 21 545 11 11 0
59 : 0 648 16 15 0
60 : 21 556 11 11 0
61 : 0 663 24 21 1
62 : 0 687 24 21 1
63 : 0 711 16 15 0
64 : 27 74 3 11 0
