1000 9990
0 : 0 0 340 857 1
1 : 857 0 104 178 0
2 : 0 340 943 389 0
3 : 0 729 189 491 1
4 : 491 729 146 162 1
5 : 0 918 33 963 1
6 : 0 951 497 135 0
7 : 0 1086 652 992 1
8 : 0 1738 121 598 1
9 : 0 1859 42 727 1
10 : 0 1901 142 505 1
11 : 727 1738 24 83 1
12 : 0 2043 150 776 1
13 : 0 2193 49 921 1
14 : 0 2242 493 677 1
15 : 0 2735 85 886 1
16 : 886 2242 421 99 1
17 : 0 2820 970 933 0
18 : 0 3753 252 738 1
19 : 0 4005 561 246 0
20 : 0 4251 882 779 0
21 : 992 0 298 2 1
22 : 0 5030 452 169 0
23 : 882 3753 253 49 1
24 : 882 4006 338 87 1
25 : 882 4344 81 148 0
26 : 882 4492 59 375 0
27 : 0 5199 457 647 1
28 : 985 1738 12 189 0
29 : 985 1927 8 169 0
30 : 647 5030 191 233 1
31 : 0 5656 85 947 1
32 : 0 5741 629 135 0
33 : 0 5876 965 107 0
34 : 0 5983 359 109 0
35 : 0 6092 840 67 0
36 : 0 6159 538 142 0
37 : 0 6301 104 726 1
38 : 985 2096 15 871 0
39 : 840 5983 144 230 0
40 : 984 2967 10 114 0
41 : 0 6405 761 761 0
42 : 0 7166 984 980 0
43 : 0 8146 408 117 0
44 : 984 3081 9 189 0
45 : 0 8263 931 913 0
46 : 0 9176 516 536 1
47 : 0 9692 150 906 1
48 : 0 9842 689 148 0
49 : 689 9842 103 146 1
