92 203
0 : 57 194 11 9 0
1 : 90 102 1 1 0
2 : 37 191 9 11 1
3 : 90 54 1 29 0
4 : 48 191 9 11 0
5 : 0 176 19 15 0
6 : 55 62 50 29 1
7 : 90 83 1 19 0
8 : 57 176 18 18 0
9 : 0 125 12 45 1
10 : 19 176 19 15 0
11 : 75 182 14 12 0
12 : 45 125 12 45 1
13 : 0 163 27 13 0
14 : 0 137 43 13 0
15 : 0 62 55 13 0
16 : 0 150 31 13 0
17 : 75 163 19 15 1
18 : 0 51 11 79 1
19 : 0 75 50 50 0
20 : 90 17 2 37 0
21 : 31 150 31 13 0
22 : 0 0 92 17 0
23 : 54 163 21 13 0
24 : 26 191 11 9 0
25 : 43 137 33 13 0
26 : 62 150 28 13 0
27 : 91 54 1 29 0
28 : 0 191 13 10 0
29 : 27 163 27 13 0
30 : 0 17 17 88 1
31 : 38 176 19 15 0
32 : 91 83 1 19 0
33 : 0 34 86 17 0
34 : 88 17 1 48 0
35 : 68 194 4 6 1
36 : 13 191 13 10 0
37 : 74 194 4 6 1
