3000 5594
0 : 473 5362 365 185 0
1 : 2772 4661 378 200 1
2 : 2567 5181 410 165 0
3 : 1093 5280 425 148 0
4 : 1772 5143 425 296 0
5 : 2197 5346 439 116 0
6 : 975 2837 464 1006 0
7 : 2567 4661 520 205 1
8 : 2567 4141 520 350 1
9 : 0 4497 540 530 0
10 : 1575 1693 549 1413 1
11 : 0 572 549 1882 1
12 : 540 4866 553 496 0
13 : 2409 3386 555 755 0
14 : 1217 4784 555 496 0
15 : 1898 4141 555 659 1
16 : 0 5027 567 473 1
17 : 625 4294 572 592 1
18 : 0 2837 572 975 1
19 : 1490 2814 572 1175 1
20 : 0 1693 572 1575 1
21 : 1575 2242 572 1390 1
22 : 0 2265 572 1490 1
23 : 0 1121 572 1590 1
24 : 1890 0 572 1690 0
25 : 0 0 572 1890 1
26 : 0 3887 610 625 1
27 : 1217 4294 660 490 0
28 : 1877 4696 690 447 0
29 : 949 3849 949 445 0
30 : 0 3409 949 478 0
31 : 1439 3386 970 463 0
