200 219
0 : 0 0 15 72 1
1 : 72 0 15 47 1
2 : 119 0 67 11 0
3 : 119 11 56 39 0
4 : 0 15 6 35 1
5 : 186 0 11 17 0
6 : 35 15 8 20 1
7 : 55 15 22 8 0
8 : 175 11 8 12 0
9 : 197 0 3 16 0
10 : 77 15 11 9 0
11 : 0 23 9 61 1
12 : 61 24 47 7 0
13 : 108 15 11 11 0
14 : 88 15 5 18 1
15 : 175 23 6 22 1
16 : 186 17 5 7 1
17 : 175 29 6 14 1
18 : 61 31 25 21 0
19 : 86 31 22 4 0
20 : 108 26 16 11 1
21 : 0 32 33 17 0
22 : 189 29 8 7 0
23 : 88 20 4 8 1
24 : 86 50 26 110 1
25 : 96 20 11 4 0
26 : 0 49 58 12 0
27 : 0 61 56 21 0
28 : 56 76 21 102 1
29 : 33 32 6 25 1
30 : 0 82 9 51 1
31 : 33 38 16 11 0
32 : 158 76 30 5 0
33 : 175 35 12 9 0
34 : 193 17 4 6 0
35 : 158 81 26 16 0
36 : 51 97 68 12 0
37 : 86 35 20 10 0
38 : 0 91 21 26 1
39 : 61 52 20 12 0
40 : 119 97 49 16 0
41 : 168 97 6 28 1
42 : 183 11 11 3 1
43 : 26 109 37 12 0
44 : 61 64 9 18 1
45 : 187 35 2 9 0
46 : 51 82 5 14 0
47 : 184 81 15 4 1
48 : 63 109 39 9 0
49 : 102 113 64 10 0
50 : 168 103 32 7 0
51 : 168 110 16 26 1
52 : 0 121 99 21 0
53 : 99 123 38 19 0
54 : 166 126 23 32 1
55 : 0 142 6 37 1
56 : 37 142 22 54 1
57 : 137 123 25 36 0
58 : 137 159 50 27 0
59 : 91 142 27 22 0
60 : 0 164 8 41 1
61 : 41 164 66 23 0
62 : 81 52 8 5 1
63 : 61 73 15 3 0
64 : 26 91 18 12 0
65 : 194 110 9 4 1
66 : 106 35 6 2 1
67 : 175 44 9 6 0
68 : 79 64 5 8 0
69 : 86 45 4 18 1
70 : 0 148 15 19 1
71 : 44 91 8 5 1
72 : 102 109 14 4 0
73 : 118 142 48 13 1
74 : 19 148 14 14 0
75 : 187 149 23 10 1
76 : 26 103 5 18 1
77 : 0 172 10 23 1
78 : 131 186 51 11 0
79 : 23 187 58 14 0
80 : 189 36 7 12 0
81 : 49 38 10 9 1
82 : 23 172 16 12 0
83 : 23 184 13 3 0
84 : 81 187 35 9 0
85 : 187 172 34 12 1
86 : 0 182 17 25 0
87 : 76 73 3 3 0
88 : 107 164 7 23 0
89 : 166 149 10 20 1
90 : 17 201 109 18 0
91 : 44 99 7 7 0
92 : 108 42 6 6 0
93 : 126 197 44 13 0
94 : 107 20 3 1 1
95 : 33 148 3 12 0
96 : 170 197 10 11 1
