48 2118
0 : 0 0 32 32 0
1 : 0 32 48 48 0
2 : 0 80 32 32 0
3 : 0 112 32 32 0
4 : 0 144 48 48 0
5 : 0 192 32 32 0
6 : 0 224 48 48 0
7 : 0 272 48 48 0
8 : 0 320 48 48 0
9 : 0 368 32 32 0
10 : 0 400 28 25 0
11 : 0 425 32 32 0
12 : 0 457 32 32 0
13 : 0 489 32 32 0
14 : 0 521 48 48 0
15 : 0 569 32 32 0
16 : 0 601 48 48 0
17 : 0 649 32 32 0
18 : 0 681 32 32 0
19 : 0 713 48 48 0
20 : 0 761 32 32 0
21 : 0 793 32 32 0
22 : 0 825 48 48 0
23 : 0 873 32 32 0
24 : 0 905 32 32 0
25 : 0 937 32 32 0
26 : 0 969 48 48 0
27 : 0 1017 48 48 0
28 : 0 1065 32 32 0
29 : 0 1097 32 32 0
30 : 0 1129 32 32 0
31 : 0 1161 48 48 0
32 : 0 1209 32 32 0
33 : 0 1241 48 48 0
34 : 0 1289 48 48 0
35 : 0 1337 28 25 0
36 : 0 1362 48 48 0
37 : 0 1410 32 32 0
38 : 0 1442 32 32 0
39 : 0 1474 48 48 0
40 : 0 1522 28 25 0
41 : 0 1547 28 25 0
42 : 0 1572 48 48 0
43 : 0 1620 32 32 0
44 : 0 1652 48 48 0
45 : 0 1700 32 32 0
46 : 0 1732 32 32 0
47 : 0 1764 32 32 0
48 : 0 1796 48 48 0
49 : 0 1844 48 48 0
50 : 0 1892 48 48 0
51 : 0 1940 48 48 0
52 : 0 1988 48 48 0
53 : 0 2036 32 32 0
54 : 0 2068 28 25 0
55 : 0 2093 28 25 0
