100 2339
0 : 57 402 17 90 0
1 : 0 234 68 76 1
2 : 0 2205 14 68 0
3 : 0 2052 22 76 0
4 : 0 985 38 83 0
5 : 0 1621 29 87 0
6 : 0 561 40 100 0
7 : 0 832 39 83 0
8 : 0 165 69 77 1
9 : 99 0 1 99 0
10 : 0 484 77 57 1
11 : 57 302 17 100 0
12 : 57 570 13 94 0
13 : 0 1708 90 27 1
14 : 0 1876 27 84 0
15 : 0 401 56 83 0
16 : 57 492 78 16 1
17 : 0 1798 31 78 0
18 : 0 1463 38 71 0
19 : 77 165 8 86 0
20 : 95 73 90 3 1
21 : 0 1136 38 79 0
22 : 46 561 10 66 0
23 : 0 1960 21 92 0
24 : 0 2273 14 66 0
25 : 77 251 7 89 0
26 : 0 1068 45 68 0
27 : 0 915 46 70 0
28 : 95 0 4 73 0
29 : 0 1391 38 72 0
30 : 0 752 41 80 0
31 : 0 83 82 89 1
32 : 89 83 6 88 0
33 : 0 1215 30 98 0
34 : 0 302 99 48 1
35 : 0 1534 30 87 0
36 : 0 2128 19 77 0
37 : 0 0 83 95 1
38 : 0 1313 78 37 1
39 : 0 661 40 91 0
