100 1778
0 : 0 1049 38 90 1
1 : 0 1455 24 82 1
2 : 0 1619 18 75 1
3 : 0 0 88 98 1
4 : 0 1377 27 97 1
5 : 0 1769 4 99 1
6 : 0 1682 14 85 1
7 : 0 1431 24 85 1
8 : 0 1349 28 76 1
9 : 0 1122 46 35 0
10 : 0 1543 20 69 1
11 : 0 1522 21 79 1
12 : 0 851 41 99 1
13 : 0 583 49 88 1
14 : 0 971 39 96 1
15 : 69 1122 30 82 0
16 : 0 1653 15 95 1
17 : 0 1668 14 95 1
18 : 0 1563 19 96 1
19 : 0 483 50 93 1
20 : 99 1619 1 99 0
21 : 0 892 40 75 1
22 : 0 1734 11 69 1
23 : 0 174 82 66 0
24 : 0 632 49 76 1
25 : 0 681 85 47 0
26 : 0 240 64 79 1
27 : 0 1404 27 69 1
28 : 0 1754 8 97 1
29 : 0 1321 28 94 1
30 : 0 1234 30 75 1
31 : 0 1157 32 69 1
32 : 0 1264 29 90 1
33 : 0 932 39 99 1
34 : 0 1762 7 11 1
35 : 0 1601 100 18 0
36 : 0 366 61 88 1
37 : 0 1722 12 76 1
38 : 47 728 45 79 0
39 : 0 1293 28 95 1
40 : 11 1762 6 67 1
41 : 0 728 47 46 0
42 : 0 1010 45 39 0
43 : 0 1582 19 84 1
44 : 0 1710 12 85 1
45 : 0 807 44 91 1
46 : 0 427 56 70 1
47 : 0 1501 21 82 1
48 : 0 1204 30 77 1
49 : 0 1776 2 93 1
50 : 0 1696 31 14 0
51 : 0 1087 35 89 1
52 : 0 1745 9 76 1
53 : 0 1479 22 68 1
54 : 0 1637 16 79 1
55 : 85 1682 11 68 0
56 : 0 533 50 84 1
57 : 0 1773 3 87 1
58 : 0 304 62 86 1
59 : 0 88 98 86 0
