1000 1099
0 : 451 27 66 61 0
1 : 517 71 62 48 0
2 : 644 78 62 46 0
3 : 879 81 61 43 0
4 : 944 47 39 62 0
5 : 319 82 38 61 1
6 : 311 22 30 71 1
7 : 494 164 56 37 0
8 : 406 234 52 39 0
9 : 56 194 36 55 1
10 : 473 0 74 27 0
11 : 650 374 42 47 1
12 : 772 82 61 32 0
13 : 630 140 58 32 0
14 : 52 263 51 36 0
15 : 332 410 46 40 0
16 : 160 0 79 23 0
17 : 809 337 48 38 0
18 : 81 0 79 23 0
19 : 940 109 30 60 1
20 : 0 0 22 81 1
21 : 304 325 36 49 1
22 : 913 22 25 71 1
23 : 621 0 73 24 0
24 : 421 156 57 31 0
25 : 547 20 72 25 0
26 : 709 298 50 35 0
27 : 824 169 56 31 0
28 : 352 202 33 54 1
29 : 885 410 39 46 1
30 : 130 61 28 63 1
31 : 396 0 77 23 0
32 : 924 513 43 40 0
33 : 98 338 36 48 1
34 : 353 171 56 31 0
35 : 711 264 51 34 0
36 : 935 207 54 32 0
37 : 0 482 44 40 0
38 : 394 374 37 47 1
39 : 562 264 51 34 0
40 : 857 337 48 36 0
41 : 821 217 53 33 0
42 : 790 449 39 45 1
43 : 556 298 34 50 1
44 : 318 0 22 78 1
45 : 817 268 51 33 0
46 : 827 140 29 58 1
47 : 694 0 73 23 0
48 : 767 0 23 73 1
49 : 139 449 37 45 1
50 : 840 0 73 23 0
51 : 917 553 42 40 0
52 : 517 45 26 64 1
53 : 0 214 31 54 1
54 : 239 21 23 72 1
55 : 239 0 79 21 0
56 : 545 374 35 47 1
57 : 606 298 33 50 1
58 : 349 553 39 42 1
59 : 454 298 33 50 1
60 : 605 215 54 30 0
61 : 767 114 60 27 0
62 : 697 374 47 34 0
63 : 913 0 22 73 1
64 : 0 327 49 33 0
65 : 466 514 37 43 1
66 : 713 234 30 52 1
67 : 829 23 67 23 0
68 : 883 449 35 45 1
69 : 63 79 62 25 0
70 : 752 46 24 64 1
71 : 685 449 35 45 1
72 : 874 515 36 43 1
73 : 500 138 26 59 1
74 : 406 518 43 36 0
75 : 762 23 67 23 0
76 : 470 449 34 45 1
77 : 581 45 64 24 0
78 : 905 339 32 48 1
79 : 403 273 30 51 1
80 : 353 338 32 48 1
81 : 193 83 25 61 1
82 : 172 194 55 27 0
83 : 520 215 54 28 0
84 : 190 410 33 46 1
85 : 146 339 31 48 1
86 : 0 449 45 33 0
87 : 103 275 51 29 0
88 : 823 519 43 35 0
89 : 547 0 74 20 0
90 : 51 299 50 29 0
91 : 387 620 40 37 0
92 : 304 139 25 59 1
93 : 441 374 31 47 1
94 : 754 339 30 48 1
95 : 931 410 46 31 0
96 : 163 656 37 39 1
97 : 917 654 37 39 1
98 : 193 61 63 22 0
99 : 756 553 34 42 1
100 : 880 194 26 55 1
101 : 424 449 31 45 1
102 : 619 24 67 21 0
103 : 579 85 23 61 1
104 : 559 139 23 59 1
105 : 378 411 46 30 0
106 : 0 80 62 22 0
107 : 111 215 26 54 1
108 : 202 657 36 39 1
109 : 887 139 59 23 0
110 : 70 23 69 20 0
111 : 868 276 51 27 0
112 : 880 484 31 44 1
113 : 504 327 28 49 1
114 : 658 732 37 37 0
115 : 959 590 34 41 1
116 : 469 483 31 44 1
117 : 970 290 49 28 1
118 : 0 41 65 21 0
119 : 139 23 20 68 1
120 : 818 698 36 38 1
121 : 227 195 55 25 0
122 : 282 195 24 55 1
123 : 556 620 33 40 1
124 : 0 22 70 19 0
125 : 331 450 29 45 1
126 : 968 505 31 43 0
127 : 59 157 57 23 0
128 : 351 235 52 26 0
129 : 515 449 45 29 0
130 : 686 41 20 66 1
131 : 239 158 23 57 1
132 : 580 450 45 29 0
133 : 154 276 51 25 0
134 : 765 235 25 52 1
135 : 324 62 20 63 1
136 : 382 23 69 19 0
137 : 670 484 44 29 0
138 : 582 422 28 46 1
139 : 672 173 23 56 1
140 : 835 451 28 45 1
141 : 320 299 26 50 1
142 : 460 733 37 34 0
143 : 382 42 65 20 0
144 : 648 416 28 46 1
145 : 65 43 65 19 0
146 : 616 172 56 23 0
147 : 488 422 46 27 0
148 : 92 451 28 45 1
149 : 601 375 47 27 0
150 : 701 698 38 33 0
151 : 233 450 45 28 0
152 : 816 46 64 19 0
153 : 659 236 24 52 1
154 : 694 23 18 68 1
155 : 859 620 40 31 0
156 : 791 422 46 27 0
157 : 706 86 20 61 1
158 : 319 699 32 38 1
159 : 280 239 52 24 0
160 : 856 698 38 32 0
161 : 731 794 34 36 1
162 : 346 592 30 41 1
163 : 973 461 44 27 1
164 : 121 657 31 39 1
165 : 254 86 20 61 1
166 : 340 794 33 36 1
167 : 799 375 26 47 1
168 : 602 350 48 25 0
169 : 497 737 32 37 1
170 : 387 81 62 19 0
171 : 899 622 31 40 1
172 : 924 485 28 44 1
173 : 655 349 48 25 0
174 : 387 62 19 63 1
175 : 488 375 47 26 0
176 : 939 624 40 30 0
177 : 141 423 46 26 0
178 : 654 794 36 33 0
179 : 330 622 40 30 0
180 : 0 139 20 59 1
181 : 183 836 34 35 1
182 : 950 737 37 32 0
183 : 557 521 28 43 1
184 : 925 794 33 36 1
185 : 47 423 26 46 1
186 : 766 141 21 58 1
187 : 906 593 29 41 1
188 : 49 328 24 49 1
189 : 815 734 33 37 1
190 : 395 737 32 37 1
191 : 114 737 37 32 0
192 : 0 176 56 21 0
193 : 130 43 65 18 0
194 : 332 276 23 51 1
195 : 762 276 23 51 1
196 : 0 660 30 39 1
197 : 759 299 50 24 0
198 : 458 239 52 23 0
199 : 155 737 37 32 0
200 : 919 276 51 23 0
201 : 316 522 27 43 1
202 : 387 657 30 39 1
203 : 449 350 48 24 0
204 : 550 177 56 21 0
205 : 0 380 25 47 1
206 : 201 328 24 49 1
207 : 894 709 38 31 0
208 : 449 88 19 61 1
209 : 72 836 33 35 1
210 : 180 139 59 20 0
211 : 290 380 25 47 1
212 : 275 737 31 37 1
213 : 509 522 27 43 1
214 : 376 461 25 45 1
215 : 260 52 18 64 1
216 : 220 522 27 43 1
217 : 0 522 27 43 1
218 : 608 794 36 32 0
219 : 589 657 30 39 1
220 : 380 118 60 19 0
221 : 401 350 24 48 1
222 : 88 522 27 43 1
223 : 125 89 61 19 0
224 : 0 120 60 19 0
225 : 676 661 29 39 1
226 : 241 657 30 39 1
227 : 144 386 24 47 1
228 : 44 486 26 44 1
229 : 184 485 26 44 1
230 : 315 120 60 19 0
231 : 919 299 50 23 0
232 : 746 177 56 20 0
233 : 359 526 43 27 0
234 : 467 661 29 39 1
235 : 176 159 57 20 0
236 : 195 44 65 17 0
237 : 464 218 21 53 1
238 : 613 276 51 22 0
239 : 880 47 18 64 1
240 : 905 386 47 24 0
241 : 454 276 51 22 0
242 : 0 62 63 18 0
243 : 0 737 30 37 1
244 : 534 425 24 46 1
245 : 779 527 26 43 1
246 : 460 794 31 36 1
247 : 553 351 48 23 0
248 : 0 425 46 24 0
249 : 510 119 19 60 1
250 : 767 794 31 36 1
251 : 376 794 31 36 1
252 : 123 629 28 40 1
253 : 424 425 46 24 0
254 : 118 141 58 19 0
255 : 648 526 26 43 1
256 : 43 553 27 42 1
257 : 0 102 18 61 1
258 : 596 629 40 28 0
259 : 777 737 30 37 1
260 : 754 626 28 40 1
261 : 744 423 46 24 0
262 : 659 215 54 21 0
263 : 176 527 26 43 1
264 : 908 873 33 34 1
265 : 218 837 35 32 0
266 : 571 794 36 31 0
267 : 274 486 25 44 1
268 : 74 737 30 37 1
269 : 728 578 27 41 0
270 : 191 387 23 47 1
271 : 645 61 64 17 0
272 : 43 527 26 43 1
273 : 63 62 17 63 1
274 : 859 593 27 41 1
275 : 135 486 44 25 0
276 : 363 152 58 19 0
277 : 34 903 33 33 0
278 : 373 486 44 25 0
279 : 250 328 49 22 0
280 : 199 709 29 38 1
281 : 809 301 50 22 0
282 : 979 239 51 21 1
283 : 620 737 30 37 1
284 : 111 794 31 36 1
285 : 37 737 30 37 1
286 : 380 100 18 61 1
287 : 928 461 24 45 1
288 : 131 528 25 43 1
289 : 163 629 40 27 0
290 : 822 554 26 42 1
291 : 606 195 20 55 1
292 : 203 630 40 27 0
293 : 303 795 30 36 1
294 : 603 873 34 32 0
295 : 229 738 29 37 1
296 : 785 661 39 28 0
297 : 250 350 48 23 0
298 : 901 906 32 33 1
299 : 243 630 40 27 0
300 : 184 461 24 45 1
301 : 625 486 24 44 1
302 : 952 387 23 47 1
303 : 580 738 29 37 1
304 : 874 220 20 53 1
305 : 426 664 27 39 1
306 : 116 177 19 56 1
307 : 625 462 45 24 0
308 : 192 738 37 29 0
309 : 60 121 18 60 1
310 : 803 795 30 36 1
311 : 734 738 37 29 0
312 : 417 494 24 44 1
313 : 506 663 27 39 1
314 : 0 593 26 41 1
315 : 93 428 23 46 1
316 : 285 425 46 23 0
317 : 703 352 48 22 0
318 : 254 106 61 17 0
319 : 706 106 61 17 0
320 : 278 463 23 45 1
321 : 474 593 26 41 1
322 : 337 387 23 47 1
323 : 154 301 50 21 0
324 : 628 662 39 27 0
325 : 383 303 50 21 0
326 : 165 240 52 20 0
327 : 927 239 52 20 0
328 : 816 65 17 63 1
329 : 351 738 37 29 0
330 : 440 123 17 60 1
331 : 120 124 17 60 1
332 : 280 663 27 39 1
333 : 239 140 18 59 1
334 : 837 428 23 46 1
335 : 408 904 32 33 1
336 : 714 486 24 44 1
337 : 730 463 23 45 1
338 : 433 593 26 41 1
339 : 253 837 30 35 1
340 : 859 303 50 21 0
341 : 408 873 34 31 0
342 : 218 239 52 20 0
343 : 534 796 36 29 0
344 : 84 594 41 25 0
345 : 39 662 27 39 1
346 : 45 463 23 45 1
347 : 873 672 26 39 1
348 : 484 837 30 35 1
349 : 875 837 35 30 0
350 : 263 529 24 43 1
351 : 312 747 37 28 0
352 : 688 155 18 58 1
353 : 679 620 26 40 0
354 : 237 711 27 38 1
355 : 713 530 24 43 1
356 : 578 905 32 33 1
357 : 786 488 24 44 1
358 : 661 196 19 55 1
359 : 432 737 37 28 1
360 : 59 139 18 59 1
361 : 282 219 53 20 0
362 : 695 747 28 37 1
363 : 814 767 28 37 1
364 : 846 387 22 47 1
365 : 156 710 27 38 1
366 : 41 636 40 26 0
367 : 713 215 19 54 1
368 : 706 123 60 17 0
369 : 834 672 26 39 1
370 : 496 809 28 36 1
371 : 402 554 42 25 0
372 : 194 352 21 48 1
373 : 534 748 28 37 1
374 : 412 797 29 36 1
375 : 600 531 43 24 0
376 : 894 740 37 28 0
377 : 111 196 55 19 0
378 : 236 428 22 46 1
379 : 961 806 28 36 1
380 : 517 243 52 19 0
381 : 956 664 26 39 1
382 : 779 912 31 33 1
383 : 715 672 26 39 1
384 : 852 747 37 28 0
385 : 709 70 63 16 0
386 : 96 387 47 22 0
387 : 874 240 52 20 0
388 : 61 104 17 61 1
389 : 713 554 24 42 1
390 : 295 594 25 41 1
391 : 850 912 33 31 0
392 : 165 944 32 32 0
393 : 716 197 18 55 1
394 : 145 838 35 29 0
395 : 165 221 53 19 0
396 : 672 595 25 41 1
397 : 581 69 63 16 0
398 : 0 944 32 32 0
399 : 244 123 17 60 1
400 : 769 767 37 27 0
401 : 617 767 27 37 1
402 : 174 914 30 33 1
403 : 219 549 43 24 0
404 : 323 873 34 30 0
405 : 387 595 25 41 1
406 : 107 241 52 20 0
407 : 812 912 33 31 0
408 : 611 913 33 30 0
409 : 101 304 50 20 0
410 : 636 637 25 40 1
411 : 671 912 33 31 0
412 : 739 711 38 27 0
413 : 204 308 20 50 1
414 : 229 478 45 22 0
415 : 133 944 32 32 0
416 : 78 664 26 39 1
417 : 967 548 42 24 1
418 : 256 70 63 16 0
419 : 49 352 48 21 0
420 : 579 108 16 61 1
421 : 422 711 38 26 0
422 : 515 593 25 41 1
423 : 839 797 28 36 1
424 : 319 673 26 39 1
425 : 227 220 19 53 1
426 : 984 22 63 16 1
427 : 560 498 23 44 1
428 : 744 388 21 47 1
429 : 460 767 37 27 0
430 : 732 767 37 27 0
431 : 288 873 29 34 1
432 : 147 810 28 36 1
433 : 469 636 25 40 1
434 : 748 873 30 34 1
435 : 690 798 36 28 0
436 : 552 549 23 43 1
437 : 875 810 36 27 0
438 : 488 401 21 47 1
439 : 595 555 24 42 1
440 : 122 108 16 61 1
441 : 584 687 25 39 1
442 : 441 107 61 16 0
443 : 582 712 38 26 0
444 : 830 496 23 44 1
445 : 509 912 30 33 1
446 : 879 65 63 16 0
447 : 640 124 60 16 0
448 : 476 912 30 33 1
449 : 694 428 46 21 0
450 : 791 401 21 47 1
451 : 515 478 22 45 1
452 : 571 767 27 37 1
453 : 637 568 23 42 1
454 : 406 216 18 54 1
455 : 656 329 49 20 0
456 : 0 360 20 48 1
457 : 238 387 21 47 1
458 : 713 845 28 35 1
459 : 556 596 24 41 1
460 : 755 602 41 24 0
461 : 86 549 43 23 0
462 : 47 388 21 47 1
463 : 349 767 27 37 1
464 : 0 276 19 51 1
465 : 569 245 19 52 1
466 : 705 637 24 40 1
467 : 678 845 28 35 1
468 : 306 944 32 30 0
469 : 542 912 30 33 1
470 : 171 568 23 42 1
471 : 505 276 19 51 1
472 : 41 596 41 24 0
473 : 266 810 27 36 1
474 : 910 845 28 35 1
475 : 545 673 25 39 1
476 : 797 596 41 24 0
477 : 383 687 25 39 1
478 : 296 178 56 17 0
479 : 304 571 23 42 1
480 : 816 200 17 55 1
481 : 102 913 30 33 1
482 : 550 198 17 55 1
483 : 435 140 16 59 1
484 : 129 568 23 42 1
485 : 767 217 54 18 0
486 : 357 712 26 38 1
487 : 269 276 51 19 0
488 : 88 500 44 22 0
489 : 183 108 61 16 0
490 : 228 500 44 22 0
491 : 711 873 28 34 1
492 : 504 570 23 42 1
493 : 754 672 25 39 0
494 : 192 767 37 26 0
495 : 942 974 31 31 0
496 : 827 124 16 60 1
497 : 597 606 23 41 1
498 : 497 355 48 20 0
499 : 642 845 28 35 1
500 : 240 944 30 32 1
501 : 794 637 40 24 0
502 : 52 245 52 18 0
503 : 885 162 57 17 0
504 : 358 673 25 39 0
505 : 262 569 23 42 1
506 : 328 479 21 45 1
507 : 606 331 49 19 0
508 : 421 975 31 30 0
509 : 318 500 22 44 1
510 : 207 607 23 41 1
511 : 117 712 38 25 0
512 : 504 712 25 38 1
513 : 116 160 57 17 0
514 : 183 810 26 36 1
515 : 441 920 28 33 1
516 : 125 606 23 41 1
517 : 254 309 50 19 0
518 : 412 846 27 35 1
519 : 338 846 27 35 1
520 : 465 690 24 39 1
521 : 442 874 28 34 1
522 : 0 159 17 57 1
523 : 0 405 20 47 1
524 : 219 811 26 36 1
525 : 229 767 37 25 0
526 : 513 500 22 44 1
527 : 248 607 41 23 0
528 : 623 689 39 24 0
529 : 0 197 17 55 1
530 : 951 712 25 38 1
531 : 0 308 50 19 0
532 : 673 260 18 51 0
533 : 67 916 29 33 1
534 : 736 975 31 30 0
535 : 207 914 29 33 1
536 : 229 974 31 31 0
537 : 504 308 50 19 0
538 : 553 332 49 19 0
539 : 916 945 32 29 0
540 : 39 689 24 39 1
541 : 0 549 22 43 1
542 : 90 479 45 21 0
543 : 357 873 34 28 0
544 : 441 405 47 20 0
545 : 85 572 22 42 1
546 : 0 571 22 42 1
547 : 275 712 25 38 1
548 : 465 201 17 55 1
549 : 378 441 20 46 1
550 : 117 688 39 24 0
551 : 864 571 22 42 1
552 : 931 441 20 46 1
553 : 0 245 52 18 0
554 : 336 975 30 31 1
555 : 253 889 34 27 0
556 : 0 875 34 28 0
557 : 0 767 37 25 0
558 : 942 874 28 34 1
559 : 751 369 48 19 0
560 : 166 606 23 41 1
561 : 272 945 29 32 1
562 : 111 769 37 25 0
563 : 238 408 47 20 0
564 : 758 486 21 44 0
565 : 942 162 57 16 0
566 : 240 916 28 33 1
567 : 241 687 39 24 0
568 : 283 640 40 23 0
569 : 135 916 28 33 1
570 : 66 945 29 32 1
571 : 592 402 47 20 0
572 : 386 769 25 37 1
573 : 606 846 35 27 0
574 : 0 637 23 40 1
575 : 662 690 24 39 1
576 : 180 124 15 60 1
577 : 37 810 26 36 1
578 : 373 847 26 35 1
579 : 140 889 27 34 1
580 : 762 847 26 35 1
581 : 217 259 52 18 0
582 : 570 124 60 15 0
583 : 76 713 38 24 0
584 : 38 713 38 24 0
585 : 777 713 38 24 0
586 : 737 946 29 32 1
587 : 560 449 45 20 1
588 : 205 277 18 51 1
589 : 306 549 22 43 1
590 : 375 137 60 15 0
591 : 705 333 49 19 0
592 : 656 311 18 50 1
593 : 260 974 31 30 0
594 : 931 769 25 37 1
595 : 0 713 38 24 0
596 : 691 526 43 22 1
597 : 509 640 40 23 0
598 : 697 408 20 47 1
599 : 691 260 51 18 1
600 : 266 768 37 25 0
601 : 779 689 39 24 0
602 : 73 810 26 36 1
603 : 889 768 25 37 1
604 : 620 713 24 38 1
605 : 355 920 33 27 0
606 : 948 945 29 32 1
607 : 285 405 20 47 1
608 : 74 767 25 37 1
609 : 82 619 22 41 1
610 : 700 975 31 30 0
611 : 803 846 35 26 0
612 : 78 690 23 39 1
613 : 969 339 19 48 0
614 : 604 510 21 44 1
615 : 420 331 49 19 0
616 : 81 641 23 40 1
617 : 700 140 15 59 1
618 : 34 876 27 34 1
619 : 427 641 23 40 1
620 : 838 846 26 35 1
621 : 509 549 21 43 1
622 : 298 361 19 48 1
623 : 130 976 31 29 0
624 : 0 976 31 29 0
625 : 447 848 26 35 1
626 : 461 551 43 21 0
627 : 817 250 52 18 0
628 : 657 769 25 37 1
629 : 497 769 37 24 0
630 : 428 619 41 22 0
631 : 704 920 33 28 0
632 : 338 947 28 32 1
633 : 977 410 20 46 0
634 : 515 618 41 22 0
635 : 714 510 44 20 0
636 : 37 767 25 37 1
637 : 838 409 19 47 1
638 : 644 913 27 33 0
639 : 289 619 41 21 0
640 : 148 769 37 24 0
641 : 94 409 47 19 0
642 : 0 690 39 23 0
643 : 878 960 27 32 1
644 : 568 848 35 25 0
645 : 68 890 26 34 1
646 : 444 572 42 21 0
647 : 421 948 27 32 1
648 : 0 811 36 24 0
649 : 704 948 27 32 1
650 : 641 946 32 27 1
651 : 956 690 22 39 1
652 : 866 551 20 43 1
653 : 291 994 30 28 0
654 : 370 958 32 27 0
655 : 909 322 50 17 0
656 : 838 596 21 41 0
657 : 546 572 42 21 0
658 : 869 260 52 16 0
659 : 926 259 17 52 1
660 : 107 848 35 25 0
661 : 580 479 19 45 1
662 : 62 994 29 30 1
663 : 504 690 22 39 1
664 : 737 920 33 26 0
665 : 32 959 27 32 1
666 : 573 959 32 27 0
667 : 955 1008 29 29 0
668 : 323 652 21 40 1
669 : 302 825 36 24 0
670 : 519 848 35 24 0
671 : 423 774 23 37 1
672 : 280 690 22 39 1
673 : 151 322 17 50 1
674 : 694 775 23 37 1
675 : 668 961 26 32 1
676 : 837 651 40 21 0
677 : 109 825 36 23 0
678 : 570 825 23 36 1
679 : 765 260 16 52 1
680 : 288 849 35 24 0
681 : 208 890 24 34 1
682 : 187 443 18 46 1
683 : 559 162 57 15 0
684 : 35 853 35 23 0
685 : 759 162 57 15 0
686 : 979 624 40 21 1
687 : 174 890 24 34 1
688 : 161 1002 28 30 1
689 : 482 867 23 35 1
690 : 621 260 52 16 0
691 : 942 178 56 15 0
692 : 639 444 46 18 0
693 : 636 1004 30 28 0
694 : 506 1008 28 29 1
695 : 346 370 17 48 1
696 : 409 201 15 55 1
697 : 159 260 52 16 0
698 : 296 164 57 14 0
699 : 228 181 56 14 0
700 : 172 179 15 56 1
701 : 532 825 23 36 1
702 : 880 179 56 15 0
703 : 759 323 16 50 1
704 : 967 920 25 33 1
705 : 851 775 37 22 0
706 : 448 825 36 23 0
707 : 934 920 33 25 0
708 : 637 978 31 26 0
709 : 0 852 35 23 0
710 : 376 825 36 22 0
711 : 873 867 23 35 1
712 : 0 920 24 33 1
713 : 335 261 52 15 0
714 : 699 1005 26 30 1
715 : 945 851 35 23 0
716 : 409 187 56 14 0
717 : 260 1004 30 27 0
718 : 549 653 20 40 1
719 : 273 921 33 24 0
720 : 272 511 44 18 0
721 : 161 976 31 26 0
722 : 213 573 42 19 0
723 : 56 180 56 14 0
724 : 767 825 36 22 0
725 : 422 691 20 39 1
726 : 605 984 31 25 0
727 : 936 193 14 56 1
728 : 142 867 22 35 1
729 : 839 825 21 36 1
730 : 602 1009 27 29 1
731 : 54 230 53 15 0
732 : 253 867 35 22 0
733 : 798 553 42 19 1
734 : 564 1028 27 28 1
735 : 102 891 34 22 0
736 : 801 984 31 25 0
737 : 803 825 21 36 1
738 : 973 977 31 25 1
739 : 146 370 16 48 1
740 : 835 479 17 45 1
741 : 759 1027 28 27 0
742 : 798 1009 29 26 0
743 : 729 1005 30 25 0
744 : 127 1005 25 30 1
745 : 33 936 33 23 0
746 : 968 769 37 20 1
747 : 319 1028 27 28 1
748 : 476 890 22 34 1
749 : 70 869 21 35 1
750 : 637 891 34 22 0
751 : 398 1005 25 30 1
752 : 306 921 33 23 0
753 : 29 1028 27 28 1
754 : 867 890 34 22 0
755 : 534 776 37 20 0
756 : 769 962 23 32 1
757 : 740 447 16 46 1
758 : 913 1048 27 27 0
759 : 835 962 23 32 1
760 : 303 775 20 37 1
761 : 535 409 16 47 1
762 : 474 942 22 33 1
763 : 877 653 40 19 0
764 : 48 373 48 15 0
765 : 197 962 32 23 0
766 : 803 961 32 23 0
767 : 458 262 52 14 0
768 : 883 938 22 33 1
769 : 104 261 14 52 1
770 : 256 295 14 51 1
771 : 412 826 36 20 0
772 : 132 511 44 17 0
773 : 588 579 42 17 0
774 : 953 339 48 15 1
775 : 428 1009 29 25 0
776 : 816 891 34 21 0
777 : 0 619 18 41 1
778 : 713 619 18 41 1
779 : 452 985 24 31 1
780 : 337 195 53 14 1
781 : 388 936 33 22 0
782 : 745 654 40 18 0
783 : 815 1048 27 27 0
784 : 460 714 38 19 0
785 : 507 962 32 23 0
786 : 544 891 34 21 0
787 : 510 262 52 14 0
788 : 671 891 21 34 1
789 : 575 937 22 33 1
790 : 782 891 21 34 1
791 : 539 962 32 23 0
792 : 98 963 22 32 1
793 : 223 1005 30 24 0
794 : 638 620 17 41 1
795 : 809 323 14 50 1
796 : 218 869 35 21 0
797 : 892 1012 25 29 1
798 : 282 448 46 15 0
799 : 606 826 20 36 1
800 : 191 1028 28 26 0
801 : 510 891 34 21 0
802 : 0 792 19 37 1
803 : 658 714 18 38 1
804 : 912 691 18 39 1
805 : 321 1005 23 30 1
806 : 905 371 15 48 1
807 : 796 620 17 41 1
808 : 832 985 31 22 0
809 : 370 324 50 14 0
810 : 976 886 34 20 1
811 : 686 578 17 42 1
812 : 269 263 52 13 0
813 : 506 985 31 23 0
814 : 469 619 41 17 0
815 : 980 851 20 35 0
816 : 474 964 21 32 1
817 : 229 792 37 19 0
818 : 370 622 40 17 1
819 : 101 324 14 50 1
820 : 192 985 31 22 0
821 : 176 511 16 44 1
822 : 643 552 16 43 1
823 : 262 553 16 43 1
824 : 247 1031 24 28 1
825 : 842 1048 26 27 1
826 : 457 1009 29 24 1
827 : 694 1031 28 24 0
828 : 559 1055 26 26 0
829 : 177 870 20 35 1
830 : 666 1028 24 28 1
831 : 0 263 13 52 1
832 : 0 295 13 51 1
833 : 37 792 18 37 1
834 : 767 985 22 31 1
835 : 817 580 16 42 1
836 : 338 827 19 36 1
837 : 362 511 15 44 1
838 : 453 948 32 21 1
839 : 96 985 31 22 0
840 : 517 872 19 35 1
841 : 483 985 30 23 1
842 : 744 409 47 14 0
843 : 60 1023 23 29 1
844 : 85 1049 27 25 0
845 : 367 985 31 22 0
846 : 74 792 18 37 1
847 : 194 373 48 14 0
848 : 41 620 41 16 0
849 : 157 1030 28 24 0
850 : 932 709 18 38 0
851 : 160 693 17 39 1
852 : 659 1052 27 25 0
853 : 690 826 36 19 0
854 : 729 1030 28 24 0
855 : 47 409 14 47 1
856 : 605 963 21 32 1
857 : 859 324 50 13 0
858 : 542 714 38 18 0
859 : 219 1029 28 24 0
860 : 118 1030 28 24 0
861 : 242 373 14 48 1
862 : 391 579 16 42 1
863 : 857 373 14 48 1
864 : 172 553 15 43 1
865 : 380 1030 24 28 1
866 : 537 985 31 21 0
867 : 31 986 31 21 0
868 : 46 449 14 46 1
869 : 402 1057 25 26 1
870 : 100 943 33 20 0
871 : 112 1054 24 27 1
872 : 784 1058 26 25 0
873 : 481 1015 29 23 1
874 : 911 827 36 18 0
875 : 287 902 34 19 0
876 : 42 580 42 16 0
877 : 631 1032 28 23 0
878 : 290 1022 23 29 1
879 : 507 942 20 33 1
880 : 532 1049 27 25 0
881 : 375 1054 27 24 0
882 : 863 987 31 21 0
883 : 705 901 34 19 0
884 : 540 942 20 33 1
885 : 757 1054 27 24 0
886 : 832 872 35 19 0
887 : 925 1005 30 22 0
888 : 779 512 15 44 1
889 : 0 1005 22 30 1
890 : 608 943 33 20 0
891 : 797 872 35 19 0
892 : 630 591 15 42 1
893 : 620 1055 26 25 0
894 : 30 1007 21 30 1
895 : 686 1055 25 26 1
896 : 219 1053 27 24 0
897 : 787 1035 28 23 0
898 : 199 693 16 39 1
899 : 205 295 13 51 1
900 : 505 295 13 51 1
901 : 537 1006 30 21 0
902 : 129 553 43 15 0
903 : 421 480 14 45 1
904 : 571 986 31 21 0
905 : 44 512 44 15 0
906 : 676 873 18 35 1
907 : 28 1055 27 23 0
908 : 641 873 18 35 1
909 : 585 1058 24 26 1
910 : 492 1058 24 26 1
911 : 827 1026 22 29 1
912 : 408 1034 23 28 1
913 : 642 827 36 18 0
914 : 552 873 35 18 0
915 : 980 945 32 20 1
916 : 191 1007 21 30 1
917 : 535 1027 29 22 0
918 : 885 1037 28 22 0
919 : 303 1055 25 26 1
920 : 845 943 33 19 0
921 : 89 1027 29 22 0
922 : 869 1059 24 26 1
923 : 207 943 19 33 1
924 : 504 1036 28 22 0
925 : 357 901 34 19 0
926 : 668 987 31 20 0
927 : 185 1054 23 27 1
928 : 105 873 35 18 0
929 : 940 1059 26 24 0
930 : 454 1065 24 26 1
931 : 856 730 17 38 1
932 : 428 1059 24 26 1
933 : 253 592 15 42 1
934 : 185 793 37 17 0
935 : 722 1054 27 23 0
936 : 755 587 15 42 1
937 : 543 698 16 39 1
938 : 888 793 37 17 0
939 : 139 1054 23 27 1
940 : 313 731 38 16 0
941 : 127 591 42 15 0
942 : 592 1036 28 22 0
943 : 143 410 13 47 1
944 : 304 974 20 32 1
945 : 329 1068 25 25 0
946 : 442 902 34 18 0
947 : 402 958 32 19 1
948 : 169 591 15 42 1
949 : 666 1007 30 21 0
950 : 211 592 15 42 1
951 : 910 974 32 19 0
952 : 542 732 38 16 0
953 : 567 1007 30 21 0
954 : 96 374 48 13 0
955 : 266 793 37 17 0
956 : 950 1037 28 22 0
957 : 64 974 32 20 0
958 : 36 836 36 17 0
959 : 148 793 37 17 0
960 : 770 943 19 33 1
961 : 92 1007 20 30 1
962 : 856 1027 29 21 0
963 : 518 1074 25 24 0
964 : 55 1067 23 26 1
965 : 671 943 18 33 1
966 : 726 828 36 17 0
967 : 57 1046 21 28 1
968 : 0 1067 26 23 0
969 : 81 1074 25 24 0
970 : 497 793 37 16 0
971 : 0 835 36 17 0
972 : 351 1007 20 30 1
973 : 321 903 18 34 1
974 : 966 1065 23 26 1
975 : 978 1037 21 28 0
976 : 942 902 34 18 0
977 : 696 731 38 16 0
978 : 947 834 17 36 1
979 : 921 1027 29 21 0
980 : 273 1066 26 23 0
981 : 745 903 17 34 1
982 : 464 1044 28 21 0
983 : 803 943 33 18 0
984 : 275 1045 28 21 0
985 : 0 903 17 34 1
986 : 759 1007 30 20 0
987 : 351 1027 29 20 0
988 : 436 1038 21 28 1
989 : 832 1007 30 19 0
990 : 842 1074 24 24 0
991 : 391 873 34 17 1
992 : 0 1027 20 29 1
993 : 894 993 31 19 0
994 : 810 1075 24 24 0
995 : 347 1047 21 28 1
996 : 862 1008 30 19 0
997 : 0 1047 28 20 0
998 : 246 1055 22 27 1
999 : 669 513 13 44 1
