200 252
0 : 106 127 15 72 0
1 : 83 129 15 47 0
2 : 153 48 67 11 1
3 : 0 0 56 39 0
4 : 77 86 6 35 0
5 : 153 166 11 17 0
6 : 191 216 8 20 0
7 : 121 214 22 8 1
8 : 14 218 8 12 1
9 : 51 61 3 16 0
10 : 83 210 11 9 0
11 : 191 0 9 61 0
12 : 26 118 47 7 1
13 : 106 199 11 11 0
14 : 33 101 5 18 0
15 : 77 149 6 22 0
16 : 186 122 5 7 0
17 : 98 154 6 14 0
18 : 26 61 25 21 0
19 : 164 25 22 4 1
20 : 153 183 16 11 1
21 : 0 101 33 17 0
22 : 144 194 8 7 1
23 : 164 114 4 8 0
24 : 106 0 26 110 0
25 : 164 94 11 4 1
26 : 132 162 58 12 1
27 : 56 49 56 21 1
28 : 83 27 21 102 0
29 : 98 129 6 25 0
30 : 191 61 9 51 0
31 : 168 195 16 11 1
32 : 186 66 30 5 1
33 : 191 204 12 9 1
34 : 164 122 4 6 0
35 : 0 118 26 16 0
36 : 14 150 68 12 1
37 : 0 208 20 10 1
38 : 0 61 21 26 1
39 : 168 175 20 12 1
40 : 56 105 49 16 1
41 : 77 121 6 28 0
42 : 51 117 11 3 1
43 : 56 168 37 12 1
44 : 191 186 9 18 0
45 : 104 27 2 9 0
46 : 72 105 5 14 0
47 : 164 65 15 4 1
48 : 191 112 39 9 1
49 : 121 127 64 10 1
50 : 144 162 32 7 1
51 : 0 134 16 26 1
52 : 132 48 99 21 1
53 : 0 82 38 19 0
54 : 132 25 23 32 1
55 : 77 49 6 37 0
56 : 0 39 22 54 1
57 : 132 0 25 36 1
58 : 56 0 50 27 0
59 : 56 27 27 22 0
60 : 168 211 8 41 0
61 : 168 0 66 23 1
62 : 72 119 8 5 1
63 : 51 77 15 3 1
64 : 83 176 18 12 1
65 : 164 105 9 4 1
66 : 104 36 6 2 1
67 : 98 168 9 6 1
68 : 33 119 5 8 0
69 : 164 47 4 18 0
70 : 132 147 15 19 1
71 : 186 114 8 5 1
72 : 164 80 14 4 1
73 : 38 82 48 13 1
74 : 56 154 14 14 0
75 : 121 191 23 10 1
76 : 186 96 5 18 0
77 : 153 199 10 23 0
78 : 153 115 51 11 1
79 : 0 150 58 14 1
80 : 26 188 7 12 0
81 : 106 210 10 9 0
82 : 83 194 16 12 1
83 : 51 92 13 3 1
84 : 191 151 35 9 1
85 : 38 174 34 12 1
86 : 106 110 17 25 1
87 : 33 127 3 3 0
88 : 26 165 7 23 0
89 : 56 205 10 20 0
90 : 168 66 109 18 1
91 : 26 200 7 7 0
92 : 77 171 6 6 0
93 : 38 130 44 13 1
94 : 54 39 3 1 1
95 : 51 105 3 12 0
96 : 38 208 10 11 1
