92 266
0 : 0 0 11 9 0
1 : 11 0 1 1 0
2 : 12 0 9 11 1
3 : 23 0 1 29 1
4 : 52 0 9 11 1
5 : 63 0 19 15 0
6 : 11 9 50 29 0
7 : 61 15 1 19 1
8 : 61 16 18 18 0
9 : 0 38 12 45 1
10 : 61 34 19 15 0
11 : 80 15 14 12 1
12 : 45 49 12 45 1
13 : 0 50 27 13 0
14 : 27 61 43 13 0
15 : 0 74 55 13 0
16 : 55 74 31 13 0
17 : 0 87 19 15 0
18 : 0 102 11 79 1
19 : 0 113 50 50 0
20 : 90 29 2 37 0
21 : 79 87 31 13 1
22 : 0 163 92 17 0
23 : 0 180 21 13 0
24 : 21 180 11 9 0
25 : 32 180 33 13 0
26 : 21 193 28 13 0
27 : 49 193 1 29 1
28 : 78 180 13 10 0
29 : 49 194 27 13 0
30 : 0 207 17 88 1
31 : 0 224 19 15 0
32 : 91 180 1 19 0
33 : 0 239 86 17 0
34 : 88 190 1 48 0
35 : 86 238 4 6 1
36 : 0 256 13 10 0
37 : 86 242 4 6 1
