35 798
0 : 0 168 12 10 0
1 : 0 0 2 31 1
2 : 14 15 10 13 0
3 : 0 388 16 16 0
4 : 0 404 16 16 0
5 : 7 766 16 16 0
6 : 7 750 16 16 0
7 : 7 10 2 15 1
8 : 0 243 8 7 0
9 : 7 651 13 13 0
10 : 7 635 16 16 0
11 : 8 243 8 7 1
12 : 7 619 16 16 0
13 : 7 15 16 7 1
14 : 7 587 16 16 0
15 : 0 251 16 15 1
16 : 7 572 15 15 0
17 : 0 109 24 21 1
18 : 31 0 1 26 0
19 : 7 540 16 16 0
20 : 0 133 11 14 1
21 : 0 144 24 21 1
22 : 0 267 16 15 1
23 : 0 420 16 16 0
24 : 0 436 16 16 0
25 : 23 540 7 7 0
26 : 7 723 16 16 0
27 : 0 283 13 14 1
28 : 0 296 16 15 1
29 : 29 2 2 7 0
30 : 12 168 8 10 0
31 : 0 198 13 11 1
32 : 0 312 16 15 1
33 : 0 328 13 12 0
34 : 0 476 16 16 0
35 : 0 492 16 16 0
36 : 32 11 1 1 0
37 : 7 8 2 16 1
38 : 0 188 12 10 0
39 : 12 178 8 10 0
40 : 0 178 12 10 0
41 : 0 452 24 24 0
42 : 0 340 16 15 1
43 : 0 356 16 15 1
44 : 0 508 32 32 0
45 : 0 540 7 7 0
46 : 7 2 3 22 1
47 : 7 556 16 16 0
48 : 7 680 16 16 0
49 : 0 2 35 7 1
50 : 7 603 16 16 0
51 : 7 5 3 19 1
52 : 7 12 3 15 1
53 : 0 85 24 21 1
54 : 7 664 16 16 0
55 : 0 372 16 15 1
56 : 7 782 16 16 0
57 : 7 696 16 16 0
58 : 7 712 11 11 0
59 : 0 211 16 15 1
60 : 7 739 11 11 0
61 : 0 61 24 21 1
62 : 0 37 24 21 1
63 : 0 227 16 15 1
64 : 32 0 3 11 0
