40400 46761
0 : 0 43996 4629 1596 0
1 : 24093 45250 2919 783 0
2 : 0 40691 8067 1832 0
3 : 6846 37537 7180 2974 0
4 : 22385 44923 1685 1708 1
5 : 37875 45512 2029 601 0
6 : 0 0 15046 7040 0
7 : 29945 20725 6726 7039 1
8 : 15046 25972 7958 5170 0
9 : 34572 38538 3621 4223 1
10 : 0 33926 4358 6846 1
11 : 26175 43982 6272 1268 0
12 : 0 42523 6171 1473 0
13 : 36494 44263 3448 1249 0
14 : 30092 14336 6389 10170 1
15 : 34646 27451 7910 5092 1
16 : 18639 14965 4629 11306 1
17 : 29045 45250 1279 1621 1
18 : 14339 34054 3529 6846 1
19 : 26614 40680 3770 3117 0
20 : 8067 40511 3924 3177 0
21 : 0 45592 2672 556 0
22 : 15046 9743 15046 5222 0
23 : 9809 43688 2050 2287 0
24 : 26688 27451 7958 5152 0
25 : 27012 45250 1063 2033 1
26 : 30384 42159 1823 5782 1
27 : 21185 37232 4047 5429 1
28 : 38795 35361 6416 1491 1
29 : 32489 45398 859 2104 1
30 : 25790 0 6378 12850 1
31 : 14339 31142 10744 2912 0
32 : 11991 40700 4629 2353 0
33 : 11859 45049 2919 838 0
34 : 0 28912 8067 5014 0
35 : 16620 40700 3139 2974 0
36 : 4629 43996 1685 1469 1
37 : 34593 45512 2029 824 0
38 : 0 7040 15046 5406 0
39 : 6846 34208 6726 3329 0
40 : 30092 6378 7958 9256 1
41 : 18162 44923 1080 4223 1
42 : 0 38284 2407 6846 1
43 : 8067 28912 6272 5296 0
44 : 11991 43674 6171 1375 0
45 : 36622 45512 1253 1249 0
46 : 0 12446 6389 10729 1
47 : 10729 14965 7910 7563 0
48 : 25083 32603 4629 6465 1
49 : 2672 45592 503 1621 1
50 : 0 18835 7629 6846 0
51 : 14026 37583 6549 3117 0
52 : 31548 35361 6978 3177 0
53 : 14778 45049 2672 869 0
54 : 0 25681 15046 3231 0
55 : 20575 41279 4676 2287 0
56 : 26614 38538 7958 2142 0
57 : 6171 43688 3638 2033 0
58 : 30666 45398 1823 1064 0
59 : 32447 44263 4047 1135 0
60 : 19759 43566 6416 1357 0
61 : 36166 42159 3842 2104 0
62 : 18639 19594 6378 8049 1
63 : 15046 0 10744 9743 0
