1000 48949
0 : 0 0 602 738 1
1 : 0 602 897 620 1
2 : 0 1499 743 708 1
3 : 0 2242 308 409 1
4 : 0 2550 447 477 0
5 : 738 0 421 71 1
6 : 809 0 167 331 0
7 : 809 331 667 149 1
8 : 0 3027 792 493 1
9 : 493 2242 190 567 0
10 : 0 3819 320 711 0
11 : 0 4530 891 518 1
12 : 0 5421 750 559 1
13 : 0 6171 220 428 1
14 : 976 0 10 55 0
15 : 0 6391 990 287 1
16 : 0 7381 986 840 1
17 : 0 8367 482 431 0
18 : 0 8798 393 471 1
19 : 482 8367 524 139 1
20 : 840 998 963 110 1
21 : 0 9191 554 971 0
22 : 621 8367 143 657 0
23 : 0 10162 621 642 0
24 : 0 10804 628 649 0
25 : 0 11453 633 770 0
26 : 0 12223 473 184 0
27 : 840 1961 729 109 1
28 : 0 12407 601 395 1
29 : 473 12223 151 693 0
30 : 0 13008 342 281 0
31 : 840 2690 82 351 0
32 : 0 13289 531 361 1
33 : 840 3041 82 636 0
34 : 0 13820 926 836 1
35 : 0 14746 844 735 1
36 : 0 15590 246 940 0
37 : 246 15590 867 175 1
38 : 0 16530 560 664 0
39 : 0 17194 896 438 1
40 : 0 18090 711 613 1
41 : 0 18801 860 446 1
42 : 0 19661 182 927 0
43 : 182 19661 579 258 1
44 : 0 20588 753 372 1
45 : 446 18801 153 759 0
46 : 0 21341 361 371 1
47 : 986 0 519 5 1
48 : 446 19560 866 129 1
49 : 0 21702 826 260 1
50 : 0 22528 361 202 1
51 : 0 22889 475 664 0
52 : 0 23553 125 483 0
53 : 0 24036 541 953 0
54 : 0 24989 573 141 1
55 : 141 24989 294 360 1
56 : 735 14746 95 681 0
57 : 141 25283 733 204 1
58 : 0 26016 907 307 1
59 : 0 26923 677 787 0
60 : 0 27710 345 708 0
61 : 0 28418 398 612 0
62 : 0 29030 572 490 1
63 : 0 29602 587 412 1
64 : 0 30189 275 786 0
65 : 0 30975 861 214 1
66 : 0 31836 997 576 1
67 : 0 32833 300 211 0
68 : 300 32833 790 189 1
69 : 0 33044 274 183 0
70 : 0 33623 893 692 1
71 : 0 34516 470 908 0
72 : 0 35424 456 667 0
73 : 0 36091 578 743 0
74 : 0 36834 196 327 1
75 : 840 3677 68 404 0
76 : 327 36834 162 380 0
77 : 840 4081 563 59 1
78 : 0 37214 881 573 1
79 : 0 38095 910 310 1
80 : 0 39005 367 451 0
81 : 0 39456 898 640 1
82 : 840 4644 697 52 1
83 : 0 40354 588 646 0
84 : 0 41000 604 688 0
85 : 991 0 469 1 1
86 : 0 41688 673 461 1
87 : 461 41688 105 307 0
88 : 0 42361 842 370 1
89 : 0 43203 405 788 0
90 : 0 43991 450 912 0
91 : 0 44903 816 750 1
92 : 0 45719 881 179 1
93 : 958 331 16 427 0
94 : 179 45719 547 413 0
95 : 0 46600 689 837 0
96 : 0 47437 380 786 0
97 : 958 758 13 616 0
98 : 380 47437 783 143 1
99 : 0 48223 373 726 0
