200 232
0 : 0 0 110 32 0
1 : 54 207 12 33 1
2 : 43 128 78 15 0
3 : 121 136 62 18 0
4 : 0 187 16 53 1
5 : 115 0 37 76 1
6 : 0 107 14 97 1
7 : 0 121 28 43 1
8 : 66 219 16 9 0
9 : 87 210 15 22 1
10 : 180 72 64 19 1
11 : 190 219 10 13 0
12 : 82 225 4 27 1
13 : 147 218 12 13 1
14 : 183 227 3 6 1
15 : 44 219 7 22 1
16 : 84 154 67 16 0
17 : 176 195 27 14 1
18 : 53 194 13 41 1
19 : 115 37 78 35 0
20 : 0 32 30 115 1
21 : 0 207 8 54 1
22 : 48 72 20 91 1
23 : 60 226 6 6 0
24 : 101 176 72 12 0
25 : 48 92 15 92 1
26 : 158 72 22 58 0
27 : 21 222 19 6 0
28 : 0 62 38 48 1
29 : 97 107 21 61 1
30 : 138 208 10 38 1
31 : 151 154 22 47 1
32 : 101 188 22 37 1
33 : 160 222 5 30 1
34 : 51 226 5 9 1
35 : 160 227 3 15 1
36 : 190 195 24 10 1
37 : 138 188 20 37 1
38 : 129 218 18 13 0
39 : 175 176 23 19 0
40 : 43 143 41 27 0
41 : 109 225 18 5 0
42 : 40 226 6 11 1
43 : 62 170 39 24 0
44 : 0 222 21 6 0
45 : 0 170 62 17 0
46 : 109 210 20 15 0
47 : 175 227 3 8 1
48 : 0 215 44 7 0
