200 266
0 : 0 0 110 32 0
1 : 110 0 12 33 1
2 : 110 12 78 15 0
3 : 110 27 62 18 0
4 : 0 32 16 53 1
5 : 53 45 37 76 1
6 : 0 82 14 97 1
7 : 172 27 28 43 0
8 : 129 45 16 9 0
9 : 145 45 15 22 1
10 : 129 70 64 19 0
11 : 97 82 10 13 1
12 : 110 89 4 27 1
13 : 137 89 12 13 1
14 : 193 70 3 6 1
15 : 193 73 7 22 0
16 : 0 96 67 16 0
17 : 150 89 27 14 0
18 : 67 96 13 41 1
19 : 108 103 78 35 0
20 : 67 138 30 115 1
21 : 0 112 8 54 1
22 : 54 168 20 91 1
23 : 186 89 6 6 0
24 : 186 95 72 12 1
25 : 0 188 15 92 1
26 : 92 188 22 58 1
27 : 150 168 19 6 0
28 : 150 174 38 48 1
29 : 0 203 21 61 1
30 : 61 210 10 38 1
31 : 99 210 22 47 1
32 : 146 212 22 37 1
33 : 61 220 5 30 1
34 : 183 212 5 9 1
35 : 183 217 3 15 1
36 : 0 224 24 10 0
37 : 24 224 20 37 1
38 : 183 220 18 13 1
39 : 61 225 23 19 0
40 : 84 232 41 27 0
41 : 125 232 18 5 0
42 : 143 234 6 11 1
43 : 154 238 39 24 0
44 : 0 234 21 6 0
45 : 21 244 62 17 0
46 : 125 240 20 15 0
47 : 196 220 3 8 0
48 : 83 259 44 7 0
