1000 8526
0 : 0 571 541 745 0
1 : 589 5038 344 301 1
2 : 589 5722 413 294 1
3 : 589 7832 266 341 0
4 : 589 509 543 388 1
5 : 589 1661 367 701 0
6 : 0 1954 526 707 0
7 : 589 6749 286 706 0
8 : 589 6135 614 289 1
9 : 589 2837 348 592 0
10 : 0 5622 673 431 1
11 : 589 2362 475 362 1
12 : 0 5060 562 439 1
13 : 0 1316 530 638 0
14 : 589 1052 609 375 1
15 : 0 7272 540 274 1
16 : 0 3895 486 634 0
17 : 589 7455 272 377 0
18 : 589 4415 623 306 1
19 : 0 7812 266 714 0
20 : 589 3429 341 336 0
21 : 589 5382 340 296 1
22 : 0 4529 531 479 1
23 : 0 0 571 589 1
24 : 0 3221 674 496 1
25 : 0 2661 560 497 1
26 : 589 0 509 389 1
27 : 589 3765 650 332 1
28 : 0 6798 474 285 1
29 : 0 6295 419 503 0
