1000 6603
0 : 0 0 66 61 0
1 : 66 0 62 48 0
2 : 128 0 62 46 0
3 : 190 0 61 43 0
4 : 490 0 39 62 1
5 : 931 0 38 61 1
6 : 552 0 30 71 1
7 : 552 30 56 37 0
8 : 190 43 52 39 0
9 : 490 39 36 55 1
10 : 623 0 74 27 0
11 : 66 48 42 47 1
12 : 931 38 61 32 0
13 : 128 46 58 32 0
14 : 931 70 51 36 0
15 : 66 90 46 40 0
16 : 332 0 79 23 0
17 : 190 82 48 38 0
18 : 411 0 79 23 0
19 : 406 46 30 60 1
20 : 251 0 22 81 1
21 : 128 109 36 49 1
22 : 697 23 25 71 1
23 : 774 21 73 24 0
24 : 0 61 57 31 0
25 : 251 22 72 25 0
26 : 490 108 50 35 0
27 : 128 78 56 31 0
28 : 490 75 33 54 1
29 : 931 106 39 46 1
30 : 853 45 28 63 1
31 : 697 0 77 23 0
32 : 931 145 43 40 0
33 : 66 130 36 48 0
34 : 552 67 56 31 0
35 : 570 98 51 34 1
36 : 623 96 54 32 0
37 : 128 145 44 40 0
38 : 190 120 37 47 1
39 : 853 102 51 34 0
40 : 853 136 48 36 0
41 : 0 92 53 33 0
42 : 0 125 39 45 1
43 : 623 128 34 50 1
44 : 853 0 22 78 1
45 : 406 129 51 33 0
46 : 853 73 29 58 1
47 : 405 23 73 23 0
48 : 853 22 23 73 1
49 : 128 185 37 45 0
50 : 332 23 73 23 0
51 : 697 181 42 40 0
52 : 251 47 26 64 1
53 : 697 117 31 54 1
54 : 774 45 23 72 1
55 : 774 0 79 21 0
56 : 332 169 35 47 1
57 : 697 148 33 50 1
58 : 406 195 39 42 1
59 : 406 162 33 50 1
60 : 251 145 54 30 0
61 : 406 76 60 27 0
62 : 623 195 47 34 0
63 : 623 27 22 73 1
64 : 623 162 49 33 0
65 : 697 221 37 43 0
66 : 774 173 30 52 1
67 : 623 49 67 23 0
68 : 623 229 35 45 1
69 : 697 92 62 25 0
70 : 251 73 24 64 1
71 : 251 233 35 45 1
72 : 251 268 36 43 1
73 : 406 103 26 59 1
74 : 774 327 43 36 1
75 : 697 48 67 23 0
76 : 190 342 34 45 0
77 : 623 72 64 24 0
78 : 406 234 32 48 0
79 : 251 203 30 51 1
80 : 623 264 32 48 0
81 : 251 97 25 61 1
82 : 0 164 55 27 1
83 : 251 175 54 28 0
84 : 623 312 33 46 0
85 : 406 282 31 48 0
86 : 623 358 45 33 1
87 : 490 208 51 29 1
88 : 697 325 43 35 1
89 : 332 46 74 20 0
90 : 251 304 50 29 1
91 : 332 386 40 37 1
92 : 774 148 25 59 1
93 : 406 330 31 47 0
94 : 774 370 30 48 0
95 : 332 426 46 31 1
96 : 332 472 37 39 0
97 : 332 511 37 39 0
98 : 774 126 63 22 0
99 : 332 550 34 42 0
100 : 931 185 26 55 0
101 : 332 592 31 45 0
102 : 697 71 67 21 0
103 : 251 122 23 61 1
104 : 209 157 23 59 0
105 : 774 418 46 30 1
106 : 332 147 62 22 0
107 : 931 240 26 54 0
108 : 66 367 36 39 0
109 : 853 172 59 23 1
110 : 332 66 69 20 0
111 : 251 354 51 27 1
112 : 332 678 31 44 0
113 : 406 377 28 49 0
114 : 853 460 37 37 0
115 : 332 637 34 41 0
116 : 332 722 31 44 0
117 : 623 403 49 28 1
118 : 332 106 65 21 0
119 : 332 86 20 68 1
120 : 853 550 36 38 0
121 : 0 219 55 25 1
122 : 490 259 24 55 0
123 : 590 150 33 40 0
124 : 774 68 70 19 0
125 : 332 766 29 45 0
126 : 332 811 31 43 0
127 : 128 230 57 23 1
128 : 697 368 52 26 1
129 : 332 900 45 29 1
130 : 774 106 20 66 1
131 : 853 231 23 57 0
132 : 332 991 45 29 1
133 : 251 405 51 25 1
134 : 190 387 25 52 0
135 : 570 149 20 63 0
136 : 774 87 69 19 0
137 : 332 1082 44 29 1
138 : 332 945 28 46 0
139 : 853 288 23 56 0
140 : 332 1217 28 45 0
141 : 697 420 26 50 0
142 : 570 900 37 34 1
143 : 332 127 65 20 0
144 : 332 854 28 46 0
145 : 490 143 65 19 1
146 : 0 274 56 23 1
147 : 332 1036 46 27 1
148 : 853 588 28 45 0
149 : 66 406 47 27 1
150 : 570 508 38 33 1
151 : 332 1126 45 28 1
152 : 190 157 64 19 1
153 : 406 426 24 52 0
154 : 552 98 18 68 0
155 : 570 645 40 31 1
156 : 332 1171 46 27 1
157 : 774 203 20 61 0
158 : 570 1187 32 38 0
159 : 190 439 52 24 1
160 : 570 1149 38 32 1
161 : 570 1113 34 36 0
162 : 570 816 30 41 0
163 : 570 685 44 27 1
164 : 570 982 31 39 0
165 : 332 204 20 61 0
166 : 570 2532 33 36 0
167 : 332 1262 26 47 0
168 : 853 680 48 25 1
169 : 570 1676 32 37 0
170 : 352 204 62 19 1
171 : 570 776 31 40 0
172 : 332 1355 28 44 0
173 : 590 190 48 25 1
174 : 876 172 19 63 0
175 : 853 633 47 26 1
176 : 570 1478 40 30 1
177 : 332 1309 46 26 1
178 : 570 1994 36 33 1
179 : 570 1395 40 30 1
180 : 774 264 20 59 0
181 : 570 1565 34 35 0
182 : 570 1600 37 32 1
183 : 570 857 28 43 0
184 : 570 2147 33 36 0
185 : 332 1399 26 46 0
186 : 128 287 21 58 0
187 : 570 1317 29 41 0
188 : 406 528 24 49 0
189 : 570 1358 33 37 0
190 : 570 2067 32 37 0
191 : 570 2030 37 32 1
192 : 490 314 56 21 1
193 : 509 143 65 18 1
194 : 66 453 23 51 0
195 : 697 470 23 51 0
196 : 570 1955 30 39 0
197 : 406 478 50 24 1
198 : 623 452 52 23 1
199 : 570 1918 37 32 1
200 : 190 491 51 23 1
201 : 570 1435 27 43 0
202 : 570 1879 30 39 0
203 : 406 577 48 24 1
204 : 0 330 56 21 1
205 : 853 728 25 47 0
206 : 590 238 24 49 0
207 : 570 1841 38 31 1
208 : 209 216 19 61 0
209 : 570 2612 33 35 0
210 : 697 264 59 20 1
211 : 853 775 25 47 0
212 : 570 2647 31 37 0
213 : 332 1705 27 43 0
214 : 570 937 25 45 0
215 : 27 164 18 64 0
216 : 332 1445 27 43 0
217 : 332 1488 27 43 0
218 : 570 2684 36 32 1
219 : 570 1713 30 39 0
220 : 209 277 60 19 1
221 : 406 625 24 48 0
222 : 332 1531 27 43 0
223 : 190 221 61 19 1
224 : 190 282 60 19 1
225 : 570 2720 29 39 0
226 : 570 1637 30 39 0
227 : 853 822 24 47 0
228 : 332 1574 26 44 0
229 : 332 1618 26 44 0
230 : 876 235 60 19 1
231 : 697 521 50 23 1
232 : 128 402 56 20 1
233 : 332 1662 43 27 1
234 : 570 2759 29 39 0
235 : 128 345 57 20 1
236 : 66 178 65 17 1
237 : 853 497 21 53 0
238 : 697 571 51 22 1
239 : 552 166 18 64 0
240 : 570 729 47 24 1
241 : 190 542 51 22 1
242 : 794 203 63 18 1
243 : 438 234 30 37 0
244 : 570 1021 24 46 0
245 : 570 2489 26 43 0
246 : 434 556 31 36 0
247 : 853 869 48 23 1
248 : 570 1067 46 24 1
249 : 352 266 19 60 0
250 : 437 308 31 36 0
251 : 434 1078 31 36 0
252 : 570 2798 28 40 0
253 : 570 1271 46 24 1
254 : 853 344 58 19 1
255 : 570 2401 26 43 0
256 : 570 2359 27 42 0
257 : 794 266 18 61 0
258 : 570 2838 40 28 1
259 : 434 390 30 37 0
260 : 570 2878 28 40 0
261 : 570 1225 46 24 1
262 : 774 464 54 21 1
263 : 570 2316 26 43 0
264 : 434 1352 33 34 0
265 : 434 1276 35 32 1
266 : 434 1114 36 31 1
267 : 570 2272 25 44 0
268 : 434 472 30 37 0
269 : 570 2918 27 41 0
270 : 853 964 23 47 0
271 : 83 178 64 17 1
272 : 570 2104 26 43 0
273 : 570 212 17 63 0
274 : 570 2959 27 41 0
275 : 570 1752 44 25 1
276 : 352 326 58 19 1
277 : 434 2013 33 33 0
278 : 570 2183 44 25 1
279 : 570 546 49 22 1
280 : 434 637 29 38 0
281 : 697 622 50 22 1
282 : 190 593 51 21 1
283 : 438 271 30 37 0
284 : 434 998 31 36 0
285 : 434 961 30 37 0
286 : 332 265 18 61 0
287 : 570 2444 24 45 0
288 : 570 3000 25 43 0
289 : 434 755 40 27 1
290 : 570 3043 26 42 0
291 : 251 456 20 55 0
292 : 434 715 40 27 1
293 : 434 1574 30 36 0
294 : 434 1503 34 32 1
295 : 434 1537 29 37 0
296 : 434 838 39 28 1
297 : 406 673 48 23 1
298 : 739 181 32 33 0
299 : 434 675 40 27 1
300 : 570 1796 24 45 0
301 : 570 3085 24 44 0
302 : 853 917 23 47 0
303 : 434 2125 29 37 0
304 : 251 511 20 53 0
305 : 434 2086 27 39 0
306 : 128 458 19 56 0
307 : 570 2227 45 24 1
308 : 434 1425 37 29 1
309 : 931 294 18 60 0
310 : 434 1891 30 36 0
311 : 434 1770 37 29 1
312 : 570 3129 24 44 0
313 : 434 2162 27 39 0
314 : 434 1192 26 41 0
315 : 332 1748 23 46 0
316 : 332 1840 46 23 1
317 : 853 1011 48 22 1
318 : 717 264 61 17 1
319 : 570 275 61 17 1
320 : 332 1976 23 45 0
321 : 434 920 26 41 0
322 : 570 1518 23 47 0
323 : 697 672 50 21 1
324 : 434 2324 39 27 1
325 : 570 595 50 21 1
326 : 251 564 52 20 1
327 : 774 571 52 20 1
328 : 957 185 17 63 0
329 : 434 1610 37 29 1
330 : 332 326 17 60 0
331 : 490 370 17 60 0
332 : 434 1647 27 39 0
333 : 931 354 18 59 0
334 : 332 1794 23 46 0
335 : 739 445 32 33 0
336 : 570 3173 24 44 0
337 : 332 1886 23 45 0
338 : 434 1311 26 41 0
339 : 434 2791 30 35 0
340 : 406 721 50 21 1
341 : 739 681 34 31 1
342 : 251 616 52 20 1
343 : 434 2597 36 29 1
344 : 434 1807 41 25 1
345 : 434 1386 27 39 0
346 : 332 1931 23 45 0
347 : 434 3138 26 39 0
348 : 739 325 30 35 0
349 : 739 290 35 30 1
350 : 434 877 24 43 0
351 : 739 478 37 28 1
352 : 853 402 18 58 0
353 : 434 2201 26 40 0
354 : 739 715 27 38 0
355 : 434 1233 24 43 0
356 : 739 795 32 33 0
357 : 570 2568 24 44 0
358 : 66 504 19 55 0
359 : 739 214 37 28 1
360 : 0 386 18 59 0
361 : 774 518 53 20 1
362 : 434 2712 28 37 0
363 : 434 3060 28 37 0
364 : 853 1106 22 47 0
365 : 434 2826 27 38 0
366 : 434 2046 40 26 1
367 : 590 287 19 54 0
368 : 570 336 60 17 1
369 : 434 3021 26 39 0
370 : 434 3559 28 36 0
371 : 434 1150 42 25 1
372 : 697 770 21 48 0
373 : 434 2404 28 37 0
374 : 434 2561 29 36 0
375 : 434 795 43 24 1
376 : 434 2633 37 28 1
377 : 623 504 55 19 1
378 : 853 1153 22 46 0
379 : 434 3668 28 36 0
380 : 623 559 52 19 1
381 : 434 2904 26 39 0
382 : 739 908 31 33 0
383 : 739 251 26 39 0
384 : 434 2943 37 28 1
385 : 83 242 63 16 1
386 : 853 1059 47 22 1
387 : 190 644 52 20 1
388 : 876 295 17 61 0
389 : 434 2241 24 42 0
390 : 434 2283 25 41 0
391 : 739 1061 33 31 1
392 : 739 1094 32 32 0
393 : 0 445 18 55 0
394 : 739 1169 35 29 1
395 : 66 559 53 19 1
396 : 434 2363 25 41 0
397 : 27 228 63 16 1
398 : 739 1386 32 32 0
399 : 876 356 17 60 0
400 : 739 1450 37 27 1
401 : 434 3522 27 37 0
402 : 739 2338 30 33 0
403 : 570 3217 43 24 1
404 : 739 1286 34 30 1
405 : 434 1462 25 41 0
406 : 774 623 52 20 1
407 : 739 1320 33 31 1
408 : 739 2223 33 30 1
409 : 251 668 50 20 1
410 : 434 2441 25 40 0
411 : 739 1353 33 31 1
412 : 434 2481 38 27 1
413 : 774 675 20 50 0
414 : 434 592 45 22 1
415 : 739 1418 32 32 0
416 : 739 828 26 39 0
417 : 434 1927 42 24 1
418 : 552 230 63 16 1
419 : 697 722 48 21 1
420 : 83 305 16 61 0
421 : 739 1487 38 26 1
422 : 434 1686 25 41 0
423 : 434 3595 28 36 0
424 : 739 515 26 39 0
425 : 128 514 19 53 0
426 : 66 243 63 16 1
427 : 434 1034 23 44 0
428 : 697 865 21 47 0
429 : 434 3291 37 27 1
430 : 434 3631 37 27 1
431 : 739 2189 29 34 0
432 : 434 3704 28 36 0
433 : 434 2864 25 40 0
434 : 739 1525 30 34 0
435 : 739 1559 36 28 1
436 : 434 1727 23 43 0
437 : 434 3927 36 27 1
438 : 406 771 21 47 0
439 : 570 3260 24 42 0
440 : 552 293 16 61 0
441 : 434 3177 25 39 0
442 : 27 291 61 16 1
443 : 434 3216 38 26 1
444 : 332 2021 23 44 0
445 : 739 2116 30 33 0
446 : 957 248 63 16 1
447 : 957 311 60 16 1
448 : 739 2043 30 33 0
449 : 437 344 46 21 1
450 : 406 818 21 47 0
451 : 434 427 22 45 0
452 : 434 3254 27 37 0
453 : 434 2670 23 42 0
454 : 0 554 18 54 0
455 : 251 718 49 20 1
456 : 251 767 20 48 0
457 : 697 818 21 47 0
458 : 434 3854 28 35 0
459 : 434 3097 24 41 0
460 : 434 2980 41 24 1
461 : 434 1848 43 23 1
462 : 406 865 21 47 0
463 : 739 941 27 37 0
464 : 623 611 19 51 0
465 : 128 567 19 52 0
466 : 739 978 24 40 0
467 : 739 1889 28 35 0
468 : 793 996 32 30 1
469 : 739 1856 30 33 0
470 : 739 596 23 42 0
471 : 66 612 19 51 0
472 : 739 867 41 24 1
473 : 739 1741 27 36 0
474 : 739 1706 28 35 0
475 : 434 3328 25 39 0
476 : 739 360 41 24 1
477 : 434 3367 25 39 0
478 : 590 341 56 17 1
479 : 739 554 23 42 0
480 : 590 397 17 55 0
481 : 739 1673 30 33 0
482 : 590 452 17 55 0
483 : 552 354 16 59 0
484 : 739 753 23 42 0
485 : 0 500 54 18 1
486 : 434 3406 26 38 0
487 : 128 619 51 19 1
488 : 332 2065 44 22 1
489 : 66 306 61 16 1
490 : 853 1199 44 22 1
491 : 434 4146 28 34 0
492 : 434 2519 23 42 0
493 : 434 3444 25 39 0
494 : 739 2446 37 26 1
495 : 795 464 31 31 0
496 : 27 352 16 60 0
497 : 739 1245 23 41 0
498 : 251 815 48 20 1
499 : 739 2411 28 35 0
500 : 794 640 30 32 0
501 : 570 3302 40 24 1
502 : 0 608 52 18 1
503 : 490 430 57 17 1
504 : 434 3483 25 39 0
505 : 434 2749 23 42 0
506 : 853 1287 21 45 0
507 : 774 774 49 19 1
508 : 793 1434 31 30 1
509 : 853 1243 22 44 0
510 : 570 3342 23 41 0
511 : 434 3889 38 25 1
512 : 434 3740 25 38 0
513 : 570 396 57 17 1
514 : 793 805 26 36 0
515 : 793 1603 28 33 0
516 : 570 3383 23 41 0
517 : 128 670 50 19 1
518 : 434 4214 27 35 0
519 : 434 4286 27 35 0
520 : 739 1595 24 39 0
521 : 794 532 28 34 0
522 : 931 413 17 57 0
523 : 251 910 20 47 0
524 : 739 2632 26 36 0
525 : 739 2742 37 25 1
526 : 434 1969 22 44 0
527 : 570 3424 41 23 1
528 : 739 1777 39 24 1
529 : 570 453 17 55 0
530 : 434 3816 25 38 0
531 : 190 696 50 19 1
532 : 0 712 18 51 0
533 : 794 672 29 33 0
534 : 793 1873 31 30 1
535 : 794 705 29 33 0
536 : 793 774 31 31 0
537 : 128 720 50 19 1
538 : 774 725 49 19 1
539 : 793 1571 32 29 1
540 : 739 1634 24 39 0
541 : 739 638 22 43 0
542 : 853 1332 45 21 1
543 : 434 4180 34 28 1
544 : 251 957 47 20 1
545 : 332 2195 22 42 0
546 : 332 2237 22 42 0
547 : 434 3778 25 38 0
548 : 931 470 17 55 0
549 : 697 959 20 46 0
550 : 739 1963 39 24 1
551 : 332 2279 22 42 0
552 : 406 959 20 46 0
553 : 0 660 52 18 1
554 : 793 1184 30 31 0
555 : 434 4357 34 27 1
556 : 434 4041 34 28 1
557 : 739 2668 37 25 1
558 : 434 4075 28 34 0
559 : 190 795 48 19 1
560 : 739 1204 23 41 0
561 : 793 1505 29 32 0
562 : 434 4109 37 25 1
563 : 697 912 47 20 1
564 : 739 401 21 44 0
565 : 957 371 57 16 1
566 : 793 1840 28 33 0
567 : 434 3963 39 24 1
568 : 570 3465 40 23 1
569 : 793 1673 28 33 0
570 : 793 1743 29 32 0
571 : 251 863 47 20 1
572 : 739 2558 25 37 0
573 : 794 605 35 27 1
574 : 739 2371 23 40 0
575 : 434 4002 24 39 0
576 : 608 30 15 60 0
577 : 794 738 26 36 0
578 : 793 1935 26 35 0
579 : 793 1215 27 34 0
580 : 793 1320 26 35 0
581 : 623 662 52 18 1
582 : 608 90 60 15 1
583 : 793 841 38 24 1
584 : 793 879 38 24 1
585 : 793 917 38 24 1
586 : 793 1288 29 32 0
587 : 406 1005 45 20 1
588 : 623 714 18 51 0
589 : 332 2109 22 43 0
590 : 113 48 60 15 1
591 : 190 746 49 19 1
592 : 0 763 18 50 0
593 : 793 1904 31 30 1
594 : 793 1028 25 37 0
595 : 793 1065 38 24 1
596 : 332 2152 43 22 1
597 : 739 1816 40 23 1
598 : 434 509 20 47 0
599 : 66 715 51 18 1
600 : 434 4249 37 25 1
601 : 739 1924 39 24 1
602 : 434 4321 26 36 0
603 : 739 2483 25 37 0
604 : 739 2520 24 38 0
605 : 434 4496 33 27 1
606 : 793 1808 29 32 0
607 : 406 912 20 47 0
608 : 795 495 25 37 0
609 : 739 2002 22 41 0
610 : 793 1970 31 30 1
611 : 434 4461 35 26 1
612 : 794 566 23 39 0
613 : 774 823 19 48 0
614 : 853 1377 21 44 0
615 : 128 770 49 19 1
616 : 739 2076 23 40 0
617 : 113 108 15 59 0
618 : 793 1537 27 34 0
619 : 739 2149 23 40 0
620 : 434 4391 26 35 0
621 : 739 1126 21 43 0
622 : 128 819 19 48 0
623 : 793 2111 31 29 1
624 : 793 2177 31 29 1
625 : 434 4426 26 35 0
626 : 739 1018 43 21 1
627 : 66 663 52 18 1
628 : 739 2595 25 37 0
629 : 793 1636 37 24 1
630 : 739 2256 41 22 1
631 : 793 1775 33 28 1
632 : 434 4529 28 32 0
633 : 251 1004 20 46 0
634 : 739 2297 41 22 1
635 : 697 1005 44 20 1
636 : 739 2705 25 37 0
637 : 190 843 19 47 0
638 : 434 4597 27 33 0
639 : 793 955 41 21 1
640 : 793 1706 37 24 1
641 : 128 867 47 19 1
642 : 739 2779 39 23 1
643 : 434 4763 27 32 0
644 : 793 2208 35 25 1
645 : 434 4630 26 34 0
646 : 853 1421 42 21 1
647 : 434 4699 27 32 0
648 : 434 4561 36 24 1
649 : 434 4827 27 32 0
650 : 434 4731 32 27 1
651 : 332 2321 22 39 0
652 : 697 1049 20 43 0
653 : 793 2784 30 28 1
654 : 793 2452 32 27 1
655 : 490 539 50 17 1
656 : 793 1103 21 41 0
657 : 853 1463 42 21 1
658 : 27 412 52 16 1
659 : 490 487 17 52 0
660 : 793 2142 35 25 1
661 : 774 871 19 45 0
662 : 793 2422 29 30 0
663 : 793 1355 22 39 0
664 : 434 4891 33 26 1
665 : 434 4859 27 32 0
666 : 434 4795 32 27 1
667 : 793 2755 29 29 0
668 : 793 1144 21 40 0
669 : 793 2001 36 24 1
670 : 793 2243 35 24 1
671 : 793 2037 23 37 0
672 : 793 1249 22 39 0
673 : 931 525 17 50 0
674 : 793 2074 23 37 0
675 : 793 2484 26 32 0
676 : 793 1394 40 21 1
677 : 793 2278 36 23 1
678 : 793 2314 23 36 0
679 : 552 413 16 52 0
680 : 434 4664 35 24 1
681 : 793 2516 24 34 0
682 : 623 765 18 46 0
683 : 113 167 57 15 1
684 : 793 2550 35 23 1
685 : 379 169 57 15 1
686 : 793 1465 40 21 1
687 : 434 4924 24 34 0
688 : 793 2585 28 30 0
689 : 793 2615 23 35 0
690 : 957 428 52 16 1
691 : 113 224 56 15 1
692 : 66 766 46 18 1
693 : 434 5024 30 28 1
694 : 793 2814 28 29 0
695 : 931 575 17 48 0
696 : 379 282 15 55 0
697 : 27 464 52 16 1
698 : 812 203 57 14 1
699 : 812 260 56 14 1
700 : 379 226 15 56 0
701 : 793 2350 23 36 0
702 : 113 280 56 15 1
703 : 552 465 16 50 0
704 : 434 4958 25 33 0
705 : 332 2360 37 22 1
706 : 793 2386 36 23 1
707 : 434 4991 33 25 1
708 : 793 2843 31 26 1
709 : 793 2650 35 23 1
710 : 332 2397 36 22 1
711 : 793 2685 23 35 0
712 : 793 2874 24 33 0
713 : 113 336 52 15 1
714 : 434 5115 26 30 0
715 : 793 2720 35 23 1
716 : 151 286 56 14 1
717 : 434 5054 30 27 1
718 : 251 1050 20 40 0
719 : 793 2907 33 24 1
720 : 623 811 44 18 1
721 : 434 5084 31 26 1
722 : 128 914 42 19 1
723 : 280 304 56 14 1
724 : 332 2433 36 22 1
725 : 406 1050 20 39 0
726 : 434 5145 31 25 1
727 : 151 230 14 56 0
728 : 332 2469 22 35 0
729 : 853 1505 21 36 0
730 : 434 5176 27 29 0
731 : 874 497 53 15 1
732 : 332 2504 35 22 1
733 : 190 890 42 19 1
734 : 434 5412 27 28 0
735 : 332 2539 34 22 1
736 : 434 5205 31 25 1
737 : 853 1541 21 36 0
738 : 434 5236 31 25 1
739 : 957 480 16 48 0
740 : 490 589 17 45 0
741 : 434 5267 28 27 1
742 : 434 5295 29 26 1
743 : 434 5324 30 25 1
744 : 434 5354 25 30 0
745 : 739 2818 33 23 1
746 : 697 1092 37 20 1
747 : 434 5384 27 28 0
748 : 332 2573 22 34 0
749 : 853 1577 21 35 0
750 : 332 2607 34 22 1
751 : 434 5440 25 30 0
752 : 739 2851 33 23 1
753 : 434 5470 27 28 0
754 : 332 2641 34 22 1
755 : 251 1090 37 20 1
756 : 793 2940 23 32 0
757 : 931 623 16 46 0
758 : 434 5613 27 27 0
759 : 793 3004 23 32 0
760 : 406 1089 20 37 0
761 : 552 515 16 47 0
762 : 332 2675 22 33 0
763 : 774 916 40 19 1
764 : 27 516 48 15 1
765 : 739 2916 32 23 1
766 : 739 2884 32 23 1
767 : 379 337 52 14 1
768 : 739 3013 22 33 0
769 : 151 342 14 52 0
770 : 812 369 14 51 0
771 : 406 1126 36 20 1
772 : 490 634 44 17 1
773 : 66 853 42 17 1
774 : 957 528 48 15 1
775 : 434 5557 29 25 1
776 : 332 2776 34 21 1
777 : 66 812 18 41 0
778 : 0 813 18 41 0
779 : 434 5498 24 31 0
780 : 812 316 53 14 1
781 : 739 2980 33 22 1
782 : 190 932 40 18 1
783 : 434 5586 27 27 0
784 : 128 956 38 19 1
785 : 793 2972 32 23 1
786 : 332 2844 34 21 1
787 : 280 360 52 14 1
788 : 332 2742 21 34 0
789 : 793 3036 22 33 0
790 : 332 2810 21 34 0
791 : 739 2948 32 23 1
792 : 739 3046 22 32 0
793 : 434 5669 30 24 1
794 : 623 855 17 41 0
795 : 113 388 14 50 0
796 : 853 1612 35 21 1
797 : 434 5640 25 29 0
798 : 27 564 46 15 1
799 : 251 1127 20 36 0
800 : 434 5529 28 26 1
801 : 332 2708 34 21 1
802 : 697 1129 19 37 0
803 : 774 995 18 38 0
804 : 774 956 18 39 0
805 : 570 3566 23 30 0
806 : 552 562 15 48 0
807 : 66 895 17 41 0
808 : 739 3109 31 22 1
809 : 379 389 50 14 1
810 : 853 1717 34 20 1
811 : 0 854 17 42 0
812 : 527 143 52 13 1
813 : 570 3505 31 23 1
814 : 0 896 41 17 1
815 : 853 1682 20 35 0
816 : 332 2942 21 32 0
817 : 406 1162 37 19 1
818 : 623 896 40 17 1
819 : 151 394 14 50 0
820 : 793 3131 31 22 1
821 : 931 669 16 44 0
822 : 931 713 16 43 0
823 : 490 678 16 43 0
824 : 434 5783 24 28 0
825 : 434 5699 26 27 0
826 : 434 5726 29 24 1
827 : 434 5838 28 24 1
828 : 434 5922 26 26 0
829 : 853 1647 20 35 0
830 : 434 5755 24 28 0
831 : 527 195 13 52 0
832 : 527 247 13 51 0
833 : 190 1010 18 37 0
834 : 793 3069 22 31 0
835 : 490 721 16 42 0
836 : 251 1163 19 36 0
837 : 552 610 15 44 0
838 : 332 2878 32 21 1
839 : 739 3078 31 22 1
840 : 697 1202 19 35 0
841 : 570 3536 30 23 1
842 : 113 486 47 14 1
843 : 570 3625 23 29 0
844 : 434 5948 27 25 1
845 : 793 3100 31 22 1
846 : 128 1032 18 37 0
847 : 280 412 48 14 1
848 : 931 798 41 16 1
849 : 434 5894 28 24 1
850 : 128 994 18 38 0
851 : 66 936 17 39 0
852 : 434 5975 27 25 1
853 : 697 1166 36 19 1
854 : 434 6030 28 24 1
855 : 280 460 14 47 0
856 : 332 2910 21 32 0
857 : 527 400 50 13 1
858 : 190 972 38 18 1
859 : 434 6058 28 24 1
860 : 434 5866 28 24 1
861 : 113 438 14 48 0
862 : 931 756 16 42 0
863 : 379 439 14 48 0
864 : 957 620 15 43 0
865 : 434 6002 24 28 0
866 : 332 3067 31 21 1
867 : 332 3005 31 21 1
868 : 379 487 14 46 0
869 : 434 6139 25 26 0
870 : 853 1751 33 20 1
871 : 434 6086 24 27 0
872 : 434 6113 26 25 1
873 : 570 3596 29 23 1
874 : 190 1047 36 18 1
875 : 406 1234 34 19 1
876 : 490 763 42 16 1
877 : 570 3711 28 23 1
878 : 570 3654 23 29 0
879 : 853 1784 20 33 0
880 : 434 5811 27 25 1
881 : 434 6191 27 24 1
882 : 332 3036 31 21 1
883 : 697 1237 34 19 1
884 : 853 1817 20 33 0
885 : 434 6218 27 24 1
886 : 251 1199 35 19 1
887 : 793 3162 30 22 1
888 : 27 610 15 44 0
889 : 739 3140 22 30 0
890 : 853 1850 33 20 1
891 : 406 1199 35 19 1
892 : 27 697 15 42 0
893 : 434 6245 26 25 1
894 : 332 3218 21 30 0
895 : 434 6271 25 26 0
896 : 434 6297 27 24 1
897 : 570 3739 28 23 1
898 : 490 805 16 39 0
899 : 527 298 13 51 0
900 : 527 349 13 51 0
901 : 332 3128 30 21 1
902 : 27 654 43 15 1
903 : 280 507 14 45 0
904 : 332 2974 31 21 1
905 : 957 576 44 15 1
906 : 128 1069 18 35 0
907 : 570 3767 27 23 1
908 : 774 1069 18 35 0
909 : 434 6324 24 26 0
910 : 434 6350 24 26 0
911 : 793 3192 22 29 0
912 : 570 3683 23 28 0
913 : 774 1033 36 18 1
914 : 190 1083 35 18 1
915 : 853 1883 32 20 1
916 : 332 3098 21 30 0
917 : 739 3170 29 22 1
918 : 793 3221 28 22 1
919 : 434 6165 25 26 0
920 : 406 1268 33 19 1
921 : 739 3199 29 22 1
922 : 434 6376 24 26 0
923 : 697 1271 19 33 0
924 : 739 3228 28 22 1
925 : 251 1234 34 19 1
926 : 853 1979 31 20 1
927 : 570 3821 23 27 0
928 : 128 1104 35 18 1
929 : 434 6479 26 24 1
930 : 434 6428 24 26 0
931 : 623 936 17 38 0
932 : 434 6402 24 26 0
933 : 957 705 15 42 0
934 : 0 937 37 17 1
935 : 570 3848 27 23 1
936 : 552 696 15 42 0
937 : 931 839 16 39 0
938 : 0 974 37 17 1
939 : 570 3794 23 27 0
940 : 490 844 38 16 1
941 : 552 738 42 15 1
942 : 739 3256 28 22 1
943 : 527 450 13 47 0
944 : 853 1947 20 32 0
945 : 434 6454 25 25 0
946 : 774 1104 34 18 1
947 : 251 1301 32 19 1
948 : 552 654 15 42 0
949 : 332 3158 30 21 1
950 : 957 663 15 42 0
951 : 406 1301 32 19 1
952 : 931 878 38 16 1
953 : 332 3188 30 21 1
954 : 151 444 48 13 1
955 : 623 974 37 17 1
956 : 793 3249 28 22 1
957 : 853 1915 32 20 1
958 : 0 1011 36 17 1
959 : 66 975 37 17 1
960 : 251 1268 19 33 0
961 : 853 2010 20 30 0
962 : 332 3248 29 21 1
963 : 434 6530 25 24 1
964 : 570 3927 23 26 0
965 : 190 1152 18 33 0
966 : 623 1011 36 17 1
967 : 793 3277 21 28 0
968 : 570 3875 26 23 1
969 : 434 6505 25 24 1
970 : 931 916 37 16 1
971 : 66 1012 36 17 1
972 : 853 2070 20 30 0
973 : 774 1138 18 34 0
974 : 570 3901 23 26 0
975 : 332 3306 21 28 0
976 : 190 1118 34 18 1
977 : 490 882 38 16 1
978 : 0 1047 17 36 0
979 : 332 3277 29 21 1
980 : 570 3953 26 23 1
981 : 623 1047 17 34 0
982 : 793 3305 28 21 1
983 : 128 1139 33 18 1
984 : 739 3284 28 21 1
985 : 66 1048 17 34 0
986 : 853 2040 30 20 1
987 : 853 2129 29 20 1
988 : 739 3312 21 28 0
989 : 251 1333 30 19 1
990 : 434 6555 24 24 0
991 : 623 1081 34 17 1
992 : 853 2100 20 29 0
993 : 697 1304 31 19 1
994 : 434 6579 24 24 0
995 : 793 3333 21 28 0
996 : 406 1333 30 19 1
997 : 853 2158 28 20 1
998 : 570 3979 22 27 0
999 : 876 416 13 44 0
