100 1810
0 : 88 686 1 74 0
1 : 0 799 24 88 1
2 : 0 1261 16 77 1
3 : 0 347 98 7 0
4 : 0 1167 9 81 1
5 : 76 1379 22 71 0
6 : 0 770 29 88 1
7 : 0 0 100 39 0
8 : 0 1006 85 45 0
9 : 0 316 31 98 1
10 : 83 1521 68 11 1
11 : 0 843 16 88 1
12 : 90 710 9 86 0
13 : 0 1614 67 46 0
14 : 0 1699 41 66 1
15 : 0 423 92 87 0
16 : 99 710 1 83 0
17 : 0 1548 35 70 1
18 : 0 1660 39 67 1
19 : 0 1583 31 68 1
20 : 92 535 5 88 0
21 : 0 976 30 86 1
22 : 0 107 99 65 0
23 : 0 738 32 88 1
24 : 68 1591 21 66 0
25 : 0 1433 36 75 1
26 : 0 402 21 93 1
27 : 0 1123 44 81 1
28 : 0 859 48 87 1
29 : 60 1740 4 10 0
30 : 0 1282 53 76 1
31 : 0 1051 17 83 1
32 : 67 1695 37 24 1
33 : 0 1201 33 78 1
34 : 0 1068 49 82 1
35 : 0 686 52 88 1
36 : 67 1657 38 28 1
37 : 0 570 25 91 1
38 : 92 446 5 89 0
39 : 0 1383 50 75 1
40 : 99 107 1 96 0
41 : 0 1234 27 78 1
42 : 0 1117 82 6 0
43 : 72 1511 8 1 1
44 : 0 1176 25 80 1
45 : 0 1469 42 73 1
46 : 93 354 4 92 0
47 : 0 78 29 100 1
48 : 90 1307 10 72 0
49 : 81 1156 78 15 1
50 : 0 641 45 89 1
51 : 0 1740 60 58 0
52 : 90 1234 8 73 0
53 : 90 623 6 87 0
54 : 0 354 48 93 1
55 : 96 623 4 87 0
56 : 82 1075 17 81 0
57 : 88 1450 5 71 0
58 : 75 1450 13 71 0
59 : 80 1234 10 75 0
60 : 0 278 38 98 1
61 : 0 172 66 98 1
62 : 0 510 40 92 1
63 : 90 796 84 10 1
64 : 0 823 20 88 1
65 : 0 39 39 100 1
66 : 60 1760 28 30 1
67 : 0 1277 5 77 1
68 : 86 907 14 86 0
69 : 0 1798 24 12 0
70 : 66 1732 28 33 1
71 : 0 595 46 90 1
72 : 0 550 20 92 1
73 : 0 907 69 86 1
74 : 0 238 40 98 1
75 : 0 1335 48 76 1
76 : 0 1511 37 72 1
77 : 60 1788 28 22 0
78 : 86 993 13 82 0
79 : 72 1521 11 70 0
