40400 74893
0 : 35978 11306 4629 1596 1
1 : 39465 0 2919 783 1
2 : 37633 0 8067 1832 1
3 : 33004 11306 7180 2974 1
4 : 6846 24097 1685 1708 0
5 : 29420 12262 2029 601 1
6 : 15046 5222 15046 7040 0
7 : 9963 68167 6726 7039 1
8 : 9963 38988 7958 5170 1
9 : 24876 38858 3621 4223 0
10 : 9963 46946 4358 6846 0
11 : 37633 8067 6272 1268 1
12 : 15046 14404 6171 1473 0
13 : 21217 14404 3448 1249 1
14 : 0 28151 6389 10170 0
15 : 9963 23120 7910 5092 1
16 : 33004 0 4629 11306 0
17 : 8669 21564 1279 1621 0
18 : 0 38321 3529 6846 0
19 : 24876 35741 3770 3117 0
20 : 24876 32564 3924 3177 0
21 : 39465 2919 2672 556 1
22 : 15046 0 15046 5222 0
23 : 33004 22328 2050 2287 0
24 : 9963 31030 7958 5152 1
25 : 37633 18386 1063 2033 0
26 : 30092 10744 1823 5782 0
27 : 15133 30652 4047 5429 1
28 : 12850 8637 6416 1491 1
29 : 30092 16526 859 2104 0
30 : 0 8637 6378 12850 1
31 : 30092 0 10744 2912 1
32 : 18375 15877 4629 2353 1
33 : 31915 14967 2919 838 1
34 : 9963 15053 8067 5014 1
35 : 24876 43081 3139 2974 0
36 : 6846 22628 1685 1469 0
37 : 30951 16526 2029 824 1
38 : 0 3231 15046 5406 0
39 : 15046 15877 6726 3329 1
40 : 21511 23308 7958 9256 0
41 : 31915 10744 1080 4223 0
42 : 0 15015 2407 6846 1
43 : 15133 45443 6272 5296 0
44 : 23004 13619 6171 1375 0
45 : 8669 23185 1253 1249 0
46 : 0 17422 6389 10729 0
47 : 9963 60257 7910 7563 1
48 : 9963 53792 4629 6465 0
49 : 39465 5591 503 1621 0
50 : 14592 50739 7629 6846 1
51 : 6846 15015 6549 3117 1
52 : 23004 14994 6978 3177 1
53 : 35978 15935 2672 869 1
54 : 0 0 15046 3231 0
55 : 26181 14994 4676 2287 1
56 : 15046 12262 7958 2142 0
57 : 26181 19670 3638 2033 1
58 : 6846 21564 1823 1064 0
59 : 37633 14339 4047 1135 1
60 : 23004 12262 6416 1357 0
61 : 33004 18486 3842 2104 1
62 : 15133 22603 6378 8049 0
63 : 15133 34699 10744 9743 1
