92 254
0 : 0 204 11 9 0
1 : 45 138 1 1 0
2 : 0 195 9 11 1
3 : 46 98 1 29 0
4 : 67 193 9 11 0
5 : 30 182 19 15 1
6 : 17 50 50 29 1
7 : 45 100 1 19 0
8 : 30 145 18 18 0
9 : 30 100 12 45 0
10 : 30 201 19 15 1
11 : 0 181 14 12 1
12 : 0 136 12 45 0
13 : 50 206 27 13 1
14 : 17 100 43 13 1
15 : 50 92 55 13 1
16 : 17 176 31 13 1
17 : 30 163 19 15 1
18 : 67 88 11 79 0
19 : 0 0 50 50 0
20 : 42 100 2 37 0
21 : 50 147 31 13 1
22 : 50 0 92 17 1
23 : 50 233 21 13 1
24 : 67 204 11 9 1
25 : 17 143 33 13 1
26 : 50 178 28 13 1
27 : 44 100 1 29 0
28 : 67 167 13 10 1
29 : 17 207 27 13 1
30 : 67 0 17 88 0
31 : 30 220 19 15 1
32 : 45 119 1 19 0
33 : 0 50 86 17 1
34 : 46 50 1 48 0
35 : 84 0 4 6 1
36 : 67 180 13 10 1
37 : 84 4 4 6 1
