1000 30443
0 : 0 19718 602 738 1
1 : 0 11751 897 620 0
2 : 0 27678 743 708 0
3 : 664 22145 308 409 0
4 : 0 28386 447 477 1
5 : 860 6860 421 71 1
6 : 0 13173 167 331 1
7 : 826 2733 667 149 1
8 : 0 11258 792 493 0
9 : 788 8371 190 567 0
10 : 0 8227 320 711 1
11 : 0 9324 891 518 0
12 : 0 15413 750 559 0
13 : 673 13409 220 428 0
14 : 860 7281 10 55 1
15 : 0 421 990 287 0
16 : 0 18245 986 840 0
17 : 0 27247 482 431 0
18 : 572 25125 393 471 0
19 : 786 7847 524 139 1
20 : 0 0 963 110 0
21 : 0 6306 554 971 1
22 : 0 3443 143 657 1
23 : 0 29461 621 642 1
24 : 0 28833 628 649 1
25 : 0 19085 633 770 1
26 : 792 11258 473 184 1
27 : 0 1665 729 109 0
28 : 0 14326 601 395 0
29 : 0 3088 151 693 1
30 : 360 26365 342 281 0
31 : 788 8938 82 351 0
32 : 587 16447 531 361 1
33 : 910 1405 82 636 0
34 : 0 23318 926 836 0
35 : 0 21410 844 735 0
36 : 0 887 246 940 1
37 : 0 1133 867 175 0
38 : 0 22145 560 664 1
39 : 0 4681 896 438 0
40 : 0 22705 711 613 0
41 : 0 6860 860 446 0
42 : 0 110 182 927 1
43 : 726 9842 579 258 1
44 : 0 8952 753 372 0
45 : 0 1774 153 759 1
46 : 0 30082 361 371 1
47 : 861 1308 519 5 1
48 : 0 292 866 129 0
49 : 0 2828 826 260 0
50 : 673 13837 361 202 1
51 : 0 15972 475 664 1
52 : 0 10187 125 483 1
53 : 0 7306 541 953 1
54 : 0 5589 573 141 0
55 : 0 26365 294 360 1
56 : 0 2733 95 681 1
57 : 0 3239 733 204 0
58 : 0 2426 907 307 0
59 : 0 20733 677 787 1
60 : 0 9842 345 708 1
61 : 380 13011 398 612 1
62 : 0 25125 572 490 0
63 : 0 16447 587 412 0
64 : 0 3586 275 786 1
65 : 0 1308 861 214 0
66 : 0 5730 997 576 0
67 : 711 22554 300 211 1
68 : 0 1927 790 189 0
69 : 547 20320 274 183 1
70 : 0 14721 893 692 0
71 : 0 5119 470 908 1
72 : 0 13870 456 667 1
73 : 0 16978 578 743 1
74 : 673 14198 196 327 0
75 : 842 3400 68 404 0
76 : 0 13011 162 380 1
77 : 790 1522 563 59 1
78 : 0 10685 881 573 0
79 : 0 2116 910 310 0
80 : 0 24154 367 451 1
81 : 0 12371 898 640 0
82 : 940 708 697 52 1
83 : 0 26659 588 646 1
84 : 0 24521 604 688 1
85 : 866 1308 469 1 1
86 : 0 13409 673 461 0
87 : 573 5589 105 307 1
88 : 0 3861 842 370 0
89 : 0 8547 405 788 1
90 : 0 4231 450 912 1
91 : 0 25615 816 750 0
92 : 0 708 881 179 0
93 : 826 3400 16 427 0
94 : 0 20320 547 413 0
95 : 0 17556 689 837 1
96 : 0 7847 380 786 1
97 : 867 1133 13 616 0
98 : 0 1522 783 143 0
99 : 0 10312 373 726 1
