200 245
0 : 0 0 66 25 0
1 : 66 0 14 30 1
2 : 96 0 18 14 0
3 : 114 0 43 34 0
4 : 0 25 59 30 0
5 : 157 0 10 16 1
6 : 157 10 8 33 1
7 : 66 14 22 47 1
8 : 157 18 18 16 0
9 : 175 18 26 13 1
10 : 113 34 24 17 0
11 : 190 0 26 4 1
12 : 137 34 7 28 1
13 : 59 36 26 14 0
14 : 137 44 30 51 1
15 : 59 50 39 25 0
16 : 194 0 7 3 1
17 : 188 26 19 9 1
18 : 98 51 25 6 0
19 : 188 45 8 14 0
20 : 98 74 18 78 1
21 : 0 55 14 17 1
22 : 0 75 62 12 0
23 : 0 87 15 64 1
24 : 188 59 16 5 1
25 : 64 92 46 13 0
26 : 110 92 27 26 0
27 : 137 92 12 63 1
28 : 0 102 30 8 0
29 : 0 110 36 91 1
30 : 137 104 23 31 1
31 : 168 104 8 13 1
32 : 168 112 22 9 0
33 : 91 127 9 50 1
34 : 190 104 14 4 1
35 : 168 121 8 16 1
36 : 141 127 22 12 0
37 : 141 139 57 37 0
38 : 91 136 7 6 0
39 : 98 136 12 36 1
40 : 0 146 11 29 1
41 : 29 146 30 56 1
42 : 85 148 50 62 0
43 : 135 176 61 13 0
44 : 0 157 4 7 1
45 : 0 176 7 33 1
46 : 33 176 16 26 1
47 : 135 189 12 46 1
48 : 59 176 21 27 0
49 : 135 201 28 65 1
50 : 80 176 4 4 0
51 : 0 183 9 19 1
52 : 19 192 40 13 0
53 : 0 192 6 19 1
54 : 59 203 15 22 1
55 : 0 205 19 31 1
56 : 31 205 21 17 0
57 : 52 205 5 6 1
58 : 84 210 5 15 1
59 : 99 210 30 7 0
60 : 81 217 6 19 1
61 : 100 217 8 12 1
62 : 112 217 11 8 0
63 : 58 218 19 21 1
64 : 31 222 18 14 0
65 : 79 223 3 20 1
66 : 0 224 18 3 0
67 : 99 229 83 16 0
68 : 79 226 16 13 0
69 : 52 210 2 7 0
70 : 52 217 6 10 0
71 : 18 236 37 6 0
72 : 0 227 8 3 0
