135 554
0 : 109 450 29 18 1
1 : 93 195 49 16 1
2 : 44 328 29 16 1
3 : 109 16 75 21 1
4 : 44 386 23 16 1
5 : 0 36 88 16 0
6 : 26 192 57 18 1
7 : 0 367 42 21 1
8 : 93 244 45 16 1
9 : 0 174 61 18 0
10 : 0 484 29 20 0
11 : 0 192 67 26 1
12 : 44 192 52 16 1
13 : 0 16 93 20 0
14 : 44 409 22 16 1
15 : 44 431 19 16 1
16 : 109 385 36 20 1
17 : 93 87 55 16 1
18 : 0 0 135 16 0
19 : 26 300 50 18 1
20 : 93 324 31 16 1
21 : 93 142 53 16 1
22 : 109 506 22 18 1
23 : 0 156 62 18 0
24 : 0 259 58 21 1
25 : 93 16 71 16 1
26 : 44 244 45 16 1
27 : 0 52 85 16 0
28 : 44 289 39 16 1
29 : 26 350 40 18 1
30 : 0 534 20 21 1
31 : 0 122 63 16 0
32 : 26 249 51 18 1
33 : 0 138 63 18 0
34 : 93 355 29 16 1
35 : 109 91 73 20 1
36 : 93 411 19 16 1
37 : 44 357 29 16 1
38 : 109 338 47 20 1
39 : 109 421 29 18 1
40 : 0 317 50 21 1
41 : 0 462 34 22 0
42 : 109 284 54 20 1
43 : 109 164 62 20 1
44 : 0 504 30 21 1
45 : 109 479 27 18 1
46 : 93 449 16 16 0
47 : 93 430 19 16 1
48 : 93 384 27 16 1
49 : 0 104 66 18 0
50 : 0 409 53 34 1
51 : 0 68 76 18 0
52 : 0 86 71 18 0
53 : 109 226 58 20 1
54 : 93 289 35 16 1
