123 723
0 : 0 0 54 15 0
1 : 54 0 39 15 0
2 : 0 15 51 17 0
3 : 93 0 90 21 1
4 : 51 15 84 25 1
5 : 0 32 43 17 0
6 : 76 15 97 17 1
7 : 0 49 49 15 1
8 : 15 49 45 17 1
9 : 0 98 120 27 1
10 : 93 90 64 17 1
11 : 51 99 67 25 1
12 : 76 112 25 15 1
13 : 76 137 65 15 1
14 : 93 154 23 15 1
15 : 51 166 59 17 1
16 : 0 218 50 17 1
17 : 93 177 33 15 1
18 : 0 268 56 21 1
19 : 76 202 92 15 1
20 : 93 210 67 15 1
21 : 51 225 46 15 1
22 : 0 324 63 17 1
23 : 76 294 72 25 1
24 : 76 366 80 31 1
25 : 51 271 38 15 1
26 : 51 309 32 15 1
27 : 51 341 64 15 1
28 : 0 387 37 17 1
29 : 76 446 65 31 1
30 : 51 405 26 15 1
31 : 76 511 89 21 1
32 : 0 424 45 17 1
33 : 76 600 123 21 1
34 : 51 431 46 15 1
