1000 28381
0 : 0 11502 602 738 1
1 : 0 6312 897 620 0
2 : 0 8723 743 708 0
3 : 667 27150 308 409 0
4 : 0 25797 447 477 1
5 : 0 26605 421 71 0
6 : 0 28084 167 331 1
7 : 0 27150 667 149 0
8 : 0 15342 792 493 0
9 : 0 26957 190 567 1
10 : 0 23604 320 711 1
11 : 0 9431 891 518 0
12 : 0 13733 750 559 0
13 : 665 27559 220 428 0
14 : 331 28084 10 55 0
15 : 0 16463 990 287 0
16 : 0 0 986 840 0
17 : 477 25797 482 431 0
18 : 531 26228 393 471 0
19 : 738 11502 524 139 1
20 : 750 12542 963 110 1
21 : 0 5758 554 971 1
22 : 0 27299 143 657 1
23 : 0 16750 621 642 1
24 : 0 15835 628 649 1
25 : 0 9949 633 770 1
26 : 572 22319 473 184 1
27 : 750 13505 729 109 1
28 : 587 24322 601 395 1
29 : 711 23604 151 693 0
30 : 0 27803 342 281 0
31 : 612 23924 82 351 0
32 : 0 26244 531 361 0
33 : 787 7473 82 636 0
34 : 0 840 926 836 0
35 : 0 2368 844 735 0
36 : 0 19342 246 940 1
37 : 0 23429 867 175 0
38 : 0 17959 560 664 1
39 : 0 12104 896 438 0
40 : 0 12542 711 613 0
41 : 0 14292 860 446 0
42 : 786 19588 182 927 0
43 : 0 26699 579 258 0
44 : 0 20904 753 372 0
45 : 786 20515 153 759 0
46 : 0 27442 361 371 1
47 : 862 23604 519 5 1
48 : 0 24923 866 129 0
49 : 726 21276 826 260 1
50 : 547 25241 361 202 1
51 : 0 19968 475 664 1
52 : 743 8723 125 483 0
53 : 0 6932 541 953 1
54 : 649 15835 573 141 1
55 : 371 27442 294 360 0
56 : 842 18567 95 681 0
57 : 790 25052 733 204 1
58 : 664 17660 907 307 1
59 : 0 7473 677 787 1
60 : 0 23084 345 708 1
61 : 0 23924 398 612 1
62 : 0 22319 572 490 0
63 : 0 24322 587 412 0
64 : 0 22809 275 786 1
65 : 0 22105 861 214 0
66 : 0 3103 997 576 0
67 : 567 27987 300 211 0
68 : 0 25052 790 189 0
69 : 331 28198 274 183 0
70 : 0 1676 893 692 0
71 : 0 10582 470 908 1
72 : 0 21276 456 667 1
73 : 0 13155 578 743 1
74 : 371 27802 196 327 0
75 : 688 14738 68 404 0
76 : 0 24734 162 380 1
77 : 837 5069 563 59 1
78 : 0 8150 881 573 0
79 : 664 16750 910 310 1
80 : 579 26699 367 451 0
81 : 0 4429 898 640 0
82 : 816 3679 697 52 1
83 : 0 17371 588 646 1
84 : 0 14738 604 688 1
85 : 859 13505 469 1 1
86 : 0 20443 673 461 0
87 : 770 9949 105 307 0
88 : 0 18567 842 370 0
89 : 0 18937 405 788 1
90 : 0 11052 450 912 1
91 : 0 3679 816 750 0
92 : 786 22319 881 179 1
93 : 877 11502 16 427 0
94 : 0 25241 547 413 0
95 : 0 5069 689 837 1
96 : 0 19588 380 786 1
97 : 946 26228 13 616 0
98 : 0 25654 783 143 0
99 : 0 21732 373 726 1
