100 1266
0 : 0 320 17 90 1
1 : 0 967 68 76 1
2 : 0 1228 14 68 1
3 : 0 1035 22 76 1
4 : 0 621 38 83 1
5 : 0 462 29 87 1
6 : 0 0 40 100 1
7 : 0 582 39 83 1
8 : 0 822 69 77 1
9 : 0 105 1 99 1
10 : 0 891 77 57 0
11 : 0 40 17 100 1
12 : 0 219 13 94 1
13 : 0 293 90 27 0
14 : 0 499 27 84 1
15 : 0 526 56 83 1
16 : 0 806 78 16 0
17 : 0 775 31 78 1
18 : 0 1099 38 71 1
19 : 0 491 8 86 1
20 : 95 136 90 3 1
21 : 0 700 38 79 1
22 : 0 1256 10 66 1
23 : 0 232 21 92 1
24 : 0 1242 14 66 1
25 : 0 419 7 89 1
26 : 0 1183 45 68 1
27 : 0 1137 46 70 1
28 : 0 1057 4 73 1
29 : 0 1061 38 72 1
30 : 0 659 41 80 1
31 : 0 337 82 89 1
32 : 0 426 6 88 1
33 : 0 106 30 98 1
34 : 0 57 99 48 0
35 : 0 432 30 87 1
36 : 0 948 19 77 1
37 : 0 136 83 95 1
38 : 0 738 78 37 0
39 : 0 253 40 91 1
