200 257
0 : 65 36 66 25 1
1 : 134 163 14 30 0
2 : 134 219 18 14 1
3 : 91 80 43 34 0
4 : 91 50 59 30 0
5 : 27 172 10 16 0
6 : 190 50 8 33 0
7 : 18 94 22 47 0
8 : 0 227 18 16 0
9 : 40 198 26 13 1
10 : 0 193 24 17 0
11 : 178 108 26 4 1
12 : 55 116 7 28 0
13 : 134 193 26 14 1
14 : 153 57 30 51 0
15 : 91 114 39 25 0
16 : 150 96 7 3 1
17 : 183 155 19 9 1
18 : 122 139 25 6 1
19 : 27 188 8 14 0
20 : 0 94 18 78 0
21 : 0 243 14 17 1
22 : 153 108 62 12 1
23 : 40 94 15 64 0
24 : 122 164 16 5 1
25 : 165 108 46 13 1
26 : 91 162 27 26 0
27 : 78 102 12 63 0
28 : 56 64 30 8 1
29 : 0 0 36 91 1
30 : 91 139 23 31 1
31 : 183 190 8 13 0
32 : 55 94 22 9 1
33 : 190 0 9 50 0
34 : 130 114 14 4 1
35 : 183 174 8 16 0
36 : 153 170 22 12 1
37 : 153 0 57 37 1
38 : 55 192 7 6 1
39 : 65 163 12 36 0
40 : 78 165 11 29 0
41 : 0 64 30 56 1
42 : 91 0 50 62 1
43 : 65 102 61 13 1
44 : 130 128 4 7 0
45 : 183 57 7 33 0
46 : 91 188 16 26 1
47 : 165 154 12 46 0
48 : 0 172 21 27 1
49 : 0 36 28 65 1
50 : 178 134 4 4 0
51 : 183 136 9 19 0
52 : 40 158 40 13 1
53 : 55 144 6 19 0
54 : 91 223 15 22 0
55 : 18 141 19 31 0
56 : 0 210 21 17 0
57 : 122 195 5 6 0
58 : 122 180 5 15 0
59 : 183 90 30 7 1
60 : 55 163 6 19 0
61 : 153 192 8 12 1
62 : 78 194 11 8 0
63 : 91 204 19 21 1
64 : 134 237 18 14 1
65 : 150 50 3 20 0
66 : 150 70 18 3 1
67 : 134 80 83 16 1
68 : 183 120 16 13 1
69 : 196 83 2 7 0
70 : 55 182 6 10 0
71 : 190 83 37 6 1
72 : 150 88 8 3 1
