1000 13023
0 : 0 3763 541 745 0
1 : 0 11754 344 301 1
2 : 0 8422 413 294 1
3 : 714 917 266 341 0
4 : 0 6174 543 388 1
5 : 0 552 367 701 1
6 : 0 4793 526 707 0
7 : 0 266 286 706 1
8 : 0 919 614 289 0
9 : 332 1208 348 592 0
10 : 0 2481 673 431 1
11 : 0 8835 475 362 1
12 : 0 7351 562 439 1
13 : 0 9310 530 638 0
14 : 0 3154 609 375 1
15 : 714 0 540 274 1
16 : 0 6717 486 634 0
17 : 714 540 272 377 0
18 : 0 1858 623 306 1
19 : 0 0 266 714 1
20 : 0 12687 341 336 0
21 : 0 11458 340 296 0
22 : 0 10927 531 479 1
23 : 0 12098 571 589 0
24 : 0 5500 674 496 1
25 : 0 10367 560 497 1
26 : 0 7913 509 389 1
27 : 0 1208 650 332 1
28 : 0 4508 474 285 0
29 : 0 9948 419 503 1
