135 418
0 : 29 357 29 18 0
1 : 0 230 49 16 0
2 : 0 339 29 16 0
3 : 109 16 75 21 1
4 : 58 374 23 16 0
5 : 0 36 88 16 0
6 : 0 180 57 18 0
7 : 40 304 42 21 0
8 : 111 247 45 16 1
9 : 62 149 61 18 0
10 : 85 364 29 20 0
11 : 62 167 67 26 0
12 : 0 214 52 16 0
13 : 0 16 93 20 0
14 : 27 375 22 16 0
15 : 19 391 19 16 0
16 : 0 319 36 20 0
17 : 57 193 55 16 0
18 : 0 0 135 16 0
19 : 51 250 50 18 0
20 : 36 325 31 16 0
21 : 0 198 53 16 0
22 : 81 384 22 18 0
23 : 0 142 62 18 0
24 : 53 229 58 21 0
25 : 93 16 71 16 1
26 : 50 268 45 16 0
27 : 0 52 85 16 0
28 : 0 285 39 16 0
29 : 0 301 40 18 0
30 : 103 394 20 21 1
31 : 76 68 63 16 1
32 : 0 246 51 18 0
33 : 66 131 63 18 0
34 : 29 341 29 16 0
35 : 0 104 73 20 0
36 : 49 390 19 16 0
37 : 58 342 29 16 0
38 : 50 284 47 20 0
39 : 0 355 29 18 0
40 : 0 264 50 21 0
41 : 87 342 34 22 0
42 : 115 193 54 20 1
43 : 0 160 62 20 0
44 : 114 364 30 21 1
45 : 0 373 27 18 0
46 : 68 402 16 16 0
47 : 0 391 19 16 0
48 : 58 358 27 16 0
49 : 0 124 66 18 0
50 : 82 308 53 34 0
51 : 0 68 76 18 0
52 : 0 86 71 18 0
53 : 57 209 58 20 0
54 : 97 292 35 16 0
