100 2128
0 : 56 479 17 90 0
1 : 0 234 68 76 1
2 : 56 647 14 68 0
3 : 0 1960 22 76 0
4 : 0 1053 38 83 0
5 : 0 1699 29 87 0
6 : 0 779 40 100 0
7 : 0 970 39 83 0
8 : 0 165 69 77 1
9 : 99 0 1 99 0
10 : 0 302 77 57 1
11 : 56 379 17 100 0
12 : 56 781 13 94 0
13 : 0 1786 90 27 1
14 : 0 1876 27 84 0
15 : 0 379 56 83 0
16 : 56 569 78 16 1
17 : 0 1436 31 78 0
18 : 0 1287 38 71 0
19 : 77 231 8 86 0
20 : 95 73 90 3 1
21 : 0 1136 38 79 0
22 : 77 165 10 66 0
23 : 0 2036 21 92 0
24 : 56 715 14 66 0
25 : 77 317 7 89 0
26 : 0 631 45 68 0
27 : 0 561 46 70 0
28 : 95 0 4 73 0
29 : 0 1215 38 72 0
30 : 0 699 41 80 0
31 : 0 83 82 89 1
32 : 89 83 6 88 0
33 : 0 1514 30 98 0
34 : 0 462 99 48 1
35 : 0 1612 30 87 0
36 : 57 302 19 77 0
37 : 0 0 83 95 1
38 : 0 1358 78 37 1
39 : 0 879 40 91 0
