92 192
0 : 13 179 11 9 0
1 : 27 150 1 1 0
2 : 24 179 9 11 1
3 : 88 17 1 29 0
4 : 59 181 9 11 1
5 : 0 163 19 15 0
6 : 50 51 50 29 1
7 : 90 17 1 19 0
8 : 54 153 18 18 0
9 : 0 112 12 45 1
10 : 19 164 19 15 0
11 : 76 125 14 12 0
12 : 45 112 12 45 1
13 : 0 150 27 13 0
14 : 0 124 43 13 0
15 : 79 51 55 13 1
16 : 0 137 31 13 0
17 : 72 153 19 15 0
18 : 0 101 11 79 1
19 : 0 51 50 50 0
20 : 54 151 2 37 1
21 : 31 138 31 13 0
22 : 0 0 92 17 0
23 : 38 171 21 13 0
24 : 70 183 11 9 0
25 : 43 125 33 13 0
26 : 62 138 28 13 0
27 : 89 17 1 29 0
28 : 59 171 13 10 0
29 : 27 151 27 13 0
30 : 0 17 17 88 1
31 : 72 168 19 15 0
32 : 90 125 1 19 0
33 : 0 34 86 17 0
34 : 43 124 1 48 1
35 : 79 106 4 6 0
36 : 0 178 13 10 0
37 : 83 106 4 6 0
