1000 11931
0 : 0 0 340 857 1
1 : 857 0 104 178 0
2 : 0 340 943 389 1
3 : 389 340 189 491 0
4 : 578 340 146 162 1
5 : 961 0 33 963 0
6 : 578 486 497 135 1
7 : 0 1283 652 992 0
8 : 0 2275 121 598 1
9 : 857 178 42 727 0
10 : 0 2396 142 505 1
11 : 899 178 24 83 0
12 : 0 2538 150 776 0
13 : 740 340 49 921 0
14 : 150 2538 493 677 0
15 : 150 3215 85 886 0
16 : 235 3215 421 99 1
17 : 0 4101 970 933 1
18 : 0 5071 252 738 1
19 : 0 5323 561 246 0
20 : 0 5569 882 779 1
21 : 994 0 298 2 1
22 : 0 6451 452 169 0
23 : 779 5071 253 49 1
24 : 828 5071 338 87 1
25 : 828 5409 81 148 0
26 : 828 5557 59 375 0
27 : 0 6620 457 647 0
28 : 933 178 12 189 0
29 : 945 178 8 169 0
30 : 457 6451 191 233 1
31 : 690 6451 85 947 0
32 : 457 6642 629 135 1
33 : 0 7267 965 107 1
34 : 107 7267 359 109 1
35 : 592 6642 840 67 1
36 : 216 7267 538 142 1
37 : 457 7271 104 726 0
38 : 961 963 15 871 0
39 : 216 7805 144 230 0
40 : 933 367 10 114 0
41 : 0 8232 761 761 0
42 : 0 8993 984 980 1
43 : 0 9977 408 117 0
44 : 980 963 9 189 0
45 : 0 10094 931 913 1
46 : 0 11025 516 536 1
47 : 536 11025 150 906 0
48 : 686 11025 689 148 1
49 : 0 11541 103 146 1
