1000 1119
0 : 137 931 66 61 0
1 : 35 655 62 48 0
2 : 565 584 62 46 0
3 : 245 517 61 43 0
4 : 904 377 39 62 1
5 : 203 376 38 61 1
6 : 362 99 30 71 1
7 : 375 482 56 37 0
8 : 97 695 52 39 0
9 : 467 484 36 55 1
10 : 614 38 74 27 0
11 : 916 947 42 47 1
12 : 105 249 61 32 0
13 : 132 306 58 32 0
14 : 799 618 51 36 0
15 : 536 920 46 40 0
16 : 239 0 79 23 0
17 : 322 797 48 38 0
18 : 160 0 79 23 0
19 : 766 236 30 60 1
20 : 0 0 22 81 1
21 : 444 688 36 49 1
22 : 420 40 25 71 1
23 : 81 21 73 24 0
24 : 190 303 57 31 0
25 : 219 23 72 25 0
26 : 850 621 50 35 0
27 : 99 338 56 31 0
28 : 654 419 33 54 1
29 : 537 881 39 46 1
30 : 443 168 28 63 1
31 : 396 0 77 23 0
32 : 610 1015 43 40 0
33 : 764 710 36 48 1
34 : 610 324 56 31 0
35 : 827 555 51 34 0
36 : 518 395 54 32 0
37 : 699 966 44 40 0
38 : 838 788 37 47 1
39 : 673 549 51 34 0
40 : 96 734 48 36 0
41 : 479 451 53 33 0
42 : 583 911 39 45 1
43 : 294 568 34 50 1
44 : 318 0 22 78 1
45 : 683 516 51 33 0
46 : 649 253 29 58 1
47 : 763 0 73 23 0
48 : 690 0 23 73 1
49 : 821 853 37 45 1
50 : 904 0 73 23 0
51 : 686 1035 42 40 0
52 : 110 133 26 64 1
53 : 334 377 31 54 1
54 : 542 22 23 72 1
55 : 81 0 79 21 0
56 : 255 713 35 47 1
57 : 244 560 33 50 1
58 : 812 1014 39 42 1
59 : 604 551 33 50 1
60 : 758 352 54 30 0
61 : 788 209 60 27 0
62 : 678 685 47 34 0
63 : 547 0 22 73 1
64 : 906 592 49 33 0
65 : 493 917 37 43 1
66 : 789 402 30 52 1
67 : 878 61 67 23 0
68 : 69 770 35 45 1
69 : 657 142 62 25 0
70 : 237 110 24 64 1
71 : 241 770 35 45 1
72 : 938 880 36 43 1
73 : 442 196 26 59 1
74 : 777 879 43 36 0
75 : 491 64 67 23 0
76 : 546 760 34 45 1
77 : 931 116 64 24 0
78 : 858 589 32 48 1
79 : 232 416 30 51 1
80 : 673 583 32 48 1
81 : 893 154 25 61 1
82 : 543 273 55 27 0
83 : 851 307 54 28 0
84 : 821 683 33 46 1
85 : 779 549 31 48 1
86 : 718 738 45 33 0
87 : 137 407 51 29 0
88 : 38 831 43 35 0
89 : 473 0 74 20 0
90 : 841 416 50 29 0
91 : 407 1012 40 37 0
92 : 789 184 25 59 1
93 : 0 593 31 47 1
94 : 197 511 30 48 1
95 : 703 628 46 31 0
96 : 366 1044 37 39 1
97 : 296 1045 37 39 1
98 : 868 103 63 22 0
99 : 946 846 34 42 1
100 : 826 250 26 55 1
101 : 410 648 31 45 1
102 : 878 40 67 21 0
103 : 408 135 23 61 1
104 : 825 161 23 59 1
105 : 243 593 46 30 0
106 : 612 113 62 22 0
107 : 764 266 26 54 1
108 : 368 1008 36 39 1
109 : 525 154 59 23 0
110 : 473 20 69 20 0
111 : 429 338 51 27 0
112 : 262 682 31 44 1
113 : 430 432 28 49 1
114 : 570 1082 37 37 0
115 : 897 875 34 41 1
116 : 777 679 31 44 1
117 : 901 416 49 28 0
118 : 188 64 65 21 0
119 : 836 18 20 68 1
120 : 405 1049 36 38 1
121 : 248 234 55 25 0
122 : 50 231 24 55 1
123 : 145 866 33 40 1
124 : 620 0 70 19 0
125 : 724 575 29 45 1
126 : 601 714 31 43 1
127 : 311 186 57 23 0
128 : 0 314 52 26 0
129 : 157 592 45 29 0
130 : 354 39 20 66 1
131 : 558 188 23 57 1
132 : 813 589 45 29 0
133 : 694 303 51 25 0
134 : 465 294 25 52 1
135 : 122 78 20 63 1
136 : 620 19 69 19 0
137 : 0 624 44 29 0
138 : 324 512 28 46 1
139 : 501 196 23 56 1
140 : 306 540 28 45 1
141 : 340 351 26 50 1
142 : 743 1002 37 34 0
143 : 0 57 65 20 0
144 : 522 496 28 46 1
145 : 0 38 65 19 0
146 : 149 207 56 23 0
147 : 694 489 46 27 0
148 : 734 523 28 45 1
149 : 829 445 47 27 0
150 : 661 935 38 33 0
151 : 801 521 45 28 0
152 : 491 45 64 19 0
153 : 265 264 24 52 1
154 : 836 0 18 68 1
155 : 144 805 40 31 0
156 : 278 490 46 27 0
157 : 60 90 20 61 1
158 : 110 891 32 38 0
159 : 44 274 52 24 0
160 : 142 899 38 32 0
161 : 158 1025 34 36 1
162 : 287 760 30 41 1
163 : 454 547 44 27 0
164 : 540 842 31 39 0
165 : 674 102 20 61 1
166 : 940 997 33 36 1
167 : 708 428 26 47 1
168 : 155 358 48 25 0
169 : 712 934 32 37 1
170 : 253 72 62 19 0
171 : 946 815 31 40 1
172 : 769 580 28 44 1
173 : 607 377 48 25 0
174 : 125 59 19 63 1
175 : 404 410 47 26 1
176 : 950 785 40 30 0
177 : 683 454 46 26 0
178 : 264 993 36 33 0
179 : 798 768 40 30 0
180 : 674 122 20 59 1
181 : 610 1055 34 35 1
182 : 242 931 37 32 0
183 : 289 602 28 43 1
184 : 159 992 33 36 1
185 : 567 447 26 46 1
186 : 785 140 21 58 1
187 : 888 743 29 41 1
188 : 666 328 24 49 1
189 : 95 988 33 37 1
190 : 100 929 32 37 1
191 : 363 928 37 32 0
192 : 584 167 56 21 0
193 : 154 23 65 18 0
194 : 598 273 23 51 1
195 : 317 273 23 51 1
196 : 272 816 30 39 1
197 : 247 305 50 24 0
198 : 712 241 52 23 0
199 : 31 923 37 32 0
200 : 214 259 51 23 0
201 : 955 565 27 43 1
202 : 790 821 30 39 1
203 : 47 342 48 24 0
204 : 331 165 56 21 0
205 : 264 391 25 47 1
206 : 190 334 24 49 1
207 : 499 859 38 31 0
208 : 807 89 19 61 1
209 : 94 1021 33 35 1
210 : 853 125 59 20 0
211 : 432 407 25 47 1
212 : 960 916 31 37 1
213 : 407 565 27 43 1
214 : 617 419 25 45 0
215 : 688 39 18 64 1
216 : 159 565 27 43 1
217 : 538 546 27 43 0
218 : 871 986 36 32 0
219 : 648 822 30 39 1
220 : 242 91 60 19 0
221 : 239 352 24 48 1
222 : 75 559 27 43 1
223 : 873 84 61 19 0
224 : 735 101 60 19 0
225 : 30 769 29 39 1
226 : 370 822 30 39 1
227 : 0 363 24 47 1
228 : 814 495 26 44 1
229 : 36 494 26 44 1
230 : 552 99 60 19 0
231 : 801 296 50 23 0
232 : 469 148 56 20 0
233 : 912 565 43 27 0
234 : 716 771 29 39 1
235 : 280 141 57 20 0
236 : 318 22 65 17 0
237 : 252 213 21 53 1
238 : 351 251 51 22 0
239 : 154 41 18 64 1
240 : 812 357 47 24 0
241 : 507 250 51 22 0
242 : 815 54 63 18 0
243 : 820 890 30 37 1
244 : 743 382 24 46 1
245 : 587 520 26 43 1
246 : 614 960 31 36 1
247 : 247 329 48 23 0
248 : 47 382 46 24 0
249 : 302 93 19 60 1
250 : 785 947 31 36 1
251 : 749 943 31 36 1
252 : 517 727 28 40 1
253 : 140 383 46 24 0
254 : 548 118 58 19 0
255 : 370 519 26 43 1
256 : 900 625 27 42 1
257 : 315 75 18 61 1
258 : 678 719 40 28 0
259 : 297 885 30 37 1
260 : 68 703 28 40 0
261 : 0 387 46 24 0
262 : 0 204 54 21 0
263 : 630 525 26 43 1
264 : 109 1071 33 34 1
265 : 301 989 35 32 0
266 : 843 935 36 31 0
267 : 289 465 25 44 1
268 : 73 884 30 37 1
269 : 271 655 27 41 1
270 : 711 352 23 47 1
271 : 904 23 64 17 0
272 : 36 520 26 43 1
273 : 752 39 17 63 1
274 : 150 642 27 41 1
275 : 876 462 44 25 0
276 : 490 116 58 19 0
277 : 505 1081 33 33 0
278 : 202 464 44 25 0
279 : 416 285 49 22 0
280 : 0 822 29 38 1
281 : 493 272 50 22 0
282 : 661 232 51 21 0
283 : 641 880 30 37 1
284 : 462 922 31 36 0
285 : 0 880 30 37 1
286 : 945 40 18 61 0
287 : 522 427 24 45 1
288 : 640 500 25 43 1
289 : 638 666 40 27 0
290 : 74 586 26 42 1
291 : 387 172 20 55 1
292 : 938 664 40 27 0
293 : 426 901 30 36 1
294 : 60 1021 34 32 0
295 : 687 850 29 37 1
296 : 631 758 39 28 0
297 : 381 328 48 23 0
298 : 507 1049 32 33 1
299 : 825 656 40 27 0
300 : 0 411 24 45 1
301 : 283 441 24 44 1
302 : 287 352 23 47 1
303 : 302 856 29 37 1
304 : 368 192 20 53 1
305 : 149 726 27 39 1
306 : 337 146 19 56 1
307 : 572 423 45 24 0
308 : 265 846 37 29 0
309 : 436 87 18 60 1
310 : 717 904 30 36 1
311 : 0 851 37 29 0
312 : 175 437 24 44 1
313 : 478 724 27 39 1
314 : 662 615 26 41 1
315 : 520 372 23 46 1
316 : 655 373 46 23 0
317 : 646 302 48 22 0
318 : 558 65 61 17 0
319 : 401 65 61 17 0
320 : 46 406 23 45 1
321 : 460 618 26 41 1
322 : 0 340 23 47 1
323 : 0 244 50 21 0
324 : 812 716 39 27 0
325 : 931 258 50 21 0
326 : 557 211 52 20 0
327 : 848 211 52 20 0
328 : 291 39 17 63 1
329 : 167 837 37 29 0
330 : 558 82 17 60 1
331 : 619 81 17 60 1
332 : 725 711 27 39 1
333 : 0 94 18 59 1
334 : 390 365 23 46 1
335 : 443 1072 32 33 1
336 : 772 453 24 44 1
337 : 698 396 23 45 1
338 : 332 615 26 41 1
339 : 28 955 30 35 1
340 : 881 251 50 21 0
341 : 663 992 34 31 0
342 : 409 222 52 20 0
343 : 37 866 36 29 0
344 : 955 592 41 25 0
345 : 188 719 27 39 0
346 : 856 393 23 45 1
347 : 520 671 26 39 1
348 : 347 960 30 35 1
349 : 266 963 35 30 0
350 : 246 465 24 43 1
351 : 687 822 37 28 0
352 : 795 108 18 58 1
353 : 231 642 26 40 1
354 : 475 751 27 38 1
355 : 729 465 24 43 1
356 : 257 1057 32 33 1
357 : 131 436 24 44 1
358 : 591 148 19 55 1
359 : 748 824 37 28 0
360 : 121 98 18 59 1
361 : 687 193 53 20 0
362 : 573 825 28 37 1
363 : 829 825 28 37 1
364 : 831 335 22 47 1
365 : 678 747 27 38 1
366 : 942 638 40 26 0
367 : 640 167 19 54 1
368 : 0 77 60 17 0
369 : 935 691 26 39 1
370 : 785 851 28 36 1
371 : 122 530 42 25 0
372 : 212 282 21 48 1
373 : 207 827 28 37 1
374 : 724 875 29 36 1
375 : 37 470 43 24 0
376 : 429 830 37 28 0
377 : 224 151 55 19 0
378 : 609 355 22 46 1
379 : 610 834 28 36 1
380 : 615 200 52 19 0
381 : 699 659 26 39 1
382 : 886 1043 31 33 1
383 : 738 659 26 39 1
384 : 503 831 37 28 0
385 : 0 22 63 16 0
386 : 715 330 47 22 0
387 : 609 219 52 20 0
388 : 812 72 17 61 1
389 : 940 518 24 42 1
390 : 450 574 25 41 1
391 : 653 1023 33 31 0
392 : 55 1079 32 32 0
393 : 0 146 18 55 1
394 : 249 902 35 29 0
395 : 963 140 53 19 1
396 : 47 582 25 41 0
397 : 689 23 63 16 0
398 : 645 1079 32 32 0
399 : 376 82 17 60 1
400 : 436 777 37 27 0
401 : 508 778 27 37 1
402 : 518 1019 30 33 1
403 : 532 451 43 24 1
404 : 28 985 34 30 0
405 : 202 581 25 41 1
406 : 54 211 52 20 0
407 : 263 1026 33 31 0
408 : 230 1017 33 30 0
409 : 355 231 50 20 0
410 : 420 599 25 40 1
411 : 940 1030 33 31 0
412 : 437 750 38 27 0
413 : 897 231 20 50 1
414 : 859 371 45 22 0
415 : 366 1081 32 32 0
416 : 405 679 26 39 1
417 : 80 513 42 24 0
418 : 752 23 63 16 0
419 : 598 296 48 21 0
420 : 340 59 16 61 1
421 : 440 724 38 26 0
422 : 491 574 25 41 1
423 : 646 852 28 36 1
424 : 725 685 26 39 1
425 : 204 183 19 53 1
426 : 815 38 63 16 0
427 : 45 429 23 44 1
428 : 388 307 21 47 1
429 : 591 771 37 27 0
430 : 372 772 37 27 0
431 : 525 960 29 34 1
432 : 81 834 28 36 1
433 : 191 628 25 40 1
434 : 519 989 30 34 1
435 : 900 847 36 28 0
436 : 929 459 23 43 1
437 : 545 794 36 27 0
438 : 905 313 21 47 1
439 : 598 496 24 42 1
440 : 218 48 16 61 1
441 : 786 654 25 39 1
442 : 279 56 61 16 0
443 : 149 700 38 26 0
444 : 188 414 23 44 1
445 : 27 1015 30 33 1
446 : 383 23 63 16 0
447 : 619 65 60 16 0
448 : 195 1014 30 33 1
449 : 947 335 46 21 0
450 : 480 320 21 47 1
451 : 95 369 22 45 1
452 : 755 771 27 37 1
453 : 816 472 23 42 1
454 : 157 160 18 54 1
455 : 405 242 49 20 0
456 : 368 280 20 48 1
457 : 52 321 21 47 1
458 : 682 879 28 35 1
459 : 413 541 24 41 1
460 : 164 541 41 24 0
461 : 80 456 43 23 0
462 : 563 317 21 47 1
463 : 960 758 27 37 1
464 : 667 213 19 51 1
465 : 932 193 19 52 1
466 : 0 569 24 40 1
467 : 110 863 28 35 1
468 : 728 1036 32 30 0
469 : 907 1013 30 33 1
470 : 613 473 23 42 1
471 : 900 212 19 51 1
472 : 724 551 41 24 0
473 : 581 798 27 36 1
474 : 340 855 28 35 0
475 : 273 630 25 39 1
476 : 118 555 41 24 0
477 : 561 630 25 39 1
478 : 169 116 56 17 0
479 : 772 477 23 42 1
480 : 225 134 17 55 1
481 : 447 1012 30 33 1
482 : 353 129 17 55 1
483 : 679 72 16 59 1
484 : 333 489 23 42 1
485 : 771 161 54 18 0
486 : 344 700 26 38 1
487 : 358 212 51 19 0
488 : 743 406 44 22 0
489 : 977 0 61 16 1
490 : 93 391 44 22 0
491 : 926 916 28 34 1
492 : 333 466 23 42 1
493 : 660 641 25 39 1
494 : 594 745 37 26 0
495 : 757 1085 31 31 0
496 : 65 60 16 60 1
497 : 156 505 23 41 1
498 : 818 276 48 20 0
499 : 606 862 28 35 1
500 : 447 1042 30 32 1
501 : 344 568 40 24 0
502 : 506 177 52 18 0
503 : 433 105 57 17 0
504 : 520 646 25 39 1
505 : 556 473 23 42 1
506 : 666 352 21 45 1
507 : 551 231 49 19 0
508 : 950 1073 31 30 0
509 : 436 385 22 44 1
510 : 740 500 23 41 1
511 : 97 670 38 25 0
512 : 144 669 25 38 1
513 : 59 110 57 17 0
514 : 144 779 26 36 1
515 : 879 958 28 33 1
516 : 899 501 23 41 1
517 : 0 225 50 19 0
518 : 571 853 27 35 1
519 : 368 852 27 35 1
520 : 111 626 24 39 1
521 : 37 895 28 34 1
522 : 0 112 17 57 1
523 : 649 282 20 47 1
524 : 409 780 26 36 0
525 : 302 735 37 25 0
526 : 388 388 22 44 1
527 : 431 500 41 23 1
528 : 760 608 39 24 0
529 : 536 137 17 55 1
530 : 495 651 25 38 0
531 : 153 230 50 19 0
532 : 848 193 18 51 1
533 : 432 983 29 33 1
534 : 335 1071 31 30 0
535 : 231 988 29 33 1
536 : 679 1075 31 31 0
537 : 305 226 50 19 0
538 : 848 231 49 19 0
539 : 62 992 32 29 0
540 : 721 604 24 39 1
541 : 479 427 22 43 1
542 : 480 341 45 21 0
543 : 678 907 34 28 0
544 : 866 287 47 20 0
545 : 160 461 22 42 1
546 : 404 460 22 42 1
547 : 306 686 25 38 1
548 : 0 129 17 55 1
549 : 952 315 20 46 1
550 : 72 612 39 24 0
551 : 0 435 22 42 1
552 : 517 300 20 46 1
553 : 104 175 52 18 0
554 : 225 1074 30 31 1
555 : 263 875 34 27 0
556 : 180 903 34 28 0
557 : 960 733 37 25 0
558 : 776 915 28 34 1
559 : 50 255 48 19 0
560 : 858 509 23 41 1
561 : 780 1003 29 32 1
562 : 812 743 37 25 0
563 : 143 286 47 20 0
564 : 922 356 21 44 1
565 : 180 100 57 16 0
566 : 628 932 28 33 1
567 : 532 589 39 24 1
568 : 934 542 40 23 0
569 : 314 934 28 33 1
570 : 854 1018 29 32 1
571 : 696 283 47 20 0
572 : 557 735 25 37 1
573 : 132 836 35 27 0
574 : 846 532 23 40 1
575 : 418 624 24 39 1
576 : 752 56 15 60 1
577 : 286 790 26 36 1
578 : 473 803 26 35 1
579 : 215 889 27 34 1
580 : 435 804 26 35 1
581 : 52 171 52 18 0
582 : 65 45 60 15 0
583 : 559 655 38 24 0
584 : 900 652 38 24 0
585 : 600 644 38 24 0
586 : 336 990 29 32 1
587 : 295 331 45 20 0
588 : 257 195 18 51 1
589 : 91 413 22 43 1
590 : 688 57 60 15 0
591 : 947 239 49 19 0
592 : 501 219 18 50 1
593 : 919 1061 31 30 0
594 : 215 736 25 37 1
595 : 457 644 38 24 0
596 : 950 416 43 22 0
597 : 0 546 40 23 0
598 : 754 292 20 47 1
599 : 98 193 51 18 0
600 : 342 726 37 25 0
601 : 116 602 39 24 0
602 : 628 786 26 36 1
603 : 851 716 25 37 1
604 : 191 653 24 38 1
605 : 810 920 33 27 0
606 : 697 1006 29 32 1
607 : 96 281 20 47 1
608 : 564 710 25 37 1
609 : 201 489 22 41 1
610 : 579 1052 31 30 0
611 : 65 805 35 26 0
612 : 118 579 23 39 1
613 : 166 249 19 48 1
614 : 812 381 21 44 1
615 : 600 239 49 19 0
616 : 498 547 23 40 1
617 : 748 71 15 59 1
618 : 403 858 27 34 1
619 : 489 524 23 40 1
620 : 508 805 26 35 1
621 : 572 402 21 43 1
622 : 303 245 19 48 1
623 : 194 1044 31 29 0
624 : 129 1040 31 29 1
625 : 755 798 26 35 1
626 : 655 396 43 21 0
627 : 259 177 52 18 0
628 : 923 717 25 37 1
629 : 218 688 37 24 0
630 : 858 487 41 22 0
631 : 203 938 33 28 0
632 : 63 964 28 32 1
633 : 86 301 20 46 1
634 : 160 483 41 22 0
635 : 878 351 44 20 0
636 : 527 702 25 37 1
637 : 707 264 19 47 1
638 : 495 890 27 33 1
639 : 642 452 41 21 0
640 : 898 676 37 24 0
641 : 924 279 47 19 0
642 : 344 592 39 23 0
643 : 68 937 27 32 1
644 : 670 774 35 25 0
645 : 866 839 26 34 1
646 : 89 435 42 21 0
647 : 963 947 27 32 1
648 : 218 712 36 24 0
649 : 582 950 27 32 1
650 : 493 954 32 27 0
651 : 529 524 22 39 1
652 : 436 365 20 43 1
653 : 336 1019 30 28 0
654 : 400 957 32 27 0
655 : 0 181 50 17 0
656 : 950 438 21 41 1
657 : 787 432 42 21 0
658 : 719 147 52 16 0
659 : 0 164 17 52 1
660 : 473 778 35 25 0
661 : 435 319 19 45 1
662 : 540 1063 29 30 1
663 : 79 537 22 39 1
664 : 237 856 33 26 1
665 : 100 961 27 32 1
666 : 308 962 32 27 0
667 : 290 1082 29 29 0
668 : 972 459 21 40 0
669 : 306 711 36 24 0
670 : 379 748 35 24 0
671 : 749 632 23 37 1
672 : 205 541 22 39 1
673 : 308 209 17 50 1
674 : 373 632 23 37 1
675 : 894 909 26 32 1
676 : 446 460 40 21 1
677 : 182 677 36 23 0
678 : 348 677 23 36 1
679 : 279 161 16 52 1
680 : 763 746 35 24 0
681 : 328 773 24 34 1
682 : 402 262 18 46 1
683 : 185 85 57 15 0
684 : 888 700 35 23 0
685 : 738 86 57 15 0
686 : 80 479 40 21 0
687 : 849 764 24 34 1
688 : 780 1032 28 30 1
689 : 851 741 23 35 1
690 : 105 159 52 16 0
691 : 934 101 56 15 0
692 : 166 268 46 18 0
693 : 27 1045 30 28 0
694 : 728 1066 28 29 1
695 : 718 224 17 48 1
696 : 301 112 15 55 1
697 : 719 163 52 16 0
698 : 65 76 57 14 0
699 : 679 88 56 14 0
700 : 496 101 15 56 1
701 : 559 679 23 36 1
702 : 618 98 56 15 0
703 : 982 140 16 50 0
704 : 466 853 25 33 1
705 : 202 606 37 22 0
706 : 312 663 36 23 0
707 : 204 855 33 25 0
708 : 400 931 31 26 0
709 : 405 705 35 23 0
710 : 312 641 36 22 0
711 : 32 725 23 35 1
712 : 470 829 24 33 1
713 : 55 142 52 15 0
714 : 743 974 26 30 1
715 : 382 711 35 23 1
716 : 496 87 56 14 0
717 : 0 1005 30 27 1
718 : 364 446 20 40 1
719 : 0 798 33 24 0
720 : 745 312 44 18 0
721 : 431 931 31 26 0
722 : 701 375 42 19 0
723 : 963 40 56 14 1
724 : 369 655 36 22 0
725 : 655 480 20 39 1
726 : 367 902 31 25 0
727 : 558 45 14 56 1
728 : 978 664 22 35 0
729 : 955 617 21 36 1
730 : 228 1047 27 29 1
731 : 57 127 53 15 0
732 : 595 688 35 22 0
733 : 966 356 42 19 1
734 : 838 1072 27 28 1
735 : 644 714 34 22 0
736 : 857 910 31 25 0
737 : 155 621 21 36 1
738 : 0 910 31 25 0
739 : 740 208 16 48 1
740 : 448 268 17 45 1
741 : 810 1053 28 27 0
742 : 581 1002 29 26 0
743 : 432 957 30 25 0
744 : 462 958 25 30 1
745 : 886 772 33 23 0
746 : 781 500 37 20 1
747 : 27 1073 27 28 1
748 : 974 699 22 34 0
749 : 348 641 21 35 0
750 : 34 703 34 22 0
751 : 236 963 25 30 1
752 : 208 761 33 23 0
753 : 0 1060 27 28 0
754 : 644 736 34 22 0
755 : 886 542 37 20 0
756 : 33 798 23 32 1
757 : 461 237 16 46 1
758 : 881 1074 27 27 0
759 : 370 799 23 32 1
760 : 351 545 20 37 1
761 : 106 230 16 47 1
762 : 513 755 22 33 1
763 : 283 416 40 19 0
764 : 50 189 48 15 0
765 : 100 811 32 23 0
766 : 184 805 32 23 1
767 : 301 127 52 14 0
768 : 254 748 22 33 1
769 : 733 133 14 52 1
770 : 912 140 14 51 1
771 : 384 592 36 20 0
772 : 260 288 44 17 0
773 : 762 335 42 17 0
774 : 740 193 48 15 0
775 : 801 978 29 25 0
776 : 867 676 34 21 1
777 : 566 373 18 41 1
778 : 566 355 18 41 1
779 : 866 865 24 31 1
780 : 116 116 53 14 0
781 : 144 753 33 22 0
782 : 364 410 40 18 0
783 : 143 1083 27 27 0
784 : 920 482 38 19 0
785 : 792 798 32 23 0
786 : 384 677 34 21 1
787 : 787 126 52 14 0
788 : 630 693 21 34 1
789 : 339 751 22 33 1
790 : 0 693 21 34 1
791 : 664 799 32 23 0
792 : 414 748 22 32 0
793 : 284 915 30 24 0
794 : 568 338 17 41 1
795 : 393 158 14 50 1
796 : 0 653 35 21 0
797 : 582 977 25 29 1
798 : 205 216 46 15 0
799 : 627 586 20 36 1
800 : 551 1037 28 26 0
801 : 493 697 34 21 0
802 : 568 496 19 37 0
803 : 891 444 18 38 1
804 : 361 428 18 39 1
805 : 368 879 23 30 1
806 : 156 192 15 48 1
807 : 525 355 17 41 1
808 : 885 817 31 22 0
809 : 55 157 50 14 0
810 : 110 650 34 20 0
811 : 905 334 17 42 1
812 : 735 120 52 13 0
813 : 746 852 31 23 0
814 : 527 338 41 17 0
815 : 383 612 20 35 1
816 : 64 748 21 32 1
817 : 958 499 37 19 0
818 : 480 362 40 17 0
819 : 174 146 14 50 1
820 : 885 795 31 22 0
821 : 0 265 16 44 1
822 : 0 296 16 43 1
823 : 43 298 16 43 1
824 : 650 968 24 28 1
825 : 183 1073 26 27 1
826 : 279 939 29 24 0
827 : 553 989 28 24 0
828 : 398 1085 26 26 0
829 : 627 606 20 35 1
830 : 0 981 24 28 1
831 : 433 122 13 52 1
832 : 606 135 13 51 1
833 : 0 474 18 37 1
834 : 696 800 22 31 1
835 : 297 311 16 42 1
836 : 568 546 19 36 1
837 : 602 258 15 44 1
838 : 32 748 32 21 0
839 : 241 805 31 22 0
840 : 388 545 19 35 0
841 : 185 880 30 23 0
842 : 640 186 47 14 0
843 : 71 914 23 29 1
844 : 854 1047 27 25 0
845 : 617 812 31 22 0
846 : 123 477 18 37 1
847 : 156 178 48 14 0
848 : 340 331 41 16 0
849 : 382 984 28 24 0
850 : 219 446 18 38 1
851 : 615 402 17 39 1
852 : 0 1035 27 25 0
853 : 0 527 36 19 0
854 : 912 989 28 24 0
855 : 205 202 14 47 1
856 : 0 734 21 32 1
857 : 843 145 50 13 0
858 : 42 452 38 18 0
859 : 203 966 28 24 0
860 : 843 966 28 24 0
861 : 884 179 14 48 1
862 : 789 319 16 42 1
863 : 694 179 14 48 1
864 : 106 211 15 43 1
865 : 773 978 24 28 1
866 : 919 783 31 21 0
867 : 180 784 31 21 0
868 : 951 212 14 46 1
869 : 83 1054 25 26 1
870 : 865 656 33 20 0
871 : 553 1013 24 27 1
872 : 479 1052 26 25 0
873 : 334 911 29 23 0
874 : 0 509 36 18 0
875 : 460 599 34 19 0
876 : 339 315 42 16 0
877 : 888 935 28 23 0
878 : 753 904 23 29 0
879 : 229 668 20 33 1
880 : 480 1027 27 25 0
881 : 830 990 27 24 0
882 : 177 758 31 21 0
883 : 494 599 34 19 0
884 : 455 668 20 33 1
885 : 203 990 27 24 0
886 : 654 551 35 19 1
887 : 916 825 30 22 0
888 : 454 253 15 44 1
889 : 724 830 22 30 0
890 : 597 668 33 20 0
891 : 565 565 35 19 0
892 : 981 258 15 42 0
893 : 653 1054 26 25 0
894 : 211 804 21 30 1
895 : 57 1053 25 26 1
896 : 132 992 27 24 0
897 : 0 958 28 23 0
898 : 47 366 16 39 1
899 : 485 135 13 51 1
900 : 174 133 13 51 1
901 : 727 800 30 21 1
902 : 881 272 43 15 0
903 : 203 231 14 45 1
904 : 929 762 31 21 0
905 : 558 258 44 15 0
906 : 899 524 18 35 1
907 : 492 981 27 23 0
908 : 454 520 18 35 1
909 : 976 1023 24 26 0
910 : 580 1028 24 26 1
911 : 437 858 22 29 1
912 : 0 935 23 28 1
913 : 120 495 36 18 0
914 : 155 338 35 18 0
915 : 405 728 32 20 0
916 : 543 821 21 30 1
917 : 466 878 29 22 0
918 : 632 910 28 22 0
919 : 760 1060 25 26 1
920 : 501 618 33 19 1
921 : 81 862 29 22 0
922 : 335 1047 24 26 1
923 : 44 636 19 33 1
924 : 214 916 28 22 0
925 : 239 623 34 19 0
926 : 929 742 31 20 0
927 : 465 983 23 27 1
928 : 40 546 35 18 0
929 : 973 1049 26 24 0
930 : 132 1016 24 26 1
931 : 323 424 17 38 1
932 : 300 1021 24 26 1
933 : 304 296 15 42 1
934 : 327 446 37 17 0
935 : 559 960 27 23 1
936 : 913 298 15 42 1
937 : 287 375 16 39 1
938 : 755 428 37 17 1
939 : 963 974 23 27 1
940 : 480 395 38 16 0
941 : 955 300 42 15 0
942 : 465 900 28 22 0
943 : 742 179 13 47 1
944 : 0 714 20 32 1
945 : 476 1077 25 25 0
946 : 40 564 34 18 0
947 : 900 193 32 19 0
948 : 346 300 15 42 1
949 : 114 790 30 21 0
950 : 0 281 15 42 1
951 : 0 674 32 19 0
952 : 326 408 38 16 0
953 : 916 804 30 21 0
954 : 211 170 48 13 0
955 : 0 457 37 17 0
956 : 398 906 28 22 0
957 : 888 723 32 20 0
958 : 527 320 36 17 0
959 : 123 460 37 17 0
960 : 77 636 19 33 1
961 : 114 770 20 30 1
962 : 244 827 29 21 1
963 : 786 1060 25 24 1
964 : 611 991 23 26 1
965 : 627 626 18 33 1
966 : 203 358 36 17 0
967 : 437 880 21 28 1
968 : 637 992 26 23 0
969 : 158 1059 25 24 0
970 : 480 411 37 16 0
971 : 242 489 36 17 0
972 : 0 774 20 30 1
973 : 205 563 18 34 1
974 : 976 997 23 26 0
975 : 398 885 21 28 1
976 : 878 562 34 18 0
977 : 480 379 38 16 0
978 : 0 492 17 36 1
979 : 311 835 29 21 0
980 : 492 1004 26 23 0
981 : 563 300 17 34 1
982 : 583 880 28 21 1
983 : 528 628 33 18 0
984 : 866 889 28 21 0
985 : 122 513 17 34 1
986 : 211 784 30 20 0
987 : 462 65 29 20 0
988 : 339 890 21 28 1
989 : 421 192 30 19 1
990 : 0 1088 24 24 0
991 : 982 518 34 17 1
992 : 409 816 20 29 0
993 : 187 700 31 19 0
994 : 810 1080 24 24 0
995 : 604 890 21 28 1
996 : 0 755 30 19 0
997 : 340 835 28 20 0
998 : 821 947 22 27 0
999 : 951 226 13 44 1
