300 670
0 : 0 359 90 36 0
1 : 137 143 79 15 1
2 : 163 229 90 36 1
3 : 209 95 244 70 1
4 : 209 519 39 15 1
5 : 279 301 55 15 1
6 : 137 335 53 14 1
7 : 0 431 90 36 0
8 : 245 339 80 32 1
9 : 0 251 101 36 0
10 : 101 514 62 31 1
11 : 224 519 40 16 1
12 : 245 549 38 15 1
13 : 163 559 24 32 0
14 : 0 0 300 95 0
15 : 245 419 80 32 1
16 : 60 554 38 15 1
17 : 0 554 40 16 0
18 : 0 95 209 33 0
19 : 0 143 101 36 0
20 : 260 499 47 15 1
21 : 40 539 40 16 1
22 : 163 499 60 24 1
23 : 0 323 90 36 0
24 : 260 546 39 15 1
25 : 0 570 39 15 0
26 : 279 463 51 15 1
27 : 0 539 40 15 0
28 : 0 215 101 36 0
29 : 0 503 60 18 0
30 : 279 356 55 15 1
31 : 279 241 60 15 1
32 : 279 175 66 15 1
33 : 101 576 24 32 0
34 : 163 319 90 36 1
35 : 60 503 51 18 1
36 : 101 244 90 36 1
37 : 101 334 90 36 1
38 : 0 521 60 18 0
39 : 209 339 90 36 1
40 : 224 559 17 16 1
41 : 137 222 59 14 1
42 : 0 128 163 15 0
43 : 163 128 101 36 1
44 : 0 395 90 36 0
45 : 279 411 52 15 1
46 : 163 409 90 36 1
47 : 245 499 50 15 1
48 : 279 514 40 15 1
49 : 137 281 54 14 1
50 : 101 143 101 36 1
51 : 0 467 90 36 0
52 : 0 179 101 36 0
53 : 101 424 90 36 1
54 : 0 592 78 78 0
55 : 209 429 90 36 1
56 : 0 287 90 36 0
57 : 279 95 80 15 1
