411 555
0 : 0 6 200 200 0
1 : 164 459 26 14 0
2 : 164 406 30 30 0
3 : 321 376 64 63 0
4 : 385 260 22 22 0
5 : 385 206 24 18 0
6 : 0 406 100 100 0
7 : 200 6 200 200 0
8 : 100 469 58 58 0
9 : 200 320 164 56 0
10 : 100 406 64 63 0
11 : 385 224 24 18 0
12 : 0 0 411 6 0
13 : 385 242 24 18 0
14 : 158 497 58 58 0
15 : 164 436 27 23 0
16 : 200 376 121 121 0
17 : 200 264 165 56 0
18 : 0 206 200 200 0
19 : 321 439 64 63 0
20 : 164 473 26 14 0
21 : 369 206 26 14 1
22 : 216 497 58 58 0
23 : 200 206 169 58 0
