100 2701
0 : 0 1201 38 90 0
1 : 0 2154 24 82 0
2 : 35 1660 18 75 0
3 : 0 0 88 98 1
4 : 0 1437 27 97 0
5 : 41 656 4 99 0
6 : 56 951 14 85 0
7 : 56 623 24 85 0
8 : 0 2311 28 76 0
9 : 35 1842 46 35 1
10 : 53 1728 20 69 0
11 : 56 872 21 79 0
12 : 0 559 41 99 0
13 : 0 757 49 88 0
14 : 0 845 39 96 0
15 : 56 541 30 82 0
16 : 27 1437 15 95 0
17 : 56 708 14 95 0
18 : 0 1981 19 96 0
19 : 0 466 50 93 0
20 : 28 1702 1 99 0
21 : 56 466 40 75 0
22 : 56 1197 11 69 0
23 : 0 235 82 66 0
24 : 0 1361 49 76 0
25 : 0 1116 85 47 1
26 : 0 387 64 79 0
27 : 0 2553 27 69 0
28 : 41 559 8 97 0
29 : 0 1797 28 94 0
30 : 0 2236 30 75 0
31 : 56 803 32 69 0
32 : 0 1891 29 90 0
33 : 0 658 39 99 0
34 : 38 1277 7 11 0
35 : 64 301 100 18 1
36 : 0 174 61 88 1
37 : 56 1121 12 76 0
38 : 0 1534 45 79 0
39 : 0 1702 28 95 0
40 : 24 2154 6 67 0
41 : 35 1613 47 46 1
42 : 35 1797 45 39 1
43 : 0 2387 19 84 0
44 : 56 1036 12 85 0
45 : 0 941 44 91 0
46 : 0 1291 56 70 0
47 : 0 2471 21 82 0
48 : 0 2077 30 77 0
49 : 39 658 2 93 0
50 : 35 1735 31 14 1
51 : 0 1613 35 89 0
52 : 38 1201 9 76 0
53 : 53 1660 22 68 0
54 : 0 2622 16 79 0
55 : 56 1266 11 68 0
56 : 0 1032 50 84 0
57 : 42 1437 3 87 0
58 : 0 301 62 86 0
59 : 0 88 98 86 0
