3000 5474
0 : 0 5289 365 185 0
1 : 1238 5231 378 200 0
2 : 1073 4919 410 165 1
3 : 1835 5195 425 148 0
4 : 553 5124 425 296 0
5 : 1835 5079 439 116 0
6 : 0 2837 464 1006 1
7 : 553 4919 520 205 0
8 : 1315 4881 520 350 0
9 : 2403 4800 540 530 0
10 : 1575 1693 549 1413 1
11 : 0 572 549 1882 1
12 : 0 4793 553 496 0
13 : 2418 3386 555 755 0
14 : 1907 4524 555 496 1
15 : 2414 4141 555 659 0
16 : 0 4320 567 473 0
17 : 1315 4309 572 592 1
18 : 0 3301 572 975 1
19 : 1490 2814 572 1175 1
20 : 0 1693 572 1575 1
21 : 1575 2242 572 1390 1
22 : 0 2265 572 1490 1
23 : 0 1121 572 1590 1
24 : 1890 0 572 1690 0
25 : 0 0 572 1890 1
26 : 690 4309 610 625 1
27 : 1924 3864 660 490 1
28 : 0 3873 690 447 0
29 : 975 3864 949 445 0
30 : 1469 3386 949 478 0
31 : 1006 2837 970 463 1
