35 490
0 : 0 449 12 10 0
1 : 0 476 2 31 1
2 : 0 428 10 13 1
3 : 16 161 16 16 0
4 : 0 177 16 16 0
5 : 16 177 16 16 0
6 : 0 193 16 16 0
7 : 15 487 2 15 1
8 : 0 478 8 7 0
9 : 14 403 13 13 0
10 : 16 209 16 16 0
11 : 8 478 8 7 0
12 : 16 225 16 16 0
13 : 12 458 16 7 0
14 : 0 241 16 16 0
15 : 0 343 16 15 0
16 : 16 388 15 15 0
17 : 0 119 24 21 0
18 : 34 328 1 26 0
19 : 0 257 16 16 0
20 : 13 416 11 14 1
21 : 0 140 24 21 0
22 : 16 343 16 15 0
23 : 16 273 16 16 0
24 : 0 289 16 16 0
25 : 23 478 7 7 0
26 : 0 305 16 16 0
27 : 0 403 13 14 1
28 : 0 358 16 15 0
29 : 0 488 2 7 1
30 : 10 465 8 10 1
31 : 13 427 13 11 0
32 : 16 358 16 15 0
33 : 0 416 13 12 0
34 : 0 161 16 16 0
35 : 0 273 16 16 0
36 : 34 354 1 1 0
37 : 15 485 2 16 1
38 : 22 438 12 10 0
39 : 0 459 8 10 1
40 : 22 448 12 10 0
41 : 0 32 24 24 0
42 : 0 373 16 15 0
43 : 16 373 16 15 0
44 : 0 0 32 32 0
45 : 16 478 7 7 0
46 : 0 473 3 22 1
47 : 16 289 16 16 0
48 : 16 257 16 16 0
49 : 0 321 35 7 0
50 : 16 241 16 16 0
51 : 31 458 3 19 0
52 : 0 485 3 15 1
53 : 0 98 24 21 0
54 : 0 225 16 16 0
55 : 0 388 16 15 0
56 : 16 193 16 16 0
57 : 0 209 16 16 0
58 : 0 438 11 11 0
59 : 0 328 16 15 0
60 : 11 438 11 11 0
61 : 0 77 24 21 0
62 : 0 56 24 21 0
63 : 16 328 16 15 0
64 : 31 477 3 11 0
