300 617
0 : 90 321 90 36 0
1 : 101 270 79 15 0
2 : 0 285 90 36 0
3 : 0 128 244 70 0
4 : 232 507 39 15 0
5 : 0 465 55 15 0
6 : 110 465 53 14 0
7 : 0 393 90 36 0
8 : 180 432 80 32 0
9 : 264 196 101 36 1
10 : 170 496 62 31 0
11 : 51 510 40 16 0
12 : 138 527 38 15 0
13 : 209 95 24 32 0
14 : 0 0 300 95 0
15 : 180 464 80 32 0
16 : 176 527 38 15 0
17 : 0 513 40 16 0
18 : 0 95 209 33 0
19 : 244 95 101 36 1
20 : 51 495 47 15 0
21 : 98 518 40 16 0
22 : 110 494 60 24 0
23 : 0 321 90 36 0
24 : 40 526 39 15 0
25 : 232 522 39 15 0
26 : 0 480 51 15 0
27 : 260 477 40 15 0
28 : 0 249 101 36 0
29 : 270 357 60 18 1
30 : 55 465 55 15 0
31 : 270 297 60 15 1
32 : 238 234 66 15 1
33 : 271 507 24 32 0
34 : 180 324 90 36 0
35 : 0 495 51 18 0
36 : 202 234 90 36 1
37 : 0 357 90 36 0
38 : 270 417 60 18 1
39 : 90 357 90 36 0
40 : 79 526 17 16 0
41 : 101 213 59 14 0
42 : 0 198 163 15 0
43 : 0 213 101 36 0
44 : 180 360 90 36 0
45 : 110 479 52 15 0
46 : 90 393 90 36 0
47 : 51 480 50 15 0
48 : 260 492 40 15 0
49 : 180 270 54 14 1
50 : 101 234 101 36 0
51 : 180 396 90 36 0
52 : 163 198 101 36 0
53 : 0 429 90 36 0
54 : 214 539 78 78 0
55 : 90 429 90 36 0
56 : 90 285 90 36 0
57 : 280 95 80 15 1
