35 463
0 : 19 430 12 10 0
1 : 32 0 2 31 0
2 : 0 418 10 13 1
3 : 16 161 16 16 0
4 : 0 177 16 16 0
5 : 16 177 16 16 0
6 : 0 193 16 16 0
7 : 0 453 2 15 1
8 : 26 448 8 7 0
9 : 0 394 13 13 0
10 : 16 209 16 16 0
11 : 15 453 8 7 0
12 : 16 225 16 16 0
13 : 27 395 16 7 1
14 : 0 241 16 16 0
15 : 16 320 16 15 0
16 : 16 380 15 15 0
17 : 0 119 24 21 0
18 : 34 0 1 26 0
19 : 0 257 16 16 0
20 : 0 407 11 14 1
21 : 0 140 24 21 0
22 : 0 321 16 15 0
23 : 16 273 16 16 0
24 : 0 289 16 16 0
25 : 0 455 7 7 0
26 : 0 305 16 16 0
27 : 0 381 13 14 1
28 : 16 335 16 15 0
29 : 30 455 2 7 0
30 : 0 442 8 10 1
31 : 14 407 13 11 0
32 : 0 336 16 15 0
33 : 13 395 13 12 0
34 : 0 161 16 16 0
35 : 0 273 16 16 0
36 : 34 445 1 1 0
37 : 10 451 2 16 1
38 : 13 418 12 10 0
39 : 22 440 8 10 1
40 : 25 418 12 10 1
41 : 0 32 24 24 0
42 : 16 350 16 15 0
43 : 0 351 16 15 0
44 : 0 0 32 32 0
45 : 23 455 7 7 0
46 : 32 31 3 22 0
47 : 16 289 16 16 0
48 : 16 257 16 16 0
49 : 24 32 35 7 1
50 : 16 241 16 16 0
51 : 0 428 3 19 1
52 : 32 430 3 15 0
53 : 0 98 24 21 0
54 : 0 225 16 16 0
55 : 16 365 16 15 0
56 : 16 193 16 16 0
57 : 0 209 16 16 0
58 : 0 431 11 11 0
59 : 0 366 16 15 0
60 : 11 440 11 11 0
61 : 0 77 24 21 0
62 : 0 56 24 21 0
63 : 16 305 16 15 0
64 : 7 460 3 11 1
