1000 9520
0 : 0 0 340 857 1
1 : 857 0 104 178 0
2 : 0 340 943 389 0
3 : 0 729 189 491 1
4 : 491 729 146 162 1
5 : 0 918 33 963 1
6 : 0 951 497 135 0
7 : 0 1086 652 992 1
8 : 0 1738 121 598 1
9 : 0 1859 42 727 1
10 : 0 1901 142 505 1
11 : 491 875 24 83 1
12 : 0 2043 150 776 1
13 : 0 2193 49 921 1
14 : 0 2242 493 677 1
15 : 0 2735 85 886 1
16 : 497 951 421 99 0
17 : 0 2820 970 933 0
18 : 0 3753 252 738 1
19 : 0 4005 561 246 0
20 : 0 4251 882 779 0
21 : 961 0 298 2 1
22 : 677 2242 452 169 1
23 : 727 1738 253 49 1
24 : 776 1738 338 87 1
25 : 857 178 81 148 0
26 : 738 3753 59 375 0
27 : 0 5030 457 647 1
28 : 943 178 12 189 0
29 : 677 2694 8 169 1
30 : 647 5030 191 233 1
31 : 882 3753 85 947 0
32 : 0 5487 629 135 0
33 : 882 4700 965 107 1
34 : 647 5221 359 109 1
35 : 0 5622 840 67 0
36 : 0 5689 538 142 0
37 : 0 5831 104 726 1
38 : 963 0 15 871 0
39 : 561 4005 144 230 0
40 : 561 4235 10 114 1
41 : 0 5935 761 761 0
42 : 0 6696 984 980 0
43 : 0 7676 408 117 0
44 : 963 871 9 189 0
45 : 0 7793 931 913 0
46 : 0 8706 516 536 1
47 : 0 9222 150 906 1
48 : 0 9372 689 148 0
49 : 538 5689 103 146 1
