200 221
0 : 0 44 110 32 0
1 : 186 41 12 33 0
2 : 135 0 78 15 1
3 : 62 91 62 18 0
4 : 0 144 16 53 1
5 : 78 118 37 76 1
6 : 0 30 14 97 1
7 : 100 155 28 43 1
8 : 162 67 16 9 0
9 : 182 172 15 22 0
10 : 135 78 64 19 0
11 : 97 30 10 13 0
12 : 110 60 4 27 0
13 : 37 160 12 13 0
14 : 97 177 3 6 0
15 : 178 54 7 22 0
16 : 162 0 67 16 1
17 : 0 182 27 14 0
18 : 186 0 13 41 0
19 : 0 109 78 35 0
20 : 0 0 30 115 1
21 : 178 0 8 54 0
22 : 115 0 20 91 0
23 : 179 118 6 6 0
24 : 150 0 72 12 1
25 : 0 76 15 92 1
26 : 154 118 22 58 0
27 : 78 177 19 6 0
28 : 78 183 38 48 1
29 : 124 97 21 61 1
30 : 185 97 10 38 0
31 : 53 155 22 47 1
32 : 0 160 22 37 1
33 : 110 30 5 30 0
34 : 150 72 5 9 1
35 : 176 118 3 15 0
36 : 53 144 24 10 0
37 : 176 135 20 37 0
38 : 92 76 18 13 0
39 : 0 196 23 19 0
40 : 37 177 41 27 0
41 : 149 155 18 5 1
42 : 124 91 6 11 1
43 : 143 176 39 24 0
44 : 143 155 21 6 1
45 : 0 91 62 17 0
46 : 126 183 20 15 1
47 : 186 74 3 8 1
48 : 78 109 44 7 0
