100 1817
0 : 96 1157 1 74 0
1 : 0 799 24 88 1
2 : 0 1280 16 77 1
3 : 0 347 98 7 0
4 : 0 1186 9 81 1
5 : 76 1380 22 71 0
6 : 0 770 29 88 1
7 : 0 0 100 39 0
8 : 0 1015 85 45 0
9 : 0 316 31 98 1
10 : 84 1522 68 11 1
11 : 0 843 16 88 1
12 : 0 1006 9 86 1
13 : 0 1633 67 46 0
14 : 0 1718 41 66 1
15 : 0 423 92 87 0
16 : 86 993 1 83 0
17 : 0 1567 35 70 1
18 : 0 1679 39 67 1
19 : 0 1602 31 68 1
20 : 92 535 5 88 0
21 : 0 976 30 86 1
22 : 0 107 99 65 0
23 : 0 738 32 88 1
24 : 72 1592 21 66 0
25 : 0 1452 36 75 1
26 : 0 402 21 93 1
27 : 0 1142 44 81 1
28 : 0 859 48 87 1
29 : 60 1811 4 10 1
30 : 0 1301 53 76 1
31 : 0 1070 17 83 1
32 : 67 1696 37 24 1
33 : 0 1220 33 78 1
34 : 0 1087 49 82 1
35 : 0 686 52 88 1
36 : 67 1658 38 28 1
37 : 0 570 25 91 1
38 : 92 446 5 89 0
39 : 0 1402 50 75 1
40 : 99 107 1 96 0
41 : 0 1253 27 78 1
42 : 0 1136 82 6 0
43 : 70 1811 8 1 0
44 : 0 1195 25 80 1
45 : 0 1488 42 73 1
46 : 93 354 4 92 0
47 : 0 78 29 100 1
48 : 90 1308 10 72 0
49 : 81 1157 78 15 1
50 : 0 641 45 89 1
51 : 0 1759 60 58 0
52 : 90 1235 8 73 0
53 : 90 623 6 87 0
54 : 0 354 48 93 1
55 : 96 623 4 87 0
56 : 83 1076 17 81 0
57 : 88 1451 5 71 0
58 : 75 1451 13 71 0
59 : 80 1235 10 75 0
60 : 0 278 38 98 1
61 : 0 172 66 98 1
62 : 0 510 40 92 1
63 : 0 1060 84 10 0
64 : 0 823 20 88 1
65 : 0 39 39 100 1
66 : 60 1761 28 30 1
67 : 0 1296 5 77 1
68 : 86 907 14 86 0
69 : 88 1789 24 12 1
70 : 66 1733 28 33 1
71 : 0 595 46 90 1
72 : 0 550 20 92 1
73 : 0 907 69 86 1
74 : 0 238 40 98 1
75 : 0 1354 48 76 1
76 : 0 1530 37 72 1
77 : 60 1789 28 22 0
78 : 87 993 13 82 0
79 : 73 1522 11 70 0
