1000 30616
0 : 0 19891 602 738 1
1 : 0 11810 897 620 0
2 : 0 27851 743 708 0
3 : 664 22318 308 409 0
4 : 0 28559 447 477 1
5 : 891 8997 421 71 1
6 : 743 17037 167 331 0
7 : 826 2733 667 149 1
8 : 0 11317 792 493 0
9 : 788 8430 190 567 0
10 : 0 8286 320 711 1
11 : 0 9383 891 518 0
12 : 0 15472 750 559 0
13 : 673 13468 220 428 0
14 : 986 13775 10 55 0
15 : 0 421 990 287 0
16 : 0 18418 986 840 0
17 : 0 27420 482 431 0
18 : 572 25298 393 471 0
19 : 786 7906 524 139 1
20 : 0 0 963 110 0
21 : 0 6365 554 971 1
22 : 0 3443 143 657 1
23 : 0 29634 621 642 1
24 : 0 29006 628 649 1
25 : 0 19258 633 770 1
26 : 792 11317 473 184 1
27 : 0 1665 729 109 0
28 : 0 14385 601 395 0
29 : 0 3088 151 693 1
30 : 360 26538 342 281 0
31 : 897 11790 82 351 0
32 : 587 16506 531 361 1
33 : 910 1405 82 636 0
34 : 0 23491 926 836 0
35 : 0 21583 844 735 0
36 : 0 887 246 940 1
37 : 0 1133 867 175 0
38 : 0 22318 560 664 1
39 : 0 4740 896 438 0
40 : 0 22878 711 613 0
41 : 0 6919 860 446 0
42 : 0 110 182 927 1
43 : 726 9901 579 258 1
44 : 0 9011 753 372 0
45 : 0 1774 153 759 1
46 : 0 30255 361 371 1
47 : 992 0 519 5 1
48 : 0 292 866 129 0
49 : 0 2828 826 260 0
50 : 743 17368 361 202 1
51 : 0 16031 475 664 1
52 : 0 10246 125 483 1
53 : 0 7365 541 953 1
54 : 0 5648 573 141 0
55 : 0 26538 294 360 1
56 : 0 2733 95 681 1
57 : 0 3239 733 204 0
58 : 0 2426 907 307 0
59 : 0 20906 677 787 1
60 : 0 9901 345 708 1
61 : 380 13070 398 612 1
62 : 0 25298 572 490 0
63 : 0 16506 587 412 0
64 : 0 3586 275 786 1
65 : 0 1308 861 214 0
66 : 0 5789 997 576 0
67 : 0 24327 300 211 0
68 : 0 1927 790 189 0
69 : 711 22727 274 183 0
70 : 0 14780 893 692 0
71 : 0 5178 470 908 1
72 : 0 13929 456 667 1
73 : 0 17037 578 743 1
74 : 770 19258 196 327 0
75 : 891 9418 68 404 0
76 : 0 13070 162 380 1
77 : 0 3861 563 59 0
78 : 0 10744 881 573 0
79 : 0 2116 910 310 0
80 : 300 24327 367 451 1
81 : 0 12430 898 640 0
82 : 940 708 697 52 1
83 : 0 26832 588 646 1
84 : 0 24694 604 688 1
85 : 997 0 469 1 1
86 : 0 13468 673 461 0
87 : 893 13468 105 307 0
88 : 0 3920 842 370 0
89 : 0 8606 405 788 1
90 : 0 4290 450 912 1
91 : 0 25788 816 750 0
92 : 0 708 881 179 0
93 : 971 6365 16 427 0
94 : 0 20493 547 413 0
95 : 0 17729 689 837 1
96 : 0 7906 380 786 1
97 : 867 1133 13 616 0
98 : 0 1522 783 143 0
99 : 0 10371 373 726 1
