200 306
0 : 0 30 110 32 0
1 : 176 78 12 33 0
2 : 0 97 78 15 0
3 : 78 126 62 18 1
4 : 48 179 16 53 0
5 : 115 0 37 76 1
6 : 115 37 14 97 0
7 : 0 211 28 43 0
8 : 97 124 16 9 1
9 : 78 188 15 22 0
10 : 78 62 64 19 1
11 : 64 151 10 13 1
12 : 110 60 4 27 0
13 : 64 139 12 13 1
14 : 107 85 3 6 0
15 : 191 98 7 22 0
16 : 48 112 67 16 1
17 : 64 112 27 14 1
18 : 176 37 13 41 0
19 : 0 62 78 35 0
20 : 0 0 30 115 1
21 : 191 0 8 54 0
22 : 129 37 20 91 0
23 : 97 140 6 6 0
24 : 164 37 72 12 1
25 : 149 37 15 92 0
26 : 21 150 22 58 0
27 : 182 111 19 6 1
28 : 0 112 38 48 1
29 : 0 150 21 61 0
30 : 97 62 10 38 0
31 : 0 254 22 47 0
32 : 146 209 22 37 0
33 : 110 30 5 30 0
34 : 176 132 5 9 0
35 : 107 62 3 15 0
36 : 97 100 24 10 1
37 : 146 246 20 37 0
38 : 115 134 18 13 1
39 : 146 283 23 19 1
40 : 146 129 41 27 1
41 : 191 120 18 5 1
42 : 182 130 6 11 0
43 : 146 170 39 24 1
44 : 176 111 21 6 1
45 : 129 128 62 17 1
46 : 129 190 20 15 1
47 : 107 77 3 8 0
48 : 191 54 44 7 1
