100 1183
0 : 0 0 17 90 1
1 : 0 17 68 76 1
2 : 76 17 14 68 0
3 : 0 85 22 76 1
4 : 0 107 38 83 1
5 : 0 145 29 87 1
6 : 0 174 40 100 1
7 : 0 214 39 83 1
8 : 0 253 69 77 1
9 : 90 0 1 99 0
10 : 0 322 77 57 0
11 : 83 214 17 100 0
12 : 0 379 13 94 1
13 : 0 392 90 27 0
14 : 0 419 27 84 1
15 : 0 446 56 83 1
16 : 84 419 78 16 1
17 : 0 502 31 78 1
18 : 0 533 38 71 1
19 : 91 0 8 86 0
20 : 94 314 90 3 1
21 : 0 571 38 79 1
22 : 83 497 10 66 0
23 : 0 609 21 92 1
24 : 0 630 14 66 1
25 : 93 497 7 89 0
26 : 0 644 45 68 1
27 : 0 689 46 70 1
28 : 79 502 4 73 0
29 : 0 735 38 72 1
30 : 0 773 41 80 1
31 : 0 814 82 89 1
32 : 77 253 6 88 0
33 : 0 896 30 98 1
34 : 0 926 99 48 0
35 : 0 974 30 87 1
36 : 0 1004 19 77 1
37 : 0 1023 83 95 1
38 : 0 1106 78 37 0
39 : 0 1143 40 91 1
