200 267
0 : 184 0 15 72 0
1 : 166 109 15 47 0
2 : 184 72 67 11 1
3 : 110 0 56 39 0
4 : 102 73 6 35 0
5 : 166 224 11 17 0
6 : 30 189 8 20 0
7 : 184 178 22 8 1
8 : 184 200 8 12 0
9 : 99 47 3 16 0
10 : 38 202 11 9 1
11 : 38 129 9 61 0
12 : 102 26 47 7 1
13 : 131 252 11 11 0
14 : 49 113 5 18 0
15 : 92 123 6 22 0
16 : 160 147 5 7 0
17 : 92 145 6 14 0
18 : 131 187 25 21 1
19 : 156 66 22 4 1
20 : 166 241 16 11 1
21 : 13 148 33 17 1
22 : 30 209 8 7 0
23 : 195 113 4 8 0
24 : 0 0 26 110 1
25 : 156 103 11 4 1
26 : 54 91 58 12 1
27 : 110 66 56 21 1
28 : 0 26 21 102 1
29 : 160 104 6 25 0
30 : 66 136 9 51 0
31 : 13 251 16 11 1
32 : 102 108 30 5 1
33 : 38 190 12 9 1
34 : 156 114 4 6 0
35 : 13 206 26 16 1
36 : 66 68 68 12 1
37 : 78 194 20 10 1
38 : 131 161 21 26 0
39 : 78 174 20 12 1
40 : 0 113 49 16 0
41 : 160 76 6 28 0
42 : 99 103 11 3 1
43 : 54 149 37 12 1
44 : 66 187 9 18 0
45 : 154 102 2 9 0
46 : 49 131 5 14 0
47 : 156 88 15 4 1
48 : 184 139 39 9 1
49 : 110 122 64 10 1
50 : 92 68 32 7 1
51 : 131 212 16 26 0
52 : 0 47 99 21 0
53 : 0 129 38 19 0
54 : 131 102 23 32 0
55 : 160 39 6 37 0
56 : 0 91 22 54 1
57 : 131 66 25 36 0
58 : 110 39 50 27 0
59 : 131 134 27 22 1
60 : 30 148 8 41 0
61 : 0 68 66 23 0
62 : 102 146 8 5 1
63 : 99 63 15 3 1
64 : 166 190 18 12 1
65 : 195 104 9 4 1
66 : 181 109 6 2 1
67 : 92 159 9 6 1
68 : 102 138 5 8 0
69 : 195 72 4 18 0
70 : 13 232 15 19 0
71 : 49 145 8 5 1
72 : 195 90 14 4 1
73 : 78 126 48 13 1
74 : 131 238 14 14 0
75 : 54 186 23 10 1
76 : 160 129 5 18 0
77 : 110 186 10 23 0
78 : 120 122 51 11 1
79 : 78 68 58 14 1
80 : 120 208 7 12 0
81 : 66 205 10 9 1
82 : 166 208 16 12 1
83 : 99 78 13 3 1
84 : 120 173 35 9 1
85 : 166 156 34 12 1
86 : 13 181 17 25 0
87 : 99 114 3 3 0
88 : 92 100 7 23 0
89 : 0 192 10 20 0
90 : 166 0 109 18 1
91 : 110 209 7 7 0
92 : 92 168 6 6 0
93 : 0 148 44 13 1
94 : 199 0 3 1 1
95 : 99 91 3 12 0
96 : 54 209 10 11 0
