1000 8957
0 : 0 6357 340 857 1
1 : 598 8366 104 178 1
2 : 0 5018 943 389 0
3 : 0 7213 189 491 1
4 : 788 7473 146 162 0
5 : 931 1913 33 963 0
6 : 0 8629 497 135 0
7 : 0 3605 652 992 1
8 : 0 8366 121 598 1
9 : 882 2826 42 727 0
10 : 0 8487 142 505 1
11 : 864 8604 24 83 0
12 : 788 6697 150 776 0
13 : 0 8764 49 921 1
14 : 0 5407 493 677 1
15 : 0 8281 85 886 1
16 : 0 8813 421 99 0
17 : 0 980 970 933 0
18 : 536 6697 252 738 0
19 : 0 7435 561 246 0
20 : 0 2826 882 779 0
21 : 913 8177 298 2 1
22 : 538 8008 452 169 0
23 : 505 8713 253 49 0
24 : 651 8813 338 87 0
25 : 629 7788 81 148 1
26 : 857 6247 59 375 0
27 : 0 5900 457 647 1
28 : 561 7668 12 189 1
29 : 956 7788 8 169 0
30 : 561 7435 191 233 0
31 : 0 7923 85 947 1
32 : 0 7788 629 135 0
33 : 0 7681 965 107 0
34 : 505 8604 359 109 0
35 : 857 5407 840 67 1
36 : 0 8008 538 142 0
37 : 0 8177 104 726 1
38 : 827 5407 15 871 0
39 : 421 8813 144 230 1
40 : 598 8470 10 114 1
41 : 0 4257 761 761 0
42 : 0 0 984 980 0
43 : 505 8487 408 117 0
44 : 947 7788 9 189 0
45 : 0 1913 931 913 0
46 : 0 6697 516 536 1
47 : 677 5407 150 906 0
48 : 761 4257 689 148 1
49 : 726 8177 103 146 1
