300 583
0 : 90 342 90 36 0
1 : 285 297 79 15 1
2 : 0 285 90 36 0
3 : 0 95 244 70 0
4 : 243 550 39 15 0
5 : 0 514 55 15 0
6 : 110 528 53 14 0
7 : 0 393 90 36 0
8 : 90 450 80 32 0
9 : 264 196 101 36 1
10 : 0 465 62 31 0
11 : 163 542 40 16 0
12 : 158 558 38 15 0
13 : 0 559 24 32 1
14 : 0 0 300 95 0
15 : 180 432 80 32 0
16 : 196 558 38 15 0
17 : 101 542 40 16 0
18 : 0 165 209 33 0
19 : 163 198 101 36 0
20 : 248 535 47 15 0
21 : 203 542 40 16 0
22 : 260 432 60 24 1
23 : 0 321 90 36 0
24 : 80 558 39 15 0
25 : 119 558 39 15 0
26 : 0 529 51 15 0
27 : 0 544 40 15 0
28 : 0 213 101 36 0
29 : 62 482 60 18 0
30 : 55 514 55 15 0
31 : 284 442 60 15 1
32 : 285 376 66 15 1
33 : 32 559 24 32 1
34 : 0 357 90 36 0
35 : 248 517 51 18 0
36 : 90 306 90 36 0
37 : 180 360 90 36 0
38 : 0 496 60 18 0
39 : 90 378 90 36 0
40 : 282 550 17 16 0
41 : 60 500 59 14 0
42 : 0 198 163 15 0
43 : 244 95 101 36 1
44 : 180 396 90 36 0
45 : 248 502 52 15 0
46 : 90 414 90 36 0
47 : 51 529 50 15 0
48 : 40 544 40 15 0
49 : 110 514 54 14 0
50 : 101 234 101 36 0
51 : 0 429 90 36 0
52 : 0 249 101 36 0
53 : 101 270 90 36 0
54 : 170 464 78 78 0
55 : 202 234 90 36 1
56 : 180 324 90 36 0
57 : 270 297 80 15 1
