92 226
0 : 0 0 11 9 0
1 : 11 0 1 1 0
2 : 12 0 9 11 1
3 : 23 0 1 29 1
4 : 52 0 9 11 1
5 : 63 0 19 15 0
6 : 11 9 50 29 0
7 : 23 1 1 19 1
8 : 61 15 18 18 0
9 : 0 38 12 45 1
10 : 61 33 19 15 0
11 : 80 15 14 12 1
12 : 45 48 12 45 1
13 : 0 50 27 13 0
14 : 27 60 43 13 0
15 : 0 73 55 13 0
16 : 55 73 31 13 0
17 : 0 86 19 15 0
18 : 0 101 11 79 1
19 : 0 112 50 50 0
20 : 19 86 2 37 1
21 : 19 88 31 13 0
22 : 0 162 92 17 0
23 : 50 88 21 13 0
24 : 82 0 11 9 1
25 : 50 112 33 13 1
26 : 63 112 28 13 1
27 : 23 2 1 29 1
28 : 45 38 13 10 0
29 : 0 179 27 13 0
30 : 0 192 17 88 1
31 : 63 140 19 15 1
32 : 78 140 1 19 0
33 : 0 209 86 17 0
34 : 90 29 1 48 0
35 : 82 11 4 6 1
36 : 27 50 13 10 0
37 : 40 50 4 6 0
