300 570
0 : 90 342 90 36 0
1 : 238 234 79 15 1
2 : 0 285 90 36 0
3 : 0 95 244 70 0
4 : 170 542 39 15 0
5 : 59 500 55 15 0
6 : 54 515 53 14 0
7 : 0 393 90 36 0
8 : 90 450 80 32 0
9 : 264 196 101 36 1
10 : 260 432 62 31 1
11 : 248 527 40 16 0
12 : 40 545 38 15 0
13 : 209 165 24 32 0
14 : 0 0 300 95 0
15 : 180 432 80 32 0
16 : 130 545 38 15 0
17 : 50 529 40 16 0
18 : 0 165 209 33 0
19 : 163 198 101 36 0
20 : 120 482 47 15 0
21 : 90 530 40 16 0
22 : 0 465 60 24 0
23 : 0 321 90 36 0
24 : 209 542 39 15 0
25 : 248 543 39 15 0
26 : 107 515 51 15 0
27 : 130 530 40 15 0
28 : 0 213 101 36 0
29 : 101 213 60 18 0
30 : 114 500 55 15 0
31 : 270 363 60 15 1
32 : 270 297 66 15 1
33 : 78 546 24 32 1
34 : 0 357 90 36 0
35 : 248 509 51 18 0
36 : 90 306 90 36 0
37 : 180 360 90 36 0
38 : 60 482 60 18 0
39 : 90 378 90 36 0
40 : 60 465 17 16 0
41 : 0 489 59 14 0
42 : 0 198 163 15 0
43 : 244 95 101 36 1
44 : 180 396 90 36 0
45 : 248 494 52 15 0
46 : 90 414 90 36 0
47 : 0 517 50 15 0
48 : 0 532 40 15 0
49 : 0 503 54 14 0
50 : 101 234 101 36 0
51 : 0 429 90 36 0
52 : 0 249 101 36 0
53 : 101 270 90 36 0
54 : 170 464 78 78 0
55 : 202 234 90 36 1
56 : 180 324 90 36 0
57 : 280 95 80 15 1
