200 235
0 : 27 103 66 25 0
1 : 168 162 14 30 1
2 : 41 174 18 14 0
3 : 153 0 43 34 0
4 : 0 50 59 30 0
5 : 149 202 10 16 1
6 : 38 214 8 33 1
7 : 93 118 22 47 1
8 : 179 146 18 16 0
9 : 46 188 26 13 0
10 : 167 129 24 17 0
11 : 6 229 26 4 0
12 : 63 222 7 28 1
13 : 15 174 26 14 0
14 : 59 73 30 51 1
15 : 175 90 39 25 1
16 : 192 231 7 3 0
17 : 19 213 19 9 0
18 : 91 228 25 6 0
19 : 142 221 8 14 1
20 : 75 140 18 78 1
21 : 77 174 14 17 1
22 : 0 201 62 12 0
23 : 104 162 15 64 1
24 : 161 229 16 5 0
25 : 0 188 46 13 0
26 : 0 80 27 26 0
27 : 88 190 12 63 1
28 : 71 214 30 8 0
29 : 62 37 36 91 1
30 : 0 106 23 31 0
31 : 156 221 8 13 1
32 : 120 213 22 9 0
33 : 149 212 9 50 1
34 : 32 229 14 4 0
35 : 101 214 8 16 1
36 : 98 202 22 12 0
37 : 62 0 57 37 0
38 : 154 229 7 6 0
39 : 62 202 12 36 1
40 : 120 202 11 29 1
41 : 153 34 30 56 0
42 : 0 0 50 62 1
43 : 94 177 61 13 0
44 : 46 229 4 7 1
45 : 0 222 7 33 1
46 : 153 146 16 26 1
47 : 151 190 12 46 1
48 : 140 118 21 27 1
49 : 110 90 28 65 1
50 : 53 229 4 4 0
51 : 0 213 9 19 1
52 : 155 177 40 13 0
53 : 116 228 6 19 1
54 : 0 154 15 22 0
55 : 23 128 19 31 1
56 : 0 137 21 17 0
57 : 0 229 5 6 1
58 : 177 229 5 15 1
59 : 33 222 30 7 0
60 : 135 229 6 19 1
61 : 169 221 8 12 1
62 : 181 221 11 8 0
63 : 54 128 19 21 1
64 : 59 174 18 14 0
65 : 57 229 3 20 1
66 : 57 232 18 3 0
67 : 21 158 83 16 0
68 : 72 188 16 13 0
69 : 75 232 2 7 1
70 : 192 221 6 10 0
71 : 91 222 37 6 0
72 : 77 229 8 3 0
