200 222
0 : 172 0 8 47 0
1 : 0 0 143 26 0
2 : 0 76 16 107 1
3 : 0 26 33 95 1
4 : 172 47 5 21 0
5 : 74 153 54 40 0
6 : 0 59 84 15 0
7 : 168 183 32 25 0
8 : 141 116 52 45 0
9 : 0 197 13 39 1
10 : 180 0 86 20 1
11 : 95 26 50 77 1
12 : 0 92 77 31 0
13 : 0 146 24 74 1
14 : 84 59 11 12 0
15 : 128 161 22 65 1
16 : 0 170 27 53 1
17 : 53 193 14 46 1
18 : 92 92 17 9 1
19 : 77 92 15 21 0
20 : 193 86 31 6 1
21 : 74 207 8 38 1
22 : 0 123 23 77 1
23 : 39 207 12 35 1
24 : 128 153 5 12 1
25 : 53 170 20 23 0
26 : 107 76 73 40 0
27 : 128 183 40 39 0
28 : 77 116 64 37 0
