100 3650
0 : 98 171 1 74 0
1 : 0 3267 24 88 0
2 : 66 588 16 77 0
3 : 92 73 98 7 1
4 : 66 1461 9 81 0
5 : 0 3392 22 71 0
6 : 0 2829 29 88 0
7 : 0 1729 100 39 1
8 : 0 1234 85 45 1
9 : 0 2477 31 98 0
10 : 66 1076 68 11 1
11 : 66 500 16 88 0
12 : 66 1375 9 86 0
13 : 0 1078 67 46 1
14 : 0 1473 41 66 0
15 : 0 0 92 87 0
16 : 99 169 1 83 0
17 : 0 2241 35 70 0
18 : 0 1929 39 67 0
19 : 0 2575 31 68 0
20 : 92 253 5 88 0
21 : 0 2643 30 86 0
22 : 0 254 99 65 1
23 : 0 2389 32 88 0
24 : 0 3584 21 66 0
25 : 0 2166 36 75 0
26 : 0 3491 21 93 0
27 : 0 1319 44 81 0
28 : 0 825 48 87 0
29 : 53 411 4 10 0
30 : 0 411 53 76 0
31 : 66 336 17 83 0
32 : 0 3355 37 24 1
33 : 0 2311 33 78 0
34 : 0 650 49 82 0
35 : 0 487 52 88 0
36 : 0 2917 38 28 1
37 : 0 3096 25 91 0
38 : 86 174 5 89 0
39 : 0 575 50 75 0
40 : 99 73 1 96 0
41 : 0 3018 27 78 0
42 : 92 171 82 6 1
43 : 91 174 8 1 1
44 : 0 3187 25 80 0
45 : 0 1400 42 73 0
46 : 92 341 4 92 0
47 : 0 2729 29 100 0
48 : 66 1303 10 72 0
49 : 66 665 78 15 1
50 : 0 1145 45 89 0
51 : 0 353 60 58 0
52 : 92 0 8 73 0
53 : 86 87 6 87 0
54 : 0 732 48 93 0
55 : 60 353 4 87 0
56 : 66 419 17 81 0
57 : 86 340 5 71 0
58 : 66 911 13 71 0
59 : 66 1228 10 75 0
60 : 0 1996 38 98 0
61 : 0 156 66 98 0
62 : 0 1637 40 92 0
63 : 66 1144 84 10 1
64 : 66 248 20 88 0
65 : 0 1829 39 100 0
66 : 0 2988 28 30 0
67 : 86 263 5 77 0
68 : 66 743 14 86 0
69 : 66 982 24 12 1
70 : 0 2955 28 33 0
71 : 0 988 46 90 0
72 : 66 156 20 92 0
73 : 0 87 69 86 1
74 : 0 1539 40 98 0
75 : 0 912 48 76 0
76 : 0 2094 37 72 0
77 : 0 3463 28 22 1
78 : 66 829 13 82 0
79 : 66 1006 11 70 0
