1000 58961
0 : 0 11785 602 738 0
1 : 0 9489 897 620 1
2 : 0 3270 743 708 1
3 : 0 38317 308 409 0
4 : 0 25207 447 477 0
5 : 735 2426 421 71 1
6 : 0 52245 167 331 0
7 : 0 54408 667 149 1
8 : 0 20019 792 493 1
9 : 0 47466 190 567 0
10 : 0 36696 320 711 0
11 : 0 19128 891 518 1
12 : 0 16454 750 559 1
13 : 0 44456 220 428 0
14 : 986 616 10 55 0
15 : 0 39993 990 287 1
16 : 0 0 986 840 0
17 : 0 27440 482 431 1
18 : 0 31057 393 471 0
19 : 0 57088 524 139 1
20 : 816 1676 963 110 1
21 : 0 17204 554 971 0
22 : 0 55858 143 657 0
23 : 0 8847 621 642 0
24 : 0 8198 628 649 0
25 : 0 7428 633 770 0
26 : 0 48823 473 184 1
27 : 816 2639 729 109 1
28 : 0 30456 601 395 1
29 : 0 53715 151 693 0
30 : 0 40983 342 281 1
31 : 816 4992 82 351 0
32 : 0 35086 531 361 1
33 : 816 4356 82 636 0
34 : 0 840 926 836 0
35 : 0 2426 844 735 1
36 : 0 43516 246 940 0
37 : 0 51378 867 175 1
38 : 0 15790 560 664 0
39 : 0 26544 896 438 1
40 : 0 10386 711 613 1
41 : 0 25684 860 446 1
42 : 0 49570 182 927 0
43 : 0 42937 579 258 1
44 : 0 33040 753 372 1
45 : 0 52956 153 759 0
46 : 0 35617 361 371 0
47 : 986 671 519 5 1
48 : 0 57612 866 129 1
49 : 0 42111 826 260 1
50 : 0 46778 361 202 1
51 : 0 21383 475 664 0
52 : 0 58478 125 483 0
53 : 0 18175 541 953 0
54 : 0 56515 573 141 1
55 : 0 39633 294 360 0
56 : 816 3675 95 681 0
57 : 0 46045 733 204 1
58 : 0 38726 907 307 1
59 : 0 5743 677 787 0
60 : 0 35988 345 708 0
61 : 0 29844 398 612 0
62 : 0 20811 572 490 1
63 : 0 28469 587 412 1
64 : 0 41325 275 786 0
65 : 0 44884 861 214 1
66 : 0 13912 997 576 1
67 : 0 45745 300 211 1
68 : 0 48033 790 189 1
69 : 0 49296 274 183 1
70 : 0 4013 893 692 1
71 : 0 22047 470 908 0
72 : 0 23628 456 667 0
73 : 0 13169 578 743 0
74 : 0 47139 196 327 0
75 : 735 2847 68 404 0
76 : 0 52576 162 380 0
77 : 926 840 563 59 1
78 : 0 14909 881 573 1
79 : 0 37407 910 310 1
80 : 0 34635 367 451 0
81 : 0 6530 898 640 1
82 : 926 1403 697 52 1
83 : 0 12523 588 646 0
84 : 0 11097 604 688 0
85 : 999 0 469 1 1
86 : 0 22955 673 461 1
87 : 816 3368 105 307 0
88 : 0 33793 842 370 1
89 : 0 29056 405 788 0
90 : 0 24295 450 912 0
91 : 0 1676 816 750 0
92 : 0 50497 881 179 1
93 : 926 2100 16 427 0
94 : 0 27922 547 413 1
95 : 0 4906 689 837 0
96 : 0 31528 380 786 0
97 : 986 0 13 616 0
98 : 0 55075 783 143 1
99 : 0 32314 373 726 0
