1000 46820
0 : 0 34407 602 738 1
1 : 0 22610 897 620 1
2 : 0 43978 743 708 1
3 : 0 37809 308 409 1
4 : 0 44721 447 477 1
5 : 712 2614 421 71 1
6 : 0 31590 167 331 1
7 : 466 3705 667 149 1
8 : 0 21634 792 493 1
9 : 0 17282 190 567 0
10 : 0 15030 320 711 0
11 : 0 17849 891 518 1
12 : 0 28315 750 559 1
13 : 0 26601 220 428 1
14 : 927 110 10 55 0
15 : 0 421 990 287 1
16 : 0 32788 986 840 1
17 : 0 43547 482 431 0
18 : 0 41398 393 471 1
19 : 380 14244 524 139 1
20 : 0 0 963 110 0
21 : 0 11460 554 971 0
22 : 466 4372 143 657 0
23 : 0 45817 621 642 0
24 : 0 45168 628 649 0
25 : 0 33774 633 770 1
26 : 0 22426 473 184 0
27 : 712 1204 729 109 1
28 : 0 26821 601 395 1
29 : 466 3012 151 693 0
30 : 360 42607 342 281 0
31 : 0 23507 82 351 1
32 : 0 30316 531 361 1
33 : 310 2169 82 636 0
34 : 0 39011 926 836 1
35 : 0 36405 844 735 1
36 : 466 421 246 940 0
37 : 287 1302 867 175 1
38 : 0 37249 560 664 1
39 : 0 8086 896 438 1
40 : 0 38117 711 613 1
41 : 0 12431 860 446 1
42 : 0 110 182 927 1
43 : 0 20174 579 258 1
44 : 0 16529 753 372 1
45 : 0 1411 153 759 0
46 : 0 46459 361 371 1
47 : 976 0 519 5 1
48 : 0 292 866 129 0
49 : 0 3987 826 260 1
50 : 331 31590 361 202 1
51 : 0 29065 475 664 0
52 : 345 18740 125 483 0
53 : 0 13291 541 953 0
54 : 0 9890 573 141 1
55 : 0 42607 294 360 1
56 : 712 1933 95 681 0
57 : 0 4813 733 204 1
58 : 0 3080 907 307 1
59 : 0 35618 677 787 0
60 : 0 18740 345 708 0
61 : 0 24649 398 612 0
62 : 0 40908 572 490 0
63 : 0 29729 587 412 1
64 : 0 5546 275 786 0
65 : 466 1361 861 214 1
66 : 0 10463 997 576 1
67 : 0 39937 300 211 0
68 : 466 2222 790 189 1
69 : 0 38828 274 183 0
70 : 0 27422 893 692 1
71 : 0 8982 470 908 0
72 : 0 25934 456 667 0
73 : 0 30847 578 743 0
74 : 0 35422 196 327 1
75 : 712 3035 68 404 0
76 : 0 24487 162 380 1
77 : 392 2169 563 59 1
78 : 0 20753 881 573 1
79 : 0 2170 910 310 1
80 : 300 39937 367 451 1
81 : 0 23589 898 640 1
82 : 866 292 697 52 1
83 : 0 42901 588 646 0
84 : 0 40304 604 688 1
85 : 981 0 469 1 1
86 : 0 25261 673 461 1
87 : 461 24487 105 307 0
88 : 0 6332 842 370 1
89 : 0 15741 405 788 0
90 : 0 7174 450 912 0
91 : 0 41791 816 750 1
92 : 287 421 881 179 1
93 : 982 0 16 427 0
94 : 0 35009 547 413 0
95 : 0 31951 689 837 0
96 : 0 14244 380 786 0
97 : 963 0 13 616 0
98 : 712 421 783 143 1
99 : 0 19448 373 726 0
