123 423
0 : 67 333 54 15 0
1 : 46 378 39 15 0
2 : 63 267 51 17 0
3 : 0 177 90 21 0
4 : 0 89 84 25 0
5 : 45 301 43 17 0
6 : 0 233 97 17 0
7 : 65 348 49 15 0
8 : 50 284 45 17 0
9 : 0 62 120 27 0
10 : 0 250 64 17 0
11 : 84 89 67 25 1
12 : 91 393 25 15 0
13 : 0 348 65 15 0
14 : 0 408 23 15 0
15 : 64 250 59 17 0
16 : 0 284 50 17 0
17 : 0 393 33 15 0
18 : 90 177 56 21 1
19 : 0 318 92 15 0
20 : 0 333 67 15 0
21 : 64 363 46 15 0
22 : 0 267 63 17 0
23 : 0 114 72 25 0
24 : 0 0 80 31 0
25 : 85 378 38 15 0
26 : 33 393 32 15 0
27 : 0 363 64 15 0
28 : 95 284 37 17 1
29 : 0 31 65 31 0
30 : 65 393 26 15 0
31 : 0 198 89 21 0
32 : 0 301 45 17 0
33 : 0 156 123 21 0
34 : 0 378 46 15 0
