200 236
0 : 0 0 8 47 1
1 : 47 0 143 26 0
2 : 0 26 16 107 1
3 : 0 42 33 95 1
4 : 0 8 5 21 1
5 : 107 26 54 40 0
6 : 95 66 84 15 0
7 : 0 75 32 25 0
8 : 32 75 52 45 0
9 : 0 13 13 39 1
10 : 84 81 86 20 0
11 : 84 101 50 77 1
12 : 0 120 77 31 0
13 : 170 81 24 74 0
14 : 95 42 11 12 0
15 : 77 151 22 65 1
16 : 0 151 27 53 1
17 : 142 155 14 46 1
18 : 161 101 17 9 1
19 : 0 100 15 21 1
20 : 77 120 31 6 1
21 : 179 26 8 38 0
22 : 53 173 23 77 1
23 : 161 26 12 35 0
24 : 161 61 5 12 1
25 : 53 151 20 23 1
26 : 0 196 73 40 0
27 : 142 169 40 39 0
28 : 73 196 64 37 0
