3000 5681
0 : 0 0 365 185 0
1 : 365 0 378 200 0
2 : 743 0 410 165 0
3 : 1153 0 425 148 0
4 : 1578 0 425 296 0
5 : 2003 0 439 116 0
6 : 0 200 464 1006 1
7 : 2442 0 520 205 0
8 : 1006 165 520 350 0
9 : 2003 205 540 530 0
10 : 0 664 549 1413 1
11 : 0 1213 549 1882 1
12 : 1882 735 553 496 0
13 : 2435 735 555 755 0
14 : 1882 1231 555 496 1
15 : 2378 1490 555 659 0
16 : 0 1762 567 473 0
17 : 567 1762 572 592 1
18 : 1159 1786 572 975 1
19 : 0 2358 572 1175 1
20 : 1175 2358 572 1575 1
21 : 0 2930 572 1390 1
22 : 1390 2930 572 1490 1
23 : 0 3502 572 1590 1
24 : 0 4074 572 1690 1
25 : 0 4646 572 1890 1
26 : 1890 3502 610 625 1
27 : 1890 4112 660 490 0
28 : 2550 3502 690 447 1
29 : 1890 4602 949 445 0
30 : 1890 5047 949 478 0
31 : 0 5218 970 463 0
