100 2080
0 : 0 0 1 74 1
1 : 0 1 24 88 1
2 : 0 25 16 77 1
3 : 0 41 98 7 0
4 : 0 48 9 81 1
5 : 0 57 22 71 1
6 : 0 79 29 88 1
7 : 0 108 100 39 0
8 : 0 147 85 45 0
9 : 0 192 31 98 1
10 : 0 223 68 11 0
11 : 0 234 16 88 1
12 : 0 250 9 86 1
13 : 0 259 67 46 0
14 : 0 305 41 66 1
15 : 0 346 92 87 0
16 : 98 147 1 83 0
17 : 0 433 35 70 1
18 : 0 468 39 67 1
19 : 67 468 31 68 0
20 : 0 536 5 88 1
21 : 0 541 30 86 1
22 : 0 571 99 65 0
23 : 0 636 32 88 1
24 : 0 668 21 66 1
25 : 0 689 36 75 1
26 : 0 725 21 93 1
27 : 0 746 44 81 1
28 : 0 790 48 87 1
29 : 93 636 4 10 0
30 : 0 838 53 76 1
31 : 0 891 17 83 1
32 : 0 908 37 24 0
33 : 0 932 33 78 1
34 : 0 965 49 82 1
35 : 0 1014 52 88 1
36 : 0 1066 38 28 0
37 : 0 1094 25 91 1
38 : 93 646 5 89 0
39 : 0 1119 50 75 1
40 : 99 147 1 96 0
41 : 0 1169 27 78 1
42 : 93 735 82 6 1
43 : 99 243 8 1 1
44 : 0 1196 25 80 1
45 : 0 1221 42 73 1
46 : 91 817 4 92 0
47 : 0 1263 29 100 1
48 : 0 1292 10 72 1
49 : 0 1302 78 15 0
50 : 0 1317 45 89 1
51 : 0 1362 60 58 0
52 : 89 1292 8 73 0
53 : 0 1420 6 87 1
54 : 0 1426 48 93 1
55 : 93 1365 4 87 0
56 : 0 1474 17 81 1
57 : 0 1491 5 71 1
58 : 0 1496 13 71 1
59 : 0 1509 10 75 1
60 : 0 1519 38 98 1
61 : 0 1557 66 98 1
62 : 0 1623 40 92 1
63 : 0 1663 84 10 0
64 : 0 1673 20 88 1
65 : 0 1693 39 100 1
66 : 0 1732 28 30 1
67 : 0 1760 5 77 1
68 : 0 1765 14 86 1
69 : 86 1732 24 12 1
70 : 0 1779 28 33 1
71 : 0 1807 46 90 1
72 : 0 1853 20 92 1
73 : 0 1873 69 86 1
74 : 0 1942 40 98 1
75 : 0 1982 48 76 1
76 : 0 2030 37 72 1
77 : 76 1982 28 22 1
78 : 0 2067 13 82 1
79 : 82 2010 11 70 0
