200 248
0 : 0 30 110 32 0
1 : 89 216 12 33 1
2 : 0 96 78 15 0
3 : 76 140 62 18 0
4 : 119 166 16 53 1
5 : 0 111 37 76 1
6 : 0 62 14 97 1
7 : 172 166 28 43 0
8 : 183 231 16 9 0
9 : 98 228 15 22 1
10 : 169 77 64 19 1
11 : 0 236 10 13 1
12 : 0 222 4 27 1
13 : 54 235 12 13 1
14 : 30 236 3 6 1
15 : 122 216 7 22 0
16 : 76 124 67 16 0
17 : 136 221 27 14 0
18 : 48 202 13 41 1
19 : 91 77 78 35 0
20 : 0 0 30 115 1
21 : 119 158 8 54 1
22 : 0 76 20 91 1
23 : 67 235 6 6 0
24 : 76 112 72 12 0
25 : 97 62 15 92 1
26 : 61 158 22 58 1
27 : 30 217 19 6 1
28 : 0 169 38 48 1
29 : 0 148 21 61 1
30 : 0 207 10 38 1
31 : 48 180 22 47 1
32 : 163 209 22 37 1
33 : 0 217 5 30 1
34 : 153 235 5 9 1
35 : 27 222 3 15 0
36 : 0 226 24 10 0
37 : 38 215 20 37 1
38 : 135 235 18 13 0
39 : 75 228 23 19 0
40 : 95 189 41 27 0
41 : 36 235 18 5 0
42 : 13 236 6 11 1
43 : 139 182 39 24 1
44 : 129 216 21 6 1
45 : 138 141 62 17 0
46 : 163 231 20 15 0
47 : 24 226 3 8 0
48 : 95 182 44 7 0
