200 229
0 : 110 0 15 72 1
1 : 48 133 15 47 1
2 : 109 27 67 11 0
3 : 0 86 56 39 0
4 : 111 159 6 35 1
5 : 41 207 11 17 1
6 : 174 201 8 20 1
7 : 132 193 22 8 0
8 : 132 216 8 12 1
9 : 195 198 3 16 0
10 : 144 216 11 9 1
11 : 102 61 9 61 1
12 : 105 134 47 7 0
13 : 85 218 11 11 0
14 : 195 180 5 18 0
15 : 51 197 6 22 1
16 : 34 220 5 7 1
17 : 91 212 6 14 1
18 : 170 180 25 21 0
19 : 73 197 22 4 0
20 : 18 208 16 11 0
21 : 180 147 33 17 1
22 : 51 218 8 7 0
23 : 26 219 4 8 1
24 : 0 0 26 110 1
25 : 168 211 11 4 1
26 : 99 84 58 12 0
27 : 56 96 56 21 0
28 : 0 44 21 102 1
29 : 70 191 6 25 1
30 : 163 61 9 51 0
31 : 174 209 16 11 0
32 : 0 165 30 5 0
33 : 0 215 12 9 0
34 : 126 220 4 6 1
35 : 73 175 26 16 0
36 : 110 15 68 12 0
37 : 115 201 20 10 0
38 : 111 172 21 26 1
39 : 95 200 20 12 0
40 : 56 117 49 16 0
41 : 0 170 6 28 1
42 : 71 218 11 3 0
43 : 134 147 37 12 0
44 : 0 202 9 18 1
45 : 172 211 2 9 0
46 : 71 213 5 14 1
47 : 0 211 15 4 0
48 : 95 141 39 9 0
49 : 182 0 64 10 1
50 : 111 165 32 7 0
51 : 0 176 16 26 1
52 : 0 65 99 21 0
53 : 0 146 38 19 0
54 : 38 163 23 32 1
55 : 38 148 6 37 1
56 : 175 64 22 54 0
57 : 75 150 25 36 1
58 : 112 107 50 27 0
59 : 143 171 27 22 0
60 : 0 138 8 41 1
61 : 109 38 66 23 0
62 : 105 218 8 5 0
63 : 115 211 15 3 0
64 : 73 201 18 12 0
65 : 96 218 9 4 0
66 : 172 220 6 2 0
67 : 12 215 9 6 1
68 : 18 219 5 8 1
69 : 41 203 4 18 1
70 : 135 201 15 19 1
71 : 59 219 8 5 0
72 : 105 214 14 4 0
73 : 0 125 48 13 0
74 : 154 211 14 14 0
75 : 0 192 23 10 0
76 : 23 203 5 18 1
77 : 99 175 10 23 0
78 : 112 96 51 11 0
79 : 99 70 58 14 0
80 : 34 208 7 12 0
81 : 41 218 10 9 0
82 : 59 203 16 12 1
83 : 119 214 13 3 0
84 : 38 154 35 9 0
85 : 146 159 34 12 0
86 : 26 186 17 25 1
87 : 82 218 3 3 0
88 : 109 193 7 23 1
89 : 154 201 10 20 1
90 : 0 26 109 18 0
91 : 113 220 7 7 0
92 : 120 220 6 6 0
93 : 152 134 44 13 0
94 : 153 216 3 1 1
95 : 119 217 3 12 1
96 : 190 214 10 11 0
