1000 10280
0 : 0 0 340 857 1
1 : 857 0 104 178 0
2 : 0 340 943 389 1
3 : 389 340 189 491 0
4 : 578 340 146 162 1
5 : 961 0 33 963 0
6 : 578 486 497 135 1
7 : 0 1283 652 992 0
8 : 0 2275 121 598 1
9 : 857 178 42 727 0
10 : 0 2396 142 505 1
11 : 578 983 24 83 0
12 : 0 2538 150 776 0
13 : 899 178 49 921 0
14 : 150 2538 493 677 0
15 : 740 340 85 886 0
16 : 389 831 421 99 1
17 : 0 3314 970 933 1
18 : 0 4284 252 738 1
19 : 0 4536 561 246 0
20 : 0 4782 882 779 1
21 : 643 2275 298 2 1
22 : 0 5664 452 169 0
23 : 488 831 253 49 1
24 : 150 3215 338 87 0
25 : 488 3215 81 148 1
26 : 652 983 59 375 0
27 : 0 5833 457 647 0
28 : 150 3302 12 189 1
29 : 488 1084 8 169 0
30 : 457 5664 191 233 1
31 : 740 1226 85 947 0
32 : 779 4284 629 135 1
33 : 779 4913 965 107 1
34 : 457 5855 359 109 1
35 : 740 2173 840 67 1
36 : 0 6480 538 142 1
37 : 566 5855 104 726 0
38 : 899 1099 15 871 0
39 : 561 4536 144 230 0
40 : 339 3302 10 114 1
41 : 142 6581 761 761 0
42 : 0 7342 984 980 1
43 : 0 8326 408 117 0
44 : 705 4536 9 189 0
45 : 0 8443 931 913 1
46 : 0 9374 516 536 1
47 : 536 9374 150 906 0
48 : 686 9374 689 148 1
49 : 457 6214 103 146 0
