1000 1118
0 : 0 0 66 61 0
1 : 66 0 62 48 0
2 : 128 0 62 46 0
3 : 190 0 61 43 0
4 : 251 0 39 62 1
5 : 313 0 38 61 1
6 : 374 0 30 71 1
7 : 445 0 56 37 0
8 : 501 0 52 39 0
9 : 553 0 36 55 1
10 : 608 0 74 27 0
11 : 682 0 42 47 1
12 : 729 0 61 32 0
13 : 790 0 58 32 0
14 : 848 0 51 36 0
15 : 899 0 46 40 0
16 : 729 32 79 23 0
17 : 945 0 48 38 0
18 : 808 36 79 23 0
19 : 608 27 30 60 1
20 : 374 37 22 81 1
21 : 553 36 36 49 1
22 : 455 39 25 71 1
23 : 251 39 73 24 0
24 : 887 40 57 31 0
25 : 128 46 72 25 0
26 : 945 38 50 35 0
27 : 668 42 56 31 0
28 : 66 48 33 54 1
29 : 324 38 39 46 1
30 : 724 55 28 63 1
31 : 370 59 77 23 0
32 : 200 43 43 40 0
33 : 602 57 36 48 1
34 : 787 59 56 31 0
35 : 0 61 51 34 0
36 : 243 63 54 32 0
37 : 843 59 44 40 0
38 : 447 64 37 47 1
39 : 494 64 51 34 0
40 : 120 71 48 36 0
41 : 887 71 53 33 0
42 : 545 72 39 45 1
43 : 944 73 34 50 1
44 : 297 82 22 78 1
45 : 650 73 51 33 0
46 : 51 81 29 58 1
47 : 701 83 73 23 0
48 : 168 83 23 73 1
49 : 375 82 37 45 1
50 : 774 99 73 23 0
51 : 590 93 42 40 0
52 : 420 101 26 64 1
53 : 241 95 31 54 1
54 : 295 104 23 72 1
55 : 847 104 79 21 0
56 : 0 95 35 47 1
57 : 494 98 33 50 1
58 : 632 106 39 42 1
59 : 168 106 33 50 1
60 : 674 106 54 30 0
61 : 940 107 60 27 0
62 : 109 107 47 34 0
63 : 728 122 22 73 1
64 : 47 110 49 33 0
65 : 544 111 37 43 1
66 : 367 119 30 52 1
67 : 801 125 67 23 0
68 : 868 125 35 45 1
69 : 218 126 62 25 0
70 : 419 127 24 64 1
71 : 280 127 35 45 1
72 : 0 130 36 43 1
73 : 483 131 26 59 1
74 : 587 133 43 36 0
75 : 913 134 67 23 0
76 : 674 136 34 45 1
77 : 96 141 64 24 0
78 : 160 139 32 48 1
79 : 43 143 30 51 1
80 : 325 127 32 48 0
81 : 719 144 25 61 1
82 : 780 148 55 27 0
83 : 357 149 54 28 0
84 : 411 151 33 46 1
85 : 208 151 31 48 1
86 : 542 148 45 33 0
87 : 457 157 51 29 0
88 : 630 145 43 35 0
89 : 913 157 74 20 0
90 : 835 160 50 29 0
91 : 256 162 40 37 0
92 : 94 165 25 59 1
93 : 719 169 31 47 1
94 : 153 171 30 48 1
95 : 673 170 46 31 0
96 : 0 166 37 39 1
97 : 587 169 37 39 1
98 : 766 175 63 22 0
99 : 508 157 34 42 0
100 : 39 173 26 55 1
101 : 296 175 31 45 1
102 : 341 177 67 21 0
103 : 885 177 23 61 1
104 : 408 186 23 59 1
105 : 946 177 46 30 0
106 : 766 197 62 22 0
107 : 201 182 26 54 1
108 : 626 180 36 39 1
109 : 94 190 59 23 0
110 : 508 199 69 20 0
111 : 829 189 51 27 0
112 : 341 198 31 44 1
113 : 39 199 28 49 1
114 : 467 186 37 37 0
115 : 255 199 34 41 1
116 : 880 200 31 44 1
117 : 665 201 49 28 0
118 : 924 207 65 21 0
119 : 153 208 20 68 1
120 : 719 200 36 38 1
121 : 385 209 55 25 0
122 : 88 213 24 55 1
123 : 577 206 33 40 1
124 : 504 219 70 19 0
125 : 296 206 29 45 1
126 : 0 203 31 43 0
127 : 757 219 57 23 0
128 : 828 216 52 26 0
129 : 617 216 45 29 0
130 : 143 228 20 66 1
131 : 440 223 23 57 1
132 : 221 208 45 29 1
133 : 31 227 51 25 0
134 : 924 228 25 52 1
135 : 341 234 20 63 1
136 : 250 235 69 19 0
137 : 662 229 44 29 0
138 : 706 236 28 46 1
139 : 82 237 23 56 1
140 : 497 238 28 45 1
141 : 542 239 26 50 1
142 : 880 231 37 34 0
143 : 752 242 65 20 0
144 : 817 242 28 46 1
145 : 592 245 65 19 0
146 : 404 246 56 23 0
147 : 138 248 46 27 0
148 : 0 252 28 45 1
149 : 917 253 47 27 0
150 : 460 246 38 33 1
151 : 184 253 45 28 0
152 : 229 254 64 19 0
153 : 319 254 24 52 1
154 : 45 260 18 68 1
155 : 657 258 40 31 0
156 : 752 262 46 27 0
157 : 592 264 20 61 1
158 : 964 253 32 38 0
159 : 697 264 52 24 0
160 : 371 254 38 32 1
161 : 863 265 34 36 1
162 : 542 265 30 41 1
163 : 493 266 44 27 0
164 : 403 269 31 39 1
165 : 798 270 20 61 1
166 : 229 273 33 36 1
167 : 265 273 26 47 1
168 : 113 275 48 25 0
169 : 312 278 32 37 1
170 : 45 278 62 19 0
171 : 899 280 31 40 1
172 : 0 280 28 44 1
173 : 161 281 48 25 0
174 : 583 284 19 63 1
175 : 442 284 47 26 0
176 : 697 288 40 30 0
177 : 749 289 46 26 0
178 : 653 289 36 33 0
179 : 795 290 40 30 0
180 : 939 291 20 59 1
181 : 349 292 34 35 1
182 : 489 293 37 32 0
183 : 537 295 28 43 1
184 : 44 297 33 36 1
185 : 835 299 26 46 1
186 : 384 300 21 58 1
187 : 265 299 29 41 1
188 : 107 300 24 49 1
189 : 580 303 33 37 1
190 : 156 306 32 37 1
191 : 193 306 37 32 0
192 : 881 311 56 21 0
193 : 689 318 65 18 0
194 : 937 311 23 51 1
195 : 754 320 23 51 1
196 : 0 308 30 39 1
197 : 384 321 50 24 0
198 : 434 321 52 23 0
199 : 617 303 37 32 1
200 : 526 323 51 23 0
201 : 306 310 27 43 1
202 : 230 306 30 39 0
203 : 80 297 48 24 1
204 : 805 325 56 21 0
205 : 104 324 25 47 1
206 : 861 332 24 49 1
207 : 649 322 38 31 0
208 : 910 334 19 61 1
209 : 486 325 33 35 1
210 : 687 336 59 20 0
211 : 260 337 25 47 1
212 : 39 330 31 37 1
213 : 307 337 27 43 1
214 : 151 338 25 45 1
215 : 577 340 18 64 1
216 : 350 326 27 43 0
217 : 746 343 27 43 1
218 : 0 338 36 32 0
219 : 434 344 30 39 1
220 : 196 345 60 19 0
221 : 377 345 24 48 1
222 : 521 346 27 43 1
223 : 789 346 61 19 0
224 : 76 349 60 19 0
225 : 971 334 29 39 0
226 : 641 353 30 39 1
227 : 910 353 24 47 1
228 : 680 356 26 44 1
229 : 850 356 26 44 1
230 : 564 358 60 19 0
231 : 256 362 50 23 0
232 : 136 363 56 20 0
233 : 473 358 43 27 0
234 : 36 361 29 39 1
235 : 192 364 57 20 0
236 : 306 369 65 17 0
237 : 789 365 21 53 1
238 : 75 368 51 22 0
239 : 724 370 18 64 1
240 : 371 369 47 24 0
241 : 418 374 51 22 0
242 : 516 377 63 18 0
243 : 957 373 30 37 1
244 : 894 377 24 46 1
245 : 579 377 26 43 1
246 : 0 370 31 36 1
247 : 842 382 48 23 0
248 : 622 383 46 24 0
249 : 126 383 19 60 1
250 : 680 382 31 36 1
251 : 186 384 31 36 1
252 : 469 385 28 40 1
253 : 249 385 46 24 0
254 : 295 386 58 19 0
255 : 788 386 26 43 1
256 : 716 388 27 42 1
257 : 36 390 18 61 1
258 : 353 393 40 28 0
259 : 509 395 30 37 1
260 : 393 396 28 40 1
261 : 890 401 46 24 0
262 : 97 402 54 21 0
263 : 222 384 26 43 0
264 : 546 395 33 34 0
265 : 433 396 35 32 0
266 : 0 401 36 31 0
267 : 936 403 25 44 1
268 : 758 388 30 37 0
269 : 579 403 27 41 1
270 : 831 405 23 47 1
271 : 248 409 64 17 0
272 : 620 407 26 43 1
273 : 663 415 17 63 1
274 : 312 405 27 41 1
275 : 36 408 44 25 0
276 : 151 415 58 19 0
277 : 788 412 33 33 0
278 : 80 423 44 25 0
279 : 353 424 49 22 0
280 : 468 413 29 38 1
281 : 878 425 50 22 0
282 : 726 425 51 21 0
283 : 506 425 30 37 1
284 : 248 426 31 36 1
285 : 209 427 30 37 1
286 : 928 428 18 61 1
287 : 821 428 24 45 1
288 : 402 428 25 43 1
289 : 543 430 40 27 0
290 : 284 432 26 42 1
291 : 663 432 20 55 1
292 : 0 433 40 27 0
293 : 583 430 30 36 1
294 : 619 433 34 32 0
295 : 40 433 29 37 1
296 : 124 434 39 28 0
297 : 445 442 48 23 0
298 : 163 434 32 33 1
299 : 777 445 40 27 0
300 : 718 446 24 45 1
301 : 326 446 24 44 1
302 : 928 446 23 47 1
303 : 866 447 29 37 1
304 : 653 452 20 53 1
305 : 77 448 27 39 1
306 : 370 453 19 56 1
307 : 817 452 45 24 0
308 : 493 455 37 29 0
309 : 196 457 18 60 1
310 : 530 457 30 36 1
311 : 256 458 37 29 0
312 : 566 460 24 44 1
313 : 0 460 27 39 1
314 : 116 462 26 41 1
315 : 426 465 23 46 1
316 : 975 446 46 23 1
317 : 903 469 48 22 0
318 : 706 470 61 17 0
319 : 293 470 61 17 0
320 : 610 472 23 45 1
321 : 767 472 26 41 1
322 : 354 472 23 47 1
323 : 655 472 50 21 0
324 : 157 466 39 27 0
325 : 39 475 50 21 0
326 : 196 475 52 20 0
327 : 808 476 52 20 0
328 : 248 487 17 63 1
329 : 860 476 37 29 0
330 : 705 487 17 60 1
331 : 472 487 17 60 1
332 : 566 484 27 39 1
333 : 401 488 18 59 1
334 : 89 488 23 46 1
335 : 532 487 32 33 1
336 : 951 469 24 44 0
337 : 897 491 23 45 1
338 : 311 487 26 41 1
339 : 0 487 30 35 1
340 : 135 493 50 21 0
341 : 655 493 34 31 0
342 : 185 495 52 20 0
343 : 352 495 36 29 0
344 : 605 495 41 25 0
345 : 35 496 27 39 1
346 : 808 496 23 45 1
347 : 765 498 26 39 1
348 : 237 504 30 35 1
349 : 460 504 35 30 0
350 : 689 504 24 43 1
351 : 495 504 37 28 0
352 : 388 506 18 58 1
353 : 853 505 26 40 1
354 : 272 504 27 38 1
355 : 74 511 24 43 1
356 : 732 504 32 33 1
357 : 975 492 24 44 0
358 : 893 514 19 55 1
359 : 565 511 37 28 0
360 : 117 514 18 59 1
361 : 176 515 53 20 0
362 : 310 513 28 37 1
363 : 804 519 28 37 1
364 : 602 520 22 47 1
365 : 0 523 27 38 1
366 : 347 524 40 26 0
367 : 387 524 19 54 1
368 : 649 528 60 17 0
369 : 765 524 26 39 1
370 : 38 523 28 36 1
371 : 948 513 42 25 1
372 : 841 531 21 48 1
373 : 532 519 28 37 0
374 : 272 531 29 36 1
375 : 117 532 43 24 0
376 : 495 532 37 28 0
377 : 889 533 55 19 0
378 : 441 534 22 46 1
379 : 229 534 28 36 1
380 : 160 535 52 19 0
381 : 74 535 26 39 1
382 : 709 536 31 33 1
383 : 560 539 26 39 1
384 : 308 541 37 28 0
385 : 599 545 63 16 0
386 : 387 543 47 22 0
387 : 742 550 52 20 0
388 : 0 551 17 61 1
389 : 662 545 24 42 1
390 : 345 550 25 41 1
391 : 804 547 33 31 0
392 : 837 552 32 32 0
393 : 869 552 18 55 1
394 : 160 554 35 29 0
395 : 944 555 53 19 0
396 : 113 556 25 41 1
397 : 434 560 63 16 0
398 : 195 554 32 32 0
399 : 497 560 17 60 1
400 : 265 560 37 27 0
401 : 61 561 27 37 1
402 : 599 561 30 33 1
403 : 386 565 43 24 0
404 : 227 562 34 30 0
405 : 557 565 25 41 1
406 : 0 568 52 20 0
407 : 704 567 33 31 0
408 : 632 561 33 30 1
409 : 737 570 50 20 0
410 : 302 569 25 40 1
411 : 662 569 33 31 0
412 : 869 570 38 27 0
413 : 907 574 20 50 1
414 : 429 576 45 22 0
415 : 957 574 32 32 0
416 : 342 575 26 39 1
417 : 474 577 42 24 0
418 : 98 583 63 16 0
419 : 787 578 48 21 0
420 : 161 586 16 61 1
421 : 516 577 38 26 0
422 : 261 587 25 41 1
423 : 52 588 28 36 1
424 : 0 588 26 39 1
425 : 554 591 19 53 1
426 : 835 597 63 16 0
427 : 381 589 23 44 1
428 : 737 590 21 47 1
429 : 222 592 37 27 0
430 : 607 594 37 27 0
431 : 302 594 29 34 1
432 : 907 594 28 36 1
433 : 425 598 25 40 1
434 : 695 598 30 34 1
435 : 784 599 36 28 0
436 : 88 599 23 43 1
437 : 644 600 36 27 0
438 : 465 601 21 47 1
439 : 336 601 24 42 1
440 : 131 602 16 61 1
441 : 512 603 25 39 1
442 : 820 613 61 16 0
443 : 943 606 38 26 0
444 : 551 610 23 44 1
445 : 192 602 30 33 0
446 : 0 616 63 16 0
447 : 131 618 60 16 0
448 : 729 611 30 33 1
449 : 378 612 46 21 0
450 : 222 619 21 47 1
451 : 595 621 22 45 1
452 : 898 622 27 37 1
453 : 63 622 23 42 1
454 : 424 623 18 54 1
455 : 269 623 49 20 0
456 : 318 625 20 48 1
457 : 640 627 21 47 1
458 : 762 627 28 35 1
459 : 687 628 24 41 1
460 : 478 628 41 24 0
461 : 797 629 43 23 0
462 : 840 629 21 47 1
463 : 935 632 27 37 1
464 : 0 632 19 51 1
465 : 366 633 19 52 1
466 : 519 633 24 40 1
467 : 559 633 28 35 1
468 : 105 634 32 30 0
469 : 137 634 30 33 1
470 : 170 635 23 42 1
471 : 981 606 19 51 0
472 : 212 640 41 24 0
473 : 418 641 27 36 1
474 : 594 643 28 35 1
475 : 253 643 25 39 1
476 : 51 645 41 24 0
477 : 292 645 25 39 1
478 : 629 648 56 17 0
479 : 887 649 23 42 1
480 : 685 652 17 55 1
481 : 331 645 30 33 1
482 : 454 652 17 55 1
483 : 797 652 16 59 1
484 : 0 651 23 42 1
485 : 364 652 54 18 0
486 : 740 655 26 38 1
487 : 929 659 51 19 0
488 : 509 657 44 22 0
489 : 92 664 61 16 0
490 : 153 664 44 22 0
491 : 856 650 28 34 0
492 : 197 664 23 42 1
493 : 553 661 25 39 1
494 : 629 665 37 26 0
495 : 239 668 31 31 0
496 : 778 668 16 60 1
497 : 42 669 23 41 1
498 : 666 669 48 20 0
499 : 418 668 28 35 1
500 : 453 669 30 32 1
501 : 270 670 40 24 0
502 : 364 670 52 18 0
503 : 884 678 57 17 0
504 : 0 674 25 39 1
505 : 310 675 23 42 1
506 : 941 678 21 45 1
507 : 485 679 49 19 0
508 : 592 671 31 30 0
509 : 83 680 22 44 1
510 : 714 681 23 41 1
511 : 838 684 38 25 0
512 : 755 684 25 38 1
513 : 534 686 57 17 0
514 : 793 684 26 36 1
515 : 127 686 28 33 1
516 : 160 687 23 41 1
517 : 352 688 50 19 0
518 : 201 687 27 35 1
519 : 666 689 27 35 1
520 : 623 691 24 39 1
521 : 39 692 28 34 1
522 : 876 695 17 57 1
523 : 402 696 20 47 1
524 : 270 694 26 36 1
525 : 306 698 37 25 0
526 : 485 698 22 44 1
527 : 933 699 41 23 0
528 : 0 699 39 24 0
529 : 529 703 17 55 1
530 : 73 702 25 38 1
531 : 701 704 50 19 0
532 : 343 707 18 51 1
533 : 236 699 29 33 1
534 : 449 699 31 30 0
535 : 584 703 29 33 1
536 : 751 709 31 31 0
537 : 782 710 50 19 0
538 : 832 712 49 19 0
539 : 160 710 32 29 0
540 : 881 712 24 39 1
541 : 192 714 22 43 1
542 : 111 714 45 21 0
543 : 617 715 34 28 0
544 : 394 716 47 20 0
545 : 651 716 22 42 1
546 : 974 699 22 42 0
547 : 480 720 25 38 1
548 : 518 720 17 55 1
549 : 920 722 20 46 1
550 : 269 723 39 24 0
551 : 693 723 22 42 1
552 : 0 723 20 46 1
553 : 308 725 52 18 0
554 : 360 725 30 31 1
555 : 46 727 34 27 0
556 : 235 728 34 28 0
557 : 441 729 37 25 0
558 : 782 729 28 34 1
559 : 816 731 48 19 0
560 : 573 732 23 41 1
561 : 80 727 29 32 0
562 : 109 735 37 25 0
563 : 391 736 47 20 0
564 : 864 736 21 44 1
565 : 156 739 57 16 0
566 : 518 737 28 33 1
567 : 651 738 39 24 0
568 : 735 740 40 23 0
569 : 966 741 28 33 1
570 : 908 742 29 32 1
571 : 308 743 47 20 0
572 : 614 743 25 37 1
573 : 0 743 35 27 0
574 : 478 745 23 40 1
575 : 690 745 24 39 1
576 : 146 755 15 60 1
577 : 269 747 26 36 1
578 : 816 750 26 35 1
579 : 438 754 27 34 1
580 : 940 742 26 35 0
581 : 551 755 52 18 0
582 : 355 756 60 15 0
583 : 35 754 38 24 0
584 : 206 756 38 24 0
585 : 775 757 38 24 0
586 : 851 757 29 32 1
587 : 73 760 45 20 0
588 : 472 768 18 51 1
589 : 305 763 22 43 1
590 : 603 768 60 15 0
591 : 663 769 49 19 0
592 : 712 769 18 50 1
593 : 966 769 31 30 0
594 : 244 756 25 37 0
595 : 118 770 38 24 0
596 : 156 770 43 22 0
597 : 348 771 40 23 0
598 : 883 771 20 47 1
599 : 523 773 51 18 0
600 : 388 771 37 25 0
601 : 0 778 39 24 0
602 : 269 773 26 36 1
603 : 813 776 25 37 1
604 : 199 780 24 38 1
605 : 930 777 33 27 0
606 : 574 773 29 32 0
607 : 39 780 20 47 1
608 : 425 781 25 37 1
609 : 762 781 22 41 1
610 : 86 780 31 30 0
611 : 603 783 35 26 0
612 : 305 785 23 39 1
613 : 462 786 19 48 1
614 : 712 787 21 44 1
615 : 638 788 49 19 0
616 : 850 791 23 40 1
617 : 510 791 15 59 1
618 : 890 791 27 34 1
619 : 156 792 23 40 1
620 : 117 794 26 35 1
621 : 344 794 21 43 1
622 : 237 799 19 48 1
623 : 387 796 31 29 0
624 : 963 799 31 29 0
625 : 39 800 26 35 1
626 : 803 801 43 21 0
627 : 418 806 52 18 0
628 : 687 788 25 37 0
629 : 0 802 37 24 0
630 : 756 803 41 22 0
631 : 196 804 33 28 0
632 : 924 804 28 32 1
633 : 470 806 20 46 1
634 : 516 806 41 22 0
635 : 557 806 44 20 0
636 : 638 807 25 37 1
637 : 285 808 19 47 1
638 : 712 808 27 33 1
639 : 74 810 41 21 0
640 : 601 809 37 24 0
641 : 332 815 47 19 0
642 : 846 814 39 23 0
643 : 152 815 27 32 1
644 : 885 818 35 25 0
645 : 229 818 26 34 1
646 : 797 822 42 21 0
647 : 115 820 27 32 1
648 : 418 824 36 24 0
649 : 379 825 27 32 1
650 : 745 825 32 27 0
651 : 454 826 22 39 1
652 : 0 826 20 43 1
653 : 675 825 30 28 0
654 : 557 826 32 27 0
655 : 263 827 50 17 0
656 : 956 828 21 41 1
657 : 493 828 42 21 0
658 : 43 831 52 16 0
659 : 589 833 17 52 1
660 : 920 832 35 25 0
661 : 184 832 19 45 1
662 : 641 832 29 30 1
663 : 313 834 22 39 1
664 : 705 835 33 26 0
665 : 839 837 27 32 1
666 : 352 834 32 27 1
667 : 147 842 29 29 0
668 : 871 843 21 40 1
669 : 777 843 36 24 0
670 : 229 844 35 24 0
671 : 264 844 23 37 1
672 : 535 828 22 39 0
673 : 95 847 17 50 1
674 : 0 846 23 37 1
675 : 37 847 26 32 1
676 : 411 848 40 21 0
677 : 451 848 36 23 0
678 : 955 849 23 36 1
679 : 589 850 16 52 1
680 : 487 849 35 24 0
681 : 176 851 24 34 1
682 : 301 856 18 46 1
683 : 671 861 57 15 0
684 : 738 852 35 23 0
685 : 69 864 57 15 0
686 : 911 857 40 21 0
687 : 813 843 24 34 0
688 : 379 852 28 30 1
689 : 837 864 23 35 1
690 : 557 866 52 16 0
691 : 609 866 56 15 0
692 : 210 868 46 18 0
693 : 872 864 30 28 0
694 : 347 866 28 29 1
695 : 409 871 17 48 1
696 : 457 873 15 55 1
697 : 0 873 52 16 0
698 : 256 874 57 14 0
699 : 145 875 56 14 0
700 : 728 875 15 56 1
701 : 951 872 23 36 1
702 : 665 876 56 15 0
703 : 784 877 16 50 1
704 : 522 867 25 33 1
705 : 902 878 37 22 0
706 : 52 879 36 23 0
707 : 313 874 33 25 0
708 : 88 879 31 26 0
709 : 609 881 35 23 0
710 : 555 882 36 22 0
711 : 201 886 23 35 1
712 : 376 880 24 33 1
713 : 236 888 52 15 0
714 : 119 879 26 30 0
715 : 834 887 35 23 0
716 : 409 888 56 14 0
717 : 465 888 30 27 0
718 : 0 889 20 40 1
719 : 145 889 33 24 0
720 : 721 890 44 18 0
721 : 644 891 31 26 0
722 : 675 891 42 19 0
723 : 495 892 56 14 0
724 : 765 893 36 22 0
725 : 939 895 20 39 1
726 : 869 892 31 25 0
727 : 288 899 14 56 1
728 : 900 900 22 35 1
729 : 40 902 21 36 1
730 : 801 893 27 29 1
731 : 409 902 53 15 0
732 : 178 889 35 22 1
733 : 236 903 42 19 0
734 : 346 894 27 28 1
735 : 374 904 34 22 0
736 : 551 904 31 25 0
737 : 582 904 21 36 1
738 : 76 905 31 25 0
739 : 495 906 16 48 1
740 : 717 908 17 45 1
741 : 200 909 28 27 0
742 : 618 904 29 26 1
743 : 107 909 30 25 0
744 : 0 909 25 30 1
745 : 830 910 33 23 0
746 : 675 910 37 20 0
747 : 137 913 27 28 1
748 : 978 895 22 34 0
749 : 278 913 21 35 1
750 : 762 915 34 22 0
751 : 313 913 25 30 1
752 : 462 915 33 23 0
753 : 935 915 27 28 1
754 : 408 917 34 22 0
755 : 863 917 37 20 0
756 : 796 920 23 32 1
757 : 728 106 16 46 1
758 : 644 917 27 27 0
759 : 228 922 23 32 1
760 : 495 922 20 37 1
761 : 712 925 16 47 1
762 : 900 922 22 33 1
763 : 30 923 40 19 0
764 : 343 926 48 15 0
765 : 165 924 32 23 0
766 : 582 925 32 23 0
767 : 70 934 52 14 0
768 : 543 929 22 33 1
769 : 260 934 14 52 1
770 : 828 937 14 51 1
771 : 963 929 36 20 0
772 : 442 938 44 17 0
773 : 391 939 42 17 0
774 : 312 941 48 15 0
775 : 671 930 29 25 0
776 : 759 937 34 21 0
777 : 122 940 18 41 1
778 : 700 941 18 41 1
779 : 197 936 24 31 1
780 : 486 942 53 14 0
781 : 0 942 33 22 0
782 : 614 944 40 18 0
783 : 360 941 27 27 0
784 : 879 944 38 19 0
785 : 33 942 32 23 0
786 : 793 943 34 21 0
787 : 65 948 52 14 0
788 : 917 944 21 34 1
789 : 163 947 22 33 1
790 : 576 948 21 34 1
791 : 228 945 32 23 0
792 : 260 948 22 32 1
793 : 951 949 30 24 0
794 : 827 951 17 41 1
795 : 433 955 14 50 1
796 : 539 951 35 21 0
797 : 654 955 25 29 1
798 : 483 956 46 15 0
799 : 387 956 20 36 1
800 : 292 956 28 26 0
801 : 320 956 34 21 0
802 : 117 958 19 37 1
803 : 741 958 18 38 1
804 : 683 959 18 39 1
805 : 196 960 23 30 1
806 : 65 962 15 48 1
807 : 610 962 17 41 1
808 : 868 963 31 22 0
809 : 899 965 50 14 0
810 : 779 964 34 20 0
811 : 0 965 17 42 1
812 : 813 968 52 13 0
813 : 226 968 31 23 0
814 : 154 969 41 17 0
815 : 574 969 20 35 1
816 : 354 968 21 32 1
817 : 981 949 37 19 1
818 : 423 969 40 17 0
819 : 463 971 14 50 1
820 : 257 970 31 22 0
821 : 529 972 16 44 1
822 : 722 976 16 43 1
823 : 42 977 16 43 1
824 : 949 973 24 28 1
825 : 386 976 26 27 1
826 : 113 977 29 24 0
827 : 85 977 28 24 0
828 : 320 977 26 26 0
829 : 683 977 20 35 1
830 : 609 979 24 28 1
831 : 813 981 13 52 1
832 : 865 985 13 51 1
833 : 637 980 18 37 1
834 : 916 979 22 31 1
835 : 0 982 16 42 1
836 : 765 984 19 36 1
837 : 463 985 15 44 1
838 : 288 982 32 21 0
839 : 195 983 31 22 0
840 : 413 986 19 35 1
841 : 142 986 30 23 0
842 : 507 988 47 14 0
843 : 573 989 23 29 1
844 : 346 989 27 25 0
845 : 226 991 31 22 0
846 : 718 992 18 37 1
847 : 801 994 48 14 0
848 : 42 993 41 16 0
849 : 257 992 28 24 0
850 : 947 997 18 38 1
851 : 674 997 17 39 1
852 : 849 998 27 25 0
853 : 637 998 36 19 0
854 : 876 998 28 24 0
855 : 448 1000 14 47 1
856 : 172 986 21 32 0
857 : 83 1001 50 13 0
858 : 0 998 38 18 0
859 : 904 1001 28 24 0
860 : 495 1002 28 24 0
861 : 523 1002 14 48 1
862 : 285 1003 16 42 1
863 : 373 1005 14 48 1
864 : 755 1003 15 43 1
865 : 602 1003 24 28 1
866 : 193 1005 31 21 0
867 : 798 1008 31 21 0
868 : 673 1014 14 46 1
869 : 421 1005 25 26 1
870 : 38 1009 33 20 0
871 : 133 1009 24 27 1
872 : 719 1010 26 25 0
873 : 571 1012 29 23 0
874 : 447 1014 36 18 0
875 : 71 1014 34 19 0
876 : 327 1014 42 16 0
877 : 224 1013 28 23 0
878 : 932 1015 23 29 1
879 : 961 1015 20 33 1
880 : 105 1014 27 25 0
881 : 252 1016 27 24 0
882 : 0 1016 31 21 0
883 : 523 1016 34 19 0
884 : 630 1017 20 33 1
885 : 745 1018 27 24 0
886 : 369 1019 35 19 0
887 : 160 1018 30 22 0
888 : 279 1019 15 44 1
889 : 829 1023 22 30 1
890 : 859 1023 33 20 0
891 : 892 1025 35 19 0
892 : 663 1028 15 42 1
893 : 772 1018 26 25 0
894 : 190 1026 21 30 1
895 : 483 1026 25 26 1
896 : 600 1027 27 24 0
897 : 31 1029 28 23 0
898 : 323 1030 16 39 1
899 : 404 1032 13 51 1
900 : 509 1035 13 51 1
901 : 798 1029 30 21 0
902 : 59 1033 43 15 0
903 : 927 1038 14 45 1
904 : 279 1034 31 21 0
905 : 102 1039 44 15 0
906 : 542 181 18 35 1
907 : 455 1032 27 23 0
908 : 560 1035 18 35 1
909 : 705 1035 24 26 1
910 : 972 1035 24 26 1
911 : 220 1036 22 29 1
912 : 627 1037 23 28 1
913 : 362 1038 36 18 0
914 : 146 1040 35 18 0
915 : 731 1042 32 20 0
916 : 0 1037 21 30 1
917 : 249 1040 29 22 0
918 : 655 1043 28 22 0
919 : 763 1043 25 26 1
920 : 859 1043 33 19 0
921 : 892 1044 29 22 0
922 : 828 1045 24 26 1
923 : 398 1045 19 33 1
924 : 310 1046 28 22 0
925 : 181 1047 34 19 0
926 : 59 1048 31 20 0
927 : 509 1048 23 27 1
928 : 789 1050 35 18 0
929 : 431 1045 26 24 1
930 : 338 1046 24 26 0
931 : 921 1052 17 38 1
932 : 536 1048 24 26 0
933 : 560 1053 15 42 1
934 : 90 1054 37 17 0
935 : 482 1051 27 23 0
936 : 127 1058 15 42 1
937 : 0 1058 16 39 1
938 : 959 1059 37 17 0
939 : 278 1055 23 27 1
940 : 683 1059 38 16 0
941 : 602 1060 42 15 0
942 : 362 1056 28 22 0
943 : 215 1062 13 47 1
944 : 854 1062 20 32 1
945 : 455 1055 25 25 0
946 : 721 1062 34 18 0
947 : 390 1064 32 19 0
948 : 169 1066 15 42 1
949 : 644 1065 30 21 0
950 : 755 1068 15 42 1
951 : 39 1052 32 19 1
952 : 560 1068 38 16 0
953 : 886 1066 30 21 0
954 : 797 1069 48 13 0
955 : 916 1069 37 17 0
956 : 58 1068 28 22 0
957 : 305 1068 32 20 0
958 : 86 1071 36 17 0
959 : 122 1073 37 17 0
960 : 422 1071 19 33 1
961 : 480 1074 20 30 1
962 : 510 1074 29 21 0
963 : 337 1072 25 24 0
964 : 0 1074 23 26 1
965 : 211 1075 18 33 1
966 : 598 1075 36 17 0
967 : 674 1075 21 28 1
968 : 244 1075 26 23 0
969 : 953 1076 25 24 0
970 : 702 1080 37 16 0
971 : 159 1081 36 17 0
972 : 270 1078 20 30 1
973 : 845 1082 18 34 1
974 : 362 1078 23 26 1
975 : 539 1074 21 28 0
976 : 797 1082 34 18 0
977 : 739 1083 38 16 0
978 : 560 1084 17 36 1
979 : 388 1083 29 21 0
980 : 455 1080 26 23 1
981 : 634 1086 17 34 1
982 : 978 1076 28 21 1
983 : 916 1086 33 18 0
984 : 26 1084 28 21 0
985 : 879 1087 17 34 1
986 : 300 1088 30 20 0
987 : 86 1088 29 20 0
988 : 54 1090 21 28 1
989 : 417 1090 30 19 0
990 : 115 1090 24 24 0
991 : 596 1092 34 17 0
992 : 777 1083 20 29 0
993 : 195 1093 31 19 0
994 : 478 1094 24 24 0
995 : 502 1095 21 28 1
996 : 668 1096 30 19 0
997 : 330 1096 28 20 0
998 : 698 1096 22 27 1
999 : 226 1098 13 44 1
