1000 1104
0 : 0 0 66 61 0
1 : 66 0 62 48 0
2 : 128 0 62 46 0
3 : 190 0 61 43 0
4 : 490 0 39 62 1
5 : 931 0 38 61 1
6 : 552 0 30 71 1
7 : 552 30 56 37 0
8 : 251 45 52 39 0
9 : 770 45 36 55 1
10 : 623 0 74 27 0
11 : 66 48 42 47 1
12 : 190 43 61 32 0
13 : 303 46 58 32 0
14 : 188 75 51 36 0
15 : 57 90 46 40 0
16 : 332 0 79 23 0
17 : 490 87 48 38 0
18 : 411 0 79 23 0
19 : 128 46 30 60 1
20 : 251 0 22 81 1
21 : 293 109 36 49 1
22 : 397 23 25 71 1
23 : 774 21 73 24 0
24 : 0 61 57 31 0
25 : 847 22 72 25 0
26 : 874 107 50 35 0
27 : 303 78 56 31 0
28 : 941 80 33 54 1
29 : 103 105 39 46 1
30 : 696 46 28 63 1
31 : 697 0 77 23 0
32 : 444 126 43 40 0
33 : 775 114 36 48 0
34 : 825 73 56 31 0
35 : 171 111 51 34 0
36 : 239 84 54 32 0
37 : 54 130 44 40 0
38 : 667 113 37 47 1
39 : 0 92 51 34 0
40 : 396 126 48 36 0
41 : 762 81 53 33 0
42 : 222 116 39 45 1
43 : 538 121 34 50 1
44 : 853 0 22 78 1
45 : 487 125 51 33 0
46 : 113 76 29 58 1
47 : 697 23 73 23 0
48 : 251 22 23 73 1
49 : 0 156 37 45 1
50 : 324 23 73 23 0
51 : 538 155 42 40 0
52 : 825 47 26 64 1
53 : 342 113 31 54 1
54 : 919 38 23 72 1
55 : 774 0 79 21 0
56 : 161 145 35 47 1
57 : 714 137 33 50 1
58 : 768 162 39 42 1
59 : 870 142 33 50 1
60 : 0 126 54 30 0
61 : 881 80 60 27 0
62 : 865 175 47 34 0
63 : 623 27 22 73 1
64 : 342 144 49 33 0
65 : 96 183 37 43 1
66 : 661 150 30 52 1
67 : 608 49 67 23 0
68 : 410 184 35 45 1
69 : 428 79 62 25 0
70 : 629 72 24 64 1
71 : 0 193 35 45 1
72 : 45 200 36 43 1
73 : 815 104 26 59 1
74 : 144 230 43 36 0
75 : 361 48 67 23 0
76 : 0 228 34 45 1
77 : 565 72 64 24 0
78 : 139 198 32 48 1
79 : 45 170 30 51 1
80 : 286 199 32 48 1
81 : 538 96 25 61 1
82 : 588 154 55 27 0
83 : 811 155 54 28 0
84 : 250 201 33 46 0
85 : 943 217 31 48 1
86 : 187 235 45 33 0
87 : 810 183 51 29 0
88 : 45 236 43 35 0
89 : 468 39 74 20 0
90 : 511 218 50 29 0
91 : 561 260 40 37 0
92 : 811 130 25 59 1
93 : 283 231 31 47 1
94 : 392 238 30 48 1
95 : 391 268 46 31 0
96 : 658 272 37 39 1
97 : 697 272 37 39 1
98 : 424 104 63 22 0
99 : 437 273 34 42 1
100 : 713 170 26 55 1
101 : 200 275 31 45 1
102 : 361 71 67 21 0
103 : 714 114 23 61 1
104 : 920 152 23 59 1
105 : 330 277 46 30 0
106 : 599 114 62 22 0
107 : 641 200 26 54 1
108 : 854 306 36 39 1
109 : 208 155 59 23 0
110 : 428 59 69 20 0
111 : 884 237 51 27 0
112 : 59 303 31 44 1
113 : 232 247 28 49 1
114 : 696 309 37 37 0
115 : 961 285 34 41 0
116 : 479 304 31 44 1
117 : 281 262 49 28 0
118 : 359 92 65 21 0
119 : 497 67 20 68 1
120 : 391 318 36 38 1
121 : 912 192 55 25 0
122 : 575 201 24 55 1
123 : 254 323 33 40 0
124 : 889 61 70 19 0
125 : 432 307 29 45 1
126 : 653 309 31 43 1
127 : 518 195 57 23 0
128 : 818 244 52 26 0
129 : 346 318 45 29 0
130 : 693 93 20 66 1
131 : 704 196 23 57 1
132 : 209 323 45 29 0
133 : 59 278 51 25 0
134 : 88 253 25 52 1
135 : 98 144 20 63 1
136 : 693 74 69 19 0
137 : 942 345 44 29 0
138 : 287 322 28 46 1
139 : 88 230 23 56 1
140 : 584 354 28 45 1
141 : 859 280 26 50 1
142 : 731 407 37 34 0
143 : 924 113 65 20 0
144 : 586 309 28 46 1
145 : 924 133 65 19 0
146 : 455 216 56 23 0
147 : 834 342 46 27 0
148 : 106 339 28 45 1
149 : 736 306 47 27 0
150 : 734 374 38 33 0
151 : 683 346 45 28 0
152 : 267 145 64 19 0
153 : 479 280 24 52 1
154 : 599 96 18 68 1
155 : 101 387 40 31 0
156 : 287 350 46 27 0
157 : 643 180 20 61 1
158 : 448 429 32 38 1
159 : 909 285 52 24 0
160 : 524 428 38 32 0
161 : 768 427 34 36 1
162 : 527 398 30 41 1
163 : 687 394 44 27 0
164 : 0 426 31 39 1
165 : 580 181 20 61 1
166 : 265 499 33 36 1
167 : 48 359 26 47 1
168 : 0 347 48 25 0
169 : 231 461 32 37 1
170 : 224 182 62 19 0
171 : 772 396 31 40 1
172 : 783 368 28 44 1
173 : 151 340 48 25 0
174 : 98 164 19 63 1
175 : 486 341 47 26 0
176 : 894 451 40 30 0
177 : 333 366 46 26 0
178 : 468 475 36 33 0
179 : 854 449 40 30 0
180 : 884 217 20 59 1
181 : 338 454 34 35 1
182 : 515 460 37 32 0
183 : 0 398 28 43 1
184 : 894 481 33 36 1
185 : 0 372 26 46 1
186 : 334 223 21 58 1
187 : 486 429 29 41 0
188 : 893 332 24 49 1
189 : 562 445 33 37 1
190 : 0 480 32 37 1
191 : 552 478 37 32 0
192 : 622 245 56 21 0
193 : 588 136 65 18 0
194 : 893 309 23 51 1
195 : 103 316 23 51 1
196 : 84 474 30 39 1
197 : 523 317 50 24 0
198 : 601 286 52 23 0
199 : 47 474 37 32 0
200 : 783 321 51 23 0
201 : 132 449 27 43 1
202 : 268 469 30 39 1
203 : 151 365 48 24 0
204 : 742 250 56 21 0
205 : 379 366 25 47 1
206 : 783 344 24 49 1
207 : 175 466 38 31 0
208 : 349 184 19 61 1
209 : 85 504 33 35 1
210 : 334 203 59 20 0
211 : 485 367 25 47 1
212 : 0 512 31 37 1
213 : 715 459 27 43 1
214 : 620 415 25 45 1
215 : 267 164 18 64 1
216 : 812 416 27 43 1
217 : 246 416 27 43 1
218 : 884 514 36 32 0
219 : 655 462 30 39 1
220 : 622 226 60 19 0
221 : 832 369 24 48 1
222 : 568 418 27 43 1
223 : 979 152 61 19 1
224 : 758 231 60 19 0
225 : 398 521 29 39 1
226 : 758 461 30 39 1
227 : 43 404 24 47 1
228 : 855 423 26 44 1
229 : 141 423 26 44 1
230 : 761 212 60 19 0
231 : 733 333 50 23 0
232 : 796 286 56 20 0
233 : 289 426 43 27 0
234 : 167 523 29 39 1
235 : 601 266 57 20 0
236 : 455 166 65 17 0
237 : 0 326 21 53 1
238 : 533 354 51 22 0
239 : 391 166 18 64 1
240 : 199 395 47 24 0
241 : 199 352 51 22 0
242 : 161 180 63 18 0
243 : 0 543 30 37 1
244 : 899 427 24 46 1
245 : 169 497 26 43 1
246 : 683 560 31 36 1
247 : 348 407 48 23 0
248 : 39 428 46 24 0
249 : 393 219 19 60 1
250 : 168 552 31 36 1
251 : 204 580 31 36 1
252 : 37 527 28 40 1
253 : 185 442 46 24 0
254 : 678 253 58 19 0
255 : 841 497 26 43 1
256 : 403 494 27 42 1
257 : 561 225 18 61 1
258 : 206 531 40 28 0
259 : 37 555 30 37 1
260 : 259 532 28 40 1
261 : 332 430 46 24 0
262 : 0 305 54 21 0
263 : 504 492 26 43 1
264 : 945 593 33 34 1
265 : 85 581 35 32 1
266 : 163 583 36 31 0
267 : 737 491 25 44 1
268 : 729 559 30 37 1
269 : 688 533 27 41 1
270 : 85 437 23 47 1
271 : 912 175 64 17 0
272 : 694 486 26 43 1
273 : 455 183 17 63 1
274 : 780 534 27 41 1
275 : 934 464 44 25 0
276 : 935 248 58 19 0
277 : 236 622 33 33 0
278 : 797 486 44 25 0
279 : 478 392 49 22 0
280 : 297 560 29 38 1
281 : 532 376 50 22 0
282 : 199 374 51 21 0
283 : 646 550 30 37 1
284 : 471 574 31 36 1
285 : 0 573 30 37 1
286 : 187 217 18 61 1
287 : 930 507 24 45 1
288 : 975 514 25 43 0
289 : 960 566 40 27 0
290 : 299 534 26 42 1
291 : 531 297 20 55 1
292 : 920 566 40 27 0
293 : 370 599 30 36 1
294 : 592 596 34 32 0
295 : 117 599 29 37 1
296 : 432 570 39 28 0
297 : 827 393 48 23 0
298 : 236 655 32 33 1
299 : 811 566 40 27 0
300 : 373 466 24 45 1
301 : 729 535 24 44 1
302 : 198 419 23 47 1
303 : 589 628 29 37 1
304 : 53 339 20 53 1
305 : 926 626 27 39 1
306 : 376 299 19 56 1
307 : 307 488 45 24 0
308 : 555 596 37 29 0
309 : 682 235 18 60 1
310 : 890 617 30 36 1
311 : 199 611 37 29 0
312 : 821 542 24 44 1
313 : 366 629 27 39 1
314 : 290 589 26 41 1
315 : 797 463 23 46 1
316 : 352 508 46 23 0
317 : 667 440 48 22 0
318 : 440 239 61 17 0
319 : 561 243 61 17 0
320 : 875 546 23 45 1
321 : 378 573 26 41 1
322 : 0 457 23 47 1
323 : 246 395 50 21 0
324 : 144 636 39 27 0
325 : 637 394 50 21 0
326 : 95 367 52 20 0
327 : 682 374 52 20 0
328 : 286 182 17 63 1
329 : 463 605 37 29 0
330 : 501 247 17 60 1
331 : 736 271 17 60 1
332 : 766 608 27 39 1
333 : 931 267 18 59 1
334 : 123 495 23 46 1
335 : 626 667 32 33 1
336 : 437 546 24 44 1
337 : 547 511 23 45 1
338 : 678 591 26 41 1
339 : 926 653 30 35 1
340 : 418 407 50 21 0
341 : 0 671 34 31 0
342 : 426 387 52 20 0
343 : 0 642 36 29 0
344 : 626 614 41 25 0
345 : 331 595 27 39 1
346 : 781 511 23 45 1
347 : 476 686 26 39 1
348 : 126 663 30 35 1
349 : 269 661 35 30 0
350 : 335 571 24 43 1
351 : 198 667 37 28 0
352 : 736 288 18 58 1
353 : 757 635 26 40 1
354 : 961 676 27 38 1
355 : 902 593 24 43 1
356 : 925 683 32 33 1
357 : 592 511 24 44 1
358 : 154 321 19 55 1
359 : 36 661 37 28 0
360 : 0 271 18 59 1
361 : 630 340 53 20 0
362 : 965 639 28 37 0
363 : 836 680 28 37 1
364 : 637 492 22 47 1
365 : 839 653 27 38 1
366 : 326 622 40 26 0
367 : 333 347 19 54 1
368 : 440 256 60 17 0
369 : 568 678 26 39 1
370 : 0 702 28 36 0
371 : 766 583 42 25 0
372 : 37 506 21 48 1
373 : 626 639 28 37 1
374 : 405 642 29 36 1
375 : 865 569 43 24 0
376 : 889 647 37 28 0
377 : 944 326 55 19 0
378 : 301 512 22 46 1
379 : 462 731 28 36 1
380 : 568 399 52 19 0
381 : 797 660 26 39 1
382 : 387 694 31 33 1
383 : 748 661 26 39 1
384 : 161 663 37 28 0
385 : 821 212 63 16 0
386 : 599 468 47 22 0
387 : 933 392 52 20 0
388 : 330 244 17 61 1
389 : 797 636 24 42 1
390 : 42 636 25 41 1
391 : 352 705 33 31 0
392 : 235 715 32 32 0
393 : 728 356 18 55 1
394 : 113 720 35 29 0
395 : 880 389 53 19 0
396 : 269 636 25 41 1
397 : 455 200 63 16 0
398 : 385 725 32 32 0
399 : 140 268 17 60 1
400 : 508 728 37 27 0
401 : 198 695 27 37 1
402 : 0 777 30 33 1
403 : 125 552 43 24 0
404 : 728 721 34 30 0
405 : 240 597 25 41 1
406 : 147 389 52 20 0
407 : 195 722 33 31 0
408 : 635 764 33 30 0
409 : 804 443 50 20 0
410 : 497 640 25 40 1
411 : 606 724 33 31 0
412 : 198 640 38 27 0
413 : 378 446 20 50 1
414 : 766 561 45 22 0
415 : 869 728 32 32 0
416 : 659 687 26 39 1
417 : 0 618 42 24 0
418 : 187 201 63 16 0
419 : 589 490 48 21 0
420 : 870 264 16 61 1
421 : 956 729 38 26 0
422 : 719 609 25 41 1
423 : 308 730 28 36 1
424 : 73 670 26 39 1
425 : 629 360 19 53 1
426 : 695 219 63 16 0
427 : 119 576 23 44 1
428 : 341 550 21 47 1
429 : 112 693 37 27 0
430 : 823 730 37 27 0
431 : 761 763 29 34 1
432 : 762 735 28 36 1
433 : 352 656 25 40 1
434 : 148 736 30 34 1
435 : 639 736 36 28 0
436 : 805 613 23 43 1
437 : 220 760 36 27 0
438 : 212 510 21 47 1
439 : 848 613 24 42 1
440 : 500 264 16 61 1
441 : 34 689 25 39 1
442 : 330 261 61 16 0
443 : 798 686 38 26 0
444 : 388 550 23 44 1
445 : 456 759 30 33 1
446 : 821 228 63 16 0
447 : 110 285 60 16 0
448 : 383 757 30 33 1
449 : 204 559 46 21 0
450 : 684 512 21 47 1
451 : 74 559 22 45 1
452 : 161 691 27 37 1
453 : 310 648 23 42 1
454 : 250 377 18 54 1
455 : 445 508 49 20 0
456 : 636 514 20 48 1
457 : 120 518 21 47 1
458 : 307 758 28 35 1
459 : 346 681 24 41 1
460 : 527 667 41 24 0
461 : 667 617 43 23 0
462 : 494 518 21 47 1
463 : 276 694 27 37 1
464 : 90 418 19 51 1
465 : 296 407 19 52 1
466 : 698 697 24 40 1
467 : 279 744 28 35 0
468 : 0 807 32 30 0
469 : 498 755 30 33 1
470 : 392 671 23 42 1
471 : 665 421 19 51 1
472 : 235 691 41 24 0
473 : 901 751 27 36 1
474 : 726 751 28 35 1
475 : 73 696 25 39 1
476 : 663 663 41 24 0
477 : 607 699 25 39 1
478 : 429 353 56 17 0
479 : 304 671 23 42 1
480 : 426 370 17 55 1
481 : 100 749 30 33 1
482 : 880 372 17 55 1
483 : 0 289 16 59 1
484 : 434 676 23 42 1
485 : 935 374 54 18 0
486 : 958 703 26 38 1
487 : 945 427 51 19 0
488 : 545 625 44 22 0
489 : 798 270 61 16 0
490 : 419 598 44 22 0
491 : 700 820 28 34 1
492 : 663 640 23 42 1
493 : 567 704 25 39 1
494 : 668 782 37 26 0
495 : 489 785 31 31 0
496 : 245 290 16 60 1
497 : 687 721 23 41 1
498 : 77 539 48 20 0
499 : 901 778 28 35 1
500 : 455 789 30 32 1
501 : 515 704 40 24 0
502 : 396 428 52 18 0
503 : 573 337 57 17 0
504 : 313 705 25 39 1
505 : 441 653 23 42 1
506 : 281 615 21 45 1
507 : 920 547 49 19 0
508 : 666 836 31 30 0
509 : 154 614 22 44 1
510 : 873 705 23 41 1
511 : 863 760 38 25 0
512 : 0 752 25 38 1
513 : 230 306 57 17 0
514 : 316 786 26 36 0
515 : 182 839 28 33 0
516 : 782 712 23 41 1
517 : 418 475 50 19 0
518 : 296 822 27 35 1
519 : 32 824 27 35 1
520 : 344 736 24 39 1
521 : 382 787 28 34 1
522 : 429 336 17 57 1
523 : 631 580 20 47 1
524 : 865 798 26 36 1
525 : 416 813 37 25 0
526 : 406 620 22 44 1
527 : 646 713 41 23 0
528 : 798 735 39 24 1
529 : 582 382 17 55 1
530 : 675 757 25 38 1
531 : 123 476 50 19 0
532 : 843 479 18 51 1
533 : 761 792 29 33 1
534 : 611 855 31 30 0
535 : 794 794 29 33 1
536 : 635 794 31 31 0
537 : 981 464 50 19 1
538 : 731 516 49 19 0
539 : 451 844 32 29 0
540 : 417 742 24 39 1
541 : 704 675 22 43 1
542 : 500 619 45 21 0
543 : 734 821 34 28 0
544 : 855 593 47 20 0
545 : 28 714 22 42 1
546 : 914 715 22 42 1
547 : 182 753 25 38 1
548 : 46 387 17 55 1
549 : 979 593 20 46 0
550 : 38 756 39 24 0
551 : 420 720 22 42 1
552 : 52 616 20 46 1
553 : 715 441 52 18 0
554 : 635 825 30 31 1
555 : 900 834 34 27 0
556 : 901 806 34 28 0
557 : 973 793 37 25 1
558 : 666 808 28 34 1
559 : 481 555 48 19 0
560 : 267 721 23 41 1
561 : 0 837 29 32 1
562 : 453 819 37 25 0
563 : 808 593 47 20 0
564 : 483 665 21 44 1
565 : 880 356 57 16 0
566 : 250 854 28 33 1
567 : 416 766 39 24 0
568 : 256 760 40 23 1
569 : 855 850 28 33 1
570 : 32 851 29 32 1
571 : 539 551 47 20 0
572 : 936 793 25 37 1
573 : 220 787 35 27 0
574 : 180 778 23 40 1
575 : 531 781 24 39 1
576 : 110 301 15 60 1
577 : 705 794 26 36 1
578 : 483 858 26 35 1
579 : 67 827 27 34 1
580 : 538 822 26 35 0
581 : 231 443 52 18 0
582 : 170 306 60 15 0
583 : 827 798 38 24 0
584 : 33 800 38 24 0
585 : 76 803 38 24 0
586 : 331 832 29 32 1
587 : 537 647 45 20 0
588 : 930 489 18 51 1
589 : 83 648 22 43 1
590 : 794 306 60 15 0
591 : 826 523 49 19 0
592 : 437 528 18 50 1
593 : 529 857 31 30 0
594 : 379 815 25 37 1
595 : 935 818 38 24 0
596 : 705 653 43 22 0
597 : 951 755 40 23 0
598 : 250 560 20 47 1
599 : 352 490 51 18 0
600 : 827 822 37 25 0
601 : 596 755 39 24 0
602 : 864 824 26 36 1
603 : 141 782 25 37 1
604 : 342 783 24 38 1
605 : 330 861 33 27 0
606 : 64 854 29 32 1
607 : 719 589 20 47 1
608 : 279 786 25 37 1
609 : 822 757 22 41 1
610 : 210 858 31 30 0
611 : 363 840 35 26 0
612 : 416 790 23 39 1
613 : 507 586 19 48 1
614 : 582 657 21 44 1
615 : 347 531 49 19 0
616 : 531 758 23 40 1
617 : 287 307 15 59 1
618 : 934 842 27 34 1
619 : 342 760 23 40 1
620 : 416 838 26 35 1
621 : 70 721 21 43 1
622 : 37 585 19 48 1
623 : 0 866 31 29 0
624 : 925 869 31 29 0
625 : 973 830 26 35 0
626 : 420 699 43 21 0
627 : 945 446 52 18 0
628 : 178 801 25 37 1
629 : 293 849 37 24 0
630 : 77 756 41 22 1
631 : 778 851 33 28 0
632 : 968 865 28 32 1
633 : 98 628 20 46 1
634 : 571 758 41 22 1
635 : 738 701 44 20 0
636 : 342 807 25 37 1
637 : 710 634 19 47 1
638 : 363 866 27 33 1
639 : 255 811 41 21 0
640 : 741 851 37 24 0
641 : 450 634 47 19 0
642 : 215 814 39 23 0
643 : 678 886 27 32 1
644 : 283 873 35 25 0
645 : 435 873 26 34 1
646 : 593 779 42 21 0
647 : 178 872 27 32 1
648 : 642 866 36 24 0
649 : 107 888 27 32 1
650 : 604 885 32 27 0
651 : 101 837 22 39 1
652 : 33 780 20 43 1
653 : 310 915 30 28 0
654 : 924 898 32 27 0
655 : 240 580 50 17 0
656 : 565 818 21 41 1
657 : 99 782 42 21 0
658 : 920 531 52 16 0
659 : 213 493 17 52 1
660 : 811 868 35 25 0
661 : 463 712 19 45 1
662 : 0 895 29 30 1
663 : 490 836 22 39 1
664 : 277 898 33 26 0
665 : 210 888 27 32 0
666 : 318 888 32 27 0
667 : 678 913 29 29 0
668 : 614 800 21 40 0
669 : 142 858 36 24 0
670 : 846 878 35 24 0
671 : 888 861 23 37 1
672 : 254 832 22 39 1
673 : 581 579 17 50 1
674 : 398 864 23 37 1
675 : 178 899 26 32 1
676 : 210 837 40 21 0
677 : 241 882 36 23 0
678 : 142 882 23 36 1
679 : 636 534 16 52 1
680 : 31 883 35 24 0
681 : 476 900 24 34 1
682 : 823 712 18 46 1
683 : 304 392 57 15 0
684 : 881 900 35 23 0
685 : 361 392 57 15 0
686 : 815 847 40 21 0
687 : 846 902 24 34 1
688 : 139 905 28 30 1
689 : 237 905 23 35 1
690 : 541 535 52 16 0
691 : 875 408 56 15 0
692 : 149 718 46 18 0
693 : 745 913 30 28 0
694 : 272 924 28 29 1
695 : 877 675 17 48 1
696 : 283 454 15 55 1
697 : 487 539 52 16 0
698 : 141 409 57 14 0
699 : 599 454 56 14 0
700 : 931 412 15 56 1
701 : 396 887 23 36 1
702 : 468 414 56 15 0
703 : 839 637 16 50 1
704 : 66 906 25 33 1
705 : 552 888 37 22 0
706 : 710 888 36 23 0
707 : 30 907 33 25 0
708 : 469 924 31 26 0
709 : 956 908 35 23 0
710 : 551 910 36 22 0
711 : 392 910 23 35 1
712 : 629 924 24 33 1
713 : 529 571 52 15 0
714 : 744 941 26 30 1
715 : 710 911 35 23 0
716 : 47 460 56 14 0
717 : 0 924 30 27 0
718 : 678 866 20 40 1
719 : 923 925 33 24 0
720 : 570 800 44 18 0
721 : 211 920 31 26 1
722 : 564 853 42 19 0
723 : 428 461 56 14 0
724 : 99 915 36 22 0
725 : 765 879 20 39 1
726 : 662 942 31 25 0
727 : 611 440 14 56 1
728 : 340 927 22 35 1
729 : 775 927 21 36 1
730 : 586 943 27 29 1
731 : 593 550 53 15 0
732 : 237 928 35 22 0
733 : 140 839 42 19 0
734 : 162 960 27 28 0
735 : 301 943 34 22 0
736 : 956 944 31 25 0
737 : 550 932 21 36 1
738 : 774 948 31 25 0
739 : 545 729 16 48 1
740 : 520 805 17 45 1
741 : 0 951 28 27 0
742 : 267 116 29 26 1
743 : 271 952 30 25 0
744 : 805 956 25 30 1
745 : 914 949 33 23 0
746 : 152 940 37 20 0
747 : 134 960 27 28 1
748 : 464 950 22 34 1
749 : 99 955 21 35 1
750 : 237 950 34 22 0
751 : 301 965 25 30 1
752 : 66 952 33 23 0
753 : 615 965 27 28 1
754 : 693 954 34 22 0
755 : 707 934 37 20 0
756 : 28 968 23 32 1
757 : 114 807 16 46 1
758 : 947 992 27 27 0
759 : 367 972 23 32 1
760 : 427 931 20 37 1
761 : 133 766 16 47 1
762 : 409 969 22 33 1
763 : 512 887 40 19 0
764 : 937 778 48 15 0
765 : 727 967 32 23 0
766 : 890 955 32 23 1
767 : 626 600 52 14 0
768 : 331 986 22 33 1
769 : 0 604 14 52 1
770 : 747 687 14 51 1
771 : 30 948 36 20 0
772 : 697 849 44 17 0
773 : 804 893 42 17 0
774 : 795 779 48 15 0
775 : 869 987 29 25 0
776 : 835 974 34 21 0
777 : 66 888 18 41 1
778 : 636 890 18 41 1
779 : 442 972 24 31 1
780 : 586 565 53 14 0
781 : 221 972 33 22 0
782 : 510 923 40 18 0
783 : 726 990 27 27 0
784 : 375 933 38 19 0
785 : 189 969 32 23 0
786 : 798 981 34 21 0
787 : 500 605 52 14 0
788 : 533 972 21 34 1
789 : 643 987 22 33 1
790 : 254 977 21 34 1
791 : 947 969 32 23 0
792 : 28 991 22 32 1
793 : 96 993 30 24 0
794 : 510 906 17 41 1
795 : 901 737 14 50 1
796 : 498 956 35 21 0
797 : 898 993 25 29 1
798 : 96 859 46 15 0
799 : 373 952 20 36 1
800 : 0 978 28 26 0
801 : 913 972 34 21 0
802 : 542 953 19 37 1
803 : 189 951 18 38 1
804 : 113 937 18 39 1
805 : 0 1004 23 30 0
806 : 713 779 15 48 1
807 : 791 910 17 41 1
808 : 430 1012 31 22 0
809 : 0 738 50 14 0
810 : 979 969 34 20 1
811 : 350 893 17 42 1
812 : 515 691 52 13 0
813 : 512 993 31 23 0
814 : 350 910 41 17 0
815 : 579 970 20 35 1
816 : 861 1012 21 32 1
817 : 853 955 37 19 0
818 : 874 938 40 17 0
819 : 50 742 14 50 1
820 : 511 1016 31 22 0
821 : 560 872 16 44 1
822 : 469 884 16 43 1
823 : 881 884 16 43 1
824 : 893 1018 24 28 1
825 : 974 1003 26 27 0
826 : 543 993 29 24 1
827 : 947 1019 28 24 1
828 : 921 1026 26 26 0
829 : 654 967 20 35 1
830 : 96 1017 24 28 1
831 : 873 692 13 52 1
832 : 675 744 13 51 1
833 : 520 158 18 37 0
834 : 472 1009 22 31 1
835 : 636 908 16 42 1
836 : 331 967 19 36 1
837 : 432 900 15 44 1
838 : 639 1009 32 21 0
839 : 399 1010 31 22 0
840 : 208 994 19 35 1
841 : 671 1011 30 23 0
842 : 564 839 47 14 0
843 : 320 1027 23 29 1
844 : 598 1030 27 25 0
845 : 830 1012 31 22 0
846 : 689 976 18 37 1
847 : 490 822 48 14 0
848 : 30 932 41 16 0
849 : 59 1029 28 24 0
850 : 413 951 18 38 1
851 : 615 948 17 39 1
852 : 971 1030 27 25 0
853 : 60 975 36 19 0
854 : 428 1034 28 24 0
855 : 768 837 14 47 1
856 : 600 1009 21 32 1
857 : 843 785 50 13 0
858 : 335 949 38 18 0
859 : 655 1034 28 24 0
860 : 542 1022 28 24 1
861 : 768 823 14 48 1
862 : 587 912 16 42 1
863 : 114 823 14 48 1
864 : 593 535 15 43 1
865 : 861 1033 24 28 1
866 : 23 1030 31 21 0
867 : 788 1020 31 21 0
868 : 96 874 14 46 1
869 : 793 1041 25 26 1
870 : 243 998 33 20 0
871 : 87 1041 24 27 1
872 : 767 1041 26 25 0
873 : 124 1025 29 23 0
874 : 759 989 36 18 0
875 : 276 1007 34 19 0
876 : 427 915 42 16 0
877 : 287 1045 28 23 0
878 : 153 1028 23 29 1
879 : 927 993 20 33 0
880 : 229 1018 27 25 0
881 : 456 1050 27 24 0
882 : 256 1026 31 21 0
883 : 325 1008 34 19 0
884 : 160 1008 20 33 1
885 : 537 1050 27 24 0
886 : 567 990 35 19 0
887 : 625 1030 30 22 0
888 : 956 893 15 44 1
889 : 737 1025 22 30 1
890 : 567 1009 33 20 0
891 : 399 991 35 19 0
892 : 71 937 15 42 1
893 : 383 1052 26 25 0
894 : 625 1052 21 30 1
895 : 683 1052 25 26 1
896 : 743 1047 27 24 1
897 : 948 1047 28 23 1
898 : 759 973 16 39 1
899 : 545 745 13 51 1
900 : 228 747 13 51 1
901 : 566 1049 30 21 0
902 : 880 923 43 15 0
903 : 746 899 14 45 1
904 : 632 309 31 21 1
905 : 637 379 44 15 0
906 : 60 994 18 35 1
907 : 52 1053 27 23 0
908 : 364 995 18 35 1
909 : 596 1055 24 26 1
910 : 971 1055 24 26 1
911 : 889 1042 22 29 1
912 : 215 1043 23 28 1
913 : 134 988 36 18 0
914 : 795 1002 35 18 0
915 : 566 1029 32 20 0
916 : 170 285 21 30 1
917 : 0 1034 29 22 1
918 : 494 1056 28 22 0
919 : 717 1047 25 26 1
920 : 182 1030 33 19 0
921 : 114 1048 29 22 0
922 : 852 1057 24 26 1
923 : 461 1031 19 33 1
924 : 409 1058 28 22 0
925 : 126 1006 34 19 0
926 : 182 1049 31 20 0
927 : 564 1070 23 27 1
928 : 753 1007 35 18 0
929 : 175 1069 26 24 0
930 : 793 1066 24 26 1
931 : 96 976 17 38 1
932 : 767 1066 24 26 1
933 : 500 941 15 42 1
934 : 288 990 37 17 0
935 : 109 1070 27 23 0
936 : 587 928 15 42 1
937 : 473 977 16 39 1
938 : 602 992 37 17 0
939 : 878 1064 23 27 1
940 : 170 992 38 16 0
941 : 811 941 42 15 0
942 : 349 1066 28 22 0
943 : 718 875 13 47 1
944 : 396 1032 20 32 1
945 : 272 1068 25 25 0
946 : 819 1034 34 18 0
947 : 959 61 32 19 0
948 : 169 925 15 42 1
949 : 22 1051 30 21 0
950 : 832 926 15 42 1
951 : 143 1051 32 19 0
952 : 473 993 38 16 0
953 : 918 1052 30 21 0
954 : 162 826 48 13 0
955 : 676 994 37 17 0
956 : 655 1058 28 22 0
957 : 349 1029 32 20 0
958 : 60 1012 36 17 0
959 : 832 995 37 17 0
960 : 287 1026 19 33 1
961 : 79 1065 20 30 1
962 : 243 1065 29 21 0
963 : 905 1073 25 24 0
964 : 465 1074 23 26 1
965 : 819 1052 18 33 1
966 : 23 1013 36 17 0
967 : 0 1063 21 28 0
968 : 136 1070 26 23 0
969 : 21 1072 25 24 0
970 : 359 1013 37 16 0
971 : 193 1013 36 17 0
972 : 315 1067 20 30 1
973 : 503 1038 18 34 1
974 : 709 1072 23 26 1
975 : 522 1074 21 28 1
976 : 683 1034 34 18 0
977 : 434 996 38 16 0
978 : 701 1017 17 36 1
979 : 819 1070 29 21 0
980 : 377 1077 26 23 0
981 : 171 76 17 34 0
982 : 735 1074 28 21 0
983 : 243 1047 33 18 0
984 : 622 1073 28 21 0
985 : 349 1049 17 34 1
986 : 213 1066 30 20 0
987 : 650 1080 29 20 0
988 : 437 1074 21 28 1
989 : 930 1075 30 19 0
990 : 683 1077 24 24 0
991 : 315 1050 34 17 0
992 : 46 1076 20 29 1
993 : 307 469 31 19 0
994 : 403 1080 24 24 0
995 : 491 1078 21 28 1
996 : 591 1079 30 19 0
997 : 848 1081 28 20 0
998 : 960 1079 22 27 1
999 : 956 931 13 44 1
