135 456
0 : 101 263 29 18 0
1 : 52 379 49 16 0
2 : 60 424 29 16 0
3 : 53 48 75 21 0
4 : 0 427 23 16 0
5 : 0 315 88 16 0
6 : 61 245 57 18 0
7 : 108 69 42 21 1
8 : 108 363 45 16 1
9 : 0 245 61 18 0
10 : 47 171 29 20 0
11 : 53 0 67 26 0
12 : 0 379 52 16 0
13 : 0 111 93 20 0
14 : 23 427 22 16 0
15 : 45 440 19 16 0
16 : 112 151 36 20 1
17 : 0 363 55 16 0
18 : 0 299 135 16 0
19 : 51 263 50 18 0
20 : 0 411 31 16 0
21 : 55 363 53 16 0
22 : 96 281 22 18 0
23 : 66 227 62 18 0
24 : 0 69 58 21 0
25 : 0 347 71 16 0
26 : 0 395 45 16 0
27 : 0 331 85 16 0
28 : 45 395 39 16 0
29 : 0 281 40 18 0
30 : 76 171 20 21 1
31 : 71 347 63 16 0
32 : 0 263 51 18 0
33 : 71 209 63 18 0
34 : 31 411 29 16 0
35 : 0 131 73 20 0
36 : 116 437 19 16 0
37 : 119 408 29 16 1
38 : 0 171 47 20 0
39 : 40 281 29 18 0
40 : 58 69 50 21 0
41 : 53 26 34 22 0
42 : 58 151 54 20 0
43 : 73 131 62 20 0
44 : 0 90 30 21 0
45 : 69 281 27 18 0
46 : 83 440 16 16 0
47 : 64 440 19 16 0
48 : 89 424 27 16 0
49 : 0 227 66 18 0
50 : 0 0 53 34 0
51 : 0 191 76 18 0
52 : 0 209 71 18 0
53 : 0 151 58 20 0
54 : 84 408 35 16 0
