70 835
0 : 0 0 43 31 0
1 : 0 31 43 31 0
2 : 0 62 43 31 0
3 : 0 93 43 31 0
4 : 0 124 41 30 0
5 : 0 154 41 30 0
6 : 0 184 39 29 0
7 : 0 213 39 29 0
8 : 0 242 39 29 0
9 : 0 271 39 29 0
10 : 0 300 38 28 0
11 : 0 328 38 28 0
12 : 0 356 38 28 0
13 : 0 384 38 28 0
14 : 43 0 37 27 1
15 : 43 37 37 27 1
16 : 43 74 37 27 1
17 : 43 111 36 26 1
18 : 43 147 36 26 1
19 : 43 183 36 26 1
20 : 43 219 36 26 1
21 : 43 255 35 25 1
22 : 43 290 35 25 1
23 : 43 325 35 25 1
24 : 43 360 34 24 1
25 : 43 394 34 24 1
26 : 0 412 34 24 0
27 : 0 436 34 24 0
28 : 43 428 23 33 0
29 : 0 460 23 33 1
30 : 43 461 23 33 0
31 : 0 483 23 33 1
32 : 43 494 32 22 1
33 : 0 506 32 22 0
34 : 0 528 32 22 0
35 : 43 526 21 31 0
36 : 0 550 21 31 1
37 : 43 557 21 31 0
38 : 0 571 18 29 1
39 : 0 589 18 29 1
40 : 43 588 18 29 0
41 : 0 607 27 17 0
42 : 0 624 27 17 0
43 : 43 617 24 15 1
44 : 0 641 24 15 0
45 : 0 656 25 16 1
46 : 0 681 25 16 1
47 : 0 706 25 16 1
48 : 0 731 25 16 1
49 : 43 641 24 15 1
50 : 43 665 14 23 0
51 : 43 688 14 23 0
52 : 43 711 14 23 0
53 : 43 734 14 23 0
54 : 0 756 12 21 0
55 : 43 757 12 21 0
56 : 0 777 12 21 0
57 : 43 778 11 19 0
58 : 43 797 11 19 0
59 : 0 798 11 19 0
60 : 43 816 11 19 0
61 : 0 817 17 9 1
