200 216
0 : 0 72 110 32 0
1 : 0 199 12 33 1
2 : 92 170 78 15 0
3 : 138 135 62 18 0
4 : 138 153 16 53 1
5 : 48 0 37 76 1
6 : 0 185 14 97 1
7 : 0 38 28 43 1
8 : 129 154 16 9 1
9 : 110 72 15 22 0
10 : 74 135 64 19 0
11 : 178 98 10 13 0
12 : 43 38 4 27 0
13 : 138 185 12 13 0
14 : 71 205 3 6 1
15 : 189 98 7 22 0
16 : 62 154 67 16 0
17 : 170 169 27 14 0
18 : 97 185 13 41 1
19 : 48 37 78 35 0
20 : 126 0 30 115 0
21 : 0 162 8 54 1
22 : 98 115 20 91 1
23 : 71 199 6 6 0
24 : 97 198 72 12 0
25 : 0 170 15 92 1
26 : 156 51 22 58 0
27 : 150 185 19 6 0
28 : 0 0 38 48 1
29 : 37 104 21 61 1
30 : 33 199 10 38 1
31 : 178 51 22 47 0
32 : 0 104 22 37 1
33 : 0 66 5 30 1
34 : 62 145 5 9 0
35 : 196 98 3 15 0
36 : 74 125 24 10 0
37 : 37 125 20 37 1
38 : 23 126 18 13 1
39 : 0 126 23 19 0
40 : 156 0 41 27 0
41 : 30 66 18 5 0
42 : 191 153 6 11 0
43 : 156 27 39 24 0
44 : 156 109 21 6 0
45 : 0 145 62 17 0
46 : 110 94 20 15 1
47 : 178 111 3 8 1
48 : 33 209 44 7 0
