247 859
0 : 201 529 39 27 1
1 : 152 325 41 33 1
2 : 44 690 46 17 1
3 : 44 776 33 17 1
4 : 86 812 27 17 1
5 : 126 194 88 17 1
6 : 126 789 31 17 1
7 : 126 708 43 17 1
8 : 152 112 213 40 1
9 : 0 778 33 17 1
10 : 201 811 29 17 1
11 : 152 526 45 27 1
12 : 86 522 57 27 1
13 : 152 775 36 17 1
14 : 126 92 102 17 1
15 : 86 736 39 17 1
16 : 86 65 240 40 1
17 : 126 65 25 27 0
18 : 126 364 82 17 1
19 : 0 637 54 17 1
20 : 126 820 24 17 1
21 : 201 778 33 17 1
22 : 44 309 117 33 1
23 : 152 571 67 17 1
24 : 152 366 99 27 1
25 : 44 736 40 17 1
26 : 44 65 244 42 1
27 : 126 751 38 17 1
28 : 86 305 146 33 1
29 : 126 282 82 17 1
30 : 86 639 50 17 1
31 : 44 809 31 17 1
32 : 201 0 224 44 1
33 : 86 775 37 17 1
34 : 0 272 88 38 1
35 : 0 65 207 44 1
36 : 0 0 152 65 0
37 : 0 360 103 27 1
38 : 201 471 58 27 1
39 : 152 465 61 27 1
40 : 0 463 71 27 1
41 : 86 689 47 17 1
42 : 44 426 98 27 1
43 : 126 446 76 17 1
44 : 44 524 50 27 1
45 : 201 568 67 17 1
46 : 201 224 247 39 1
47 : 44 840 17 17 0
48 : 152 736 39 17 1
49 : 0 811 31 17 1
50 : 152 840 15 17 1
51 : 44 637 53 17 1
52 : 152 0 112 49 1
53 : 126 522 76 17 1
54 : 152 690 46 17 1
55 : 201 735 43 17 1
56 : 0 568 69 17 1
57 : 0 691 45 17 1
58 : 152 811 29 17 1
59 : 86 451 71 27 1
60 : 201 691 44 17 1
61 : 86 579 60 17 1
62 : 201 635 56 17 1
63 : 86 839 20 17 1
64 : 126 658 50 17 1
65 : 126 598 60 17 1
66 : 44 574 63 17 1
67 : 0 736 42 17 1
68 : 0 534 34 27 1
69 : 152 638 52 17 1
