100 3997
0 : 91 87 1 74 0
1 : 0 2443 24 88 0
2 : 0 3498 16 77 0
3 : 92 0 98 7 1
4 : 22 3268 9 81 0
5 : 0 3427 22 71 0
6 : 0 2126 29 88 0
7 : 0 551 100 39 1
8 : 0 1387 85 45 1
9 : 0 1472 31 98 0
10 : 0 3929 68 11 1
11 : 69 360 16 88 0
12 : 58 370 9 86 0
13 : 0 2376 67 46 1
14 : 0 2756 41 66 0
15 : 0 0 92 87 0
16 : 90 87 1 83 0
17 : 0 2969 35 70 0
18 : 0 2822 39 67 0
19 : 0 3200 31 68 0
20 : 58 545 5 88 0
21 : 0 2217 30 86 0
22 : 0 185 99 65 1
23 : 0 1978 32 88 0
24 : 0 3575 21 66 0
25 : 0 2609 36 75 0
26 : 69 87 21 93 0
27 : 0 1746 44 81 0
28 : 0 1037 48 87 0
29 : 92 277 4 10 0
30 : 0 1570 53 76 0
31 : 0 3117 17 83 0
32 : 58 940 37 24 1
33 : 0 2531 33 78 0
34 : 0 1305 49 82 0
35 : 0 463 52 88 0
36 : 58 869 38 28 1
37 : 29 2126 25 91 0
38 : 58 456 5 89 0
39 : 0 1827 50 75 0
40 : 99 0 1 96 0
41 : 0 3039 27 78 0
42 : 69 787 82 6 1
43 : 99 96 8 1 1
44 : 0 2889 25 80 0
45 : 0 2303 42 73 0
46 : 92 98 4 92 0
47 : 0 1646 29 100 0
48 : 0 3787 10 72 0
49 : 0 3349 78 15 1
50 : 0 1124 45 89 0
51 : 0 2066 60 58 1
52 : 46 2217 8 73 0
53 : 69 700 6 87 0
54 : 0 370 48 93 0
55 : 92 190 4 87 0
56 : 0 3268 17 81 0
57 : 58 710 5 71 0
58 : 0 3716 13 71 0
59 : 0 3641 10 75 0
60 : 0 939 38 98 0
61 : 0 87 66 98 0
62 : 0 1213 40 92 0
63 : 69 616 84 10 1
64 : 69 272 20 88 0
65 : 0 651 39 100 0
66 : 58 977 28 30 0
67 : 58 633 5 77 0
68 : 69 448 14 86 0
69 : 58 1029 24 12 0
70 : 58 907 28 33 0
71 : 0 849 46 90 0
72 : 69 180 20 92 0
73 : 0 284 69 86 0
74 : 0 751 40 98 0
75 : 0 1902 48 76 0
76 : 0 2684 37 72 0
77 : 58 1007 28 22 0
78 : 69 534 13 82 0
79 : 0 3859 11 70 0
