1000 9908
0 : 0 6357 340 857 1
1 : 889 9608 104 178 0
2 : 0 5018 943 389 0
3 : 0 8086 189 491 1
4 : 727 9608 146 162 1
5 : 0 9575 33 963 1
6 : 0 9116 497 135 0
7 : 0 3605 652 992 1
8 : 0 8853 121 598 1
9 : 0 9608 42 727 1
10 : 0 8974 142 505 1
11 : 871 9786 24 83 1
12 : 0 7681 150 776 1
13 : 0 9318 49 921 1
14 : 0 5407 493 677 1
15 : 0 8768 85 886 1
16 : 233 9367 421 99 0
17 : 0 980 970 933 0
18 : 536 6697 252 738 0
19 : 0 7435 561 246 0
20 : 0 2826 882 779 0
21 : 993 0 298 2 1
22 : 538 8495 452 169 0
23 : 0 9827 253 49 0
24 : 0 9650 338 87 0
25 : 253 9827 81 148 1
26 : 338 9650 59 375 1
27 : 0 5900 457 647 1
28 : 401 9827 12 189 1
29 : 779 9827 8 169 1
30 : 0 9367 191 233 1
31 : 0 8410 85 947 1
32 : 0 8275 629 135 0
33 : 0 7831 965 107 0
34 : 233 9466 359 109 0
35 : 0 9251 840 67 0
36 : 0 8495 538 142 0
37 : 0 8664 104 726 1
38 : 0 9812 15 871 1
39 : 654 9367 144 230 1
40 : 779 9835 10 114 1
41 : 0 4257 761 761 0
42 : 0 0 984 980 0
43 : 840 8853 408 117 1
44 : 590 9827 9 189 1
45 : 0 1913 931 913 0
46 : 0 6697 516 536 1
47 : 788 6697 150 906 0
48 : 0 7938 689 148 0
49 : 338 9709 103 146 1
