135 419
0 : 101 239 29 18 0
1 : 52 355 49 16 0
2 : 0 387 29 16 0
3 : 53 48 75 21 0
4 : 56 387 23 16 0
5 : 0 291 88 16 0
6 : 71 221 57 18 0
7 : 58 69 42 21 0
8 : 88 291 45 16 0
9 : 0 206 61 18 0
10 : 112 130 29 20 1
11 : 53 0 67 26 0
12 : 0 355 52 16 0
13 : 0 90 93 20 0
14 : 79 387 22 16 1
15 : 114 394 19 16 0
16 : 100 69 36 20 1
17 : 0 339 55 16 0
18 : 0 275 135 16 0
19 : 51 239 50 18 0
20 : 35 371 31 16 0
21 : 55 339 53 16 0
22 : 96 257 22 18 0
23 : 112 159 62 18 1
24 : 0 69 58 21 0
25 : 0 323 71 16 0
26 : 85 307 45 16 0
27 : 0 307 85 16 0
28 : 108 339 39 16 1
29 : 0 242 40 18 0
30 : 47 150 20 21 1
31 : 71 323 63 16 0
32 : 0 224 51 18 0
33 : 94 150 63 18 1
34 : 66 371 29 16 0
35 : 0 110 73 20 0
36 : 95 394 19 16 0
37 : 95 378 29 16 0
38 : 0 150 47 20 0
39 : 40 257 29 18 0
40 : 0 34 50 21 0
41 : 53 26 34 22 0
42 : 58 130 54 20 0
43 : 73 110 62 20 0
44 : 87 26 30 21 0
45 : 69 257 27 18 0
46 : 19 403 16 16 0
47 : 0 403 19 16 0
48 : 29 387 27 16 0
49 : 76 150 66 18 1
50 : 0 0 53 34 0
51 : 0 170 76 18 0
52 : 0 188 71 18 0
53 : 0 130 58 20 0
54 : 0 371 35 16 0
