100 30
0 : 0 0 5 4 0
1 : 5 0 3 13 1
2 : 18 0 49 3 0
3 : 67 0 3 5 1
4 : 72 0 5 5 0
5 : 77 0 3 5 1
6 : 82 0 5 5 0
7 : 87 0 3 3 0
8 : 90 0 4 10 1
9 : 77 3 3 4 1
10 : 5 3 4 11 1
11 : 16 3 3 7 1
12 : 23 3 9 8 0
13 : 32 3 7 33 1
14 : 65 3 5 5 0
15 : 87 4 5 3 0
16 : 0 4 4 5 1
17 : 92 4 5 4 0
18 : 81 5 5 3 0
19 : 70 5 3 5 1
20 : 5 7 12 5 0
21 : 97 4 3 3 0
22 : 75 6 3 4 1
23 : 17 6 3 3 0
24 : 86 7 3 5 1
25 : 91 8 5 3 0
26 : 79 8 3 5 1
27 : 65 8 3 7 1
28 : 0 8 5 5 0
29 : 20 6 5 3 1
30 : 72 9 5 3 0
31 : 84 10 3 7 1
32 : 97 7 5 3 1
33 : 17 9 3 3 0
34 : 32 10 3 4 1
35 : 36 10 5 4 0
36 : 41 10 4 4 0
37 : 45 10 3 4 1
38 : 49 10 3 3 0
39 : 52 10 4 8 1
40 : 60 10 5 4 0
41 : 77 11 5 3 0
42 : 91 11 4 3 0
43 : 0 13 12 33 1
44 : 65 11 3 5 1
45 : 95 12 3 3 0
46 : 70 12 4 4 0
47 : 82 13 3 5 1
48 : 45 13 5 5 0
49 : 50 14 5 4 0
50 : 33 14 7 3 0
51 : 74 14 5 3 0
52 : 87 14 5 4 0
53 : 40 14 5 3 0
54 : 55 14 3 4 1
55 : 59 14 3 4 1
56 : 63 14 3 5 1
57 : 79 14 3 3 0
58 : 92 14 3 4 0
59 : 68 17 7 3 0
60 : 75 17 5 8 1
61 : 33 18 34 12 0
62 : 95 15 5 5 0
