1000 11817
0 : 192 1931 340 857 0
1 : 422 7276 104 178 1
2 : 192 988 943 389 1
3 : 334 4764 189 491 1
4 : 59 9926 146 162 1
5 : 0 0 33 963 1
6 : 192 4569 497 135 1
7 : 334 3526 652 992 0
8 : 748 1400 121 598 0
9 : 921 33 42 727 0
10 : 192 4064 142 505 0
11 : 0 1657 24 83 0
12 : 494 82 150 776 0
13 : 0 33 49 921 1
14 : 334 5717 493 677 0
15 : 192 82 85 886 0
16 : 85 1047 421 99 1
17 : 59 7509 970 933 1
18 : 192 2788 252 738 0
19 : 334 4518 561 246 0
20 : 192 6394 882 779 1
21 : 986 0 298 2 1
22 : 334 5070 452 169 1
23 : 0 1404 253 49 1
24 : 85 1468 338 87 1
25 : 85 1806 81 148 0
26 : 0 1029 59 375 0
27 : 503 5070 457 647 0
28 : 59 1029 12 189 0
29 : 988 189 8 169 0
30 : 746 7276 191 233 0
31 : 0 82 85 947 0
32 : 748 771 629 135 1
33 : 85 82 965 107 1
34 : 192 5066 359 109 1
35 : 277 82 840 67 1
36 : 192 3526 538 142 1
37 : 644 82 104 726 0
38 : 963 0 15 871 0
39 : 192 7276 144 230 1
40 : 71 1029 10 114 0
41 : 0 11056 761 761 0
42 : 0 10072 984 980 1
43 : 334 4953 408 117 0
44 : 988 0 9 189 0
45 : 59 8995 931 913 1
46 : 59 8479 516 536 1
47 : 344 82 150 906 0
48 : 748 82 689 148 1
49 : 600 7276 103 146 1
