200 228
0 : 0 211 8 47 1
1 : 53 141 143 26 0
2 : 86 212 16 107 1
3 : 0 90 33 95 1
4 : 53 136 5 21 1
5 : 0 50 54 40 0
6 : 181 0 84 15 1
7 : 0 150 32 25 0
8 : 77 0 52 45 0
9 : 53 123 13 39 1
10 : 0 191 86 20 0
11 : 0 0 50 77 1
12 : 95 110 77 31 0
13 : 32 167 24 74 1
14 : 181 130 11 12 1
15 : 106 190 22 65 1
16 : 0 123 27 53 1
17 : 181 84 14 46 0
18 : 171 190 17 9 1
19 : 32 150 15 21 1
20 : 172 110 31 6 1
21 : 183 167 8 38 0
22 : 106 167 23 77 1
23 : 169 0 12 35 0
24 : 74 136 5 12 1
25 : 95 84 20 23 0
26 : 129 0 73 40 1
27 : 77 45 40 39 0
28 : 117 73 64 37 0
