200 242
0 : 0 0 110 32 0
1 : 125 156 12 33 0
2 : 110 115 78 15 1
3 : 48 130 62 18 1
4 : 22 162 16 53 0
5 : 0 32 37 76 1
6 : 91 32 14 97 0
7 : 0 107 28 43 1
8 : 48 219 16 9 1
9 : 110 193 15 22 0
10 : 175 91 64 19 1
11 : 140 223 10 13 1
12 : 195 30 4 27 0
13 : 175 217 12 13 1
14 : 105 67 3 6 0
15 : 69 113 7 22 0
16 : 140 136 67 16 1
17 : 48 192 27 14 1
18 : 125 115 13 41 0
19 : 140 0 78 35 1
20 : 110 0 30 115 0
21 : 162 150 8 54 0
22 : 175 0 20 91 0
23 : 69 156 6 6 0
24 : 162 78 72 12 1
25 : 76 32 15 92 0
26 : 140 78 22 58 0
27 : 156 136 19 6 1
28 : 0 69 38 48 1
29 : 48 69 21 61 0
30 : 125 189 10 38 0
31 : 0 162 22 47 0
32 : 76 168 22 37 0
33 : 195 0 5 30 0
34 : 105 50 5 9 0
35 : 195 57 3 15 0
36 : 22 215 24 10 1
37 : 76 205 20 37 0
38 : 110 215 18 13 1
39 : 0 209 23 19 1
40 : 0 135 41 27 0
41 : 105 32 18 5 1
42 : 156 155 6 11 0
43 : 76 129 39 24 1
44 : 69 135 21 6 1
45 : 175 155 62 17 1
46 : 140 203 20 15 1
47 : 105 59 3 8 0
48 : 69 69 44 7 1
