1000 11681
0 : 192 1931 340 857 0
1 : 192 5066 104 178 0
2 : 192 988 943 389 1
3 : 334 4764 189 491 1
4 : 655 7328 146 162 0
5 : 0 0 33 963 1
6 : 192 4569 497 135 1
7 : 334 3526 652 992 0
8 : 748 1400 121 598 0
9 : 921 33 42 727 0
10 : 192 4064 142 505 0
11 : 444 3501 24 83 1
12 : 494 82 150 776 0
13 : 0 33 49 921 1
14 : 334 5769 493 677 0
15 : 192 82 85 886 0
16 : 748 1998 421 99 1
17 : 0 7519 970 933 1
18 : 192 2788 252 738 0
19 : 334 4518 561 246 0
20 : 192 6446 882 779 1
21 : 847 1998 298 2 1
22 : 334 4953 452 169 0
23 : 748 3186 253 49 1
24 : 444 3163 338 87 1
25 : 192 5244 81 148 0
26 : 444 2788 59 375 0
27 : 334 5122 457 647 0
28 : 849 1998 12 189 0
29 : 861 1998 8 169 0
30 : 422 7328 191 233 1
31 : 0 82 85 947 0
32 : 748 771 629 135 1
33 : 85 82 965 107 1
34 : 748 2827 359 109 1
35 : 277 82 840 67 1
36 : 192 3526 538 142 1
37 : 644 82 104 726 0
38 : 963 0 15 871 0
39 : 192 7328 144 230 1
40 : 857 3016 10 114 0
41 : 0 10920 761 761 0
42 : 0 9936 984 980 1
43 : 748 2419 408 117 1
44 : 857 2827 9 189 0
45 : 0 9005 931 913 1
46 : 0 8489 516 536 1
47 : 344 82 150 906 0
48 : 748 82 689 148 1
49 : 192 5392 103 146 0
