200 490
0 : 0 0 8 47 1
1 : 47 0 143 26 0
2 : 47 26 16 107 1
3 : 47 42 33 95 1
4 : 0 8 5 21 1
5 : 47 75 54 40 0
6 : 21 8 84 15 1
7 : 154 26 32 25 0
8 : 47 115 52 45 0
9 : 0 13 13 39 0
10 : 154 51 86 20 1
11 : 47 160 50 77 0
12 : 101 75 77 31 1
13 : 101 152 24 74 0
14 : 36 8 11 12 0
15 : 101 226 22 65 0
16 : 47 237 27 53 0
17 : 21 92 14 46 0
18 : 190 0 17 9 1
19 : 154 137 15 21 0
20 : 13 13 31 6 1
21 : 190 17 8 38 0
22 : 74 237 23 77 0
23 : 142 42 12 35 0
24 : 36 20 5 12 0
25 : 47 290 20 23 1
26 : 47 314 73 40 1
27 : 47 387 40 39 0
28 : 47 426 64 37 1
