92 433
0 : 0 0 11 9 0
1 : 11 0 1 1 0
2 : 12 0 9 11 1
3 : 23 0 1 29 1
4 : 52 0 9 11 1
5 : 63 0 19 15 0
6 : 23 1 50 29 1
7 : 63 15 1 19 1
8 : 63 16 18 18 0
9 : 63 34 12 45 0
10 : 23 51 19 15 0
11 : 23 66 14 12 0
12 : 23 78 12 45 0
13 : 0 9 27 13 1
14 : 0 36 43 13 1
15 : 0 79 55 13 1
16 : 0 134 31 13 1
17 : 63 79 19 15 1
18 : 52 9 11 79 0
19 : 35 98 50 50 0
20 : 75 34 2 37 0
21 : 35 148 31 13 0
22 : 66 148 92 17 1
23 : 35 161 21 13 0
24 : 52 88 11 9 0
25 : 0 165 33 13 1
26 : 35 174 28 13 1
27 : 77 34 1 29 0
28 : 42 51 13 10 1
29 : 0 198 27 13 1
30 : 66 240 17 88 0
31 : 66 328 19 15 1
32 : 35 78 1 19 0
33 : 66 347 86 17 1
34 : 81 16 1 48 0
35 : 37 66 4 6 0
36 : 42 64 13 10 1
37 : 37 72 4 6 0
