40400 42390
0 : 26352 31490 4629 1596 1
1 : 16017 41552 2919 783 0
2 : 23452 39982 8067 1832 0
3 : 0 36249 7180 2974 0
4 : 11069 22510 1685 1708 0
5 : 12850 20233 2029 601 0
6 : 20000 7563 15046 7040 0
7 : 27910 0 6726 7039 0
8 : 34815 20981 7958 5170 1
9 : 0 22510 3621 4223 1
10 : 6465 31620 4358 6846 1
11 : 39101 28939 6272 1268 1
12 : 16897 14804 6171 1473 1
13 : 13311 31620 3448 1249 1
14 : 18373 14603 6389 10170 1
15 : 23004 26398 7910 5092 0
16 : 15046 31550 4629 11306 1
17 : 10744 14804 1279 1621 1
18 : 4223 22510 3529 6846 1
19 : 34906 33953 3770 3117 0
20 : 36592 13704 3924 3177 1
21 : 30914 28381 2672 556 0
22 : 0 26398 15046 5222 0
23 : 28357 31490 2050 2287 0
24 : 15046 26398 7958 5152 0
25 : 37301 39982 1063 2033 1
26 : 31519 39982 1823 5782 1
27 : 12850 14804 4047 5429 0
28 : 18373 7958 6416 1491 1
29 : 19814 41443 859 2104 1
30 : 0 16132 6378 12850 1
31 : 28357 37070 10744 2912 0
32 : 7180 35978 4629 2353 0
33 : 11069 41552 2919 838 0
34 : 30914 28939 8067 5014 0
35 : 36592 17628 3139 2974 0
36 : 11069 24218 1685 1469 0
37 : 13988 41552 2029 824 0
38 : 12850 20992 15046 5406 0
39 : 36592 0 6726 3329 1
40 : 10744 0 7958 9256 1
41 : 6846 40618 1080 4223 1
42 : 0 39223 2407 6846 1
43 : 28543 20981 6272 5296 0
44 : 35046 0 6171 1375 1
45 : 35046 12587 1253 1249 0
46 : 0 9743 6389 10729 1
47 : 20000 0 7910 7563 0
48 : 0 31620 4629 6465 1
49 : 39334 39258 503 1621 0
50 : 10744 7958 7629 6846 0
51 : 28357 33953 6549 3117 0
52 : 36592 6726 6978 3177 1
53 : 37301 41045 2672 869 0
54 : 13311 36179 15046 3231 0
55 : 7180 38331 4676 2287 0
56 : 11856 39410 7958 2142 0
57 : 19814 39410 3638 2033 0
58 : 11856 35978 1823 1064 1
59 : 39101 35211 4047 1135 1
60 : 35046 6171 6416 1357 1
61 : 30914 26277 3842 2104 0
62 : 28543 14603 6378 8049 1
63 : 0 0 10744 9743 0
