123 387
0 : 65 280 54 15 0
1 : 46 342 39 15 0
2 : 67 246 51 17 0
3 : 0 113 90 21 0
4 : 0 79 84 25 0
5 : 0 325 43 17 0
6 : 0 180 97 17 0
7 : 45 312 49 15 0
8 : 64 295 45 17 0
9 : 0 0 120 27 0
10 : 56 212 64 17 0
11 : 90 113 67 25 1
12 : 91 364 25 15 0
13 : 0 278 65 15 0
14 : 0 372 23 15 0
15 : 0 261 59 17 0
16 : 65 263 50 17 0
17 : 0 357 33 15 0
18 : 0 212 56 21 0
19 : 0 197 92 15 0
20 : 0 246 67 15 0
21 : 0 342 46 15 0
22 : 56 229 63 17 0
23 : 0 155 72 25 0
24 : 0 48 80 31 0
25 : 85 349 38 15 0
26 : 33 357 32 15 0
27 : 0 293 64 15 0
28 : 94 312 37 17 1
29 : 84 48 65 31 1
30 : 65 364 26 15 0
31 : 0 134 89 21 0
32 : 0 308 45 17 0
33 : 0 27 123 21 0
34 : 43 327 46 15 0
