247 626
0 : 220 532 39 27 1
1 : 42 551 41 33 0
2 : 134 314 46 17 1
3 : 153 573 33 17 0
4 : 0 601 27 17 0
5 : 0 401 88 17 0
6 : 153 590 31 17 0
7 : 177 539 43 17 0
8 : 0 165 213 40 0
9 : 0 584 33 17 0
10 : 102 600 29 17 0
11 : 0 523 45 27 0
12 : 58 490 57 27 0
13 : 83 571 36 17 0
14 : 103 361 102 17 0
15 : 162 556 39 17 0
16 : 0 81 240 40 0
17 : 33 601 25 27 1
18 : 88 405 82 17 0
19 : 115 493 54 17 0
20 : 184 605 24 17 0
21 : 38 584 33 17 0
22 : 0 314 117 33 0
23 : 140 449 67 17 0
24 : 0 374 99 27 0
25 : 83 554 40 17 0
26 : 0 39 244 42 0
27 : 0 567 38 17 0
28 : 213 165 146 33 1
29 : 0 418 82 17 0
30 : 224 482 50 17 1
31 : 186 588 31 17 0
32 : 0 121 224 44 0
33 : 201 571 37 17 0
34 : 205 311 88 38 1
35 : 0 205 207 44 0
36 : 0 249 152 65 0
37 : 0 347 103 27 0
38 : 0 479 58 27 0
39 : 138 466 61 27 0
40 : 0 435 71 27 0
41 : 117 314 47 17 1
42 : 99 378 98 27 0
43 : 82 422 76 17 0
44 : 115 510 50 27 0
45 : 71 456 67 17 0
46 : 0 0 247 39 0
47 : 60 605 17 17 0
48 : 123 556 39 17 0
49 : 71 588 31 17 0
50 : 201 556 15 17 1
51 : 169 505 53 17 0
52 : 152 249 112 49 1
53 : 170 405 76 17 0
54 : 165 522 46 17 0
55 : 134 539 43 17 0
56 : 71 439 69 17 0
57 : 45 534 45 17 0
58 : 217 588 29 17 0
59 : 158 422 71 27 0
60 : 90 537 44 17 0
61 : 63 473 60 17 0
62 : 207 449 56 17 1
63 : 131 600 20 17 0
64 : 52 517 50 17 0
65 : 229 422 60 17 1
66 : 0 462 63 17 0
67 : 0 550 42 17 0
68 : 119 573 34 27 0
69 : 0 506 52 17 0
