92 232
0 : 0 158 11 9 0
1 : 88 73 1 1 0
2 : 38 163 9 11 1
3 : 86 34 1 29 0
4 : 62 155 9 11 1
5 : 73 140 19 15 0
6 : 0 101 50 29 0
7 : 88 54 1 19 0
8 : 49 164 18 18 0
9 : 0 76 12 45 1
10 : 0 143 19 15 0
11 : 73 155 14 12 0
12 : 45 76 12 45 1
13 : 0 130 27 13 0
14 : 0 88 43 13 0
15 : 0 63 55 13 0
16 : 50 114 31 13 0
17 : 54 140 19 15 0
18 : 0 51 11 79 1
19 : 11 182 50 50 0
20 : 88 17 2 37 0
21 : 50 101 31 13 0
22 : 0 0 92 17 0
23 : 55 62 21 13 0
24 : 51 155 11 9 0
25 : 50 88 33 13 0
26 : 50 127 28 13 0
27 : 87 34 1 29 0
28 : 27 130 13 10 0
29 : 27 140 27 13 0
30 : 0 17 17 88 1
31 : 19 153 19 15 0
32 : 89 54 1 19 0
33 : 0 34 86 17 0
34 : 0 62 1 48 1
35 : 23 143 4 6 0
36 : 38 153 13 10 0
37 : 19 143 4 6 0
