200 229
0 : 0 80 66 25 0
1 : 0 172 14 30 1
2 : 108 200 18 14 0
3 : 117 87 43 34 0
4 : 65 50 59 30 0
5 : 68 216 10 16 1
6 : 75 201 8 33 1
7 : 161 87 22 47 0
8 : 176 190 18 16 0
9 : 0 186 26 13 0
10 : 30 185 24 17 0
11 : 22 219 26 4 0
12 : 40 212 7 28 1
13 : 107 186 26 14 0
14 : 66 80 30 51 1
15 : 0 128 39 25 0
16 : 161 225 7 3 0
17 : 100 214 19 9 0
18 : 194 158 25 6 1
19 : 84 216 8 14 1
20 : 0 110 18 78 1
21 : 126 203 14 17 1
22 : 100 149 62 12 0
23 : 183 57 15 64 0
24 : 138 221 16 5 0
25 : 66 161 46 13 0
26 : 39 150 27 26 0
27 : 100 137 12 63 1
28 : 40 204 30 8 0
29 : 0 0 36 91 1
30 : 163 134 23 31 1
31 : 48 219 8 13 1
32 : 0 211 22 9 0
33 : 31 176 9 50 1
34 : 32 223 14 4 0
35 : 192 206 8 16 0
36 : 0 199 22 12 0
37 : 153 0 57 37 1
38 : 154 221 7 6 0
39 : 158 178 12 36 1
40 : 75 190 11 29 1
41 : 124 57 30 56 1
42 : 91 0 50 62 1
43 : 39 137 61 13 0
44 : 131 223 4 7 1
45 : 143 205 7 33 1
46 : 81 174 16 26 1
47 : 112 161 12 46 1
48 : 162 157 21 27 1
49 : 0 36 28 65 1
50 : 92 224 4 4 0
51 : 143 212 9 19 1
52 : 112 173 40 13 0
53 : 119 217 6 19 1
54 : 154 190 15 22 1
55 : 0 153 19 31 1
56 : 133 186 21 17 0
57 : 192 222 5 6 1
58 : 98 223 5 15 1
59 : 70 209 30 7 0
60 : 162 219 6 19 1
61 : 0 220 8 12 1
62 : 181 219 11 8 0
63 : 54 185 19 21 1
64 : 22 202 18 14 0
65 : 12 223 3 20 1
66 : 113 223 18 3 0
67 : 78 121 83 16 0
68 : 176 206 16 13 0
69 : 168 225 2 7 1
70 : 61 219 6 10 0
71 : 194 121 37 6 1
72 : 84 224 8 3 0
