100 3503
0 : 36 2332 1 74 0
1 : 0 2959 24 88 0
2 : 69 757 16 77 0
3 : 32 2147 98 7 1
4 : 32 2066 9 81 0
5 : 0 3047 22 71 0
6 : 0 2710 29 88 0
7 : 0 1073 100 39 1
8 : 0 1273 85 45 1
9 : 0 1980 31 98 0
10 : 69 1143 68 11 1
11 : 69 669 16 88 0
12 : 32 1980 9 86 0
13 : 0 1840 67 46 1
14 : 0 2266 41 66 0
15 : 0 0 92 87 0
16 : 46 638 1 83 0
17 : 0 2798 35 70 0
18 : 0 2479 39 67 0
19 : 69 87 31 68 0
20 : 40 1064 5 88 0
21 : 0 2546 30 86 0
22 : 0 185 99 65 1
23 : 0 2178 32 88 0
24 : 0 3118 21 66 0
25 : 0 2332 36 75 0
26 : 69 313 21 93 0
27 : 0 1699 44 81 0
28 : 0 551 48 87 0
29 : 92 73 4 10 0
30 : 0 728 53 76 0
31 : 69 586 17 83 0
32 : 0 3414 37 24 1
33 : 0 2632 33 78 0
34 : 0 804 49 82 0
35 : 0 370 52 88 0
36 : 0 3343 38 28 1
37 : 0 2868 25 91 0
38 : 40 975 5 89 0
39 : 0 1358 50 75 0
40 : 65 185 1 96 0
41 : 69 155 27 78 0
42 : 40 1520 82 6 1
43 : 96 73 8 1 1
44 : 69 233 25 80 0
45 : 0 1907 42 73 0
46 : 17 3184 4 92 0
47 : 0 2078 29 100 0
48 : 58 529 10 72 0
49 : 0 3265 78 15 1
50 : 0 886 45 89 0
51 : 0 1780 60 58 1
52 : 92 0 8 73 0
53 : 40 1433 6 87 0
54 : 0 458 48 93 0
55 : 29 2710 4 87 0
56 : 0 3184 17 81 0
57 : 53 370 5 71 0
58 : 69 1002 13 71 0
59 : 58 454 10 75 0
60 : 0 1433 38 98 0
61 : 0 87 66 98 0
62 : 0 1531 40 92 0
63 : 58 370 84 10 1
64 : 69 498 20 88 0
65 : 0 1173 39 100 0
66 : 0 3451 28 30 0
67 : 40 1152 5 77 0
68 : 69 834 14 86 0
69 : 46 1840 24 12 1
70 : 0 3381 28 33 0
71 : 0 638 46 90 0
72 : 69 406 20 92 0
73 : 0 284 69 86 0
74 : 0 975 40 98 0
75 : 0 1623 48 76 0
76 : 0 2407 37 72 0
77 : 0 3481 28 22 0
78 : 69 920 13 82 0
79 : 69 1073 11 70 0
