100 3633
0 : 0 0 1 74 1
1 : 74 0 24 88 0
2 : 0 1 16 77 0
3 : 16 1 98 7 1
4 : 23 1 9 81 0
5 : 32 1 22 71 0
6 : 23 82 29 88 0
7 : 16 170 100 39 1
8 : 16 270 85 45 1
9 : 16 355 31 98 0
10 : 61 1 68 11 1
11 : 0 78 16 88 0
12 : 61 69 9 86 0
13 : 16 453 67 46 1
14 : 16 520 41 66 0
15 : 0 586 92 87 1
16 : 98 0 1 83 0
17 : 0 678 35 70 1
18 : 0 713 39 67 1
19 : 0 752 31 68 0
20 : 87 88 5 88 0
21 : 31 752 30 86 0
22 : 0 838 99 65 1
23 : 0 937 32 88 0
24 : 32 937 21 66 0
25 : 0 1025 36 75 0
26 : 0 1100 21 93 0
27 : 0 1193 44 81 0
28 : 0 1274 48 87 0
29 : 92 88 4 10 0
30 : 0 1361 53 76 0
31 : 70 678 17 83 0
32 : 0 1437 37 24 0
33 : 0 1461 33 78 0
34 : 0 1539 49 82 0
35 : 0 1621 52 88 0
36 : 0 1709 38 28 0
37 : 0 1737 25 91 0
38 : 87 176 5 89 0
39 : 0 1828 50 75 0
40 : 99 0 1 96 0
41 : 0 1903 27 78 0
42 : 70 761 82 6 1
43 : 98 83 8 1 1
44 : 0 1981 25 80 0
45 : 0 2061 42 73 0
46 : 92 98 4 92 0
47 : 0 2134 29 100 0
48 : 76 761 10 72 0
49 : 0 2234 78 15 1
50 : 0 2312 45 89 0
51 : 0 2401 60 58 1
52 : 76 833 8 73 0
53 : 70 843 6 87 0
54 : 0 2461 48 93 0
55 : 92 190 4 87 0
56 : 0 2554 17 81 0
57 : 87 265 5 71 0
58 : 17 2554 13 71 0
59 : 48 2461 10 75 0
60 : 0 2635 38 98 0
61 : 0 2733 66 98 0
62 : 0 2831 40 92 0
63 : 40 2831 84 10 1
64 : 0 2923 20 88 0
65 : 20 2923 39 100 0
66 : 20 3023 28 30 1
67 : 87 336 5 77 0
68 : 0 3011 14 86 0
69 : 20 3051 24 12 0
70 : 20 3063 28 33 0
71 : 0 3097 46 90 0
72 : 0 3187 20 92 0
73 : 0 3279 69 86 0
74 : 0 3365 40 98 0
75 : 0 3463 48 76 0
76 : 0 3539 37 72 0
77 : 0 3611 28 22 0
78 : 48 3365 13 82 0
79 : 48 3447 11 70 0
