123 386
0 : 67 221 54 15 1
1 : 37 341 39 15 0
2 : 65 275 51 17 0
3 : 0 65 90 21 0
4 : 0 117 84 25 0
5 : 46 324 43 17 0
6 : 0 48 97 17 0
7 : 50 292 49 15 0
8 : 0 292 45 17 0
9 : 0 0 120 27 0
10 : 72 157 64 17 1
11 : 0 182 67 25 0
12 : 91 356 25 15 0
13 : 0 239 65 15 0
14 : 0 371 23 15 0
15 : 104 202 59 17 1
16 : 0 275 50 17 0
17 : 0 356 33 15 0
18 : 0 254 56 21 0
19 : 0 142 92 15 0
20 : 0 207 67 15 0
21 : 99 292 46 15 1
22 : 0 222 63 17 0
23 : 0 157 72 25 0
24 : 0 86 80 31 0
25 : 76 341 38 15 0
26 : 33 356 32 15 0
27 : 89 202 64 15 1
28 : 0 339 37 17 0
29 : 92 137 65 31 1
30 : 65 356 26 15 0
31 : 97 48 89 21 1
32 : 45 307 45 17 0
33 : 0 27 123 21 0
34 : 0 324 46 15 0
