247 676
0 : 210 518 39 27 1
1 : 82 491 41 33 0
2 : 135 591 46 17 0
3 : 193 635 33 17 0
4 : 193 652 27 17 0
5 : 57 474 88 17 0
6 : 133 642 31 17 0
7 : 94 608 43 17 0
8 : 0 274 213 40 0
9 : 36 637 33 17 0
10 : 164 642 29 17 0
11 : 199 491 45 27 0
12 : 0 450 57 27 0
13 : 0 627 36 17 0
14 : 71 430 102 17 0
15 : 40 620 39 17 0
16 : 0 190 240 40 0
17 : 222 608 25 27 0
18 : 0 491 82 17 0
19 : 0 559 54 17 0
20 : 31 654 24 17 0
21 : 69 642 33 17 0
22 : 0 363 117 33 0
23 : 76 535 67 17 0
24 : 0 396 99 27 0
25 : 0 610 40 17 0
26 : 0 0 244 42 0
27 : 118 625 38 17 0
28 : 213 230 146 33 1
29 : 145 474 82 17 0
30 : 193 574 50 17 0
31 : 102 642 31 17 0
32 : 0 107 224 44 0
33 : 156 625 37 17 0
34 : 117 314 88 38 0
35 : 0 230 207 44 0
36 : 0 42 152 65 0
37 : 117 376 103 27 0
38 : 71 447 58 27 0
39 : 173 447 61 27 0
40 : 0 423 71 27 0
41 : 88 586 47 17 0
42 : 99 403 98 27 0
43 : 0 508 76 17 0
44 : 123 491 50 27 0
45 : 143 535 67 17 0
46 : 0 151 247 39 0
47 : 75 659 17 17 0
48 : 79 625 39 17 0
49 : 0 644 31 17 0
50 : 92 659 15 17 1
51 : 88 569 53 17 0
52 : 0 314 112 49 0
53 : 123 518 76 17 0
54 : 181 591 46 17 0
55 : 137 608 43 17 0
56 : 0 525 69 17 0
57 : 0 593 45 17 0
58 : 226 635 29 17 1
59 : 220 376 71 27 1
60 : 50 603 44 17 0
61 : 63 552 60 17 0
62 : 183 557 56 17 0
63 : 55 659 20 17 0
64 : 0 576 50 17 0
65 : 123 552 60 17 0
66 : 0 542 63 17 0
67 : 180 608 42 17 0
68 : 54 569 34 27 0
69 : 141 574 52 17 0
