35 760
0 : 0 702 12 10 0
1 : 32 7 2 31 0
2 : 0 682 10 13 1
3 : 0 200 16 16 0
4 : 0 216 16 16 0
5 : 0 232 16 16 0
6 : 0 248 16 16 0
7 : 30 39 2 15 0
8 : 16 184 8 7 1
9 : 0 646 13 13 0
10 : 0 280 16 16 0
11 : 16 192 8 7 1
12 : 0 312 16 16 0
13 : 16 168 16 7 1
14 : 0 328 16 16 0
15 : 0 562 16 15 0
16 : 0 607 15 15 0
17 : 0 84 24 21 0
18 : 34 7 1 26 0
19 : 0 360 16 16 0
20 : 0 635 11 14 1
21 : 0 105 24 21 0
22 : 0 577 16 15 0
23 : 0 408 16 16 0
24 : 0 424 16 16 0
25 : 16 207 7 7 0
26 : 0 440 16 16 0
27 : 0 622 13 14 1
28 : 0 472 16 15 0
29 : 24 61 2 7 0
30 : 0 744 8 10 1
31 : 0 671 13 11 0
32 : 0 487 16 15 0
33 : 0 659 13 12 0
34 : 0 456 16 16 0
35 : 0 392 16 16 0
36 : 34 33 1 1 0
37 : 32 38 2 16 0
38 : 0 712 12 10 0
39 : 0 752 8 10 1
40 : 0 692 12 10 0
41 : 0 39 24 24 0
42 : 0 502 16 15 0
43 : 0 517 16 15 0
44 : 0 7 32 32 0
45 : 16 200 7 7 0
46 : 24 39 3 22 0
47 : 0 376 16 16 0
48 : 0 344 16 16 0
49 : 0 0 35 7 0
50 : 0 296 16 16 0
51 : 27 39 3 19 0
52 : 27 58 3 15 0
53 : 0 63 24 21 0
54 : 0 184 16 16 0
55 : 0 532 16 15 0
56 : 0 264 16 16 0
57 : 0 168 16 16 0
58 : 0 722 11 11 0
59 : 0 547 16 15 0
60 : 0 733 11 11 0
61 : 0 126 24 21 0
62 : 0 147 24 21 0
63 : 0 592 16 15 0
64 : 30 54 3 11 0
