200 218
0 : 0 0 110 32 0
1 : 140 72 12 33 0
2 : 43 128 78 15 0
3 : 121 136 62 18 0
4 : 0 187 16 53 1
5 : 115 0 37 76 1
6 : 0 107 14 97 1
7 : 0 121 28 43 1
8 : 91 194 16 9 1
9 : 165 201 15 22 1
10 : 180 72 64 19 1
11 : 108 143 10 13 1
12 : 152 72 4 27 0
13 : 187 199 12 13 1
14 : 177 130 3 6 0
15 : 121 128 7 22 1
16 : 84 154 67 16 0
17 : 138 201 27 14 0
18 : 138 188 13 41 1
19 : 115 37 78 35 0
20 : 0 32 30 115 1
21 : 48 62 8 54 1
22 : 48 72 20 91 1
23 : 102 62 6 6 0
24 : 101 176 72 12 0
25 : 48 92 15 92 1
26 : 158 72 22 58 0
27 : 158 130 19 6 0
28 : 0 62 38 48 1
29 : 97 107 21 61 1
30 : 53 194 10 38 1
31 : 151 154 22 47 1
32 : 101 188 22 37 1
33 : 110 0 5 30 0
34 : 53 187 5 9 1
35 : 143 128 3 15 1
36 : 84 143 24 10 0
37 : 0 149 20 37 1
38 : 183 136 18 13 1
39 : 179 176 23 19 1
40 : 43 143 41 27 0
41 : 101 170 18 5 0
42 : 173 176 6 11 0
43 : 62 170 39 24 0
44 : 37 149 21 6 1
45 : 0 170 62 17 0
46 : 0 203 20 15 0
47 : 152 99 3 8 0
48 : 0 100 44 7 0
