1000 47780
0 : 0 0 602 738 1
1 : 0 602 897 620 1
2 : 0 1499 743 708 1
3 : 0 2242 308 409 1
4 : 0 2550 447 477 0
5 : 620 602 421 71 1
6 : 738 0 167 331 0
7 : 738 331 667 149 1
8 : 0 3027 792 493 1
9 : 493 2242 190 567 0
10 : 0 3819 320 711 0
11 : 0 4530 891 518 1
12 : 0 5421 750 559 1
13 : 0 6171 220 428 1
14 : 691 602 10 55 0
15 : 0 6391 990 287 1
16 : 0 7381 986 840 1
17 : 0 8367 482 431 0
18 : 0 8798 393 471 1
19 : 320 3819 524 139 1
20 : 287 6391 963 110 1
21 : 0 9191 554 971 0
22 : 554 8367 143 657 0
23 : 0 10162 621 642 0
24 : 0 10804 628 649 0
25 : 0 11453 633 770 0
26 : 0 12223 473 184 0
27 : 428 6171 729 109 1
28 : 0 12407 601 395 1
29 : 473 12223 151 693 0
30 : 0 13008 342 281 0
31 : 620 1023 82 351 0
32 : 0 13289 531 361 1
33 : 559 2809 82 636 0
34 : 0 13820 926 836 1
35 : 0 14746 844 735 1
36 : 0 15590 246 940 0
37 : 246 15590 867 175 1
38 : 0 16530 560 664 0
39 : 0 17194 896 438 1
40 : 0 18090 711 613 1
41 : 0 18801 860 446 1
42 : 0 19661 182 927 0
43 : 182 19661 579 258 1
44 : 0 20588 753 372 1
45 : 446 18801 153 759 0
46 : 0 21341 361 371 1
47 : 628 9024 519 5 1
48 : 421 15590 866 129 1
49 : 0 21702 826 260 1
50 : 0 22528 361 202 1
51 : 0 22889 475 664 0
52 : 473 12916 125 483 0
53 : 0 23553 541 953 0
54 : 0 24506 573 141 1
55 : 141 24506 294 360 1
56 : 438 17194 95 681 0
57 : 141 24800 733 204 1
58 : 0 25533 907 307 1
59 : 0 26440 677 787 0
60 : 0 27227 345 708 0
61 : 0 27935 398 612 0
62 : 0 28547 572 490 1
63 : 0 29119 587 412 1
64 : 0 29706 275 786 0
65 : 0 30492 861 214 1
66 : 0 31353 997 576 1
67 : 0 32350 300 211 0
68 : 300 32350 790 189 1
69 : 182 20240 274 183 1
70 : 0 33140 893 692 1
71 : 0 34033 470 908 0
72 : 0 34941 456 667 0
73 : 0 35608 578 743 0
74 : 0 32561 196 327 0
75 : 482 8367 68 404 0
76 : 0 36351 162 380 1
77 : 214 30492 563 59 1
78 : 0 36513 881 573 1
79 : 0 37394 910 310 1
80 : 0 38304 367 451 0
81 : 0 38755 898 640 1
82 : 345 27227 697 52 1
83 : 0 39653 588 646 0
84 : 0 40299 604 688 0
85 : 397 27227 469 1 1
86 : 0 40987 673 461 1
87 : 428 6900 105 307 0
88 : 0 41660 842 370 1
89 : 0 42502 405 788 0
90 : 0 43290 450 912 0
91 : 0 44202 816 750 1
92 : 367 37394 881 179 1
93 : 588 39653 16 427 0
94 : 0 45018 547 413 0
95 : 0 45431 689 837 0
96 : 0 46268 380 786 0
97 : 456 34941 13 616 0
98 : 345 24800 783 143 1
99 : 0 47054 373 726 0
