123 471
0 : 97 179 54 15 1
1 : 97 374 39 15 1
2 : 65 274 51 17 1
3 : 0 80 90 21 0
4 : 0 122 84 25 0
5 : 65 375 43 17 1
6 : 0 48 97 17 0
7 : 97 233 49 15 1
8 : 31 357 45 17 1
9 : 0 21 120 27 0
10 : 65 147 64 17 1
11 : 31 234 67 25 1
12 : 97 446 25 15 1
13 : 0 147 65 15 0
14 : 0 448 23 15 1
15 : 0 242 59 17 1
16 : 65 325 50 17 1
17 : 97 413 33 15 1
18 : 31 301 56 21 1
19 : 0 65 92 15 0
20 : 97 48 67 15 1
21 : 97 282 46 15 1
22 : 65 211 63 17 1
23 : 31 162 72 25 1
24 : 0 162 80 31 1
25 : 31 402 38 15 1
26 : 65 418 32 15 1
27 : 97 115 64 15 1
28 : 0 411 37 17 1
29 : 0 301 65 31 1
30 : 31 440 26 15 1
31 : 0 101 89 21 0
32 : 0 366 45 17 1
33 : 0 0 123 21 0
34 : 97 328 46 15 1
