100 25
0 : 74 15 5 4 0
1 : 49 16 3 13 1
2 : 0 17 49 3 0
3 : 83 5 3 5 1
4 : 5 12 5 5 0
5 : 56 19 3 5 1
6 : 10 12 5 5 0
7 : 86 22 3 3 0
8 : 36 12 4 10 1
9 : 49 22 3 4 1
10 : 25 12 4 11 1
11 : 93 5 3 7 1
12 : 67 0 9 8 0
13 : 67 8 7 33 1
14 : 93 0 5 5 0
15 : 74 19 5 3 0
16 : 59 12 4 5 1
17 : 64 15 5 4 0
18 : 79 19 5 3 0
19 : 84 19 3 5 1
20 : 76 0 12 5 0
21 : 83 22 3 3 0
22 : 57 22 3 4 1
23 : 80 22 3 3 0
24 : 30 20 3 5 1
25 : 94 19 5 3 1
26 : 40 20 3 5 1
27 : 76 5 3 7 1
28 : 0 12 5 5 0
29 : 0 20 5 3 0
30 : 69 19 5 3 0
31 : 62 19 3 7 1
32 : 20 20 5 3 0
33 : 89 22 3 3 0
34 : 61 22 3 4 1
35 : 79 15 5 4 0
36 : 93 15 4 4 0
37 : 65 22 3 4 1
38 : 64 12 3 3 0
39 : 46 12 4 8 1
40 : 84 15 5 4 0
41 : 5 20 5 3 0
42 : 69 22 4 3 0
43 : 34 0 12 33 1
44 : 10 20 3 5 1
45 : 77 22 3 3 0
46 : 89 15 4 4 0
47 : 89 19 3 5 1
48 : 20 12 5 5 0
49 : 54 12 5 4 0
50 : 97 15 7 3 1
51 : 15 20 5 3 0
52 : 69 15 5 4 0
53 : 25 20 5 3 0
54 : 45 20 3 4 1
55 : 73 22 3 4 1
56 : 35 20 3 5 1
57 : 97 22 3 3 0
58 : 53 22 3 4 1
59 : 49 19 7 3 0
60 : 88 0 5 8 0
61 : 0 0 34 12 0
62 : 15 12 5 5 0
