247 782
0 : 0 558 39 27 1
1 : 0 517 41 33 1
2 : 89 633 46 17 1
3 : 196 718 33 17 1
4 : 89 752 27 17 1
5 : 67 432 88 17 1
6 : 124 734 31 17 1
7 : 124 654 43 17 1
8 : 84 107 213 40 1
9 : 89 719 33 17 1
10 : 0 747 29 17 1
11 : 40 489 45 27 1
12 : 40 432 57 27 1
13 : 152 699 36 17 1
14 : 196 406 102 17 1
15 : 196 679 39 17 1
16 : 0 107 240 40 1
17 : 0 720 25 27 0
18 : 17 435 82 17 1
19 : 89 579 54 17 1
20 : 67 757 24 17 1
21 : 67 724 33 17 1
22 : 196 289 117 33 1
23 : 89 512 67 17 1
24 : 124 210 99 27 1
25 : 89 679 40 17 1
26 : 0 0 244 42 0
27 : 40 693 38 17 1
28 : 152 266 146 33 1
29 : 0 435 82 17 1
30 : 124 604 50 17 1
31 : 40 731 31 17 1
32 : 152 42 224 44 1
33 : 124 697 37 17 1
34 : 0 347 88 38 1
35 : 40 107 207 44 1
36 : 0 42 152 65 0
37 : 124 107 103 27 1
38 : 152 412 58 27 1
39 : 124 407 61 27 1
40 : 89 391 71 27 1
41 : 0 631 47 17 1
42 : 124 309 98 27 1
43 : 124 468 76 17 1
44 : 89 462 50 27 1
45 : 67 520 67 17 1
46 : 196 42 247 39 1
47 : 124 765 17 17 0
48 : 67 685 39 17 1
49 : 152 735 31 17 1
50 : 213 406 15 17 0
51 : 67 587 53 17 1
52 : 40 320 112 49 1
53 : 152 470 76 17 1
54 : 196 633 46 17 1
55 : 152 656 43 17 1
56 : 196 508 69 17 1
57 : 67 640 45 17 1
58 : 196 751 29 17 1
59 : 89 320 71 27 1
60 : 40 649 44 17 1
61 : 124 544 60 17 1
62 : 196 577 56 17 1
63 : 40 762 20 17 1
64 : 152 606 50 17 1
65 : 152 546 60 17 1
66 : 40 534 63 17 1
67 : 0 678 42 17 1
68 : 0 597 34 27 1
69 : 40 597 52 17 1
