247 1328
0 : 0 0 39 27 0
1 : 39 0 41 33 0
2 : 80 0 46 17 0
3 : 126 0 33 17 0
4 : 159 0 27 17 0
5 : 80 17 88 17 0
6 : 186 0 31 17 0
7 : 168 17 43 17 0
8 : 39 33 213 40 1
9 : 217 0 33 17 1
10 : 0 27 29 17 0
11 : 80 34 45 27 0
12 : 125 34 57 27 0
13 : 217 33 36 17 1
14 : 80 61 102 17 0
15 : 182 34 39 17 1
16 : 80 78 240 40 1
17 : 0 44 25 27 1
18 : 0 69 82 17 1
19 : 120 78 54 17 0
20 : 217 69 24 17 1
21 : 182 73 33 17 1
22 : 120 95 117 33 1
23 : 217 93 67 17 1
24 : 120 212 99 27 1
25 : 153 95 40 17 1
26 : 80 318 244 42 1
27 : 182 106 38 17 1
28 : 39 246 146 33 1
29 : 153 135 82 17 1
30 : 182 144 50 17 1
31 : 0 151 31 17 1
32 : 80 562 224 44 1
33 : 217 160 37 17 1
34 : 80 786 88 38 1
35 : 80 874 207 44 1
36 : 147 217 152 65 1
37 : 147 369 103 27 1
38 : 174 369 58 27 1
39 : 39 392 61 27 1
40 : 174 427 71 27 1
41 : 0 182 47 17 1
42 : 39 453 98 27 1
43 : 217 197 76 17 1
44 : 147 472 50 27 1
45 : 0 229 67 17 1
46 : 80 1081 247 39 1
47 : 182 194 17 17 0
48 : 217 273 39 17 1
49 : 0 296 31 17 1
50 : 124 311 15 17 1
51 : 217 312 53 17 1
52 : 147 522 112 49 1
53 : 124 326 76 17 1
54 : 0 327 46 17 1
55 : 217 365 43 17 1
56 : 0 373 69 17 1
57 : 124 402 45 17 1
58 : 217 408 29 17 1
59 : 39 551 71 27 1
60 : 217 437 44 17 1
61 : 0 442 60 17 1
62 : 124 447 56 17 1
63 : 174 498 20 17 0
64 : 217 481 50 17 1
65 : 0 502 60 17 1
66 : 124 503 63 17 1
67 : 217 531 42 17 1
68 : 39 622 34 27 1
69 : 0 562 52 17 1
