40400 51674
0 : 21435 31550 4629 1596 1
1 : 14258 15677 2919 783 1
2 : 21435 17701 8067 1832 1
3 : 10729 29501 7180 2974 1
4 : 10729 43458 1685 1708 1
5 : 14258 18596 2029 601 1
6 : 0 0 15046 7040 0
7 : 0 36475 6726 7039 1
8 : 25790 15046 7958 5170 1
9 : 25790 45494 3621 4223 1
10 : 31012 24156 4358 6846 0
11 : 24302 16159 6272 1268 1
12 : 37390 18702 6171 1473 1
13 : 35641 25437 3448 1249 1
14 : 15046 17701 6389 10170 0
15 : 15046 35920 7910 5092 1
16 : 31012 12850 4629 11306 0
17 : 20138 35920 1279 1621 0
18 : 10729 15677 3529 6846 0
19 : 31012 44277 3770 3117 1
20 : 0 48497 3924 3177 0
21 : 39532 10744 2672 556 1
22 : 25790 0 15046 5222 1
23 : 7910 42059 2050 2287 0
24 : 25790 23004 7958 5152 1
25 : 35641 28885 1063 2033 0
26 : 21435 25768 1823 5782 0
27 : 15046 43830 4047 5429 0
28 : 35641 12850 6416 1491 1
29 : 37390 28920 859 2104 0
30 : 31012 0 6378 12850 0
31 : 37390 0 10744 2912 1
32 : 7910 28912 4629 2353 1
33 : 23267 17701 2919 838 1
34 : 25790 30962 8067 5014 1
35 : 10729 36681 3139 2974 1
36 : 21435 36179 1685 1469 1
37 : 23267 20620 2029 824 1
38 : 0 7040 15046 5406 0
39 : 31012 31002 6726 3329 1
40 : 15046 9743 7958 9256 1
41 : 24302 22431 1080 4223 0
42 : 7910 22066 2407 6846 0
43 : 0 43201 6272 5296 0
44 : 35641 19266 6171 1375 1
45 : 21435 37864 1253 1249 0
46 : 0 15677 6389 10729 1
47 : 0 22066 7910 7563 0
48 : 25790 39029 4629 6465 0
49 : 39532 13416 503 1621 0
50 : 0 29629 7629 6846 0
51 : 31012 37728 6549 3117 1
52 : 10729 22523 6978 3177 1
53 : 24302 26654 2672 869 1
54 : 0 12446 15046 3231 0
55 : 7910 33541 4676 2287 1
56 : 37390 10744 7958 2142 1
57 : 10729 39820 3638 2033 1
58 : 20138 37541 1823 1064 1
59 : 37390 24873 4047 1135 1
60 : 24302 9743 6416 1357 1
61 : 7910 38217 3842 2104 1
62 : 15046 27871 6378 8049 0
63 : 15046 0 10744 9743 0
