123 368
0 : 0 242 54 15 0
1 : 45 323 39 15 0
2 : 105 204 51 17 1
3 : 0 80 90 21 0
4 : 97 48 84 25 1
5 : 96 291 43 17 1
6 : 0 48 97 17 0
7 : 0 257 49 15 0
8 : 50 306 45 17 0
9 : 0 21 120 27 0
10 : 0 183 64 17 0
11 : 0 217 67 25 0
12 : 97 351 25 15 0
13 : 0 137 65 15 0
14 : 32 353 23 15 0
15 : 67 186 59 17 1
16 : 0 291 50 17 0
17 : 38 338 33 15 0
18 : 84 204 56 21 1
19 : 0 65 92 15 0
20 : 0 122 67 15 0
21 : 0 272 46 15 0
22 : 0 200 63 17 0
23 : 95 132 72 25 1
24 : 0 152 80 31 0
25 : 0 325 38 15 0
26 : 0 340 32 15 0
27 : 80 122 64 15 1
28 : 84 334 37 17 0
29 : 49 260 65 31 0
30 : 71 351 26 15 0
31 : 0 101 89 21 0
32 : 0 308 45 17 0
33 : 0 0 123 21 0
34 : 50 291 46 15 0
