100 26
0 : 88 16 5 4 0
1 : 0 15 3 13 1
2 : 0 12 49 3 0
3 : 76 21 3 5 1
4 : 81 12 5 5 0
5 : 41 18 3 5 1
6 : 13 15 5 5 0
7 : 18 23 3 3 0
8 : 49 12 4 10 1
9 : 0 22 3 4 1
10 : 88 7 4 11 1
11 : 67 15 3 7 1
12 : 67 7 9 8 0
13 : 67 0 7 33 1
14 : 76 12 5 5 0
15 : 49 19 5 3 0
16 : 0 18 4 5 1
17 : 5 18 5 4 0
18 : 10 18 5 3 1
19 : 13 20 3 5 1
20 : 76 7 12 5 0
21 : 59 23 3 3 0
22 : 10 23 3 4 1
23 : 56 23 3 3 0
24 : 88 20 3 5 1
25 : 93 16 5 3 1
26 : 67 18 3 5 1
27 : 49 16 3 7 1
28 : 28 15 5 5 0
29 : 96 18 5 3 1
30 : 28 20 5 3 0
31 : 40 15 3 7 1
32 : 23 20 5 3 0
33 : 24 23 3 3 0
34 : 37 22 3 4 1
35 : 76 17 5 4 0
36 : 37 18 4 4 0
37 : 4 22 3 4 1
38 : 21 23 3 3 0
39 : 59 12 4 8 1
40 : 81 17 5 4 0
41 : 61 20 5 3 0
42 : 33 22 4 3 0
43 : 34 0 12 33 1
44 : 41 21 3 5 1
45 : 27 23 3 3 0
46 : 33 18 4 4 0
47 : 81 21 3 5 1
48 : 23 15 5 5 0
49 : 56 16 5 4 0
50 : 96 11 7 3 1
51 : 18 20 5 3 0
52 : 61 16 5 4 0
53 : 56 20 5 3 0
54 : 49 22 3 4 1
55 : 14 23 3 4 1
56 : 67 21 3 5 1
57 : 30 23 3 3 0
58 : 93 21 3 4 0
59 : 33 15 7 3 0
60 : 88 11 5 8 1
61 : 0 0 34 12 0
62 : 18 15 5 5 0
