135 453
0 : 94 387 29 18 0
1 : 52 329 49 16 0
2 : 116 405 29 16 1
3 : 0 62 75 21 0
4 : 80 421 23 16 0
5 : 0 103 88 16 0
6 : 54 248 57 18 0
7 : 50 292 42 21 0
8 : 40 361 45 16 0
9 : 62 209 61 18 0
10 : 30 377 29 20 0
11 : 0 36 67 26 0
12 : 0 329 52 16 0
13 : 0 16 93 20 0
14 : 21 431 22 16 0
15 : 43 437 19 16 0
16 : 85 351 36 20 0
17 : 114 274 55 16 1
18 : 0 0 135 16 0
19 : 0 282 50 18 0
20 : 0 402 31 16 0
21 : 50 313 53 16 0
22 : 58 419 22 18 0
23 : 0 207 62 18 0
24 : 0 153 58 21 0
25 : 0 191 71 16 0
26 : 40 345 45 16 0
27 : 0 137 85 16 0
28 : 85 371 39 16 0
29 : 0 345 40 18 0
30 : 0 418 20 21 1
31 : 0 266 63 16 0
32 : 63 274 51 18 0
33 : 71 191 63 18 0
34 : 58 403 29 16 0
35 : 0 83 73 20 0
36 : 103 434 19 16 0
37 : 87 405 29 16 0
38 : 111 227 47 20 1
39 : 0 384 29 18 0
40 : 54 227 50 21 0
41 : 101 329 34 22 0
42 : 0 225 54 20 0
43 : 106 69 62 20 1
44 : 0 363 30 21 0
45 : 31 397 27 18 0
46 : 81 437 16 16 0
47 : 62 437 19 16 0
48 : 31 415 27 16 0
49 : 58 153 66 18 0
50 : 93 16 53 34 1
51 : 0 119 76 18 0
52 : 88 69 71 18 1
53 : 58 171 58 20 0
54 : 59 387 35 16 0
