1000 1085
0 : 0 0 66 61 0
1 : 66 0 62 48 0
2 : 128 0 62 46 0
3 : 190 0 61 43 0
4 : 473 0 39 62 1
5 : 720 0 38 61 1
6 : 118 174 30 71 1
7 : 829 0 56 37 0
8 : 535 0 52 39 0
9 : 757 38 36 55 1
10 : 663 319 74 27 0
11 : 251 0 42 47 1
12 : 577 108 61 32 0
13 : 638 108 58 32 0
14 : 473 39 51 36 0
15 : 298 0 46 40 0
16 : 663 599 79 23 0
17 : 781 0 48 38 0
18 : 110 594 79 23 0
19 : 742 173 30 60 1
20 : 435 697 22 81 1
21 : 524 39 36 49 1
22 : 64 442 25 71 1
23 : 847 516 73 24 0
24 : 375 141 57 31 0
25 : 379 442 72 25 0
26 : 418 40 50 35 0
27 : 312 141 56 31 0
28 : 544 75 33 54 1
29 : 587 0 39 46 1
30 : 816 262 28 63 1
31 : 504 599 77 23 0
32 : 388 0 43 40 0
33 : 621 39 36 48 1
34 : 256 141 56 31 0
35 : 812 74 51 34 0
36 : 284 109 54 32 0
37 : 344 0 44 40 0
38 : 885 0 37 47 1
39 : 0 61 51 34 0
40 : 573 39 48 36 0
41 : 598 75 53 33 0
42 : 633 0 39 45 1
43 : 757 74 34 50 1
44 : 516 697 22 78 1
45 : 651 75 51 33 0
46 : 709 233 29 58 1
47 : 189 612 73 23 0
48 : 581 605 23 73 1
49 : 932 0 37 45 1
50 : 352 601 73 23 0
51 : 431 0 42 40 0
52 : 339 388 26 64 1
53 : 468 141 31 54 1
54 : 742 612 23 72 1
55 : 699 748 79 21 0
56 : 251 42 35 47 1
57 : 348 76 33 50 1
58 : 678 0 39 42 1
59 : 298 76 33 50 1
60 : 941 172 54 30 0
61 : 874 319 60 27 0
62 : 863 74 47 34 0
63 : 594 697 22 73 1
64 : 235 77 49 33 0
65 : 829 37 37 43 1
66 : 678 181 30 52 1
67 : 881 612 67 23 0
68 : 128 46 35 45 1
69 : 135 442 62 25 0
70 : 251 516 24 64 1
71 : 190 43 35 45 1
72 : 298 40 36 43 1
73 : 212 380 26 59 1
74 : 669 39 43 36 0
75 : 814 612 67 23 0
76 : 910 74 34 45 1
77 : 62 517 64 24 0
78 : 696 109 32 48 1
79 : 67 177 30 51 1
80 : 454 109 32 48 1
81 : 748 452 25 61 1
82 : 545 321 55 27 0
83 : 89 263 54 28 0
84 : 173 78 33 46 1
85 : 809 141 31 48 1
86 : 109 81 45 33 0
87 : 360 233 51 29 0
88 : 66 48 43 35 0
89 : 369 805 74 20 0
90 : 479 233 50 29 0
91 : 872 37 40 37 0
92 : 531 442 25 59 1
93 : 857 141 31 47 1
94 : 189 173 30 48 0
95 : 904 141 46 31 0
96 : 912 37 37 39 1
97 : 951 37 37 39 1
98 : 309 693 63 22 0
99 : 955 74 34 42 1
100 : 934 388 26 55 1
101 : 950 141 31 45 1
102 : 778 748 67 21 0
103 : 425 613 23 61 1
104 : 0 613 23 59 1
105 : 436 173 46 30 1
106 : 667 704 62 22 0
107 : 403 390 26 54 1
108 : 341 40 36 39 1
109 : 262 613 59 23 0
110 : 443 805 69 20 0
111 : 225 326 51 27 0
112 : 191 142 31 44 1
113 : 281 270 28 49 1
114 : 720 38 37 37 0
115 : 468 75 34 41 1
116 : 128 143 31 44 1
117 : 601 265 49 28 0
118 : 133 749 65 21 0
119 : 512 805 20 68 1
120 : 380 40 36 38 1
121 : 590 452 55 25 0
122 : 491 517 24 55 1
123 : 51 83 33 40 1
124 : 362 865 70 19 0
125 : 570 233 29 45 1
126 : 75 146 31 43 1
127 : 59 617 57 23 0
128 : 457 390 52 26 0
129 : 767 233 45 29 0
130 : 681 811 20 66 1
131 : 116 617 23 57 1
132 : 249 233 45 29 0
133 : 809 452 51 25 0
134 : 645 452 25 52 1
135 : 580 812 20 63 1
136 : 432 865 69 19 0
137 : 812 233 44 29 0
138 : 392 278 28 46 1
139 : 486 622 23 56 1
140 : 143 263 28 45 0
141 : 82 390 26 50 1
142 : 712 75 37 34 0
143 : 747 811 65 20 0
144 : 511 276 28 46 1
145 : 254 866 65 19 0
146 : 654 622 56 23 0
147 : 472 332 46 27 0
148 : 208 263 28 45 0
149 : 737 319 47 27 0
150 : 0 95 38 33 0
151 : 447 263 45 28 1
152 : 618 871 64 19 0
153 : 315 517 24 52 1
154 : 293 922 18 68 1
155 : 36 148 40 31 1
156 : 934 326 46 27 0
157 : 90 812 20 61 1
158 : 398 109 32 38 1
159 : 126 517 52 24 0
160 : 502 109 38 32 0
161 : 418 75 34 36 1
162 : 540 173 30 41 0
163 : 342 326 44 27 0
164 : 0 160 31 39 0
165 : 29 812 20 61 1
166 : 749 108 33 36 1
167 : 132 390 26 47 1
168 : 451 454 48 25 0
169 : 91 114 32 37 1
170 : 501 872 62 19 0
171 : 711 141 31 40 0
172 : 330 263 28 44 0
173 : 234 457 48 25 0
174 : 682 871 19 63 1
175 : 570 390 47 26 0
176 : 941 202 40 30 0
177 : 0 399 46 26 0
178 : 880 108 36 33 0
179 : 31 188 40 30 1
180 : 871 814 20 59 1
181 : 509 75 34 35 1
182 : 219 110 37 32 0
183 : 650 270 28 43 0
184 : 844 108 33 36 1
185 : 617 400 26 46 1
186 : 845 751 21 58 1
187 : 856 233 29 41 1
188 : 0 518 24 49 1
189 : 807 108 33 37 1
190 : 154 111 32 37 1
191 : 38 116 37 32 0
192 : 903 751 56 21 0
193 : 361 922 65 18 0
194 : 372 624 23 51 1
195 : 542 628 23 51 1
196 : 802 203 30 39 1
197 : 920 516 50 24 0
198 : 948 612 52 23 0
199 : 338 109 37 32 0
200 : 321 624 51 23 0
201 : 158 336 27 43 1
202 : 570 203 30 39 1
203 : 595 527 48 24 0
204 : 198 752 56 21 0
205 : 282 466 25 47 1
206 : 546 527 24 49 1
207 : 573 172 38 31 0
208 : 0 872 19 61 1
209 : 916 108 33 35 1
210 : 812 814 59 20 0
211 : 697 458 25 47 1
212 : 368 172 31 37 1
213 : 115 336 27 43 1
214 : 860 466 25 45 1
215 : 587 928 18 64 1
216 : 386 334 27 43 1
217 : 276 335 27 43 1
218 : 0 128 36 32 0
219 : 730 203 30 39 1
220 : 745 874 60 19 0
221 : 706 527 24 48 1
222 : 88 319 27 43 0
223 : 61 872 61 19 0
224 : 865 882 60 19 0
225 : 133 234 29 39 1
226 : 466 203 30 39 1
227 : 754 527 24 47 1
228 : 815 400 26 44 1
229 : 771 400 26 44 1
230 : 805 874 60 19 0
231 : 593 628 50 23 0
232 : 208 822 56 20 0
233 : 429 336 43 27 0
234 : 94 234 29 39 1
235 : 151 815 57 20 0
236 : 579 964 65 17 0
237 : 254 759 21 53 1
238 : 53 686 51 22 0
239 : 174 923 18 64 1
240 : 178 522 47 24 0
241 : 104 704 51 22 0
242 : 426 929 63 18 0
243 : 609 203 30 37 1
244 : 643 533 24 46 1
245 : 509 402 26 43 1
246 : 611 172 31 36 1
247 : 710 635 48 23 0
248 : 801 527 46 24 0
249 : 122 882 19 60 1
250 : 235 172 31 36 1
251 : 504 172 31 36 1
252 : 0 271 28 40 0
253 : 413 529 46 24 0
254 : 182 882 58 19 0
255 : 663 400 26 43 1
256 : 600 321 27 42 0
257 : 489 929 18 61 1
258 : 816 290 40 28 0
259 : 219 203 30 37 1
260 : 60 274 28 40 0
261 : 367 517 46 24 0
262 : 0 753 54 21 0
263 : 706 400 26 43 1
264 : 951 108 33 34 1
265 : 577 140 35 32 0
266 : 468 172 36 31 0
267 : 905 466 25 44 1
268 : 378 203 30 37 1
269 : 28 325 27 41 0
270 : 852 635 23 47 1
271 : 381 965 64 17 0
272 : 859 400 26 43 1
273 : 644 967 17 63 1
274 : 784 326 27 41 0
275 : 949 466 44 25 0
276 : 925 882 58 19 0
277 : 544 108 33 33 0
278 : 329 466 44 25 0
279 : 779 704 49 22 0
280 : 615 236 29 38 1
281 : 729 704 50 22 0
282 : 307 759 51 21 0
283 : 341 203 30 37 1
284 : 271 172 31 36 1
285 : 256 203 30 37 1
286 : 0 929 18 61 1
287 : 847 540 24 45 1
288 : 373 467 25 43 1
289 : 627 346 40 27 0
290 : 271 389 26 42 0
291 : 930 822 20 55 1
292 : 811 346 40 27 0
293 : 293 203 30 36 1
294 : 612 140 34 32 0
295 : 653 241 29 37 1
296 : 856 290 39 28 0
297 : 173 635 48 23 0
298 : 744 141 32 33 1
299 : 518 332 40 27 1
300 : 270 540 24 45 1
301 : 892 540 24 44 1
302 : 805 635 23 47 1
303 : 529 247 29 37 1
304 : 369 825 20 53 1
305 : 890 346 27 39 1
306 : 319 884 19 56 1
307 : 225 540 45 24 0
308 : 60 237 37 29 1
309 : 651 928 18 60 1
310 : 841 203 30 36 1
311 : 294 233 37 29 1
312 : 49 541 24 44 1
313 : 851 346 27 39 1
314 : 212 406 26 41 1
315 : 423 636 23 46 1
316 : 945 635 46 23 0
317 : 828 704 48 22 0
318 : 850 971 61 17 0
319 : 707 975 61 17 0
320 : 0 636 23 45 1
321 : 338 414 26 41 1
322 : 758 635 23 47 1
323 : 367 763 50 21 0
324 : 706 346 39 27 0
325 : 417 763 50 21 0
326 : 317 826 52 20 0
327 : 526 825 52 20 0
328 : 445 965 17 63 1
329 : 0 234 37 29 1
330 : 60 975 17 60 1
331 : 768 975 17 60 1
332 : 745 346 27 39 1
333 : 914 935 18 59 1
334 : 899 635 23 46 1
335 : 646 140 32 33 1
336 : 459 541 24 44 1
337 : 266 636 23 45 1
338 : 297 407 26 41 1
339 : 877 203 30 35 1
340 : 467 763 50 21 0
341 : 307 172 34 31 0
342 : 422 825 52 20 0
343 : 172 251 36 29 0
344 : 0 451 41 25 1
345 : 667 346 27 39 1
346 : 221 636 23 45 1
347 : 85 416 26 39 1
348 : 505 203 30 35 1
349 : 0 199 35 30 1
350 : 315 541 24 43 1
351 : 678 291 37 28 0
352 : 61 939 18 58 1
353 : 942 414 26 40 1
354 : 545 348 27 38 1
355 : 358 541 24 43 1
356 : 540 141 32 33 1
357 : 936 540 24 44 1
358 : 563 872 19 55 1
359 : 171 280 37 28 0
360 : 711 931 18 59 1
361 : 264 822 53 20 0
362 : 932 291 28 37 1
363 : 236 291 28 37 1
364 : 876 704 22 47 1
365 : 929 353 27 38 1
366 : 902 414 40 26 0
367 : 430 884 19 54 1
368 : 259 976 60 17 0
369 : 457 416 26 39 1
370 : 751 291 28 36 1
371 : 499 467 42 25 0
372 : 565 763 21 48 1
373 : 557 291 28 37 1
374 : 411 249 29 36 1
375 : 503 541 43 24 0
376 : 895 291 37 28 0
377 : 375 884 55 19 0
378 : 155 705 22 46 1
379 : 475 291 28 36 1
380 : 671 890 52 19 0
381 : 46 416 26 39 1
382 : 908 172 31 33 1
383 : 379 416 26 39 1
384 : 88 291 37 28 0
385 : 634 1009 63 16 0
386 : 372 705 47 22 0
387 : 474 825 52 20 0
388 : 911 971 17 61 1
389 : 178 546 24 42 1
390 : 105 467 25 41 1
391 : 875 172 33 31 0
392 : 777 141 32 32 0
393 : 238 923 18 55 1
394 : 566 262 35 29 0
395 : 618 890 53 19 0
396 : 541 467 25 41 1
397 : 890 1005 63 16 0
398 : 679 141 32 32 0
399 : 0 975 17 60 1
400 : 319 353 37 27 0
401 : 201 353 27 37 1
402 : 61 207 30 33 1
403 : 93 541 43 24 0
404 : 118 204 34 30 0
405 : 64 467 25 41 1
406 : 643 831 52 20 0
407 : 842 172 33 31 0
408 : 415 219 33 30 0
409 : 695 831 50 20 0
410 : 187 467 25 40 1
411 : 809 172 33 31 0
412 : 55 342 38 27 1
413 : 745 831 20 50 1
414 : 923 707 45 22 0
415 : 436 141 32 32 0
416 : 552 416 26 39 1
417 : 136 541 42 24 0
418 : 827 1005 63 16 0
419 : 517 763 48 21 0
420 : 760 1009 16 61 1
421 : 124 416 38 26 0
422 : 146 467 25 41 1
423 : 28 289 28 36 0
424 : 418 416 26 39 1
425 : 240 885 19 53 1
426 : 697 1009 63 16 0
427 : 45 640 23 44 1
428 : 699 769 21 47 1
429 : 0 344 37 27 1
430 : 238 353 37 27 0
431 : 897 262 29 34 1
432 : 594 293 28 36 1
433 : 744 477 25 40 1
434 : 152 204 30 34 1
435 : 715 291 36 28 0
436 : 643 645 23 43 1
437 : 275 362 36 27 0
438 : 613 770 21 47 1
439 : 0 542 24 42 1
440 : 234 1010 16 61 1
441 : 25 468 25 39 1
442 : 295 1010 61 16 0
443 : 0 425 38 26 0
444 : 89 640 23 44 1
445 : 540 214 30 33 0
446 : 0 1009 63 16 0
447 : 558 1015 60 16 0
448 : 676 211 30 33 1
449 : 101 770 46 21 0
450 : 793 769 21 47 1
451 : 201 705 22 45 1
452 : 356 361 27 37 1
453 : 512 651 23 42 1
454 : 770 939 18 54 1
455 : 578 832 49 20 0
456 : 0 832 20 48 1
457 : 54 770 21 47 1
458 : 969 291 28 35 0
459 : 730 551 24 41 1
460 : 689 551 41 24 0
461 : 469 645 43 23 0
462 : 746 769 21 47 1
463 : 472 359 27 37 1
464 : 0 891 19 51 1
465 : 484 891 19 52 1
466 : 401 553 24 40 1
467 : 358 291 28 35 0
468 : 30 228 32 30 1
469 : 646 203 30 33 0
470 : 311 647 23 42 1
471 : 51 891 19 51 1
472 : 546 551 41 24 0
473 : 393 361 27 36 1
474 : 273 298 28 35 1
475 : 582 477 25 39 1
476 : 587 551 41 24 0
477 : 784 477 25 39 1
478 : 579 981 56 17 0
479 : 353 647 23 42 1
480 : 376 982 17 55 1
481 : 769 203 30 33 1
482 : 508 982 17 55 1
483 : 356 1016 16 59 1
484 : 686 658 23 42 1
485 : 119 939 54 18 0
486 : 162 416 26 38 1
487 : 536 891 51 19 0
488 : 969 693 44 22 1
489 : 63 1011 61 16 0
490 : 246 708 44 22 0
491 : 438 308 28 34 1
492 : 596 651 23 42 1
493 : 621 477 25 39 1
494 : 749 426 37 26 0
495 : 405 172 31 31 0
496 : 124 1011 16 60 1
497 : 810 658 23 41 1
498 : 48 832 48 20 0
499 : 787 291 28 35 0
500 : 186 221 30 32 1
501 : 771 551 40 24 0
502 : 173 941 52 18 0
503 : 120 977 57 17 0
504 : 416 479 25 39 1
505 : 554 651 23 42 1
506 : 147 770 21 45 1
507 : 872 901 49 19 0
508 : 912 232 31 30 0
509 : 0 709 22 44 1
510 : 133 640 23 41 0
511 : 227 482 38 25 0
512 : 698 483 25 38 1
513 : 319 976 57 17 0
514 : 786 426 26 36 1
515 : 159 308 28 33 1
516 : 769 658 23 41 1
517 : 723 893 50 19 0
518 : 583 363 27 35 1
519 : 967 353 27 35 0
520 : 811 564 24 39 1
521 : 511 304 28 34 1
522 : 177 977 17 57 1
523 : 190 842 20 47 1
524 : 591 416 26 36 0
525 : 265 491 37 25 0
526 : 53 708 22 44 1
527 : 728 658 41 23 0
528 : 889 564 39 24 0
529 : 635 984 17 55 1
530 : 455 479 25 38 1
531 : 773 893 50 19 0
532 : 225 941 18 51 1
533 : 690 262 29 33 1
534 : 448 233 31 30 0
535 : 931 262 29 33 1
536 : 647 172 31 31 0
537 : 102 901 50 19 0
538 : 921 901 49 19 0
539 : 723 262 32 29 0
540 : 220 564 24 39 1
541 : 290 715 22 43 1
542 : 840 772 45 21 0
543 : 125 308 34 28 0
544 : 143 835 47 20 0
545 : 589 719 22 42 1
546 : 547 719 22 42 1
547 : 660 483 25 38 1
548 : 431 982 17 55 1
549 : 936 842 20 46 1
550 : 628 557 39 24 0
551 : 505 719 22 42 1
552 : 237 842 20 46 1
553 : 345 940 52 18 0
554 : 218 233 30 31 1
555 : 429 363 34 27 0
556 : 308 307 34 28 0
557 : 823 477 37 25 0
558 : 386 306 28 34 1
559 : 389 903 48 19 0
560 : 156 658 23 41 1
561 : 249 262 29 32 1
562 : 376 492 37 25 0
563 : 889 842 47 20 0
564 : 929 772 21 44 1
565 : 462 1016 57 16 0
566 : 630 313 28 33 1
567 : 928 564 39 24 0
568 : 395 659 40 23 0
569 : 192 308 28 33 1
570 : 479 262 29 32 1
571 : 96 832 47 20 0
572 : 897 491 25 37 1
573 : 82 363 35 27 0
574 : 931 658 23 40 1
575 : 850 564 24 39 1
576 : 455 1032 15 60 1
577 : 822 426 26 36 1
578 : 687 426 26 35 1
579 : 117 363 27 34 1
580 : 496 428 26 35 1
581 : 293 940 52 18 0
582 : 395 1032 60 15 0
583 : 479 565 38 24 0
584 : 298 565 38 24 0
585 : 441 565 38 24 0
586 : 360 262 29 32 1
587 : 415 845 45 20 0
588 : 550 946 18 51 1
589 : 419 719 22 43 1
590 : 803 1037 60 15 0
591 : 152 901 49 19 0
592 : 652 946 18 50 1
593 : 329 233 31 30 0
594 : 530 492 25 37 1
595 : 336 565 38 24 0
596 : 462 719 43 22 0
597 : 891 658 40 23 0
598 : 842 834 20 47 1
599 : 601 946 51 18 0
600 : 302 491 37 25 0
601 : 259 564 39 24 0
602 : 858 426 26 36 1
603 : 339 492 25 37 1
604 : 42 565 24 38 1
605 : 27 366 33 27 1
606 : 964 262 29 32 1
607 : 795 834 20 47 1
608 : 493 492 25 37 1
609 : 97 726 22 41 1
610 : 943 232 31 30 0
611 : 253 431 35 26 0
612 : 237 659 23 39 1
613 : 293 903 19 48 1
614 : 885 772 21 44 1
615 : 823 901 49 19 0
616 : 851 658 23 40 1
617 : 863 1037 15 59 1
618 : 151 363 27 34 1
619 : 197 659 23 40 1
620 : 617 426 26 35 1
621 : 0 774 21 43 1
622 : 341 903 19 48 1
623 : 29 260 31 29 0
624 : 755 262 31 29 0
625 : 652 426 26 35 1
626 : 192 773 43 21 0
627 : 824 939 52 18 0
628 : 934 491 25 37 1
629 : 80 565 37 24 0
630 : 631 726 41 22 0
631 : 0 311 33 28 1
632 : 56 314 28 32 1
633 : 369 845 20 46 1
634 : 672 726 41 22 0
635 : 460 845 44 20 0
636 : 860 491 25 37 1
637 : 201 904 19 47 1
638 : 509 372 27 33 1
639 : 277 780 41 21 0
640 : 117 565 37 24 0
641 : 437 903 47 19 0
642 : 0 659 39 23 0
643 : 682 373 27 32 1
644 : 64 492 35 25 0
645 : 200 432 26 34 1
646 : 235 780 42 21 0
647 : 650 373 27 32 1
648 : 0 566 36 24 0
649 : 875 373 27 32 1
650 : 843 373 32 27 0
651 : 752 726 22 39 1
652 : 504 845 20 43 1
653 : 815 318 30 28 0
654 : 811 373 32 27 0
655 : 880 988 50 17 0
656 : 318 780 21 41 1
657 : 973 759 42 21 1
658 : 618 1025 52 16 0
659 : 828 988 17 52 1
660 : 99 492 35 25 0
661 : 248 904 19 45 1
662 : 786 262 29 30 1
663 : 333 715 22 39 1
664 : 288 433 33 26 0
665 : 618 373 27 32 1
666 : 784 367 32 27 1
667 : 912 203 29 29 0
668 : 399 784 21 40 1
669 : 154 570 36 24 0
670 : 967 564 35 24 1
671 : 76 663 23 37 1
672 : 713 726 22 39 1
673 : 930 988 17 50 1
674 : 39 663 23 37 1
675 : 722 426 26 32 0
676 : 359 784 40 21 0
677 : 435 668 36 23 0
678 : 638 668 23 36 1
679 : 821 1021 16 52 1
680 : 667 575 35 24 0
681 : 517 565 24 34 0
682 : 397 947 18 46 1
683 : 653 1041 57 15 0
684 : 311 670 35 23 0
685 : 596 1041 57 15 0
686 : 439 784 40 21 0
687 : 374 565 24 34 0
688 : 191 111 28 30 0
689 : 346 670 23 35 1
690 : 925 1021 52 16 0
691 : 914 920 56 15 0
692 : 0 947 46 18 0
693 : 256 110 30 28 1
694 : 845 318 28 29 1
695 : 690 992 17 48 1
696 : 922 1037 15 55 1
697 : 873 1021 52 16 0
698 : 981 202 57 14 1
699 : 257 1057 56 14 0
700 : 710 1041 15 56 1
701 : 471 668 23 36 1
702 : 212 1042 56 15 0
703 : 184 1011 16 50 1
704 : 167 492 25 33 1
705 : 791 726 37 22 0
706 : 0 590 36 23 0
707 : 134 492 33 25 0
708 : 894 440 31 26 0
709 : 507 674 35 23 0
710 : 864 726 36 22 0
711 : 971 658 23 35 0
712 : 574 575 24 33 1
713 : 53 1043 52 15 0
714 : 925 440 26 30 1
715 : 276 659 35 23 0
716 : 201 1057 56 14 0
717 : 341 172 30 27 1
718 : 283 846 20 40 1
719 : 541 575 33 24 0
720 : 443 947 44 18 0
721 : 321 440 31 26 0
722 : 587 909 42 19 0
723 : 645 1056 56 14 0
724 : 828 726 36 22 0
725 : 323 846 20 39 1
726 : 971 491 31 25 1
727 : 701 1056 14 56 1
728 : 372 727 22 35 1
729 : 479 784 21 36 1
730 : 714 373 27 29 1
731 : 0 1043 53 15 0
732 : 138 727 35 22 0
733 : 629 909 42 19 0
734 : 743 373 27 28 1
735 : 173 727 34 22 0
736 : 31 493 31 25 0
737 : 660 770 21 36 1
738 : 0 493 31 25 0
739 : 0 1025 16 48 1
740 : 738 992 17 45 1
741 : 542 375 28 27 0
742 : 128 114 29 26 1
743 : 736 502 30 25 0
744 : 567 502 25 30 1
745 : 542 674 33 23 0
746 : 664 851 37 20 0
747 : 54 380 27 28 1
748 : 900 729 22 34 1
749 : 550 784 21 35 1
750 : 207 727 34 22 0
751 : 200 492 25 30 0
752 : 575 674 33 23 0
753 : 311 380 27 28 1
754 : 934 729 34 22 0
755 : 701 851 37 20 0
756 : 113 681 23 32 1
757 : 670 1025 16 46 1
758 : 907 380 27 27 0
759 : 706 681 23 32 1
760 : 627 851 20 37 1
761 : 415 1016 16 47 1
762 : 241 730 22 33 1
763 : 671 909 40 19 0
764 : 268 1042 48 15 0
765 : 738 681 32 23 0
766 : 674 681 32 23 0
767 : 53 1058 52 14 0
768 : 785 108 22 33 0
769 : 105 1058 14 52 1
770 : 360 1062 14 51 1
771 : 547 852 36 20 0
772 : 783 992 44 17 0
773 : 42 992 42 17 0
774 : 153 1043 48 15 0
775 : 597 502 29 25 0
776 : 696 790 34 21 0
777 : 319 866 18 41 1
778 : 487 947 18 41 1
779 : 702 575 24 31 1
780 : 0 1058 53 14 0
781 : 0 731 33 22 0
782 : 702 949 40 18 0
783 : 185 380 27 27 0
784 : 643 812 38 19 0
785 : 145 681 32 23 0
786 : 730 790 34 21 0
787 : 483 1062 52 14 0
788 : 764 790 21 34 1
789 : 44 730 22 33 1
790 : 798 790 21 34 1
791 : 375 109 32 23 1
792 : 968 737 22 32 1
793 : 190 570 30 24 0
794 : 234 993 17 41 1
795 : 807 1067 14 50 1
796 : 515 784 35 21 0
797 : 626 502 25 29 1
798 : 515 1047 46 15 0
799 : 738 851 20 36 1
800 : 955 440 28 26 0
801 : 43 791 34 21 0
802 : 0 910 19 37 1
803 : 915 953 18 38 1
804 : 876 953 18 39 1
805 : 608 674 23 30 1
806 : 105 1043 15 48 1
807 : 316 993 17 41 1
808 : 274 737 31 22 0
809 : 411 1062 50 14 0
810 : 35 852 34 20 0
811 : 0 992 17 42 1
812 : 157 1071 52 13 0
813 : 770 681 31 23 0
814 : 275 993 41 17 0
815 : 583 852 20 35 1
816 : 617 791 21 32 1
817 : 37 910 37 19 0
818 : 980 971 40 17 1
819 : 757 1067 14 50 1
820 : 305 737 31 22 0
821 : 716 1025 16 44 1
822 : 234 1026 16 43 1
823 : 760 1025 16 43 1
824 : 220 588 24 28 1
825 : 352 440 26 27 1
826 : 733 575 29 24 0
827 : 762 575 28 24 0
828 : 38 442 26 26 0
829 : 0 852 20 35 1
830 : 607 581 24 28 1
831 : 580 1071 13 52 1
832 : 0 1072 13 51 1
833 : 742 957 18 37 1
834 : 336 737 22 31 1
835 : 48 1027 16 42 1
836 : 484 910 19 36 1
837 : 395 1047 15 44 1
838 : 649 791 32 21 0
839 : 407 741 31 22 0
840 : 711 912 19 35 1
841 : 801 681 30 23 0
842 : 953 1067 47 14 0
843 : 889 681 23 29 1
844 : 766 502 27 25 0
845 : 438 741 31 22 0
846 : 84 957 18 37 1
847 : 905 1067 48 14 0
848 : 132 1027 41 16 0
849 : 818 588 28 24 0
850 : 46 957 18 38 1
851 : 84 994 17 39 1
852 : 793 502 27 25 0
853 : 520 910 36 19 0
854 : 398 577 28 24 0
855 : 313 1063 14 47 1
856 : 585 791 21 32 1
857 : 51 1072 50 13 0
858 : 953 953 38 18 0
859 : 635 581 28 24 0
860 : 790 588 28 24 0
861 : 645 1070 14 48 1
862 : 90 1027 16 42 1
863 : 857 1067 14 48 1
864 : 766 1052 15 43 1
865 : 248 588 24 28 1
866 : 108 791 31 21 0
867 : 832 793 31 21 0
868 : 693 1070 14 46 1
869 : 655 508 25 26 1
870 : 69 852 33 20 0
871 : 94 207 24 27 0
872 : 439 504 26 25 0
873 : 860 681 29 23 0
874 : 779 957 36 18 0
875 : 816 920 34 19 0
876 : 277 1026 42 16 0
877 : 381 682 28 23 0
878 : 831 681 23 29 1
879 : 102 852 20 33 1
880 : 820 502 27 25 0
881 : 873 588 27 24 0
882 : 77 791 31 21 0
883 : 74 920 34 19 0
884 : 774 854 20 33 1
885 : 846 588 27 24 0
886 : 746 912 35 19 0
887 : 469 741 30 22 0
888 : 439 1047 15 44 1
889 : 499 741 22 30 1
890 : 398 76 33 20 1
891 : 781 912 35 19 0
892 : 561 1056 15 42 1
893 : 413 504 26 25 0
894 : 923 793 21 30 1
895 : 225 507 25 26 1
896 : 900 588 27 24 0
897 : 177 682 28 23 0
898 : 519 1016 16 39 1
899 : 260 1071 13 51 1
900 : 209 1071 13 51 1
901 : 235 142 30 21 1
902 : 515 1032 43 15 0
903 : 535 1071 14 45 1
904 : 139 791 31 21 0
905 : 316 1048 44 15 0
906 : 346 958 18 35 1
907 : 259 682 27 23 0
908 : 276 958 18 35 1
909 : 276 589 24 26 1
910 : 927 588 24 26 1
911 : 587 741 22 29 1
912 : 918 681 23 28 1
913 : 121 957 36 18 0
914 : 815 957 35 18 0
915 : 807 854 32 20 0
916 : 893 793 21 30 1
917 : 529 741 29 22 0
918 : 77 748 28 22 0
919 : 465 504 25 26 1
920 : 109 48 33 19 1
921 : 558 741 29 22 0
922 : 36 589 24 26 1
923 : 141 920 19 33 1
924 : 616 748 28 22 0
925 : 970 901 34 19 1
926 : 871 862 31 20 0
927 : 232 682 23 27 1
928 : 311 958 35 18 0
929 : 426 589 26 24 0
930 : 452 589 24 26 1
931 : 123 994 17 38 1
932 : 478 589 24 26 1
933 : 603 1056 15 42 1
934 : 161 994 37 17 0
935 : 205 682 27 23 0
936 : 809 1052 15 42 1
937 : 173 1027 16 39 1
938 : 357 999 37 17 0
939 : 0 682 23 27 1
940 : 558 1031 38 16 0
941 : 851 1052 42 15 0
942 : 105 748 28 22 0
943 : 101 1072 13 47 1
944 : 135 855 20 32 1
945 : 681 508 25 25 0
946 : 191 959 34 18 0
947 : 850 920 32 19 0
948 : 893 1052 15 42 1
949 : 863 793 30 21 0
950 : 935 1052 15 42 1
951 : 882 920 32 19 0
952 : 357 1032 38 16 0
953 : 170 794 30 21 0
954 : 742 599 48 13 0
955 : 550 929 37 17 0
956 : 644 748 28 22 0
957 : 839 854 32 20 0
958 : 198 994 36 17 0
959 : 563 998 37 17 0
960 : 108 920 19 33 1
961 : 902 862 20 30 1
962 : 200 794 29 21 0
963 : 302 589 25 24 0
964 : 27 686 23 26 1
965 : 546 964 18 33 1
966 : 522 999 36 17 0
967 : 341 805 21 28 1
968 : 286 682 26 23 1
969 : 327 589 25 24 0
970 : 977 1011 37 16 1
971 : 486 999 36 17 0
972 : 167 862 20 30 1
973 : 157 959 18 34 1
974 : 946 681 23 26 0
975 : 229 801 21 28 1
976 : 225 959 34 18 0
977 : 319 1032 38 16 0
978 : 812 38 17 36 0
979 : 0 795 29 21 0
980 : 409 682 26 23 0
981 : 394 999 17 34 1
982 : 953 801 28 21 0
983 : 528 947 33 18 1
984 : 257 801 28 21 0
985 : 600 998 17 34 1
986 : 932 862 30 20 0
987 : 962 862 29 20 0
988 : 285 801 21 28 1
989 : 706 508 30 19 0
990 : 86 589 24 24 0
991 : 428 999 34 17 0
992 : 197 862 20 29 1
993 : 556 910 31 19 0
994 : 62 589 24 24 0
995 : 313 801 21 28 1
996 : 154 81 30 19 1
997 : 226 862 28 20 0
998 : 672 748 22 27 1
999 : 157 1058 13 44 1
