1000 29387
0 : 0 0 602 738 1
1 : 0 602 897 620 0
2 : 0 1222 743 708 0
3 : 0 1930 308 409 1
4 : 409 1930 447 477 1
5 : 738 0 421 71 1
6 : 0 2238 167 331 1
7 : 331 2377 667 149 0
8 : 0 2526 792 493 0
9 : 792 2526 190 567 0
10 : 0 3019 320 711 1
11 : 0 3339 891 518 0
12 : 0 3857 750 559 0
13 : 750 3857 220 428 0
14 : 331 2238 10 55 0
15 : 0 4416 990 287 0
16 : 0 4703 986 840 0
17 : 0 5543 482 431 0
18 : 482 5543 393 471 1
19 : 743 1222 524 139 1
20 : 0 5974 963 110 0
21 : 0 6084 554 971 1
22 : 0 6638 143 657 1
23 : 0 6781 621 642 1
24 : 0 7402 628 649 1
25 : 0 8030 633 770 1
26 : 770 6638 473 184 1
27 : 657 6638 729 109 1
28 : 0 8663 601 395 0
29 : 770 7111 151 693 0
30 : 601 8663 342 281 0
31 : 809 0 82 351 0
32 : 0 9058 531 361 0
33 : 657 7367 82 636 0
34 : 0 9419 926 836 0
35 : 0 10255 844 735 0
36 : 0 10990 246 940 1
37 : 0 11236 867 175 0
38 : 0 11411 560 664 1
39 : 0 11971 896 438 0
40 : 0 12409 711 613 0
41 : 0 13022 860 446 0
42 : 0 13468 182 927 1
43 : 0 13650 579 258 0
44 : 0 13908 753 372 0
45 : 753 13650 153 759 0
46 : 0 14280 361 371 1
47 : 963 5543 519 5 1
48 : 0 14641 866 129 0
49 : 0 14770 826 260 0
50 : 664 11411 361 202 1
51 : 0 15030 475 664 1
52 : 711 12409 125 483 0
53 : 0 15505 541 953 1
54 : 770 7804 573 141 1
55 : 371 14280 294 360 0
56 : 897 0 95 681 0
57 : 0 16046 733 204 0
58 : 0 16250 907 307 0
59 : 0 16557 677 787 1
60 : 0 17234 345 708 1
61 : 0 17579 398 612 1
62 : 0 17977 572 490 0
63 : 572 17977 587 412 1
64 : 0 18564 275 786 1
65 : 0 18839 861 214 0
66 : 0 19053 997 576 0
67 : 601 8944 300 211 0
68 : 0 19629 790 189 0
69 : 601 9155 274 183 0
70 : 0 19818 893 692 0
71 : 0 20510 470 908 1
72 : 0 20980 456 667 1
73 : 0 21436 578 743 1
74 : 743 20980 196 327 0
75 : 667 20980 68 404 0
76 : 664 15030 162 380 0
77 : 0 18467 563 59 0
78 : 0 22014 881 573 0
79 : 0 22587 910 310 0
80 : 0 22897 367 451 1
81 : 0 23264 898 640 0
82 : 708 17234 697 52 1
83 : 0 23904 588 646 1
84 : 0 24492 604 688 1
85 : 968 5543 469 1 1
86 : 0 25096 673 461 0
87 : 0 2405 105 307 1
88 : 0 25557 842 370 0
89 : 0 25927 405 788 1
90 : 0 26332 450 912 1
91 : 0 26782 816 750 0
92 : 816 26782 881 179 1
93 : 836 12409 16 427 0
94 : 0 27532 547 413 0
95 : 0 27945 689 837 1
96 : 0 28634 380 786 1
97 : 893 19629 13 616 0
98 : 688 23904 783 143 1
99 : 0 29014 373 726 1
