100 2129
0 : 69 265 17 90 0
1 : 0 341 68 76 0
2 : 69 433 14 68 0
3 : 0 1976 22 76 0
4 : 0 949 38 83 0
5 : 0 1438 29 87 0
6 : 0 417 40 100 0
7 : 0 866 39 83 0
8 : 0 264 69 77 0
9 : 56 417 1 99 0
10 : 0 600 77 57 1
11 : 69 165 17 100 0
12 : 40 417 13 94 0
13 : 0 1191 90 27 1
14 : 0 1671 27 84 0
15 : 0 517 56 83 0
16 : 69 355 78 16 1
17 : 0 1827 31 78 0
18 : 0 1905 38 71 0
19 : 29 1438 8 86 0
20 : 27 1191 90 3 1
21 : 0 1112 38 79 0
22 : 27 1671 10 66 0
23 : 48 165 21 92 0
24 : 69 501 14 66 0
25 : 30 768 7 89 0
26 : 0 1603 45 68 0
27 : 0 1368 46 70 0
28 : 31 1827 4 73 0
29 : 0 1755 38 72 0
30 : 0 1032 41 80 0
31 : 0 83 82 89 1
32 : 37 1438 6 88 0
33 : 0 768 30 98 0
34 : 0 165 99 48 1
35 : 0 1281 30 87 0
36 : 0 2052 19 77 0
37 : 0 0 83 95 1
38 : 0 1525 78 37 1
39 : 0 677 40 91 0
