135 413
0 : 98 354 29 18 0
1 : 111 254 49 16 1
2 : 89 372 29 16 0
3 : 0 68 75 21 0
4 : 118 372 23 16 1
5 : 0 36 88 16 0
6 : 0 208 57 18 0
7 : 47 289 42 21 0
8 : 89 303 45 16 0
9 : 0 169 61 18 0
10 : 69 341 29 20 0
11 : 0 89 67 26 0
12 : 51 255 52 16 0
13 : 0 16 93 20 0
14 : 77 388 22 16 0
15 : 0 391 19 16 0
16 : 45 310 36 20 0
17 : 116 199 55 16 1
18 : 0 0 135 16 0
19 : 51 271 50 18 0
20 : 0 343 31 16 0
21 : 50 239 53 16 0
22 : 27 387 22 18 0
23 : 63 165 62 18 0
24 : 0 187 58 21 0
25 : 75 68 71 16 1
26 : 0 293 45 16 0
27 : 0 52 85 16 0
28 : 0 327 39 16 0
29 : 0 309 40 18 0
30 : 56 377 20 21 1
31 : 61 183 63 16 0
32 : 0 255 51 18 0
33 : 0 151 63 18 0
34 : 0 359 29 16 0
35 : 111 16 73 20 1
36 : 99 388 19 16 0
37 : 60 361 29 16 0
38 : 0 273 47 20 0
39 : 31 351 29 18 0
40 : 0 226 50 21 0
41 : 81 319 34 22 0
42 : 57 219 54 20 0
43 : 71 145 62 20 0
44 : 39 330 30 21 0
45 : 29 369 27 18 0
46 : 118 395 16 16 0
47 : 49 397 19 16 0
48 : 0 375 27 16 0
49 : 0 133 66 18 0
50 : 91 92 53 34 1
51 : 93 16 76 18 1
52 : 0 115 71 18 0
53 : 58 199 58 20 0
54 : 115 319 35 16 1
