40400 47414
0 : 37880 14483 4629 1596 1
1 : 17016 19143 2919 783 1
2 : 37633 0 8067 1832 1
3 : 30425 14921 7180 2974 0
4 : 38507 36375 1685 1708 1
5 : 10170 18192 2029 601 0
6 : 15046 5222 15046 7040 0
7 : 20655 40688 6726 7039 1
8 : 0 24581 7958 5170 0
9 : 34284 36375 3621 4223 1
10 : 35286 21224 4358 6846 0
11 : 19266 12262 6272 1268 0
12 : 31709 13448 6171 1473 0
13 : 0 16838 3448 1249 0
14 : 0 18192 6389 10170 1
15 : 27376 21224 7910 5092 0
16 : 33004 0 4629 11306 0
17 : 23743 13530 1279 1621 1
18 : 10170 19143 3529 6846 1
19 : 16885 35893 3770 3117 0
20 : 18111 32716 3924 3177 0
21 : 30092 10744 2672 556 0
22 : 15046 0 15046 5222 0
23 : 23540 28669 2050 2287 1
24 : 10170 22672 7958 5152 0
25 : 37536 28070 1063 2033 0
26 : 0 15015 1823 5782 1
27 : 18111 28669 4047 5429 1
28 : 38050 8067 6416 1491 1
29 : 3448 16838 859 2104 1
30 : 0 8637 6378 12850 1
31 : 30092 0 10744 2912 1
32 : 22804 26316 4629 2353 0
33 : 12850 8637 2919 838 1
34 : 19309 21212 8067 5014 0
35 : 16885 39010 3139 2974 0
36 : 25827 28669 1685 1469 1
37 : 37880 19112 2029 824 1
38 : 0 3231 15046 5406 0
39 : 30425 17895 6726 3329 0
40 : 0 29751 7958 9256 1
41 : 25538 12262 1080 4223 1
42 : 12850 13619 2407 6846 1
43 : 34284 30103 6272 5296 1
44 : 25538 13448 6171 1375 0
45 : 7958 28423 1253 1249 0
46 : 19696 14823 6389 10729 1
47 : 0 37709 7910 7563 0
48 : 27433 26316 4629 6465 1
49 : 38704 19112 503 1621 0
50 : 9256 34202 7629 6846 0
51 : 12760 16026 6549 3117 0
52 : 5782 15015 6978 3177 0
53 : 13688 8637 2672 869 1
54 : 0 0 15046 3231 0
55 : 18128 26226 4676 2287 0
56 : 30092 11306 7958 2142 0
57 : 33898 28070 3638 2033 0
58 : 18128 19143 1823 1064 1
59 : 19696 13530 4047 1135 0
60 : 12850 12262 6416 1357 0
61 : 7958 24581 3842 2104 1
62 : 10062 27824 6378 8049 1
63 : 23540 30945 10744 9743 0
