1000 1806
0 : 473 27 66 61 0
1 : 547 71 62 48 0
2 : 239 78 62 46 0
3 : 826 82 61 43 0
4 : 913 80 39 62 1
5 : 694 83 38 61 1
6 : 0 22 30 71 1
7 : 0 184 56 37 0
8 : 826 254 52 39 0
9 : 239 207 36 55 1
10 : 473 0 74 27 0
11 : 826 452 42 47 1
12 : 621 85 61 32 0
13 : 694 151 58 32 0
14 : 473 302 51 36 0
15 : 547 503 46 40 0
16 : 160 0 79 23 0
17 : 396 389 48 38 0
18 : 81 0 79 23 0
19 : 694 121 30 60 1
20 : 0 0 22 81 1
21 : 762 371 36 49 1
22 : 318 22 25 71 1
23 : 621 0 73 24 0
24 : 913 166 57 31 0
25 : 547 20 72 25 0
26 : 318 336 50 35 0
27 : 318 184 56 31 0
28 : 150 230 33 54 1
29 : 81 506 39 46 1
30 : 396 61 28 63 1
31 : 396 0 77 23 0
32 : 150 669 43 40 0
33 : 547 405 36 48 1
34 : 396 184 56 31 0
35 : 694 302 51 34 0
36 : 473 230 54 32 0
37 : 826 617 44 40 0
38 : 239 453 37 47 1
39 : 239 303 51 34 0
40 : 913 402 48 36 0
41 : 0 238 53 33 0
42 : 239 562 39 45 1
43 : 694 336 34 50 1
44 : 318 0 22 78 1
45 : 318 303 51 33 0
46 : 547 152 29 58 1
47 : 694 0 73 23 0
48 : 767 0 23 73 1
49 : 473 562 37 45 1
50 : 840 0 73 23 0
51 : 81 733 42 40 0
52 : 547 45 26 64 1
53 : 547 230 31 54 1
54 : 239 21 23 72 1
55 : 239 0 79 21 0
56 : 473 453 35 47 1
57 : 473 338 33 50 1
58 : 150 733 39 42 1
59 : 239 337 33 50 1
60 : 913 230 54 30 0
61 : 81 123 60 27 0
62 : 0 454 47 34 0
63 : 913 0 22 73 1
64 : 547 372 49 33 0
65 : 239 669 37 43 1
66 : 396 258 30 52 1
67 : 829 23 67 23 0
68 : 396 563 35 45 1
69 : 150 81 62 25 0
70 : 762 46 24 64 1
71 : 621 563 35 45 1
72 : 473 669 36 43 1
73 : 239 143 26 59 1
74 : 547 669 43 36 0
75 : 762 23 67 23 0
76 : 913 563 34 45 1
77 : 621 45 64 24 0
78 : 621 407 32 48 1
79 : 547 303 30 51 1
80 : 150 407 32 48 1
81 : 0 86 25 61 1
82 : 621 208 55 27 0
83 : 318 232 54 28 0
84 : 396 507 33 46 1
85 : 694 407 31 48 1
86 : 81 565 45 33 0
87 : 913 303 51 29 0
88 : 762 669 43 35 0
89 : 547 0 74 20 0
90 : 913 345 50 29 0
91 : 0 848 40 37 0
92 : 762 143 25 59 1
93 : 81 454 31 47 1
94 : 762 407 30 48 1
95 : 0 508 46 31 0
96 : 0 908 37 39 1
97 : 150 907 37 39 1
98 : 694 61 63 22 0
99 : 396 733 34 42 1
100 : 762 208 26 55 1
101 : 150 565 31 45 1
102 : 621 24 67 21 0
103 : 762 86 23 61 1
104 : 473 144 23 59 1
105 : 473 508 46 30 0
106 : 81 82 62 22 0
107 : 396 232 26 54 1
108 : 318 910 36 39 1
109 : 826 144 59 23 0
110 : 81 23 69 20 0
111 : 150 304 51 27 0
112 : 547 618 31 44 1
113 : 318 385 28 49 1
114 : 0 1052 37 37 0
115 : 396 789 34 41 1
116 : 318 618 31 44 1
117 : 913 374 49 28 0
118 : 913 41 65 21 0
119 : 396 23 20 68 1
120 : 913 991 36 38 1
121 : 81 209 55 25 0
122 : 826 209 24 55 1
123 : 150 850 33 40 1
124 : 913 22 70 19 0
125 : 547 565 29 45 1
126 : 913 669 31 43 1
127 : 473 167 57 23 0
128 : 318 260 52 26 0
129 : 318 565 45 29 0
130 : 694 41 20 66 1
131 : 826 167 23 57 1
132 : 694 565 45 29 0
133 : 396 304 51 25 0
134 : 913 260 25 52 1
135 : 81 62 20 63 1
136 : 150 23 69 19 0
137 : 762 618 44 29 0
138 : 826 514 28 46 1
139 : 762 185 23 56 1
140 : 0 577 28 45 1
141 : 547 346 26 50 1
142 : 81 1052 37 34 0
143 : 150 42 65 20 0
144 : 239 510 28 46 1
145 : 81 43 65 19 0
146 : 621 185 56 23 0
147 : 318 517 46 27 0
148 : 826 565 28 45 1
149 : 150 454 47 27 0
150 : 150 994 38 33 0
151 : 762 565 45 28 0
152 : 826 46 64 19 0
153 : 547 261 24 52 1
154 : 694 23 18 68 1
155 : 762 850 40 31 0
156 : 694 518 46 27 0
157 : 396 89 20 61 1
158 : 318 995 32 38 1
159 : 473 262 52 24 0
160 : 0 995 38 32 0
161 : 826 1164 34 36 1
162 : 913 789 30 41 1
163 : 621 619 44 27 0
164 : 473 910 31 39 1
165 : 473 88 20 61 1
166 : 318 1170 33 36 1
167 : 621 454 26 47 1
168 : 81 408 48 25 0
169 : 547 1052 32 37 1
170 : 318 82 62 19 0
171 : 826 850 31 40 1
172 : 150 619 28 44 1
173 : 0 408 48 25 0
174 : 150 62 19 63 1
175 : 913 454 47 26 0
176 : 694 851 40 30 0
177 : 150 521 46 26 0
178 : 913 1169 36 33 0
179 : 81 851 40 30 0
180 : 396 145 20 59 1
181 : 547 1257 34 35 1
182 : 621 1052 37 32 0
183 : 318 670 28 43 1
184 : 150 1165 33 36 1
185 : 621 521 26 46 1
186 : 150 158 21 58 1
187 : 473 790 29 41 1
188 : 473 385 24 49 1
189 : 150 1052 33 37 1
190 : 239 1053 32 37 1
191 : 826 1052 37 32 0
192 : 239 186 56 21 0
193 : 396 43 65 18 0
194 : 621 306 23 51 1
195 : 826 306 23 51 1
196 : 239 911 30 39 1
197 : 762 347 50 24 0
198 : 150 263 52 23 0
199 : 473 1052 37 32 0
200 : 81 306 51 23 0
201 : 694 675 27 43 1
202 : 621 910 30 39 1
203 : 473 409 48 24 0
204 : 81 188 56 21 0
205 : 694 455 25 47 1
206 : 826 386 24 49 1
207 : 762 999 38 31 0
208 : 318 101 19 61 1
209 : 0 1258 33 35 1
210 : 0 145 59 20 0
211 : 318 455 25 47 1
212 : 396 1053 31 37 1
213 : 826 675 27 43 1
214 : 762 593 25 45 1
215 : 0 52 18 64 1
216 : 621 683 27 43 1
217 : 0 684 27 43 1
218 : 694 1170 36 32 0
219 : 547 910 30 39 1
220 : 150 124 60 19 0
221 : 239 409 24 48 1
222 : 81 684 27 43 1
223 : 81 104 61 19 0
224 : 396 126 60 19 0
225 : 81 924 29 39 1
226 : 913 910 30 39 1
227 : 547 456 24 47 1
228 : 396 620 26 44 1
229 : 81 620 26 44 1
230 : 826 125 60 19 0
231 : 826 347 50 23 0
232 : 473 190 56 20 0
233 : 396 684 43 27 0
234 : 396 911 29 39 1
235 : 81 168 57 20 0
236 : 239 44 65 17 0
237 : 239 243 21 53 1
238 : 762 307 51 22 0
239 : 318 47 18 64 1
240 : 762 456 47 24 0
241 : 0 307 51 22 0
242 : 913 62 63 18 0
243 : 694 1067 30 37 1
244 : 913 521 24 46 1
245 : 826 702 26 43 1
246 : 621 1180 31 36 1
247 : 318 413 48 23 0
248 : 473 538 46 24 0
249 : 239 124 19 60 1
250 : 0 1181 31 36 1
251 : 81 1181 31 36 1
252 : 239 860 28 40 1
253 : 239 538 46 24 0
254 : 0 165 58 19 0
255 : 318 698 26 43 1
256 : 621 733 27 42 1
257 : 473 108 18 61 1
258 : 913 859 40 28 0
259 : 318 1067 30 37 1
260 : 547 859 28 40 1
261 : 762 521 46 24 0
262 : 826 233 54 21 0
263 : 694 702 26 43 1
264 : 81 1337 33 34 1
265 : 81 1258 35 32 0
266 : 762 1180 36 31 0
267 : 239 621 25 44 1
268 : 396 1084 30 37 1
269 : 547 790 27 41 1
270 : 318 480 23 47 1
271 : 239 61 64 17 0
272 : 913 700 26 43 1
273 : 318 65 17 63 1
274 : 239 791 27 41 1
275 : 473 620 44 25 0
276 : 396 165 58 19 0
277 : 547 1394 33 33 0
278 : 913 620 44 25 0
279 : 239 387 49 22 0
280 : 826 999 29 38 1
281 : 81 348 50 22 0
282 : 0 329 51 21 0
283 : 762 1054 30 37 1
284 : 473 1180 31 36 1
285 : 913 1067 30 37 1
286 : 150 106 18 61 1
287 : 318 594 24 45 1
288 : 762 704 25 43 1
289 : 473 860 40 27 0
290 : 0 734 26 42 1
291 : 473 210 20 55 1
292 : 318 862 40 27 0
293 : 396 1181 30 36 1
294 : 239 1337 34 32 0
295 : 826 1084 29 37 1
296 : 762 924 39 28 0
297 : 826 410 48 23 0
298 : 81 1409 32 33 1
299 : 396 863 40 27 0
300 : 826 593 24 45 1
301 : 694 634 24 44 1
302 : 396 463 23 47 1
303 : 547 1084 29 37 1
304 : 762 252 20 53 1
305 : 621 940 27 39 1
306 : 826 190 19 56 1
307 : 547 594 45 24 0
308 : 473 1084 37 29 0
309 : 473 126 18 60 1
310 : 239 1181 30 36 1
311 : 621 1084 37 29 0
312 : 913 645 24 44 1
313 : 547 940 27 39 1
314 : 0 799 26 41 1
315 : 396 540 23 46 1
316 : 0 539 46 23 0
317 : 396 427 48 22 0
318 : 762 109 61 17 0
319 : 0 111 61 17 0
320 : 150 596 23 45 1
321 : 621 798 26 41 1
322 : 547 480 23 47 1
323 : 396 348 50 21 0
324 : 826 925 39 27 0
325 : 621 348 50 21 0
326 : 0 271 52 20 0
327 : 239 264 52 20 0
328 : 826 65 17 63 1
329 : 762 1084 37 29 0
330 : 762 126 17 60 1
331 : 547 135 17 60 1
332 : 396 940 27 39 1
333 : 621 150 18 59 1
334 : 826 542 23 46 1
335 : 762 1402 32 33 1
336 : 0 624 24 44 1
337 : 913 597 23 45 1
338 : 318 791 26 41 1
339 : 239 1258 30 35 1
340 : 150 349 50 21 0
341 : 473 1337 34 31 0
342 : 694 264 52 20 0
343 : 547 1181 36 29 0
344 : 762 803 41 25 0
345 : 694 925 27 39 1
346 : 694 594 23 45 1
347 : 0 945 26 39 1
348 : 621 1258 30 35 1
349 : 762 1258 35 30 0
350 : 473 705 24 43 1
351 : 81 1086 37 28 0
352 : 318 166 18 58 1
353 : 621 863 26 40 1
354 : 694 1000 27 38 1
355 : 547 705 24 43 1
356 : 0 1403 32 33 1
357 : 473 645 24 44 1
358 : 913 211 19 55 1
359 : 239 1085 37 28 0
360 : 81 150 18 59 1
361 : 694 244 53 20 0
362 : 0 1089 28 37 1
363 : 913 1097 28 37 1
364 : 621 480 22 47 1
365 : 81 1000 27 38 1
366 : 81 881 40 26 0
367 : 81 234 19 54 1
368 : 621 133 60 17 0
369 : 473 941 26 39 1
370 : 318 1203 28 36 1
371 : 762 744 42 25 0
372 : 0 433 21 48 1
373 : 694 1097 28 37 1
374 : 150 1198 29 36 1
375 : 239 706 43 24 0
376 : 150 1085 37 28 0
377 : 547 211 55 19 0
378 : 547 543 22 46 1
379 : 913 1202 28 36 1
380 : 762 272 52 19 0
381 : 239 941 26 39 1
382 : 150 1409 31 33 1
383 : 150 944 26 39 1
384 : 318 1097 37 28 0
385 : 896 23 63 16 1
386 : 694 480 47 22 0
387 : 81 272 52 20 0
388 : 396 109 17 61 1
389 : 239 745 24 42 1
390 : 826 803 25 41 1
391 : 318 1409 33 31 0
392 : 81 1487 32 32 0
393 : 150 212 18 55 1
394 : 473 1259 35 29 0
395 : 621 253 53 19 0
396 : 150 804 25 41 1
397 : 219 23 63 16 1
398 : 150 1487 32 32 0
399 : 0 128 17 60 1
400 : 473 1113 37 27 0
401 : 547 1113 27 37 1
402 : 547 1427 30 33 1
403 : 150 709 43 24 0
404 : 621 1337 34 30 0
405 : 81 804 25 41 1
406 : 621 272 52 20 0
407 : 473 1409 33 31 0
408 : 239 1410 33 30 0
409 : 0 350 50 20 0
410 : 762 881 25 40 1
411 : 396 1409 33 31 0
412 : 547 1007 38 27 0
413 : 396 369 20 50 1
414 : 81 598 45 22 0
415 : 0 1487 32 32 0
416 : 913 940 26 39 1
417 : 547 745 42 24 0
418 : 762 70 63 16 0
419 : 81 433 48 21 0
420 : 318 120 16 61 1
421 : 621 1007 38 26 0
422 : 694 803 25 41 1
423 : 826 1198 28 36 1
424 : 318 946 26 39 1
425 : 81 253 19 53 1
426 : 0 70 63 16 0
427 : 239 646 23 44 1
428 : 150 481 21 47 1
429 : 762 1113 37 27 0
430 : 239 1113 37 27 0
431 : 150 1340 29 34 1
432 : 547 1210 28 36 1
433 : 694 881 25 40 1
434 : 547 1337 30 34 1
435 : 694 1202 36 28 0
436 : 0 711 23 43 1
437 : 239 1211 36 27 0
438 : 396 486 21 47 1
439 : 473 745 24 42 1
440 : 547 119 16 61 1
441 : 913 966 25 39 1
442 : 621 117 61 16 0
443 : 396 1009 38 26 0
444 : 81 646 23 44 1
445 : 826 1409 30 33 1
446 : 621 69 63 16 0
447 : 219 86 60 16 1
448 : 694 1409 30 33 1
449 : 318 544 46 21 0
450 : 81 485 21 47 1
451 : 396 598 22 45 1
452 : 621 1113 27 37 1
453 : 318 746 23 42 1
454 : 762 234 18 54 1
455 : 694 387 49 20 0
456 : 473 433 20 48 1
457 : 762 480 21 47 1
458 : 913 1270 28 35 1
459 : 239 818 24 41 1
460 : 473 819 41 24 0
461 : 621 710 43 23 0
462 : 913 480 21 47 1
463 : 150 1113 27 37 1
464 : 81 329 19 51 1
465 : 239 284 19 52 1
466 : 150 883 24 40 1
467 : 826 1268 28 35 1
468 : 318 1487 32 30 0
469 : 913 1409 30 33 1
470 : 826 748 23 42 1
471 : 621 329 19 51 1
472 : 318 817 41 24 0
473 : 396 1211 27 36 1
474 : 150 1268 28 35 1
475 : 694 952 25 39 1
476 : 547 817 41 24 0
477 : 81 953 25 39 1
478 : 150 195 56 17 0
479 : 621 760 23 42 1
480 : 396 215 17 55 1
481 : 621 1410 30 33 1
482 : 318 215 17 55 1
483 : 913 150 16 59 1
484 : 913 747 23 42 1
485 : 621 235 54 18 0
486 : 473 1008 26 38 1
487 : 396 329 51 19 0
488 : 621 646 44 22 0
489 : 913 119 61 16 0
490 : 396 646 44 22 0
491 : 318 1340 28 34 1
492 : 0 760 23 42 1
493 : 762 952 25 39 1
494 : 826 1113 37 26 0
495 : 239 1544 31 31 0
496 : 896 86 16 60 0
497 : 396 823 23 41 1
498 : 239 433 48 20 0
499 : 694 1270 28 35 1
500 : 239 1487 30 32 1
501 : 826 881 40 24 0
502 : 547 285 52 18 0
503 : 239 169 57 17 0
504 : 826 952 25 39 1
505 : 694 749 23 42 1
506 : 473 599 21 45 1
507 : 621 388 49 19 0
508 : 150 1562 31 30 0
509 : 762 647 22 44 1
510 : 0 825 23 41 1
511 : 81 1027 38 25 0
512 : 150 1027 25 38 1
513 : 762 168 57 17 0
514 : 473 1211 26 36 1
515 : 913 1439 28 33 1
516 : 913 819 23 41 1
517 : 81 370 50 19 0
518 : 396 1274 27 35 1
519 : 318 1271 27 35 1
520 : 150 970 24 39 1
521 : 913 1340 28 34 1
522 : 621 168 17 57 1
523 : 239 490 20 47 1
524 : 0 1212 26 36 1
525 : 81 1114 37 25 0
526 : 150 647 22 44 1
527 : 694 828 41 23 0
528 : 473 967 39 24 0
529 : 694 212 17 55 1
530 : 0 1027 25 38 1
531 : 0 370 50 19 0
532 : 826 329 18 51 1
533 : 0 1435 29 33 1
534 : 913 1553 31 30 0
535 : 762 1434 29 33 1
536 : 826 1543 31 31 0
537 : 621 369 50 19 0
538 : 0 389 49 19 0
539 : 694 1487 32 29 0
540 : 621 967 24 39 1
541 : 318 724 22 43 1
542 : 621 598 45 21 0
543 : 694 1340 34 28 0
544 : 826 494 47 20 0
545 : 318 769 22 42 1
546 : 239 769 22 42 1
547 : 239 1011 25 38 1
548 : 0 221 17 55 1
549 : 694 545 20 46 1
550 : 396 967 39 24 0
551 : 396 767 22 42 1
552 : 762 545 20 46 1
553 : 694 284 52 18 0
554 : 762 1554 30 31 1
555 : 547 1367 34 27 0
556 : 396 1342 34 28 0
557 : 396 1114 37 25 0
558 : 826 1340 28 34 1
559 : 762 437 48 19 0
560 : 621 824 23 41 1
561 : 621 1487 29 32 1
562 : 150 1140 37 25 0
563 : 762 501 47 20 0
564 : 0 648 21 44 1
565 : 150 179 57 16 0
566 : 826 1439 28 33 1
567 : 239 967 39 24 0
568 : 547 887 40 23 0
569 : 694 1439 28 33 1
570 : 473 1487 29 32 1
571 : 0 488 47 20 0
572 : 826 1139 25 37 1
573 : 239 1288 35 27 0
574 : 0 885 23 40 1
575 : 0 971 24 39 1
576 : 318 136 15 60 1
577 : 621 1211 26 36 1
578 : 762 1288 26 35 1
579 : 0 1355 27 34 1
580 : 81 1290 26 35 1
581 : 150 286 52 18 0
582 : 913 135 60 15 0
583 : 762 1030 38 24 0
584 : 826 1028 38 24 0
585 : 318 1027 38 24 0
586 : 396 1488 29 32 1
587 : 239 601 45 20 0
588 : 762 329 18 51 1
589 : 396 711 22 43 1
590 : 150 143 60 15 0
591 : 81 389 49 19 0
592 : 150 370 18 50 1
593 : 547 1551 31 30 0
594 : 396 1139 25 37 1
595 : 913 1027 38 24 0
596 : 81 711 43 22 0
597 : 473 887 40 23 0
598 : 913 501 20 47 1
599 : 150 331 51 18 0
600 : 913 1125 37 25 0
601 : 547 967 39 24 0
602 : 762 1211 26 36 1
603 : 694 1125 25 37 1
604 : 694 1027 24 38 1
605 : 318 1440 33 27 0
606 : 826 1487 29 32 1
607 : 473 488 20 47 1
608 : 318 1125 25 37 1
609 : 826 828 22 41 1
610 : 396 1561 31 30 0
611 : 473 1288 35 26 0
612 : 694 977 23 39 1
613 : 318 436 19 48 1
614 : 318 649 21 44 1
615 : 150 388 49 19 0
616 : 913 887 23 40 1
617 : 318 151 15 59 1
618 : 762 1354 27 34 1
619 : 239 888 23 40 1
620 : 621 1288 26 35 1
621 : 913 726 21 43 1
622 : 826 433 19 48 1
623 : 621 1562 31 29 0
624 : 694 1562 31 29 0
625 : 0 1291 26 35 1
626 : 694 728 43 21 0
627 : 913 285 52 18 0
628 : 81 1139 25 37 1
629 : 473 1140 37 24 0
630 : 81 829 41 22 0
631 : 150 1440 33 28 0
632 : 547 1500 28 32 1
633 : 81 545 20 46 1
634 : 762 828 41 22 0
635 : 547 649 44 20 0
636 : 0 1117 25 37 1
637 : 621 502 19 47 1
638 : 239 1440 27 33 1
639 : 318 841 41 21 0
640 : 239 1140 37 24 0
641 : 150 502 47 19 0
642 : 318 972 39 23 0
643 : 239 1517 27 32 1
644 : 150 1296 35 25 0
645 : 621 1367 26 34 1
646 : 473 769 42 21 0
647 : 762 1504 27 32 1
648 : 81 1212 36 24 0
649 : 913 1504 27 32 1
650 : 473 1516 32 27 0
651 : 826 977 22 39 1
652 : 826 728 20 43 1
653 : 547 1604 30 28 0
654 : 621 1516 32 27 0
655 : 694 370 50 17 0
656 : 150 829 21 41 1
657 : 547 769 42 21 0
658 : 473 286 52 16 0
659 : 318 286 17 52 1
660 : 547 1291 35 25 0
661 : 0 605 19 45 1
662 : 826 1599 29 30 1
663 : 81 978 22 39 1
664 : 396 1440 33 26 0
665 : 694 1516 27 32 1
666 : 826 1516 32 27 0
667 : 150 1637 29 29 0
668 : 396 890 21 40 1
669 : 826 1226 36 24 0
670 : 826 1296 35 24 0
671 : 547 1140 23 37 1
672 : 762 977 22 39 1
673 : 239 370 17 50 1
674 : 621 1140 23 37 1
675 : 318 1517 26 32 1
676 : 621 889 40 21 0
677 : 694 1230 36 23 0
678 : 150 1227 23 36 1
679 : 762 291 16 52 1
680 : 318 1298 35 24 0
681 : 473 1368 24 34 1
682 : 913 545 18 46 1
683 : 694 183 57 15 0
684 : 396 1301 35 23 0
685 : 547 181 57 15 0
686 : 318 889 40 21 0
687 : 318 1368 24 34 1
688 : 913 1605 28 30 1
689 : 473 1314 23 35 1
690 : 0 291 52 16 0
691 : 219 146 56 15 1
692 : 150 547 46 18 0
693 : 762 1606 30 28 0
694 : 239 1640 28 29 1
695 : 694 438 17 48 1
696 : 694 229 15 55 1
697 : 396 288 52 16 0
698 : 986 0 57 14 1
699 : 986 113 56 14 1
700 : 896 146 15 56 0
701 : 913 1230 23 36 1
702 : 547 196 56 15 0
703 : 826 370 16 50 1
704 : 621 1440 25 33 1
705 : 762 1140 37 22 0
706 : 318 1231 36 23 0
707 : 473 1440 33 25 0
708 : 81 1563 31 26 0
709 : 913 1298 35 23 0
710 : 81 1236 36 22 0
711 : 621 1314 23 35 1
712 : 81 1441 24 33 1
713 : 896 202 52 15 1
714 : 318 1610 26 30 1
715 : 694 1298 35 23 0
716 : 913 197 56 14 0
717 : 81 1610 30 27 0
718 : 826 905 20 40 1
719 : 547 1457 33 24 0
720 : 826 657 44 18 0
721 : 0 1563 31 26 0
722 : 762 769 42 19 0
723 : 986 57 56 14 1
724 : 473 1237 36 22 0
725 : 239 991 20 39 1
726 : 826 1574 31 25 0
727 : 694 198 14 56 1
728 : 762 1314 22 35 1
729 : 762 1237 21 36 1
730 : 826 1650 27 29 1
731 : 219 202 53 15 1
732 : 239 1315 35 22 0
733 : 913 770 42 19 0
734 : 0 1679 27 28 1
735 : 913 1368 34 22 0
736 : 473 1563 31 25 0
737 : 621 1237 21 36 1
738 : 318 1563 31 25 0
739 : 913 438 16 48 1
740 : 694 617 17 45 1
741 : 473 1678 28 27 0
742 : 547 1653 29 26 0
743 : 473 1610 30 25 0
744 : 0 1611 25 30 1
745 : 0 1464 33 23 0
746 : 694 1150 37 20 0
747 : 762 1678 27 28 1
748 : 694 1368 22 34 1
749 : 81 1316 21 35 1
750 : 150 1369 34 22 0
751 : 150 1612 25 30 1
752 : 762 1463 33 23 0
753 : 621 1678 27 28 1
754 : 826 1368 34 22 0
755 : 318 1150 37 20 0
756 : 0 1519 23 32 1
757 : 621 547 16 46 1
758 : 547 1726 27 27 0
759 : 81 1519 23 32 1
760 : 0 1142 20 37 1
761 : 694 502 16 47 1
762 : 396 1466 22 33 1
763 : 694 906 40 19 0
764 : 547 441 48 15 0
765 : 150 1519 32 23 0
766 : 396 1517 32 23 0
767 : 621 292 52 14 0
768 : 621 1465 22 33 1
769 : 986 222 14 52 0
770 : 219 255 14 51 0
771 : 239 1238 36 20 0
772 : 694 658 44 17 0
773 : 150 772 42 17 0
774 : 621 439 48 15 0
775 : 913 1654 29 25 0
776 : 0 1382 34 21 0
777 : 239 842 18 41 1
778 : 547 841 18 41 1
779 : 239 1575 24 31 1
780 : 986 169 53 14 1
781 : 81 1465 33 22 0
782 : 762 906 40 18 0
783 : 694 1726 27 27 0
784 : 621 1033 38 19 0
785 : 547 1528 32 23 0
786 : 762 1381 34 21 0
787 : 81 292 52 14 0
788 : 396 1370 21 34 1
789 : 473 1465 22 33 1
790 : 81 1370 21 34 1
791 : 762 1531 32 23 0
792 : 913 1531 22 32 1
793 : 396 1612 30 24 0
794 : 396 846 17 41 1
795 : 219 306 14 50 0
796 : 547 1316 35 21 0
797 : 396 1655 25 29 1
798 : 0 562 46 15 0
799 : 0 1238 20 36 1
800 : 81 1679 28 26 0
801 : 239 1369 34 21 0
802 : 0 1162 19 37 1
803 : 547 1034 18 38 1
804 : 396 991 18 39 1
805 : 694 1612 23 30 1
806 : 150 439 15 48 1
807 : 473 843 17 41 1
808 : 473 1588 31 22 0
809 : 318 371 50 14 0
810 : 239 1390 34 20 0
811 : 826 771 17 42 1
812 : 826 293 52 13 0
813 : 547 1581 31 23 0
814 : 913 842 41 17 0
815 : 0 1317 20 35 1
816 : 81 1542 21 32 1
817 : 913 1150 37 19 0
818 : 81 907 40 17 0
819 : 473 371 14 50 1
820 : 0 1589 31 22 0
821 : 396 668 16 44 1
822 : 473 729 16 43 1
823 : 547 729 16 43 1
824 : 318 1698 24 28 1
825 : 762 1726 26 27 1
826 : 694 1655 29 24 0
827 : 826 1697 28 24 0
828 : 913 1751 26 26 0
829 : 826 1320 20 35 1
830 : 547 1679 24 28 1
831 : 896 254 13 52 0
832 : 986 274 13 51 0
833 : 762 1162 18 37 1
834 : 762 1584 22 31 1
835 : 0 783 16 42 1
836 : 547 1238 19 36 1
837 : 621 668 15 44 1
838 : 396 1540 32 21 0
839 : 913 1583 31 22 0
840 : 150 1321 19 35 1
841 : 621 1612 30 23 0
842 : 318 503 47 14 0
843 : 81 1656 23 29 1
844 : 0 1727 27 25 0
845 : 318 1588 31 22 0
846 : 547 1163 18 37 1
847 : 219 404 48 14 1
848 : 621 847 41 16 0
849 : 150 1687 28 24 0
850 : 396 1035 18 38 1
851 : 473 991 17 39 1
852 : 81 1727 27 25 0
853 : 396 1238 36 19 0
854 : 239 1689 28 24 0
855 : 219 452 14 47 0
856 : 0 1542 21 32 1
857 : 896 306 50 13 1
858 : 473 1034 38 18 0
859 : 694 1679 28 24 0
860 : 396 1680 28 24 0
861 : 219 356 14 48 0
862 : 694 772 16 42 1
863 : 396 449 14 48 1
864 : 239 730 15 43 1
865 : 913 1679 24 28 1
866 : 81 1589 31 21 0
867 : 396 1591 31 21 0
868 : 219 499 14 46 0
869 : 547 1753 25 26 1
870 : 694 1467 33 20 0
871 : 239 1734 24 27 1
872 : 694 1753 26 25 0
873 : 762 1655 29 23 0
874 : 826 1250 36 18 0
875 : 913 1390 34 19 0
876 : 81 773 42 16 0
877 : 547 1703 28 23 0
878 : 0 1656 23 29 1
879 : 239 1467 20 33 1
880 : 913 1726 27 25 0
881 : 150 1732 27 24 0
882 : 694 1591 31 21 0
883 : 694 1390 34 19 0
884 : 318 1467 20 33 1
885 : 621 1727 27 24 0
886 : 913 1321 35 19 0
887 : 239 1618 30 22 0
888 : 0 669 15 44 1
889 : 826 1628 22 30 1
890 : 826 1467 33 20 0
891 : 694 1321 35 19 0
892 : 762 788 15 42 1
893 : 81 1752 26 25 0
894 : 913 1633 21 30 1
895 : 0 1752 25 26 1
896 : 473 1727 27 24 0
897 : 913 1703 28 23 0
898 : 547 991 16 39 1
899 : 913 332 13 51 1
900 : 547 333 13 51 1
901 : 547 1632 30 21 0
902 : 762 729 43 15 0
903 : 219 545 14 45 0
904 : 621 1591 31 21 0
905 : 81 669 44 15 0
906 : 396 1324 18 35 1
907 : 473 1751 27 23 0
908 : 318 1322 18 35 1
909 : 150 1756 24 26 1
910 : 239 1758 24 26 1
911 : 318 1656 22 29 1
912 : 694 1703 23 28 1
913 : 150 1250 36 18 0
914 : 0 1337 35 18 0
915 : 150 1542 32 20 0
916 : 762 1634 21 30 1
917 : 473 1656 29 22 0
918 : 621 1705 28 22 0
919 : 762 1752 25 26 1
920 : 913 1467 33 19 0
921 : 621 1656 29 22 0
922 : 396 1769 24 26 1
923 : 547 1481 19 33 1
924 : 396 1704 28 22 0
925 : 826 1390 34 19 0
926 : 150 1592 31 20 0
927 : 826 1742 23 27 1
928 : 762 1336 35 18 0
929 : 318 1766 26 24 0
930 : 621 1773 24 26 1
931 : 239 1036 17 38 1
932 : 826 1765 24 26 1
933 : 150 789 15 42 1
934 : 81 1164 37 17 0
935 : 396 1746 27 23 0
936 : 621 783 15 42 1
937 : 621 991 16 39 1
938 : 621 1163 37 17 0
939 : 318 1743 23 27 1
940 : 694 1051 38 16 0
941 : 694 788 42 15 0
942 : 81 1705 28 22 0
943 : 896 356 13 47 0
944 : 473 1543 20 32 1
945 : 913 1777 25 25 0
946 : 81 1391 34 18 0
947 : 621 1543 32 19 0
948 : 826 788 15 42 1
949 : 621 1635 30 21 0
950 : 81 789 15 42 1
951 : 694 1543 32 19 0
952 : 913 1051 38 16 0
953 : 473 1635 30 21 0
954 : 986 325 48 13 1
955 : 396 1164 37 17 0
956 : 473 1705 28 22 0
957 : 318 1543 32 20 0
958 : 396 1257 36 17 0
959 : 239 1164 37 17 0
960 : 150 1468 19 33 1
961 : 694 1635 20 30 1
962 : 239 1668 29 21 0
963 : 694 1778 25 24 0
964 : 81 1777 23 26 1
965 : 762 1486 18 33 1
966 : 694 1253 36 17 0
967 : 826 1721 21 28 1
968 : 762 1777 26 23 0
969 : 547 1778 25 24 0
970 : 473 1164 37 16 0
971 : 318 1254 36 17 0
972 : 318 1636 20 30 1
973 : 396 1391 18 34 1
974 : 473 1774 23 26 1
975 : 0 1706 21 28 1
976 : 150 1391 34 18 0
977 : 318 1051 38 16 0
978 : 913 1253 17 36 1
979 : 150 1666 29 21 0
980 : 0 1777 26 23 0
981 : 473 1392 17 34 1
982 : 150 1711 28 21 0
983 : 913 1486 33 18 0
984 : 239 1713 28 21 0
985 : 621 1393 17 34 1
986 : 0 1636 30 20 0
987 : 318 1678 29 20 0
988 : 762 1705 21 28 1
989 : 396 1636 30 19 0
990 : 150 1780 24 24 0
991 : 318 1392 34 17 0
992 : 826 1677 20 29 1
993 : 239 1599 31 19 0
994 : 239 1782 24 24 0
995 : 318 1722 21 28 1
996 : 81 1637 30 19 0
997 : 396 1726 28 20 0
998 : 621 1751 22 27 1
999 : 986 373 13 44 0
