1000 9019
0 : 0 6873 340 857 1
1 : 408 8296 104 178 1
2 : 0 6484 943 389 0
3 : 233 7213 189 491 1
4 : 0 7404 146 162 0
5 : 931 1913 33 963 0
6 : 536 5018 497 135 1
7 : 0 4366 652 992 1
8 : 761 3605 121 598 0
9 : 943 5018 42 727 0
10 : 776 7721 142 505 0
11 : 882 8335 24 83 1
12 : 0 7721 150 776 1
13 : 882 2826 49 921 0
14 : 0 5534 493 677 1
15 : 0 8808 85 886 1
16 : 0 8624 421 99 0
17 : 0 980 970 933 0
18 : 677 5018 252 738 0
19 : 677 5756 561 246 1
20 : 0 2826 882 779 0
21 : 985 5018 298 2 1
22 : 233 7402 452 169 0
23 : 629 8335 253 49 0
24 : 689 7871 338 87 1
25 : 146 7404 81 148 0
26 : 0 8960 59 375 1
27 : 0 6027 457 647 1
28 : 677 6461 12 189 1
29 : 685 7402 8 169 0
30 : 0 7213 191 233 1
31 : 0 8723 85 947 1
32 : 0 8161 629 135 0
33 : 0 8413 965 107 0
34 : 629 8226 359 109 0
35 : 0 8893 840 67 0
36 : 0 8019 538 142 0
37 : 0 8520 104 726 1
38 : 918 6873 15 871 0
39 : 677 6317 144 230 1
40 : 408 8400 10 114 1
41 : 0 3605 761 761 0
42 : 0 0 984 980 0
43 : 0 8296 408 117 0
44 : 677 6473 9 189 1
45 : 0 1913 931 913 0
46 : 0 5018 516 536 1
47 : 0 7571 150 906 1
48 : 0 7871 689 148 0
49 : 761 4203 103 146 0
