92 193
0 : 18 171 11 9 1
1 : 86 168 1 1 0
2 : 0 171 9 11 0
3 : 88 133 1 29 0
4 : 9 171 9 11 0
5 : 37 50 19 15 0
6 : 50 0 50 29 1
7 : 0 144 1 19 1
8 : 0 50 18 18 0
9 : 27 158 12 45 1
10 : 56 50 19 15 0
11 : 72 158 14 12 0
12 : 27 170 12 45 1
13 : 59 145 27 13 0
14 : 19 119 43 13 0
15 : 79 0 55 13 1
16 : 0 145 31 13 0
17 : 18 50 19 15 0
18 : 0 182 11 79 1
19 : 0 0 50 50 0
20 : 86 102 2 37 0
21 : 52 132 31 13 0
22 : 0 68 92 17 0
23 : 62 119 21 13 0
24 : 79 170 11 9 0
25 : 19 132 33 13 0
26 : 31 145 28 13 0
27 : 86 139 1 29 0
28 : 79 55 13 10 0
29 : 0 158 27 13 0
30 : 0 85 17 88 1
31 : 0 119 19 15 0
32 : 87 139 1 19 0
33 : 0 102 86 17 0
34 : 88 85 1 48 0
35 : 13 134 4 6 0
36 : 0 134 13 10 0
37 : 13 140 4 6 1
