3000 5058
0 : 2681 4585 365 185 1
1 : 1108 4456 378 200 0
2 : 1108 4656 410 165 0
3 : 1108 4821 425 148 0
4 : 2665 2811 425 296 1
5 : 2866 4585 439 116 1
6 : 2462 0 464 1006 0
7 : 1590 1121 520 205 1
8 : 592 3854 520 350 1
9 : 1574 4401 540 530 0
10 : 1575 2262 549 1413 1
11 : 0 572 549 1882 1
12 : 555 4456 553 496 0
13 : 2423 3383 555 755 0
14 : 0 4426 555 496 0
15 : 1574 3846 555 659 1
16 : 2114 4585 567 473 0
17 : 0 3854 572 592 1
18 : 0 2837 572 975 1
19 : 1490 2811 572 1175 1
20 : 0 1693 572 1575 1
21 : 1590 1690 572 1390 1
22 : 0 2265 572 1490 1
23 : 0 1121 572 1590 1
24 : 1890 0 572 1690 0
25 : 0 0 572 1890 1
26 : 949 3846 610 625 1
27 : 2462 1006 660 490 1
28 : 2233 4138 690 447 0
29 : 0 3409 949 445 0
30 : 975 2837 949 478 1
31 : 1453 3383 970 463 0
