1000 9647
0 : 0 1424 340 857 1
1 : 677 3582 104 178 0
2 : 0 887 943 389 0
3 : 0 3326 189 491 1
4 : 677 3760 146 162 0
5 : 0 0 33 963 1
6 : 0 2293 497 135 0
7 : 0 2428 652 992 1
8 : 857 1276 121 598 0
9 : 0 591 42 727 1
10 : 738 1874 142 505 0
11 : 726 783 24 83 0
12 : 0 633 150 776 1
13 : 0 33 49 921 1
14 : 0 4081 493 677 1
15 : 0 289 85 886 1
16 : 0 3080 421 99 0
17 : 0 5544 970 933 0
18 : 0 1899 252 738 1
19 : 421 3080 561 246 0
20 : 0 4574 882 779 0
21 : 965 0 298 2 1
22 : 491 3326 452 169 0
23 : 776 591 253 49 1
24 : 491 3495 338 87 0
25 : 825 591 81 148 0
26 : 880 1874 59 375 0
27 : 0 3624 457 647 1
28 : 0 3305 12 189 1
29 : 0 3317 8 169 1
30 : 0 5353 191 233 1
31 : 0 82 85 947 1
32 : 0 1764 629 135 0
33 : 0 167 965 107 0
34 : 0 3515 359 109 0
35 : 0 374 840 67 0
36 : 0 2151 538 142 0
37 : 0 783 104 726 1
38 : 0 274 15 871 1
39 : 538 2151 144 230 0
40 : 408 3179 10 114 0
41 : 0 8886 761 761 0
42 : 0 7906 984 980 0
43 : 0 3179 408 117 0
44 : 0 3296 9 189 1
45 : 0 6993 931 913 0
46 : 0 6477 516 536 1
47 : 0 441 150 906 1
48 : 0 1276 689 148 0
49 : 689 1276 103 146 0
