100 1171
0 : 78 980 17 90 0
1 : 0 282 68 76 1
2 : 78 1100 14 68 0
3 : 0 1100 22 76 1
4 : 0 612 38 83 1
5 : 0 832 29 87 1
6 : 0 350 40 100 1
7 : 0 573 39 83 1
8 : 0 213 69 77 1
9 : 87 756 1 99 0
10 : 0 446 77 57 0
11 : 77 213 17 100 0
12 : 0 1087 13 94 1
13 : 0 729 90 27 0
14 : 0 953 27 84 1
15 : 0 390 56 83 1
16 : 0 1141 78 16 0
17 : 0 1018 31 78 1
18 : 0 1049 38 71 1
19 : 90 573 8 86 0
20 : 94 213 90 3 1
21 : 0 691 38 79 1
22 : 0 943 10 66 1
23 : 78 861 21 92 0
24 : 0 1157 14 66 1
25 : 83 390 7 89 0
26 : 0 898 45 68 1
27 : 0 786 46 70 1
28 : 89 83 4 73 0
29 : 0 980 38 72 1
30 : 0 650 41 80 1
31 : 0 83 82 89 1
32 : 91 390 6 88 0
33 : 0 543 30 98 1
34 : 0 165 99 48 0
35 : 0 756 30 87 1
36 : 0 1122 19 77 1
37 : 0 0 83 95 1
38 : 0 861 78 37 0
39 : 0 503 40 91 1
