100 78
0 : 0 0 5 4 0
1 : 5 0 3 13 1
2 : 18 0 49 3 0
3 : 67 0 3 5 1
4 : 72 0 5 5 0
5 : 77 0 3 5 1
6 : 82 0 5 5 0
7 : 87 0 3 3 0
8 : 90 0 4 10 1
9 : 5 3 3 4 1
10 : 9 3 4 11 1
11 : 20 3 3 7 1
12 : 27 3 9 8 0
13 : 36 3 7 33 1
14 : 77 3 5 5 0
15 : 0 4 5 3 0
16 : 90 4 4 5 1
17 : 95 4 5 4 0
18 : 69 3 5 3 1
19 : 72 5 3 5 1
20 : 69 8 12 5 0
21 : 87 3 3 3 0
22 : 82 5 3 4 1
23 : 5 6 3 3 0
24 : 20 6 3 5 1
25 : 0 7 5 3 0
26 : 9 7 3 5 1
27 : 90 8 3 7 1
28 : 14 7 5 5 0
29 : 81 8 5 3 0
30 : 87 6 5 3 1
31 : 36 10 3 7 1
32 : 20 9 5 3 0
33 : 97 8 3 3 0
34 : 0 10 3 4 1
35 : 9 10 5 4 0
36 : 43 10 4 4 0
37 : 5 9 3 4 0
38 : 47 10 3 3 0
39 : 50 10 4 8 1
40 : 58 10 5 4 0
41 : 63 10 5 3 0
42 : 27 11 4 3 0
43 : 87 11 12 33 0
44 : 31 11 3 5 1
45 : 81 11 3 3 0
46 : 14 12 4 4 0
47 : 20 12 3 5 1
48 : 36 13 5 5 0
49 : 63 13 5 4 0
50 : 69 13 7 3 0
51 : 76 13 5 3 0
52 : 0 13 5 4 1
53 : 9 14 5 3 0
54 : 5 13 3 4 0
55 : 27 14 3 4 1
56 : 31 14 3 5 1
57 : 47 13 3 3 0
58 : 43 14 3 4 1
59 : 50 14 7 3 0
60 : 69 16 5 8 1
61 : 87 44 34 12 1
62 : 57 14 5 5 0
