200 263
0 : 35 244 8 47 1
1 : 0 50 143 26 0
2 : 0 191 16 107 1
3 : 143 0 33 95 0
4 : 78 252 5 21 1
5 : 64 126 54 40 0
6 : 0 229 84 15 0
7 : 147 218 32 25 0
8 : 150 95 52 45 1
9 : 130 243 13 39 1
10 : 77 171 86 20 0
11 : 0 0 50 77 1
12 : 73 95 77 31 0
13 : 118 147 24 74 1
14 : 66 252 11 12 1
15 : 0 207 22 65 1
16 : 147 191 27 53 1
17 : 84 230 14 46 1
18 : 169 243 17 9 1
19 : 179 241 15 21 1
20 : 35 252 31 6 0
21 : 82 244 8 38 1
22 : 0 166 23 77 1
23 : 0 244 12 35 1
24 : 120 244 5 12 0
25 : 179 218 20 23 0
26 : 0 76 73 40 0
27 : 107 191 40 39 0
28 : 0 116 64 37 0
