100 2610
0 : 0 0 38 90 1
1 : 0 38 24 82 1
2 : 0 62 18 75 1
3 : 0 80 88 98 0
4 : 0 178 27 97 0
5 : 90 0 4 99 0
6 : 27 178 14 85 0
7 : 41 178 24 85 0
8 : 27 263 28 76 0
9 : 27 339 46 35 1
10 : 65 178 20 69 0
11 : 0 275 21 79 0
12 : 21 385 41 99 0
13 : 21 484 49 88 0
14 : 21 572 39 96 0
15 : 21 668 30 82 0
16 : 70 247 15 95 0
17 : 70 342 14 95 0
18 : 0 354 19 96 0
19 : 21 750 50 93 0
20 : 70 437 1 99 0
21 : 21 843 40 75 0
22 : 71 437 11 69 0
23 : 19 918 82 66 1
24 : 19 1000 49 76 0
25 : 19 1076 85 47 1
26 : 19 1161 64 79 0
27 : 19 1240 27 69 0
28 : 60 572 8 97 0
29 : 46 1240 28 94 0
30 : 46 1334 30 75 0
31 : 46 1409 32 69 0
32 : 46 1478 29 90 0
33 : 46 1568 39 99 0
34 : 75 62 7 11 0
35 : 0 450 100 18 1
36 : 19 1667 61 88 0
37 : 68 1000 12 76 0
38 : 19 1755 45 79 0
39 : 19 1834 28 95 0
40 : 55 263 6 67 0
41 : 19 1929 47 46 1
42 : 19 1976 45 39 0
43 : 19 1309 19 84 0
44 : 66 1076 12 85 0
45 : 19 2015 44 91 0
46 : 19 2106 56 70 0
47 : 19 1393 21 82 0
48 : 19 2176 30 77 0
49 : 74 1240 2 93 0
50 : 47 1834 31 14 1
51 : 19 2253 35 89 0
52 : 51 668 9 76 0
53 : 19 1475 22 68 0
54 : 19 1543 16 79 0
55 : 35 1543 11 68 0
56 : 19 2342 50 84 0
57 : 75 1478 3 87 0
58 : 19 2426 62 86 0
59 : 0 2512 98 86 1
