200 438
0 : 0 0 110 32 0
1 : 110 0 12 33 1
2 : 0 32 78 15 0
3 : 143 0 62 18 1
4 : 161 0 16 53 0
5 : 0 47 37 76 1
6 : 177 0 14 97 0
7 : 110 12 28 43 0
8 : 191 0 16 9 1
9 : 78 32 15 22 1
10 : 0 84 64 19 0
11 : 100 32 10 13 0
12 : 138 12 4 27 0
13 : 76 47 12 13 1
14 : 191 16 3 6 1
15 : 110 55 7 22 1
16 : 161 53 67 16 1
17 : 110 62 27 14 1
18 : 76 59 13 41 0
19 : 0 103 78 35 1
20 : 0 181 30 115 0
21 : 100 45 8 54 0
22 : 35 103 20 91 0
23 : 191 19 6 6 0
24 : 143 62 72 12 1
25 : 161 120 15 92 0
26 : 0 296 22 58 0
27 : 191 25 19 6 1
28 : 55 103 38 48 0
29 : 55 151 21 61 0
30 : 110 89 10 38 0
31 : 0 354 22 47 0
32 : 0 401 22 37 0
33 : 191 44 5 30 0
34 : 64 84 5 9 0
35 : 69 84 3 15 0
36 : 177 97 24 10 1
37 : 35 194 20 37 0
38 : 76 151 18 13 1
39 : 55 212 23 19 1
40 : 35 235 41 27 1
41 : 93 47 18 5 1
42 : 132 55 6 11 0
43 : 35 276 39 24 1
44 : 124 62 21 6 1
45 : 35 315 62 17 1
46 : 161 212 20 15 1
47 : 76 100 3 8 1
48 : 100 99 44 7 1
