100 2057
0 : 45 4 17 90 0
1 : 0 1823 68 76 1
2 : 45 361 14 68 0
3 : 0 540 22 76 0
4 : 0 884 38 83 0
5 : 0 282 29 87 0
6 : 0 182 40 100 0
7 : 0 967 39 83 0
8 : 0 1891 69 77 0
9 : 0 0 1 99 1
10 : 0 1651 77 57 1
11 : 0 4 17 100 0
12 : 24 4 13 94 0
13 : 45 194 90 27 1
14 : 0 369 27 84 0
15 : 0 1430 56 83 0
16 : 0 104 78 16 1
17 : 0 806 31 78 0
18 : 0 1359 38 71 0
19 : 37 4 8 86 0
20 : 0 1 90 3 0
21 : 0 1050 38 79 0
22 : 30 282 10 66 0
23 : 62 4 21 92 0
24 : 45 429 14 66 0
25 : 17 4 7 89 0
26 : 0 1583 45 68 0
27 : 0 1513 46 70 0
28 : 83 4 4 73 0
29 : 0 1287 38 72 0
30 : 0 1207 41 80 0
31 : 0 1968 82 89 0
32 : 90 1 6 88 0
33 : 45 96 30 98 0
34 : 0 616 99 48 1
35 : 0 453 30 87 0
36 : 45 284 19 77 0
37 : 0 1728 83 95 0
38 : 0 1129 78 37 1
39 : 0 715 40 91 0
