40400 45403
0 : 30214 39584 4629 1596 0
1 : 12049 39163 2919 783 1
2 : 37793 10744 8067 1832 1
3 : 23449 27197 7180 2974 0
4 : 38613 41970 1685 1708 1
5 : 11211 43012 2029 601 0
6 : 0 0 15046 7040 0
7 : 30629 28229 6726 7039 1
8 : 31306 20917 7958 5170 0
9 : 19414 39609 3621 4223 1
10 : 7910 31841 4358 6846 1
11 : 0 37333 6272 1268 0
12 : 6272 37690 6171 1473 0
13 : 31117 41180 3448 1249 0
14 : 0 14900 6389 10170 1
15 : 7910 26749 7910 5092 0
16 : 0 10271 4629 11306 1
17 : 25670 42691 1279 1621 1
18 : 23449 33348 3529 6846 1
19 : 34843 40886 3770 3117 0
20 : 0 40424 3924 3177 0
21 : 12832 42456 2672 556 0
22 : 15046 5406 15046 5222 0
23 : 15504 42456 2050 2287 1
24 : 0 21289 7958 5152 0
25 : 23637 42691 1063 2033 1
26 : 0 38601 1823 5782 1
27 : 5782 39163 4047 5429 1
28 : 6726 36199 6416 1491 0
29 : 3924 40424 859 2104 0
30 : 30092 0 6378 12850 0
31 : 36470 0 10744 2912 1
32 : 25585 38234 4629 2353 0
33 : 11211 39163 2919 838 1
34 : 32779 12850 8067 5014 1
35 : 31117 42429 3139 2974 0
36 : 17791 42456 1685 1469 1
37 : 4783 40424 2029 824 1
38 : 15046 0 15046 5406 0
39 : 0 34004 6726 3329 0
40 : 22050 19239 7958 9256 1
41 : 39047 35075 1080 4223 0
42 : 37668 28229 2407 6846 0
43 : 13142 37160 6272 5296 0
44 : 19414 38234 6171 1375 0
45 : 5747 43210 1253 1249 0
46 : 22050 12850 6389 10729 1
47 : 0 26441 7910 7563 0
48 : 30295 34955 4629 6465 1
49 : 13240 43012 503 1621 1
50 : 15820 27197 7629 6846 0
51 : 14756 34043 6549 3117 0
52 : 23449 30171 6978 3177 0
53 : 39047 39298 2672 869 1
54 : 0 7040 15046 3231 0
55 : 36760 35075 4676 2287 1
56 : 31306 26087 7958 2142 0
57 : 27479 41180 3638 2033 0
58 : 3924 42528 1823 1064 0
59 : 34843 39751 4047 1135 0
60 : 21305 36877 6416 1357 0
61 : 23637 40587 3842 2104 0
62 : 10170 20371 6378 8049 1
63 : 11306 10628 10744 9743 0
