200 214
0 : 65 68 66 25 0
1 : 125 167 14 30 1
2 : 106 195 18 14 0
3 : 0 110 43 34 0
4 : 131 68 59 30 0
5 : 31 144 10 16 0
6 : 153 0 8 33 0
7 : 171 98 22 47 0
8 : 65 52 18 16 0
9 : 0 183 26 13 0
10 : 89 175 24 17 0
11 : 124 203 26 4 0
12 : 56 192 7 28 1
13 : 113 181 26 14 0
14 : 56 93 30 51 1
15 : 43 135 39 25 0
16 : 106 192 7 3 0
17 : 69 204 19 9 0
18 : 44 199 25 6 0
19 : 83 36 8 14 0
20 : 83 50 18 78 1
21 : 176 197 14 17 1
22 : 43 123 62 12 0
23 : 107 98 15 64 1
24 : 107 93 16 5 0
25 : 82 138 46 13 0
26 : 168 154 27 26 0
27 : 107 113 12 63 1
28 : 59 184 30 8 0
29 : 0 0 36 91 1
30 : 0 144 23 31 1
31 : 56 80 8 13 0
32 : 0 196 22 9 0
33 : 128 145 9 50 1
34 : 166 125 14 4 1
35 : 153 33 8 16 0
36 : 84 192 22 12 0
37 : 161 0 57 37 1
38 : 44 193 7 6 0
39 : 89 163 12 36 1
40 : 161 57 11 29 1
41 : 0 80 30 56 1
42 : 91 0 50 62 1
43 : 105 125 61 13 0
44 : 189 145 4 7 0
45 : 26 179 7 33 1
46 : 0 167 16 26 1
47 : 82 151 12 46 1
48 : 62 163 21 27 1
49 : 0 52 28 65 1
50 : 166 139 4 4 0
51 : 0 205 9 19 1
52 : 128 154 40 13 0
53 : 44 205 6 19 1
54 : 139 181 15 22 0
55 : 31 160 19 31 1
56 : 176 180 21 17 0
57 : 51 193 5 6 0
58 : 69 199 5 15 1
59 : 26 186 30 7 0
60 : 19 207 6 19 1
61 : 124 195 8 12 1
62 : 178 145 11 8 0
63 : 155 180 19 21 1
64 : 26 193 18 14 0
65 : 62 160 3 20 1
66 : 82 135 18 3 0
67 : 0 36 83 16 0
68 : 154 199 16 13 0
69 : 41 144 2 7 0
70 : 113 175 6 10 1
71 : 128 138 37 6 0
72 : 136 195 8 3 1
