70 731
0 : 0 0 43 31 0
1 : 0 31 43 31 0
2 : 0 62 43 31 0
3 : 0 93 43 31 0
4 : 0 124 41 30 0
5 : 0 154 41 30 0
6 : 33 566 39 29 1
7 : 0 589 39 29 1
8 : 41 124 39 29 1
9 : 41 163 39 29 1
10 : 0 184 38 28 0
11 : 38 202 38 28 1
12 : 0 212 38 28 0
13 : 0 240 38 28 0
14 : 38 240 37 27 1
15 : 0 268 37 27 0
16 : 37 277 37 27 1
17 : 0 295 36 26 0
18 : 0 321 36 26 0
19 : 36 314 36 26 1
20 : 0 347 36 26 0
21 : 36 350 35 25 1
22 : 0 373 35 25 0
23 : 35 385 35 25 0
24 : 0 469 34 24 1
25 : 0 398 34 24 0
26 : 34 410 34 24 0
27 : 0 422 34 24 0
28 : 34 434 23 33 1
29 : 0 446 23 33 1
30 : 33 457 23 33 1
31 : 0 566 23 33 1
32 : 24 480 32 22 0
33 : 24 502 32 22 0
34 : 0 503 32 22 1
35 : 22 524 21 31 1
36 : 0 535 21 31 0
37 : 21 545 21 31 1
38 : 43 0 18 29 0
39 : 43 29 18 29 0
40 : 43 58 18 29 0
41 : 29 605 27 17 0
42 : 29 622 27 17 0
43 : 0 628 24 15 0
44 : 24 639 24 15 0
45 : 48 639 25 16 1
46 : 0 643 25 16 1
47 : 16 654 25 16 0
48 : 41 664 25 16 0
49 : 0 670 24 15 0
50 : 24 670 14 23 0
51 : 38 680 14 23 1
52 : 0 685 14 23 1
53 : 23 694 14 23 1
54 : 46 694 12 21 1
55 : 0 699 12 21 1
56 : 46 706 12 21 1
57 : 21 708 11 19 1
58 : 0 711 11 19 1
59 : 40 718 11 19 1
60 : 19 719 11 19 1
61 : 0 722 17 9 0
