135 432
0 : 94 368 29 18 0
1 : 113 278 49 16 1
2 : 116 386 29 16 1
3 : 0 62 75 21 0
4 : 58 400 23 16 0
5 : 0 103 88 16 0
6 : 54 248 57 18 0
7 : 0 282 42 21 0
8 : 81 336 45 16 0
9 : 62 209 61 18 0
10 : 30 354 29 20 0
11 : 0 36 67 26 0
12 : 0 312 52 16 0
13 : 0 16 93 20 0
14 : 81 402 22 16 0
15 : 40 408 19 16 1
16 : 45 334 36 20 0
17 : 0 174 55 16 0
18 : 0 0 135 16 0
19 : 63 278 50 18 0
20 : 0 383 31 16 0
21 : 42 296 53 16 0
22 : 106 131 22 18 1
23 : 0 207 62 18 0
24 : 0 153 58 21 0
25 : 0 191 71 16 0
26 : 0 328 45 16 0
27 : 0 137 85 16 0
28 : 81 352 39 16 0
29 : 95 296 40 18 1
30 : 0 399 20 21 1
31 : 0 266 63 16 0
32 : 111 227 51 18 1
33 : 71 191 63 18 0
34 : 58 384 29 16 0
35 : 0 83 73 20 0
36 : 21 408 19 16 0
37 : 87 386 29 16 0
38 : 0 245 47 20 0
39 : 0 365 29 18 0
40 : 54 227 50 21 0
41 : 52 312 34 22 0
42 : 0 225 54 20 0
43 : 106 69 62 20 1
44 : 0 344 30 21 0
45 : 31 374 27 18 0
46 : 56 416 16 16 0
47 : 103 415 19 16 0
48 : 31 392 27 16 0
49 : 58 153 66 18 0
50 : 93 16 53 34 1
51 : 0 119 76 18 0
52 : 88 69 71 18 1
53 : 58 171 58 20 0
54 : 59 368 35 16 0
