300 623
0 : 36 381 90 36 1
1 : 280 175 79 15 1
2 : 244 297 90 36 1
3 : 0 95 244 70 0
4 : 260 567 39 15 1
5 : 78 512 55 15 0
6 : 78 527 53 14 0
7 : 114 404 90 36 1
8 : 209 245 80 32 1
9 : 0 291 101 36 1
10 : 209 325 62 31 1
11 : 78 571 40 16 0
12 : 15 580 38 15 1
13 : 36 561 24 32 1
14 : 0 0 300 95 0
15 : 209 165 80 32 1
16 : 36 585 38 15 1
17 : 78 587 40 16 0
18 : 0 165 209 33 0
19 : 244 95 101 36 1
20 : 15 533 47 15 1
21 : 244 567 40 16 1
22 : 209 387 60 24 1
23 : 114 314 90 36 1
24 : 78 603 39 15 0
25 : 0 577 39 15 1
26 : 209 507 51 15 1
27 : 0 537 40 15 1
28 : 114 213 101 36 1
29 : 209 447 60 18 1
30 : 0 482 55 15 1
31 : 280 320 60 15 1
32 : 280 254 66 15 1
33 : 163 569 24 32 1
34 : 244 387 90 36 1
35 : 15 482 51 18 1
36 : 78 314 90 36 1
37 : 163 389 90 36 1
38 : 78 494 60 18 0
39 : 0 392 90 36 1
40 : 51 585 17 16 0
41 : 280 380 59 14 1
42 : 0 198 163 15 0
43 : 163 198 101 36 1
44 : 78 404 90 36 1
45 : 78 541 52 15 0
46 : 36 471 90 36 1
47 : 78 556 50 15 0
48 : 209 558 40 15 1
49 : 280 439 54 14 1
50 : 78 213 101 36 1
51 : 244 477 90 36 1
52 : 244 196 101 36 1
53 : 163 479 90 36 1
54 : 0 213 78 78 0
55 : 36 291 90 36 1
56 : 163 299 90 36 1
57 : 280 95 80 15 1
