40400 53938
0 : 20060 35029 4629 1596 1
1 : 14218 17668 2919 783 1
2 : 30942 28745 8067 1832 1
3 : 8049 22297 7180 2974 1
4 : 11306 39100 1685 1708 1
5 : 14218 20587 2029 601 1
6 : 0 0 15046 7040 0
7 : 15046 22521 6726 7039 1
8 : 0 28675 7958 5170 0
9 : 0 48280 3621 4223 1
10 : 15046 37314 4358 6846 0
11 : 33700 14336 6272 1268 1
12 : 38640 6416 6171 1473 1
13 : 30942 36812 3448 1249 1
14 : 15046 16132 6389 10170 1
15 : 0 33845 7910 5092 0
16 : 0 17668 4629 11306 1
17 : 35046 39998 1279 1621 1
18 : 25790 43168 3529 6846 0
19 : 22085 29070 3770 3117 1
20 : 25790 50014 3924 3177 1
21 : 25216 16132 2672 556 1
22 : 0 12446 15046 5222 0
23 : 22085 37516 2050 2287 1
24 : 25790 28745 7958 5152 1
25 : 22085 39566 1063 2033 1
26 : 20060 29247 1823 5782 0
27 : 0 44233 4047 5429 1
28 : 38640 0 6416 1491 1
29 : 33700 27503 859 2104 0
30 : 25790 0 6378 12850 1
31 : 11306 17668 10744 2912 1
32 : 8049 29477 4629 2353 1
33 : 38640 23050 2919 838 1
34 : 15046 29247 8067 5014 1
35 : 15046 50886 3139 2974 0
36 : 6272 38937 1685 1469 1
37 : 38640 25969 2029 824 1
38 : 0 7040 15046 5406 0
39 : 15046 44160 6726 3329 1
40 : 25790 6378 7958 9256 1
41 : 33700 20608 1080 4223 0
42 : 11306 28412 2407 6846 0
43 : 0 38937 6272 5296 0
44 : 8049 34106 6171 1375 1
45 : 30942 40260 1253 1249 1
46 : 15046 9743 6389 10729 1
47 : 25790 14336 7910 7563 0
48 : 25790 36703 4629 6465 0
49 : 25216 18804 503 1621 0
50 : 25790 21899 7629 6846 0
51 : 22085 22521 6549 3117 1
52 : 35046 21424 6978 3177 1
53 : 33700 24831 2672 869 1
54 : 35046 6378 15046 3231 1
55 : 22085 32840 4676 2287 1
56 : 35046 28402 7958 2142 1
57 : 35046 36360 3638 2033 1
58 : 20060 39658 1823 1064 1
59 : 38640 19003 4047 1135 1
60 : 38640 12587 6416 1357 1
61 : 11306 35258 3842 2104 1
62 : 0 22297 6378 8049 1
63 : 15046 0 10744 9743 0
