200 257
0 : 0 86 15 72 1
1 : 122 95 15 47 0
2 : 189 0 67 11 1
3 : 110 0 56 39 0
4 : 159 93 6 35 0
5 : 143 213 11 17 0
6 : 50 152 8 20 0
7 : 110 148 22 8 1
8 : 110 170 8 12 0
9 : 99 65 3 16 0
10 : 176 174 11 9 1
11 : 176 66 9 61 0
12 : 102 44 47 7 1
13 : 122 246 11 11 0
14 : 137 125 5 18 0
15 : 159 153 6 22 0
16 : 50 179 5 7 1
17 : 102 156 6 14 0
18 : 0 232 25 21 0
19 : 185 66 22 4 1
20 : 143 230 16 11 1
21 : 72 182 33 17 1
22 : 50 172 8 7 0
23 : 185 130 4 8 0
24 : 0 0 26 110 1
25 : 118 121 11 4 1
26 : 86 86 58 12 1
27 : 122 39 56 21 1
28 : 0 44 21 102 1
29 : 159 128 6 25 0
30 : 50 101 9 51 0
31 : 122 230 16 11 1
32 : 137 95 30 5 1
33 : 176 162 12 9 1
34 : 118 132 4 6 0
35 : 143 168 26 16 1
36 : 110 39 68 12 1
37 : 36 178 20 10 1
38 : 0 211 21 26 1
39 : 122 176 20 12 1
40 : 143 93 49 16 1
41 : 102 128 6 28 0
42 : 99 121 11 3 1
43 : 36 141 37 12 1
44 : 189 157 9 18 0
45 : 198 118 2 9 0
46 : 137 161 5 14 0
47 : 185 106 15 4 1
48 : 189 118 39 9 1
49 : 166 66 64 10 1
50 : 166 130 32 7 1
51 : 143 142 16 26 0
52 : 0 65 99 21 0
53 : 72 144 38 19 1
54 : 0 166 23 32 1
55 : 102 91 6 37 0
56 : 143 39 22 54 0
57 : 0 141 25 36 1
58 : 0 101 50 27 0
59 : 0 189 27 22 0
60 : 110 107 8 41 0
61 : 166 0 66 23 1
62 : 102 170 8 5 1
63 : 99 81 15 3 1
64 : 122 196 18 12 1
65 : 185 121 9 4 1
66 : 198 127 6 2 1
67 : 91 167 9 6 1
68 : 137 175 5 8 0
69 : 185 88 4 18 0
70 : 143 194 15 19 0
71 : 159 175 8 5 1
72 : 118 107 14 4 1
73 : 0 128 48 13 0
74 : 72 240 14 14 0
75 : 59 145 23 10 1
76 : 137 143 5 18 0
77 : 59 168 10 23 0
78 : 189 67 51 11 1
79 : 72 86 58 14 1
80 : 166 162 7 12 0
81 : 189 175 10 9 1
82 : 122 214 16 12 1
83 : 99 96 13 3 1
84 : 176 127 35 9 1
85 : 122 142 34 12 1
86 : 72 215 17 25 0
87 : 173 130 3 3 0
88 : 91 144 7 23 0
89 : 59 191 10 20 0
90 : 0 26 109 18 0
91 : 166 174 7 7 0
92 : 91 176 6 6 0
93 : 59 101 44 13 1
94 : 109 26 3 1 1
95 : 99 109 3 12 0
96 : 36 198 10 11 0
