1000 52187
0 : 0 15364 602 738 0
1 : 0 7622 897 620 1
2 : 0 11140 743 708 1
3 : 0 47629 308 409 0
4 : 0 42274 447 477 0
5 : 184 48562 421 71 1
6 : 0 51582 167 331 0
7 : 0 46024 667 149 1
8 : 0 20750 792 493 1
9 : 0 46691 190 567 0
10 : 0 38426 320 711 0
11 : 0 11883 891 518 1
12 : 0 18452 750 559 1
13 : 0 49444 220 428 0
14 : 255 48989 10 55 0
15 : 0 22191 990 287 1
16 : 0 0 986 840 0
17 : 0 42751 482 431 1
18 : 0 44523 393 471 0
19 : 141 48038 524 139 1
20 : 576 3103 963 110 1
21 : 0 6651 554 971 0
22 : 149 46024 143 657 0
23 : 0 23181 621 642 0
24 : 0 21542 628 649 0
25 : 0 12774 633 770 0
26 : 0 48611 473 184 1
27 : 493 20750 729 109 1
28 : 0 40336 601 395 1
29 : 153 43233 151 693 0
30 : 0 49872 342 281 1
31 : 246 28153 82 351 0
32 : 0 43992 531 361 1
33 : 372 30733 82 636 0
34 : 0 840 926 836 0
35 : 0 2368 844 735 0
36 : 0 27670 246 940 0
37 : 0 37559 867 175 1
38 : 0 24469 560 664 0
39 : 0 16102 896 438 1
40 : 0 16998 711 613 1
41 : 0 19202 860 446 1
42 : 0 32153 182 927 0
43 : 0 44994 579 258 1
44 : 0 30733 753 372 1
45 : 0 43233 153 759 0
46 : 0 47258 361 371 0
47 : 356 43233 519 5 1
48 : 175 37559 866 129 1
49 : 0 33806 826 260 1
50 : 0 50214 361 202 1
51 : 0 29396 475 664 0
52 : 246 27670 125 483 0
53 : 0 8519 541 953 0
54 : 0 48038 573 141 1
55 : 0 49084 294 360 0
56 : 573 10259 95 681 0
57 : 189 40937 733 204 1
58 : 0 25133 907 307 1
59 : 0 9472 677 787 0
60 : 0 36851 345 708 0
61 : 0 39137 398 612 0
62 : 0 35493 572 490 1
63 : 0 39749 587 412 1
64 : 0 36065 275 786 0
65 : 0 34632 861 214 1
66 : 0 3103 997 576 1
67 : 0 51282 300 211 1
68 : 0 40937 790 189 1
69 : 0 51913 274 183 1
70 : 0 1676 893 692 0
71 : 0 13544 470 908 0
72 : 0 31486 456 667 0
73 : 0 17709 578 743 0
74 : 0 50955 196 327 0
75 : 190 46681 68 404 0
76 : 0 50575 162 380 0
77 : 275 36065 563 59 1
78 : 0 10259 881 573 1
79 : 287 22191 910 310 1
80 : 0 45573 367 451 0
81 : 0 4916 898 640 1
82 : 304 43233 697 52 1
83 : 0 23823 588 646 0
84 : 0 20062 604 688 0
85 : 454 30733 469 1 1
86 : 0 30060 673 461 1
87 : 258 44994 105 307 0
88 : 0 26040 842 370 1
89 : 0 26882 405 788 0
90 : 0 14452 450 912 0
91 : 0 4100 816 750 1
92 : 182 32153 881 179 1
93 : 255 48562 16 427 0
94 : 0 41727 547 413 1
95 : 0 5814 689 837 0
96 : 0 28610 380 786 0
97 : 304 37559 13 616 0
98 : 438 16102 783 143 1
99 : 0 33080 373 726 0
