1000 16363
0 : 0 8141 340 857 0
1 : 536 5358 104 178 0
2 : 0 7198 943 389 1
3 : 0 10488 189 491 0
4 : 0 13802 146 162 0
5 : 931 1913 33 963 0
6 : 0 15866 497 135 1
7 : 0 4366 652 992 0
8 : 761 3605 121 598 0
9 : 882 4000 42 727 0
10 : 0 14732 142 505 0
11 : 931 2876 24 83 0
12 : 0 12337 150 776 0
13 : 882 2826 49 921 0
14 : 0 5874 493 677 0
15 : 761 5914 85 886 0
16 : 536 5536 421 99 1
17 : 0 980 970 933 0
18 : 0 8998 252 738 0
19 : 0 9736 561 246 1
20 : 0 2826 882 779 0
21 : 996 871 298 2 1
22 : 0 10979 452 169 1
23 : 882 3747 253 49 1
24 : 761 5576 338 87 1
25 : 536 5957 81 148 0
26 : 652 6544 59 375 0
27 : 0 6551 457 647 0
28 : 984 871 12 189 0
29 : 970 1094 8 169 0
30 : 0 10297 191 233 1
31 : 652 5597 85 947 0
32 : 0 15237 629 135 1
33 : 761 4611 965 107 1
34 : 652 4366 359 109 1
35 : 536 6105 840 67 1
36 : 0 14194 538 142 1
37 : 652 4725 104 726 0
38 : 984 0 15 871 0
39 : 0 13964 144 230 0
40 : 970 980 10 114 0
41 : 0 3605 761 761 0
42 : 0 0 984 980 0
43 : 761 4203 408 117 1
44 : 984 1060 9 189 0
45 : 0 1913 931 913 0
46 : 0 5358 516 536 1
47 : 0 11431 150 906 0
48 : 0 13113 689 148 1
49 : 652 5451 103 146 0
