92 276
0 : 74 155 11 9 0
1 : 87 53 1 1 0
2 : 74 164 9 11 1
3 : 91 17 1 29 0
4 : 27 166 9 11 1
5 : 0 219 19 15 1
6 : 0 101 50 29 0
7 : 91 46 1 19 0
8 : 0 182 18 18 0
9 : 74 51 12 45 0
10 : 0 238 19 15 1
11 : 74 141 14 12 1
12 : 74 96 12 45 0
13 : 0 156 27 13 0
14 : 0 130 43 13 0
15 : 61 51 55 13 1
16 : 0 143 31 13 0
17 : 0 200 19 15 1
18 : 50 51 11 79 0
19 : 0 51 50 50 0
20 : 89 17 2 37 0
21 : 43 130 31 13 1
22 : 0 0 92 17 0
23 : 43 161 21 13 1
24 : 61 167 11 9 0
25 : 61 106 33 13 1
26 : 61 139 28 13 1
27 : 86 34 1 29 0
28 : 31 143 13 10 1
29 : 0 169 27 13 0
30 : 0 17 17 88 1
31 : 0 257 19 15 1
32 : 87 34 1 19 0
33 : 0 34 86 17 0
34 : 88 17 1 48 0
35 : 56 130 4 6 0
36 : 27 156 13 10 0
37 : 56 136 4 6 0
