200 217
0 : 110 0 15 72 1
1 : 51 93 15 47 1
2 : 110 15 67 11 0
3 : 141 138 56 39 0
4 : 93 115 6 35 1
5 : 0 180 11 17 1
6 : 111 155 8 20 1
7 : 66 141 22 8 0
8 : 108 190 8 12 1
9 : 178 15 3 16 0
10 : 132 196 11 9 0
11 : 102 48 9 61 1
12 : 51 86 47 7 0
13 : 58 198 11 11 0
14 : 66 149 5 18 1
15 : 141 128 6 22 1
16 : 93 108 5 7 0
17 : 140 177 6 14 1
18 : 152 194 25 21 0
19 : 128 115 22 4 0
20 : 136 185 16 11 0
21 : 23 154 33 17 0
22 : 44 198 8 7 0
23 : 102 44 4 8 1
24 : 0 18 26 110 1
25 : 178 45 11 4 1
26 : 182 0 58 12 1
27 : 98 94 56 21 0
28 : 0 44 21 102 1
29 : 66 135 6 25 1
30 : 0 86 9 51 1
31 : 120 185 16 11 0
32 : 93 121 30 5 0
33 : 120 196 12 9 0
34 : 123 121 4 6 0
35 : 56 159 26 16 0
36 : 110 26 68 12 0
37 : 0 156 20 10 0
38 : 82 190 21 26 1
39 : 120 173 20 12 0
40 : 0 95 49 16 0
41 : 0 133 6 28 1
42 : 20 156 11 3 1
43 : 54 123 37 12 0
44 : 0 171 9 18 1
45 : 111 163 2 9 1
46 : 0 166 5 14 1
47 : 84 149 15 4 1
48 : 54 114 39 9 0
49 : 110 38 64 10 0
50 : 163 119 32 7 0
51 : 20 171 16 26 1
52 : 0 65 99 21 0
53 : 28 135 38 19 0
54 : 46 175 23 32 1
55 : 54 108 6 37 1
56 : 0 111 22 54 1
57 : 84 165 25 36 1
58 : 91 128 50 27 0
59 : 17 187 27 22 0
60 : 189 58 8 41 0
61 : 99 71 66 23 0
62 : 74 154 8 5 0
63 : 23 139 15 3 1
64 : 179 177 18 12 0
65 : 46 171 9 4 0
66 : 91 108 6 2 1
67 : 131 155 9 6 0
68 : 189 99 5 8 1
69 : 141 134 4 18 1
70 : 179 189 15 19 1
71 : 165 99 8 5 0
72 : 178 31 14 4 1
73 : 176 58 48 13 1
74 : 0 203 14 14 0
75 : 88 155 23 10 0
76 : 56 154 5 18 1
77 : 0 146 10 23 1
78 : 165 48 51 11 1
79 : 102 57 58 14 0
80 : 154 94 7 12 0
81 : 143 196 10 9 1
82 : 0 191 16 12 0
83 : 160 57 13 3 1
84 : 128 119 35 9 0
85 : 163 126 34 12 0
86 : 154 177 17 25 1
87 : 51 108 3 3 0
88 : 0 139 7 23 1
89 : 120 163 10 20 1
90 : 0 0 109 18 0
91 : 69 198 7 7 0
92 : 52 198 6 6 0
93 : 154 106 44 13 0
94 : 160 70 3 1 0
95 : 88 141 3 12 0
96 : 108 198 10 11 1
