1000 29497
0 : 0 10286 602 738 1
1 : 0 8449 897 620 0
2 : 0 3161 743 708 0
3 : 0 24120 308 409 1
4 : 0 19230 447 477 1
5 : 572 16428 421 71 1
6 : 398 21487 167 331 0
7 : 743 10521 667 149 1
8 : 0 15935 792 493 0
9 : 327 27952 190 567 1
10 : 0 24820 320 711 1
11 : 0 15417 891 518 0
12 : 0 13763 750 559 0
13 : 673 17863 220 428 0
14 : 646 11451 10 55 1
15 : 0 26051 990 287 0
16 : 0 0 986 840 0
17 : 0 20528 482 431 0
18 : 0 19677 393 471 1
19 : 842 22258 524 139 1
20 : 750 13203 963 110 1
21 : 0 14322 554 971 1
22 : 0 29213 143 657 1
23 : 0 7828 621 642 1
24 : 0 7200 628 649 1
25 : 0 6567 633 770 1
26 : 0 28331 473 184 0
27 : 826 26338 729 109 1
28 : 398 21863 601 395 0
29 : 743 9828 151 693 0
30 : 360 25757 342 281 0
31 : 790 28142 82 351 0
32 : 451 23753 531 361 0
33 : 711 24475 82 636 0
34 : 0 840 926 836 0
35 : 0 2426 844 735 0
36 : 0 27131 246 940 1
37 : 0 28876 867 175 0
38 : 0 13203 560 664 1
39 : 0 20090 896 438 0
40 : 0 9069 711 613 0
41 : 477 19230 860 446 1
42 : 0 28515 182 927 1
43 : 0 26873 579 258 0
44 : 0 23011 753 372 0
45 : 743 9069 153 759 0
46 : 451 24114 361 371 1
47 : 892 10521 519 5 1
48 : 842 22782 866 129 1
49 : 0 26613 826 260 0
50 : 733 27591 361 202 1
51 : 0 16918 475 664 1
52 : 664 16428 125 483 0
53 : 0 14876 541 953 1
54 : 0 29356 573 141 0
55 : 0 25757 294 360 1
56 : 743 3161 95 681 0
57 : 0 27591 733 204 0
58 : 0 25450 907 307 0
59 : 0 5250 677 787 1
60 : 0 24475 345 708 1
61 : 0 21487 398 612 0
62 : 0 16428 572 490 0
63 : 0 21075 587 412 0
64 : 0 26338 275 786 1
65 : 0 27377 861 214 0
66 : 0 12054 997 576 0
67 : 673 18291 300 211 1
68 : 0 28142 790 189 0
69 : 702 25757 274 183 1
70 : 0 3869 893 692 0
71 : 0 17393 470 908 1
72 : 0 18324 456 667 1
73 : 0 11476 578 743 1
74 : 0 27795 196 327 1
75 : 664 13203 68 404 0
76 : 0 29051 162 380 1
77 : 646 10888 563 59 1
78 : 0 12630 881 573 0
79 : 0 25140 910 310 0
80 : 0 23753 367 451 1
81 : 0 5927 898 640 0
82 : 786 22258 697 52 1
83 : 0 10888 588 646 1
84 : 0 9682 604 688 1
85 : 981 22258 469 1 1
86 : 0 17863 673 461 0
87 : 0 27991 105 307 1
88 : 0 23383 842 370 0
89 : 587 21075 405 788 0
90 : 0 18780 450 912 1
91 : 0 1676 816 750 0
92 : 0 28697 881 179 0
93 : 0 20070 16 427 1
94 : 482 20528 547 413 1
95 : 0 4561 689 837 1
96 : 0 22258 380 786 1
97 : 793 24475 13 616 0
98 : 743 11188 783 143 1
99 : 0 22638 373 726 1
