123 508
0 : 97 244 54 15 1
1 : 97 393 39 15 1
2 : 0 331 51 17 0
3 : 0 80 90 21 0
4 : 0 122 84 25 0
5 : 0 414 43 17 0
6 : 0 48 97 17 0
7 : 97 298 49 15 1
8 : 0 380 45 17 0
9 : 0 21 120 27 0
10 : 0 259 64 17 0
11 : 0 203 67 25 0
12 : 0 478 25 15 0
13 : 97 115 65 15 1
14 : 0 493 23 15 0
15 : 0 293 59 17 0
16 : 0 348 50 17 0
17 : 97 432 33 15 1
18 : 0 310 56 21 0
19 : 0 65 92 15 0
20 : 97 48 67 15 1
21 : 0 365 46 15 0
22 : 0 276 63 17 0
23 : 0 178 72 25 0
24 : 0 147 80 31 0
25 : 0 431 38 15 0
26 : 0 463 32 15 0
27 : 97 180 64 15 1
28 : 0 446 37 17 0
29 : 0 228 65 31 0
30 : 97 465 26 15 1
31 : 0 101 89 21 0
32 : 0 397 45 17 0
33 : 0 0 123 21 0
34 : 97 347 46 15 1
