3000 5948
0 : 945 5647 365 185 0
1 : 0 5603 378 200 0
2 : 2392 5729 410 165 0
3 : 2845 5209 425 148 1
4 : 0 5307 425 296 0
5 : 945 5832 439 116 0
6 : 1489 5009 464 1006 1
7 : 425 5647 520 205 0
8 : 2495 5209 520 350 1
9 : 0 4210 540 530 0
10 : 2006 3106 549 1413 0
11 : 0 3661 549 1882 1
12 : 1095 4210 553 496 0
13 : 592 2860 555 755 1
14 : 540 4210 555 496 0
15 : 1347 3106 555 659 1
16 : 0 4740 567 473 1
17 : 0 2860 572 592 1
18 : 1490 2534 572 975 1
19 : 0 2288 572 1175 1
20 : 2315 572 572 1575 0
21 : 1590 1144 572 1390 0
22 : 0 1716 572 1490 1
23 : 0 1144 572 1590 1
24 : 625 572 572 1690 1
25 : 625 0 572 1890 1
26 : 0 0 610 625 1
27 : 1882 4519 660 490 0
28 : 2542 4519 690 447 1
29 : 1443 5473 949 445 0
30 : 540 4706 949 478 0
31 : 473 5184 970 463 0
