35 467
0 : 25 431 12 10 1
1 : 32 7 2 31 0
2 : 0 426 10 13 1
3 : 0 184 16 16 0
4 : 16 184 16 16 0
5 : 0 200 16 16 0
6 : 16 200 16 16 0
7 : 24 89 2 15 0
8 : 20 454 8 7 0
9 : 14 407 13 13 0
10 : 16 216 16 16 0
11 : 0 454 8 7 0
12 : 16 232 16 16 0
13 : 16 387 16 7 0
14 : 0 248 16 16 0
15 : 0 358 16 15 0
16 : 0 388 15 15 0
17 : 0 84 24 21 0
18 : 34 7 1 26 0
19 : 0 264 16 16 0
20 : 0 403 11 14 1
21 : 0 105 24 21 0
22 : 16 372 16 15 0
23 : 16 280 16 16 0
24 : 0 296 16 16 0
25 : 8 460 7 7 0
26 : 16 296 16 16 0
27 : 15 394 13 14 1
28 : 16 312 16 15 0
29 : 27 407 2 7 0
30 : 0 446 8 10 1
31 : 13 420 13 11 0
32 : 16 327 16 15 0
33 : 0 414 13 12 0
34 : 0 312 16 16 0
35 : 0 280 16 16 0
36 : 14 403 1 1 0
37 : 24 58 2 16 0
38 : 0 436 12 10 0
39 : 10 452 8 10 1
40 : 13 431 12 10 0
41 : 0 39 24 24 0
42 : 0 328 16 15 0
43 : 16 342 16 15 0
44 : 0 7 32 32 0
45 : 28 454 7 7 0
46 : 32 38 3 22 0
47 : 16 264 16 16 0
48 : 16 248 16 16 0
49 : 0 0 35 7 0
50 : 0 232 16 16 0
51 : 24 39 3 19 0
52 : 24 74 3 15 0
53 : 0 63 24 21 0
54 : 16 168 16 16 0
55 : 0 343 16 15 0
56 : 0 216 16 16 0
57 : 0 168 16 16 0
58 : 12 441 11 11 0
59 : 16 357 16 15 0
60 : 23 443 11 11 0
61 : 0 126 24 21 0
62 : 0 147 24 21 0
63 : 0 373 16 15 0
64 : 29 394 3 11 0
