92 250
0 : 69 98 11 9 1
1 : 17 116 1 1 0
2 : 69 76 9 11 0
3 : 78 76 1 29 0
4 : 69 87 9 11 0
5 : 0 87 19 15 1
6 : 50 0 50 29 1
7 : 16 105 1 19 0
8 : 0 50 18 18 0
9 : 35 166 12 45 0
10 : 0 106 19 15 1
11 : 18 169 14 12 1
12 : 52 167 12 45 0
13 : 18 142 27 13 1
14 : 79 55 43 13 1
15 : 79 0 55 13 1
16 : 52 136 31 13 1
17 : 0 68 19 15 1
18 : 0 171 11 79 0
19 : 0 0 50 50 0
20 : 15 68 2 37 0
21 : 79 131 31 13 1
22 : 18 50 92 17 1
23 : 79 162 21 13 1
24 : 69 109 11 9 1
25 : 79 98 33 13 1
26 : 35 138 28 13 1
27 : 15 105 1 29 0
28 : 69 50 13 10 1
29 : 0 144 27 13 1
30 : 35 50 17 88 0
31 : 0 125 19 15 1
32 : 78 105 1 19 0
33 : 52 50 86 17 1
34 : 17 68 1 48 0
35 : 69 120 4 6 1
36 : 69 63 13 10 1
37 : 69 124 4 6 1
