200 373
0 : 95 42 8 47 0
1 : 0 0 143 26 0
2 : 0 26 16 107 1
3 : 0 42 33 95 1
4 : 138 26 5 21 0
5 : 0 249 54 40 0
6 : 163 0 84 15 1
7 : 107 156 32 25 1
8 : 0 289 52 45 0
9 : 77 75 13 39 0
10 : 143 0 86 20 1
11 : 0 75 50 77 1
12 : 107 26 77 31 1
13 : 0 148 24 74 1
14 : 178 111 11 12 1
15 : 178 0 22 65 0
16 : 107 103 27 53 0
17 : 178 65 14 46 0
18 : 149 86 17 9 1
19 : 107 208 15 21 1
20 : 143 86 31 6 1
21 : 192 65 8 38 0
22 : 0 125 23 77 1
23 : 163 84 12 35 0
24 : 138 47 5 12 0
25 : 107 188 20 23 1
26 : 0 172 73 40 0
27 : 0 334 40 39 0
28 : 0 212 64 37 0
