40400 45759
0 : 38137 38622 4629 1596 1
1 : 27723 43993 2919 783 0
2 : 13572 38116 8067 1832 0
3 : 31407 35240 7180 2974 0
4 : 12194 44058 1685 1708 1
5 : 27723 44776 2029 601 0
6 : 0 0 15046 7040 0
7 : 30155 24156 6726 7039 1
8 : 23588 21354 7958 5170 1
9 : 33914 38214 3621 4223 1
10 : 31407 30882 4358 6846 1
11 : 27068 40621 6272 1268 0
12 : 0 39860 6171 1473 0
13 : 36479 43251 3448 1249 0
14 : 19985 14965 6389 10170 1
15 : 23497 30882 7910 5092 0
16 : 30155 12850 4629 11306 0
17 : 22851 44196 1279 1621 1
18 : 0 33214 3529 6846 1
19 : 17396 41771 3770 3117 0
20 : 0 41333 3924 3177 0
21 : 13902 44058 2672 556 0
22 : 15046 9743 15046 5222 0
23 : 30910 41889 2050 2287 1
24 : 15539 27732 7958 5152 0
25 : 36479 44500 1063 2033 1
26 : 13572 39948 1823 5782 1
27 : 21639 38116 4047 5429 1
28 : 38587 25790 6416 1491 1
29 : 0 44510 859 2104 1
30 : 30092 0 6378 12850 0
31 : 37194 15046 10744 2912 1
32 : 6171 41377 4629 2353 0
33 : 24804 43993 2919 838 0
34 : 0 28200 8067 5014 0
35 : 33340 41835 3139 2974 0
36 : 21166 44196 1685 1469 0
37 : 13902 44614 2029 824 0
38 : 0 7040 15046 5406 0
39 : 6846 36673 6726 3329 0
40 : 0 12446 7958 9256 1
41 : 3924 43730 1080 4223 1
42 : 27068 38214 2407 6846 1
43 : 8067 28200 6272 5296 0
44 : 6549 40002 6171 1375 0
45 : 2104 44510 1253 1249 0
46 : 9256 14965 6389 10729 1
47 : 0 20404 7910 7563 0
48 : 14339 32884 4629 6465 1
49 : 33314 44809 503 1621 1
50 : 7910 21354 7629 6846 0
51 : 0 36743 6549 3117 0
52 : 6846 33496 6978 3177 0
53 : 30642 43993 2672 869 0
54 : 36470 0 15046 3231 1
55 : 12720 41771 4676 2287 0
56 : 20804 35974 7958 2142 0
57 : 21166 42163 3638 2033 0
58 : 38512 44500 1823 1064 0
59 : 8147 43730 4047 1135 0
60 : 38587 32206 6416 1357 1
61 : 27068 41889 3842 2104 0
62 : 15539 21354 6378 8049 1
63 : 15046 0 10744 9743 0
