100 1154
0 : 0 320 17 90 1
1 : 0 919 68 76 1
2 : 81 801 14 68 0
3 : 78 725 22 76 0
4 : 0 608 38 83 1
5 : 0 449 29 87 1
6 : 0 0 40 100 1
7 : 0 569 39 83 1
8 : 0 793 69 77 1
9 : 0 105 1 99 1
10 : 0 862 77 57 0
11 : 0 40 17 100 1
12 : 0 219 13 94 1
13 : 0 293 90 27 0
14 : 0 486 27 84 1
15 : 0 513 56 83 1
16 : 84 486 78 16 1
17 : 0 762 31 78 1
18 : 0 1025 38 71 1
19 : 0 478 8 86 1
20 : 95 136 90 3 1
21 : 0 687 38 79 1
22 : 76 935 10 66 0
23 : 0 232 21 92 1
24 : 81 869 14 66 0
25 : 92 232 7 89 0
26 : 0 1109 45 68 1
27 : 0 1063 46 70 1
28 : 77 801 4 73 0
29 : 0 987 38 72 1
30 : 0 646 41 80 1
31 : 0 337 82 89 1
32 : 90 321 6 88 0
33 : 0 106 30 98 1
34 : 0 57 99 48 0
35 : 0 419 30 87 1
36 : 80 646 19 77 0
37 : 0 136 83 95 1
38 : 0 725 78 37 0
39 : 0 253 40 91 1
