100 2423
0 : 0 1201 38 90 0
1 : 56 795 24 82 0
2 : 45 1484 18 75 0
3 : 0 0 88 98 1
4 : 0 1437 27 97 0
5 : 86 638 4 99 0
6 : 56 1260 14 85 0
7 : 0 2077 24 85 0
8 : 56 952 28 76 0
9 : 44 1680 46 35 1
10 : 63 1552 20 69 0
11 : 56 1181 21 79 0
12 : 0 559 41 99 0
13 : 0 757 49 88 0
14 : 0 845 39 96 0
15 : 56 541 30 82 0
16 : 56 623 15 95 0
17 : 71 623 14 95 0
18 : 0 1981 19 96 0
19 : 0 466 50 93 0
20 : 98 0 1 99 0
21 : 56 466 40 75 0
22 : 44 1726 11 69 0
23 : 0 235 82 66 0
24 : 0 1361 49 76 0
25 : 0 1116 85 47 1
26 : 0 387 64 79 0
27 : 0 2244 27 69 0
28 : 86 541 8 97 0
29 : 0 1797 28 94 0
30 : 56 877 30 75 0
31 : 56 1112 32 69 0
32 : 0 1891 29 90 0
33 : 0 658 39 99 0
34 : 35 1689 7 11 0
35 : 64 301 100 18 1
36 : 0 174 61 88 1
37 : 45 1559 12 76 0
38 : 0 1534 45 79 0
39 : 0 1702 28 95 0
40 : 85 1484 6 67 0
41 : 45 1437 47 46 1
42 : 44 1635 45 39 1
43 : 56 1028 19 84 0
44 : 56 1345 12 85 0
45 : 0 941 44 91 0
46 : 0 1291 56 70 0
47 : 0 2162 21 82 0
48 : 56 718 30 77 0
49 : 96 174 2 93 0
50 : 0 2392 31 14 1
51 : 0 1613 35 89 0
52 : 35 1613 9 76 0
53 : 63 1484 22 68 0
54 : 0 2313 16 79 0
55 : 55 1726 11 68 0
56 : 0 1032 50 84 0
57 : 91 638 3 87 0
58 : 0 301 62 86 0
59 : 0 88 98 86 0
