40400 51503
0 : 0 0 4629 1596 0
1 : 4629 0 2919 783 0
2 : 7548 0 8067 1832 0
3 : 15615 0 7180 2974 0
4 : 22795 0 1685 1708 1
5 : 24503 0 2029 601 0
6 : 24503 601 15046 7040 0
7 : 0 1596 6726 7039 1
8 : 7039 1832 7958 5170 0
9 : 14997 2974 3621 4223 1
10 : 19220 2974 4358 6846 0
11 : 7039 7002 6272 1268 0
12 : 23578 7641 6171 1473 0
13 : 14997 6595 3448 1249 0
14 : 29749 7641 6389 10170 1
15 : 7039 8270 7910 5092 0
16 : 14949 9820 4629 11306 1
17 : 0 8322 1279 1621 1
18 : 0 9601 3529 6846 1
19 : 26255 9114 3770 3117 1
20 : 0 13130 3924 3177 0
21 : 26255 12884 2672 556 0
22 : 6846 14449 15046 5222 0
23 : 3924 13130 2050 2287 1
24 : 29372 14030 7958 5152 0
25 : 26255 13440 1063 2033 1
26 : 21892 14503 1823 5782 1
27 : 0 16307 4047 5429 1
28 : 21892 16326 6416 1491 0
29 : 37330 14030 859 2104 1
30 : 21892 19182 6378 12850 1
31 : 6211 19671 10744 2912 0
32 : 37330 14889 4629 2353 1
33 : 37330 19518 2919 838 0
34 : 5429 22583 8067 5014 0
35 : 16955 19671 3139 2974 0
36 : 34742 19182 1685 1469 0
37 : 0 20354 2029 824 0
38 : 20094 25560 15046 5406 0
39 : 2029 20354 6726 3329 1
40 : 5358 27597 7958 9256 1
41 : 35140 20651 1080 4223 1
42 : 35140 21731 2407 6846 0
43 : 14614 22645 6272 5296 1
44 : 0 21178 6171 1375 1
45 : 37547 21731 1253 1249 0
46 : 19910 30966 6389 10729 1
47 : 30639 30966 7910 7563 0
48 : 0 27349 4629 6465 0
49 : 39363 20356 503 1621 0
50 : 4629 35555 7629 6846 0
51 : 14614 28917 6549 3117 1
52 : 12258 35555 6978 3177 0
53 : 39363 21977 2672 869 1
54 : 19236 38529 15046 3231 0
55 : 0 33814 4676 2287 1
56 : 2287 33814 7958 2142 1
57 : 34282 38529 3638 2033 0
58 : 38549 24649 1823 1064 0
59 : 38549 25713 4047 1135 1
60 : 38549 29760 6416 1357 1
61 : 12258 38732 3842 2104 0
62 : 16100 41760 6378 8049 1
63 : 24149 41760 10744 9743 0
