100 3615
0 : 95 6 1 74 0
1 : 22 654 24 88 0
2 : 0 103 16 77 0
3 : 0 1 98 7 1
4 : 57 16 9 81 0
5 : 46 1388 22 71 0
6 : 47 778 29 88 0
7 : 47 580 100 39 1
8 : 37 1875 85 45 1
9 : 22 382 31 98 0
10 : 0 250 68 11 1
11 : 66 109 16 88 0
12 : 13 16 9 86 0
13 : 22 3213 67 46 1
14 : 22 2996 41 66 0
15 : 11 3437 92 87 1
16 : 7 15 1 83 1
17 : 35 2359 35 70 0
18 : 22 2853 39 67 0
19 : 37 2203 31 68 0
20 : 7 6 5 88 1
21 : 46 964 30 86 0
22 : 22 2501 99 65 1
23 : 46 1050 32 88 0
24 : 46 1537 21 66 0
25 : 37 1960 36 75 0
26 : 66 16 21 93 0
27 : 37 2122 44 81 0
28 : 37 2035 48 87 0
29 : 42 367 4 10 0
30 : 22 3137 53 76 0
31 : 22 571 17 83 0
32 : 22 3366 37 24 0
33 : 46 1459 33 78 0
34 : 22 2600 49 82 0
35 : 35 2271 52 88 0
36 : 59 3366 38 28 1
37 : 22 480 25 91 0
38 : 7 1 5 89 1
39 : 22 3062 50 75 0
40 : 0 0 1 96 1
41 : 46 1310 27 78 0
42 : 22 16 82 6 1
43 : 28 100 8 1 0
44 : 46 1138 25 80 0
45 : 22 2780 42 73 0
46 : 96 0 4 92 0
47 : 22 194 29 100 0
48 : 66 354 10 72 0
49 : 22 823 78 15 1
50 : 37 1696 45 89 0
51 : 11 3529 60 58 0
52 : 42 294 8 73 0
53 : 7 16 6 87 0
54 : 37 1603 48 93 0
55 : 7 11 4 87 1
56 : 22 742 17 81 0
57 : 22 98 5 71 0
58 : 22 901 13 71 0
59 : 66 279 10 75 0
60 : 47 680 38 98 0
61 : 22 2682 66 98 0
62 : 46 1218 40 92 0
63 : 28 16 84 10 1
64 : 22 294 20 88 0
65 : 47 480 39 100 0
66 : 11 3587 28 30 1
67 : 52 16 5 77 0
68 : 38 16 14 86 0
69 : 67 1537 24 12 1
70 : 59 3404 28 33 0
71 : 37 1785 46 90 0
72 : 28 102 20 92 0
73 : 22 3280 69 86 0
74 : 46 866 40 98 0
75 : 22 2920 48 76 0
76 : 35 2429 37 72 0
77 : 22 3390 28 22 0
78 : 66 197 13 82 0
79 : 0 180 11 70 0
