3000 5504
0 : 2420 3699 365 185 0
1 : 2785 3699 378 200 1
2 : 2400 3534 410 165 0
3 : 2400 3386 425 148 0
4 : 0 4336 425 296 0
5 : 2665 2814 439 116 1
6 : 0 2837 464 1006 1
7 : 2781 2814 520 205 1
8 : 2420 3884 520 350 1
9 : 1474 4974 540 530 0
10 : 1575 1693 549 1413 1
11 : 0 0 549 1882 1
12 : 921 4801 553 496 0
13 : 1665 3864 555 755 1
14 : 425 4336 555 496 1
15 : 1635 4419 555 659 1
16 : 2420 4404 567 473 0
17 : 2294 4877 572 592 1
18 : 0 3764 572 975 1
19 : 1490 2814 572 1175 1
20 : 0 1693 572 1575 1
21 : 1575 2242 572 1390 1
22 : 0 2265 572 1490 1
23 : 0 1121 572 1590 1
24 : 1890 0 572 1690 0
25 : 0 549 572 1890 1
26 : 0 4891 610 625 1
27 : 975 4311 660 490 0
28 : 975 3864 690 447 0
29 : 1006 2837 949 445 1
30 : 1451 3386 949 478 0
31 : 0 3301 970 463 0
