40400 42954
0 : 34784 19266 4629 1596 1
1 : 25790 8950 2919 783 0
2 : 20804 35974 8067 1832 0
3 : 6978 33496 7180 2974 0
4 : 20804 32884 1685 1708 0
5 : 39628 33748 2029 601 1
6 : 0 0 15046 7040 0
7 : 30155 24156 6726 7039 1
8 : 23588 21354 7958 5170 1
9 : 18824 37806 3621 4223 1
10 : 31407 30882 4358 6846 1
11 : 29218 38569 6272 1268 0
12 : 23047 37806 6171 1473 0
13 : 4629 40517 3448 1249 0
14 : 19985 14965 6389 10170 1
15 : 23497 30882 7910 5092 0
16 : 30155 12850 4629 11306 0
17 : 20804 34592 1279 1621 1
18 : 25790 0 3529 6846 0
19 : 31647 39837 3770 3117 0
20 : 23047 39279 3924 3177 0
21 : 29596 27770 2672 556 1
22 : 15046 9743 15046 5222 0
23 : 29218 35974 2050 2287 0
24 : 15539 27732 7958 5152 0
25 : 35490 38569 1063 2033 1
26 : 9256 12446 1823 5782 1
27 : 6549 36470 4047 5429 1
28 : 34784 12850 6416 1491 1
29 : 11978 36470 859 2104 1
30 : 30092 0 6378 12850 0
31 : 37194 15046 10744 2912 1
32 : 0 39508 4629 2353 0
33 : 28758 27770 2919 838 1
34 : 0 28200 8067 5014 0
35 : 35417 39919 3139 2974 0
36 : 38556 39919 1685 1469 0
37 : 37194 28462 2029 824 1
38 : 0 7040 15046 5406 0
39 : 31407 35240 6726 3329 0
40 : 0 12446 7958 9256 1
41 : 14339 28200 1080 4223 0
42 : 11978 37513 2407 6846 1
43 : 8067 28200 6272 5296 0
44 : 38253 33748 6171 1375 1
45 : 17439 39920 1253 1249 0
46 : 9256 14965 6389 10729 1
47 : 0 20404 7910 7563 0
48 : 14339 32884 4629 6465 1
49 : 26971 39279 503 1621 1
50 : 7910 21354 7629 6846 0
51 : 0 36391 6549 3117 0
52 : 0 33214 6978 3177 0
53 : 37194 25790 2672 869 1
54 : 36470 0 15046 3231 1
55 : 26971 39837 4676 2287 0
56 : 38253 25790 7958 2142 1
57 : 11978 39920 3638 2033 0
58 : 15616 39920 1823 1064 0
59 : 23588 29312 4047 1135 0
60 : 28758 21354 6416 1357 1
61 : 25790 6846 3842 2104 0
62 : 15539 21354 6378 8049 1
63 : 15046 0 10744 9743 0
