1000 9939
0 : 0 1424 340 857 1
1 : 882 3681 104 178 0
2 : 0 887 943 389 0
3 : 0 3385 189 491 1
4 : 0 8052 146 162 1
5 : 0 0 33 963 1
6 : 0 2293 497 135 0
7 : 0 2428 652 992 1
8 : 857 1276 121 598 0
9 : 0 591 42 727 1
10 : 738 1874 142 505 0
11 : 963 3859 24 83 0
12 : 0 633 150 776 1
13 : 0 33 49 921 1
14 : 0 4227 493 677 1
15 : 0 289 85 886 1
16 : 0 3080 421 99 0
17 : 0 5690 970 933 0
18 : 0 1899 252 738 1
19 : 421 3139 561 246 0
20 : 0 4720 882 779 0
21 : 992 0 298 2 1
22 : 491 3502 452 169 0
23 : 943 3385 253 49 1
24 : 0 3574 338 87 0
25 : 882 3859 81 148 0
26 : 421 3080 59 375 1
27 : 0 3770 457 647 1
28 : 677 3680 12 189 1
29 : 992 298 8 169 0
30 : 230 5499 191 233 1
31 : 0 82 85 947 1
32 : 0 1764 629 135 0
33 : 0 167 965 107 0
34 : 0 3661 359 109 0
35 : 0 374 840 67 0
36 : 0 2151 538 142 0
37 : 0 783 104 726 1
38 : 0 274 15 871 1
39 : 0 5499 144 230 1
40 : 866 3671 10 114 1
41 : 0 9178 761 761 0
42 : 0 8198 984 980 0
43 : 491 3385 408 117 0
44 : 677 3671 9 189 1
45 : 0 7139 931 913 0
46 : 0 6623 516 536 1
47 : 0 441 150 906 1
48 : 0 1276 689 148 0
49 : 882 4007 103 146 0
