135 715
0 : 93 414 29 18 0
1 : 53 162 49 16 1
2 : 53 435 29 16 1
3 : 0 68 75 21 0
4 : 53 464 23 16 1
5 : 0 36 88 16 0
6 : 111 223 57 18 1
7 : 0 597 42 21 1
8 : 53 256 45 16 1
9 : 0 215 61 18 1
10 : 93 376 29 20 0
11 : 0 89 67 26 0
12 : 93 281 52 16 1
13 : 0 16 93 20 0
14 : 53 487 22 16 1
15 : 93 524 19 16 1
16 : 0 679 36 20 1
17 : 93 226 55 16 1
18 : 0 0 135 16 0
19 : 0 547 50 18 1
20 : 53 375 31 16 1
21 : 111 280 53 16 1
22 : 93 502 22 18 1
23 : 18 211 62 18 1
24 : 0 276 58 21 1
25 : 93 92 71 16 1
26 : 53 211 45 16 1
27 : 0 52 85 16 0
28 : 53 301 39 16 1
29 : 0 639 40 18 1
30 : 93 482 20 21 1
31 : 93 163 63 16 1
32 : 0 496 51 18 1
33 : 111 160 63 18 1
34 : 53 406 29 16 1
35 : 111 16 73 20 1
36 : 53 509 19 16 1
37 : 93 432 29 16 0
38 : 53 115 47 20 1
39 : 93 396 29 18 0
40 : 0 446 50 21 1
41 : 93 333 34 22 0
42 : 0 392 54 20 1
43 : 18 149 62 20 1
44 : 93 355 30 21 0
45 : 93 448 27 18 0
46 : 93 543 16 16 0
47 : 53 528 19 16 1
48 : 93 466 27 16 0
49 : 0 149 66 18 1
50 : 0 115 53 34 0
51 : 93 16 76 18 1
52 : 111 89 71 18 1
53 : 0 334 58 20 1
54 : 53 340 35 16 1
