1000 4918
0 : 0 0 66 61 0
1 : 66 0 62 48 0
2 : 128 0 62 46 0
3 : 190 0 61 43 0
4 : 251 0 39 62 1
5 : 313 0 38 61 1
6 : 374 0 30 71 1
7 : 445 0 56 37 0
8 : 501 0 52 39 0
9 : 627 0 36 55 1
10 : 553 0 74 27 0
11 : 682 0 42 47 1
12 : 729 0 61 32 0
13 : 790 0 58 32 0
14 : 894 0 51 36 0
15 : 848 0 46 40 0
16 : 729 32 79 23 0
17 : 945 0 48 38 0
18 : 729 55 79 23 0
19 : 553 27 30 60 1
20 : 808 32 22 81 0
21 : 445 37 36 49 1
22 : 729 78 25 71 1
23 : 917 36 73 24 1
24 : 313 38 57 31 0
25 : 374 30 72 25 1
26 : 501 39 50 35 0
27 : 66 48 56 31 0
28 : 627 36 33 54 1
29 : 399 30 39 46 1
30 : 0 61 28 63 1
31 : 894 36 77 23 1
32 : 399 69 43 40 0
33 : 445 73 36 48 1
34 : 128 46 56 31 0
35 : 553 57 51 34 0
36 : 313 69 54 32 0
37 : 945 38 44 40 0
38 : 682 42 37 47 1
39 : 848 40 51 34 1
40 : 627 69 48 36 0
41 : 190 43 53 33 0
42 : 251 39 39 45 1
43 : 190 76 34 50 1
44 : 501 74 22 78 0
45 : 128 77 51 33 0
46 : 0 89 29 58 1
47 : 523 74 73 23 1
48 : 945 78 23 73 0
49 : 682 79 37 45 1
50 : 66 79 73 23 1
51 : 251 78 42 40 0
52 : 729 103 26 64 1
53 : 313 101 31 54 1
54 : 89 79 23 72 0
55 : 968 78 79 21 1
56 : 627 105 35 47 1
57 : 553 91 33 50 1
58 : 399 109 39 42 1
59 : 848 91 33 50 0
60 : 0 118 54 30 0
61 : 729 129 60 27 0
62 : 445 109 47 34 0
63 : 374 102 22 73 0
64 : 128 110 49 33 0
65 : 190 110 37 43 1
66 : 313 132 30 52 1
67 : 917 109 67 23 1
68 : 682 116 35 45 1
69 : 251 118 62 25 1
70 : 848 141 24 64 0
71 : 553 124 35 45 1
72 : 627 140 36 43 1
73 : 190 147 26 59 0
74 : 128 143 43 36 0
75 : 894 113 67 23 1
76 : 682 151 34 45 1
77 : 445 143 64 24 1
78 : 0 148 32 48 1
79 : 313 162 30 51 1
80 : 729 156 32 48 1
81 : 399 148 25 61 0
82 : 682 185 55 27 1
83 : 627 176 54 28 1
84 : 553 159 33 46 0
85 : 0 180 31 48 1
86 : 729 188 45 33 0
87 : 553 205 51 29 1
88 : 128 179 43 35 0
89 : 808 113 74 20 1
90 : 128 214 50 29 1
91 : 313 192 40 37 0
92 : 251 180 25 59 0
93 : 0 211 31 47 1
94 : 0 242 30 48 0
95 : 313 266 46 31 1
96 : 729 221 37 39 1
97 : 313 229 37 39 1
98 : 945 151 63 22 1
99 : 729 258 34 42 0
100 : 190 206 26 55 0
101 : 66 191 31 45 0
102 : 469 143 67 21 1
103 : 523 147 23 61 0
104 : 445 207 23 59 0
105 : 66 236 46 30 1
106 : 374 175 62 22 1
107 : 627 230 26 54 0
108 : 66 152 36 39 0
109 : 848 205 59 23 1
110 : 501 152 69 20 1
111 : 682 240 51 27 1
112 : 894 255 31 44 0
113 : 553 256 28 49 0
114 : 894 180 37 37 0
115 : 729 300 34 41 0
116 : 894 299 31 44 0
117 : 128 264 49 28 1
118 : 968 157 65 21 1
119 : 808 187 20 68 0
120 : 894 217 36 38 0
121 : 399 209 55 25 1
122 : 251 239 24 55 0
123 : 729 341 33 40 0
124 : 523 208 70 19 1
125 : 66 327 29 45 0
126 : 313 312 31 43 0
127 : 399 264 57 23 1
128 : 190 261 52 26 1
129 : 66 282 45 29 1
130 : 469 210 20 66 0
131 : 848 264 23 57 0
132 : 0 290 45 29 1
133 : 190 313 51 25 1
134 : 627 284 25 52 0
135 : 968 222 20 63 0
136 : 945 214 69 19 1
137 : 0 335 44 29 1
138 : 553 305 28 46 0
139 : 445 266 23 56 0
140 : 553 351 28 45 0
141 : 682 291 26 50 0
142 : 729 381 37 34 1
143 : 501 221 65 20 1
144 : 128 313 28 46 0
145 : 374 237 65 19 1
146 : 251 294 56 23 1
147 : 66 372 46 27 1
148 : 313 355 28 45 0
149 : 894 343 47 27 1
150 : 729 418 38 33 1
151 : 128 359 45 28 1
152 : 945 283 64 19 1
153 : 627 336 24 52 0
154 : 830 32 18 68 0
155 : 729 456 40 31 1
156 : 0 379 46 27 1
157 : 808 255 20 61 0
158 : 729 614 32 38 0
159 : 682 341 52 24 1
160 : 729 652 38 32 1
161 : 501 286 34 36 0
162 : 729 536 30 41 0
163 : 445 412 44 27 1
164 : 729 690 31 39 0
165 : 469 276 20 61 0
166 : 729 881 33 36 0
167 : 501 322 26 47 0
168 : 894 390 48 25 1
169 : 729 917 32 37 0
170 : 374 302 62 19 1
171 : 729 496 31 40 0
172 : 553 396 28 44 0
173 : 190 364 48 25 1
174 : 968 285 19 63 0
175 : 501 369 47 26 1
176 : 729 729 40 30 1
177 : 128 404 46 26 1
178 : 729 809 36 33 1
179 : 729 769 40 30 1
180 : 808 316 20 59 0
181 : 445 337 34 35 1
182 : 729 954 37 32 1
183 : 313 400 28 43 0
184 : 729 845 33 36 0
185 : 501 416 26 46 0
186 : 399 321 21 58 0
187 : 445 371 29 41 0
188 : 682 393 24 49 0
189 : 729 577 33 37 0
190 : 729 991 32 37 0
191 : 729 1028 37 32 1
192 : 399 379 56 21 1
193 : 830 100 65 18 1
194 : 627 438 23 51 0
195 : 894 438 23 51 0
196 : 729 1140 30 39 0
197 : 627 388 50 24 1
198 : 848 321 52 23 1
199 : 729 1065 37 32 1
200 : 553 440 51 23 1
201 : 313 443 27 43 0
202 : 729 1179 30 39 0
203 : 682 442 48 24 1
204 : 848 373 56 21 1
205 : 0 425 25 47 0
206 : 190 412 24 49 0
207 : 729 1102 38 31 1
208 : 945 347 19 61 0
209 : 729 1296 33 35 0
210 : 251 350 59 20 1
211 : 66 418 25 47 0
212 : 729 1367 31 37 0
213 : 445 456 27 43 0
214 : 501 550 25 45 0
215 : 830 165 18 64 0
216 : 445 499 27 43 0
217 : 313 529 27 43 0
218 : 729 1331 36 32 1
219 : 729 1218 30 39 0
220 : 374 364 60 19 1
221 : 128 450 24 48 0
222 : 445 542 27 43 0
223 : 968 348 61 19 1
224 : 808 375 60 19 1
225 : 729 1443 29 39 0
226 : 729 1257 30 39 0
227 : 66 465 24 47 0
228 : 501 462 26 44 0
229 : 501 506 26 44 0
230 : 251 409 60 19 1
231 : 190 461 50 23 1
232 : 848 486 56 20 1
233 : 313 486 43 27 1
234 : 729 1404 29 39 0
235 : 848 429 57 20 1
236 : 296 39 65 17 1
237 : 399 489 21 53 0
238 : 627 489 51 22 1
239 : 709 185 18 64 0
240 : 0 472 47 24 1
241 : 894 489 51 22 1
242 : 830 229 63 18 1
243 : 729 1851 30 37 0
244 : 0 519 24 46 0
245 : 445 585 26 43 0
246 : 729 1671 31 36 0
247 : 553 491 48 23 1
248 : 66 512 46 24 1
249 : 945 408 19 60 0
250 : 729 1707 31 36 0
251 : 729 1743 31 36 0
252 : 729 1516 28 40 0
253 : 682 490 46 24 1
254 : 968 409 58 19 1
255 : 445 628 26 43 0
256 : 313 572 27 42 0
257 : 709 249 18 61 0
258 : 729 1591 40 28 1
259 : 729 1925 30 37 0
260 : 729 1631 28 40 0
261 : 128 498 46 24 1
262 : 399 435 54 21 1
263 : 313 614 26 43 0
264 : 729 1482 33 34 0
265 : 729 1556 35 32 1
266 : 729 1779 36 31 1
267 : 445 671 25 44 0
268 : 729 1962 30 37 0
269 : 729 2036 27 41 0
270 : 276 185 23 47 0
271 : 216 147 64 17 1
272 : 313 657 26 43 0
273 : 424 148 17 63 0
274 : 729 2077 27 41 0
275 : 501 595 44 25 1
276 : 374 424 58 19 1
277 : 276 118 33 33 0
278 : 501 639 44 25 1
279 : 276 326 49 22 1
280 : 729 2118 29 38 0
281 : 682 536 50 22 1
282 : 276 375 51 21 1
283 : 729 1999 30 37 0
284 : 729 1815 31 36 0
285 : 729 1888 30 37 0
286 : 830 292 18 61 0
287 : 66 558 24 45 0
288 : 501 683 25 43 0
289 : 729 2195 40 27 1
290 : 313 700 26 42 0
291 : 553 539 20 55 0
292 : 729 2235 40 27 1
293 : 729 2275 30 36 0
294 : 276 151 34 32 1
295 : 729 2387 29 37 0
296 : 729 2156 39 28 1
297 : 190 511 48 23 1
298 : 808 593 32 33 0
299 : 729 2311 40 27 1
300 : 128 544 24 45 0
301 : 808 626 24 44 0
302 : 276 232 23 47 0
303 : 729 2424 29 37 0
304 : 627 540 20 53 0
305 : 808 860 27 39 0
306 : 276 426 19 56 0
307 : 0 565 45 24 1
308 : 729 2461 37 29 1
309 : 709 310 18 60 0
310 : 729 2351 30 36 0
311 : 729 2498 37 29 1
312 : 0 654 24 44 0
313 : 808 782 27 39 0
314 : 313 742 26 41 0
315 : 190 559 23 46 0
316 : 128 589 46 23 1
317 : 808 468 48 22 1
318 : 424 211 61 17 1
319 : 30 242 61 17 1
320 : 190 605 23 45 0
321 : 313 783 26 41 0
322 : 276 279 23 47 0
323 : 399 542 50 21 1
324 : 808 743 39 27 1
325 : 682 586 50 21 1
326 : 848 542 52 20 1
327 : 627 593 52 20 1
328 : 216 211 17 63 0
329 : 729 2535 37 29 1
330 : 216 274 17 60 0
331 : 30 303 17 60 0
332 : 808 704 27 39 0
333 : 830 353 18 59 0
334 : 66 603 23 46 0
335 : 808 516 32 33 0
336 : 808 549 24 44 0
337 : 128 635 23 45 0
338 : 313 824 26 41 0
339 : 729 2572 30 35 0
340 : 399 592 50 21 1
341 : 808 670 34 31 1
342 : 894 593 52 20 1
343 : 729 2713 36 29 1
344 : 313 905 41 25 1
345 : 808 821 27 39 0
346 : 66 649 23 45 0
347 : 945 1010 26 39 0
348 : 729 2607 30 35 0
349 : 729 2642 35 30 1
350 : 501 726 24 43 0
351 : 729 2786 37 28 1
352 : 709 429 18 58 0
353 : 313 865 26 40 0
354 : 729 3008 27 38 0
355 : 0 741 24 43 0
356 : 808 435 32 33 0
357 : 0 610 24 44 0
358 : 968 467 19 55 0
359 : 729 2897 37 28 1
360 : 709 370 18 59 0
361 : 894 540 53 20 1
362 : 729 2934 28 37 0
363 : 729 2971 28 37 0
364 : 128 680 22 47 0
365 : 729 3046 27 38 0
366 : 808 899 40 26 1
367 : 251 469 19 54 0
368 : 216 334 60 17 1
369 : 945 893 26 39 0
370 : 729 3158 28 36 0
371 : 445 715 42 25 1
372 : 682 636 21 48 0
373 : 729 2823 28 37 0
374 : 729 2677 29 36 0
375 : 445 757 43 24 1
376 : 729 2749 37 28 1
377 : 945 468 55 19 1
378 : 190 697 22 46 0
379 : 729 3194 28 36 0
380 : 251 523 52 19 1
381 : 945 932 26 39 0
382 : 945 619 31 33 0
383 : 945 854 26 39 0
384 : 729 2860 37 28 1
385 : 424 456 63 16 1
386 : 190 650 47 22 1
387 : 553 594 52 20 1
388 : 424 272 17 61 0
389 : 0 784 24 42 0
390 : 808 980 25 41 0
391 : 945 718 33 31 1
392 : 945 587 32 32 0
393 : 709 487 18 55 0
394 : 945 819 35 29 1
395 : 276 482 53 19 1
396 : 313 987 25 41 0
397 : 30 363 63 16 1
398 : 945 523 32 32 0
399 : 424 333 17 60 0
400 : 729 3339 37 27 1
401 : 729 3376 27 37 0
402 : 945 1154 30 33 0
403 : 0 698 43 24 1
404 : 945 751 34 30 1
405 : 313 946 25 41 0
406 : 848 594 52 20 1
407 : 945 652 33 31 1
408 : 945 1121 33 30 1
409 : 627 645 50 20 1
410 : 313 1028 25 40 0
411 : 945 685 33 31 1
412 : 729 3084 38 27 1
413 : 894 645 20 50 0
414 : 128 727 45 22 1
415 : 945 555 32 32 0
416 : 945 971 26 39 0
417 : 501 769 42 24 1
418 : 30 426 63 16 1
419 : 399 642 48 21 1
420 : 30 489 16 61 0
421 : 945 1286 38 26 1
422 : 808 939 25 41 0
423 : 729 3266 28 36 0
424 : 945 1049 26 39 0
425 : 374 482 19 53 0
426 : 216 394 63 16 1
427 : 66 738 23 44 0
428 : 128 772 21 47 0
429 : 729 3413 37 27 1
430 : 729 3450 37 27 1
431 : 945 1400 29 34 0
432 : 729 3230 28 36 0
433 : 808 1021 25 40 0
434 : 945 785 30 34 0
435 : 729 3122 36 28 1
436 : 66 782 23 43 0
437 : 945 1574 36 27 1
438 : 682 684 21 47 0
439 : 445 800 24 42 0
440 : 216 518 16 61 0
441 : 313 1068 25 39 0
442 : 216 457 61 16 1
443 : 945 1324 38 26 1
444 : 66 694 23 44 0
445 : 945 1187 30 33 0
446 : 424 393 63 16 1
447 : 777 350 60 16 1
448 : 945 1088 30 33 0
449 : 682 778 46 21 1
450 : 399 690 21 47 0
451 : 190 743 22 45 0
452 : 729 3487 27 37 0
453 : 0 950 23 42 0
454 : 709 542 18 54 0
455 : 553 646 49 20 1
456 : 627 695 20 48 0
457 : 682 731 21 47 0
458 : 945 1504 28 35 0
459 : 445 842 24 41 0
460 : 0 867 41 24 1
461 : 501 811 43 23 1
462 : 399 737 21 47 0
463 : 729 3302 27 37 0
464 : 251 626 19 51 0
465 : 276 535 19 52 0
466 : 777 218 24 40 0
467 : 945 1469 28 35 0
468 : 777 258 32 30 1
469 : 945 1220 30 33 0
470 : 0 992 23 42 0
471 : 251 575 19 51 0
472 : 0 826 41 24 1
473 : 945 1610 27 36 0
474 : 945 1539 28 35 0
475 : 808 1061 25 39 0
476 : 445 883 41 24 1
477 : 808 1100 25 39 0
478 : 276 644 56 17 1
479 : 445 966 23 42 0
480 : 374 646 17 55 0
481 : 945 1253 30 33 0
482 : 276 700 17 55 0
483 : 777 410 16 59 0
484 : 445 924 23 42 0
485 : 374 535 54 18 1
486 : 945 1362 26 38 0
487 : 848 646 51 19 1
488 : 66 825 44 22 1
489 : 424 519 61 16 1
490 : 190 832 44 22 1
491 : 945 1883 28 34 0
492 : 445 1008 23 42 0
493 : 313 1107 25 39 0
494 : 945 1646 37 26 1
495 : 777 156 31 31 0
496 : 777 290 16 60 0
497 : 0 1075 23 41 0
498 : 553 695 48 20 1
499 : 945 1434 28 35 0
500 : 945 1683 30 32 0
501 : 313 1146 40 24 1
502 : 848 747 52 18 1
503 : 276 587 57 17 1
504 : 808 1139 25 39 0
505 : 0 908 23 42 0
506 : 399 784 21 45 0
507 : 553 837 49 19 1
508 : 945 2293 31 30 1
509 : 190 788 22 44 0
510 : 0 1034 23 41 0
511 : 808 1178 38 25 1
512 : 808 1216 25 38 0
513 : 709 596 57 17 1
514 : 945 2056 26 36 0
515 : 729 3623 28 33 0
516 : 445 1050 23 41 0
517 : 251 677 50 19 1
518 : 945 1986 27 35 0
519 : 945 2021 27 35 0
520 : 313 1303 24 39 0
521 : 945 1917 28 34 0
522 : 374 589 17 57 0
523 : 627 743 20 47 0
524 : 945 2092 26 36 0
525 : 945 2663 37 25 1
526 : 501 854 22 44 0
527 : 445 1091 41 23 1
528 : 313 1342 39 24 1
529 : 374 701 17 55 0
530 : 808 1292 25 38 0
531 : 848 697 50 19 1
532 : 894 797 18 51 0
533 : 945 1715 29 33 0
534 : 945 2262 31 30 1
535 : 945 1748 29 33 0
536 : 777 187 31 31 0
537 : 894 695 50 19 1
538 : 627 837 49 19 1
539 : 945 2387 32 29 1
540 : 313 1186 24 39 0
541 : 501 898 22 43 0
542 : 128 819 45 21 1
543 : 945 1781 34 28 1
544 : 627 790 47 20 1
545 : 501 941 22 42 0
546 : 190 919 22 42 0
547 : 808 1254 25 38 0
548 : 709 653 17 55 0
549 : 399 968 20 46 0
550 : 313 1264 39 24 1
551 : 190 961 22 42 0
552 : 399 922 20 46 0
553 : 894 745 52 18 1
554 : 945 2200 30 31 0
555 : 729 3656 34 27 1
556 : 945 1815 34 28 1
557 : 945 2700 37 25 1
558 : 945 1849 28 34 0
559 : 553 886 48 19 1
560 : 0 1116 23 41 0
561 : 945 2355 29 32 0
562 : 945 2774 37 25 1
563 : 553 790 47 20 1
564 : 66 912 21 44 0
565 : 777 469 57 16 1
566 : 729 3524 28 33 0
567 : 808 1330 39 24 1
568 : 0 1157 40 23 1
569 : 729 3557 28 33 0
570 : 945 2483 29 32 0
571 : 553 743 47 20 1
572 : 945 2589 25 37 0
573 : 945 1951 35 27 1
574 : 0 1197 23 40 0
575 : 313 1225 24 39 0
576 : 655 236 15 60 0
577 : 945 2164 26 36 0
578 : 729 3793 26 35 0
579 : 729 3690 27 34 0
580 : 729 3898 26 35 0
581 : 251 727 52 18 1
582 : 655 296 60 15 1
583 : 313 1381 38 24 1
584 : 808 1408 38 24 1
585 : 313 1419 38 24 1
586 : 945 2419 29 32 0
587 : 399 1014 45 20 1
588 : 848 799 18 51 0
589 : 190 876 22 43 0
590 : 655 176 60 15 1
591 : 128 864 49 19 1
592 : 894 848 18 50 0
593 : 945 2231 31 30 1
594 : 945 2737 25 37 0
595 : 313 1457 38 24 1
596 : 66 869 43 22 1
597 : 445 1172 40 23 1
598 : 682 824 20 47 0
599 : 251 831 51 18 1
600 : 945 2515 37 25 1
601 : 808 1369 39 24 1
602 : 945 2128 26 36 0
603 : 945 2626 25 37 0
604 : 808 1446 24 38 0
605 : 729 3933 33 27 1
606 : 945 2451 29 32 0
607 : 399 829 20 47 0
608 : 945 2811 25 37 0
609 : 190 1003 22 41 0
610 : 945 2324 31 30 1
611 : 729 3828 35 26 1
612 : 586 260 23 39 0
613 : 128 913 19 48 0
614 : 66 956 21 44 0
615 : 682 871 49 19 1
616 : 445 1212 23 40 0
617 : 655 356 15 59 0
618 : 729 3724 27 34 0
619 : 445 1132 23 40 0
620 : 729 3758 26 35 0
621 : 501 983 21 43 0
622 : 627 886 19 48 0
623 : 586 190 31 29 1
624 : 586 159 31 29 1
625 : 729 3863 26 35 0
626 : 66 1000 43 21 1
627 : 251 779 52 18 1
628 : 945 2552 25 37 0
629 : 313 1495 37 24 1
630 : 190 1044 41 22 1
631 : 729 3590 33 28 1
632 : 586 299 28 32 0
633 : 399 876 20 46 0
634 : 190 1085 41 22 1
635 : 399 1059 44 20 1
636 : 945 2848 25 37 0
637 : 586 331 19 47 0
638 : 729 3966 27 33 0
639 : 573 675 41 21 1
640 : 808 1484 37 24 1
641 : 586 378 47 19 1
642 : 586 221 39 23 1
643 : 573 539 27 32 0
644 : 945 2885 35 25 1
645 : 729 3999 26 34 0
646 : 501 1026 42 21 1
647 : 573 571 27 32 0
648 : 573 603 36 24 1
649 : 729 4033 27 32 0
650 : 576 507 32 27 1
651 : 190 1126 22 39 0
652 : 573 757 20 43 0
653 : 553 963 30 28 1
654 : 729 4065 32 27 1
655 : 709 708 50 17 1
656 : 573 716 21 41 0
657 : 66 1043 42 21 1
658 : 216 579 52 16 1
659 : 586 425 17 52 0
660 : 945 2920 35 25 1
661 : 573 800 19 45 0
662 : 576 477 29 30 0
663 : 190 1165 22 39 0
664 : 729 4161 33 26 1
665 : 729 4097 27 32 0
666 : 729 4129 32 27 1
667 : 553 934 29 29 0
668 : 553 1033 21 40 0
669 : 573 639 36 24 1
670 : 553 1168 35 24 1
671 : 445 1252 23 37 0
672 : 190 1204 22 39 0
673 : 276 755 17 50 0
674 : 0 1237 23 37 0
675 : 729 4194 26 32 0
676 : 501 1068 40 21 1
677 : 553 1203 36 23 1
678 : 553 1239 23 36 0
679 : 424 580 16 52 0
680 : 553 1133 35 24 1
681 : 808 1521 24 34 0
682 : 251 882 18 46 0
683 : 655 472 57 15 1
684 : 445 1324 35 23 1
685 : 655 415 57 15 1
686 : 553 993 40 21 1
687 : 313 1532 24 34 0
688 : 553 1073 28 30 0
689 : 553 1311 23 35 0
690 : 216 631 52 16 1
691 : 777 526 56 15 1
692 : 848 850 46 18 1
693 : 553 1103 30 28 1
694 : 729 4226 28 29 0
695 : 374 756 17 48 0
696 : 777 582 15 55 0
697 : 424 632 52 16 1
698 : 157 214 57 14 1
699 : 157 271 56 14 1
700 : 655 529 15 56 0
701 : 0 1274 23 36 0
702 : 30 550 56 15 1
703 : 216 683 16 50 0
704 : 945 2988 25 33 0
705 : 190 1243 37 22 1
706 : 553 1275 36 23 1
707 : 945 2955 33 25 1
708 : 729 4316 31 26 1
709 : 0 1345 35 23 1
710 : 190 1280 36 22 1
711 : 445 1289 23 35 0
712 : 808 1555 24 33 0
713 : 30 606 52 15 1
714 : 729 4376 26 30 0
715 : 0 1310 35 23 1
716 : 793 290 56 14 1
717 : 729 4255 30 27 1
718 : 66 1085 20 40 0
719 : 313 1566 33 24 1
720 : 848 896 44 18 1
721 : 729 4285 31 26 1
722 : 682 920 42 19 1
723 : 157 327 56 14 1
724 : 190 1316 36 22 1
725 : 399 1103 20 39 0
726 : 945 3021 31 25 1
727 : 793 346 14 56 0
728 : 553 1346 22 35 0
729 : 501 1108 21 36 0
730 : 729 4347 27 29 0
731 : 655 585 53 15 1
732 : 190 1352 35 22 1
733 : 627 934 42 19 1
734 : 729 4406 27 28 0
735 : 553 1381 34 22 1
736 : 945 3083 31 25 1
737 : 501 1144 21 36 0
738 : 945 3052 31 25 1
739 : 424 684 16 48 0
740 : 709 758 17 45 0
741 : 729 4434 28 27 1
742 : 729 4518 29 26 1
743 : 945 3114 30 25 1
744 : 945 3144 25 30 0
745 : 445 1359 33 23 1
746 : 399 1142 37 20 1
747 : 729 4462 27 28 0
748 : 190 1387 22 34 0
749 : 501 1180 21 35 0
750 : 445 1392 34 22 1
751 : 945 3174 25 30 0
752 : 0 1380 33 23 1
753 : 729 4490 27 28 0
754 : 0 1413 34 22 1
755 : 66 1125 37 20 1
756 : 808 1651 23 32 0
757 : 216 733 16 46 0
758 : 729 4547 27 27 0
759 : 313 1631 23 32 0
760 : 66 1162 20 37 0
761 : 424 732 16 47 0
762 : 553 1415 22 33 0
763 : 128 961 40 19 1
764 : 777 637 48 15 1
765 : 313 1663 32 23 1
766 : 808 1683 32 23 1
767 : 157 436 52 14 1
768 : 190 1421 22 33 0
769 : 793 402 14 52 0
770 : 157 488 14 51 0
771 : 399 1179 36 20 1
772 : 709 803 44 17 1
773 : 374 804 42 17 1
774 : 655 638 48 15 1
775 : 945 3204 29 25 1
776 : 501 1250 34 21 1
777 : 894 898 18 41 0
778 : 251 928 18 41 0
779 : 808 1588 24 31 0
780 : 157 383 53 14 1
781 : 445 1426 33 22 1
782 : 894 939 40 18 1
783 : 729 4574 27 27 0
784 : 682 962 38 19 1
785 : 313 1599 32 23 1
786 : 501 1352 34 21 1
787 : 793 454 52 14 1
788 : 501 1318 21 34 0
789 : 0 1447 22 33 0
790 : 501 1284 21 34 0
791 : 808 1619 32 23 1
792 : 553 1448 22 32 0
793 : 945 3262 30 24 1
794 : 709 847 17 41 0
795 : 157 539 14 50 0
796 : 501 1215 35 21 1
797 : 945 3233 25 29 0
798 : 777 685 46 15 1
799 : 66 1199 20 36 0
800 : 729 4601 28 26 1
801 : 501 1386 34 21 1
802 : 682 1000 19 37 0
803 : 251 969 18 38 0
804 : 848 940 18 39 0
805 : 808 1715 23 30 0
806 : 30 658 15 48 0
807 : 374 846 17 41 0
808 : 190 1454 31 22 1
809 : 793 506 50 14 1
810 : 399 1250 34 20 1
811 : 276 805 17 42 0
812 : 157 589 52 13 1
813 : 313 1695 31 23 1
814 : 276 847 41 17 1
815 : 399 1215 20 35 0
816 : 501 1420 21 32 0
817 : 627 976 37 19 1
818 : 374 887 40 17 1
819 : 793 556 14 50 0
820 : 0 1480 31 22 1
821 : 216 779 16 44 0
822 : 424 779 16 43 0
823 : 424 822 16 43 0
824 : 945 3349 24 28 0
825 : 729 4629 26 27 0
826 : 945 3292 29 24 1
827 : 945 3377 28 24 1
828 : 729 4656 26 26 0
829 : 66 1235 20 35 0
830 : 945 3433 24 28 0
831 : 793 606 13 52 0
832 : 157 641 13 51 0
833 : 251 1007 18 37 0
834 : 553 1480 22 31 0
835 : 216 865 16 42 0
836 : 128 1001 19 36 0
837 : 709 888 15 44 0
838 : 501 1484 32 21 1
839 : 445 1459 31 22 1
840 : 682 1037 19 35 0
841 : 313 1726 30 23 1
842 : 655 734 47 14 1
843 : 313 1756 23 29 0
844 : 729 4682 27 25 1
845 : 190 1485 31 22 1
846 : 848 1017 18 37 0
847 : 655 686 48 14 1
848 : 276 927 41 16 1
849 : 945 3321 28 24 1
850 : 848 979 18 38 0
851 : 276 888 17 39 0
852 : 729 4709 27 25 1
853 : 627 1013 36 19 1
854 : 945 3405 28 24 1
855 : 30 754 14 47 0
856 : 501 1452 21 32 0
857 : 793 709 50 13 1
858 : 894 979 38 18 1
859 : 945 3461 28 24 1
860 : 945 3489 28 24 1
861 : 30 706 14 48 0
862 : 424 865 16 42 0
863 : 777 731 14 48 0
864 : 709 932 15 43 0
865 : 945 3517 24 28 0
866 : 190 1516 31 21 1
867 : 553 1511 31 21 1
868 : 777 779 14 46 0
869 : 729 4789 25 26 0
870 : 66 1270 33 20 1
871 : 945 3545 24 27 0
872 : 729 4763 26 25 1
873 : 808 1745 29 23 1
874 : 894 1017 36 18 1
875 : 682 1072 34 19 1
876 : 216 823 42 16 1
877 : 313 1785 28 23 1
878 : 808 1774 23 29 0
879 : 399 1284 20 33 0
880 : 729 4736 27 25 1
881 : 945 3572 27 24 1
882 : 501 1516 31 21 1
883 : 128 1072 34 19 1
884 : 66 1303 20 33 0
885 : 945 3599 27 24 1
886 : 627 1049 35 19 1
887 : 445 1490 30 22 1
888 : 424 907 15 44 0
889 : 0 1511 22 30 0
890 : 399 1317 33 20 1
891 : 128 1037 35 19 1
892 : 424 993 15 42 0
893 : 729 4815 26 25 1
894 : 445 1551 21 30 0
895 : 729 4867 25 26 0
896 : 945 3626 27 24 1
897 : 313 1813 28 23 1
898 : 894 1123 16 39 0
899 : 157 692 13 51 0
900 : 793 658 13 51 0
901 : 553 1542 30 21 1
902 : 216 951 43 15 1
903 : 655 781 14 45 0
904 : 445 1520 31 21 1
905 : 216 907 44 15 1
906 : 894 1053 18 35 0
907 : 808 1831 27 23 1
908 : 848 1054 18 35 0
909 : 945 3653 24 26 0
910 : 945 3679 24 26 0
911 : 0 1541 22 29 0
912 : 808 1803 23 28 0
913 : 251 1044 36 18 1
914 : 894 1088 35 18 1
915 : 66 1336 32 20 1
916 : 501 1547 21 30 0
917 : 0 1570 29 22 1
918 : 0 1628 28 22 1
919 : 729 4841 25 26 0
920 : 627 1118 33 19 1
921 : 0 1599 29 22 1
922 : 945 3705 24 26 0
923 : 627 1184 19 33 0
924 : 0 1656 28 22 1
925 : 627 1084 34 19 1
926 : 399 1382 31 20 1
927 : 313 1868 23 27 0
928 : 251 1080 35 18 1
929 : 945 3783 26 24 1
930 : 945 3757 24 26 0
931 : 374 927 17 38 0
932 : 945 3731 24 26 0
933 : 276 968 15 42 0
934 : 128 1106 37 17 1
935 : 313 1841 27 23 1
936 : 216 994 15 42 0
937 : 848 1126 16 39 0
938 : 682 1106 37 17 1
939 : 808 1858 23 27 0
940 : 848 1165 38 16 1
941 : 709 975 42 15 1
942 : 0 1684 28 22 1
943 : 793 759 13 47 0
944 : 66 1368 20 32 0
945 : 729 4893 25 25 0
946 : 627 1217 34 18 1
947 : 66 1400 32 19 1
948 : 374 965 15 42 0
949 : 190 1547 30 21 1
950 : 424 951 15 42 0
951 : 399 1413 32 19 1
952 : 894 1162 38 16 1
953 : 553 1572 30 21 1
954 : 157 743 48 13 1
955 : 251 1115 37 17 1
956 : 0 1712 28 22 1
957 : 399 1350 32 20 1
958 : 251 1152 36 17 1
959 : 848 1089 37 17 1
960 : 627 1151 19 33 0
961 : 445 1581 20 30 0
962 : 190 1577 29 21 1
963 : 945 3809 25 24 1
964 : 808 1885 23 26 0
965 : 627 1319 18 33 0
966 : 128 1143 36 17 1
967 : 501 1606 21 28 0
968 : 313 1921 26 23 1
969 : 945 3834 25 24 1
970 : 251 1188 37 16 1
971 : 682 1143 36 17 1
972 : 190 1606 20 30 0
973 : 627 1251 18 34 0
974 : 313 1895 23 26 0
975 : 501 1634 21 28 0
976 : 627 1285 34 18 1
977 : 682 1179 38 16 1
978 : 128 1179 17 36 0
979 : 501 1577 29 21 1
980 : 808 1911 26 23 1
981 : 128 1215 17 34 0
982 : 501 1662 28 21 1
983 : 627 1352 33 18 1
984 : 501 1690 28 21 1
985 : 128 1249 17 34 0
986 : 553 1602 30 20 1
987 : 445 1611 29 20 1
988 : 501 1718 21 28 0
989 : 399 1445 30 19 1
990 : 945 3859 24 24 0
991 : 128 1283 34 17 1
992 : 553 1632 20 29 0
993 : 66 1432 31 19 1
994 : 945 3883 24 24 0
995 : 501 1746 21 28 0
996 : 66 1463 30 19 1
997 : 190 1636 28 20 1
998 : 0 1740 22 27 0
999 : 157 791 13 44 0
