1000 8631
0 : 0 0 541 745 1
1 : 0 541 344 301 0
2 : 344 541 413 294 0
3 : 344 835 266 341 1
4 : 344 1101 543 388 0
5 : 0 1489 367 701 1
6 : 0 1856 526 707 1
7 : 707 1489 286 706 0
8 : 0 842 614 289 1
9 : 0 2382 348 592 1
10 : 0 2730 673 431 0
11 : 0 3161 475 362 0
12 : 475 3161 562 439 1
13 : 0 3723 530 638 1
14 : 0 4253 609 375 0
15 : 638 3723 540 274 1
16 : 0 4628 486 634 1
17 : 634 4263 272 377 0
18 : 634 4640 623 306 1
19 : 0 5263 266 714 1
20 : 0 5529 341 336 0
21 : 341 5529 340 296 0
22 : 341 5825 531 479 0
23 : 0 6304 571 589 1
24 : 0 6875 674 496 0
25 : 0 7371 560 497 0
26 : 560 7371 509 389 1
27 : 0 7880 650 332 0
28 : 650 7880 474 285 1
29 : 0 8212 419 503 1
