247 629
0 : 204 523 39 27 0
1 : 117 314 41 33 1
2 : 0 544 46 17 0
3 : 0 595 33 17 0
4 : 29 612 27 17 0
5 : 0 401 88 17 0
6 : 138 601 31 17 0
7 : 0 561 43 17 0
8 : 0 165 213 40 0
9 : 105 601 33 17 0
10 : 66 610 29 17 0
11 : 0 506 45 27 0
12 : 206 449 57 27 1
13 : 201 584 36 17 0
14 : 98 388 102 17 0
15 : 39 578 39 17 0
16 : 0 81 240 40 0
17 : 78 585 25 27 1
18 : 0 418 82 17 0
19 : 45 510 54 17 0
20 : 212 567 24 17 0
21 : 33 595 33 17 0
22 : 0 314 117 33 0
23 : 137 466 67 17 0
24 : 103 361 99 27 0
25 : 86 568 40 17 0
26 : 0 39 244 42 0
27 : 126 584 38 17 0
28 : 213 165 146 33 1
29 : 88 405 82 17 0
30 : 45 527 50 17 0
31 : 200 601 31 17 0
32 : 0 121 224 44 0
33 : 164 584 37 17 0
34 : 202 311 88 38 1
35 : 0 205 207 44 0
36 : 0 249 152 65 0
37 : 0 347 103 27 0
38 : 0 452 58 27 0
39 : 76 449 61 27 0
40 : 82 422 71 27 0
41 : 145 540 47 17 0
42 : 0 374 98 27 0
43 : 0 435 76 17 0
44 : 0 479 50 27 0
45 : 58 476 67 17 0
46 : 0 0 247 39 0
47 : 58 452 17 17 0
48 : 0 578 39 17 0
49 : 169 601 31 17 0
50 : 105 585 15 17 1
51 : 99 517 53 17 0
52 : 152 249 112 49 1
53 : 153 432 76 17 0
54 : 46 544 46 17 0
55 : 43 561 43 17 0
56 : 137 449 69 17 0
57 : 192 550 45 17 0
58 : 0 612 29 17 0
59 : 170 405 71 27 0
60 : 92 551 44 17 0
61 : 110 500 60 17 0
62 : 188 506 56 17 0
63 : 170 500 20 17 1
64 : 95 534 50 17 0
65 : 50 493 60 17 0
66 : 125 483 63 17 0
67 : 170 567 42 17 0
68 : 136 557 34 27 0
69 : 152 523 52 17 0
