1000 12217
0 : 389 5358 340 857 0
1 : 283 10482 104 178 0
2 : 0 5358 943 389 1
3 : 0 10186 189 491 0
4 : 283 10320 146 162 0
5 : 931 1913 33 963 0
6 : 0 11720 497 135 1
7 : 0 3605 652 992 0
8 : 0 9588 121 598 0
9 : 882 3747 42 727 0
10 : 0 11215 142 505 0
11 : 882 4474 24 83 0
12 : 252 8161 150 776 0
13 : 882 2826 49 921 0
14 : 0 6301 493 677 0
15 : 761 5517 85 886 0
16 : 402 9021 421 99 1
17 : 0 980 970 933 0
18 : 0 8161 252 738 0
19 : 148 8937 561 246 1
20 : 0 2826 882 779 0
21 : 984 871 298 2 1
22 : 402 8161 452 169 1
23 : 761 6778 253 49 1
24 : 402 9442 338 87 1
25 : 189 10127 81 148 0
26 : 761 6403 59 375 0
27 : 0 6978 457 647 0
28 : 986 871 12 189 0
29 : 986 1060 8 169 0
30 : 283 9857 191 233 0
31 : 761 4570 85 947 0
32 : 148 9498 629 135 1
33 : 761 3605 965 107 1
34 : 283 9498 359 109 1
35 : 643 6215 840 67 1
36 : 0 10677 538 142 1
37 : 516 7121 104 726 0
38 : 984 0 15 871 0
39 : 283 10090 144 230 0
40 : 931 2876 10 114 0
41 : 0 4597 761 761 0
42 : 0 0 984 980 0
43 : 402 8613 408 117 1
44 : 970 980 9 189 0
45 : 0 1913 931 913 0
46 : 0 7625 516 536 0
47 : 493 6215 150 906 0
48 : 0 8899 689 148 1
49 : 283 10660 103 146 0
