247 633
0 : 97 594 39 27 0
1 : 161 597 41 33 0
2 : 108 516 46 17 0
3 : 0 574 33 17 0
4 : 29 592 27 17 0
5 : 152 352 88 17 0
6 : 66 584 31 17 0
7 : 103 533 43 17 0
8 : 0 165 213 40 0
9 : 33 575 33 17 0
10 : 0 591 29 17 0
11 : 161 570 45 27 0
12 : 0 513 57 27 0
13 : 77 567 36 17 0
14 : 224 121 102 17 1
15 : 0 557 39 17 0
16 : 0 81 240 40 0
17 : 136 606 25 27 0
18 : 98 369 82 17 0
19 : 98 347 54 17 0
20 : 56 601 24 17 0
21 : 206 570 33 17 0
22 : 207 223 117 33 1
23 : 211 369 67 17 1
24 : 179 249 99 27 1
25 : 146 543 40 17 0
26 : 0 39 244 42 0
27 : 39 558 38 17 0
28 : 0 249 146 33 0
29 : 0 374 82 17 0
30 : 111 499 50 17 0
31 : 206 587 31 17 0
32 : 0 121 224 44 0
33 : 124 560 37 17 0
34 : 76 435 88 38 0
35 : 0 205 207 44 0
36 : 0 282 152 65 0
37 : 152 249 103 27 1
38 : 161 499 58 27 0
39 : 0 486 61 27 0
40 : 0 442 71 27 0
41 : 61 507 47 17 0
42 : 0 347 98 27 0
43 : 0 391 76 17 0
44 : 186 543 50 27 0
45 : 228 369 67 17 1
46 : 0 0 247 39 0
47 : 0 608 17 17 0
48 : 85 550 39 17 0
49 : 113 577 31 17 0
50 : 80 601 15 17 1
51 : 127 482 53 17 0
52 : 82 386 112 49 0
53 : 0 408 76 17 0
54 : 57 524 46 17 0
55 : 0 540 43 17 0
56 : 194 369 69 17 1
57 : 154 526 45 17 0
58 : 144 577 29 17 1
59 : 164 438 71 27 0
60 : 219 499 44 17 1
61 : 0 469 60 17 0
62 : 71 473 56 17 0
63 : 199 526 20 17 0
64 : 61 490 50 17 0
65 : 164 465 60 17 0
66 : 0 425 63 17 0
67 : 43 541 42 17 0
68 : 202 604 34 27 0
69 : 180 482 52 17 0
