247 713
0 : 0 0 39 27 0
1 : 39 0 41 33 0
2 : 80 0 46 17 0
3 : 126 0 33 17 0
4 : 159 0 27 17 0
5 : 80 17 88 17 0
6 : 186 0 31 17 0
7 : 168 17 43 17 0
8 : 0 34 213 40 0
9 : 217 0 33 17 1
10 : 213 33 29 17 0
11 : 213 50 45 27 1
12 : 0 74 57 27 0
13 : 57 74 36 17 0
14 : 93 74 102 17 0
15 : 57 91 39 17 0
16 : 0 108 240 40 0
17 : 0 148 25 27 1
18 : 27 148 82 17 0
19 : 109 148 54 17 0
20 : 163 148 24 17 0
21 : 187 148 33 17 0
22 : 27 165 117 33 0
23 : 144 165 67 17 0
24 : 144 182 99 27 0
25 : 0 173 40 17 1
26 : 0 213 244 42 0
27 : 0 255 38 17 0
28 : 38 255 146 33 0
29 : 0 288 82 17 0
30 : 184 255 50 17 0
31 : 184 272 31 17 0
32 : 0 305 224 44 0
33 : 224 272 37 17 1
34 : 0 349 88 38 0
35 : 0 387 207 44 0
36 : 0 431 152 65 0
37 : 207 349 103 27 1
38 : 152 452 58 27 0
39 : 152 479 61 27 0
40 : 213 452 71 27 1
41 : 0 496 47 17 0
42 : 47 496 98 27 0
43 : 145 523 76 17 0
44 : 0 523 50 27 0
45 : 50 523 67 17 0
46 : 0 550 247 39 0
47 : 0 589 17 17 0
48 : 17 589 39 17 0
49 : 56 589 31 17 0
50 : 87 589 15 17 1
51 : 104 589 53 17 0
52 : 87 606 112 49 0
53 : 0 606 76 17 0
54 : 199 589 46 17 0
55 : 199 606 43 17 0
56 : 0 623 69 17 0
57 : 199 623 45 17 0
58 : 69 623 29 17 1
59 : 0 652 71 27 0
60 : 199 640 44 17 0
61 : 86 655 60 17 0
62 : 146 657 56 17 0
63 : 202 657 20 17 0
64 : 71 672 50 17 0
65 : 121 674 60 17 0
66 : 181 674 63 17 0
67 : 0 679 42 17 0
68 : 42 679 34 27 1
69 : 69 689 52 17 0
