3000 7170
0 : 2315 950 365 185 1
1 : 2315 572 378 200 1
2 : 2315 1315 410 165 1
3 : 2315 1725 425 148 1
4 : 1600 3380 425 296 1
5 : 2315 2150 439 116 1
6 : 2515 1516 464 1006 0
7 : 1380 3432 520 205 1
8 : 1600 2860 520 350 1
9 : 0 5834 540 530 0
10 : 625 4542 549 1413 0
11 : 0 3952 549 1882 0
12 : 0 6364 553 496 1
13 : 625 3432 555 755 1
14 : 625 5955 555 496 1
15 : 625 3987 555 659 1
16 : 2515 949 567 473 1
17 : 0 3360 572 592 0
18 : 625 2860 572 975 1
19 : 0 2185 572 1175 0
20 : 0 610 572 1575 0
21 : 625 2288 572 1390 1
22 : 625 1716 572 1490 1
23 : 625 1144 572 1590 1
24 : 625 572 572 1690 1
25 : 625 0 572 1890 1
26 : 0 0 610 625 1
27 : 625 6510 660 490 1
28 : 2515 3492 690 447 1
29 : 2515 4182 949 445 1
30 : 2515 0 949 478 1
31 : 2515 2522 970 463 1
