135 415
0 : 29 359 29 18 0
1 : 112 247 49 16 1
2 : 58 363 29 16 0
3 : 93 16 75 21 1
4 : 0 381 23 16 0
5 : 0 36 88 16 0
6 : 0 201 57 18 0
7 : 90 305 42 21 0
8 : 45 305 45 16 0
9 : 62 176 61 18 0
10 : 0 345 29 20 0
11 : 0 120 67 26 0
12 : 0 239 52 16 0
13 : 0 16 93 20 0
14 : 83 391 22 16 0
15 : 105 397 19 16 0
16 : 0 325 36 20 0
17 : 57 214 55 16 0
18 : 0 0 135 16 0
19 : 0 273 50 18 0
20 : 114 326 31 16 1
21 : 116 194 53 16 1
22 : 116 375 22 18 1
23 : 0 162 62 18 0
24 : 0 180 58 21 0
25 : 0 104 71 16 0
26 : 0 291 45 16 0
27 : 0 52 85 16 0
28 : 40 321 39 16 0
29 : 0 307 40 18 0
30 : 23 395 20 21 1
31 : 0 146 63 16 0
32 : 0 255 51 18 0
33 : 67 138 63 18 0
34 : 0 365 29 16 0
35 : 114 16 73 20 1
36 : 44 395 19 16 0
37 : 87 375 29 16 0
38 : 50 285 47 20 0
39 : 100 357 29 18 0
40 : 51 264 50 21 0
41 : 36 337 34 22 0
42 : 0 219 54 20 0
43 : 63 156 62 20 0
44 : 70 342 30 21 0
45 : 29 377 27 18 0
46 : 0 397 16 16 0
47 : 63 395 19 16 0
48 : 56 379 27 16 0
49 : 67 120 66 18 0
50 : 54 230 53 34 0
51 : 0 68 76 18 0
52 : 0 86 71 18 0
53 : 58 194 58 20 0
54 : 79 326 35 16 0
