35 470
0 : 24 62 12 10 1
1 : 0 0 2 31 1
2 : 0 22 10 13 1
3 : 0 220 16 16 0
4 : 16 220 16 16 0
5 : 16 438 16 16 0
6 : 0 436 16 16 0
7 : 19 15 2 15 1
8 : 0 147 8 7 0
9 : 16 387 13 13 0
10 : 0 372 16 16 0
11 : 8 147 8 7 0
12 : 16 371 16 16 0
13 : 15 17 16 7 0
14 : 16 355 16 16 0
15 : 16 147 16 15 0
16 : 16 340 15 15 0
17 : 0 90 24 21 0
18 : 0 9 1 26 1
19 : 7 324 16 16 0
20 : 24 48 11 14 0
21 : 0 111 24 21 0
22 : 0 154 16 15 0
23 : 0 236 16 16 0
24 : 16 236 16 16 0
25 : 0 452 7 7 0
26 : 0 420 16 16 0
27 : 16 162 13 14 1
28 : 0 169 16 15 0
29 : 31 17 2 7 0
30 : 24 98 8 10 1
31 : 24 106 13 11 1
32 : 16 175 16 15 0
33 : 0 184 13 12 0
34 : 0 276 16 16 0
35 : 16 276 16 16 0
36 : 34 119 1 1 0
37 : 19 13 2 16 1
38 : 24 86 12 10 1
39 : 24 119 8 10 1
40 : 24 74 12 10 1
41 : 0 252 24 24 0
42 : 13 190 16 15 0
43 : 0 205 16 15 0
44 : 0 292 32 32 0
45 : 0 324 7 7 0
46 : 0 10 3 22 1
47 : 0 340 16 16 0
48 : 16 400 16 16 0
49 : 0 2 35 7 0
50 : 0 356 16 16 0
51 : 0 13 3 19 1
52 : 0 16 3 15 1
53 : 0 69 24 21 0
54 : 0 388 16 16 0
55 : 16 205 16 15 0
56 : 7 454 16 16 0
57 : 0 404 16 16 0
58 : 16 416 11 11 0
59 : 0 132 16 15 0
60 : 16 427 11 11 0
61 : 0 48 24 21 0
62 : 13 24 24 21 1
63 : 16 132 16 15 0
64 : 0 19 3 11 1
