100 1256
0 : 0 55 17 90 1
1 : 0 1037 68 76 1
2 : 0 312 14 68 1
3 : 0 326 22 76 1
4 : 0 481 38 83 1
5 : 0 207 29 87 1
6 : 0 167 40 100 1
7 : 0 519 39 83 1
8 : 0 1105 69 77 1
9 : 0 0 1 99 1
10 : 0 897 77 57 0
11 : 0 4 17 100 1
12 : 0 34 13 94 1
13 : 0 124 90 27 0
14 : 0 255 27 84 1
15 : 0 750 56 83 1
16 : 0 151 78 16 0
17 : 0 450 31 78 1
18 : 0 712 38 71 1
19 : 0 47 8 86 1
20 : 0 1 90 3 0
21 : 0 558 38 79 1
22 : 87 207 10 66 0
23 : 0 72 21 92 1
24 : 0 348 14 66 1
25 : 0 27 7 89 1
26 : 0 852 45 68 1
27 : 0 806 46 70 1
28 : 94 21 4 73 0
29 : 0 674 38 72 1
30 : 0 633 41 80 1
31 : 0 1174 82 89 1
32 : 0 21 6 88 1
33 : 0 94 30 98 1
34 : 0 362 99 48 0
35 : 0 282 30 87 1
36 : 0 236 19 77 1
37 : 0 954 83 95 1
38 : 0 596 78 37 0
39 : 0 410 40 91 1
