200 340
0 : 91 34 66 25 0
1 : 91 213 14 30 1
2 : 0 313 18 14 0
3 : 91 156 43 34 0
4 : 91 96 59 30 0
5 : 122 190 10 16 0
6 : 78 83 8 33 0
7 : 65 36 22 47 0
8 : 91 298 18 16 0
9 : 134 156 26 13 1
10 : 91 264 24 17 0
11 : 169 16 26 4 1
12 : 174 143 7 28 0
13 : 0 251 26 14 0
14 : 0 151 30 51 1
15 : 0 181 39 25 0
16 : 87 56 7 3 1
17 : 65 174 19 9 1
18 : 189 87 25 6 1
19 : 78 162 8 14 0
20 : 91 16 18 78 1
21 : 91 314 14 17 1
22 : 91 71 62 12 0
23 : 174 0 15 64 0
24 : 57 114 16 5 1
25 : 174 64 46 13 1
26 : 0 225 27 26 0
27 : 91 59 12 63 1
28 : 78 116 30 8 1
29 : 0 0 36 91 1
30 : 91 190 23 31 1
31 : 78 176 8 13 0
32 : 65 152 22 9 1
33 : 189 0 9 50 0
34 : 181 129 14 4 1
35 : 78 146 8 16 0
36 : 39 181 22 12 1
37 : 0 114 57 37 0
38 : 189 141 7 6 1
39 : 157 80 12 36 0
40 : 65 123 11 29 0
41 : 91 126 30 56 1
42 : 0 64 50 62 1
43 : 91 83 61 13 0
44 : 57 130 4 7 0
45 : 174 110 7 33 0
46 : 91 248 16 26 1
47 : 157 34 12 46 0
48 : 91 227 21 27 1
49 : 0 36 28 65 1
50 : 57 137 4 4 0
51 : 134 182 9 19 0
52 : 65 83 40 13 1
53 : 189 112 6 19 0
54 : 0 265 15 22 1
55 : 0 206 19 31 1
56 : 91 281 21 17 0
57 : 164 131 5 6 0
58 : 164 116 5 15 0
59 : 157 116 30 7 1
60 : 181 110 6 19 0
61 : 78 189 8 12 0
62 : 65 193 11 8 1
63 : 0 280 19 21 1
64 : 0 299 18 14 0
65 : 87 36 3 20 0
66 : 169 42 18 3 1
67 : 91 0 83 16 0
68 : 0 327 16 13 0
69 : 198 0 2 7 0
70 : 189 131 6 10 0
71 : 189 50 37 6 1
72 : 195 50 8 3 1
