100 3091
0 : 0 1453 38 90 0
1 : 64 470 24 82 0
2 : 0 2906 18 75 0
3 : 0 0 88 98 1
4 : 0 1896 27 97 0
5 : 92 309 4 99 0
6 : 64 938 14 85 0
7 : 64 385 24 85 0
8 : 64 309 28 76 0
9 : 0 2639 46 35 1
10 : 0 2837 20 69 0
11 : 0 2560 21 79 0
12 : 0 758 41 99 0
13 : 0 586 49 88 0
14 : 0 1202 39 96 0
15 : 0 2083 30 82 0
16 : 64 748 15 95 0
17 : 64 843 14 95 0
18 : 64 552 19 96 0
19 : 0 493 50 93 0
20 : 98 93 1 99 0
21 : 0 1632 40 75 0
22 : 64 1184 11 69 0
23 : 0 174 82 66 0
24 : 0 1298 49 76 0
25 : 0 948 85 47 1
26 : 0 414 64 79 0
27 : 0 2364 27 69 0
28 : 56 493 8 97 0
29 : 0 1802 28 94 0
30 : 0 2242 30 75 0
31 : 64 240 32 69 0
32 : 0 1993 29 90 0
33 : 0 1103 39 99 0
34 : 49 1103 7 11 0
35 : 64 648 100 18 1
36 : 0 240 61 88 0
37 : 64 1108 12 76 0
38 : 0 1374 45 79 0
39 : 0 1707 28 95 0
40 : 56 590 6 67 0
41 : 0 2317 47 46 1
42 : 0 2433 45 39 1
43 : 0 2685 19 84 0
44 : 64 1023 12 85 0
45 : 0 857 44 91 0
46 : 0 1033 56 70 0
47 : 0 2478 21 82 0
48 : 0 2165 30 77 0
49 : 98 0 2 93 0
50 : 0 3060 31 14 1
51 : 0 1543 35 89 0
52 : 64 1321 9 76 0
53 : 0 2769 22 68 0
54 : 0 2981 16 79 0
55 : 64 1253 11 68 0
56 : 0 674 50 84 0
57 : 88 385 3 87 0
58 : 0 328 62 86 0
59 : 0 88 98 86 0
