100 3473
0 : 0 1604 38 90 0
1 : 0 2738 24 82 0
2 : 0 3398 18 75 0
3 : 0 0 88 98 1
4 : 0 2487 27 97 0
5 : 56 478 4 99 0
6 : 82 348 14 85 0
7 : 0 2653 24 85 0
8 : 0 2411 28 76 0
9 : 0 1783 46 35 1
10 : 0 3049 20 69 0
11 : 0 2970 21 79 0
12 : 0 1190 41 99 0
13 : 0 725 49 88 0
14 : 0 1463 39 96 0
15 : 0 1898 30 82 0
16 : 82 253 15 95 0
17 : 62 304 14 95 0
18 : 0 3118 19 96 0
19 : 0 548 50 93 0
20 : 98 93 1 99 0
21 : 0 1289 40 75 0
22 : 82 509 11 69 0
23 : 0 174 82 66 0
24 : 0 813 49 76 0
25 : 0 889 85 47 1
26 : 0 240 64 79 1
27 : 0 2584 27 69 0
28 : 62 583 8 97 0
29 : 0 2317 28 94 0
30 : 0 2057 30 75 0
31 : 0 1829 32 69 0
32 : 0 2132 29 90 0
33 : 0 1364 39 99 0
34 : 82 654 7 11 0
35 : 0 3298 100 18 1
36 : 0 390 61 88 0
37 : 82 433 12 76 0
38 : 0 1020 45 79 0
39 : 0 2222 28 95 0
40 : 50 548 6 67 0
41 : 0 974 47 46 0
42 : 0 1559 45 39 1
43 : 0 3214 19 84 0
44 : 62 430 12 85 0
45 : 0 1099 44 91 0
46 : 0 478 56 70 0
47 : 0 2888 21 82 0
48 : 0 1980 30 77 0
49 : 98 0 2 93 0
50 : 62 399 31 14 1
51 : 0 1694 35 89 0
52 : 82 578 9 76 0
53 : 0 2820 22 68 0
54 : 82 174 16 79 0
55 : 62 515 11 68 0
56 : 0 641 50 84 0
57 : 79 240 3 87 0
58 : 0 304 62 86 0
59 : 0 88 98 86 0
