92 284
0 : 68 166 11 9 1
1 : 85 51 1 1 0
2 : 68 144 9 11 0
3 : 91 17 1 29 0
4 : 68 155 9 11 0
5 : 0 221 19 15 0
6 : 0 125 50 29 0
7 : 87 34 1 19 0
8 : 0 266 18 18 0
9 : 55 62 12 45 0
10 : 0 236 19 15 0
11 : 33 182 14 12 1
12 : 67 62 12 45 0
13 : 0 180 27 13 0
14 : 55 107 43 13 1
15 : 0 62 55 13 0
16 : 0 167 31 13 0
17 : 0 206 19 15 0
18 : 0 51 11 79 1
19 : 0 75 50 50 0
20 : 89 17 2 37 0
21 : 55 150 31 13 1
22 : 0 0 92 17 0
23 : 55 181 21 13 1
24 : 68 133 11 9 1
25 : 0 154 33 13 0
26 : 33 154 28 13 1
27 : 86 34 1 29 0
28 : 68 107 13 10 1
29 : 0 193 27 13 0
30 : 0 17 17 88 1
31 : 0 251 19 15 0
32 : 91 46 1 19 0
33 : 0 34 86 17 0
34 : 88 17 1 48 0
35 : 79 51 4 6 1
36 : 68 120 13 10 1
37 : 79 55 4 6 1
