247 867
0 : 68 661 39 27 1
1 : 34 585 41 33 1
2 : 34 679 46 17 1
3 : 117 774 33 17 1
4 : 117 838 27 17 1
5 : 17 434 88 17 1
6 : 117 807 31 17 1
7 : 0 700 43 17 1
8 : 0 165 213 40 0
9 : 34 805 33 17 1
10 : 68 810 29 17 1
11 : 68 616 45 27 1
12 : 152 525 57 27 1
13 : 68 774 36 17 1
14 : 0 434 102 17 1
15 : 17 739 39 17 1
16 : 0 81 240 40 0
17 : 0 781 25 27 0
18 : 51 434 82 17 1
19 : 0 599 54 17 1
20 : 0 839 24 17 1
21 : 152 776 33 17 1
22 : 0 347 117 33 0
23 : 51 516 67 17 1
24 : 0 407 99 27 0
25 : 68 734 40 17 1
26 : 0 39 244 42 0
27 : 0 743 38 17 1
28 : 0 314 146 33 0
29 : 34 434 82 17 1
30 : 152 642 50 17 1
31 : 152 809 31 17 1
32 : 0 121 224 44 0
33 : 34 768 37 17 1
34 : 152 361 88 38 1
35 : 0 205 207 44 0
36 : 0 249 152 65 0
37 : 0 380 103 27 0
38 : 117 516 58 27 1
39 : 68 505 61 27 1
40 : 117 445 71 27 1
41 : 0 653 47 17 1
42 : 117 347 98 27 1
43 : 169 449 76 17 1
44 : 68 566 50 27 1
45 : 17 522 67 17 1
46 : 0 0 247 39 0
47 : 152 840 17 17 0
48 : 152 737 39 17 1
49 : 0 808 31 17 1
50 : 224 121 15 17 0
51 : 34 626 53 17 1
52 : 152 249 112 49 1
53 : 152 449 76 17 1
54 : 117 686 46 17 1
55 : 34 725 43 17 1
56 : 34 516 69 17 1
57 : 152 692 45 17 1
58 : 34 838 29 17 1
59 : 68 434 71 27 1
60 : 17 695 44 17 1
61 : 152 582 60 17 1
62 : 17 589 56 17 1
63 : 68 839 20 17 1
64 : 17 645 50 17 1
65 : 117 574 60 17 1
66 : 0 536 63 17 1
67 : 117 732 42 17 1
68 : 68 700 34 27 1
69 : 117 634 52 17 1
