3000 5313
0 : 2665 2814 365 185 1
1 : 2462 1376 378 200 0
2 : 2462 1211 410 165 0
3 : 1706 1121 425 148 1
4 : 1935 3958 425 296 0
5 : 1590 1121 439 116 1
6 : 2462 0 464 1006 0
7 : 2462 1006 520 205 0
8 : 755 3786 520 350 0
9 : 2353 4735 540 530 0
10 : 1575 1693 549 1413 1
11 : 0 0 549 1882 1
12 : 1228 4448 553 496 0
13 : 0 3745 555 755 1
14 : 0 4300 555 496 0
15 : 2360 4076 555 659 0
16 : 755 4136 567 473 1
17 : 1781 4448 572 592 0
18 : 1448 3386 572 975 1
19 : 1490 2814 572 1175 1
20 : 0 1693 572 1575 1
21 : 1575 2242 572 1390 1
22 : 0 2265 572 1490 1
23 : 0 1121 572 1590 1
24 : 1890 0 572 1690 0
25 : 0 549 572 1890 1
26 : 555 4703 610 625 1
27 : 1275 3958 660 490 0
28 : 2423 3386 690 447 1
29 : 0 3300 949 445 0
30 : 970 2837 949 478 1
31 : 0 2837 970 463 0
