1000 9270
0 : 0 5407 340 857 1
1 : 697 9163 104 178 1
2 : 0 5018 943 389 0
3 : 0 8438 189 491 1
4 : 230 9118 146 162 1
5 : 964 4257 33 963 0
6 : 0 8704 497 135 0
7 : 0 3605 652 992 1
8 : 727 7867 121 598 0
9 : 0 8261 42 727 1
10 : 491 8562 142 505 1
11 : 967 8987 24 83 0
12 : 0 7635 150 776 1
13 : 947 6372 49 921 0
14 : 0 5747 493 677 1
15 : 0 7550 85 886 1
16 : 408 8873 421 99 0
17 : 0 980 970 933 0
18 : 0 7298 252 738 1
19 : 0 8015 561 246 0
20 : 0 2826 882 779 0
21 : 997 0 298 2 1
22 : 497 8704 452 169 0
23 : 392 9118 253 49 0
24 : 359 9031 338 87 0
25 : 538 9167 81 148 1
26 : 359 8972 59 375 1
27 : 0 6240 457 647 1
28 : 967 8704 12 189 0
29 : 988 8704 8 169 0
30 : 734 8972 191 233 1
31 : 0 7213 85 947 1
32 : 0 8303 629 135 0
33 : 857 5407 965 107 1
34 : 0 8956 359 109 0
35 : 0 7785 840 67 0
36 : 848 8024 538 142 1
37 : 886 7298 104 726 0
38 : 0 7852 15 871 1
39 : 0 9065 144 230 1
40 : 988 8873 10 114 0
41 : 0 4257 761 761 0
42 : 0 0 984 980 0
43 : 0 8839 408 117 0
44 : 979 8704 9 189 0
45 : 0 1913 931 913 0
46 : 0 6697 516 536 1
47 : 677 5747 150 906 0
48 : 0 7867 689 148 0
49 : 392 9167 103 146 1
