200 208
0 : 0 103 66 25 0
1 : 64 155 14 30 1
2 : 120 155 18 14 0
3 : 153 0 43 34 0
4 : 0 50 59 30 0
5 : 78 128 10 16 1
6 : 0 174 8 33 1
7 : 175 90 22 47 0
8 : 134 73 18 16 0
9 : 61 169 26 13 0
10 : 110 73 24 17 0
11 : 133 202 26 4 0
12 : 49 201 7 28 1
13 : 94 155 26 14 0
14 : 59 73 30 51 1
15 : 66 103 39 25 0
16 : 94 136 7 3 0
17 : 0 194 19 9 0
18 : 146 0 25 6 1
19 : 64 146 8 14 1
20 : 0 128 18 78 1
21 : 183 153 14 17 1
22 : 0 182 62 12 0
23 : 0 146 15 64 1
24 : 82 194 16 5 0
25 : 183 34 46 13 1
26 : 119 0 27 26 0
27 : 103 181 12 63 1
28 : 19 194 30 8 0
29 : 62 37 36 91 1
30 : 0 80 23 31 1
31 : 183 80 8 13 1
32 : 148 193 22 9 0
33 : 98 193 9 50 1
34 : 161 139 14 4 1
35 : 33 174 8 16 1
36 : 166 181 22 12 0
37 : 62 0 57 37 0
38 : 170 193 7 6 0
39 : 62 182 12 36 1
40 : 119 26 11 29 1
41 : 153 34 30 56 0
42 : 0 0 50 62 1
43 : 0 161 61 13 0
44 : 98 182 4 7 0
45 : 49 194 7 33 1
46 : 174 137 16 26 1
47 : 103 169 12 46 1
48 : 31 80 21 27 1
49 : 110 90 28 65 1
50 : 98 189 4 4 0
51 : 188 181 9 19 0
52 : 156 168 40 13 0
53 : 19 202 6 19 1
54 : 161 153 15 22 1
55 : 105 118 19 31 1
56 : 157 118 21 17 1
57 : 148 26 5 6 0
58 : 105 103 5 15 0
59 : 170 200 30 7 0
60 : 114 202 6 19 1
61 : 49 174 8 12 1
62 : 94 128 11 8 0
63 : 136 118 19 21 1
64 : 138 155 18 14 0
65 : 59 50 3 20 0
66 : 197 167 18 3 1
67 : 78 139 83 16 0
68 : 87 169 16 13 0
69 : 149 179 2 7 1
70 : 149 169 6 10 0
71 : 77 202 37 6 0
72 : 61 161 8 3 1
