200 224
0 : 110 0 15 72 1
1 : 51 93 15 47 1
2 : 110 15 67 11 0
3 : 141 138 56 39 0
4 : 93 115 6 35 1
5 : 71 186 11 17 1
6 : 74 160 8 20 1
7 : 66 147 22 8 0
8 : 130 188 8 12 0
9 : 197 119 3 16 0
10 : 57 201 11 9 0
11 : 102 48 9 61 1
12 : 51 86 47 7 0
13 : 0 208 11 11 0
14 : 88 155 5 18 1
15 : 66 141 6 22 1
16 : 130 200 5 7 1
17 : 130 169 6 14 0
18 : 138 200 25 21 0
19 : 141 128 22 4 0
20 : 88 190 16 11 0
21 : 23 154 33 17 0
22 : 80 202 8 7 0
23 : 130 184 4 8 1
24 : 0 18 26 110 1
25 : 0 180 11 4 0
26 : 182 0 58 12 1
27 : 98 94 56 21 0
28 : 0 44 21 102 1
29 : 66 135 6 25 1
30 : 0 86 9 51 1
31 : 18 187 16 11 0
32 : 93 121 30 5 0
33 : 45 201 12 9 0
34 : 163 200 4 6 1
35 : 56 168 26 16 0
36 : 110 26 68 12 0
37 : 0 160 20 10 0
38 : 104 190 21 26 1
39 : 171 177 20 12 0
40 : 0 95 49 16 0
41 : 0 133 6 28 1
42 : 91 168 11 3 1
43 : 54 123 37 12 0
44 : 82 168 9 18 0
45 : 136 169 2 9 0
46 : 134 155 5 14 0
47 : 56 160 15 4 0
48 : 54 114 39 9 0
49 : 110 38 64 10 0
50 : 163 119 32 7 0
51 : 20 171 16 26 1
52 : 0 65 99 21 0
53 : 28 135 38 19 0
54 : 139 177 23 32 1
55 : 54 108 6 37 1
56 : 0 111 22 54 1
57 : 94 165 25 36 1
58 : 91 128 50 27 0
59 : 171 189 27 22 0
60 : 189 58 8 41 0
61 : 99 71 66 23 0
62 : 37 194 8 5 0
63 : 197 135 15 3 1
64 : 0 184 18 12 0
65 : 191 177 9 4 0
66 : 136 178 6 2 1
67 : 71 197 9 6 0
68 : 80 197 5 8 1
69 : 0 146 4 18 1
70 : 18 198 15 19 1
71 : 37 199 8 5 0
72 : 130 155 14 4 1
73 : 176 58 48 13 1
74 : 79 210 14 14 0
75 : 106 155 23 10 0
76 : 56 155 5 18 1
77 : 0 150 10 23 1
78 : 165 48 51 11 1
79 : 102 57 58 14 0
80 : 34 187 7 12 1
81 : 88 201 10 9 0
82 : 0 196 16 12 0
83 : 197 150 13 3 1
84 : 128 119 35 9 0
85 : 163 126 34 12 0
86 : 46 184 17 25 1
87 : 37 204 3 3 0
88 : 0 139 7 23 1
89 : 0 170 10 20 1
90 : 0 0 109 18 0
91 : 163 204 7 7 0
92 : 98 201 6 6 0
93 : 154 106 44 13 0
94 : 198 181 3 1 1
95 : 197 163 3 12 0
96 : 68 203 10 11 1
