35 533
0 : 0 0 12 10 0
1 : 0 10 2 31 1
2 : 0 12 10 13 1
3 : 13 12 16 16 0
4 : 0 28 16 16 0
5 : 16 28 16 16 0
6 : 0 44 16 16 0
7 : 32 0 2 15 0
8 : 16 44 8 7 0
9 : 16 51 13 13 0
10 : 0 60 16 16 0
11 : 16 64 8 7 0
12 : 16 71 16 16 0
13 : 0 76 16 7 0
14 : 0 83 16 16 0
15 : 16 87 16 15 0
16 : 0 99 15 15 0
17 : 0 114 24 21 0
18 : 34 0 1 26 0
19 : 0 135 16 16 0
20 : 24 102 11 14 0
21 : 0 151 24 21 0
22 : 0 172 16 15 0
23 : 16 172 16 16 0
24 : 0 187 16 16 0
25 : 16 188 7 7 0
26 : 16 195 16 16 0
27 : 0 203 13 14 1
28 : 14 211 16 15 0
29 : 32 116 2 7 0
30 : 0 216 8 10 1
31 : 0 224 13 11 0
32 : 13 226 16 15 0
33 : 0 235 13 12 0
34 : 13 241 16 16 0
35 : 0 257 16 16 0
36 : 34 116 1 1 0
37 : 32 123 2 16 0
38 : 16 257 12 10 0
39 : 16 267 8 10 1
40 : 0 273 12 10 0
41 : 0 283 24 24 0
42 : 0 307 16 15 0
43 : 16 307 16 15 0
44 : 0 322 32 32 0
45 : 0 354 7 7 0
46 : 32 139 3 22 0
47 : 7 354 16 16 0
48 : 0 370 16 16 0
49 : 23 354 35 7 1
50 : 0 386 16 16 0
51 : 32 161 3 19 0
52 : 32 180 3 15 0
53 : 0 402 24 21 0
54 : 0 423 16 16 0
55 : 16 423 16 15 0
56 : 16 438 16 16 0
57 : 0 439 16 16 0
58 : 16 454 11 11 0
59 : 0 455 16 15 0
60 : 16 465 11 11 0
61 : 0 476 24 21 0
62 : 0 497 24 21 0
63 : 0 518 16 15 0
64 : 32 195 3 11 0
