1000 10930
0 : 0 5155 340 857 1
1 : 0 10577 104 178 1
2 : 0 2790 943 389 0
3 : 0 9364 189 491 1
4 : 0 10681 146 162 1
5 : 0 2672 33 963 1
6 : 0 9229 497 135 0
7 : 0 0 652 992 1
8 : 0 8062 121 598 1
9 : 776 5562 42 727 0
10 : 0 9087 142 505 1
11 : 857 5155 24 83 0
12 : 0 5562 150 776 1
13 : 0 4092 49 921 1
14 : 0 6977 493 677 1
15 : 0 4291 85 886 1
16 : 0 9722 421 99 0
17 : 0 1632 970 933 0
18 : 0 6473 252 738 1
19 : 0 8183 561 246 0
20 : 0 4376 882 779 0
21 : 992 0 298 2 1
22 : 0 9553 452 169 0
23 : 0 10193 253 49 0
24 : 0 10106 338 87 0
25 : 253 10193 81 148 0
26 : 0 9938 59 375 1
27 : 0 7470 457 647 1
28 : 970 1632 12 189 0
29 : 984 652 8 169 0
30 : 0 10242 191 233 1
31 : 0 2705 85 947 1
32 : 0 7927 629 135 0
33 : 0 2565 965 107 0
34 : 0 9997 359 109 0
35 : 0 5495 840 67 0
36 : 0 8429 538 142 0
37 : 0 6725 104 726 1
38 : 947 2705 15 871 0
39 : 0 10433 144 230 1
40 : 931 3179 10 114 0
41 : 0 5712 761 761 0
42 : 0 652 984 980 0
43 : 0 9821 408 117 0
44 : 970 1821 9 189 0
45 : 0 3179 931 913 0
46 : 0 8571 516 536 1
47 : 0 4141 150 906 1
48 : 0 6829 689 148 0
49 : 0 10827 103 146 1
