200 232
0 : 64 54 66 25 0
1 : 0 119 14 30 1
2 : 0 186 18 14 0
3 : 145 156 43 34 0
4 : 46 79 59 30 0
5 : 188 156 10 16 0
6 : 71 16 8 33 0
7 : 40 109 22 47 1
8 : 0 200 18 16 0
9 : 0 133 26 13 0
10 : 22 175 24 17 0
11 : 79 16 26 4 1
12 : 161 101 7 28 1
13 : 69 131 26 14 1
14 : 87 119 30 51 1
15 : 30 131 39 25 0
16 : 124 82 7 3 1
17 : 0 146 19 9 0
18 : 40 80 25 6 1
19 : 188 172 8 14 0
20 : 83 0 18 78 1
21 : 18 192 14 17 1
22 : 0 28 62 12 0
23 : 0 40 15 64 1
24 : 87 109 16 5 0
25 : 0 67 46 13 0
26 : 18 206 27 26 0
27 : 0 16 12 63 1
28 : 0 100 30 8 0
29 : 83 18 36 91 1
30 : 57 157 23 31 0
31 : 46 175 8 13 0
32 : 161 108 22 9 0
33 : 187 0 9 50 0
34 : 64 49 14 4 0
35 : 161 0 8 16 0
36 : 46 55 22 12 1
37 : 138 119 57 37 0
38 : 19 146 7 6 0
39 : 161 89 12 36 1
40 : 0 108 11 29 1
41 : 105 89 30 56 1
42 : 83 156 50 62 1
43 : 174 0 61 13 1
44 : 79 42 4 7 0
45 : 64 16 7 33 0
46 : 0 155 16 26 1
47 : 0 55 12 46 1
48 : 46 188 21 27 1
49 : 130 61 28 65 1
50 : 22 171 4 4 0
51 : 30 112 9 19 0
52 : 0 80 40 13 0
53 : 30 93 6 19 0
54 : 0 171 15 22 1
55 : 26 156 19 31 1
56 : 145 190 21 17 0
57 : 167 54 5 6 0
58 : 87 114 5 15 1
59 : 0 93 30 7 0
60 : 105 82 6 19 1
61 : 188 186 8 12 1
62 : 187 50 11 8 1
63 : 80 206 19 21 1
64 : 166 190 18 14 0
65 : 105 79 3 20 1
66 : 189 101 18 3 1
67 : 0 0 83 16 0
68 : 184 194 16 13 0
69 : 161 16 2 7 1
70 : 183 108 6 10 0
71 : 130 54 37 6 0
72 : 54 175 8 3 1
