135 408
0 : 0 342 29 18 0
1 : 0 230 49 16 0
2 : 95 324 29 16 0
3 : 109 16 75 21 1
4 : 27 370 23 16 0
5 : 0 36 88 16 0
6 : 0 180 57 18 0
7 : 0 285 42 21 0
8 : 111 247 45 16 1
9 : 62 149 61 18 0
10 : 56 356 29 20 0
11 : 62 167 67 26 0
12 : 0 214 52 16 0
13 : 0 16 93 20 0
14 : 50 376 22 16 0
15 : 113 383 19 16 0
16 : 0 306 36 20 0
17 : 57 193 55 16 0
18 : 0 0 135 16 0
19 : 51 250 50 18 0
20 : 95 308 31 16 0
21 : 0 198 53 16 0
22 : 72 376 22 18 0
23 : 0 142 62 18 0
24 : 53 229 58 21 0
25 : 93 16 71 16 1
26 : 50 268 45 16 0
27 : 0 52 85 16 0
28 : 93 87 39 16 1
29 : 109 91 40 18 1
30 : 19 386 20 21 1
31 : 76 68 63 16 1
32 : 0 246 51 18 0
33 : 66 131 63 18 0
34 : 0 326 29 16 0
35 : 0 104 73 20 0
36 : 0 378 19 16 0
37 : 36 338 29 16 0
38 : 50 284 47 20 0
39 : 65 338 29 18 0
40 : 0 264 50 21 0
41 : 95 340 34 22 0
42 : 115 193 54 20 1
43 : 0 160 62 20 0
44 : 94 362 30 21 0
45 : 0 360 27 18 0
46 : 40 392 16 16 0
47 : 94 383 19 16 0
48 : 29 354 27 16 0
49 : 0 124 66 18 0
50 : 42 304 53 34 0
51 : 0 68 76 18 0
52 : 0 86 71 18 0
53 : 57 209 58 20 0
54 : 97 292 35 16 0
