1000 16033
0 : 0 0 541 745 1
1 : 0 15008 344 301 1
2 : 0 13877 413 294 1
3 : 0 15692 266 341 0
4 : 0 9596 543 388 1
5 : 0 3971 367 701 0
6 : 0 541 526 707 1
7 : 0 6325 286 706 0
8 : 0 11265 614 289 1
9 : 0 9004 348 592 0
10 : 0 3298 673 431 1
11 : 0 12388 475 362 1
12 : 0 5763 562 439 1
13 : 0 1563 530 638 1
14 : 0 7031 609 375 1
15 : 0 12863 540 274 1
16 : 0 2664 486 634 0
17 : 0 14631 272 377 0
18 : 0 10139 623 306 1
19 : 0 8290 266 714 0
20 : 0 14290 341 336 1
21 : 0 15352 340 296 1
22 : 0 5232 531 479 1
23 : 0 2093 571 589 1
24 : 0 1067 674 496 0
25 : 0 4672 560 497 1
26 : 0 11879 509 389 1
27 : 0 7640 650 332 1
28 : 0 13403 474 285 1
29 : 0 10762 419 503 0
