35 768
0 : 0 0 12 10 0
1 : 12 0 2 31 0
2 : 14 0 10 13 1
3 : 14 10 16 16 0
4 : 14 26 16 16 0
5 : 14 42 16 16 0
6 : 14 58 16 16 0
7 : 30 0 2 15 0
8 : 0 10 8 7 0
9 : 14 74 13 13 0
10 : 14 87 16 16 0
11 : 0 17 8 7 0
12 : 14 103 16 16 0
13 : 0 24 16 7 1
14 : 14 119 16 16 0
15 : 14 135 16 15 0
16 : 14 150 15 15 0
17 : 12 165 24 21 1
18 : 33 0 1 26 0
19 : 12 189 16 16 0
20 : 12 205 11 14 1
21 : 12 216 24 21 1
22 : 12 240 16 15 0
23 : 12 255 16 16 0
24 : 12 271 16 16 0
25 : 0 40 7 7 0
26 : 12 287 16 16 0
27 : 12 303 13 14 1
28 : 12 316 16 15 1
29 : 8 10 2 7 0
30 : 12 332 8 10 1
31 : 12 340 13 11 1
32 : 12 353 16 15 1
33 : 12 369 13 12 0
34 : 12 381 16 16 0
35 : 12 397 16 16 0
36 : 34 0 1 1 0
37 : 10 10 2 16 0
38 : 12 413 12 10 0
39 : 12 423 8 10 1
40 : 12 431 12 10 1
41 : 10 443 24 24 0
42 : 10 467 16 15 0
43 : 10 482 16 15 0
44 : 0 497 32 32 0
45 : 0 529 7 7 0
46 : 7 529 3 22 1
47 : 7 532 16 16 0
48 : 7 548 16 16 0
49 : 0 536 35 7 1
50 : 7 564 16 16 0
51 : 29 529 3 19 0
52 : 23 532 3 15 0
53 : 0 580 24 21 1
54 : 0 604 16 16 0
55 : 0 620 16 15 0
56 : 0 635 16 16 0
57 : 0 651 16 16 0
58 : 0 667 11 11 0
59 : 0 678 16 15 1
60 : 0 694 11 11 0
61 : 0 705 24 21 1
62 : 0 729 24 21 1
63 : 0 753 16 15 0
64 : 26 532 3 11 0
