300 600
0 : 0 0 90 36 0
1 : 90 0 79 15 0
2 : 169 0 90 36 0
3 : 0 36 244 70 0
4 : 90 15 39 15 0
5 : 244 36 55 15 0
6 : 244 51 53 14 0
7 : 0 106 90 36 0
8 : 90 106 80 32 0
9 : 170 106 101 36 0
10 : 90 138 62 31 0
11 : 129 15 40 16 0
12 : 244 65 38 15 1
13 : 259 0 24 32 0
14 : 0 169 300 95 0
15 : 0 264 80 32 0
16 : 0 142 38 15 0
17 : 38 142 40 16 0
18 : 80 264 209 33 0
19 : 0 297 101 36 0
20 : 271 65 47 15 1
21 : 271 112 40 16 1
22 : 170 142 60 24 0
23 : 101 297 90 36 0
24 : 230 142 39 15 0
25 : 191 297 39 15 0
26 : 230 297 51 15 0
27 : 191 312 40 15 0
28 : 191 327 101 36 0
29 : 0 333 60 18 0
30 : 60 333 55 15 0
31 : 115 333 60 15 0
32 : 60 348 66 15 0
33 : 126 348 24 32 1
34 : 175 363 90 36 0
35 : 0 351 51 18 0
36 : 0 369 90 36 0
37 : 158 399 90 36 0
38 : 90 372 60 18 0
39 : 0 405 90 36 0
40 : 271 152 17 16 1
41 : 90 390 59 14 0
42 : 90 435 163 15 0
43 : 0 450 101 36 0
44 : 101 450 90 36 0
45 : 90 404 52 15 0
46 : 191 450 90 36 0
47 : 231 312 50 15 0
48 : 158 348 40 15 1
49 : 90 419 54 14 0
50 : 0 486 101 36 0
51 : 101 486 90 36 0
52 : 191 486 101 36 0
53 : 0 522 90 36 0
54 : 90 522 78 78 0
55 : 168 522 90 36 0
56 : 0 558 90 36 0
57 : 265 363 80 15 1
