123 481
0 : 65 98 54 15 1
1 : 50 176 39 15 1
2 : 25 354 51 17 1
3 : 0 146 90 21 1
4 : 0 62 84 25 1
5 : 25 405 43 17 1
6 : 25 257 97 17 1
7 : 50 127 49 15 1
8 : 80 399 45 17 1
9 : 80 0 120 27 1
10 : 80 276 64 17 1
11 : 80 120 67 25 1
12 : 65 236 25 15 1
13 : 50 62 65 15 1
14 : 50 247 23 15 1
15 : 80 340 59 17 1
16 : 0 355 50 17 1
17 : 107 202 33 15 1
18 : 0 236 56 21 1
19 : 107 0 92 15 1
20 : 65 31 67 15 1
21 : 65 152 46 15 1
22 : 0 292 63 17 1
23 : 25 62 72 25 1
24 : 0 0 80 31 0
25 : 65 198 38 15 1
26 : 50 215 32 15 1
27 : 107 92 64 15 1
28 : 80 444 37 17 1
29 : 0 31 65 31 0
30 : 107 235 26 15 1
31 : 80 187 89 21 1
32 : 0 405 45 17 1
33 : 25 134 123 21 1
34 : 107 156 46 15 1
