247 1041
0 : 0 1002 39 27 1
1 : 146 779 41 33 1
2 : 119 576 46 17 1
3 : 119 704 33 17 1
4 : 92 770 27 17 1
5 : 146 351 88 17 1
6 : 65 739 31 17 1
7 : 119 622 43 17 1
8 : 0 165 213 40 0
9 : 92 737 33 17 1
10 : 65 770 29 17 1
11 : 146 703 45 27 1
12 : 0 895 57 27 1
13 : 65 703 36 17 1
14 : 146 249 102 17 1
15 : 119 665 39 17 1
16 : 0 81 240 40 0
17 : 146 854 25 27 1
18 : 163 366 82 17 1
19 : 119 522 54 17 1
20 : 92 797 24 17 1
21 : 92 704 33 17 1
22 : 163 249 117 33 1
23 : 163 448 67 17 1
24 : 92 282 99 27 1
25 : 146 663 40 17 1
26 : 0 39 244 42 0
27 : 163 665 38 17 1
28 : 0 249 146 33 0
29 : 119 380 82 17 1
30 : 163 571 50 17 1
31 : 146 748 31 17 1
32 : 0 121 224 44 0
33 : 65 666 37 17 1
34 : 0 546 88 38 1
35 : 0 205 207 44 0
36 : 0 282 152 65 1
37 : 65 282 103 27 1
38 : 0 837 58 27 1
39 : 0 776 61 27 1
40 : 0 705 71 27 1
41 : 92 576 47 17 1
42 : 119 282 98 27 1
43 : 92 381 76 17 1
44 : 0 952 50 27 1
45 : 92 457 67 17 1
46 : 0 0 247 39 0
47 : 65 799 17 17 0
48 : 92 665 39 17 1
49 : 119 737 31 17 1
50 : 224 121 15 17 0
51 : 65 524 53 17 1
52 : 0 434 112 49 1
53 : 65 385 76 17 1
54 : 65 577 46 17 1
55 : 65 623 43 17 1
56 : 146 439 69 17 1
57 : 146 618 45 17 1
58 : 119 768 29 17 1
59 : 0 634 71 27 1
60 : 163 621 44 17 1
61 : 146 508 60 17 1
62 : 163 515 56 17 1
63 : 119 797 20 17 1
64 : 146 568 50 17 1
65 : 119 462 60 17 1
66 : 65 461 63 17 1
67 : 92 623 42 17 1
68 : 146 820 34 27 1
69 : 92 524 52 17 1
