1000 1128
0 : 0 0 66 61 0
1 : 66 0 62 48 0
2 : 128 0 62 46 0
3 : 190 0 61 43 0
4 : 251 0 39 62 1
5 : 313 0 38 61 1
6 : 374 0 30 71 1
7 : 445 0 56 37 0
8 : 501 0 52 39 0
9 : 627 0 36 55 1
10 : 553 0 74 27 0
11 : 682 0 42 47 1
12 : 729 0 61 32 0
13 : 790 0 58 32 0
14 : 894 0 51 36 0
15 : 848 0 46 40 0
16 : 729 32 79 23 0
17 : 945 0 48 38 0
18 : 553 36 79 23 0
19 : 374 30 30 60 1
20 : 434 39 22 81 1
21 : 678 42 36 49 1
22 : 808 40 25 71 1
23 : 515 59 73 24 0
24 : 128 46 57 31 0
25 : 894 38 72 25 0
26 : 367 60 50 35 0
27 : 879 63 56 31 0
28 : 313 38 33 54 1
29 : 632 36 39 46 1
30 : 727 55 28 63 1
31 : 190 43 77 23 0
32 : 624 75 43 40 0
33 : 588 59 36 48 0
34 : 0 61 56 31 0
35 : 464 61 51 34 0
36 : 185 66 54 32 0
37 : 267 39 44 40 0
38 : 417 61 37 47 1
39 : 790 65 51 34 0
40 : 311 71 48 36 0
41 : 966 38 53 33 1
42 : 66 48 39 45 1
43 : 111 77 34 50 1
44 : 667 83 22 78 1
45 : 239 79 51 33 0
46 : 515 83 29 58 1
47 : 0 92 73 23 0
48 : 841 94 23 73 1
49 : 73 87 37 45 0
50 : 914 94 73 23 0
51 : 745 83 42 40 0
52 : 413 98 26 64 1
53 : 359 95 31 54 1
54 : 667 105 23 72 1
55 : 110 111 79 21 0
56 : 573 107 35 47 1
57 : 189 98 33 50 1
58 : 290 107 39 42 1
59 : 787 99 33 50 1
60 : 477 112 54 30 0
61 : 0 115 60 27 0
62 : 620 115 47 34 0
63 : 837 117 22 73 1
64 : 239 112 49 33 0
65 : 910 117 37 43 1
66 : 413 124 30 52 1
67 : 60 132 67 23 0
68 : 953 117 35 45 1
69 : 332 126 62 25 0
70 : 782 139 24 64 1
71 : 531 112 35 45 0
72 : 739 123 36 43 1
73 : 0 142 26 59 1
74 : 667 128 43 36 0
75 : 127 132 67 23 0
76 : 194 131 34 45 1
77 : 846 139 64 24 0
78 : 566 142 32 48 1
79 : 239 145 30 51 1
80 : 465 142 32 48 1
81 : 290 151 25 61 1
82 : 59 155 55 27 0
83 : 351 151 54 28 0
84 : 614 149 33 46 1
85 : 405 154 31 48 1
86 : 114 155 45 33 0
87 : 513 157 51 29 0
88 : 953 152 43 35 0
89 : 710 163 74 20 0
90 : 660 164 50 29 0
91 : 910 154 40 37 0
92 : 784 163 25 59 1
93 : 843 163 31 47 1
94 : 0 168 30 48 1
95 : 237 175 46 31 0
96 : 159 165 37 39 1
97 : 198 165 37 39 1
98 : 755 188 63 22 0
99 : 564 174 34 42 1
100 : 453 174 26 55 1
101 : 710 183 31 45 1
102 : 283 176 67 21 0
103 : 48 182 23 61 1
104 : 755 210 23 59 1
105 : 508 186 46 30 0
106 : 38 205 62 22 0
107 : 350 179 26 54 1
108 : 606 182 36 39 1
109 : 223 206 59 23 0
110 : 890 191 69 20 0
111 : 645 193 51 27 0
112 : 445 200 31 44 1
113 : 109 188 28 49 1
114 : 959 187 37 37 0
115 : 404 185 34 41 1
116 : 332 205 31 44 1
117 : 283 197 49 28 0
118 : 158 202 65 21 0
119 : 873 211 20 68 1
120 : 0 198 36 38 1
121 : 818 194 55 25 0
122 : 100 216 24 55 1
123 : 489 216 33 40 1
124 : 606 220 70 19 0
125 : 38 227 29 45 1
126 : 696 214 31 43 1
127 : 814 219 57 23 0
128 : 554 208 52 26 0
129 : 941 224 45 29 0
130 : 376 219 20 66 1
131 : 155 223 23 57 1
132 : 282 225 45 29 0
133 : 83 240 51 25 0
134 : 871 231 25 52 1
135 : 179 248 20 63 1
136 : 212 229 69 19 0
137 : 383 239 44 29 0
138 : 442 231 28 46 1
139 : 327 239 23 56 1
140 : 134 246 28 45 1
141 : 739 233 26 50 1
142 : 836 242 37 34 1
143 : 529 234 65 20 0
144 : 594 239 28 46 1
145 : 294 262 65 19 0
146 : 640 239 56 23 0
147 : 540 254 46 27 0
148 : 0 234 28 45 0
149 : 789 242 47 27 0
150 : 696 245 38 33 0
151 : 923 253 45 28 0
152 : 287 281 64 19 0
153 : 488 254 24 52 1
154 : 359 268 18 68 1
155 : 28 256 40 31 0
156 : 870 256 46 27 0
157 : 104 274 20 61 1
158 : 968 253 32 38 0
159 : 242 254 52 24 0
160 : 681 278 38 32 0
161 : 68 265 34 36 1
162 : 640 262 30 41 1
163 : 211 298 44 27 0
164 : 811 279 31 39 1
165 : 226 278 20 61 1
166 : 477 299 33 36 1
167 : 586 267 26 47 1
168 : 0 287 48 25 0
169 : 255 300 32 37 1
170 : 329 316 62 19 0
171 : 734 259 31 40 1
172 : 427 259 28 44 1
173 : 529 281 48 25 0
174 : 577 293 19 63 1
175 : 179 268 47 26 0
176 : 850 283 40 30 0
177 : 719 290 46 26 0
178 : 48 299 36 33 0
179 : 351 286 40 30 0
180 : 550 312 20 59 1
181 : 959 291 34 35 1
182 : 292 300 37 32 0
183 : 916 281 28 43 1
184 : 441 299 33 36 1
185 : 165 294 26 46 1
186 : 471 278 21 58 1
187 : 640 292 29 41 1
188 : 391 311 24 49 1
189 : 774 269 33 37 1
190 : 765 302 32 37 1
191 : 513 306 37 32 0
192 : 609 321 56 21 0
193 : 802 333 65 18 0
194 : 927 325 23 51 1
195 : 440 332 23 51 1
196 : 719 316 30 39 1
197 : 391 287 50 24 0
198 : 104 294 52 23 0
199 : 890 309 37 32 0
200 : 252 332 51 23 0
201 : 342 335 27 43 1
202 : 550 332 30 39 1
203 : 133 344 48 24 0
204 : 84 317 56 21 0
205 : 205 325 25 47 1
206 : 156 320 24 49 1
207 : 681 310 38 31 0
208 : 589 342 19 61 1
209 : 867 341 33 35 1
210 : 802 313 59 20 0
211 : 0 312 25 47 1
212 : 966 348 31 37 0
213 : 385 335 27 43 1
214 : 833 374 25 45 1
215 : 902 348 18 64 1
216 : 47 338 27 43 1
217 : 491 338 27 43 1
218 : 711 346 36 32 0
219 : 758 334 30 39 1
220 : 633 361 60 19 0
221 : 181 350 24 48 1
222 : 90 338 27 43 1
223 : 650 342 61 19 0
224 : 342 362 60 19 0
225 : 0 364 29 39 1
226 : 303 335 30 39 1
227 : 786 369 24 47 1
228 : 229 355 26 44 1
229 : 589 361 26 44 1
230 : 478 365 60 19 0
231 : 428 355 50 23 0
232 : 248 385 56 20 0
233 : 0 337 43 27 0
234 : 747 364 29 39 1
235 : 273 365 57 20 0
236 : 289 409 65 17 0
237 : 744 393 21 53 1
238 : 693 378 51 22 0
239 : 797 351 18 64 1
240 : 166 374 47 24 0
241 : 402 378 51 22 0
242 : 103 368 63 18 0
243 : 0 393 30 37 1
244 : 85 412 24 46 1
245 : 493 384 26 43 1
246 : 370 381 31 36 0
247 : 37 412 48 23 0
248 : 484 412 46 24 0
249 : 43 365 19 60 1
250 : 580 387 31 36 1
251 : 878 387 31 36 1
252 : 330 381 28 40 1
253 : 950 411 46 24 0
254 : 708 414 58 19 0
255 : 79 386 26 43 1
256 : 538 362 27 42 1
257 : 664 433 18 61 1
258 : 39 384 40 28 0
259 : 797 399 30 37 1
260 : 453 384 28 40 1
261 : 438 412 46 24 0
262 : 902 366 54 21 0
263 : 956 385 26 43 1
264 : 633 380 33 34 1
265 : 213 381 35 32 0
266 : 914 387 36 31 0
267 : 289 426 25 44 1
268 : 834 399 30 37 1
269 : 667 400 27 41 1
270 : 33 435 23 47 1
271 : 398 436 64 17 0
272 : 122 386 26 43 1
273 : 51 459 17 63 1
274 : 248 405 27 41 1
275 : 354 417 44 25 0
276 : 871 418 58 19 0
277 : 0 423 33 33 0
278 : 572 418 44 25 0
279 : 127 450 49 22 0
280 : 202 413 29 38 1
281 : 131 428 50 22 0
282 : 0 458 51 21 0
283 : 401 400 30 37 1
284 : 536 389 31 36 1
285 : 165 398 30 37 1
286 : 929 435 18 61 1
287 : 860 437 24 45 1
288 : 274 451 25 43 1
289 : 725 433 40 27 0
290 : 530 420 26 42 1
291 : 766 429 20 55 1
292 : 181 442 40 27 0
293 : 333 442 30 36 1
294 : 240 432 34 32 0
295 : 369 442 29 37 0
296 : 821 429 39 28 0
297 : 616 413 48 23 0
298 : 363 479 32 33 1
299 : 572 443 40 27 0
300 : 462 436 24 45 1
301 : 903 482 24 44 1
302 : 80 436 23 47 1
303 : 905 453 29 37 1
304 : 557 470 20 53 1
305 : 649 487 27 39 1
306 : 176 469 19 56 1
307 : 507 446 45 24 0
308 : 942 453 37 29 0
309 : 663 451 18 60 1
310 : 765 449 30 36 1
311 : 398 453 37 29 0
312 : 947 482 24 44 1
313 : 712 486 27 39 1
314 : 612 459 26 41 1
315 : 317 472 23 46 1
316 : 232 476 46 23 0
317 : 435 477 48 22 0
318 : 803 514 61 17 0
319 : 199 518 61 17 0
320 : 37 528 23 45 1
321 : 723 460 26 41 1
322 : 616 436 23 47 1
323 : 167 488 50 21 0
324 : 797 486 39 27 0
325 : 483 488 50 21 0
326 : 472 509 52 20 0
327 : 147 509 52 20 0
328 : 435 460 17 63 1
329 : 801 457 37 29 0
330 : 783 553 17 60 1
331 : 673 555 17 60 1
332 : 610 485 27 39 1
333 : 653 469 18 59 1
334 : 51 476 23 46 1
335 : 764 479 32 33 1
336 : 879 461 24 44 0
337 : 143 529 23 45 1
338 : 838 461 26 41 1
339 : 533 490 30 35 1
340 : 97 492 50 21 0
341 : 396 482 34 31 0
342 : 91 513 52 20 0
343 : 875 506 36 29 0
344 : 336 537 41 25 0
345 : 836 487 27 39 1
346 : 460 529 23 45 1
347 : 266 563 26 39 1
348 : 568 490 30 35 1
349 : 311 495 35 30 0
350 : 740 533 24 43 1
351 : 386 513 37 28 0
352 : 911 506 18 58 1
353 : 346 511 26 40 1
354 : 231 535 27 38 1
355 : 188 535 24 43 1
356 : 278 476 32 33 1
357 : 0 479 24 44 1
358 : 217 499 19 55 1
359 : 0 522 37 28 0
360 : 498 470 18 59 1
361 : 114 472 53 20 0
362 : 423 524 28 37 1
363 : 911 524 28 37 1
364 : 680 533 22 47 1
365 : 309 525 27 38 0
366 : 603 512 40 26 0
367 : 505 537 19 54 1
368 : 64 557 60 17 0
369 : 227 562 26 39 1
370 : 305 563 28 36 0
371 : 430 499 42 25 0
372 : 484 573 21 48 1
373 : 643 514 28 37 1
374 : 55 499 29 36 1
375 : 864 535 43 24 0
376 : 272 508 37 28 0
377 : 0 503 55 19 0
378 : 673 572 22 46 1
379 : 622 574 28 36 1
380 : 470 614 52 19 0
381 : 544 562 26 39 1
382 : 907 552 31 33 1
383 : 188 559 26 39 1
384 : 969 506 37 28 1
385 : 221 589 63 16 0
386 : 803 531 47 22 0
387 : 751 513 52 20 0
388 : 524 520 17 61 1
389 : 333 588 24 42 1
390 : 377 541 25 41 1
391 : 451 552 33 31 0
392 : 32 551 32 32 0
393 : 186 605 18 55 1
394 : 843 559 35 29 0
395 : 906 591 53 19 0
396 : 948 543 25 41 1
397 : 375 583 63 16 0
398 : 641 542 32 32 0
399 : 484 556 17 60 1
400 : 767 593 37 27 0
401 : 284 599 27 37 1
402 : 614 602 30 33 1
403 : 82 533 43 24 0
404 : 158 552 34 30 1
405 : 600 538 25 41 1
406 : 688 513 52 20 0
407 : 418 552 33 31 0
408 : 153 602 33 30 0
409 : 480 594 50 20 0
410 : 959 591 25 40 1
411 : 125 552 33 31 0
412 : 269 536 38 27 0
413 : 375 599 20 50 1
414 : 425 607 45 22 0
415 : 0 550 32 32 0
416 : 336 562 26 39 1
417 : 438 583 42 24 0
418 : 158 586 63 16 0
419 : 719 587 48 21 0
420 : 321 640 16 61 1
421 : 647 613 38 26 0
422 : 559 537 25 41 1
423 : 839 588 28 36 1
424 : 583 563 26 39 1
425 : 658 594 19 53 1
426 : 63 583 63 16 0
427 : 767 570 23 44 1
428 : 0 626 21 47 1
429 : 0 599 37 27 0
430 : 37 599 37 27 0
431 : 111 620 29 34 1
432 : 811 570 28 36 0
433 : 574 589 25 40 1
434 : 733 557 30 34 1
435 : 878 559 36 28 1
436 : 530 612 23 43 1
437 : 382 640 36 27 1
438 : 364 619 21 47 1
439 : 532 588 24 42 1
440 : 726 641 16 61 1
441 : 557 640 25 39 1
442 : 938 635 61 16 0
443 : 573 614 38 26 0
444 : 940 568 23 44 1
445 : 241 605 30 33 1
446 : 0 583 63 16 0
447 : 732 676 60 16 0
448 : 875 595 30 33 0
449 : 894 669 46 21 0
450 : 756 620 21 47 1
451 : 711 608 22 45 1
452 : 74 599 27 37 1
453 : 517 665 23 42 1
454 : 903 651 18 54 1
455 : 452 633 49 20 0
456 : 117 678 20 48 1
457 : 186 623 21 47 1
458 : 522 635 28 35 1
459 : 411 629 24 41 1
460 : 685 630 41 24 0
461 : 321 612 43 23 0
462 : 274 626 21 47 1
463 : 126 583 27 37 0
464 : 307 656 19 51 1
465 : 938 616 19 52 1
466 : 358 656 24 40 0
467 : 233 635 28 35 1
468 : 0 672 32 30 0
469 : 804 606 30 33 1
470 : 460 670 23 42 1
471 : 409 653 19 51 1
472 : 47 626 41 24 0
473 : 39 650 27 36 1
474 : 875 628 28 35 0
475 : 646 639 25 39 1
476 : 145 632 41 24 0
477 : 186 644 25 39 1
478 : 867 690 56 17 0
479 : 75 667 23 42 1
480 : 582 736 17 55 1
481 : 905 610 30 33 1
482 : 701 738 17 55 1
483 : 286 709 16 59 1
484 : 225 663 23 42 1
485 : 88 649 54 18 0
486 : 837 616 26 38 1
487 : 742 657 51 19 0
488 : 596 660 44 22 0
489 : 803 642 61 16 0
490 : 850 663 44 22 0
491 : 629 686 28 34 1
492 : 409 672 23 42 1
493 : 268 647 25 39 1
494 : 559 665 37 26 0
495 : 186 669 31 31 0
496 : 940 674 16 60 1
497 : 577 711 23 41 1
498 : 684 674 48 20 0
499 : 611 632 28 35 1
500 : 298 675 30 32 1
501 : 793 675 40 24 0
502 : 530 734 52 18 0
503 : 460 653 57 17 0
504 : 0 647 25 39 1
505 : 957 651 23 42 1
506 : 782 699 21 45 1
507 : 39 735 49 19 0
508 : 494 740 31 30 0
509 : 142 656 22 44 1
510 : 867 707 23 41 1
511 : 382 676 38 25 1
512 : 65 690 25 38 1
513 : 793 658 57 17 0
514 : 665 716 26 36 1
515 : 488 770 28 33 1
516 : 536 710 23 41 1
517 : 536 691 50 19 0
518 : 181 700 27 35 1
519 : 251 703 27 35 1
520 : 139 725 24 39 1
521 : 502 688 28 34 1
522 : 685 657 17 57 1
523 : 908 715 20 47 1
524 : 216 714 26 36 0
525 : 32 754 37 25 0
526 : 640 664 22 44 1
527 : 706 711 41 23 0
528 : 866 730 39 24 0
529 : 905 739 17 55 1
530 : 961 690 25 38 1
531 : 451 693 50 19 0
532 : 864 781 18 51 1
533 : 32 677 29 33 1
534 : 960 739 31 30 0
535 : 596 682 29 33 1
536 : 267 672 31 31 0
537 : 732 692 50 19 0
538 : 88 740 49 19 0
539 : 0 751 32 29 0
540 : 827 713 24 39 1
541 : 103 698 22 43 1
542 : 0 706 45 21 0
543 : 330 675 34 28 1
544 : 618 716 47 20 0
545 : 631 761 22 42 1
546 : 413 759 22 42 1
547 : 923 690 25 38 1
548 : 390 737 17 55 1
549 : 46 780 20 46 1
550 : 491 716 39 24 0
551 : 113 778 22 42 1
552 : 0 780 20 46 1
553 : 286 725 52 18 0
554 : 825 737 30 31 1
555 : 521 781 34 27 0
556 : 833 685 34 28 0
557 : 856 754 37 25 0
558 : 217 686 28 34 1
559 : 915 790 48 19 0
560 : 450 712 23 41 1
561 : 137 749 29 32 1
562 : 686 755 37 25 0
563 : 45 715 47 20 0
564 : 69 759 21 44 1
565 : 747 799 57 16 0
566 : 723 755 28 33 1
567 : 0 727 39 24 0
568 : 824 779 40 23 0
569 : 251 754 28 33 0
570 : 344 752 29 32 1
571 : 345 714 47 20 0
572 : 594 753 25 37 1
573 : 146 698 35 27 0
574 : 673 780 23 40 1
575 : 955 715 24 39 1
576 : 706 815 15 60 1
577 : 799 720 26 36 0
578 : 864 799 26 35 1
579 : 319 781 27 34 1
580 : 35 800 26 35 1
581 : 747 720 52 18 0
582 : 451 817 60 15 0
583 : 974 769 38 24 1
584 : 603 783 38 24 0
585 : 427 787 38 24 0
586 : 525 752 29 32 1
587 : 593 807 45 20 0
588 : 756 781 18 51 1
589 : 407 695 22 43 1
590 : 899 809 60 15 0
591 : 445 740 49 19 0
592 : 401 811 18 50 1
593 : 756 738 31 30 0
594 : 376 754 25 37 1
595 : 555 798 38 24 0
596 : 663 694 43 22 0
597 : 206 779 40 23 0
598 : 392 717 20 47 1
599 : 376 781 51 18 0
600 : 169 753 37 25 0
601 : 242 730 39 24 0
602 : 178 727 26 36 1
603 : 214 754 25 37 1
604 : 641 783 24 38 0
605 : 552 822 33 27 0
606 : 312 752 29 32 1
607 : 92 720 20 47 1
608 : 787 756 25 37 1
609 : 195 802 22 41 1
610 : 281 743 31 30 0
611 : 92 800 35 26 0
612 : 170 801 23 39 0
613 : 353 799 19 48 1
614 : 930 769 21 44 1
615 : 637 742 49 19 0
616 : 279 781 23 40 1
617 : 899 824 15 59 1
618 : 713 783 27 34 1
619 : 155 778 23 40 1
620 : 246 787 26 35 0
621 : 127 801 21 43 1
622 : 465 798 19 48 1
623 : 313 808 31 29 0
624 : 963 807 31 29 0
625 : 0 800 26 35 1
626 : 804 802 43 21 0
627 : 338 734 52 18 0
628 : 557 753 25 37 1
629 : 193 824 37 24 0
630 : 665 803 41 22 0
631 : 455 759 33 28 0
632 : 766 815 28 32 1
633 : 557 778 20 46 1
634 : 272 804 41 22 0
635 : 0 826 44 20 0
636 : 893 756 25 37 1
637 : 344 818 19 47 1
638 : 236 822 27 33 1
639 : 879 839 41 21 0
640 : 127 822 37 24 0
641 : 798 823 47 19 0
642 : 513 808 39 23 0
643 : 722 830 27 32 1
644 : 91 826 35 25 0
645 : 845 825 26 34 1
646 : 70 800 42 21 1
647 : 511 831 27 32 1
648 : 421 832 36 24 0
649 : 457 832 27 32 1
650 : 690 830 32 27 0
651 : 754 843 22 39 1
652 : 798 842 20 43 1
653 : 425 856 30 28 0
654 : 958 836 32 27 0
655 : 661 857 50 17 0
656 : 620 842 21 41 1
657 : 269 826 42 21 0
658 : 322 864 52 16 0
659 : 638 825 17 52 1
660 : 585 827 35 25 0
661 : 165 848 19 45 1
662 : 391 829 29 30 1
663 : 126 846 22 39 1
664 : 920 839 33 26 0
665 : 311 837 27 32 1
666 : 343 837 32 27 0
667 : 580 852 29 29 0
668 : 711 857 21 40 1
669 : 44 826 36 24 1
670 : 609 863 35 24 0
671 : 841 851 23 37 1
672 : 0 846 22 39 1
673 : 375 858 17 50 1
674 : 543 849 23 37 1
675 : 751 865 26 32 1
676 : 878 860 40 21 0
677 : 0 868 36 23 0
678 : 540 872 23 36 1
679 : 39 866 16 52 1
680 : 793 862 35 24 0
681 : 265 879 24 34 1
682 : 374 875 18 46 1
683 : 68 851 57 15 0
684 : 605 887 35 23 0
685 : 230 849 57 15 0
686 : 489 832 40 21 1
687 : 299 880 24 34 1
688 : 510 858 28 30 1
689 : 783 886 23 35 1
690 : 125 868 52 16 0
691 : 210 864 56 15 0
692 : 828 874 46 18 0
693 : 455 859 30 28 0
694 : 576 881 28 29 1
695 : 918 880 17 48 1
696 : 177 879 15 55 1
697 : 644 874 52 16 0
698 : 155 894 57 14 0
699 : 212 904 56 14 0
700 : 266 864 15 56 1
701 : 974 863 23 36 0
702 : 918 865 56 15 0
703 : 732 891 16 50 1
704 : 232 879 25 33 1
705 : 333 880 37 22 0
706 : 696 878 36 23 0
707 : 91 866 33 25 0
708 : 124 884 31 26 0
709 : 640 890 35 23 0
710 : 0 891 36 22 0
711 : 485 872 23 35 0
712 : 455 887 24 33 0
713 : 479 910 52 15 0
714 : 412 907 26 30 1
715 : 420 884 35 23 0
716 : 268 904 56 14 0
717 : 874 881 30 27 0
718 : 67 891 20 40 1
719 : 904 897 33 24 0
720 : 937 899 44 18 0
721 : 36 882 31 26 0
722 : 818 892 42 19 0
723 : 711 907 56 14 0
724 : 675 901 36 22 0
725 : 860 908 20 39 1
726 : 36 908 31 25 0
727 : 155 908 14 56 1
728 : 592 910 22 35 1
729 : 937 917 21 36 1
730 : 333 902 27 29 1
731 : 508 895 53 15 0
732 : 107 910 35 22 0
733 : 370 893 42 19 0
734 : 531 910 27 28 1
735 : 172 922 34 22 0
736 : 561 909 31 25 0
737 : 211 918 21 36 1
738 : 782 909 31 25 0
739 : 362 912 16 48 1
740 : 813 911 17 45 1
741 : 973 917 28 27 1
742 : 303 918 29 26 0
743 : 442 920 30 25 0
744 : 899 921 25 30 1
745 : 627 913 33 23 0
746 : 104 932 37 20 0
747 : 247 918 27 28 1
748 : 472 925 22 34 1
749 : 332 943 21 35 1
750 : 858 928 34 22 0
751 : 142 922 25 30 1
752 : 0 913 33 23 0
753 : 275 918 27 28 1
754 : 813 928 34 22 0
755 : 67 930 37 20 0
756 : 929 938 23 32 1
757 : 704 937 16 46 1
758 : 782 934 27 27 0
759 : 0 936 23 32 1
760 : 385 933 20 37 1
761 : 711 921 16 47 1
762 : 961 945 22 33 1
763 : 67 911 40 19 0
764 : 701 953 48 15 0
765 : 206 939 32 23 0
766 : 641 940 32 23 0
767 : 141 947 52 14 0
768 : 892 946 22 33 1
769 : 273 945 14 52 1
770 : 134 961 14 51 1
771 : 98 952 36 20 0
772 : 660 923 44 17 0
773 : 407 961 42 17 0
774 : 0 959 48 15 0
775 : 474 947 29 25 0
776 : 925 961 34 21 0
777 : 559 934 18 41 1
778 : 600 936 18 41 1
779 : 758 921 24 31 0
780 : 332 929 53 14 0
781 : 65 950 33 22 0
782 : 367 953 40 18 0
783 : 529 937 27 27 0
784 : 556 952 38 19 0
785 : 33 933 32 23 0
786 : 871 950 34 21 1
787 : 422 947 52 14 0
788 : 630 963 21 34 1
789 : 809 950 22 33 1
790 : 185 962 21 34 1
791 : 506 925 32 23 1
792 : 219 966 22 32 1
793 : 750 952 30 24 0
794 : 133 975 17 41 1
795 : 449 972 14 50 1
796 : 238 945 35 21 0
797 : 842 950 25 29 1
798 : 394 978 46 15 0
799 : 594 954 20 36 1
800 : 673 940 28 26 0
801 : 321 964 34 21 0
802 : 545 971 19 37 1
803 : 921 982 18 38 1
804 : 355 971 18 39 1
805 : 749 976 23 30 1
806 : 273 959 15 48 1
807 : 582 974 17 41 1
808 : 440 986 31 22 0
809 : 48 972 50 14 0
810 : 337 989 34 20 0
811 : 503 964 17 42 1
812 : 569 991 52 13 0
813 : 664 966 31 23 0
814 : 0 974 41 17 0
815 : 807 972 20 35 1
816 : 371 993 21 32 1
817 : 959 967 37 19 0
818 : 529 990 40 17 0
819 : 251 974 14 50 1
820 : 217 988 31 22 0
821 : 695 968 16 44 1
822 : 174 983 16 43 1
823 : 842 984 16 43 1
824 : 733 999 24 28 1
825 : 780 961 26 27 1
826 : 892 968 29 24 0
827 : 912 1000 28 24 0
828 : 471 986 26 26 0
829 : 98 972 20 35 1
830 : 621 1003 24 28 1
831 : 779 992 13 52 1
832 : 809 1016 13 51 1
833 : 328 1009 18 37 1
834 : 248 988 22 31 1
835 : 831 1000 16 42 1
836 : 623 984 19 36 1
837 : 39 1018 15 44 1
838 : 431 1008 32 21 0
839 : 959 986 31 22 0
840 : 649 1011 19 35 1
841 : 499 981 30 23 0
842 : 298 1028 47 14 0
843 : 969 1008 23 29 1
844 : 0 991 27 25 0
845 : 659 989 31 22 0
846 : 196 1010 18 37 1
847 : 148 999 48 14 0
848 : 805 1029 41 16 0
849 : 403 993 28 24 0
850 : 695 984 18 38 1
851 : 0 1018 17 39 1
852 : 885 992 27 25 0
853 : 301 985 36 19 0
854 : 690 1002 28 24 0
855 : 192 1029 14 47 1
856 : 279 988 21 32 0
857 : 345 1030 50 13 0
858 : 41 986 38 18 0
859 : 300 1004 28 24 0
860 : 497 1004 28 24 0
861 : 27 1004 14 48 1
862 : 569 1004 16 42 1
863 : 761 1005 14 48 1
864 : 676 1041 15 43 1
865 : 525 1007 24 28 1
866 : 416 1029 31 21 0
867 : 83 1017 31 21 1
868 : 158 1043 14 46 1
869 : 496 1028 25 26 1
870 : 463 1012 33 20 0
871 : 104 1031 24 27 1
872 : 911 1024 26 25 0
873 : 940 1008 29 23 0
874 : 964 1031 36 18 0
875 : 761 1034 34 19 0
876 : 106 992 42 16 0
877 : 587 1040 28 23 0
878 : 106 1008 23 29 1
879 : 553 1020 20 33 1
880 : 79 992 27 25 0
881 : 522 1031 27 24 0
882 : 619 1030 31 21 0
883 : 39 1033 34 19 0
884 : 586 1020 20 33 1
885 : 937 1031 27 24 0
886 : 135 1013 35 19 0
887 : 268 1020 30 22 0
888 : 684 1026 15 44 1
889 : 170 1013 22 30 0
890 : 728 1023 33 20 0
891 : 233 1010 35 19 0
892 : 236 1057 15 42 1
893 : 239 1029 26 25 0
894 : 933 1055 21 30 1
895 : 877 1030 25 26 1
896 : 131 1032 27 24 0
897 : 336 1043 28 23 0
898 : 344 1066 16 39 1
899 : 860 1017 13 51 1
900 : 365 1017 13 51 1
901 : 903 1049 30 21 0
902 : 265 1042 43 15 0
903 : 415 1050 14 45 1
904 : 846 1030 31 21 0
905 : 761 1019 44 15 0
906 : 964 1049 18 35 1
907 : 749 1071 27 23 0
908 : 460 1050 18 35 1
909 : 430 1064 24 26 1
910 : 824 1066 24 26 1
911 : 364 1043 22 29 1
912 : 308 1042 23 28 1
913 : 447 1032 36 18 0
914 : 751 1053 35 18 0
915 : 395 1030 32 20 1
916 : 0 1054 21 30 1
917 : 795 1045 29 22 0
918 : 521 1072 28 22 0
919 : 650 1030 25 26 1
920 : 579 1063 33 19 0
921 : 73 1048 29 22 0
922 : 963 1067 24 26 1
923 : 311 1066 19 33 1
924 : 218 1072 28 22 0
925 : 0 1035 34 19 0
926 : 612 1072 31 20 0
927 : 645 1071 23 27 1
928 : 34 1052 35 18 0
929 : 495 1070 26 24 0
930 : 896 1070 24 26 1
931 : 549 1040 17 38 1
932 : 786 1067 24 26 1
933 : 102 1056 15 42 1
934 : 181 1063 37 17 0
935 : 78 1071 27 23 0
936 : 537 1057 15 42 1
937 : 456 1068 16 39 1
938 : 687 1063 37 17 0
939 : 105 1071 23 27 1
940 : 706 1088 38 16 0
941 : 645 1056 42 15 0
942 : 549 1072 28 22 0
943 : 0 1083 13 47 1
944 : 204 1043 20 32 1
945 : 724 1063 25 25 0
946 : 922 1076 34 18 0
947 : 274 1084 32 19 0
948 : 495 1055 15 42 1
949 : 615 1051 30 21 0
950 : 824 1051 15 42 1
951 : 456 1084 32 19 0
952 : 306 1085 38 16 0
953 : 866 1055 30 21 0
954 : 30 1070 48 13 0
955 : 393 1064 37 17 0
956 : 246 1072 28 22 0
957 : 719 1043 32 20 0
958 : 383 1081 36 17 0
959 : 144 1057 37 17 0
960 : 278 1065 19 33 1
961 : 419 1088 20 30 1
962 : 577 1082 29 21 0
963 : 956 1091 25 24 0
964 : 850 1093 23 26 1
965 : 488 1094 18 33 1
966 : 132 1074 36 17 0
967 : 102 1094 21 28 1
968 : 744 1094 26 23 0
969 : 132 1091 25 24 0
970 : 229 1094 37 16 0
971 : 850 1076 36 17 0
972 : 606 1092 20 30 1
973 : 168 1080 18 34 1
974 : 76 1094 23 26 1
975 : 521 1094 21 28 1
976 : 672 1080 34 18 0
977 : 812 1090 38 16 0
978 : 344 1082 17 36 1
979 : 47 1083 29 21 0
980 : 643 1094 26 23 0
981 : 306 1101 17 34 1
982 : 549 1094 28 21 0
983 : 876 1094 33 18 0
984 : 0 1096 28 21 0
985 : 449 1103 17 34 1
986 : 776 1091 30 20 0
987 : 157 1098 29 20 0
988 : 380 1098 21 28 1
989 : 981 1091 30 19 1
990 : 577 1103 24 24 0
991 : 266 1103 34 17 0
992 : 344 1099 20 29 1
993 : 909 1094 31 19 0
994 : 697 1104 24 24 0
995 : 669 1098 21 28 1
996 : 806 1106 30 19 0
997 : 408 1108 28 20 0
998 : 202 1094 22 27 1
999 : 28 1104 13 44 1
