100 2060
0 : 99 1710 1 74 0
1 : 0 1667 24 88 1
2 : 0 1869 16 77 1
3 : 0 2013 98 7 0
4 : 0 2000 9 81 1
5 : 0 1715 22 71 1
6 : 0 1531 29 88 1
7 : 0 1082 100 39 0
8 : 0 830 85 45 0
9 : 0 1410 31 98 1
10 : 0 1950 68 11 0
11 : 0 1853 16 88 1
12 : 0 1991 9 86 1
13 : 0 739 67 46 0
14 : 0 961 41 66 1
15 : 0 0 92 87 0
16 : 99 1627 1 83 0
17 : 0 1310 35 70 1
18 : 0 1160 39 67 1
19 : 0 1441 31 68 1
20 : 0 2037 5 88 1
21 : 0 1472 30 86 1
22 : 0 222 99 65 0
23 : 0 1378 32 88 1
24 : 0 1758 21 66 1
25 : 0 1274 36 75 1
26 : 0 1737 21 93 1
27 : 0 875 44 81 1
28 : 0 597 48 87 1
29 : 92 2020 4 10 0
30 : 0 345 53 76 1
31 : 0 1819 17 83 1
32 : 0 1691 37 24 0
33 : 0 1345 33 78 1
34 : 0 500 49 82 1
35 : 0 398 52 88 1
36 : 0 1560 38 28 0
37 : 0 1617 25 91 1
38 : 0 2032 5 89 1
39 : 0 450 50 75 1
40 : 99 1531 1 96 0
41 : 0 1590 27 78 1
42 : 0 2026 82 6 0
43 : 99 1784 8 1 1
44 : 0 1642 25 80 1
45 : 0 919 42 73 1
46 : 0 2052 4 92 1
47 : 0 1502 29 100 1
48 : 0 1981 10 72 1
49 : 0 1885 78 15 0
50 : 0 785 45 89 1
51 : 0 287 60 58 0
52 : 86 1940 8 73 0
53 : 0 2020 6 87 1
54 : 0 549 48 93 1
55 : 0 2056 4 87 1
56 : 0 1836 17 81 1
57 : 0 2047 5 71 1
58 : 86 1869 13 71 0
59 : 0 1971 10 75 1
60 : 0 1199 38 98 1
61 : 0 156 66 98 1
62 : 0 1042 40 92 1
63 : 0 1961 84 10 0
64 : 0 1799 20 88 1
65 : 0 1121 39 100 1
66 : 71 1560 28 30 0
67 : 0 2042 5 77 1
68 : 0 1900 14 86 1
69 : 0 1927 24 12 0
70 : 38 1560 28 33 1
71 : 0 693 46 90 1
72 : 0 1779 20 92 1
73 : 0 87 69 86 1
74 : 0 1002 40 98 1
75 : 0 645 48 76 1
76 : 0 1237 37 72 1
77 : 71 1691 28 22 0
78 : 0 1914 13 82 1
79 : 0 1939 11 70 1
