135 676
0 : 20 577 29 18 1
1 : 93 367 49 16 1
2 : 0 486 29 16 1
3 : 67 36 75 21 1
4 : 67 505 23 16 1
5 : 20 62 88 16 1
6 : 0 264 57 18 1
7 : 93 217 42 21 1
8 : 0 412 45 16 1
9 : 67 231 61 18 1
10 : 20 519 29 20 1
11 : 0 36 67 26 0
12 : 20 367 52 16 1
13 : 0 16 93 20 0
14 : 93 513 22 16 1
15 : 67 528 19 16 1
16 : 20 453 36 20 1
17 : 93 259 55 16 1
18 : 0 0 135 16 0
19 : 67 346 50 18 1
20 : 93 455 31 16 1
21 : 93 314 53 16 1
22 : 20 654 22 18 1
23 : 20 208 62 18 1
24 : 20 150 58 21 1
25 : 109 140 71 16 1
26 : 67 396 45 16 1
27 : 93 69 85 16 1
28 : 93 416 39 16 1
29 : 0 372 40 18 1
30 : 20 633 20 21 0
31 : 93 154 63 16 1
32 : 0 321 51 18 1
33 : 0 201 63 18 1
34 : 0 457 29 16 1
35 : 0 62 73 20 1
36 : 0 515 19 16 1
37 : 67 476 29 16 1
38 : 20 320 47 20 1
39 : 20 548 29 18 1
40 : 20 270 50 21 1
41 : 20 419 34 22 1
42 : 67 292 54 20 1
43 : 67 111 62 20 1
44 : 20 489 30 21 1
45 : 20 606 27 18 1
46 : 93 535 16 16 0
47 : 0 534 19 16 1
48 : 93 486 27 16 1
49 : 0 135 66 18 1
50 : 93 16 53 34 1
51 : 36 62 76 18 1
52 : 109 69 71 18 1
53 : 67 173 58 20 1
54 : 67 441 35 16 1
