200 209
0 : 109 89 15 72 1
1 : 0 123 15 47 1
2 : 49 116 67 11 0
3 : 110 0 56 39 0
4 : 175 54 6 35 0
5 : 147 192 11 17 1
6 : 160 104 8 20 1
7 : 55 193 22 8 0
8 : 0 198 8 12 1
9 : 99 47 3 16 0
10 : 77 152 11 9 0
11 : 125 157 9 61 1
12 : 0 172 47 7 0
13 : 180 198 11 11 0
14 : 104 86 5 18 0
15 : 102 199 6 22 1
16 : 72 201 5 7 0
17 : 187 157 6 14 0
18 : 77 162 25 21 0
19 : 102 162 22 4 0
20 : 164 192 16 11 0
21 : 92 145 33 17 0
22 : 49 107 8 7 1
23 : 88 152 4 8 0
24 : 0 0 26 110 1
25 : 55 188 11 4 0
26 : 47 127 58 12 0
27 : 0 86 56 21 0
28 : 0 26 21 102 1
29 : 77 199 6 25 1
30 : 0 163 9 51 1
31 : 20 188 16 11 1
32 : 56 111 30 5 0
33 : 35 179 12 9 0
34 : 147 182 4 6 1
35 : 159 62 26 16 1
36 : 92 104 68 12 0
37 : 0 188 20 10 0
38 : 51 152 21 26 1
39 : 127 182 20 12 0
40 : 0 107 49 16 0
41 : 77 193 6 28 1
42 : 105 132 11 3 0
43 : 125 145 37 12 0
44 : 126 194 9 18 1
45 : 112 197 2 9 1
46 : 124 203 5 14 1
47 : 144 203 15 4 0
48 : 166 0 39 9 1
49 : 105 135 64 10 0
50 : 102 26 32 7 1
51 : 127 166 16 26 1
52 : 0 47 99 21 0
53 : 116 116 38 19 0
54 : 160 112 23 32 1
55 : 147 186 6 37 1
56 : 175 0 22 54 0
57 : 56 86 25 36 1
58 : 109 62 50 27 0
59 : 169 135 27 22 0
60 : 153 178 8 41 1
61 : 109 39 66 23 0
62 : 12 198 8 5 0
63 : 192 112 15 3 1
64 : 92 86 18 12 1
65 : 31 188 9 4 1
66 : 124 197 6 2 1
67 : 102 58 9 6 1
68 : 92 139 5 8 1
69 : 54 201 4 18 1
70 : 47 173 15 19 1
71 : 105 127 8 5 0
72 : 159 203 14 4 0
73 : 0 139 48 13 0
74 : 112 183 14 14 0
75 : 66 183 23 10 0
76 : 154 116 5 18 0
77 : 89 183 10 23 1
78 : 0 152 51 11 0
79 : 181 54 58 14 1
80 : 162 145 7 12 0
81 : 191 198 10 9 1
82 : 184 186 16 12 0
83 : 197 0 13 3 1
84 : 0 179 35 9 0
85 : 153 166 34 12 0
86 : 102 166 17 25 1
87 : 99 63 3 3 0
88 : 31 198 7 23 1
89 : 35 188 10 20 1
90 : 0 68 109 18 0
91 : 187 171 7 7 0
92 : 105 193 6 6 0
93 : 48 139 44 13 0
94 : 54 198 3 1 1
95 : 197 13 3 12 0
96 : 66 173 10 11 1
