92 191
0 : 69 182 11 9 0
1 : 90 179 1 1 0
2 : 58 178 9 11 1
3 : 90 150 1 29 0
4 : 0 181 9 11 1
5 : 37 163 19 15 0
6 : 50 0 50 29 1
7 : 89 96 1 19 0
8 : 0 163 18 18 0
9 : 0 125 12 45 1
10 : 56 163 19 15 0
11 : 18 178 14 12 0
12 : 45 125 12 45 1
13 : 31 150 27 13 0
14 : 79 0 43 13 1
15 : 0 112 55 13 0
16 : 0 150 31 13 0
17 : 18 163 19 15 0
18 : 0 101 11 79 1
19 : 0 0 50 50 0
20 : 86 84 2 37 0
21 : 33 137 31 13 0
22 : 0 50 92 17 0
23 : 55 112 21 13 0
24 : 80 182 11 9 0
25 : 0 137 33 13 0
26 : 64 137 28 13 0
27 : 89 67 1 29 0
28 : 32 178 13 10 0
29 : 58 150 27 13 0
30 : 0 67 17 88 1
31 : 75 163 19 15 1
32 : 90 67 1 19 0
33 : 0 84 86 17 0
34 : 88 67 1 48 0
35 : 69 178 4 6 1
36 : 45 178 13 10 0
37 : 85 150 4 6 0
