135 674
0 : 0 345 29 18 1
1 : 53 534 49 16 1
2 : 21 612 29 16 1
3 : 87 26 75 21 1
4 : 0 615 23 16 1
5 : 21 393 88 16 1
6 : 0 288 57 18 1
7 : 53 48 42 21 1
8 : 0 535 45 16 1
9 : 87 283 61 18 1
10 : 53 183 29 20 1
11 : 53 0 67 26 0
12 : 87 519 52 16 1
13 : 53 90 93 20 1
14 : 0 638 22 16 1
15 : 87 639 19 16 1
16 : 21 172 36 20 1
17 : 21 481 55 16 1
18 : 87 384 135 16 1
19 : 21 343 50 18 1
20 : 21 581 31 16 1
21 : 53 481 53 16 1
22 : 53 374 22 18 1
23 : 53 283 62 18 1
24 : 0 34 58 21 1
25 : 0 401 71 16 1
26 : 21 536 45 16 1
27 : 53 396 85 16 1
28 : 87 571 39 16 1
29 : 87 344 40 18 1
30 : 21 208 20 21 0
31 : 0 472 63 16 1
32 : 21 292 51 18 1
33 : 21 229 63 18 1
34 : 53 583 29 16 1
35 : 0 92 73 20 1
36 : 53 639 19 16 1
37 : 87 610 29 16 1
38 : 0 165 47 20 1
39 : 53 345 29 18 1
40 : 21 34 50 21 1
41 : 53 26 34 22 0
42 : 87 163 54 20 1
43 : 87 101 62 20 1
44 : 21 84 30 21 1
45 : 0 374 27 18 1
46 : 53 658 16 16 0
47 : 21 641 19 16 1
48 : 53 612 27 16 1
49 : 87 217 66 18 1
50 : 0 0 53 34 0
51 : 0 212 76 18 1
52 : 53 212 71 18 1
53 : 21 114 58 20 1
54 : 0 580 35 16 1
