3000 5579
0 : 1093 5292 365 185 0
1 : 2567 4989 378 200 0
2 : 2292 5189 410 165 0
3 : 1458 5345 425 148 0
4 : 2567 4693 425 296 0
5 : 1883 5354 439 116 0
6 : 975 2837 464 1006 0
7 : 1772 5140 520 205 0
8 : 2578 4138 520 350 1
9 : 0 4482 540 530 0
10 : 1575 2262 549 1413 1
11 : 0 572 549 1882 1
12 : 540 4878 553 496 0
13 : 2388 3383 555 755 0
14 : 1217 4796 555 496 0
15 : 1919 4138 555 659 1
16 : 0 5012 567 473 1
17 : 625 4306 572 592 1
18 : 0 2837 572 975 1
19 : 1490 2811 572 1175 1
20 : 0 1693 572 1575 1
21 : 1590 1690 572 1390 1
22 : 0 2265 572 1490 1
23 : 0 1121 572 1590 1
24 : 1890 0 572 1690 0
25 : 0 0 572 1890 1
26 : 0 3872 610 625 1
27 : 1217 4306 660 490 0
28 : 1877 4693 690 447 0
29 : 970 3861 949 445 0
30 : 1439 3383 949 478 0
31 : 0 3409 970 463 0
