100 1764
0 : 0 592 38 90 1
1 : 0 362 24 82 1
2 : 0 459 18 75 1
3 : 0 1623 88 98 1
4 : 0 110 27 97 1
5 : 0 1 4 99 1
6 : 0 96 14 85 1
7 : 0 299 24 85 1
8 : 0 650 28 76 1
9 : 0 1588 46 35 0
10 : 0 630 20 69 1
11 : 0 386 21 79 1
12 : 0 407 41 99 1
13 : 0 881 49 88 1
14 : 0 477 39 96 1
15 : 0 562 30 82 1
16 : 0 50 15 95 1
17 : 0 36 14 95 1
18 : 0 65 19 96 1
19 : 0 804 50 93 1
20 : 0 0 1 99 1
21 : 0 1009 40 75 1
22 : 0 448 11 69 1
23 : 0 1316 82 66 0
24 : 0 1144 49 76 1
25 : 0 930 85 47 0
26 : 0 1382 64 79 1
27 : 0 854 27 69 1
28 : 0 7 8 97 1
29 : 0 174 28 94 1
30 : 0 774 30 75 1
31 : 0 977 32 69 1
32 : 0 270 29 90 1
33 : 0 323 39 99 1
34 : 45 1711 7 11 1
35 : 0 18 100 18 0
36 : 0 1193 61 88 1
37 : 0 221 12 76 1
38 : 0 1049 45 79 1
39 : 0 146 28 95 1
40 : 94 174 6 67 0
41 : 45 1718 47 46 0
42 : 0 1711 45 39 0
43 : 0 202 19 84 1
44 : 0 84 12 85 1
45 : 0 708 44 91 1
46 : 0 1446 56 70 1
47 : 0 249 21 82 1
48 : 0 678 30 77 1
49 : 0 5 2 93 1
50 : 86 1254 31 14 1
51 : 0 527 35 89 1
52 : 0 137 9 76 1
53 : 0 752 22 68 1
54 : 0 233 16 79 1
55 : 0 516 11 68 1
56 : 0 1094 50 84 1
57 : 0 15 3 87 1
58 : 0 1254 62 86 1
59 : 0 1502 98 86 0
