135 422
0 : 0 0 29 18 0
1 : 29 0 49 16 0
2 : 78 0 29 16 0
3 : 29 16 75 21 0
4 : 107 0 23 16 0
5 : 0 37 88 16 0
6 : 0 53 57 18 0
7 : 88 37 42 21 0
8 : 57 58 45 16 0
9 : 57 74 61 18 0
10 : 0 71 29 20 0
11 : 29 92 67 26 0
12 : 118 58 52 16 1
13 : 0 118 93 20 0
14 : 104 16 22 16 0
15 : 0 18 19 16 0
16 : 96 92 36 20 1
17 : 0 138 55 16 0
18 : 0 154 135 16 0
19 : 0 170 50 18 0
20 : 55 138 31 16 0
21 : 50 170 53 16 0
22 : 96 128 22 18 1
23 : 50 186 62 18 0
24 : 0 204 58 21 0
25 : 58 204 71 16 0
26 : 0 188 45 16 0
27 : 0 225 85 16 0
28 : 118 110 39 16 1
29 : 85 220 40 18 0
30 : 29 71 20 21 0
31 : 0 241 63 16 0
32 : 63 241 51 18 0
33 : 0 257 63 18 0
34 : 112 170 29 16 1
35 : 0 275 73 20 0
36 : 0 91 19 16 0
37 : 114 238 29 16 1
38 : 73 267 47 20 0
39 : 73 287 29 18 0
40 : 0 295 50 21 0
41 : 102 287 34 22 1
42 : 0 316 54 20 0
43 : 54 321 62 20 0
44 : 0 336 30 21 0
45 : 116 321 27 18 1
46 : 102 58 16 16 0
47 : 73 305 19 16 0
48 : 30 341 27 16 0
49 : 57 348 66 18 0
50 : 0 357 53 34 0
51 : 53 366 76 18 0
52 : 53 384 71 18 0
53 : 0 402 58 20 0
54 : 58 402 35 16 0
