100 1901
0 : 98 301 1 74 0
1 : 0 1374 24 88 1
2 : 0 1795 16 77 1
3 : 81 929 98 7 1
4 : 0 1811 9 81 1
5 : 0 1773 22 71 1
6 : 0 1161 29 88 1
7 : 0 387 100 39 0
8 : 0 771 85 45 0
9 : 0 816 31 98 1
10 : 0 1862 68 11 0
11 : 0 1644 16 88 1
12 : 0 1739 9 86 1
13 : 0 1308 67 46 0
14 : 0 1504 41 66 1
15 : 0 0 92 87 0
16 : 98 218 1 83 0
17 : 0 1584 35 70 1
18 : 0 1545 39 67 1
19 : 0 1691 31 68 1
20 : 93 218 5 88 0
21 : 0 1215 30 86 1
22 : 0 153 99 65 0
23 : 0 1071 32 88 1
24 : 0 1619 21 66 1
25 : 0 1431 36 75 1
26 : 0 1287 21 93 1
27 : 0 929 44 81 1
28 : 0 589 48 87 1
29 : 66 1619 4 10 0
30 : 0 847 53 76 1
31 : 0 1660 17 83 1
32 : 67 1308 37 24 1
33 : 0 1398 33 78 1
34 : 0 722 49 82 1
35 : 0 335 52 88 1
36 : 60 1103 38 28 1
37 : 0 1190 25 91 1
38 : 85 722 5 89 0
39 : 0 973 50 75 1
40 : 98 0 1 96 0
41 : 70 1566 27 78 0
42 : 92 676 82 6 1
43 : 98 375 8 1 1
44 : 72 1486 25 80 0
45 : 0 1245 42 73 1
46 : 76 973 4 92 0
47 : 0 900 29 100 1
48 : 0 1833 10 72 1
49 : 0 1758 78 15 0
50 : 0 637 45 89 1
51 : 0 1103 60 58 0
52 : 0 1843 8 73 1
53 : 92 0 6 87 0
54 : 0 287 48 93 1
55 : 92 589 4 87 0
56 : 0 1722 17 81 1
57 : 86 1215 5 71 0
58 : 0 1820 13 71 1
59 : 86 1742 10 75 0
60 : 0 551 38 98 1
61 : 0 87 66 98 1
62 : 0 682 40 92 1
63 : 0 1748 84 10 0
64 : 78 1398 20 88 0
65 : 0 426 39 100 1
66 : 0 1873 28 30 1
67 : 93 306 5 77 0
68 : 0 1677 14 86 1
69 : 68 1691 24 12 1
70 : 70 1851 28 33 0
71 : 0 505 46 90 1
72 : 0 1354 20 92 1
73 : 0 218 69 86 1
74 : 0 465 40 98 1
75 : 0 1023 48 76 1
76 : 0 1467 37 72 1
77 : 76 847 28 22 1
78 : 86 1660 13 82 0
79 : 0 1851 11 70 1
