200 288
0 : 181 77 8 47 0
1 : 0 0 143 26 0
2 : 95 26 16 107 0
3 : 0 26 33 95 1
4 : 193 31 5 21 0
5 : 0 181 54 40 1
6 : 166 77 84 15 1
7 : 52 184 32 25 0
8 : 0 136 52 45 0
9 : 166 161 13 39 0
10 : 73 59 86 20 1
11 : 143 0 50 77 0
12 : 111 26 77 31 1
13 : 111 103 24 74 0
14 : 95 179 11 12 1
15 : 143 154 22 65 0
16 : 0 235 27 53 0
17 : 95 133 14 46 0
18 : 123 177 17 9 1
19 : 143 219 15 21 1
20 : 193 0 31 6 1
21 : 64 99 8 38 0
22 : 143 77 23 77 0
23 : 111 177 12 35 0
24 : 52 136 5 12 1
25 : 52 209 20 23 1
26 : 0 59 73 40 0
27 : 52 145 40 39 0
28 : 0 99 64 37 0
