1000 8285
0 : 0 2679 541 745 1
1 : 0 7648 344 301 0
2 : 0 5736 413 294 0
3 : 638 6545 266 341 1
4 : 0 4423 543 388 0
5 : 0 552 367 701 1
6 : 474 3220 526 707 0
7 : 0 266 286 706 1
8 : 706 266 614 289 1
9 : 0 1525 348 592 1
10 : 0 1873 673 431 0
11 : 413 5806 475 362 0
12 : 0 5297 562 439 0
13 : 0 6168 530 638 1
14 : 0 2304 609 375 0
15 : 0 1251 540 274 0
16 : 0 4811 486 634 1
17 : 638 6168 272 377 0
18 : 650 919 623 306 1
19 : 0 0 266 714 1
20 : 0 7949 341 336 0
21 : 479 7371 340 296 0
22 : 0 7117 531 479 1
23 : 344 7667 571 589 1
24 : 0 3927 674 496 0
25 : 503 6811 560 497 1
26 : 562 5297 509 389 1
27 : 0 919 650 332 0
28 : 0 3220 474 285 0
29 : 0 6698 419 503 1
