35 459
0 : 24 48 12 10 1
1 : 0 0 2 31 1
2 : 0 22 10 13 1
3 : 0 207 16 16 0
4 : 16 219 16 16 0
5 : 0 430 16 16 0
6 : 16 427 16 16 0
7 : 19 15 2 15 1
8 : 24 113 8 7 0
9 : 16 371 13 13 0
10 : 0 371 16 16 0
11 : 24 120 8 7 0
12 : 16 355 16 16 0
13 : 15 17 16 7 0
14 : 15 339 16 16 0
15 : 0 147 16 15 0
16 : 0 339 15 15 0
17 : 0 90 24 21 0
18 : 0 9 1 26 1
19 : 0 323 16 16 0
20 : 0 32 11 14 0
21 : 0 111 24 21 0
22 : 16 147 16 15 0
23 : 0 223 16 16 0
24 : 16 235 16 16 0
25 : 7 239 7 7 0
26 : 0 414 16 16 0
27 : 0 162 13 14 1
28 : 14 162 16 15 0
29 : 26 9 2 7 1
30 : 24 84 8 10 1
31 : 24 92 13 11 1
32 : 0 177 16 15 0
33 : 16 177 13 12 0
34 : 0 275 16 16 0
35 : 16 275 16 16 0
36 : 15 16 1 1 0
37 : 19 13 2 16 1
38 : 24 72 12 10 1
39 : 24 105 8 10 1
40 : 24 60 12 10 1
41 : 0 251 24 24 0
42 : 16 189 16 15 0
43 : 0 192 16 15 0
44 : 0 291 32 32 0
45 : 0 239 7 7 0
46 : 0 10 3 22 1
47 : 16 323 16 16 0
48 : 0 387 16 16 0
49 : 0 2 35 7 0
50 : 0 355 16 16 0
51 : 0 13 3 19 1
52 : 0 16 3 15 1
53 : 0 69 24 21 0
54 : 16 384 16 16 0
55 : 16 204 16 15 0
56 : 16 443 16 16 0
57 : 16 400 16 16 0
58 : 0 403 11 11 0
59 : 0 132 16 15 0
60 : 16 416 11 11 0
61 : 0 48 24 21 0
62 : 13 24 24 21 1
63 : 16 132 16 15 0
64 : 0 19 3 11 1
