1000 28991
0 : 0 10582 602 738 1
1 : 0 5758 897 620 0
2 : 0 7609 743 708 0
3 : 0 27690 308 409 1
4 : 0 25199 447 477 1
5 : 0 28563 421 71 0
6 : 483 28742 167 331 1
7 : 0 27998 667 149 0
8 : 0 16145 792 493 0
9 : 0 21866 190 567 1
10 : 0 24153 320 711 1
11 : 0 10064 891 518 0
12 : 0 12845 750 559 0
13 : 0 28147 220 428 1
14 : 708 23425 10 55 0
15 : 0 20779 990 287 0
16 : 0 0 986 840 0
17 : 477 25199 482 431 0
18 : 531 25630 393 471 0
19 : 428 28508 524 139 0
20 : 664 17084 963 110 1
21 : 0 6378 554 971 1
22 : 743 11448 143 657 0
23 : 0 15086 621 642 1
24 : 0 14458 628 649 1
25 : 0 9431 633 770 1
26 : 0 23964 473 184 0
27 : 673 19482 729 109 1
28 : 587 23552 601 395 1
29 : 790 27039 151 693 0
30 : 667 27984 342 281 1
31 : 612 23154 82 351 0
32 : 0 25646 531 361 0
33 : 0 28909 82 636 1
34 : 0 840 926 836 0
35 : 0 1676 844 735 0
36 : 649 14458 246 940 0
37 : 0 26864 867 175 0
38 : 0 17672 560 664 1
39 : 0 15707 896 438 0
40 : 0 11184 711 613 0
41 : 0 16638 860 446 0
42 : 0 26315 182 927 1
43 : 0 27243 579 258 0
44 : 572 21376 753 372 1
45 : 750 12845 153 759 0
46 : 451 26497 361 371 1
47 : 886 11448 519 5 1
48 : 743 10582 866 129 1
49 : 0 24939 826 260 0
50 : 428 28147 361 202 1
51 : 0 18637 475 664 1
52 : 0 28742 125 483 1
53 : 0 8317 541 953 1
54 : 787 7715 573 141 1
55 : 409 27690 294 360 1
56 : 0 28647 95 681 1
57 : 0 27039 733 204 0
58 : 0 22129 907 307 0
59 : 0 6932 677 787 1
60 : 0 22809 345 708 1
61 : 0 23154 398 612 1
62 : 0 21376 572 490 0
63 : 0 23552 587 412 0
64 : 711 24153 275 786 0
65 : 0 26101 861 214 0
66 : 0 5182 997 576 0
67 : 649 15398 300 211 1
68 : 0 27501 790 189 0
69 : 814 28647 274 183 1
70 : 0 2411 893 692 0
71 : 0 12375 470 908 1
72 : 0 19943 456 667 1
73 : 0 11797 578 743 1
74 : 0 28367 196 327 1
75 : 792 16145 68 404 0
76 : 547 24473 162 380 0
77 : 688 13404 563 59 1
78 : 0 8858 881 573 0
79 : 0 21066 910 310 0
80 : 0 26497 367 451 1
81 : 0 4542 898 640 0
82 : 786 19482 697 52 1
83 : 0 17084 588 646 1
84 : 0 13404 604 688 1
85 : 895 14458 469 1 1
86 : 0 19482 673 461 0
87 : 664 18637 105 307 0
88 : 0 19112 842 370 0
89 : 0 18232 405 788 1
90 : 0 14008 450 912 1
91 : 0 3103 816 750 0
92 : 726 22436 881 179 1
93 : 646 17084 16 427 0
94 : 0 24473 547 413 0
95 : 0 3853 689 837 1
96 : 0 20399 380 786 1
97 : 708 22809 13 616 0
98 : 787 6932 783 143 1
99 : 0 22436 373 726 1
