70 672
0 : 0 0 43 31 0
1 : 0 31 43 31 0
2 : 0 62 43 31 0
3 : 0 93 43 31 0
4 : 0 124 41 30 0
5 : 0 154 41 30 0
6 : 41 124 39 29 1
7 : 41 163 39 29 1
8 : 0 184 39 29 0
9 : 39 202 39 29 1
10 : 0 213 38 28 0
11 : 0 241 38 28 0
12 : 38 241 38 28 1
13 : 0 269 38 28 0
14 : 43 0 37 27 1
15 : 43 37 37 27 1
16 : 43 74 37 27 1
17 : 38 279 36 26 1
18 : 0 297 36 26 0
19 : 0 323 36 26 0
20 : 36 315 36 26 1
21 : 0 349 35 25 0
22 : 35 351 35 25 0
23 : 0 374 35 25 0
24 : 35 376 34 24 0
25 : 0 399 34 24 0
26 : 34 400 34 24 0
27 : 0 423 34 24 0
28 : 34 424 23 33 1
29 : 0 447 23 33 1
30 : 33 447 23 33 1
31 : 0 470 23 33 1
32 : 33 470 32 22 0
33 : 33 492 32 22 0
34 : 0 493 32 22 0
35 : 32 514 21 31 1
36 : 0 515 21 31 1
37 : 31 535 21 31 1
38 : 0 536 18 29 1
39 : 0 554 18 29 1
40 : 29 556 18 29 1
41 : 0 572 27 17 0
42 : 27 574 27 17 0
43 : 25 607 24 15 0
44 : 50 599 24 15 1
45 : 54 574 25 16 1
46 : 0 589 25 16 0
47 : 25 591 25 16 0
48 : 0 605 25 16 0
49 : 0 621 24 15 0
50 : 24 622 14 23 1
51 : 47 623 14 23 1
52 : 0 636 14 23 1
53 : 23 636 14 23 1
54 : 43 111 12 21 1
55 : 46 637 12 21 1
56 : 46 649 12 21 1
57 : 0 650 11 19 1
58 : 19 650 11 19 1
59 : 38 661 11 19 1
60 : 0 661 11 19 1
61 : 19 661 17 9 0
