92 199
0 : 56 190 11 9 0
1 : 88 123 1 1 0
2 : 70 188 9 11 1
3 : 88 65 1 29 0
4 : 81 189 9 11 1
5 : 67 163 19 15 0
6 : 55 62 50 29 1
7 : 84 88 1 19 0
8 : 38 178 18 18 0
9 : 0 125 12 45 1
10 : 0 176 19 15 0
11 : 56 178 14 12 0
12 : 45 125 12 45 1
13 : 62 150 27 13 0
14 : 0 137 43 13 0
15 : 0 62 55 13 0
16 : 0 150 31 13 0
17 : 48 163 19 15 0
18 : 0 51 11 79 1
19 : 0 75 50 50 0
20 : 84 51 2 37 0
21 : 31 150 31 13 0
22 : 0 0 92 17 0
23 : 27 163 21 13 0
24 : 83 178 11 9 1
25 : 43 137 33 13 0
26 : 55 112 28 13 0
27 : 88 94 1 29 0
28 : 76 137 13 10 0
29 : 0 163 27 13 0
30 : 0 17 17 88 1
31 : 19 176 19 15 0
32 : 85 88 1 19 0
33 : 0 34 86 17 0
34 : 88 17 1 48 0
35 : 79 51 4 6 0
36 : 70 178 13 10 0
37 : 50 75 4 6 0
