200 393
0 : 115 0 110 32 1
1 : 97 92 12 33 0
2 : 147 0 78 15 1
3 : 0 98 62 18 0
4 : 174 67 16 53 0
5 : 0 194 37 76 0
6 : 0 30 14 97 1
7 : 0 270 28 43 0
8 : 137 134 16 9 1
9 : 37 163 15 22 1
10 : 0 79 64 19 0
11 : 162 110 10 13 0
12 : 92 74 4 27 0
13 : 97 125 12 13 0
14 : 137 161 3 6 0
15 : 190 98 7 22 0
16 : 174 0 67 16 1
17 : 174 157 27 14 1
18 : 147 78 13 41 0
19 : 0 116 78 35 1
20 : 0 0 30 115 1
21 : 190 0 8 54 0
22 : 0 59 20 91 1
23 : 147 128 6 6 0
24 : 162 0 72 12 1
25 : 0 44 15 92 1
26 : 115 110 22 58 0
27 : 85 100 19 6 1
28 : 115 168 38 48 0
29 : 64 79 21 61 0
30 : 162 72 10 38 0
31 : 37 116 22 47 0
32 : 174 120 22 37 0
33 : 92 44 5 30 0
34 : 147 119 5 9 0
35 : 24 313 3 15 0
36 : 137 110 24 10 1
37 : 64 140 20 37 0
38 : 64 177 18 13 0
39 : 37 193 23 19 1
40 : 0 352 41 27 1
41 : 109 92 18 5 1
42 : 137 150 6 11 0
43 : 0 313 39 24 1
44 : 85 79 21 6 1
45 : 97 30 62 17 1
46 : 37 178 20 15 0
47 : 24 328 3 8 0
48 : 190 54 44 7 1
