1000 16211
0 : 0 0 541 745 1
1 : 0 14809 344 301 1
2 : 0 14055 413 294 1
3 : 0 15870 266 341 0
4 : 0 8265 543 388 1
5 : 0 4709 367 701 0
6 : 0 541 526 707 1
7 : 0 9400 286 706 0
8 : 0 11952 614 289 1
9 : 0 8808 348 592 0
10 : 0 3476 673 431 1
11 : 0 12566 475 362 1
12 : 0 5941 562 439 1
13 : 0 1067 530 638 1
14 : 0 6503 609 375 1
15 : 0 13041 540 274 1
16 : 0 2842 486 634 0
17 : 0 15153 272 377 0
18 : 0 10615 623 306 1
19 : 0 11238 266 714 0
20 : 0 14468 341 336 1
21 : 0 15530 340 296 1
22 : 0 5410 531 479 1
23 : 0 1597 571 589 1
24 : 0 2168 674 496 1
25 : 0 4149 560 497 1
26 : 0 10106 509 389 1
27 : 0 7112 650 332 1
28 : 0 13581 474 285 1
29 : 0 7762 419 503 0
