247 927
0 : 0 802 39 27 0
1 : 0 769 41 33 0
2 : 0 708 46 17 0
3 : 152 809 33 17 1
4 : 112 876 27 17 1
5 : 185 351 88 17 1
6 : 0 873 31 17 0
7 : 112 728 43 17 1
8 : 0 165 213 40 0
9 : 152 842 33 17 1
10 : 185 875 29 17 1
11 : 0 725 45 27 0
12 : 0 637 57 27 0
13 : 112 809 36 17 1
14 : 185 249 102 17 1
15 : 152 770 39 17 1
16 : 0 81 240 40 0
17 : 0 890 25 27 1
18 : 152 366 82 17 1
19 : 112 580 54 17 1
20 : 112 903 24 17 1
21 : 0 856 33 17 0
22 : 152 249 117 33 1
23 : 0 549 67 17 0
24 : 112 347 99 27 1
25 : 185 728 40 17 1
26 : 0 39 244 42 0
27 : 112 771 38 17 1
28 : 0 314 146 33 0
29 : 0 488 82 17 0
30 : 152 633 50 17 1
31 : 112 845 31 17 1
32 : 0 121 224 44 0
33 : 185 807 37 17 1
34 : 0 450 88 38 0
35 : 0 205 207 44 0
36 : 0 249 152 65 0
37 : 0 396 103 27 0
38 : 0 610 58 27 0
39 : 0 566 61 27 0
40 : 0 522 71 27 0
41 : 185 635 47 17 1
42 : 0 423 98 27 0
43 : 0 505 76 17 0
44 : 0 681 50 27 0
45 : 185 515 67 17 1
46 : 0 0 247 39 0
47 : 185 904 17 17 0
48 : 185 768 39 17 1
49 : 185 844 31 17 1
50 : 224 121 15 17 0
51 : 185 582 53 17 1
52 : 0 347 112 49 0
53 : 185 439 76 17 1
54 : 185 682 46 17 1
55 : 0 752 43 17 0
56 : 152 448 69 17 1
57 : 152 683 45 17 1
58 : 152 875 29 17 1
59 : 112 446 71 27 1
60 : 112 684 44 17 1
61 : 0 593 60 17 0
62 : 152 577 56 17 1
63 : 152 904 20 17 1
64 : 112 634 50 17 1
65 : 152 517 60 17 1
66 : 112 517 63 17 1
67 : 152 728 42 17 1
68 : 0 829 34 27 0
69 : 0 664 52 17 0
