200 246
0 : 151 84 8 47 1
1 : 0 0 143 26 0
2 : 0 26 16 107 1
3 : 0 42 33 95 1
4 : 195 106 5 21 0
5 : 53 168 54 40 0
6 : 107 26 84 15 0
7 : 107 167 32 25 1
8 : 0 185 52 45 0
9 : 64 155 13 39 1
10 : 107 41 86 20 0
11 : 138 115 50 77 0
12 : 74 84 77 31 0
13 : 0 75 24 74 1
14 : 188 159 11 12 1
15 : 0 99 22 65 1
16 : 0 158 27 53 1
17 : 151 92 14 46 1
18 : 188 137 17 9 1
19 : 132 192 15 21 1
20 : 189 106 31 6 1
21 : 151 106 8 38 1
22 : 95 61 23 77 1
23 : 103 155 12 35 1
24 : 188 154 5 12 1
25 : 153 192 20 23 1
26 : 65 115 73 40 0
27 : 107 207 40 39 0
28 : 0 121 64 37 0
