3000 8344
0 : 1175 3386 365 185 1
1 : 1590 1641 378 200 1
2 : 1590 2019 410 165 1
3 : 1590 2429 425 148 1
4 : 2462 3445 425 296 1
5 : 1590 2854 439 116 1
6 : 2462 0 464 1006 0
7 : 1590 1121 520 205 1
8 : 2462 2925 520 350 1
9 : 1890 6129 540 530 1
10 : 0 2837 549 1413 1
11 : 0 572 549 1882 1
12 : 1890 7224 553 496 1
13 : 1890 4055 555 755 0
14 : 1890 6669 555 496 1
15 : 1890 4810 555 659 0
16 : 1890 7777 567 473 1
17 : 0 5046 572 592 1
18 : 1890 3080 572 975 0
19 : 0 3386 572 1175 1
20 : 0 1693 572 1575 1
21 : 1890 1690 572 1390 0
22 : 0 2265 572 1490 1
23 : 0 1121 572 1590 1
24 : 1890 0 572 1690 0
25 : 0 0 572 1890 1
26 : 0 4436 610 625 1
27 : 1890 5469 660 490 1
28 : 0 5618 690 447 1
29 : 2462 1976 949 445 1
30 : 0 3958 949 478 0
31 : 2462 1006 970 463 1
