100 2873
0 : 0 0 38 90 1
1 : 0 38 24 82 1
2 : 0 62 18 75 1
3 : 0 80 88 98 0
4 : 0 178 27 97 0
5 : 90 0 4 99 0
6 : 27 178 14 85 0
7 : 41 178 24 85 0
8 : 27 263 28 76 0
9 : 27 339 46 35 1
10 : 65 178 20 69 0
11 : 0 275 21 79 0
12 : 21 385 41 99 0
13 : 21 484 49 88 0
14 : 21 572 39 96 0
15 : 21 668 30 82 0
16 : 70 247 15 95 0
17 : 70 342 14 95 0
18 : 0 354 19 96 0
19 : 21 750 50 93 0
20 : 94 0 1 99 0
21 : 21 843 40 75 0
22 : 71 437 11 69 0
23 : 19 918 82 66 1
24 : 19 1000 49 76 0
25 : 19 1076 85 47 1
26 : 19 1161 64 79 0
27 : 19 1240 27 69 0
28 : 0 450 8 97 0
29 : 46 1240 28 94 0
30 : 46 1334 30 75 0
31 : 46 1409 32 69 0
32 : 46 1478 29 90 0
33 : 46 1568 39 99 0
34 : 8 450 7 11 1
35 : 19 1309 100 18 1
36 : 19 1667 61 88 0
37 : 19 1755 12 76 0
38 : 31 1755 45 79 0
39 : 31 1834 28 95 0
40 : 8 457 6 67 0
41 : 19 1929 47 46 1
42 : 19 1976 45 39 0
43 : 19 2015 19 84 0
44 : 38 2015 12 85 0
45 : 19 2100 44 91 0
46 : 19 2191 56 70 0
47 : 19 2261 21 82 0
48 : 40 2261 30 77 0
49 : 95 0 2 93 0
50 : 40 2338 31 14 1
51 : 19 2369 35 89 0
52 : 54 2338 9 76 0
53 : 19 2458 22 68 0
54 : 19 2526 16 79 0
55 : 41 2458 11 68 0
56 : 19 2605 50 84 0
57 : 97 0 3 87 0
58 : 19 2689 62 86 0
59 : 0 2775 98 86 1
