1000 13877
0 : 0 0 541 745 1
1 : 0 541 344 301 0
2 : 344 541 413 294 1
3 : 0 842 266 341 1
4 : 0 1108 543 388 1
5 : 0 1651 367 701 0
6 : 388 954 526 707 0
7 : 388 1661 286 706 0
8 : 0 2352 614 289 1
9 : 289 2367 348 592 0
10 : 0 2966 673 431 1
11 : 0 3639 475 362 1
12 : 0 4114 562 439 1
13 : 0 4676 530 638 0
14 : 0 5314 609 375 1
15 : 0 5923 540 274 1
16 : 0 6463 486 634 0
17 : 0 7097 272 377 1
18 : 0 7369 623 306 1
19 : 0 7992 266 714 0
20 : 0 8706 341 336 1
21 : 0 9047 340 296 1
22 : 0 9387 531 479 1
23 : 0 9918 571 589 0
24 : 0 10507 674 496 1
25 : 0 11181 560 497 1
26 : 0 11741 509 389 1
27 : 0 12250 650 332 1
28 : 0 12900 474 285 1
29 : 0 13374 419 503 0
