200 210
0 : 0 80 66 25 0
1 : 0 174 14 30 1
2 : 22 191 18 14 0
3 : 117 87 43 34 0
4 : 65 50 59 30 0
5 : 183 118 10 16 0
6 : 39 128 8 33 1
7 : 161 87 22 47 0
8 : 170 181 18 16 0
9 : 122 178 26 13 0
10 : 56 175 24 17 0
11 : 0 105 26 4 0
12 : 124 50 7 28 1
13 : 65 36 26 14 0
14 : 66 80 30 51 1
15 : 0 128 39 25 0
16 : 22 188 7 3 0
17 : 156 197 19 9 0
18 : 57 201 25 6 0
19 : 82 202 8 14 1
20 : 0 110 18 78 1
21 : 40 192 14 17 1
22 : 102 137 62 12 0
23 : 0 64 15 64 1
24 : 26 105 16 5 0
25 : 66 149 46 13 0
26 : 39 149 27 26 0
27 : 39 137 12 63 1
28 : 192 157 30 8 1
29 : 0 0 36 91 1
30 : 164 134 23 31 1
31 : 175 197 8 13 1
32 : 30 153 22 9 1
33 : 106 169 9 50 1
34 : 196 0 14 4 1
35 : 143 149 8 16 1
36 : 0 188 22 12 0
37 : 153 0 57 37 1
38 : 106 162 7 6 1
39 : 156 169 12 36 1
40 : 78 110 11 29 1
41 : 124 57 30 56 1
42 : 91 0 50 62 1
43 : 183 57 61 13 1
44 : 159 149 4 7 0
45 : 57 194 7 33 1
46 : 30 175 16 26 1
47 : 143 157 12 46 1
48 : 0 153 21 27 1
49 : 0 36 28 65 1
50 : 188 181 4 4 0
51 : 188 187 9 19 0
52 : 66 162 40 13 0
53 : 190 37 6 19 0
54 : 148 181 15 22 1
55 : 112 149 19 31 1
56 : 101 178 21 17 0
57 : 140 191 5 6 1
58 : 42 105 5 15 1
59 : 90 195 30 7 0
60 : 0 200 6 19 1
61 : 96 202 8 12 1
62 : 107 110 11 8 1
63 : 80 175 19 21 1
64 : 122 191 18 14 0
65 : 27 153 3 20 0
66 : 180 57 18 3 1
67 : 78 121 83 16 0
68 : 140 196 16 13 0
69 : 115 110 2 7 0
70 : 108 202 6 10 1
71 : 190 0 37 6 1
72 : 148 178 8 3 0
