100 2280
0 : 69 265 17 90 0
1 : 0 341 68 76 0
2 : 22 2146 14 68 0
3 : 0 2068 22 76 0
4 : 0 949 38 83 0
5 : 0 1438 29 87 0
6 : 0 417 40 100 0
7 : 0 866 39 83 0
8 : 0 264 69 77 0
9 : 95 0 1 99 0
10 : 0 600 77 57 1
11 : 69 165 17 100 0
12 : 69 355 13 94 0
13 : 0 1191 90 27 1
14 : 0 1763 27 84 0
15 : 0 517 56 83 0
16 : 22 2068 78 16 1
17 : 0 1919 31 78 0
18 : 0 1997 38 71 0
19 : 69 449 8 86 0
20 : 96 0 90 3 1
21 : 0 1112 38 79 0
22 : 46 677 10 66 0
23 : 0 1671 21 92 0
24 : 22 2214 14 66 0
25 : 57 417 7 89 0
26 : 0 1603 45 68 0
27 : 0 1368 46 70 0
28 : 89 171 4 73 0
29 : 0 1847 38 72 0
30 : 0 1032 41 80 0
31 : 0 83 82 89 1
32 : 89 83 6 88 0
33 : 0 768 30 98 0
34 : 0 165 99 48 1
35 : 0 1281 30 87 0
36 : 0 2144 19 77 0
37 : 0 0 83 95 1
38 : 0 1525 78 37 1
39 : 0 677 40 91 0
