200 258
0 : 0 80 66 25 1
1 : 155 149 14 30 0
2 : 119 164 18 14 0
3 : 155 0 43 34 0
4 : 0 50 59 30 0
5 : 90 216 10 16 1
6 : 177 85 8 33 0
7 : 155 85 22 47 0
8 : 0 146 18 16 0
9 : 185 181 26 13 1
10 : 62 132 24 17 0
11 : 150 128 26 4 1
12 : 169 149 7 28 0
13 : 0 162 26 14 1
14 : 155 34 30 51 0
15 : 25 80 39 25 1
16 : 59 96 7 3 1
17 : 50 152 19 9 1
18 : 111 151 25 6 1
19 : 177 164 8 14 0
20 : 25 119 18 78 0
21 : 155 179 14 17 0
22 : 155 196 62 12 1
23 : 62 149 15 64 0
24 : 150 91 16 5 1
25 : 185 95 46 13 1
26 : 90 67 27 26 0
27 : 119 192 12 63 0
28 : 177 118 30 8 1
29 : 119 0 36 91 0
30 : 119 91 23 31 1
31 : 77 168 8 13 0
32 : 50 130 22 9 1
33 : 50 80 9 50 0
34 : 86 132 14 4 1
35 : 177 148 8 16 0
36 : 185 207 22 12 1
37 : 62 0 57 37 0
38 : 111 176 7 6 1
39 : 0 204 12 36 0
40 : 62 213 11 29 0
41 : 62 37 30 56 1
42 : 0 0 50 62 1
43 : 185 34 61 13 1
44 : 106 133 4 7 0
45 : 43 119 7 33 0
46 : 119 133 16 26 1
47 : 25 197 12 46 0
48 : 90 93 21 27 1
49 : 62 67 28 65 0
50 : 145 133 4 4 0
51 : 77 149 9 19 0
52 : 185 141 40 13 1
53 : 43 152 6 19 0
54 : 119 149 15 22 1
55 : 119 114 19 31 1
56 : 155 132 21 17 0
57 : 150 122 5 6 0
58 : 150 107 5 15 0
59 : 18 146 30 7 1
60 : 43 171 6 19 0
61 : 50 171 8 12 0
62 : 177 178 11 8 1
63 : 90 114 19 21 1
64 : 119 178 18 14 0
65 : 59 50 3 20 0
66 : 59 70 18 3 1
67 : 90 133 83 16 1
68 : 0 188 16 13 1
69 : 198 0 2 7 0
70 : 18 176 6 10 0
71 : 111 114 37 6 1
72 : 59 88 8 3 1
