411 541
0 : 0 0 200 200 0
1 : 358 401 26 14 0
2 : 364 326 30 30 0
3 : 321 200 64 63 0
4 : 364 379 22 22 0
5 : 391 356 24 18 1
6 : 200 321 100 100 0
7 : 200 0 200 200 0
8 : 300 389 58 58 0
9 : 165 479 164 56 0
10 : 321 263 64 63 0
11 : 386 380 24 18 0
12 : 0 535 411 6 0
13 : 386 398 24 18 0
14 : 169 421 58 58 0
15 : 364 356 27 23 0
16 : 200 200 121 121 0
17 : 0 458 165 56 0
18 : 0 200 200 200 0
19 : 300 326 64 63 0
20 : 358 415 26 14 0
21 : 384 416 26 14 0
22 : 227 421 58 58 0
23 : 0 400 169 58 0
