135 453
0 : 0 0 29 18 0
1 : 29 0 49 16 0
2 : 78 0 29 16 0
3 : 29 16 75 21 0
4 : 107 0 23 16 0
5 : 0 37 88 16 0
6 : 0 53 57 18 0
7 : 88 37 42 21 0
8 : 57 58 45 16 0
9 : 57 74 61 18 0
10 : 0 71 29 20 0
11 : 29 92 67 26 0
12 : 118 58 52 16 1
13 : 0 118 93 20 0
14 : 96 92 22 16 0
15 : 96 108 19 16 0
16 : 93 124 36 20 0
17 : 0 138 55 16 0
18 : 0 154 135 16 0
19 : 0 170 50 18 0
20 : 50 170 31 16 0
21 : 81 170 53 16 0
22 : 50 186 22 18 0
23 : 72 186 62 18 0
24 : 0 204 58 21 0
25 : 58 204 71 16 0
26 : 58 220 45 16 0
27 : 0 236 85 16 0
28 : 85 236 39 16 0
29 : 0 252 40 18 0
30 : 40 252 20 21 1
31 : 61 252 63 16 0
32 : 61 268 51 18 0
33 : 40 286 63 18 0
34 : 0 270 29 16 0
35 : 29 304 73 20 0
36 : 112 268 19 16 0
37 : 103 286 29 16 0
38 : 0 286 47 20 1
39 : 103 302 29 18 0
40 : 20 324 50 21 0
41 : 70 324 34 22 0
42 : 0 345 54 20 0
43 : 54 346 62 20 0
44 : 0 365 30 21 0
45 : 116 320 27 18 1
46 : 116 347 16 16 0
47 : 116 363 19 16 0
48 : 30 366 27 16 0
49 : 57 379 66 18 0
50 : 0 386 53 34 0
51 : 53 397 76 18 0
52 : 53 415 71 18 0
53 : 0 433 58 20 0
54 : 58 433 35 16 0
