100 1214
0 : 0 1137 17 90 1
1 : 0 234 68 76 1
2 : 0 1186 14 68 1
3 : 0 1115 22 76 1
4 : 0 669 38 83 1
5 : 0 963 29 87 1
6 : 0 463 40 100 1
7 : 0 584 39 83 1
8 : 0 165 69 77 1
9 : 99 0 1 99 0
10 : 0 406 77 57 0
11 : 0 1098 17 100 1
12 : 0 1173 13 94 1
13 : 0 992 90 27 0
14 : 0 1050 27 84 1
15 : 0 350 56 83 1
16 : 83 350 78 16 1
17 : 0 1019 31 78 1
18 : 0 895 38 71 1
19 : 78 820 8 86 0
20 : 87 820 90 3 1
21 : 0 752 38 79 1
22 : 77 165 10 66 0
23 : 0 1077 21 92 1
24 : 0 1200 14 66 1
25 : 83 543 7 89 0
26 : 0 707 45 68 1
27 : 0 623 46 70 1
28 : 79 707 4 73 0
29 : 0 857 38 72 1
30 : 0 543 41 80 1
31 : 0 83 82 89 1
32 : 83 632 6 88 0
33 : 0 790 30 98 1
34 : 0 302 99 48 0
35 : 0 933 30 87 1
36 : 0 1154 19 77 1
37 : 0 0 83 95 1
38 : 0 820 78 37 0
39 : 0 503 40 91 1
