100 1811
0 : 0 0 17 90 1
1 : 0 17 68 76 1
2 : 76 17 14 68 0
3 : 0 85 22 76 1
4 : 0 107 38 83 0
5 : 38 107 29 87 0
6 : 0 194 40 100 0
7 : 0 294 39 83 0
8 : 0 377 69 77 0
9 : 67 107 1 99 0
10 : 0 454 77 57 1
11 : 40 194 17 100 0
12 : 76 85 13 94 0
13 : 0 531 90 27 1
14 : 27 531 27 84 0
15 : 0 621 56 83 0
16 : 39 294 78 16 1
17 : 0 704 31 78 0
18 : 0 782 38 71 0
19 : 57 194 8 86 0
20 : 90 0 90 3 1
21 : 0 853 38 79 0
22 : 55 294 10 66 0
23 : 0 932 21 92 0
24 : 38 704 14 66 0
25 : 93 0 7 89 0
26 : 0 1024 45 68 0
27 : 0 1092 46 70 0
28 : 31 704 4 73 0
29 : 0 1162 38 72 0
30 : 0 1234 41 80 0
31 : 0 1314 82 89 0
32 : 21 932 6 88 0
33 : 0 1403 30 98 0
34 : 30 1403 99 48 1
35 : 0 1501 30 87 0
36 : 30 1502 19 77 0
37 : 0 1588 83 95 0
38 : 0 1683 78 37 0
39 : 0 1720 40 91 0
