200 228
0 : 73 76 8 47 1
1 : 0 50 143 26 0
2 : 86 173 16 107 1
3 : 143 0 33 95 0
4 : 111 90 5 21 1
5 : 0 116 54 40 0
6 : 176 0 84 15 1
7 : 150 147 32 25 0
8 : 150 95 52 45 1
9 : 77 37 13 39 1
10 : 0 173 86 20 0
11 : 0 0 50 77 1
12 : 73 95 77 31 0
13 : 54 126 24 74 1
14 : 176 84 11 12 1
15 : 0 193 22 65 1
16 : 126 189 27 53 1
17 : 131 126 14 46 0
18 : 54 116 17 9 0
19 : 65 193 15 21 1
20 : 111 84 31 6 0
21 : 73 84 8 38 1
22 : 54 150 23 77 1
23 : 0 156 12 35 1
24 : 0 168 5 12 1
25 : 179 189 20 23 0
26 : 0 76 73 40 0
27 : 86 189 40 39 0
28 : 77 0 64 37 0
