100 1211
0 : 0 0 17 90 1
1 : 0 17 68 76 1
2 : 76 17 14 68 0
3 : 0 85 22 76 1
4 : 0 107 38 83 1
5 : 0 145 29 87 1
6 : 0 174 40 100 1
7 : 0 214 39 83 1
8 : 0 253 69 77 1
9 : 83 214 1 99 0
10 : 0 322 77 57 0
11 : 0 379 17 100 1
12 : 0 396 13 94 1
13 : 0 409 90 27 0
14 : 0 436 27 84 1
15 : 0 463 56 83 1
16 : 84 436 78 16 1
17 : 0 519 31 78 1
18 : 0 550 38 71 1
19 : 0 588 8 86 1
20 : 0 596 90 3 0
21 : 0 599 38 79 1
22 : 90 514 10 66 0
23 : 0 637 21 92 1
24 : 0 658 14 66 1
25 : 92 580 7 89 0
26 : 0 672 45 68 1
27 : 0 717 46 70 1
28 : 70 658 4 73 0
29 : 0 763 38 72 1
30 : 0 801 41 80 1
31 : 0 842 82 89 1
32 : 89 669 6 88 0
33 : 0 924 30 98 1
34 : 0 954 99 48 0
35 : 0 1002 30 87 1
36 : 0 1032 19 77 1
37 : 0 1051 83 95 1
38 : 0 1134 78 37 0
39 : 0 1171 40 91 1
