100 27
0 : 35 19 5 4 0
1 : 97 0 3 13 0
2 : 0 0 49 3 0
3 : 73 16 3 5 0
4 : 8 15 5 5 0
5 : 60 19 3 5 1
6 : 20 15 5 5 0
7 : 9 24 3 3 0
8 : 66 12 4 10 1
9 : 20 23 3 4 1
10 : 83 12 4 11 1
11 : 66 16 3 7 1
12 : 83 0 9 8 0
13 : 33 12 7 33 1
14 : 94 13 5 5 0
15 : 76 20 5 3 0
16 : 50 19 4 5 1
17 : 55 19 5 4 0
18 : 20 20 5 3 0
19 : 25 20 3 5 1
20 : 92 0 12 5 1
21 : 15 24 3 3 0
22 : 51 23 3 4 1
23 : 12 24 3 3 0
24 : 65 22 3 5 1
25 : 5 20 5 3 0
26 : 65 19 3 5 1
27 : 13 18 3 7 1
28 : 30 19 5 5 0
29 : 75 23 5 3 0
30 : 15 21 5 3 0
31 : 81 16 3 7 1
32 : 70 21 5 3 0
33 : 31 24 3 3 0
34 : 39 23 3 4 1
35 : 40 19 5 4 0
36 : 86 21 4 4 0
37 : 24 23 3 4 1
38 : 28 24 3 3 0
39 : 0 15 4 8 1
40 : 45 19 5 4 0
41 : 60 22 5 3 0
42 : 35 23 4 3 0
43 : 0 3 12 33 1
44 : 95 23 3 5 1
45 : 70 24 3 3 0
46 : 0 23 4 4 0
47 : 4 23 3 5 1
48 : 95 18 5 5 0
49 : 81 19 5 4 0
50 : 88 18 7 3 0
51 : 10 21 5 3 0
52 : 0 19 5 4 0
53 : 90 21 5 3 0
54 : 43 23 3 4 1
55 : 55 23 3 4 1
56 : 80 23 3 5 1
57 : 90 24 3 3 0
58 : 47 23 3 4 1
59 : 13 15 7 3 0
60 : 76 12 5 8 0
61 : 49 0 34 12 0
62 : 25 15 5 5 0
