200 335
0 : 91 50 66 25 1
1 : 116 200 14 30 0
2 : 27 221 18 14 1
3 : 0 128 43 34 0
4 : 116 50 59 30 1
5 : 51 189 10 16 0
6 : 190 50 8 33 0
7 : 153 113 22 47 0
8 : 27 185 18 16 1
9 : 153 200 26 13 1
10 : 0 268 24 17 1
11 : 78 52 26 4 1
12 : 146 83 7 28 0
13 : 91 222 26 14 1
14 : 0 98 30 51 1
15 : 91 116 39 25 1
16 : 78 124 7 3 1
17 : 65 179 19 9 1
18 : 83 73 25 6 1
19 : 190 113 8 14 0
20 : 0 52 18 78 1
21 : 116 230 14 17 0
22 : 51 98 62 12 1
23 : 116 109 15 64 0
24 : 183 106 16 5 1
25 : 91 155 46 13 1
26 : 0 185 27 26 0
27 : 65 70 12 63 0
28 : 190 83 30 8 1
29 : 0 0 36 91 1
30 : 0 162 23 31 1
31 : 190 127 8 13 0
32 : 166 160 22 9 1
33 : 190 0 9 50 0
34 : 83 117 14 4 1
35 : 175 113 8 16 0
36 : 31 162 22 12 1
37 : 153 0 57 37 1
38 : 43 140 7 6 0
39 : 104 155 12 36 0
40 : 51 160 11 29 0
41 : 153 57 30 56 0
42 : 91 0 50 62 1
43 : 131 109 61 13 1
44 : 183 122 4 7 0
45 : 146 50 7 33 0
46 : 0 242 16 26 0
47 : 65 133 12 46 0
48 : 116 173 21 27 0
49 : 0 70 28 65 1
50 : 183 129 4 4 0
51 : 166 182 9 19 0
52 : 153 160 40 13 1
53 : 183 87 6 19 0
54 : 0 313 15 22 0
55 : 0 211 19 31 0
56 : 0 292 21 17 1
57 : 146 126 5 6 0
58 : 146 111 5 15 0
59 : 183 57 30 7 1
60 : 83 98 6 19 0
61 : 43 128 8 12 0
62 : 175 129 11 8 1
63 : 91 201 19 21 0
64 : 27 203 18 14 1
65 : 78 78 3 20 0
66 : 78 98 18 3 1
67 : 0 36 83 16 0
68 : 153 226 16 13 1
69 : 89 36 2 7 0
70 : 104 191 6 10 0
71 : 83 36 37 6 1
72 : 78 116 8 3 1
