300 590
0 : 90 351 90 36 0
1 : 212 520 79 15 0
2 : 90 279 90 36 0
3 : 0 173 244 70 0
4 : 228 550 39 15 0
5 : 126 531 55 15 0
6 : 0 576 53 14 0
7 : 90 387 90 36 0
8 : 209 441 80 32 0
9 : 78 95 101 36 0
10 : 179 95 62 31 0
11 : 92 492 40 16 0
12 : 116 565 38 15 0
13 : 0 492 24 32 1
14 : 0 0 300 95 0
15 : 209 473 80 32 0
16 : 78 561 38 15 0
17 : 132 492 40 16 0
18 : 0 459 209 33 0
19 : 244 196 101 36 1
20 : 101 546 47 15 0
21 : 172 505 40 16 0
22 : 179 126 60 24 0
23 : 180 333 90 36 0
24 : 0 561 39 15 0
25 : 39 561 39 15 0
26 : 0 546 51 15 0
27 : 148 550 40 15 0
28 : 78 131 101 36 0
29 : 32 492 60 18 0
30 : 181 535 55 15 0
31 : 66 531 60 15 0
32 : 0 531 66 15 0
33 : 202 243 24 32 0
34 : 180 369 90 36 0
35 : 226 243 51 18 1
36 : 90 315 90 36 0
37 : 0 387 90 36 0
38 : 179 150 60 18 0
39 : 180 405 90 36 0
40 : 180 279 17 16 0
41 : 154 565 59 14 0
42 : 0 516 163 15 0
43 : 0 243 101 36 0
44 : 0 423 90 36 0
45 : 236 535 52 15 0
46 : 90 423 90 36 0
47 : 51 546 50 15 0
48 : 188 550 40 15 0
49 : 213 565 54 14 0
50 : 101 243 101 36 0
51 : 0 279 90 36 0
52 : 244 95 101 36 1
53 : 180 297 90 36 0
54 : 0 95 78 78 0
55 : 0 315 90 36 0
56 : 0 351 90 36 0
57 : 212 505 80 15 0
