300 627
0 : 90 321 90 36 0
1 : 181 270 79 15 0
2 : 0 285 90 36 0
3 : 0 128 244 70 0
4 : 100 520 39 15 0
5 : 140 473 55 15 0
6 : 134 488 53 14 0
7 : 0 393 90 36 0
8 : 180 441 80 32 0
9 : 264 196 101 36 1
10 : 208 503 62 31 0
11 : 0 521 40 16 0
12 : 80 535 38 15 0
13 : 240 534 24 32 0
14 : 0 0 300 95 0
15 : 0 465 80 32 0
16 : 0 537 38 15 0
17 : 40 527 40 16 0
18 : 0 95 209 33 0
19 : 244 95 101 36 1
20 : 161 503 47 15 0
21 : 270 503 40 16 1
22 : 0 497 60 24 0
23 : 0 321 90 36 0
24 : 201 534 39 15 0
25 : 139 533 39 15 0
26 : 239 488 51 15 0
27 : 60 512 40 15 0
28 : 0 249 101 36 0
29 : 270 416 60 18 1
30 : 195 473 55 15 0
31 : 285 356 60 15 1
32 : 270 297 66 15 1
33 : 38 543 24 32 1
34 : 180 333 90 36 0
35 : 110 502 51 18 0
36 : 180 297 90 36 0
37 : 0 357 90 36 0
38 : 80 465 60 18 0
39 : 90 357 90 36 0
40 : 178 533 17 16 0
41 : 285 297 59 14 1
42 : 0 198 163 15 0
43 : 0 213 101 36 0
44 : 180 369 90 36 0
45 : 187 488 52 15 0
46 : 90 393 90 36 0
47 : 60 497 50 15 0
48 : 161 518 40 15 0
49 : 80 483 54 14 0
50 : 101 234 101 36 0
51 : 180 405 90 36 0
52 : 163 198 101 36 0
53 : 0 429 90 36 0
54 : 118 549 78 78 0
55 : 90 429 90 36 0
56 : 90 285 90 36 0
57 : 101 270 80 15 0
