100 1709
0 : 0 0 38 90 1
1 : 0 38 24 82 1
2 : 0 62 18 75 1
3 : 0 80 88 98 1
4 : 0 168 27 97 1
5 : 0 195 4 99 1
6 : 0 199 14 85 1
7 : 0 213 24 85 1
8 : 0 237 28 76 1
9 : 0 265 46 35 0
10 : 76 237 20 69 0
11 : 0 306 21 79 1
12 : 0 327 41 99 1
13 : 0 368 49 88 1
14 : 0 417 39 96 1
15 : 0 456 30 82 1
16 : 0 486 15 95 1
17 : 0 501 14 95 1
18 : 0 515 19 96 1
19 : 0 534 50 93 1
20 : 98 0 1 99 0
21 : 0 584 40 75 1
22 : 0 624 11 69 1
23 : 0 635 82 66 0
24 : 0 701 49 76 1
25 : 0 750 85 47 0
26 : 0 797 64 79 1
27 : 0 861 27 69 1
28 : 85 584 8 97 0
29 : 0 888 28 94 1
30 : 0 916 30 75 1
31 : 0 946 32 69 1
32 : 0 978 29 90 1
33 : 0 1007 39 99 1
34 : 75 62 7 11 0
35 : 0 1046 100 18 0
36 : 0 1064 61 88 1
37 : 0 1125 12 76 1
38 : 0 1137 45 79 1
39 : 0 1182 28 95 1
40 : 79 797 6 67 0
41 : 0 1210 47 46 0
42 : 47 1210 45 39 0
43 : 0 1256 19 84 1
44 : 0 1275 12 85 1
45 : 0 1287 44 91 1
46 : 0 1331 56 70 1
47 : 0 1387 21 82 1
48 : 0 1408 30 77 1
49 : 96 199 2 93 0
50 : 75 916 31 14 1
51 : 0 1438 35 89 1
52 : 91 1249 9 76 0
53 : 0 1473 22 68 1
54 : 0 1495 16 79 1
55 : 89 1331 11 68 0
56 : 0 1511 50 84 1
57 : 90 916 3 87 0
58 : 0 1561 62 86 1
59 : 0 1623 98 86 0
