40400 48463
0 : 27376 21224 4629 1596 0
1 : 36363 26316 2919 783 0
2 : 37633 0 8067 1832 1
3 : 30425 14921 7180 2974 0
4 : 37893 34799 1685 1708 1
5 : 26646 26226 2029 601 1
6 : 15046 5222 15046 7040 0
7 : 7910 41737 6726 7039 1
8 : 0 24581 7958 5170 0
9 : 21859 36937 3621 4223 1
10 : 27376 22820 4358 6846 0
11 : 19266 12262 6272 1268 0
12 : 31709 13448 6171 1473 0
13 : 22804 26226 3448 1249 0
14 : 0 18192 6389 10170 1
15 : 32005 21224 7910 5092 0
16 : 33004 0 4629 11306 0
17 : 37893 30001 1279 1621 1
18 : 10170 19143 3529 6846 1
19 : 22472 33820 3770 3117 0
20 : 22472 30643 3924 3177 0
21 : 7958 24581 2672 556 1
22 : 15046 0 15046 5222 0
23 : 37893 31280 2050 2287 1
24 : 10170 22672 7958 5152 0
25 : 22472 29579 1063 2033 1
26 : 0 15015 1823 5782 1
27 : 27247 29666 4047 5429 1
28 : 38050 8067 6416 1491 1
29 : 32676 28669 859 2104 1
30 : 0 8637 6378 12850 1
31 : 30092 0 10744 2912 1
32 : 31734 26316 4629 2353 0
33 : 8514 24581 2919 838 1
34 : 19309 21212 8067 5014 0
35 : 21859 40558 3139 2974 0
36 : 37893 33330 1685 1469 0
37 : 32676 29528 2029 824 0
38 : 0 3231 15046 5406 0
39 : 30425 17895 6726 3329 0
40 : 0 29751 7958 9256 0
41 : 37880 14483 1080 4223 0
42 : 12850 13619 2407 6846 1
43 : 7958 32453 6272 5296 0
44 : 25538 13448 6171 1375 0
45 : 37893 36484 1253 1249 0
46 : 19696 14823 6389 10729 1
47 : 0 39007 7910 7563 0
48 : 7958 27824 4629 6465 1
49 : 26646 28255 503 1621 0
50 : 14230 34891 7629 6846 0
51 : 12760 16026 6549 3117 0
52 : 5782 15015 6978 3177 0
53 : 36363 27099 2672 869 0
54 : 0 0 15046 3231 0
55 : 18128 26226 4676 2287 0
56 : 30092 11306 7958 2142 0
57 : 36363 27968 3638 2033 0
58 : 24505 29579 1823 1064 0
59 : 38960 14483 4047 1135 1
60 : 12850 12262 6416 1357 0
61 : 22804 27475 3842 2104 0
62 : 14423 28513 6378 8049 1
63 : 27149 33713 10744 9743 0
