1000 8938
0 : 0 5407 340 857 1
1 : 415 8792 104 178 1
2 : 0 5018 943 389 0
3 : 0 8256 189 491 1
4 : 0 8723 146 162 1
5 : 931 1913 33 963 0
6 : 491 8394 497 135 0
7 : 0 3605 652 992 1
8 : 0 8135 121 598 1
9 : 882 2826 42 727 0
10 : 598 7889 142 505 0
11 : 359 8614 24 83 1
12 : 0 7635 150 776 1
13 : 947 6372 49 921 0
14 : 0 5747 493 677 1
15 : 0 7550 85 886 1
16 : 536 6697 421 99 1
17 : 0 980 970 933 0
18 : 0 7298 252 738 1
19 : 0 7889 561 246 0
20 : 0 2826 882 779 0
21 : 819 6653 298 2 1
22 : 0 8445 452 169 0
23 : 162 8792 253 49 0
24 : 359 8705 338 87 0
25 : 696 8837 81 148 1
26 : 359 8646 59 375 1
27 : 0 6240 457 647 1
28 : 943 5128 12 189 0
29 : 635 6886 8 169 0
30 : 734 8646 191 233 1
31 : 0 7213 85 947 1
32 : 776 7635 629 135 1
33 : 857 5407 965 107 1
34 : 0 8614 359 109 0
35 : 857 6372 840 67 1
36 : 677 6653 538 142 1
37 : 0 7785 104 726 1
38 : 943 4257 15 871 0
39 : 738 7298 144 230 0
40 : 677 7191 10 114 1
41 : 0 4257 761 761 0
42 : 0 0 984 980 0
43 : 452 8529 408 117 0
44 : 635 6697 9 189 0
45 : 0 1913 931 913 0
46 : 0 6697 516 536 1
47 : 677 5747 150 906 0
48 : 761 4257 689 148 1
49 : 593 8792 103 146 0
