300 639
0 : 0 393 90 36 0
1 : 280 175 79 15 1
2 : 0 321 90 36 0
3 : 0 95 244 70 0
4 : 244 567 39 15 0
5 : 280 314 55 15 1
6 : 137 392 53 14 1
7 : 101 404 90 36 1
8 : 209 245 80 32 1
9 : 101 213 101 36 1
10 : 209 325 62 31 1
11 : 209 507 40 16 1
12 : 244 582 38 15 0
13 : 244 597 24 32 1
14 : 0 0 300 95 0
15 : 209 165 80 32 1
16 : 181 570 38 15 1
17 : 181 530 40 16 1
18 : 0 165 209 33 0
19 : 0 213 101 36 0
20 : 116 494 47 15 1
21 : 163 539 40 16 1
22 : 209 387 60 24 1
23 : 0 357 90 36 0
24 : 101 544 39 15 1
25 : 209 547 39 15 1
26 : 280 476 51 15 1
27 : 280 527 40 15 1
28 : 0 249 101 36 0
29 : 209 447 60 18 1
30 : 280 369 55 15 1
31 : 280 254 60 15 1
32 : 137 213 66 15 1
33 : 0 615 24 32 1
34 : 0 429 90 36 0
35 : 181 479 51 18 1
36 : 163 299 90 36 1
37 : 244 387 90 36 1
38 : 163 479 60 18 1
39 : 163 389 90 36 1
40 : 163 579 17 16 1
41 : 137 279 59 14 1
42 : 0 198 163 15 0
43 : 244 95 101 36 1
44 : 0 465 90 36 0
45 : 280 424 52 15 1
46 : 0 501 90 36 0
47 : 101 494 50 15 1
48 : 116 541 40 15 1
49 : 137 338 54 14 1
50 : 244 196 101 36 1
51 : 244 477 90 36 1
52 : 163 198 101 36 1
53 : 0 285 90 36 0
54 : 0 537 78 78 0
55 : 244 297 90 36 1
56 : 101 314 90 36 1
57 : 280 95 80 15 1
