300 572
0 : 180 351 90 36 0
1 : 285 351 79 15 1
2 : 202 279 90 36 0
3 : 0 95 244 70 0
4 : 40 548 39 15 0
5 : 199 509 55 15 0
6 : 160 524 53 14 0
7 : 90 393 90 36 0
8 : 0 465 80 32 0
9 : 101 285 101 36 0
10 : 80 465 62 31 0
11 : 47 532 40 16 0
12 : 0 557 38 15 0
13 : 87 534 24 32 1
14 : 0 0 300 95 0
15 : 180 459 80 32 0
16 : 231 557 38 15 0
17 : 119 534 40 16 0
18 : 0 165 209 33 0
19 : 0 213 101 36 0
20 : 0 527 47 15 0
21 : 159 538 40 16 0
22 : 270 431 60 24 1
23 : 90 321 90 36 0
24 : 158 554 39 15 0
25 : 119 550 39 15 0
26 : 268 491 51 15 1
27 : 231 542 40 15 0
28 : 0 285 101 36 0
29 : 208 491 60 18 0
30 : 0 512 55 15 0
31 : 0 497 60 15 0
32 : 142 491 66 15 0
33 : 199 539 24 32 1
34 : 0 357 90 36 0
35 : 55 514 51 18 0
36 : 0 321 90 36 0
37 : 90 357 90 36 0
38 : 80 496 60 18 0
39 : 180 387 90 36 0
40 : 283 541 17 16 0
41 : 140 506 59 14 0
42 : 0 198 163 15 0
43 : 0 249 101 36 0
44 : 0 393 90 36 0
45 : 213 524 52 15 0
46 : 180 423 90 36 0
47 : 283 491 50 15 1
48 : 0 542 40 15 0
49 : 106 520 54 14 0
50 : 101 249 101 36 0
51 : 0 429 90 36 0
52 : 101 213 101 36 0
53 : 90 429 90 36 0
54 : 209 165 78 78 0
55 : 202 243 90 36 0
56 : 202 315 90 36 0
57 : 270 351 80 15 1
