1000 30103
0 : 0 11502 602 738 1
1 : 0 6312 897 620 0
2 : 0 8723 743 708 0
3 : 371 28076 308 409 0
4 : 0 25907 447 477 1
5 : 923 29329 421 71 1
6 : 707 29585 167 331 0
7 : 0 27689 667 149 0
8 : 0 15342 792 493 0
9 : 681 27689 190 567 0
10 : 0 23714 320 711 1
11 : 0 9431 891 518 0
12 : 0 13733 750 559 0
13 : 360 28810 220 428 1
14 : 925 29750 10 55 1
15 : 0 16463 990 287 0
16 : 0 0 986 840 0
17 : 477 25907 482 431 0
18 : 531 26507 393 471 0
19 : 0 28626 524 139 0
20 : 0 22319 963 110 0
21 : 0 5758 554 971 1
22 : 0 27838 143 657 1
23 : 0 16750 621 642 1
24 : 0 15835 628 649 1
25 : 0 9949 633 770 1
26 : 524 28626 473 184 0
27 : 0 27129 729 109 0
28 : 587 24432 601 395 1
29 : 0 26978 151 693 1
30 : 360 29043 342 281 0
31 : 574 29916 82 351 1
32 : 0 26507 531 361 0
33 : 871 27689 82 636 0
34 : 0 840 926 836 0
35 : 0 2368 844 735 0
36 : 0 19342 246 940 1
37 : 0 23539 867 175 0
38 : 0 17959 560 664 1
39 : 0 12104 896 438 0
40 : 0 12542 711 613 0
41 : 0 14292 860 446 0
42 : 786 19588 182 927 0
43 : 0 27238 579 258 0
44 : 0 20904 753 372 0
45 : 0 26354 153 759 1
46 : 0 28076 361 371 1
47 : 976 28810 519 5 1
48 : 0 25033 866 129 0
49 : 726 21276 826 260 1
50 : 483 29383 361 202 0
51 : 0 19968 475 664 1
52 : 0 29383 125 483 1
53 : 0 6932 541 953 1
54 : 371 28485 573 141 0
55 : 0 28765 294 360 1
56 : 0 27981 95 681 1
57 : 790 25162 733 204 1
58 : 664 17660 907 307 1
59 : 0 7473 677 787 1
60 : 0 23194 345 708 1
61 : 0 24034 398 612 1
62 : 0 22429 572 490 0
63 : 0 24432 587 412 0
64 : 0 22919 275 786 1
65 : 0 22105 861 214 0
66 : 0 3103 997 576 0
67 : 0 29670 300 211 0
68 : 0 25162 790 189 0
69 : 300 29849 274 183 0
70 : 0 1676 893 692 0
71 : 0 10582 470 908 1
72 : 0 21276 456 667 1
73 : 0 13155 578 743 1
74 : 380 29585 196 327 1
75 : 300 29781 68 404 1
76 : 0 29508 162 380 1
77 : 360 29324 563 59 0
78 : 0 8150 881 573 0
79 : 664 16750 910 310 1
80 : 579 27238 367 451 0
81 : 0 4429 898 640 0
82 : 946 26338 697 52 1
83 : 0 17371 588 646 1
84 : 0 14738 604 688 1
85 : 998 0 469 1 1
86 : 0 20443 673 461 0
87 : 574 29998 105 307 1
88 : 0 18567 842 370 0
89 : 0 18937 405 788 1
90 : 0 11052 450 912 1
91 : 0 3679 816 750 0
92 : 786 22429 881 179 1
93 : 874 29383 16 427 0
94 : 0 25351 547 413 0
95 : 0 5069 689 837 1
96 : 0 19588 380 786 1
97 : 360 29030 13 616 1
98 : 0 25764 783 143 0
99 : 0 21732 373 726 1
