200 214
0 : 110 0 15 72 1
1 : 48 133 15 47 1
2 : 109 27 67 11 0
3 : 0 86 56 39 0
4 : 133 159 6 35 1
5 : 0 196 11 17 1
6 : 191 179 8 20 0
7 : 163 112 22 8 1
8 : 29 199 8 12 1
9 : 175 130 3 16 1
10 : 41 205 11 9 0
11 : 102 61 9 61 1
12 : 105 134 47 7 0
13 : 176 200 11 11 0
14 : 133 141 5 18 1
15 : 73 148 6 22 1
16 : 119 188 5 7 0
17 : 45 189 6 14 1
18 : 166 179 25 21 0
19 : 107 160 22 4 0
20 : 88 198 16 11 0
21 : 0 162 33 17 0
22 : 48 125 8 7 0
23 : 178 26 4 8 0
24 : 0 0 26 110 1
25 : 88 193 11 4 0
26 : 99 84 58 12 0
27 : 56 96 56 21 0
28 : 0 44 21 102 1
29 : 157 70 6 25 0
30 : 163 61 9 51 0
31 : 153 193 16 11 1
32 : 192 0 30 5 1
33 : 17 199 12 9 0
34 : 91 154 4 6 0
35 : 99 172 26 16 0
36 : 110 15 68 12 0
37 : 25 189 20 10 0
38 : 73 172 21 26 1
39 : 175 118 20 12 0
40 : 56 117 49 16 0
41 : 139 165 6 28 1
42 : 178 15 11 3 1
43 : 133 147 37 12 0
44 : 45 196 9 18 1
45 : 33 162 2 9 0
46 : 105 117 5 14 0
47 : 135 172 15 4 1
48 : 0 138 39 9 0
49 : 182 0 64 10 1
50 : 107 165 32 7 0
51 : 33 173 16 26 1
52 : 0 65 99 21 0
53 : 95 141 38 19 0
54 : 170 147 23 32 0
55 : 0 147 6 37 1
56 : 175 64 22 54 0
57 : 37 148 25 36 1
58 : 112 107 50 27 0
59 : 139 171 27 22 0
60 : 56 86 8 41 1
61 : 109 38 66 23 0
62 : 95 133 8 5 0
63 : 102 44 15 3 1
64 : 135 193 18 12 0
65 : 192 55 9 4 1
66 : 164 193 6 2 1
67 : 193 170 9 6 1
68 : 25 184 5 8 1
69 : 69 173 4 18 0
70 : 69 193 15 19 1
71 : 25 179 8 5 0
72 : 105 44 14 4 1
73 : 0 125 48 13 0
74 : 104 198 14 14 0
75 : 59 173 23 10 1
76 : 73 154 5 18 1
77 : 125 172 10 23 0
78 : 112 96 51 11 0
79 : 99 70 58 14 0
80 : 164 200 7 12 1
81 : 39 138 10 9 1
82 : 119 195 16 12 0
83 : 192 30 13 3 1
84 : 0 153 35 9 0
85 : 73 160 34 12 0
86 : 0 179 17 25 1
87 : 105 58 3 3 0
88 : 193 147 7 23 0
89 : 99 188 10 20 1
90 : 0 26 109 18 0
91 : 52 205 7 7 0
92 : 63 196 6 6 0
93 : 152 134 44 13 0
94 : 108 58 3 1 1
95 : 192 43 3 12 0
96 : 187 200 10 11 1
