411 535
0 : 0 0 200 200 0
1 : 300 345 26 14 1
2 : 238 477 30 30 0
3 : 329 369 64 63 0
4 : 295 477 22 22 0
5 : 165 400 24 18 0
6 : 200 321 100 100 0
7 : 200 0 200 200 0
8 : 64 456 58 58 0
9 : 165 421 164 56 0
10 : 329 432 64 63 0
11 : 122 456 24 18 0
12 : 400 0 411 6 1
13 : 300 321 24 18 1
14 : 122 477 58 58 0
15 : 268 477 27 23 0
16 : 200 200 121 121 0
17 : 0 400 165 56 0
18 : 0 200 200 200 0
19 : 0 456 64 63 0
20 : 300 371 26 14 1
21 : 379 200 26 14 1
22 : 180 477 58 58 0
23 : 321 200 169 58 1
