35 497
0 : 0 0 12 10 0
1 : 0 10 2 31 1
2 : 12 0 10 13 1
3 : 0 12 16 16 0
4 : 16 12 16 16 0
5 : 0 28 16 16 0
6 : 16 28 16 16 0
7 : 32 0 2 15 0
8 : 0 44 8 7 0
9 : 8 44 13 13 0
10 : 0 57 16 16 0
11 : 21 44 8 7 0
12 : 16 57 16 16 0
13 : 0 73 16 7 0
14 : 16 73 16 16 0
15 : 0 80 16 15 0
16 : 16 89 15 15 0
17 : 0 104 24 21 0
18 : 34 0 1 26 0
19 : 0 125 16 16 0
20 : 24 104 11 14 0
21 : 0 141 24 21 0
22 : 0 162 16 15 0
23 : 16 162 16 16 0
24 : 0 177 16 16 0
25 : 16 125 7 7 0
26 : 16 178 16 16 0
27 : 0 193 13 14 1
28 : 14 194 16 15 0
29 : 29 44 2 7 0
30 : 0 95 8 10 1
31 : 0 206 13 11 0
32 : 13 209 16 15 0
33 : 0 217 13 12 0
34 : 13 224 16 16 0
35 : 0 240 16 16 0
36 : 14 193 1 1 0
37 : 32 15 2 16 0
38 : 0 229 12 10 0
39 : 24 118 8 10 0
40 : 16 240 12 10 0
41 : 0 256 24 24 0
42 : 0 280 16 15 0
43 : 16 280 16 15 0
44 : 0 295 32 32 0
45 : 16 132 7 7 0
46 : 24 250 3 22 0
47 : 0 327 16 16 0
48 : 16 327 16 16 0
49 : 0 343 35 7 0
50 : 0 350 16 16 0
51 : 24 128 3 19 0
52 : 24 147 3 15 0
53 : 0 366 24 21 0
54 : 0 387 16 16 0
55 : 16 387 16 15 0
56 : 16 402 16 16 0
57 : 0 403 16 16 0
58 : 16 418 11 11 0
59 : 0 419 16 15 0
60 : 16 429 11 11 0
61 : 0 440 24 21 0
62 : 0 461 24 21 0
63 : 0 482 16 15 0
64 : 21 51 3 11 1
