1000 1305
0 : 0 0 66 61 0
1 : 66 0 62 48 0
2 : 128 0 62 46 0
3 : 190 0 61 43 0
4 : 473 0 39 62 1
5 : 720 0 38 61 1
6 : 473 236 30 71 1
7 : 829 0 56 37 0
8 : 535 0 52 39 0
9 : 473 39 36 55 1
10 : 904 108 74 27 1
11 : 251 0 42 47 1
12 : 611 109 61 32 0
13 : 720 109 58 32 0
14 : 528 39 51 36 0
15 : 298 0 46 40 0
16 : 43 61 79 23 1
17 : 781 0 48 38 0
18 : 977 0 79 23 1
19 : 611 216 30 60 0
20 : 333 1003 22 81 0
21 : 579 39 36 49 1
22 : 510 649 25 71 0
23 : 648 141 73 24 1
24 : 829 173 57 31 0
25 : 437 649 72 25 1
26 : 190 43 50 35 0
27 : 473 174 56 31 0
28 : 796 38 33 54 0
29 : 587 0 39 46 1
30 : 405 385 28 63 0
31 : 977 79 77 23 1
32 : 388 0 43 40 0
33 : 298 40 36 48 1
34 : 333 174 56 31 0
35 : 880 74 51 34 0
36 : 405 109 54 32 1
37 : 344 0 44 40 0
38 : 885 0 37 47 1
39 : 829 74 51 34 0
40 : 628 39 48 36 0
41 : 333 76 53 33 0
42 : 633 0 39 45 1
43 : 473 75 34 50 1
44 : 405 1003 22 78 0
45 : 386 76 51 33 0
46 : 437 76 29 58 0
47 : 43 213 73 23 1
48 : 977 156 23 73 0
49 : 932 0 37 45 1
50 : 43 140 73 23 1
51 : 431 0 42 40 0
52 : 951 37 26 64 0
53 : 529 174 31 54 1
54 : 977 229 23 72 0
55 : 698 75 79 21 1
56 : 251 42 35 47 1
57 : 251 77 33 50 0
58 : 678 0 39 42 1
59 : 190 78 33 50 1
60 : 829 235 54 30 1
61 : 904 182 60 27 1
62 : 523 75 47 34 0
63 : 510 1003 22 73 0
64 : 128 81 49 33 1
65 : 829 37 37 43 1
66 : 333 236 30 52 0
67 : 977 301 67 23 1
68 : 66 48 35 45 1
69 : 796 649 62 25 1
70 : 648 214 24 64 0
71 : 128 46 35 45 1
72 : 346 40 36 43 1
73 : 951 101 26 59 0
74 : 676 39 43 36 0
75 : 43 286 67 23 1
76 : 570 75 34 45 1
77 : 648 278 64 24 1
78 : 190 111 32 48 1
79 : 544 236 30 51 0
80 : 298 110 32 48 0
81 : 829 649 25 61 0
82 : 904 242 55 27 1
83 : 251 386 54 28 1
84 : 66 83 33 46 0
85 : 298 158 31 48 0
86 : 796 92 45 33 1
87 : 437 134 51 29 1
88 : 0 61 43 35 0
89 : 931 74 74 20 1
90 : 437 185 50 29 1
91 : 872 37 40 37 0
92 : 0 650 25 59 0
93 : 0 161 31 47 0
94 : 298 242 30 48 0
95 : 405 163 46 31 1
96 : 912 37 37 39 1
97 : 720 38 37 39 1
98 : 544 1003 63 22 1
99 : 615 75 34 42 1
100 : 672 109 26 55 0
101 : 251 165 31 45 0
102 : 757 141 67 21 1
103 : 43 353 23 61 0
104 : 43 414 23 59 0
105 : 66 243 46 30 1
106 : 611 1003 62 22 1
107 : 951 160 26 54 0
108 : 389 40 36 39 1
109 : 977 368 59 23 1
110 : 931 148 69 20 1
111 : 904 297 51 27 1
112 : 66 166 31 44 0
113 : 190 387 28 49 0
114 : 759 38 37 37 0
115 : 657 75 34 41 1
116 : 128 167 31 44 0
117 : 128 387 49 28 1
118 : 698 154 65 21 1
119 : 583 174 20 68 0
120 : 428 40 36 38 1
121 : 66 650 55 25 1
122 : 648 342 24 55 0
123 : 0 96 33 40 1
124 : 867 204 70 19 1
125 : 437 235 29 45 0
126 : 611 173 31 43 0
127 : 977 427 57 23 1
128 : 672 164 52 26 1
129 : 544 321 45 29 1
130 : 931 217 20 66 0
131 : 43 473 23 57 0
132 : 437 280 45 29 1
133 : 190 650 51 25 1
134 : 128 650 25 52 0
135 : 931 283 20 63 0
136 : 370 205 69 19 1
137 : 66 322 44 29 1
138 : 0 388 28 46 0
139 : 43 530 23 56 0
140 : 333 395 28 45 0
141 : 951 214 26 50 0
142 : 720 75 37 34 0
143 : 583 242 65 20 1
144 : 796 387 28 46 0
145 : 370 274 65 19 1
146 : 977 484 56 23 1
147 : 904 441 46 27 1
148 : 829 394 28 45 0
149 : 904 348 47 27 1
150 : 829 108 38 33 0
151 : 298 394 45 28 1
152 : 867 274 64 19 1
153 : 648 397 24 52 0
154 : 128 1193 18 68 0
155 : 796 173 40 31 1
156 : 904 395 46 27 1
157 : 931 346 20 61 0
158 : 0 129 32 38 1
159 : 648 449 52 24 1
160 : 251 127 38 32 1
161 : 757 75 34 36 1
162 : 251 243 30 41 0
163 : 405 483 44 27 1
164 : 190 175 31 39 0
165 : 583 307 20 61 0
166 : 333 109 33 36 1
167 : 672 263 26 47 0
168 : 473 650 48 25 1
169 : 720 141 32 37 1
170 : 370 339 62 19 1
171 : 720 173 31 40 0
172 : 437 395 28 44 0
173 : 720 660 48 25 1
174 : 867 338 19 63 0
175 : 672 216 47 26 1
176 : 0 244 40 30 1
177 : 951 264 46 26 1
178 : 473 109 36 33 0
179 : 405 243 40 30 1
180 : 931 407 20 59 0
181 : 298 76 34 35 1
182 : 128 130 37 32 1
183 : 473 395 28 43 0
184 : 369 109 33 36 1
185 : 672 310 26 46 0
186 : 757 208 21 58 0
187 : 333 322 29 41 0
188 : 648 551 24 49 0
189 : 867 108 33 37 1
190 : 611 141 32 37 1
191 : 829 141 37 32 0
192 : 698 219 56 21 1
193 : 510 1193 65 18 1
194 : 977 592 23 51 0
195 : 43 637 23 51 0
196 : 190 245 30 39 0
197 : 648 501 50 24 1
198 : 977 540 52 23 1
199 : 66 129 37 32 1
200 : 43 586 51 23 1
201 : 437 505 27 43 0
202 : 796 244 30 39 0
203 : 648 697 48 24 1
204 : 757 266 56 21 1
205 : 611 671 25 47 0
206 : 648 600 24 49 0
207 : 829 204 38 31 0
208 : 370 401 19 61 0
209 : 509 109 33 35 1
210 : 583 368 59 20 1
211 : 904 670 25 47 0
212 : 333 205 31 37 1
213 : 0 505 27 43 0
214 : 405 672 25 45 0
215 : 867 1200 18 64 0
216 : 720 485 27 43 0
217 : 611 486 27 43 0
218 : 796 137 36 32 1
219 : 720 246 30 39 0
220 : 370 462 60 19 1
221 : 648 649 24 48 0
222 : 904 487 27 43 0
223 : 867 401 61 19 1
224 : 370 522 60 19 1
225 : 298 323 29 39 0
226 : 128 244 30 39 0
227 : 0 786 24 47 0
228 : 951 354 26 44 0
229 : 951 310 26 44 0
230 : 867 462 60 19 1
231 : 977 643 50 23 1
232 : 931 466 56 20 1
233 : 796 504 43 27 1
234 : 829 322 29 39 0
235 : 583 427 57 20 1
236 : 173 46 65 17 1
237 : 757 322 21 53 0
238 : 672 1004 51 22 1
239 : 370 1200 18 64 0
240 : 648 745 47 24 1
241 : 251 1005 51 22 1
242 : 720 1206 63 18 1
243 : 128 283 30 37 0
244 : 951 786 24 46 0
245 : 951 441 26 43 0
246 : 298 206 31 36 0
247 : 977 693 48 23 1
248 : 510 786 46 24 1
249 : 867 522 19 60 0
250 : 473 205 31 36 1
251 : 545 205 31 36 1
252 : 544 397 28 40 0
253 : 904 786 46 24 1
254 : 867 582 58 19 1
255 : 951 398 26 43 0
256 : 829 505 27 42 0
257 : 796 1208 18 61 0
258 : 510 404 40 28 1
259 : 473 266 30 37 1
260 : 66 398 28 40 0
261 : 298 786 46 24 1
262 : 698 275 54 21 1
263 : 672 399 26 43 0
264 : 544 109 33 34 1
265 : 866 141 35 32 0
266 : 509 205 36 31 0
267 : 333 675 25 44 0
268 : 611 276 30 37 0
269 : 251 506 27 41 0
270 : 43 783 23 47 0
271 : 111 48 64 17 1
272 : 672 356 26 43 0
273 : 111 112 17 63 0
274 : 128 507 27 41 0
275 : 672 675 44 25 1
276 : 370 582 58 19 1
277 : 578 109 33 33 0
278 : 951 674 44 25 1
279 : 66 1024 49 22 1
280 : 437 325 29 38 0
281 : 473 1023 50 22 1
282 : 698 329 51 21 1
283 : 510 266 30 37 0
284 : 0 208 31 36 0
285 : 405 283 30 37 0
286 : 0 1207 18 61 0
287 : 611 787 24 45 0
288 : 251 676 25 43 0
289 : 333 507 40 27 1
290 : 672 442 26 42 0
291 : 583 484 20 55 0
292 : 473 507 40 27 1
293 : 796 283 30 36 0
294 : 333 142 34 32 0
295 : 473 326 29 37 0
296 : 611 413 39 28 1
297 : 43 688 48 23 1
298 : 506 142 32 33 1
299 : 190 507 40 27 1
300 : 544 787 24 45 0
301 : 672 787 24 44 0
302 : 977 741 23 47 0
303 : 0 351 29 37 0
304 : 583 539 20 53 0
305 : 66 508 27 39 0
306 : 370 640 19 56 0
307 : 251 787 45 24 1
308 : 796 350 37 29 1
309 : 829 1208 18 60 0
310 : 0 284 30 36 0
311 : 510 336 37 29 1
312 : 405 789 24 44 0
313 : 544 507 27 39 0
314 : 672 484 26 41 0
315 : 977 834 23 46 0
316 : 43 830 46 23 1
317 : 128 1024 48 22 1
318 : 173 174 61 17 1
319 : 173 235 61 17 1
320 : 473 912 23 45 0
321 : 672 525 26 41 0
322 : 43 736 23 47 0
323 : 757 375 50 21 1
324 : 510 508 39 27 1
325 : 698 380 50 21 1
326 : 583 644 52 20 1
327 : 931 627 52 20 1
328 : 173 111 17 63 0
329 : 611 346 37 29 1
330 : 173 296 17 60 0
331 : 111 296 17 60 0
332 : 405 527 27 39 0
333 : 298 1209 18 59 0
334 : 977 788 23 46 0
335 : 367 142 32 33 1
336 : 648 792 24 44 0
337 : 977 880 23 45 0
338 : 951 484 26 41 0
339 : 251 284 30 35 0
340 : 757 425 50 21 1
341 : 405 209 34 31 1
342 : 931 575 52 20 1
343 : 190 351 36 29 1
344 : 298 677 41 25 1
345 : 298 508 27 39 0
346 : 43 876 23 45 0
347 : 951 605 26 39 0
348 : 190 284 30 35 0
349 : 720 285 35 30 1
350 : 190 806 24 43 0
351 : 190 436 37 28 1
352 : 437 1209 18 58 0
353 : 951 565 26 40 0
354 : 720 528 27 38 0
355 : 66 809 24 43 0
356 : 473 142 32 33 1
357 : 333 789 24 44 0
358 : 867 640 19 55 0
359 : 720 413 37 28 1
360 : 190 1209 18 59 0
361 : 931 522 53 20 1
362 : 66 438 28 37 0
363 : 544 437 28 37 0
364 : 190 1024 22 47 0
365 : 904 530 27 38 0
366 : 951 525 40 26 1
367 : 370 696 19 54 0
368 : 111 356 60 17 1
369 : 672 605 26 39 0
370 : 437 439 28 36 0
371 : 544 676 42 25 1
372 : 757 475 21 48 0
373 : 128 436 28 37 0
374 : 128 351 29 36 0
375 : 473 803 43 24 1
376 : 0 434 37 28 1
377 : 867 695 55 19 1
378 : 796 1024 22 46 0
379 : 473 438 28 36 0
380 : 370 803 52 19 1
381 : 672 566 26 39 0
382 : 720 213 31 33 0
383 : 611 600 26 39 0
384 : 796 433 37 28 1
385 : 222 269 63 16 1
386 : 720 1024 47 22 1
387 : 583 592 52 20 1
388 : 111 175 17 61 0
389 : 437 811 24 42 0
390 : 128 702 25 41 0
391 : 128 211 33 31 1
392 : 539 142 32 32 0
393 : 648 1209 18 55 0
394 : 251 351 35 29 1
395 : 867 750 53 19 1
396 : 473 698 25 41 0
397 : 222 206 63 16 1
398 : 571 142 32 32 0
399 : 111 236 17 60 0
400 : 544 546 37 27 1
401 : 66 547 27 37 0
402 : 298 290 30 33 0
403 : 128 806 43 24 1
404 : 544 287 34 30 1
405 : 190 701 25 41 0
406 : 931 679 52 20 1
407 : 251 210 33 31 1
408 : 611 313 33 30 1
409 : 583 696 50 20 1
410 : 720 708 25 40 0
411 : 66 210 33 31 1
412 : 611 529 38 27 1
413 : 931 731 20 50 0
414 : 43 1025 45 22 1
415 : 190 143 32 32 0
416 : 405 600 26 39 0
417 : 796 810 42 24 1
418 : 222 143 63 16 1
419 : 698 430 48 21 1
420 : 222 458 16 61 0
421 : 333 611 38 26 1
422 : 66 705 25 41 0
423 : 251 440 28 36 0
424 : 904 600 26 39 0
425 : 370 750 19 53 0
426 : 222 395 63 16 1
427 : 128 915 23 44 0
428 : 698 478 21 47 0
429 : 251 547 37 27 1
430 : 190 547 37 27 1
431 : 405 351 29 34 0
432 : 829 439 28 36 0
433 : 0 709 25 40 0
434 : 333 288 30 34 0
435 : 298 439 36 28 1
436 : 66 917 23 43 0
437 : 510 547 36 27 1
438 : 757 570 21 47 0
439 : 829 810 24 42 0
440 : 222 519 16 61 0
441 : 829 710 25 39 0
442 : 222 580 61 16 1
443 : 190 612 38 26 1
444 : 190 915 23 44 0
445 : 510 303 30 33 0
446 : 222 332 63 16 1
447 : 222 762 60 16 1
448 : 473 296 30 33 1
449 : 757 617 46 21 1
450 : 698 525 21 47 0
451 : 829 1024 22 45 0
452 : 333 547 27 37 0
453 : 829 917 23 42 0
454 : 43 1210 18 54 0
455 : 583 746 49 20 1
456 : 931 781 20 48 0
457 : 698 572 21 47 0
458 : 405 448 28 35 0
459 : 298 832 24 41 0
460 : 720 811 41 24 1
461 : 437 917 43 23 1
462 : 757 523 21 47 0
463 : 298 547 27 37 0
464 : 867 855 19 51 0
465 : 867 803 19 52 0
466 : 544 832 24 40 0
467 : 333 440 28 35 0
468 : 251 319 32 30 1
469 : 829 289 30 33 0
470 : 720 917 23 42 0
471 : 370 906 19 51 0
472 : 672 831 41 24 1
473 : 473 547 27 36 0
474 : 510 444 28 35 0
475 : 796 711 25 39 0
476 : 251 832 41 24 1
477 : 904 717 25 39 0
478 : 173 470 56 17 1
479 : 796 917 23 42 0
480 : 111 473 17 55 0
481 : 66 289 30 33 0
482 : 173 526 17 55 0
483 : 222 822 16 59 0
484 : 298 928 23 42 0
485 : 66 1210 54 18 1
486 : 66 612 26 38 0
487 : 370 855 51 19 1
488 : 977 1028 44 22 1
489 : 222 641 61 16 1
490 : 437 1025 44 22 1
491 : 128 473 28 34 0
492 : 977 925 23 42 0
493 : 405 717 25 39 0
494 : 251 612 37 26 1
495 : 796 213 31 31 0
496 : 222 702 16 60 0
497 : 951 930 23 41 0
498 : 583 795 48 20 1
499 : 720 450 28 35 0
500 : 190 319 30 32 0
501 : 510 832 40 24 1
502 : 405 1211 52 18 1
503 : 173 413 57 17 1
504 : 298 718 25 39 0
505 : 43 921 23 42 0
506 : 698 619 21 45 0
507 : 867 1055 49 19 1
508 : 796 319 31 30 1
509 : 951 1028 22 44 0
510 : 672 928 23 41 0
511 : 611 718 38 25 1
512 : 251 719 25 38 0
513 : 173 356 57 17 1
514 : 544 612 26 36 0
515 : 473 474 28 33 0
516 : 648 929 23 41 0
517 : 867 906 50 19 1
518 : 0 548 27 35 0
519 : 796 547 27 35 0
520 : 951 832 24 39 0
521 : 611 452 28 34 0
522 : 111 416 17 57 0
523 : 931 923 20 47 0
524 : 298 612 26 36 0
525 : 672 719 37 25 1
526 : 904 1028 22 44 0
527 : 544 929 41 23 1
528 : 405 833 39 24 1
529 : 173 581 17 55 0
530 : 544 718 25 38 0
531 : 867 956 50 19 1
532 : 611 1211 18 51 0
533 : 720 351 29 33 0
534 : 720 320 31 30 1
535 : 829 361 29 33 0
536 : 190 214 31 31 0
537 : 370 957 50 19 1
538 : 370 1056 49 19 1
539 : 66 366 32 29 1
540 : 904 832 24 39 0
541 : 0 1029 22 43 0
542 : 757 663 45 21 1
543 : 190 473 34 28 1
544 : 583 890 47 20 1
545 : 611 1065 22 42 0
546 : 251 1056 22 42 0
547 : 951 718 25 38 0
548 : 111 528 17 55 0
549 : 931 970 20 46 0
550 : 611 832 39 24 1
551 : 672 1055 22 42 0
552 : 583 984 20 46 0
553 : 977 1210 52 18 1
554 : 128 320 30 31 0
555 : 128 548 34 27 1
556 : 0 471 34 28 1
557 : 333 719 37 25 1
558 : 796 470 28 34 0
559 : 867 1152 48 19 1
560 : 251 929 23 41 0
561 : 333 363 29 32 0
562 : 720 748 37 25 1
563 : 583 937 47 20 1
564 : 698 708 21 44 0
565 : 222 881 57 16 1
566 : 66 475 28 33 0
567 : 648 836 39 24 1
568 : 904 931 40 23 1
569 : 544 474 28 33 0
570 : 437 363 29 32 0
571 : 931 829 47 20 1
572 : 473 739 25 37 0
573 : 829 547 35 27 1
574 : 510 931 23 40 0
575 : 333 833 24 39 0
576 : 778 169 15 60 0
577 : 510 613 26 36 0
578 : 829 614 26 35 0
579 : 437 548 27 34 0
580 : 0 615 26 35 0
581 : 904 1210 52 18 1
582 : 778 109 60 15 1
583 : 720 852 38 24 1
584 : 128 849 38 24 1
585 : 190 849 38 24 1
586 : 473 363 29 32 0
587 : 583 1030 45 20 1
588 : 931 1211 18 51 0
589 : 298 1029 22 43 0
590 : 886 173 60 15 1
591 : 370 1007 49 19 1
592 : 951 1212 18 50 0
593 : 405 320 31 30 1
594 : 0 749 25 37 0
595 : 66 852 38 24 1
596 : 648 1029 43 22 1
597 : 405 931 40 23 1
598 : 931 876 20 47 0
599 : 333 1212 51 18 1
600 : 510 720 37 25 1
601 : 0 833 39 24 1
602 : 128 614 26 36 0
603 : 66 746 25 37 0
604 : 473 846 24 38 0
605 : 720 566 33 27 1
606 : 298 362 29 32 0
607 : 583 843 20 47 0
608 : 128 743 25 37 0
609 : 544 1066 22 41 0
610 : 0 320 31 30 1
611 : 473 615 35 26 1
612 : 473 957 23 39 0
613 : 867 1104 19 48 0
614 : 698 664 21 44 0
615 : 867 1006 49 19 1
616 : 333 931 23 40 0
617 : 778 229 15 59 0
618 : 405 566 27 34 0
619 : 611 931 23 40 0
620 : 437 614 26 35 0
621 : 757 751 21 43 0
622 : 370 1105 19 48 0
623 : 544 366 31 29 1
624 : 510 373 31 29 1
625 : 796 614 26 35 0
626 : 757 708 43 21 1
627 : 473 1210 52 18 1
628 : 190 742 25 37 0
629 : 796 852 37 24 1
630 : 437 1069 41 22 1
631 : 298 475 33 28 1
632 : 333 475 28 32 0
633 : 931 1016 20 46 0
634 : 829 1069 41 22 1
635 : 931 1062 44 20 1
636 : 437 721 25 37 0
637 : 611 1164 19 47 0
638 : 611 567 27 33 0
639 : 757 794 41 21 1
640 : 829 852 37 24 1
641 : 370 1153 47 19 1
642 : 0 932 39 23 1
643 : 473 583 27 32 0
644 : 829 749 35 25 1
645 : 720 626 26 34 0
646 : 698 752 42 21 1
647 : 0 583 27 32 0
648 : 437 853 36 24 1
649 : 829 582 27 32 0
650 : 796 582 32 27 1
651 : 190 1071 22 39 0
652 : 583 1075 20 43 0
653 : 251 476 30 28 1
654 : 437 582 32 27 1
655 : 111 635 50 17 1
656 : 757 835 21 41 0
657 : 698 794 42 21 1
658 : 222 1094 52 16 1
659 : 111 583 17 52 0
660 : 796 750 35 25 1
661 : 648 1164 19 45 0
662 : 611 383 29 30 0
663 : 43 1070 22 39 0
664 : 405 639 33 26 1
665 : 128 582 27 32 0
666 : 904 568 32 27 1
667 : 720 384 29 29 0
668 : 698 876 21 40 0
669 : 611 871 36 24 1
670 : 904 871 35 24 1
671 : 190 959 23 37 0
672 : 796 1070 22 39 0
673 : 173 636 17 50 0
674 : 128 959 23 37 0
675 : 611 639 26 32 0
676 : 698 836 40 21 1
677 : 829 959 36 23 1
678 : 796 959 23 36 0
679 : 222 938 16 52 0
680 : 951 871 35 24 1
681 : 333 872 24 34 0
682 : 698 1214 18 46 0
683 : 778 288 57 15 1
684 : 977 967 35 23 1
685 : 886 233 57 15 1
686 : 757 876 40 21 1
687 : 0 872 24 34 0
688 : 829 475 28 30 0
689 : 672 969 23 35 0
690 : 222 1042 52 16 1
691 : 886 290 56 15 1
692 : 757 1214 46 18 1
693 : 437 475 30 28 1
694 : 510 479 28 29 0
695 : 111 685 17 48 0
696 : 778 401 15 55 0
697 : 222 990 52 16 1
698 : 284 77 57 14 1
699 : 284 302 56 14 1
700 : 778 345 15 56 0
701 : 66 960 23 36 0
702 : 886 346 56 15 1
703 : 173 1112 16 50 0
704 : 405 756 25 33 0
705 : 720 1071 37 22 1
706 : 720 959 36 23 1
707 : 333 756 33 25 1
708 : 904 639 31 26 1
709 : 251 970 35 23 1
710 : 128 1072 36 22 1
711 : 43 963 23 35 0
712 : 510 872 24 33 0
713 : 886 455 52 15 1
714 : 951 644 26 30 0
715 : 437 960 35 23 1
716 : 284 246 56 14 1
717 : 510 583 30 27 1
718 : 931 1106 20 40 0
719 : 405 872 33 24 1
720 : 251 1219 44 18 1
721 : 672 644 31 26 1
722 : 720 1164 42 19 1
723 : 284 134 56 14 1
724 : 0 1072 36 22 1
725 : 583 1118 20 39 0
726 : 672 756 31 25 1
727 : 284 190 14 56 0
728 : 648 1072 22 35 0
729 : 757 916 21 36 0
730 : 544 583 27 29 0
731 : 886 402 53 15 1
732 : 298 1072 35 22 1
733 : 0 1165 42 19 1
734 : 66 584 27 28 0
735 : 904 1072 34 22 1
736 : 611 756 31 25 1
737 : 698 916 21 36 0
738 : 544 756 31 25 1
739 : 111 1114 16 48 0
740 : 173 686 17 45 0
741 : 190 584 28 27 1
742 : 298 648 29 26 1
743 : 951 756 30 25 1
744 : 251 757 25 30 0
745 : 298 970 33 23 1
746 : 66 1137 37 20 1
747 : 251 584 27 28 0
748 : 977 1072 22 34 0
749 : 757 952 21 35 0
750 : 951 1072 34 22 1
751 : 904 756 25 30 0
752 : 544 970 33 23 1
753 : 298 584 27 28 0
754 : 66 1073 34 22 1
755 : 298 1137 37 20 1
756 : 333 971 23 32 0
757 : 111 1162 16 46 0
758 : 720 599 27 27 0
759 : 510 971 23 32 0
760 : 43 1137 20 37 0
761 : 222 1146 16 47 0
762 : 510 1076 22 33 0
763 : 951 1172 40 19 1
764 : 778 456 48 15 1
765 : 611 971 32 23 1
766 : 0 971 32 23 1
767 : 284 411 52 14 1
768 : 473 1073 22 33 0
769 : 284 463 14 52 0
770 : 284 567 14 51 0
771 : 904 1137 36 20 1
772 : 173 731 44 17 1
773 : 111 775 42 17 1
774 : 886 507 48 15 1
775 : 298 757 29 25 1
776 : 698 987 34 21 1
777 : 583 1219 18 41 0
778 : 672 1219 18 41 0
779 : 544 872 24 31 0
780 : 284 358 53 14 1
781 : 333 1084 33 22 1
782 : 544 1222 40 18 1
783 : 333 584 27 27 0
784 : 977 1172 38 19 1
785 : 405 971 32 23 1
786 : 757 987 34 21 1
787 : 284 515 52 14 1
788 : 698 1021 21 34 0
789 : 405 1081 22 33 0
790 : 757 1021 21 34 0
791 : 648 970 32 23 1
792 : 672 1097 22 32 0
793 : 672 872 30 24 1
794 : 173 775 17 41 0
795 : 284 718 14 50 0
796 : 698 952 35 21 1
797 : 510 757 25 29 0
798 : 778 552 46 15 1
799 : 473 1137 20 36 0
800 : 544 648 28 26 1
801 : 698 1055 34 21 1
802 : 473 1173 19 37 0
803 : 583 1260 18 38 0
804 : 510 1258 18 39 0
805 : 951 971 23 30 0
806 : 778 504 15 48 0
807 : 111 817 17 41 0
808 : 251 1098 31 22 1
809 : 284 618 50 14 1
810 : 796 1140 34 20 1
811 : 111 733 17 42 0
812 : 778 906 52 13 1
813 : 904 971 31 23 1
814 : 173 816 41 17 1
815 : 951 1137 20 35 0
816 : 757 1087 21 32 0
817 : 904 1173 37 19 1
818 : 173 857 40 17 1
819 : 284 668 14 50 0
820 : 473 1106 31 22 1
821 : 173 1162 16 44 0
822 : 173 1206 16 43 0
823 : 222 1193 16 43 0
824 : 437 889 24 28 0
825 : 251 649 26 27 0
826 : 251 873 29 24 1
827 : 298 873 28 24 1
828 : 333 649 26 26 0
829 : 977 1137 20 35 0
830 : 473 884 24 28 0
831 : 886 906 13 52 0
832 : 886 958 13 51 0
833 : 757 1260 18 37 0
834 : 904 1106 22 31 0
835 : 222 1236 16 42 0
836 : 43 1174 19 36 0
837 : 886 555 15 44 0
838 : 698 1089 32 21 1
839 : 951 1106 31 22 1
840 : 190 1174 19 35 0
841 : 437 995 30 23 1
842 : 778 859 47 14 1
843 : 829 995 23 29 0
844 : 437 758 27 25 1
845 : 977 1106 31 22 1
846 : 128 1261 18 37 0
847 : 778 811 48 14 1
848 : 111 1250 41 16 1
849 : 829 889 28 24 1
850 : 698 1260 18 38 0
851 : 111 858 17 39 0
852 : 473 776 27 25 1
853 : 66 1174 36 19 1
854 : 648 875 28 24 1
855 : 284 816 14 47 0
856 : 757 1055 21 32 0
857 : 284 959 50 13 1
858 : 672 1260 38 18 1
859 : 128 887 28 24 1
860 : 190 887 28 24 1
861 : 886 812 14 48 0
862 : 173 1249 16 42 0
863 : 284 768 14 48 0
864 : 886 643 15 43 0
865 : 796 889 24 28 0
866 : 190 1110 31 21 1
867 : 829 1110 31 21 1
868 : 886 860 14 46 0
869 : 720 785 25 26 0
870 : 437 1141 33 20 1
871 : 66 890 24 27 0
872 : 66 783 26 25 1
873 : 796 995 29 23 1
874 : 544 1262 36 18 1
875 : 829 1174 34 19 1
876 : 111 1208 42 16 1
877 : 128 996 28 23 1
878 : 720 995 23 29 0
879 : 829 1141 20 33 0
880 : 190 779 27 25 1
881 : 298 901 27 24 1
882 : 796 1109 31 21 1
883 : 405 1177 34 19 1
884 : 405 1144 20 33 0
885 : 720 890 27 24 1
886 : 298 1174 35 19 1
887 : 66 1107 30 22 1
888 : 778 598 15 44 0
889 : 298 1107 22 30 0
890 : 190 1141 33 20 1
891 : 437 1174 35 19 1
892 : 778 769 15 42 0
893 : 128 780 26 25 1
894 : 698 1121 21 30 0
895 : 437 785 25 26 0
896 : 251 902 27 24 1
897 : 190 996 28 23 1
898 : 66 1264 16 39 0
899 : 778 958 13 51 0
900 : 284 908 13 51 0
901 : 405 1114 30 21 1
902 : 778 642 43 15 1
903 : 284 863 14 45 0
904 : 437 1110 31 21 1
905 : 886 599 44 15 1
906 : 951 1262 18 35 0
907 : 648 1002 27 23 1
908 : 904 1262 18 35 0
909 : 405 905 24 26 0
910 : 672 902 24 26 0
911 : 648 1107 22 29 0
912 : 66 996 23 28 0
913 : 473 1262 36 18 1
914 : 611 1262 35 18 1
915 : 931 1146 32 20 1
916 : 757 1119 21 30 0
917 : 544 1107 29 22 1
918 : 128 1108 28 22 1
919 : 829 784 25 26 0
920 : 931 1178 33 19 1
921 : 611 1107 29 22 1
922 : 544 903 24 26 0
923 : 757 1181 19 33 0
924 : 0 1108 28 22 1
925 : 796 1174 34 19 1
926 : 698 1151 31 20 1
927 : 951 1001 23 27 0
928 : 931 1262 35 18 1
929 : 648 903 26 24 1
930 : 510 905 24 26 0
931 : 111 897 17 38 0
932 : 0 906 24 26 0
933 : 886 770 15 42 0
934 : 173 934 37 17 1
935 : 43 998 27 23 1
936 : 778 685 15 42 0
937 : 370 1264 16 39 0
938 : 173 971 37 17 1
939 : 473 996 23 27 0
940 : 648 1264 38 16 1
941 : 886 686 42 15 1
942 : 720 1108 28 22 1
943 : 778 1009 13 47 0
944 : 757 1149 20 32 0
945 : 796 785 25 25 0
946 : 251 1263 34 18 1
947 : 698 1182 32 19 1
948 : 778 727 15 42 0
949 : 333 1117 30 21 1
950 : 886 728 15 42 0
951 : 583 1187 32 19 1
952 : 437 1267 38 16 1
953 : 251 1129 30 21 1
954 : 284 1009 48 13 1
955 : 173 897 37 17 1
956 : 43 1109 28 22 1
957 : 333 1147 32 20 1
958 : 111 1008 36 17 1
959 : 111 935 37 17 1
960 : 333 1179 19 33 0
961 : 672 1158 20 30 0
962 : 672 1129 29 21 1
963 : 333 906 25 24 1
964 : 298 1003 23 26 0
965 : 43 1264 18 33 0
966 : 111 1044 36 17 1
967 : 720 1136 21 28 0
968 : 0 1003 26 23 1
969 : 904 906 25 24 1
970 : 0 1268 37 16 1
971 : 173 1008 36 17 1
972 : 583 1157 20 30 0
973 : 977 1262 18 34 0
974 : 977 1002 23 26 0
975 : 128 1136 21 28 0
976 : 333 1263 34 18 1
977 : 867 1264 38 16 1
978 : 111 972 17 36 0
979 : 0 1136 29 21 1
980 : 904 1002 26 23 1
981 : 173 1078 17 34 0
982 : 510 1136 28 21 1
983 : 405 1263 33 18 1
984 : 544 1136 28 21 1
985 : 173 1044 17 34 0
986 : 251 1159 30 20 1
987 : 128 1164 29 20 1
988 : 611 1136 21 28 0
989 : 544 1192 30 19 1
990 : 611 907 24 24 0
991 : 111 1080 34 17 1
992 : 510 1164 20 29 0
993 : 672 1188 31 19 1
994 : 951 906 24 24 0
995 : 648 1136 21 28 0
996 : 251 1189 30 19 1
997 : 544 1164 28 20 1
998 : 510 1109 22 27 0
999 : 886 1009 13 44 0
