123 385
0 : 107 283 54 15 1
1 : 82 347 39 15 0
2 : 0 236 51 17 0
3 : 0 177 90 21 0
4 : 0 89 84 25 0
5 : 101 240 43 17 1
6 : 0 219 97 17 0
7 : 0 332 49 15 0
8 : 0 253 45 17 0
9 : 0 62 120 27 0
10 : 0 139 64 17 0
11 : 84 89 67 25 1
12 : 97 362 25 15 0
13 : 0 317 65 15 0
14 : 32 370 23 15 0
15 : 101 0 59 17 1
16 : 51 240 50 17 0
17 : 64 362 33 15 0
18 : 80 0 56 21 1
19 : 0 287 92 15 0
20 : 0 302 67 15 0
21 : 67 302 46 15 1
22 : 97 177 63 17 1
23 : 0 114 72 25 0
24 : 0 0 80 31 0
25 : 49 332 38 15 1
26 : 0 362 32 15 0
27 : 92 283 64 15 1
28 : 0 270 37 17 0
29 : 0 31 65 31 0
30 : 65 31 26 15 1
31 : 0 198 89 21 0
32 : 45 257 45 17 0
33 : 0 156 123 21 0
34 : 0 347 46 15 0
