40400 76352
0 : 0 0 4629 1596 0
1 : 4629 0 2919 783 0
2 : 7548 0 8067 1832 0
3 : 15615 0 7180 2974 0
4 : 22795 0 1685 1708 1
5 : 24503 0 2029 601 0
6 : 26532 0 15046 7040 1
7 : 33572 0 6726 7039 0
8 : 7548 1832 7958 5170 0
9 : 0 1596 3621 4223 1
10 : 15615 2974 4358 6846 1
11 : 24503 601 6272 1268 1
12 : 4629 783 6171 1473 1
13 : 6102 783 3448 1249 1
14 : 7548 7002 6389 10170 0
15 : 33572 7039 7910 5092 1
16 : 15615 7332 4629 11306 0
17 : 22795 1685 1279 1621 1
18 : 0 5217 3529 6846 0
19 : 0 12063 3770 3117 1
20 : 33572 14949 3924 3177 0
21 : 25771 601 2672 556 1
22 : 26532 15046 15046 5222 1
23 : 20244 7332 2050 2287 0
24 : 7548 17172 7958 5152 1
25 : 22795 2964 1063 2033 0
26 : 20244 9619 1823 5782 0
27 : 15615 18638 4047 5429 0
28 : 13937 7002 6416 1491 1
29 : 6102 4231 859 2104 0
30 : 31754 18126 6378 12850 0
31 : 0 15833 10744 2912 1
32 : 7548 25130 4629 2353 0
33 : 31754 15046 2919 838 1
34 : 26532 30092 8067 5014 1
35 : 15615 24067 3139 2974 0
36 : 4629 6954 1685 1469 1
37 : 32592 15046 2029 824 1
38 : 31754 30976 15046 5406 1
39 : 7548 27483 6726 3329 1
40 : 10877 27483 7958 9256 0
41 : 12700 17172 1080 4223 0
42 : 0 26577 2407 6846 0
43 : 10877 36739 6272 5296 0
44 : 13937 13418 6171 1375 1
45 : 13937 19589 1253 1249 0
46 : 10877 42035 6389 10729 0
47 : 10877 52764 7910 7563 1
48 : 26532 38159 4629 6465 0
49 : 12177 25130 503 1621 0
50 : 10877 60674 7629 6846 1
51 : 7548 34209 6549 3117 1
52 : 26532 44624 6978 3177 1
53 : 12700 21395 2672 869 1
54 : 31754 46022 15046 3231 1
55 : 0 33423 4676 2287 1
56 : 0 38099 7958 2142 1
57 : 7548 40758 3638 2033 1
58 : 12700 24067 1823 1064 1
59 : 13937 20838 4047 1135 1
60 : 38664 7039 6416 1357 1
61 : 34985 46022 3842 2104 1
62 : 10877 68303 6378 8049 0
63 : 26532 61068 10744 9743 1
