123 400
0 : 0 0 54 15 0
1 : 54 0 39 15 0
2 : 0 15 51 17 0
3 : 0 32 90 21 0
4 : 0 53 84 25 0
5 : 93 0 43 17 1
6 : 0 78 97 17 0
7 : 97 43 49 15 1
8 : 0 95 45 17 0
9 : 0 112 120 27 0
10 : 0 139 64 17 0
11 : 0 156 67 25 0
12 : 51 15 25 15 0
13 : 0 181 65 15 0
14 : 45 95 23 15 0
15 : 67 139 59 17 1
16 : 84 139 50 17 1
17 : 101 139 33 15 1
18 : 0 196 56 21 0
19 : 0 217 92 15 0
20 : 101 172 67 15 1
21 : 0 232 46 15 0
22 : 46 239 63 17 0
23 : 0 256 72 25 0
24 : 0 281 80 31 0
25 : 80 256 38 15 0
26 : 80 271 32 15 0
27 : 0 312 64 15 0
28 : 80 286 37 17 0
29 : 0 327 65 31 0
30 : 68 95 26 15 0
31 : 0 358 89 21 0
32 : 89 303 45 17 1
33 : 0 379 123 21 0
34 : 65 312 46 15 1
