92 224
0 : 38 163 11 9 0
1 : 17 158 1 1 0
2 : 49 165 9 11 1
3 : 90 17 1 29 0
4 : 0 158 9 11 1
5 : 0 143 19 15 0
6 : 0 101 50 29 0
7 : 90 46 1 19 0
8 : 0 167 18 18 0
9 : 0 76 12 45 1
10 : 73 148 19 15 0
11 : 73 163 14 12 0
12 : 45 76 12 45 1
13 : 0 130 27 13 0
14 : 0 88 43 13 0
15 : 0 63 55 13 0
16 : 50 114 31 13 0
17 : 54 140 19 15 0
18 : 0 51 11 79 1
19 : 18 174 50 50 0
20 : 88 17 2 37 0
21 : 50 101 31 13 0
22 : 0 0 92 17 0
23 : 78 127 21 13 1
24 : 64 155 11 9 1
25 : 50 88 33 13 0
26 : 50 127 28 13 0
27 : 91 17 1 29 0
28 : 38 153 13 10 0
29 : 27 140 27 13 0
30 : 0 17 17 88 1
31 : 19 153 19 15 0
32 : 91 46 1 19 0
33 : 0 34 86 17 0
34 : 0 62 1 48 1
35 : 11 162 4 6 1
36 : 51 155 13 10 0
37 : 11 158 4 6 1
