1000 30472
0 : 0 0 602 738 1
1 : 0 602 897 620 0
2 : 0 1222 743 708 0
3 : 0 1930 308 409 1
4 : 409 1930 447 477 1
5 : 897 0 421 71 1
6 : 0 2238 167 331 1
7 : 331 2377 667 149 0
8 : 0 2526 792 493 0
9 : 792 2526 190 567 0
10 : 0 3019 320 711 1
11 : 0 3339 891 518 0
12 : 0 3857 750 559 0
13 : 750 3857 220 428 0
14 : 982 2526 10 55 0
15 : 0 4416 990 287 0
16 : 0 4703 986 840 0
17 : 0 5543 482 431 0
18 : 482 5543 393 471 1
19 : 0 5974 524 139 0
20 : 0 6113 963 110 0
21 : 0 6223 554 971 1
22 : 0 6777 143 657 1
23 : 0 6920 621 642 1
24 : 0 7541 628 649 1
25 : 0 8169 633 770 1
26 : 770 6777 473 184 1
27 : 770 7250 729 109 1
28 : 0 8802 601 395 0
29 : 770 7979 151 693 0
30 : 601 8802 342 281 0
31 : 601 9083 82 351 1
32 : 0 9197 531 361 0
33 : 0 9558 82 636 1
34 : 0 9640 926 836 0
35 : 0 10476 844 735 0
36 : 0 11211 246 940 1
37 : 0 11457 867 175 0
38 : 0 11632 560 664 1
39 : 0 12192 896 438 0
40 : 0 12630 711 613 0
41 : 0 13243 860 446 0
42 : 0 13689 182 927 1
43 : 0 13871 579 258 0
44 : 0 14129 753 372 0
45 : 753 13871 153 759 0
46 : 0 14501 361 371 1
47 : 992 2526 519 5 1
48 : 0 14862 866 129 0
49 : 0 14991 826 260 0
50 : 0 15251 361 202 0
51 : 361 15251 475 664 0
52 : 866 14630 125 483 0
53 : 0 15915 541 953 1
54 : 0 16456 573 141 0
55 : 573 16456 294 360 1
56 : 0 16750 95 681 1
57 : 0 16845 733 204 0
58 : 0 17049 907 307 0
59 : 0 17356 677 787 1
60 : 0 18033 345 708 1
61 : 0 18378 398 612 1
62 : 0 18776 572 490 0
63 : 572 18776 587 412 1
64 : 0 19363 275 786 1
65 : 0 19638 861 214 0
66 : 0 19852 997 576 0
67 : 0 20428 300 211 0
68 : 0 20639 790 189 0
69 : 790 20428 274 183 1
70 : 0 20828 893 692 0
71 : 0 21520 470 908 1
72 : 0 21990 456 667 1
73 : 0 22446 578 743 1
74 : 743 21990 196 327 0
75 : 743 22317 68 404 0
76 : 811 22317 162 380 0
77 : 0 23024 563 59 0
78 : 0 23083 881 573 0
79 : 0 23656 910 310 0
80 : 0 23966 367 451 1
81 : 0 24333 898 640 0
82 : 910 22697 697 52 1
83 : 0 24973 588 646 1
84 : 0 25561 604 688 1
85 : 998 0 469 1 1
86 : 0 26165 673 461 0
87 : 688 24973 105 307 1
88 : 0 26626 842 370 0
89 : 0 26996 405 788 1
90 : 0 27401 450 912 1
91 : 0 27851 816 750 0
92 : 816 27851 881 179 1
93 : 0 28601 16 427 1
94 : 0 28617 547 413 0
95 : 0 29030 689 837 1
96 : 0 29719 380 786 1
97 : 837 28732 13 616 0
98 : 850 28732 783 143 1
99 : 0 30099 373 726 1
