3000 8452
0 : 2454 3445 365 185 1
1 : 975 3981 378 200 1
2 : 1175 3409 410 165 1
3 : 2659 2925 425 148 1
4 : 1882 4942 425 296 0
5 : 1690 549 439 116 1
6 : 2454 0 464 1006 0
7 : 2454 2925 520 205 1
8 : 0 5108 520 350 0
9 : 555 5755 540 530 0
10 : 1882 1890 549 1413 0
11 : 0 0 549 1882 1
12 : 0 7899 553 496 1
13 : 0 4553 555 755 1
14 : 0 7344 555 496 1
15 : 0 6118 555 659 0
16 : 0 6777 567 473 1
17 : 755 4553 572 592 0
18 : 0 3981 572 975 1
19 : 0 3409 572 1175 1
20 : 0 1693 572 1575 1
21 : 0 2837 572 1390 1
22 : 0 2265 572 1490 1
23 : 0 1121 572 1590 1
24 : 0 549 572 1690 1
25 : 1882 0 572 1890 0
26 : 555 5145 610 625 1
27 : 0 5458 660 490 1
28 : 1882 4252 690 447 1
29 : 2454 1976 949 445 1
30 : 1882 3303 949 478 1
31 : 2454 1006 970 463 1
