200 241
0 : 0 0 15 72 1
1 : 72 0 15 47 1
2 : 119 0 67 11 0
3 : 119 11 56 39 0
4 : 0 15 6 35 1
5 : 186 0 11 17 0
6 : 35 15 8 20 1
7 : 55 15 22 8 0
8 : 175 11 8 12 0
9 : 197 0 3 16 0
10 : 77 15 11 9 0
11 : 0 23 9 61 1
12 : 61 24 47 7 0
13 : 108 15 11 11 0
14 : 175 23 5 18 1
15 : 175 28 6 22 1
16 : 108 26 5 7 1
17 : 61 31 6 14 1
18 : 75 31 25 21 0
19 : 0 32 22 4 0
20 : 100 31 16 11 0
21 : 22 32 33 17 0
22 : 175 34 8 7 0
23 : 183 34 4 8 1
24 : 55 52 26 110 1
25 : 0 36 11 4 0
26 : 0 78 58 12 0
27 : 175 41 56 21 1
28 : 58 78 21 102 1
29 : 165 50 6 25 0
30 : 0 90 9 51 1
31 : 160 78 16 11 1
32 : 160 97 30 5 0
33 : 51 99 12 9 0
34 : 196 34 4 6 0
35 : 0 99 26 16 0
36 : 63 99 68 12 0
37 : 26 99 20 10 0
38 : 131 99 21 26 1
39 : 157 102 20 12 0
40 : 46 111 49 16 0
41 : 95 111 6 28 1
42 : 196 40 11 3 1
43 : 157 114 37 12 0
44 : 26 109 9 18 1
45 : 196 51 2 9 0
46 : 194 97 5 14 0
47 : 0 115 15 4 0
48 : 0 119 39 9 0
49 : 123 126 64 10 0
50 : 44 127 32 7 0
51 : 95 117 16 26 1
52 : 0 134 99 21 0
53 : 121 136 38 19 0
54 : 159 136 23 32 1
55 : 194 111 6 37 0
56 : 99 155 22 54 1
57 : 0 155 25 36 1
58 : 36 155 50 27 0
59 : 153 159 27 22 0
60 : 86 177 8 41 1
61 : 127 181 66 23 0
62 : 193 148 8 5 1
63 : 193 156 15 3 1
64 : 0 180 18 12 0
65 : 196 156 9 4 1
66 : 196 165 6 2 1
67 : 193 171 9 6 1
68 : 18 180 5 8 1
69 : 26 182 4 18 1
70 : 44 182 15 19 1
71 : 63 182 8 5 0
72 : 71 182 14 4 0
73 : 71 186 48 13 0
74 : 18 186 14 14 0
75 : 32 197 23 10 0
76 : 0 192 5 18 1
77 : 55 199 10 23 1
78 : 119 204 51 11 0
79 : 18 209 58 14 0
80 : 193 180 7 12 0
81 : 0 197 10 9 0
82 : 78 199 16 12 0
83 : 94 199 13 3 0
84 : 76 211 35 9 0
85 : 111 215 34 12 0
86 : 170 204 17 25 1
87 : 195 192 3 3 0
88 : 10 197 7 23 0
89 : 145 215 10 20 1
90 : 0 223 109 18 0
91 : 165 221 7 7 0
92 : 172 221 6 6 0
93 : 109 227 44 13 0
94 : 198 192 3 1 1
95 : 195 195 3 12 0
96 : 178 221 10 11 1
