100 2030
0 : 0 58 1 74 1
1 : 0 297 24 88 1
2 : 0 353 16 77 1
3 : 0 1 98 7 0
4 : 0 78 9 81 1
5 : 0 743 22 71 1
6 : 0 496 29 88 1
7 : 0 408 100 39 0
8 : 0 937 85 45 0
9 : 0 206 31 98 1
10 : 0 578 68 11 0
11 : 0 108 16 88 1
12 : 0 33 9 86 1
13 : 0 1718 67 46 0
14 : 0 1574 41 66 1
15 : 0 1885 92 87 0
16 : 0 26 1 83 1
17 : 0 1193 35 70 1
18 : 0 1487 39 67 1
19 : 0 1110 31 68 1
20 : 0 17 5 88 1
21 : 0 589 30 86 1
22 : 0 1265 99 65 0
23 : 0 619 32 88 1
24 : 78 716 21 66 0
25 : 0 982 36 75 1
26 : 0 87 21 93 1
27 : 0 1066 44 81 1
28 : 0 1018 48 87 1
29 : 88 108 4 10 0
30 : 0 1665 53 76 1
31 : 0 262 17 83 1
32 : 0 1833 37 24 0
33 : 0 765 33 78 1
34 : 0 1330 49 82 1
35 : 0 1141 52 88 1
36 : 37 1833 38 28 0
37 : 0 237 25 91 1
38 : 0 12 5 89 1
39 : 0 1615 50 75 1
40 : 0 0 1 96 1
41 : 0 716 27 78 1
42 : 0 42 82 6 0
43 : 74 58 8 1 0
44 : 0 651 25 80 1
45 : 0 1445 42 73 1
46 : 0 8 4 92 1
47 : 0 144 29 100 1
48 : 88 262 10 72 0
49 : 0 338 78 15 0
50 : 0 846 45 89 1
51 : 0 1972 60 58 0
52 : 0 289 8 73 1
53 : 0 27 6 87 1
54 : 0 798 48 93 1
55 : 0 22 4 87 1
56 : 0 321 17 81 1
57 : 93 8 5 71 0
58 : 0 565 13 71 1
59 : 0 279 10 75 1
60 : 0 447 38 98 1
61 : 0 1379 66 98 1
62 : 0 676 40 92 1
63 : 0 48 84 10 0
64 : 0 186 20 88 1
65 : 0 369 39 100 1
66 : 60 1972 28 30 1
67 : 0 73 5 77 1
68 : 0 59 14 86 1
69 : 71 565 24 12 1
70 : 0 1857 28 33 1
71 : 0 891 46 90 1
72 : 0 124 20 92 1
73 : 0 1764 69 86 1
74 : 0 525 40 98 1
75 : 0 1526 48 76 1
76 : 0 1228 37 72 1
77 : 75 1833 28 22 1
78 : 0 173 13 82 1
79 : 0 485 11 70 1
