200 290
0 : 110 0 15 72 1
1 : 110 139 15 47 1
2 : 110 27 67 11 0
3 : 0 86 56 39 0
4 : 192 47 6 35 0
5 : 110 254 11 17 1
6 : 182 156 8 20 0
7 : 149 154 22 8 1
8 : 36 162 8 12 0
9 : 178 55 3 16 0
10 : 83 268 11 9 1
11 : 110 61 9 61 1
12 : 192 0 47 7 1
13 : 110 276 11 11 0
14 : 171 91 5 18 0
15 : 192 107 6 22 0
16 : 51 155 5 7 0
17 : 192 129 6 14 0
18 : 110 223 25 21 0
19 : 178 15 22 4 1
20 : 110 265 16 11 0
21 : 110 184 33 17 0
22 : 75 168 8 7 1
23 : 102 138 4 8 0
24 : 0 0 26 110 1
25 : 102 127 11 4 1
26 : 110 84 58 12 0
27 : 110 96 56 21 0
28 : 0 44 21 102 1
29 : 192 82 6 25 0
30 : 182 64 9 51 0
31 : 56 264 16 11 1
32 : 171 61 30 5 1
33 : 83 256 12 9 1
34 : 171 138 4 6 0
35 : 56 174 26 16 1
36 : 110 15 68 12 0
37 : 110 244 20 10 0
38 : 0 210 21 26 1
39 : 56 226 20 12 1
40 : 83 86 49 16 1
41 : 102 81 6 28 0
42 : 99 80 11 3 1
43 : 83 135 37 12 1
44 : 83 238 9 18 0
45 : 168 83 2 9 0
46 : 51 125 5 14 0
47 : 171 109 15 4 1
48 : 110 154 39 9 0
49 : 182 0 64 10 1
50 : 75 136 32 7 1
51 : 56 200 16 26 0
52 : 0 65 99 21 0
53 : 56 136 38 19 1
54 : 0 187 23 32 1
55 : 102 44 6 37 0
56 : 110 117 22 54 1
57 : 0 162 25 36 1
58 : 56 86 50 27 1
59 : 110 201 27 22 0
60 : 182 115 8 41 0
61 : 110 38 66 23 0
62 : 51 139 8 5 1
63 : 99 65 15 3 1
64 : 56 246 18 12 1
65 : 95 135 9 4 1
66 : 178 83 6 2 1
67 : 192 143 9 6 1
68 : 192 152 5 8 0
69 : 178 37 4 18 0
70 : 0 248 15 19 1
71 : 51 147 8 5 1
72 : 171 124 14 4 1
73 : 0 136 48 13 0
74 : 0 275 14 14 0
75 : 83 195 23 10 1
76 : 102 109 5 18 0
77 : 83 172 10 23 0
78 : 0 125 51 11 0
79 : 110 70 58 14 0
80 : 157 162 7 12 0
81 : 83 279 10 9 1
82 : 0 263 16 12 0
83 : 168 70 13 3 1
84 : 110 163 35 9 0
85 : 110 172 34 12 0
86 : 0 231 17 25 1
87 : 99 91 3 3 0
88 : 157 139 7 23 0
89 : 83 218 10 20 0
90 : 0 26 109 18 0
91 : 36 174 7 7 0
92 : 157 174 6 6 0
93 : 0 149 44 13 0
94 : 199 0 3 1 1
95 : 178 71 3 12 0
96 : 56 280 10 11 1
