1000 7436
0 : 0 0 541 745 1
1 : 377 6839 344 301 0
2 : 474 6545 413 294 0
3 : 721 6839 266 341 0
4 : 609 3975 543 388 1
5 : 0 1333 367 701 1
6 : 0 807 526 707 1
7 : 714 541 286 706 0
8 : 673 2323 614 289 1
9 : 650 2937 348 592 0
10 : 0 2196 673 431 0
11 : 531 6070 475 362 1
12 : 0 4921 562 439 0
13 : 0 2959 530 638 1
14 : 0 3975 609 375 0
15 : 589 4518 540 274 1
16 : 0 3489 486 634 1
17 : 0 6621 272 377 1
18 : 674 1700 623 306 1
19 : 0 541 266 714 1
20 : 0 6893 341 336 0
21 : 341 7140 340 296 0
22 : 0 5857 531 479 0
23 : 0 4350 571 589 1
24 : 0 1700 674 496 0
25 : 0 5360 560 497 0
26 : 562 5058 509 389 1
27 : 0 2627 650 332 0
28 : 0 6336 474 285 0
29 : 560 5567 419 503 0
