35 767
0 : 0 717 12 10 1
1 : 32 0 2 31 0
2 : 0 680 10 13 0
3 : 0 177 16 16 0
4 : 0 193 16 16 0
5 : 0 209 16 16 0
6 : 0 225 16 16 0
7 : 32 47 2 15 0
8 : 16 177 8 7 1
9 : 0 628 13 13 0
10 : 0 273 16 16 0
11 : 16 185 8 7 1
12 : 0 305 16 16 0
13 : 16 161 16 7 1
14 : 0 321 16 16 0
15 : 0 480 16 15 0
16 : 0 600 15 15 0
17 : 0 119 24 21 0
18 : 34 0 1 26 0
19 : 0 353 16 16 0
20 : 0 653 11 14 0
21 : 0 140 24 21 0
22 : 0 495 16 15 0
23 : 0 401 16 16 0
24 : 0 417 16 16 0
25 : 16 200 7 7 0
26 : 0 449 16 16 0
27 : 0 615 13 14 1
28 : 0 510 16 15 0
29 : 32 62 2 7 0
30 : 0 759 8 10 1
31 : 0 667 13 11 1
32 : 0 525 16 15 0
33 : 0 641 13 12 0
34 : 0 161 16 16 0
35 : 0 385 16 16 0
36 : 10 680 1 1 0
37 : 32 31 2 16 0
38 : 0 693 12 10 1
39 : 0 751 8 10 1
40 : 0 705 12 10 1
41 : 0 32 24 24 0
42 : 0 540 16 15 0
43 : 0 555 16 15 0
44 : 0 0 32 32 0
45 : 16 193 7 7 0
46 : 24 67 3 22 0
47 : 0 433 16 16 0
48 : 0 369 16 16 0
49 : 24 32 35 7 1
50 : 0 337 16 16 0
51 : 27 67 3 19 0
52 : 27 86 3 15 0
53 : 0 98 24 21 0
54 : 0 289 16 16 0
55 : 0 570 16 15 0
56 : 0 241 16 16 0
57 : 0 257 16 16 0
58 : 0 729 11 11 0
59 : 0 585 16 15 0
60 : 0 740 11 11 0
61 : 0 77 24 21 0
62 : 0 56 24 21 0
63 : 0 465 16 15 0
64 : 24 89 3 11 0
