200 264
0 : 0 0 8 47 1
1 : 47 0 143 26 0
2 : 0 26 16 107 1
3 : 0 42 33 95 1
4 : 190 0 5 21 0
5 : 107 26 54 40 0
6 : 95 66 84 15 0
7 : 0 75 32 25 0
8 : 32 75 52 45 0
9 : 179 26 13 39 0
10 : 84 81 86 20 0
11 : 84 101 50 77 1
12 : 0 120 77 31 0
13 : 170 81 24 74 0
14 : 77 151 11 12 1
15 : 89 151 22 65 1
16 : 0 151 27 53 1
17 : 154 155 14 46 1
18 : 53 151 17 9 0
19 : 53 160 15 21 1
20 : 154 169 31 6 0
21 : 74 173 8 38 1
22 : 112 175 23 77 1
23 : 0 178 12 35 1
24 : 53 175 5 12 1
25 : 35 180 20 23 1
26 : 58 198 73 40 0
27 : 131 198 40 39 0
28 : 0 200 64 37 1
