200 430
0 : 0 0 15 72 1
1 : 72 0 15 47 1
2 : 119 0 67 11 0
3 : 119 11 56 39 0
4 : 0 15 6 35 1
5 : 186 0 11 17 0
6 : 35 15 8 20 1
7 : 55 15 22 8 0
8 : 77 15 8 12 1
9 : 197 0 3 16 0
10 : 175 11 11 9 0
11 : 89 15 9 61 0
12 : 35 23 47 7 0
13 : 98 15 11 11 0
14 : 0 21 5 18 1
15 : 35 30 6 22 1
16 : 109 15 5 7 1
17 : 18 21 6 14 1
18 : 57 30 25 21 0
19 : 186 17 22 4 1
20 : 175 20 16 11 1
21 : 0 26 33 17 1
22 : 190 17 8 7 1
23 : 109 20 4 8 0
24 : 119 50 26 110 0
25 : 98 26 11 4 0
26 : 18 27 58 12 1
27 : 35 36 56 21 1
28 : 145 50 21 102 0
29 : 82 23 6 25 0
30 : 98 30 9 51 0
31 : 175 36 16 11 1
32 : 190 25 30 5 1
33 : 57 51 12 9 0
34 : 109 28 4 6 0
35 : 0 59 26 16 1
36 : 69 51 68 12 1
37 : 175 52 20 10 1
38 : 35 92 21 26 0
39 : 57 60 20 12 1
40 : 0 85 49 16 1
41 : 82 48 6 28 0
42 : 116 15 11 3 1
43 : 57 80 37 12 1
44 : 166 50 9 18 0
45 : 197 16 2 9 0
46 : 190 55 5 14 0
47 : 195 25 15 4 1
48 : 166 68 39 9 1
49 : 175 72 64 10 1
50 : 89 76 32 7 1
51 : 35 118 16 26 0
52 : 145 152 99 21 1
53 : 119 160 38 19 1
54 : 57 119 23 32 0
55 : 82 76 6 37 0
56 : 57 151 22 54 0
57 : 119 198 25 36 0
58 : 57 205 50 27 1
59 : 119 234 27 22 1
60 : 98 81 8 41 0
61 : 57 255 66 23 1
62 : 138 160 8 5 1
63 : 138 168 15 3 1
64 : 18 85 18 12 1
65 : 109 34 9 4 1
66 : 57 117 6 2 0
67 : 18 103 9 6 0
68 : 190 69 5 8 0
69 : 186 39 4 18 0
70 : 0 134 15 19 0
71 : 190 77 8 5 1
72 : 195 40 14 4 1
73 : 35 144 48 13 1
74 : 0 153 14 14 0
75 : 175 136 23 10 1
76 : 190 85 5 18 0
77 : 175 159 10 23 0
78 : 0 167 51 11 1
79 : 145 251 58 14 1
80 : 166 107 7 12 0
81 : 18 109 10 9 1
82 : 35 192 16 12 1
83 : 138 183 13 3 1
84 : 18 119 35 9 1
85 : 35 208 34 12 1
86 : 119 261 17 25 0
87 : 141 168 3 3 0
88 : 89 108 7 23 0
89 : 175 182 10 20 0
90 : 57 321 109 18 1
91 : 166 119 7 7 0
92 : 98 122 6 6 0
93 : 119 286 44 13 1
94 : 138 196 3 1 0
95 : 141 171 3 12 0
96 : 175 202 10 11 0
