247 632
0 : 0 557 39 27 0
1 : 179 556 41 33 0
2 : 0 523 46 17 0
3 : 36 585 33 17 0
4 : 100 607 27 17 0
5 : 0 401 88 17 0
6 : 31 602 31 17 0
7 : 43 551 43 17 0
8 : 0 165 213 40 0
9 : 115 590 33 17 0
10 : 213 606 29 17 0
11 : 92 537 45 27 0
12 : 58 490 57 27 0
13 : 0 584 36 17 0
14 : 103 361 102 17 0
15 : 39 568 39 17 0
16 : 0 81 240 40 0
17 : 148 606 25 27 1
18 : 88 405 82 17 0
19 : 115 493 54 17 0
20 : 175 606 24 17 1
21 : 163 589 33 17 0
22 : 0 314 117 33 0
23 : 140 449 67 17 0
24 : 0 374 99 27 0
25 : 226 532 40 17 1
26 : 0 39 244 42 0
27 : 125 573 38 17 0
28 : 213 165 146 33 1
29 : 0 418 82 17 0
30 : 224 482 50 17 1
31 : 0 601 31 17 0
32 : 0 121 224 44 0
33 : 78 581 37 17 0
34 : 205 311 88 38 1
35 : 0 205 207 44 0
36 : 0 249 152 65 0
37 : 0 347 103 27 0
38 : 0 479 58 27 0
39 : 138 466 61 27 0
40 : 0 435 71 27 0
41 : 165 522 47 17 0
42 : 99 378 98 27 0
43 : 82 422 76 17 0
44 : 115 510 50 27 0
45 : 71 456 67 17 0
46 : 0 0 247 39 0
47 : 62 615 17 17 0
48 : 86 564 39 17 0
49 : 69 598 31 17 0
50 : 79 615 15 17 1
51 : 169 505 53 17 0
52 : 152 249 112 49 1
53 : 170 405 76 17 0
54 : 46 534 46 17 0
55 : 0 540 43 17 0
56 : 71 439 69 17 0
57 : 137 539 45 17 0
58 : 196 589 29 17 1
59 : 158 422 71 27 0
60 : 182 539 44 17 0
61 : 63 473 60 17 0
62 : 207 449 56 17 1
63 : 127 607 20 17 0
64 : 52 517 50 17 0
65 : 229 422 60 17 1
66 : 0 462 63 17 0
67 : 137 556 42 17 0
68 : 220 572 34 27 1
69 : 0 506 52 17 0
