200 224
0 : 91 34 66 25 0
1 : 159 161 14 30 1
2 : 69 208 18 14 0
3 : 116 144 43 34 0
4 : 0 76 59 30 0
5 : 156 210 10 16 1
6 : 103 121 8 33 0
7 : 56 121 22 47 1
8 : 21 203 18 16 0
9 : 0 181 26 13 0
10 : 139 178 24 17 1
11 : 80 183 26 4 0
12 : 0 174 7 28 1
13 : 54 181 26 14 0
14 : 123 114 30 51 1
15 : 0 149 39 25 0
16 : 46 217 7 3 0
17 : 105 199 19 9 0
18 : 80 187 25 6 0
19 : 55 212 8 14 1
20 : 91 16 18 78 1
21 : 120 208 14 17 1
22 : 0 64 62 12 0
23 : 174 0 15 64 0
24 : 39 212 16 5 0
25 : 0 136 46 13 0
26 : 159 175 27 26 0
27 : 65 59 12 63 1
28 : 192 150 30 8 1
29 : 0 0 36 91 1
30 : 39 155 23 31 1
31 : 87 213 8 13 1
32 : 26 194 22 9 0
33 : 190 0 9 50 0
34 : 194 202 14 4 1
35 : 172 211 8 16 1
36 : 186 180 22 12 1
37 : 59 84 57 37 0
38 : 12 216 7 6 0
39 : 187 114 12 36 0
40 : 101 154 11 29 0
41 : 0 106 30 56 1
42 : 128 64 50 62 1
43 : 62 71 61 13 0
44 : 39 217 4 7 1
45 : 159 154 7 33 1
46 : 28 178 16 26 1
47 : 46 143 12 46 1
48 : 112 178 21 27 1
49 : 0 36 28 65 1
50 : 143 218 4 4 0
51 : 156 201 9 19 1
52 : 174 114 40 13 1
53 : 124 202 6 19 1
54 : 80 193 15 22 1
55 : 70 155 19 31 1
56 : 48 195 21 17 0
57 : 137 218 5 6 1
58 : 87 208 5 15 1
59 : 70 174 30 7 0
60 : 175 202 6 19 1
61 : 0 213 8 12 1
62 : 188 216 11 8 0
63 : 0 194 19 21 1
64 : 102 208 18 14 0
65 : 156 178 3 20 0
66 : 175 208 18 3 0
67 : 91 0 83 16 0
68 : 143 202 16 13 1
69 : 100 213 2 7 0
70 : 137 208 6 10 0
71 : 190 50 37 6 1
72 : 12 213 8 3 0
