92 215
0 : 64 196 11 9 0
1 : 17 197 1 1 0
2 : 75 202 9 11 1
3 : 89 151 1 29 0
4 : 64 205 9 11 1
5 : 37 181 19 15 0
6 : 0 112 50 29 0
7 : 91 173 1 19 0
8 : 0 179 18 18 0
9 : 79 106 12 45 0
10 : 56 181 19 15 0
11 : 37 196 14 12 0
12 : 0 141 12 45 1
13 : 0 166 27 13 0
14 : 50 112 43 13 1
15 : 79 51 55 13 1
16 : 0 153 31 13 0
17 : 18 180 19 15 0
18 : 0 101 11 79 1
19 : 0 51 50 50 0
20 : 44 179 2 37 1
21 : 45 155 31 13 0
22 : 0 0 92 17 0
23 : 75 181 21 13 1
24 : 51 206 11 9 0
25 : 63 112 33 13 1
26 : 76 151 28 13 1
27 : 90 151 1 29 0
28 : 51 196 13 10 0
29 : 31 153 27 13 1
30 : 0 17 17 88 1
31 : 18 195 19 15 0
32 : 91 154 1 19 0
33 : 0 34 86 17 0
34 : 91 106 1 48 0
35 : 88 192 4 6 0
36 : 0 197 13 10 0
37 : 13 197 4 6 0
