35 480
0 : 12 429 12 10 1
1 : 0 474 2 31 1
2 : 22 418 10 13 1
3 : 0 177 16 16 0
4 : 16 177 16 16 0
5 : 0 193 16 16 0
6 : 16 193 16 16 0
7 : 16 476 2 15 1
8 : 16 454 8 7 0
9 : 0 394 13 13 0
10 : 16 209 16 16 0
11 : 24 454 8 7 0
12 : 16 225 16 16 0
13 : 0 454 16 7 0
14 : 16 241 16 16 0
15 : 16 335 16 15 0
16 : 16 380 15 15 0
17 : 0 119 24 21 0
18 : 0 478 1 26 1
19 : 16 257 16 16 0
20 : 0 407 11 14 1
21 : 0 140 24 21 0
22 : 0 336 16 15 0
23 : 0 289 16 16 0
24 : 16 289 16 16 0
25 : 7 461 7 7 0
26 : 0 161 16 16 0
27 : 0 381 13 14 1
28 : 16 350 16 15 0
29 : 31 473 2 7 0
30 : 0 439 8 10 1
31 : 14 407 13 11 0
32 : 0 351 16 15 0
33 : 13 395 13 12 0
34 : 16 161 16 16 0
35 : 16 273 16 16 0
36 : 33 473 1 1 0
37 : 0 476 2 16 1
38 : 22 428 12 10 0
39 : 22 438 8 10 1
40 : 0 429 12 10 0
41 : 0 32 24 24 0
42 : 16 365 16 15 0
43 : 0 366 16 15 0
44 : 0 0 32 32 0
45 : 0 461 7 7 0
46 : 0 468 3 22 1
47 : 0 305 16 16 0
48 : 0 273 16 16 0
49 : 0 447 35 7 0
50 : 0 257 16 16 0
51 : 32 454 3 19 0
52 : 0 471 3 15 1
53 : 0 98 24 21 0
54 : 0 241 16 16 0
55 : 16 305 16 15 0
56 : 0 209 16 16 0
57 : 0 225 16 16 0
58 : 0 418 11 11 0
59 : 16 320 16 15 0
60 : 11 418 11 11 0
61 : 0 77 24 21 0
62 : 0 56 24 21 0
63 : 0 321 16 15 0
64 : 22 461 3 11 0
