200 212
0 : 0 30 110 32 0
1 : 169 77 12 33 0
2 : 0 96 78 15 0
3 : 76 112 62 18 0
4 : 0 148 16 53 1
5 : 0 111 37 76 1
6 : 0 62 14 97 1
7 : 0 164 28 43 1
8 : 78 96 16 9 1
9 : 84 174 15 22 0
10 : 115 28 64 19 0
11 : 189 62 10 13 0
12 : 159 55 4 27 1
13 : 187 195 12 13 1
14 : 127 185 3 6 1
15 : 127 152 7 22 0
16 : 115 12 67 16 0
17 : 182 150 27 14 1
18 : 43 174 13 41 1
19 : 91 77 78 35 0
20 : 0 0 30 115 1
21 : 115 47 8 54 1
22 : 0 76 20 91 1
23 : 43 164 6 6 0
24 : 115 0 72 12 0
25 : 97 62 15 92 1
26 : 76 130 22 58 1
27 : 169 47 19 6 0
28 : 134 150 38 48 1
29 : 138 129 21 61 1
30 : 189 0 10 38 0
31 : 53 152 22 47 1
32 : 127 188 22 37 1
33 : 110 30 5 30 0
34 : 182 177 5 9 0
35 : 87 96 3 15 0
36 : 189 38 24 10 1
37 : 0 192 20 37 1
38 : 187 177 18 13 1
39 : 164 188 23 19 0
40 : 100 152 41 27 1
41 : 179 28 18 5 1
42 : 127 174 6 11 0
43 : 43 187 39 24 0
44 : 181 77 21 6 1
45 : 138 112 62 17 0
46 : 99 193 20 15 0
47 : 134 130 3 8 0
48 : 115 55 44 7 0
