1000 1110
0 : 0 0 66 61 0
1 : 66 0 62 48 0
2 : 128 0 62 46 0
3 : 190 0 61 43 0
4 : 251 0 39 62 1
5 : 313 0 38 61 1
6 : 374 0 30 71 1
7 : 445 0 56 37 0
8 : 501 0 52 39 0
9 : 627 0 36 55 1
10 : 553 0 74 27 0
11 : 682 0 42 47 1
12 : 729 0 61 32 0
13 : 790 0 58 32 0
14 : 894 0 51 36 0
15 : 848 0 46 40 0
16 : 729 32 79 23 0
17 : 945 0 48 38 0
18 : 553 36 79 23 0
19 : 374 30 30 60 1
20 : 434 39 22 81 1
21 : 678 42 36 49 1
22 : 808 40 25 71 1
23 : 515 59 73 24 0
24 : 128 46 57 31 0
25 : 894 38 72 25 0
26 : 367 60 50 35 0
27 : 879 63 56 31 0
28 : 313 38 33 54 1
29 : 632 36 39 46 1
30 : 727 55 28 63 1
31 : 190 43 77 23 0
32 : 624 75 43 40 0
33 : 588 59 36 48 0
34 : 0 61 56 31 0
35 : 464 61 51 34 0
36 : 185 66 54 32 0
37 : 267 39 44 40 0
38 : 417 61 37 47 1
39 : 790 65 51 34 0
40 : 311 71 48 36 0
41 : 966 38 53 33 1
42 : 66 48 39 45 1
43 : 111 77 34 50 1
44 : 667 83 22 78 1
45 : 239 79 51 33 0
46 : 515 83 29 58 1
47 : 0 92 73 23 0
48 : 841 94 23 73 1
49 : 73 87 37 45 0
50 : 914 94 73 23 0
51 : 745 83 42 40 0
52 : 413 98 26 64 1
53 : 359 95 31 54 1
54 : 667 105 23 72 1
55 : 110 111 79 21 0
56 : 573 107 35 47 1
57 : 189 98 33 50 1
58 : 290 107 39 42 1
59 : 787 99 33 50 1
60 : 477 112 54 30 0
61 : 0 115 60 27 0
62 : 620 115 47 34 0
63 : 837 117 22 73 1
64 : 239 112 49 33 0
65 : 910 117 37 43 1
66 : 413 124 30 52 1
67 : 60 132 67 23 0
68 : 953 117 35 45 1
69 : 332 126 62 25 0
70 : 782 139 24 64 1
71 : 531 112 35 45 0
72 : 739 123 36 43 1
73 : 0 142 26 59 1
74 : 667 128 43 36 0
75 : 127 132 67 23 0
76 : 194 131 34 45 1
77 : 846 139 64 24 0
78 : 566 142 32 48 1
79 : 239 145 30 51 1
80 : 465 142 32 48 1
81 : 290 151 25 61 1
82 : 59 155 55 27 0
83 : 351 151 54 28 0
84 : 614 149 33 46 1
85 : 405 154 31 48 1
86 : 114 155 45 33 0
87 : 513 157 51 29 0
88 : 953 152 43 35 0
89 : 710 163 74 20 0
90 : 660 164 50 29 0
91 : 910 154 40 37 0
92 : 784 163 25 59 1
93 : 843 163 31 47 1
94 : 0 168 30 48 1
95 : 237 175 46 31 0
96 : 159 165 37 39 1
97 : 198 165 37 39 1
98 : 755 188 63 22 0
99 : 564 174 34 42 1
100 : 453 174 26 55 1
101 : 710 183 31 45 1
102 : 283 176 67 21 0
103 : 48 182 23 61 1
104 : 755 210 23 59 1
105 : 508 186 46 30 0
106 : 38 205 62 22 0
107 : 350 179 26 54 1
108 : 606 182 36 39 1
109 : 223 206 59 23 0
110 : 890 191 69 20 0
111 : 645 193 51 27 0
112 : 445 200 31 44 1
113 : 109 188 28 49 1
114 : 959 187 37 37 0
115 : 404 185 34 41 1
116 : 332 205 31 44 1
117 : 283 197 49 28 0
118 : 158 202 65 21 0
119 : 873 211 20 68 1
120 : 0 198 36 38 1
121 : 818 194 55 25 0
122 : 100 216 24 55 1
123 : 489 216 33 40 1
124 : 606 220 70 19 0
125 : 38 227 29 45 1
126 : 696 214 31 43 1
127 : 814 219 57 23 0
128 : 554 208 52 26 0
129 : 941 224 45 29 0
130 : 376 219 20 66 1
131 : 155 223 23 57 1
132 : 282 225 45 29 0
133 : 83 240 51 25 0
134 : 871 231 25 52 1
135 : 179 248 20 63 1
136 : 212 229 69 19 0
137 : 383 239 44 29 0
138 : 442 231 28 46 1
139 : 327 239 23 56 1
140 : 134 246 28 45 1
141 : 739 233 26 50 1
142 : 836 242 37 34 1
143 : 529 234 65 20 0
144 : 594 239 28 46 1
145 : 294 262 65 19 0
146 : 640 239 56 23 0
147 : 540 254 46 27 0
148 : 0 234 28 45 0
149 : 789 242 47 27 0
150 : 696 245 38 33 0
151 : 923 253 45 28 0
152 : 287 281 64 19 0
153 : 488 254 24 52 1
154 : 359 268 18 68 1
155 : 28 256 40 31 0
156 : 870 256 46 27 0
157 : 104 274 20 61 1
158 : 968 253 32 38 0
159 : 242 254 52 24 0
160 : 681 278 38 32 0
161 : 68 265 34 36 1
162 : 640 262 30 41 1
163 : 211 298 44 27 0
164 : 811 279 31 39 1
165 : 226 278 20 61 1
166 : 477 299 33 36 1
167 : 586 267 26 47 1
168 : 0 287 48 25 0
169 : 255 300 32 37 1
170 : 329 316 62 19 0
171 : 734 259 31 40 1
172 : 427 259 28 44 1
173 : 529 281 48 25 0
174 : 577 293 19 63 1
175 : 179 268 47 26 0
176 : 850 283 40 30 0
177 : 719 290 46 26 0
178 : 48 299 36 33 0
179 : 351 286 40 30 0
180 : 550 312 20 59 1
181 : 959 291 34 35 1
182 : 292 300 37 32 0
183 : 916 281 28 43 1
184 : 441 299 33 36 1
185 : 165 294 26 46 1
186 : 471 278 21 58 1
187 : 640 292 29 41 1
188 : 391 311 24 49 1
189 : 774 269 33 37 1
190 : 765 302 32 37 1
191 : 513 306 37 32 0
192 : 609 321 56 21 0
193 : 802 333 65 18 0
194 : 927 325 23 51 1
195 : 440 332 23 51 1
196 : 719 316 30 39 1
197 : 391 287 50 24 0
198 : 104 294 52 23 0
199 : 890 309 37 32 0
200 : 252 332 51 23 0
201 : 342 335 27 43 1
202 : 550 332 30 39 1
203 : 133 344 48 24 0
204 : 84 317 56 21 0
205 : 205 325 25 47 1
206 : 156 320 24 49 1
207 : 681 310 38 31 0
208 : 589 342 19 61 1
209 : 867 341 33 35 1
210 : 802 313 59 20 0
211 : 0 312 25 47 1
212 : 966 348 31 37 0
213 : 385 335 27 43 1
214 : 833 374 25 45 1
215 : 902 348 18 64 1
216 : 47 338 27 43 1
217 : 491 338 27 43 1
218 : 711 346 36 32 0
219 : 758 334 30 39 1
220 : 633 361 60 19 0
221 : 181 350 24 48 1
222 : 90 338 27 43 1
223 : 650 342 61 19 0
224 : 342 362 60 19 0
225 : 0 364 29 39 1
226 : 303 335 30 39 1
227 : 786 369 24 47 1
228 : 229 355 26 44 1
229 : 589 361 26 44 1
230 : 478 365 60 19 0
231 : 428 355 50 23 0
232 : 248 385 56 20 0
233 : 0 337 43 27 0
234 : 747 364 29 39 1
235 : 273 365 57 20 0
236 : 289 409 65 17 0
237 : 744 393 21 53 1
238 : 693 378 51 22 0
239 : 797 351 18 64 1
240 : 166 374 47 24 0
241 : 402 378 51 22 0
242 : 103 368 63 18 0
243 : 0 393 30 37 1
244 : 85 412 24 46 1
245 : 493 384 26 43 1
246 : 370 381 31 36 0
247 : 37 412 48 23 0
248 : 484 412 46 24 0
249 : 43 365 19 60 1
250 : 580 387 31 36 1
251 : 878 387 31 36 1
252 : 330 381 28 40 1
253 : 950 411 46 24 0
254 : 708 414 58 19 0
255 : 79 386 26 43 1
256 : 538 362 27 42 1
257 : 766 429 18 61 1
258 : 39 384 40 28 0
259 : 797 399 30 37 1
260 : 453 384 28 40 1
261 : 438 412 46 24 0
262 : 902 366 54 21 0
263 : 956 385 26 43 1
264 : 633 380 33 34 1
265 : 213 381 35 32 0
266 : 914 387 36 31 0
267 : 572 418 25 44 1
268 : 834 399 30 37 1
269 : 667 400 27 41 1
270 : 33 435 23 47 1
271 : 929 435 64 17 0
272 : 122 386 26 43 1
273 : 51 459 17 63 1
274 : 248 405 27 41 1
275 : 202 413 44 25 0
276 : 871 418 58 19 0
277 : 0 423 33 33 0
278 : 354 417 44 25 0
279 : 286 448 49 22 0
280 : 841 65 29 38 1
281 : 289 426 50 22 0
282 : 0 458 51 21 0
283 : 401 400 30 37 1
284 : 536 389 31 36 1
285 : 165 398 30 37 1
286 : 664 433 18 61 1
287 : 479 436 24 45 1
288 : 127 448 25 43 1
289 : 246 432 40 27 0
290 : 530 420 26 42 1
291 : 131 428 20 55 1
292 : 725 433 40 27 0
293 : 866 437 30 36 1
294 : 398 430 34 32 0
295 : 661 451 29 37 1
296 : 827 429 39 28 0
297 : 616 413 48 23 0
298 : 654 480 32 33 1
299 : 186 438 40 27 0
300 : 616 436 24 45 1
301 : 897 481 24 44 1
302 : 80 436 23 47 1
303 : 584 443 29 37 0
304 : 529 464 20 53 1
305 : 223 485 27 39 1
306 : 473 464 19 56 1
307 : 339 442 45 24 0
308 : 902 452 37 29 0
309 : 524 446 18 60 1
310 : 765 447 30 36 1
311 : 939 452 37 29 0
312 : 473 483 24 44 1
313 : 556 484 27 39 1
314 : 226 459 26 41 1
315 : 267 470 23 46 1
316 : 114 473 46 23 0
317 : 51 476 48 22 0
318 : 193 512 61 17 0
319 : 36 517 61 17 0
320 : 977 498 23 45 0
321 : 432 459 26 41 1
322 : 432 436 23 47 1
323 : 160 485 50 21 0
324 : 313 484 39 27 0
325 : 838 485 50 21 0
326 : 888 505 52 20 0
327 : 141 506 52 20 0
328 : 698 460 17 63 1
329 : 801 457 37 29 0
330 : 92 549 17 60 1
331 : 381 551 17 60 1
332 : 517 484 27 39 1
333 : 335 466 18 59 1
334 : 976 452 23 46 0
335 : 761 477 32 33 1
336 : 0 479 24 44 1
337 : 819 524 23 45 1
338 : 613 460 26 41 1
339 : 427 485 30 35 1
340 : 595 486 50 21 0
341 : 941 481 34 31 0
342 : 462 507 52 20 0
343 : 0 503 36 29 0
344 : 507 537 41 25 0
345 : 352 484 27 39 1
346 : 887 525 23 45 1
347 : 501 562 26 39 1
348 : 794 486 30 35 1
349 : 262 493 35 30 0
350 : 591 527 24 43 1
351 : 349 511 37 28 0
352 : 829 506 18 58 1
353 : 742 509 26 40 1
354 : 708 520 27 38 0
355 : 181 529 24 43 1
356 : 394 462 32 33 1
357 : 698 477 24 44 1
358 : 44 498 19 55 1
359 : 97 521 37 28 0
360 : 838 467 18 59 1
361 : 170 465 53 20 0
362 : 386 523 28 37 1
363 : 423 523 28 37 1
364 : 460 527 22 47 1
365 : 0 534 27 38 1
366 : 514 511 40 26 0
367 : 38 534 19 54 1
368 : 152 553 60 17 0
369 : 973 543 26 39 0
370 : 929 565 28 36 1
371 : 99 496 42 25 0
372 : 373 568 21 48 1
373 : 940 512 28 37 1
374 : 391 494 29 36 1
375 : 297 531 43 24 0
376 : 554 511 37 28 0
377 : 687 501 55 19 0
378 : 72 566 22 46 1
379 : 662 569 28 36 1
380 : 468 608 52 19 0
381 : 903 548 26 39 0
382 : 837 547 31 33 1
383 : 290 555 26 39 1
384 : 782 516 37 28 0
385 : 421 584 63 16 0
386 : 134 526 47 22 0
387 : 595 507 52 20 0
388 : 647 520 17 61 1
389 : 118 586 24 42 1
390 : 340 539 25 41 1
391 : 870 548 33 31 0
392 : 805 547 32 32 0
393 : 246 602 18 55 1
394 : 710 128 35 29 1
395 : 540 587 53 19 0
396 : 932 540 25 41 1
397 : 421 568 63 16 0
398 : 675 537 32 32 0
399 : 441 551 17 60 1
400 : 965 582 37 27 1
401 : 927 593 27 37 1
402 : 435 600 30 33 1
403 : 254 523 43 24 0
404 : 589 551 34 30 0
405 : 548 539 25 41 1
406 : 297 511 52 20 0
407 : 224 547 33 31 0
408 : 402 600 33 30 0
409 : 484 588 50 20 0
410 : 698 588 25 40 1
411 : 257 547 33 31 0
412 : 735 535 38 27 0
413 : 593 588 20 50 1
414 : 534 606 45 22 0
415 : 773 544 32 32 0
416 : 707 562 26 39 1
417 : 782 579 42 24 0
418 : 824 579 63 16 0
419 : 275 581 48 21 0
420 : 669 634 16 61 1
421 : 861 595 38 26 1
422 : 634 537 25 41 1
423 : 181 570 28 36 0
424 : 623 562 26 39 1
425 : 36 588 19 53 1
426 : 212 578 63 16 0
427 : 329 564 23 44 1
428 : 622 624 21 47 1
429 : 209 594 37 27 0
430 : 824 595 37 27 0
431 : 205 621 29 34 1
432 : 746 576 28 36 1
433 : 887 587 25 40 1
434 : 38 553 30 34 1
435 : 0 561 36 28 0
436 : 66 607 23 43 1
437 : 28 637 36 27 0
438 : 680 613 21 47 1
439 : 323 587 24 42 1
440 : 730 634 16 61 1
441 : 856 638 25 39 1
442 : 550 631 61 16 0
443 : 109 610 38 26 0
444 : 540 564 23 44 1
445 : 782 603 30 33 1
446 : 118 570 63 16 0
447 : 590 670 60 16 0
448 : 0 589 30 33 1
449 : 887 666 46 21 0
450 : 353 616 21 47 1
451 : 160 606 22 45 1
452 : 643 597 27 37 1
453 : 0 664 23 42 1
454 : 550 647 18 54 1
455 : 400 630 49 20 0
456 : 432 670 20 48 1
457 : 925 620 21 47 1
458 : 293 630 28 35 1
459 : 468 627 24 41 1
460 : 509 628 41 24 0
461 : 579 608 43 23 0
462 : 246 620 21 47 1
463 : 365 589 27 37 1
464 : 188 650 19 51 1
465 : 301 611 19 52 1
466 : 933 668 24 40 1
467 : 0 619 28 35 0
468 : 239 666 32 30 0
469 : 738 604 30 33 1
470 : 650 667 23 42 1
471 : 389 650 19 51 1
472 : 815 622 41 24 0
473 : 934 641 27 36 1
474 : 66 630 28 35 1
475 : 101 636 25 39 1
476 : 147 628 41 24 0
477 : 239 641 25 39 1
478 : 590 686 56 17 0
479 : 548 665 23 42 1
480 : 605 732 17 55 1
481 : 33 607 30 33 1
482 : 830 734 17 55 1
483 : 581 703 16 59 1
484 : 764 664 23 42 1
485 : 791 646 54 18 0
486 : 887 612 26 38 1
487 : 440 651 51 19 0
488 : 328 653 44 22 0
489 : 328 637 61 16 0
490 : 278 658 44 22 0
491 : 389 685 28 34 1
492 : 692 667 23 42 1
493 : 895 641 25 39 1
494 : 806 664 37 26 0
495 : 935 63 31 31 0
496 : 372 669 16 60 1
497 : 525 707 23 41 1
498 : 184 669 48 20 0
499 : 972 619 28 35 0
500 : 734 667 30 32 0
501 : 491 669 40 24 0
502 : 125 731 52 18 0
503 : 650 650 57 17 0
504 : 611 645 25 39 1
505 : 845 663 23 42 1
506 : 480 693 21 45 1
507 : 885 732 49 19 0
508 : 660 741 31 30 0
509 : 140 652 22 44 1
510 : 119 703 23 41 1
511 : 973 654 38 25 1
512 : 877 687 25 38 1
513 : 491 652 57 17 0
514 : 267 708 26 36 1
515 : 524 760 28 33 1
516 : 305 704 23 41 1
517 : 531 688 50 19 0
518 : 696 690 27 35 1
519 : 958 692 27 35 1
520 : 566 719 24 39 1
521 : 843 686 28 34 1
522 : 707 650 17 57 1
523 : 0 712 20 47 1
524 : 936 719 26 36 1
525 : 297 751 37 25 0
526 : 64 661 22 44 1
527 : 160 708 41 23 0
528 : 303 727 39 24 0
529 : 472 734 17 55 1
530 : 764 687 25 38 1
531 : 646 690 50 19 0
532 : 779 776 18 51 1
533 : 139 674 29 33 1
534 : 49 738 31 30 0
535 : 322 675 29 33 1
536 : 108 661 31 31 0
537 : 172 689 50 19 0
538 : 342 733 49 19 0
539 : 558 743 32 29 0
540 : 47 714 24 39 1
541 : 76 692 22 43 1
542 : 222 696 45 21 0
543 : 271 680 34 28 0
544 : 346 713 47 20 0
545 : 0 757 22 42 1
546 : 757 754 22 42 1
547 : 0 687 25 38 1
548 : 417 734 17 55 1
549 : 284 776 20 46 1
550 : 201 717 39 24 0
551 : 162 771 22 42 1
552 : 411 776 20 46 1
553 : 778 717 52 18 0
554 : 527 730 30 31 1
555 : 204 771 34 27 0
556 : 42 683 34 28 0
557 : 821 751 37 25 0
558 : 355 685 28 34 1
559 : 495 788 48 19 0
560 : 640 709 23 41 1
561 : 208 741 29 32 1
562 : 895 751 37 25 0
563 : 423 712 47 20 0
564 : 334 752 21 44 1
565 : 779 794 57 16 0
566 : 491 751 28 33 1
567 : 86 726 39 24 0
568 : 334 773 40 23 0
569 : 378 752 28 33 1
570 : 590 749 29 32 1
571 : 731 712 47 20 0
572 : 80 750 25 37 1
573 : 802 690 35 27 0
574 : 699 775 23 40 1
575 : 681 717 24 39 1
576 : 452 807 15 60 1
577 : 972 719 26 36 0
578 : 595 778 26 35 0
579 : 932 774 27 34 1
580 : 38 795 26 35 1
581 : 884 714 52 18 0
582 : 759 810 60 15 0
583 : 557 778 38 24 0
584 : 457 779 38 24 0
585 : 0 779 38 24 0
586 : 691 741 29 32 0
587 : 192 798 45 20 0
588 : 830 776 18 51 1
589 : 915 692 22 43 1
590 : 699 799 60 15 0
591 : 772 735 49 19 0
592 : 543 802 18 50 1
593 : 266 734 31 30 0
594 : 858 751 25 37 1
595 : 88 775 38 24 1
596 : 423 690 43 22 0
597 : 117 774 40 23 0
598 : 837 714 20 47 1
599 : 881 776 51 18 0
600 : 622 749 37 25 0
601 : 393 713 39 24 1
602 : 240 717 26 36 0
603 : 720 750 25 37 1
604 : 238 785 24 38 1
605 : 371 806 33 27 0
606 : 934 745 29 32 1
607 : 470 714 20 47 1
608 : 417 751 25 37 1
609 : 330 796 22 41 1
610 : 177 741 31 30 0
611 : 966 783 35 26 1
612 : 73 813 23 39 1
613 : 884 794 19 48 1
614 : 240 764 21 44 1
615 : 0 738 49 19 0
616 : 739 776 23 40 1
617 : 276 818 15 59 1
618 : 622 774 27 34 1
619 : 659 773 23 40 1
620 : 374 780 26 35 1
621 : 409 796 21 43 1
622 : 836 794 19 48 1
623 : 932 801 31 29 0
624 : 621 801 31 29 0
625 : 157 793 26 35 1
626 : 656 796 43 21 0
627 : 720 732 52 18 0
628 : 125 749 25 37 1
629 : 652 817 37 24 0
630 : 276 796 41 22 0
631 : 966 755 33 28 0
632 : 0 803 28 32 1
633 : 42 775 20 46 1
634 : 112 797 41 22 0
635 : 736 825 44 20 0
636 : 454 751 25 37 1
637 : 819 813 19 47 1
638 : 512 807 27 33 0
639 : 816 832 41 21 0
640 : 699 814 37 24 0
641 : 866 813 47 19 0
642 : 237 809 39 23 0
643 : 112 819 27 32 1
644 : 963 818 35 25 0
645 : 404 817 26 34 1
646 : 539 820 42 21 0
647 : 32 821 27 32 1
648 : 780 825 36 24 0
649 : 480 822 27 32 1
650 : 593 813 32 27 1
651 : 64 836 22 39 1
652 : 271 833 20 43 1
653 : 183 847 30 28 0
654 : 620 830 32 27 0
655 : 314 843 50 17 0
656 : 857 832 21 41 1
657 : 438 822 42 21 0
658 : 311 860 52 16 0
659 : 153 819 17 52 1
660 : 335 818 35 25 0
661 : 512 841 19 45 1
662 : 205 818 29 30 1
663 : 144 836 22 39 1
664 : 370 833 33 26 0
665 : 913 830 27 32 1
666 : 0 831 32 27 0
667 : 103 846 29 29 0
668 : 778 853 21 40 1
669 : 235 832 36 24 0
670 : 904 857 35 24 0
671 : 945 843 23 37 1
672 : 689 838 22 39 1
673 : 728 845 17 50 1
674 : 652 841 23 37 1
675 : 62 858 26 32 1
676 : 271 853 40 21 0
677 : 132 858 36 23 0
678 : 364 859 23 36 1
679 : 500 860 16 52 1
680 : 614 857 35 24 0
681 : 161 77 24 34 0
682 : 818 868 18 46 1
683 : 557 845 57 15 0
684 : 685 878 35 23 0
685 : 403 843 57 15 0
686 : 460 849 40 21 0
687 : 400 873 24 34 1
688 : 32 848 28 30 1
689 : 558 876 23 35 1
690 : 552 860 52 16 0
691 : 818 853 56 15 0
692 : 939 866 46 18 0
693 : 874 853 30 28 0
694 : 94 875 28 29 1
695 : 268 876 17 48 1
696 : 213 871 15 55 1
697 : 689 862 52 16 0
698 : 914 884 57 14 0
699 : 242 893 56 14 0
700 : 213 856 15 56 1
701 : 741 862 23 36 1
702 : 403 858 56 15 0
703 : 864 881 16 50 1
704 : 459 870 25 33 1
705 : 777 874 37 22 0
706 : 649 864 36 23 0
707 : 0 858 33 25 1
708 : 492 876 31 26 0
709 : 123 881 35 23 0
710 : 56 884 36 22 0
711 : 316 876 23 35 1
712 : 434 873 24 33 0
713 : 762 896 52 15 0
714 : 393 897 26 30 1
715 : 523 876 35 23 0
716 : 847 897 56 14 0
717 : 168 875 30 27 0
718 : 604 881 20 40 1
719 : 814 886 33 24 0
720 : 198 886 44 18 0
721 : 25 876 31 26 0
722 : 351 882 42 19 0
723 : 903 898 56 14 0
724 : 644 887 36 22 0
725 : 959 898 20 39 1
726 : 0 891 31 25 1
727 : 523 899 14 56 1
728 : 593 901 22 35 1
729 : 25 906 21 36 1
730 : 458 895 27 29 1
731 : 985 843 53 15 1
732 : 329 901 35 22 0
733 : 720 885 42 19 0
734 : 364 901 27 28 1
735 : 904 912 34 22 0
736 : 680 901 31 25 0
737 : 231 907 21 36 1
738 : 298 899 31 25 0
739 : 92 904 16 48 1
740 : 711 904 17 45 1
741 : 423 906 28 27 0
742 : 628 909 29 26 0
743 : 814 910 30 25 0
744 : 844 911 25 30 1
745 : 487 902 33 23 0
746 : 157 921 37 20 0
747 : 61 906 27 28 1
748 : 938 918 22 34 1
749 : 380 928 21 35 1
750 : 89 920 34 22 0
751 : 874 912 25 30 1
752 : 198 904 33 23 0
753 : 267 907 27 28 1
754 : 123 920 34 22 0
755 : 515 39 37 20 0
756 : 972 918 23 32 0
757 : 748 927 16 46 1
758 : 32 927 27 27 0
759 : 0 927 23 32 1
760 : 711 921 20 37 1
761 : 756 911 16 47 1
762 : 415 933 22 33 1
763 : 158 902 40 19 0
764 : 727 943 48 15 0
765 : 226 928 32 23 0
766 : 348 928 32 23 0
767 : 846 937 52 14 0
768 : 904 934 22 33 1
769 : 794 936 14 52 1
770 : 193 951 14 51 1
771 : 157 941 36 20 0
772 : 520 913 44 17 0
773 : 823 951 42 17 0
774 : 554 946 48 15 0
775 : 937 940 29 25 0
776 : 380 949 34 21 0
777 : 451 925 18 41 1
778 : 657 926 18 41 1
779 : 564 913 24 31 0
780 : 295 924 53 14 0
781 : 620 935 33 22 0
782 : 448 943 40 18 0
783 : 527 930 27 27 0
784 : 87 942 38 19 0
785 : 588 923 32 23 0
786 : 343 951 34 21 0
787 : 258 938 52 14 0
788 : 488 951 21 34 1
789 : 310 938 22 33 1
790 : 966 950 21 34 1
791 : 194 927 32 23 0
792 : 414 955 22 32 1
793 : 125 942 30 24 0
794 : 764 965 17 41 1
795 : 549 961 14 50 1
796 : 492 930 35 21 0
797 : 698 941 25 29 1
798 : 805 968 46 15 0
799 : 653 944 20 36 1
800 : 59 933 28 26 0
801 : 865 951 34 21 0
802 : 727 958 19 37 1
803 : 481 972 18 38 1
804 : 31 959 18 39 1
805 : 687 966 23 30 1
806 : 775 950 15 48 1
807 : 646 964 17 41 1
808 : 379 970 31 22 0
809 : 286 960 50 14 0
810 : 410 977 34 20 0
811 : 244 952 17 42 1
812 : 150 982 52 13 0
813 : 0 950 31 23 0
814 : 190 965 41 17 0
815 : 155 961 20 35 1
816 : 809 983 21 32 1
817 : 899 956 37 19 0
818 : 717 977 40 17 0
819 : 70 961 14 50 1
820 : 0 973 31 22 0
821 : 602 957 16 44 1
822 : 231 969 16 43 1
823 : 336 972 16 43 1
824 : 335 988 24 28 1
825 : 522 957 26 27 1
826 : 936 965 29 24 0
827 : 679 989 28 24 0
828 : 890 283 26 26 0
829 : 446 961 20 35 1
830 : 250 985 24 28 0
831 : 757 983 13 52 1
832 : 0 1002 13 51 1
833 : 755 996 18 37 1
834 : 70 975 22 31 1
835 : 101 989 16 42 1
836 : 851 972 19 36 1
837 : 93 1005 15 44 1
838 : 953 993 32 21 0
839 : 965 971 31 22 0
840 : 58 997 19 35 1
841 : 120 966 30 23 0
842 : 574 1015 47 14 0
843 : 143 995 23 29 1
844 : 310 974 27 25 1
845 : 549 975 31 22 0
846 : 636 997 18 37 1
847 : 202 985 48 14 0
848 : 751 1014 41 16 0
849 : 519 983 28 24 0
850 : 599 973 18 38 1
851 : 792 1004 17 39 1
852 : 31 977 27 25 0
853 : 274 974 36 19 0
854 : 925 989 28 24 0
855 : 0 1015 14 47 1
856 : 471 990 21 32 1
857 : 137 1018 50 13 0
858 : 887 975 38 18 0
859 : 841 991 28 24 0
860 : 580 991 28 24 0
861 : 869 993 14 48 1
862 : 363 992 16 42 1
863 : 707 994 14 48 1
864 : 916 1029 15 43 1
865 : 608 991 24 28 1
866 : 964 1014 31 21 0
867 : 236 1013 31 21 0
868 : 574 1029 14 46 1
869 : 47 1016 25 26 1
870 : 363 1008 33 20 0
871 : 862 1020 24 27 1
872 : 333 1012 26 25 0
873 : 274 993 29 23 0
874 : 100 1020 36 18 0
875 : 293 1023 34 19 0
876 : 637 981 42 16 0
877 : 867 313 28 23 1
878 : 172 995 23 29 1
879 : 554 997 20 33 0
880 : 444 981 27 25 0
881 : 73 1020 27 24 0
882 : 831 1015 31 21 0
883 : 706 1023 34 19 0
884 : 440 1011 20 33 1
885 : 889 1020 27 24 0
886 : 201 999 35 19 0
887 : 303 1001 30 22 0
888 : 920 1014 15 44 1
889 : 473 1011 22 30 1
890 : 673 1013 33 20 0
891 : 405 997 35 19 0
892 : 0 1044 15 42 1
893 : 267 1016 26 25 0
894 : 43 1041 21 30 1
895 : 187 1018 25 26 1
896 : 503 1020 27 24 0
897 : 530 1020 28 23 1
898 : 806 1054 16 39 1
899 : 869 1007 13 51 1
900 : 503 1007 13 51 1
901 : 236 1034 30 21 0
902 : 0 1029 43 15 0
903 : 772 1039 14 45 1
904 : 621 1015 31 21 0
905 : 707 1008 44 15 0
906 : 959 1035 18 35 1
907 : 99 1056 27 23 0
908 : 100 1038 18 35 1
909 : 304 385 24 26 1
910 : 73 1044 24 26 1
911 : 422 1031 22 29 1
912 : 213 1018 23 28 0
913 : 792 1021 36 18 0
914 : 701 1042 35 18 0
915 : 652 1015 32 20 1
916 : 327 1037 21 30 1
917 : 672 1033 29 22 0
918 : 565 1058 28 22 0
919 : 396 1016 25 26 1
920 : 135 1051 33 19 0
921 : 451 1033 29 22 0
922 : 595 1043 24 26 0
923 : 773 1053 19 33 1
924 : 845 1059 28 22 0
925 : 359 1028 34 19 0
926 : 168 1058 31 20 0
927 : 538 1058 23 27 1
928 : 266 1042 35 18 0
929 : 236 1055 26 24 0
930 : 976 1053 24 26 0
931 : 477 95 17 38 1
932 : 210 1046 24 26 1
933 : 168 1043 15 42 1
934 : 501 1048 37 17 0
935 : 619 1057 27 23 0
936 : 901 1044 15 42 1
937 : 650 1055 16 39 1
938 : 394 1053 37 17 0
939 : 326 1058 23 27 1
940 : 806 1070 38 16 0
941 : 859 1044 42 15 0
942 : 0 1059 28 22 0
943 : 431 1068 13 47 1
944 : 136 1031 20 32 1
945 : 301 1042 25 25 0
946 : 262 1060 34 18 0
947 : 742 477 32 19 1
948 : 553 1043 15 42 1
949 : 620 1036 30 21 0
950 : 817 1039 15 42 1
951 : 126 1070 32 19 0
952 : 725 1070 38 16 0
953 : 480 1033 30 21 1
954 : 431 1055 48 13 0
955 : 736 1053 37 17 0
956 : 873 1059 28 22 0
957 : 740 1030 32 20 0
958 : 479 1065 36 17 0
959 : 357 1047 37 17 0
960 : 943 1053 19 33 1
961 : 199 1070 20 30 1
962 : 296 1067 29 21 0
963 : 593 1069 25 24 0
964 : 901 1076 23 26 1
965 : 229 1079 18 33 1
966 : 901 1059 36 17 0
967 : 290 79 21 28 0
968 : 262 1078 26 23 0
969 : 763 1072 25 24 0
970 : 844 1081 37 16 0
971 : 689 1060 36 17 0
972 : 515 1065 20 30 0
973 : 28 1062 18 34 1
974 : 684 1077 23 26 1
975 : 618 1080 21 28 1
976 : 353 1064 34 18 0
977 : 646 1071 38 16 0
978 : 62 1068 17 36 1
979 : 387 1070 29 21 0
980 : 158 1078 26 23 0
981 : 353 1082 17 34 1
982 : 565 1080 28 21 0
983 : 967 1079 33 18 0
984 : 325 1081 28 21 0
985 : 59 1085 17 34 1
986 : 937 1072 30 20 0
987 : 444 1081 29 20 0
988 : 535 1081 21 28 1
989 : 812 1086 30 19 0
990 : 0 1081 24 24 0
991 : 710 1086 34 17 0
992 : 478 1082 20 29 1
993 : 28 1080 31 19 0
994 : 788 1086 24 24 0
995 : 416 1081 21 28 1
996 : 646 1087 30 19 0
997 : 890 163 28 20 1
998 : 98 1079 22 27 1
999 : 184 1090 13 44 1
