200 387
0 : 0 30 110 32 0
1 : 154 140 12 33 0
2 : 170 0 78 15 1
3 : 154 78 62 18 1
4 : 76 91 16 53 0
5 : 0 91 37 76 1
6 : 0 62 14 97 1
7 : 0 247 28 43 1
8 : 172 157 16 9 1
9 : 115 153 15 22 0
10 : 135 78 64 19 1
11 : 76 168 10 13 0
12 : 110 60 4 27 0
13 : 154 173 12 13 0
14 : 197 23 3 6 0
15 : 97 116 7 22 0
16 : 0 128 67 16 0
17 : 135 142 27 14 1
18 : 172 78 13 41 0
19 : 135 0 78 35 1
20 : 0 0 30 115 1
21 : 97 62 8 54 0
22 : 115 0 20 91 0
23 : 97 138 6 6 0
24 : 185 0 72 12 1
25 : 0 76 15 92 1
26 : 0 165 22 58 1
27 : 67 128 19 6 1
28 : 0 187 38 48 1
29 : 0 144 21 61 1
30 : 172 119 10 38 0
31 : 0 225 22 47 1
32 : 0 326 22 37 1
33 : 110 30 5 30 0
34 : 192 72 5 9 0
35 : 197 0 3 15 0
36 : 76 144 24 10 1
37 : 0 348 20 37 1
38 : 135 169 18 13 1
39 : 0 368 23 19 0
40 : 0 275 41 27 0
41 : 105 62 18 5 1
42 : 185 137 6 11 0
43 : 0 302 39 24 0
44 : 185 116 21 6 1
45 : 115 91 62 17 1
46 : 115 175 20 15 1
47 : 197 15 3 8 0
48 : 185 72 44 7 1
