200 380
0 : 0 0 66 25 0
1 : 66 0 14 30 1
2 : 96 0 18 14 0
3 : 114 0 43 34 0
4 : 0 25 59 30 0
5 : 157 0 10 16 1
6 : 66 14 8 33 1
7 : 173 0 22 47 0
8 : 157 10 18 16 1
9 : 66 22 26 13 0
10 : 114 34 24 17 0
11 : 195 0 26 4 1
12 : 99 14 7 28 0
13 : 66 35 26 14 0
14 : 0 55 30 51 1
15 : 66 49 39 25 1
16 : 106 14 7 3 0
17 : 138 34 19 9 0
18 : 106 17 25 6 1
19 : 157 28 8 14 1
20 : 138 43 18 78 0
21 : 157 36 14 17 0
22 : 99 42 62 12 1
23 : 173 47 15 64 0
24 : 92 22 16 5 1
25 : 114 51 46 13 1
26 : 0 85 27 26 0
27 : 157 53 12 63 0
28 : 127 51 30 8 1
29 : 0 111 36 91 0
30 : 66 88 23 31 0
31 : 51 55 8 13 0
32 : 36 85 22 9 1
33 : 114 97 9 50 0
34 : 59 25 14 4 1
35 : 51 68 8 16 0
36 : 99 104 22 12 1
37 : 0 202 57 37 1
38 : 188 47 7 6 0
39 : 173 111 12 36 0
40 : 157 116 11 29 0
41 : 0 259 30 56 0
42 : 138 147 50 62 0
43 : 66 119 61 13 1
44 : 195 26 4 7 0
45 : 188 53 7 33 0
46 : 138 209 16 26 1
47 : 99 126 12 46 0
48 : 164 209 21 27 0
49 : 0 315 28 65 0
50 : 195 33 4 4 0
51 : 79 119 9 19 0
52 : 66 180 40 13 1
53 : 127 81 6 19 0
54 : 138 225 15 22 1
55 : 164 236 19 31 0
56 : 138 240 21 17 0
57 : 92 38 5 6 0
58 : 92 44 5 15 0
59 : 51 84 30 7 1
60 : 45 85 6 19 0
61 : 37 107 8 12 0
62 : 37 119 11 8 1
63 : 138 257 19 21 1
64 : 164 267 18 14 0
65 : 63 25 3 20 0
66 : 195 37 18 3 1
67 : 138 276 83 16 1
68 : 66 220 16 13 1
69 : 97 22 2 7 0
70 : 188 86 6 10 0
71 : 188 96 37 6 1
72 : 59 39 8 3 1
