200 248
0 : 0 72 110 32 0
1 : 0 225 12 33 1
2 : 159 146 78 15 1
3 : 87 145 62 18 0
4 : 67 180 16 53 1
5 : 48 0 37 76 1
6 : 0 211 14 97 1
7 : 156 0 28 43 1
8 : 169 228 16 9 0
9 : 174 146 15 22 1
10 : 0 145 64 19 0
11 : 187 216 10 13 1
12 : 28 243 4 27 1
13 : 174 216 12 13 1
14 : 55 243 3 6 1
15 : 139 236 7 22 1
16 : 0 164 67 16 0
17 : 174 176 27 14 1
18 : 97 211 13 41 1
19 : 48 37 78 35 0
20 : 126 0 30 115 0
21 : 33 235 8 54 1
22 : 58 125 20 91 1
23 : 185 232 6 6 0
24 : 97 224 72 12 0
25 : 67 196 15 92 1
26 : 0 104 22 58 1
27 : 0 237 19 6 0
28 : 0 0 38 48 1
29 : 58 104 21 61 1
30 : 33 225 10 38 1
31 : 156 79 22 47 0
32 : 178 79 22 37 0
33 : 87 243 5 30 1
34 : 19 237 5 9 1
35 : 0 243 3 15 1
36 : 71 225 24 10 0
37 : 149 126 20 37 1
38 : 174 203 18 13 0
39 : 64 145 23 19 0
40 : 156 28 41 27 0
41 : 182 238 18 5 0
42 : 187 226 6 11 1
43 : 156 55 39 24 0
44 : 161 237 21 6 0
45 : 87 163 62 17 0
46 : 174 161 20 15 0
47 : 19 242 3 8 1
48 : 95 236 44 7 0
