40400 50605
0 : 6129 47670 4629 1596 0
1 : 7697 49266 2919 783 0
2 : 31715 45929 8067 1832 0
3 : 29383 42955 7180 2974 0
4 : 20586 45992 1685 1708 1
5 : 36248 49888 2029 601 0
6 : 20000 7563 15046 7040 0
7 : 0 9743 6726 7039 1
8 : 6272 22847 7958 5170 1
9 : 27467 36249 3621 4223 1
10 : 14375 32522 4358 6846 0
11 : 17174 49214 6272 1268 0
12 : 31715 47761 6171 1473 0
13 : 27002 47962 3448 1249 0
14 : 29102 14603 6389 10170 1
15 : 0 30805 7910 5092 0
16 : 27467 31620 4629 11306 1
17 : 0 47686 1279 1621 1
18 : 31690 36249 3529 6846 1
19 : 21595 39963 3770 3117 0
20 : 25459 39870 3924 3177 0
21 : 7697 50049 2672 556 0
22 : 20899 26398 15046 5222 0
23 : 3842 45582 2050 2287 1
24 : 11442 27370 7958 5152 0
25 : 37886 48825 1063 2033 1
26 : 14804 45992 1823 5782 1
27 : 0 35897 4047 5429 1
28 : 20586 47723 6416 1491 0
29 : 31225 49234 859 2104 1
30 : 0 16469 6378 12850 1
31 : 15046 43080 10744 2912 0
32 : 6846 43175 4629 2353 0
33 : 33329 49234 2919 838 0
34 : 19400 31620 8067 5014 0
35 : 36563 42955 3139 2974 0
36 : 3842 47632 1685 1469 0
37 : 5668 49266 2029 824 0
38 : 20899 20992 15046 5406 0
39 : 18733 36634 6726 3329 0
40 : 10744 0 7958 9256 1
41 : 27002 49211 1080 4223 1
42 : 0 43175 2407 6846 1
43 : 0 22847 6272 5296 0
44 : 10758 47815 6171 1375 0
45 : 1621 47686 1253 1249 0
46 : 18373 14603 6389 10729 1
47 : 20000 0 7910 7563 0
48 : 7910 32522 4629 6465 1
49 : 0 48965 503 1621 1
50 : 10744 7958 7629 6846 0
51 : 15046 39963 6549 3117 0
52 : 31690 39778 6978 3177 0
53 : 23446 49214 2672 869 0
54 : 0 39944 15046 3231 0
55 : 25790 43047 4676 2287 1
56 : 6846 45528 7958 2142 0
57 : 28077 45929 3638 2033 0
58 : 37886 47761 1823 1064 0
59 : 1621 49101 4047 1135 0
60 : 10758 49190 6416 1357 0
61 : 0 45582 3842 2104 0
62 : 12850 20992 6378 8049 1
63 : 0 0 10744 9743 0
