100 1918
0 : 0 0 1 74 1
1 : 0 1 24 88 1
2 : 0 25 16 77 1
3 : 0 41 98 7 0
4 : 0 48 9 81 1
5 : 0 57 22 71 1
6 : 0 79 29 88 1
7 : 0 108 100 39 0
8 : 0 147 85 45 0
9 : 0 192 31 98 1
10 : 0 223 68 11 0
11 : 0 234 16 88 1
12 : 0 250 9 86 1
13 : 0 259 67 46 0
14 : 0 305 41 66 1
15 : 0 346 92 87 0
16 : 86 250 1 83 0
17 : 0 433 35 70 1
18 : 0 468 39 67 1
19 : 67 468 31 68 0
20 : 92 223 5 88 0
21 : 0 536 30 86 1
22 : 0 566 99 65 0
23 : 0 631 32 88 1
24 : 0 507 21 66 1
25 : 0 663 36 75 1
26 : 0 699 21 93 1
27 : 0 720 44 81 1
28 : 0 764 48 87 1
29 : 77 25 4 10 0
30 : 0 812 53 76 1
31 : 67 259 17 83 0
32 : 76 812 37 24 1
33 : 0 865 33 78 1
34 : 0 898 49 82 1
35 : 0 947 52 88 1
36 : 0 999 38 28 0
37 : 0 1027 25 91 1
38 : 87 720 5 89 0
39 : 0 1052 50 75 1
40 : 87 250 1 96 0
41 : 0 1102 27 78 1
42 : 82 849 82 6 1
43 : 86 333 8 1 1
44 : 0 1129 25 80 1
45 : 0 1154 42 73 1
46 : 88 223 4 92 0
47 : 0 1196 29 100 1
48 : 80 1052 10 72 0
49 : 0 1225 78 15 0
50 : 0 1240 45 89 1
51 : 0 1285 60 58 0
52 : 91 849 8 73 0
53 : 92 311 6 87 0
54 : 0 1343 48 93 1
55 : 89 1225 4 87 0
56 : 0 1391 17 81 1
57 : 80 1124 5 71 0
58 : 0 1408 13 71 1
59 : 0 1421 10 75 1
60 : 0 1431 38 98 1
61 : 0 1469 66 98 1
62 : 0 1535 40 92 1
63 : 0 1575 84 10 0
64 : 0 1585 20 88 1
65 : 0 1605 39 100 1
66 : 38 999 28 30 1
67 : 93 1225 5 77 0
68 : 0 1644 14 86 1
69 : 86 536 24 12 1
70 : 60 1285 28 33 0
71 : 0 1658 46 90 1
72 : 0 1704 20 92 1
73 : 0 1724 69 86 1
74 : 0 1793 40 98 1
75 : 0 1833 48 76 1
76 : 0 1881 37 72 1
77 : 60 1318 28 22 0
78 : 76 1833 13 82 0
79 : 89 1833 11 70 0
