100 2111
0 : 99 203 1 74 0
1 : 0 804 24 88 1
2 : 0 1355 16 77 1
3 : 0 347 98 7 0
4 : 0 1246 9 81 1
5 : 0 1670 22 71 1
6 : 0 775 29 88 1
7 : 0 0 100 39 0
8 : 0 1045 85 45 0
9 : 0 316 31 98 1
10 : 0 1787 68 11 0
11 : 0 848 16 88 1
12 : 0 1036 9 86 1
13 : 0 1798 67 46 0
14 : 0 1883 41 66 1
15 : 0 423 92 87 0
16 : 98 172 1 83 0
17 : 0 1710 35 70 1
18 : 0 1844 39 67 1
19 : 0 1756 31 68 1
20 : 0 864 5 88 1
21 : 0 992 30 86 1
22 : 0 107 99 65 0
23 : 0 743 32 88 1
24 : 0 1924 21 66 1
25 : 0 1527 36 75 1
26 : 0 402 21 93 1
27 : 0 1185 44 81 1
28 : 0 869 48 87 1
29 : 93 533 4 10 0
30 : 0 1376 53 76 1
31 : 0 1100 17 83 1
32 : 0 2031 37 24 0
33 : 0 1280 33 78 1
34 : 0 1117 49 82 1
35 : 0 691 52 88 1
36 : 0 2003 38 28 0
37 : 0 570 25 91 1
38 : 0 686 5 89 1
39 : 0 1477 50 75 1
40 : 99 107 1 96 0
41 : 0 1313 27 78 1
42 : 0 1179 82 6 0
43 : 98 255 8 1 1
44 : 0 1255 25 80 1
45 : 0 1573 42 73 1
46 : 93 354 4 92 0
47 : 0 78 29 100 1
48 : 0 1660 10 72 1
49 : 0 1340 78 15 0
50 : 0 641 45 89 1
51 : 0 1945 60 58 0
52 : 0 1615 8 73 1
53 : 0 917 6 87 1
54 : 0 354 48 93 1
55 : 93 446 4 87 0
56 : 0 1229 17 81 1
57 : 0 1705 5 71 1
58 : 0 1692 13 71 1
59 : 0 1563 10 75 1
60 : 0 278 38 98 1
61 : 0 172 66 98 1
62 : 0 510 40 92 1
63 : 0 1090 84 10 0
64 : 0 828 20 88 1
65 : 0 39 39 100 1
66 : 0 2083 28 30 1
67 : 0 1371 5 77 1
68 : 0 1022 14 86 1
69 : 37 2031 24 12 1
70 : 0 2055 28 33 1
71 : 0 595 46 90 1
72 : 0 550 20 92 1
73 : 0 923 69 86 1
74 : 0 238 40 98 1
75 : 0 1429 48 76 1
76 : 0 1623 37 72 1
77 : 38 2003 28 22 1
78 : 0 1166 13 82 1
79 : 0 1745 11 70 1
