100 62
0 : 51 12 5 4 0
1 : 81 14 3 13 1
2 : 71 13 49 3 1
3 : 76 15 3 5 1
4 : 86 5 5 5 0
5 : 61 16 3 5 1
6 : 91 5 5 5 0
7 : 15 22 3 3 0
8 : 81 10 4 10 1
9 : 67 20 3 4 1
10 : 96 0 4 11 0
11 : 33 16 3 7 1
12 : 67 0 9 8 0
13 : 0 12 7 33 1
14 : 76 5 5 5 0
15 : 96 15 5 3 1
16 : 91 10 4 5 1
17 : 41 12 5 4 0
18 : 76 18 5 3 0
19 : 0 19 3 5 1
20 : 76 0 12 5 0
21 : 12 22 3 3 0
22 : 85 20 3 4 1
23 : 9 22 3 3 0
24 : 40 19 3 5 1
25 : 55 19 5 3 0
26 : 50 19 3 5 1
27 : 40 16 3 7 1
28 : 81 5 5 5 0
29 : 10 19 5 3 0
30 : 88 17 5 3 0
31 : 47 16 3 7 1
32 : 30 19 5 3 0
33 : 18 22 3 3 0
34 : 60 19 3 4 1
35 : 56 12 5 4 0
36 : 67 13 4 4 0
37 : 89 20 3 4 1
38 : 0 22 3 3 0
39 : 33 12 4 8 1
40 : 61 12 5 4 0
41 : 15 19 5 3 0
42 : 76 21 4 3 0
43 : 34 0 12 33 1
44 : 20 19 3 5 1
45 : 6 22 3 3 0
46 : 96 11 4 4 0
47 : 5 19 3 5 1
48 : 76 10 5 5 0
49 : 72 8 5 4 1
50 : 54 16 7 3 0
51 : 25 19 5 3 0
52 : 46 12 5 4 0
53 : 35 19 5 3 0
54 : 67 17 3 4 1
55 : 96 20 3 4 0
56 : 45 19 3 5 1
57 : 3 22 3 3 0
58 : 81 20 3 4 1
59 : 81 17 7 3 0
60 : 88 0 5 8 1
61 : 0 0 34 12 0
62 : 67 8 5 5 0
