247 704
0 : 45 508 39 27 0
1 : 205 394 41 33 0
2 : 199 619 46 17 0
3 : 36 661 33 17 0
4 : 58 678 27 17 0
5 : 145 525 88 17 0
6 : 135 670 31 17 0
7 : 135 636 43 17 0
8 : 0 282 213 40 0
9 : 69 661 33 17 0
10 : 29 678 29 17 0
11 : 0 508 45 27 0
12 : 119 481 57 27 0
13 : 0 654 36 17 0
14 : 145 508 102 17 0
15 : 82 644 39 17 0
16 : 0 242 240 40 0
17 : 118 508 25 27 1
18 : 118 542 82 17 0
19 : 116 593 54 17 0
20 : 228 670 24 17 1
21 : 102 670 33 17 0
22 : 88 394 117 33 0
23 : 67 576 67 17 0
24 : 103 427 99 27 0
25 : 42 644 40 17 0
26 : 0 200 244 42 0
27 : 160 653 38 17 0
28 : 88 361 146 33 0
29 : 0 535 82 17 0
30 : 52 610 50 17 0
31 : 166 670 31 17 0
32 : 0 112 224 44 0
33 : 198 653 37 17 0
34 : 0 361 88 38 0
35 : 0 156 207 44 0
36 : 0 0 152 65 0
37 : 0 427 103 27 0
38 : 61 481 58 27 0
39 : 0 481 61 27 0
40 : 169 454 71 27 0
41 : 152 619 47 17 0
42 : 0 454 98 27 0
43 : 0 552 76 17 0
44 : 176 481 50 27 0
45 : 0 569 67 17 0
46 : 0 322 247 39 0
47 : 102 687 17 17 0
48 : 121 653 39 17 0
49 : 197 670 31 17 0
50 : 119 687 15 17 1
51 : 170 602 53 17 0
52 : 152 0 112 49 1
53 : 76 559 76 17 0
54 : 0 620 46 17 0
55 : 178 636 43 17 0
56 : 152 559 69 17 0
57 : 46 627 45 17 0
58 : 0 671 29 17 0
59 : 98 454 71 27 0
60 : 91 627 44 17 0
61 : 221 542 60 17 1
62 : 60 593 56 17 0
63 : 85 678 20 17 1
64 : 102 610 50 17 0
65 : 0 586 60 17 0
66 : 134 576 63 17 0
67 : 0 637 42 17 0
68 : 84 508 34 27 0
69 : 0 603 52 17 0
