300 603
0 : 0 366 90 36 1
1 : 280 258 79 15 1
2 : 36 276 90 36 1
3 : 0 95 244 70 0
4 : 125 574 39 15 0
5 : 280 403 55 15 1
6 : 179 511 53 14 1
7 : 78 486 90 36 0
8 : 209 245 80 32 1
9 : 78 306 101 36 0
10 : 209 325 62 31 1
11 : 244 528 40 16 1
12 : 280 563 38 15 1
13 : 0 546 24 32 1
14 : 0 0 300 95 0
15 : 209 165 80 32 1
16 : 78 588 38 15 0
17 : 125 558 40 16 0
18 : 0 165 209 33 0
19 : 78 234 101 36 0
20 : 78 558 47 15 0
21 : 0 570 40 16 0
22 : 179 198 60 24 1
23 : 78 378 90 36 0
24 : 209 558 39 15 1
25 : 0 586 39 15 0
26 : 209 507 51 15 1
27 : 262 529 40 15 1
28 : 244 196 101 36 1
29 : 209 387 60 18 1
30 : 280 458 55 15 1
31 : 179 338 60 15 1
32 : 280 337 66 15 1
33 : 32 546 24 32 1
34 : 36 366 90 36 1
35 : 244 477 51 18 1
36 : 244 297 90 36 1
37 : 244 387 90 36 1
38 : 209 447 60 18 1
39 : 78 450 90 36 0
40 : 244 568 17 16 1
41 : 179 398 59 14 1
42 : 280 95 163 15 1
43 : 78 198 101 36 0
44 : 0 456 90 36 1
45 : 262 477 52 15 1
46 : 36 456 90 36 1
47 : 280 513 50 15 1
48 : 78 573 40 15 0
49 : 179 457 54 14 1
50 : 78 270 101 36 0
51 : 78 522 90 36 0
52 : 244 95 101 36 1
53 : 0 276 90 36 1
54 : 0 198 78 78 0
55 : 78 342 90 36 0
56 : 78 414 90 36 0
57 : 179 258 80 15 1
