100 3710
0 : 95 6 1 74 0
1 : 22 654 24 88 0
2 : 22 901 16 77 0
3 : 0 1 98 7 1
4 : 57 16 9 81 0
5 : 47 1459 22 71 0
6 : 58 778 29 88 0
7 : 47 580 100 39 1
8 : 39 1946 85 45 1
9 : 22 382 31 98 0
10 : 60 964 68 11 1
11 : 66 109 16 88 0
12 : 13 16 9 86 0
13 : 22 3284 67 46 1
14 : 22 3067 41 66 0
15 : 7 3532 92 87 1
16 : 7 15 1 83 1
17 : 38 2430 35 70 0
18 : 22 2924 39 67 0
19 : 39 2274 31 68 0
20 : 7 6 5 88 1
21 : 47 1035 30 86 0
22 : 22 2572 99 65 1
23 : 47 1121 32 88 0
24 : 47 1608 21 66 0
25 : 39 2031 36 75 0
26 : 66 16 21 93 0
27 : 39 2193 44 81 0
28 : 39 2106 48 87 0
29 : 90 15 4 10 0
30 : 22 3208 53 76 0
31 : 22 571 17 83 0
32 : 21 3437 37 24 0
33 : 47 1530 33 78 0
34 : 22 2671 49 82 0
35 : 38 2342 52 88 0
36 : 21 3461 38 28 1
37 : 22 480 25 91 0
38 : 7 1 5 89 1
39 : 22 3133 50 75 0
40 : 0 0 1 96 1
41 : 47 1381 27 78 0
42 : 22 16 82 6 1
43 : 94 11 8 1 1
44 : 47 1209 25 80 0
45 : 22 2851 42 73 0
46 : 96 0 4 92 0
47 : 22 194 29 100 0
48 : 66 354 10 72 0
49 : 22 823 78 15 1
50 : 39 1767 45 89 0
51 : 7 3624 60 58 0
52 : 13 102 8 73 0
53 : 7 16 6 87 0
54 : 39 1674 48 93 0
55 : 7 11 4 87 1
56 : 22 742 17 81 0
57 : 57 97 5 71 0
58 : 47 964 13 71 0
59 : 66 279 10 75 0
60 : 47 680 38 98 0
61 : 22 2753 66 98 0
62 : 47 1289 40 92 0
63 : 28 16 84 10 1
64 : 22 294 20 88 0
65 : 47 480 39 100 0
66 : 7 3682 28 30 1
67 : 52 16 5 77 0
68 : 38 16 14 86 0
69 : 58 3437 24 12 0
70 : 21 3499 28 33 0
71 : 39 1856 46 90 0
72 : 28 102 20 92 0
73 : 21 3351 69 86 0
74 : 47 866 40 98 0
75 : 22 2991 48 76 0
76 : 38 2500 37 72 0
77 : 58 3449 28 22 1
78 : 66 197 13 82 0
79 : 47 778 11 70 0
