200 290
0 : 159 0 110 32 1
1 : 146 137 12 33 0
2 : 63 152 78 15 1
3 : 100 126 62 18 1
4 : 124 148 16 53 0
5 : 48 0 37 76 1
6 : 0 193 14 97 0
7 : 78 37 28 43 1
8 : 191 0 16 9 1
9 : 78 187 15 22 0
10 : 78 123 64 19 1
11 : 124 201 10 13 1
12 : 33 131 4 27 0
13 : 146 170 12 13 0
14 : 121 60 3 6 0
15 : 191 70 7 22 0
16 : 17 131 67 16 1
17 : 17 198 27 14 1
18 : 146 78 13 41 0
19 : 124 0 78 35 1
20 : 48 37 30 115 0
21 : 191 16 8 54 0
22 : 159 110 20 91 0
23 : 191 111 6 6 0
24 : 179 110 72 12 1
25 : 48 152 15 92 0
26 : 78 65 22 58 0
27 : 191 92 19 6 1
28 : 0 0 38 48 1
29 : 100 65 21 61 0
30 : 179 182 10 38 0
31 : 124 78 22 47 0
32 : 0 89 22 37 1
33 : 41 114 5 30 0
34 : 191 135 5 9 0
35 : 121 37 3 15 0
36 : 146 183 24 10 1
37 : 0 111 20 37 1
38 : 146 119 18 13 1
39 : 124 125 23 19 1
40 : 0 38 41 27 0
41 : 191 117 18 5 1
42 : 41 103 6 11 0
43 : 0 65 39 24 0
44 : 41 82 21 6 1
45 : 0 131 62 17 1
46 : 100 188 20 15 1
47 : 121 52 3 8 0
48 : 41 38 44 7 1
