200 231
0 : 175 0 15 72 0
1 : 119 122 15 47 1
2 : 99 74 67 11 0
3 : 110 0 56 39 0
4 : 146 186 6 35 1
5 : 106 201 11 17 1
6 : 48 207 8 20 1
7 : 123 200 22 8 0
8 : 11 218 8 12 1
9 : 197 199 3 16 0
10 : 23 218 11 9 0
11 : 58 116 9 61 1
12 : 114 150 47 7 0
13 : 183 217 11 11 0
14 : 22 213 5 18 1
15 : 23 207 6 22 1
16 : 134 225 5 7 1
17 : 40 220 6 14 1
18 : 105 174 25 21 0
19 : 0 213 22 4 0
20 : 98 212 16 11 0
21 : 114 157 33 17 0
22 : 105 223 8 7 0
23 : 85 225 4 8 1
24 : 0 0 26 110 1
25 : 94 223 11 4 0
26 : 58 125 58 12 0
27 : 99 85 56 21 0
28 : 0 44 21 102 1
29 : 23 201 6 25 1
30 : 51 137 9 51 1
31 : 82 211 16 11 0
32 : 0 191 30 5 0
33 : 114 212 12 9 1
34 : 39 226 4 6 1
35 : 37 185 26 16 0
36 : 102 62 68 12 0
37 : 86 201 20 10 0
38 : 79 169 21 26 1
39 : 165 199 20 12 0
40 : 119 106 49 16 0
41 : 95 195 6 28 1
42 : 66 224 11 3 0
43 : 161 162 37 12 0
44 : 165 211 9 18 1
45 : 141 225 2 9 1
46 : 123 220 5 14 1
47 : 157 220 15 4 0
48 : 27 167 39 9 0
49 : 50 106 64 10 0
50 : 63 190 32 7 0
51 : 130 174 16 26 0
52 : 0 65 99 21 0
53 : 0 141 38 19 0
54 : 82 146 23 32 1
55 : 0 185 6 37 1
56 : 170 72 22 54 0
57 : 164 137 25 36 1
58 : 0 86 50 27 0
59 : 0 160 27 22 0
60 : 38 159 8 41 1
61 : 109 39 66 23 0
62 : 34 218 8 5 1
63 : 66 221 15 3 0
64 : 185 199 18 12 1
65 : 163 224 9 4 0
66 : 194 226 6 2 0
67 : 194 217 9 6 1
68 : 120 225 5 8 1
69 : 139 217 4 18 1
70 : 146 192 15 19 1
71 : 77 225 8 5 0
72 : 137 221 14 4 0
73 : 116 137 48 13 0
74 : 68 207 14 14 0
75 : 0 196 23 10 0
76 : 45 215 5 18 1
77 : 63 197 10 23 1
78 : 0 130 51 11 0
79 : 0 116 58 14 0
80 : 54 220 7 12 1
81 : 172 220 10 9 0
82 : 123 208 16 12 0
83 : 81 222 13 3 0
84 : 27 176 35 9 0
85 : 147 174 34 12 0
86 : 181 174 17 25 0
87 : 34 226 3 3 0
88 : 0 206 7 23 1
89 : 145 207 10 20 1
90 : 0 26 109 18 0
91 : 113 224 7 7 0
92 : 128 225 6 6 0
93 : 38 146 44 13 0
94 : 182 220 3 1 1
95 : 151 224 3 12 1
96 : 0 217 10 11 1
