200 336
0 : 83 30 66 25 1
1 : 108 142 14 30 0
2 : 161 261 18 14 0
3 : 161 218 43 34 1
4 : 0 62 59 30 1
5 : 108 198 10 16 0
6 : 145 64 8 33 0
7 : 108 95 22 47 0
8 : 0 283 18 16 1
9 : 108 172 26 13 1
10 : 57 238 24 17 1
11 : 78 16 26 4 1
12 : 91 96 7 28 0
13 : 161 204 26 14 0
14 : 0 121 30 51 0
15 : 0 172 39 25 1
16 : 194 134 7 3 1
17 : 30 150 19 9 1
18 : 191 91 25 6 1
19 : 187 204 8 14 0
20 : 83 0 18 78 1
21 : 0 269 14 17 1
22 : 83 18 62 12 0
23 : 63 16 15 64 0
24 : 153 64 16 5 1
25 : 145 18 46 13 1
26 : 161 309 27 26 1
27 : 0 16 12 63 1
28 : 83 96 30 8 1
29 : 161 0 36 91 0
30 : 0 211 23 31 0
31 : 145 113 8 13 0
32 : 98 96 22 9 1
33 : 0 41 9 50 1
34 : 78 42 14 4 1
35 : 145 97 8 16 0
36 : 88 188 22 12 1
37 : 161 147 57 37 1
38 : 180 279 7 6 0
39 : 63 80 12 36 0
40 : 30 102 11 29 0
41 : 161 91 30 56 0
42 : 57 126 50 62 0
43 : 0 28 61 13 0
44 : 98 118 4 7 0
45 : 50 41 7 33 0
46 : 57 207 16 26 1
47 : 0 50 12 46 1
48 : 0 242 21 27 0
49 : 108 30 28 65 0
50 : 180 285 4 4 0
51 : 30 131 9 19 0
52 : 30 62 40 13 1
53 : 136 86 6 19 0
54 : 57 223 15 22 1
55 : 57 188 19 31 1
56 : 57 262 21 17 1
57 : 102 118 5 6 0
58 : 153 80 5 15 0
59 : 50 74 30 7 1
60 : 136 67 6 19 0
61 : 63 116 8 12 1
62 : 130 105 11 8 0
63 : 161 288 19 21 0
64 : 179 261 18 14 1
65 : 191 116 3 20 0
66 : 194 116 18 3 1
67 : 0 0 83 16 0
68 : 161 275 16 13 0
69 : 91 124 2 7 1
70 : 130 95 6 10 0
71 : 136 30 37 6 1
72 : 191 136 8 3 1
