1000 1108
0 : 0 0 66 61 0
1 : 66 0 62 48 0
2 : 128 0 62 46 0
3 : 190 0 61 43 0
4 : 473 0 39 62 1
5 : 720 0 38 61 1
6 : 118 174 30 71 1
7 : 829 0 56 37 0
8 : 535 0 52 39 0
9 : 757 38 36 55 1
10 : 693 319 74 27 0
11 : 251 0 42 47 1
12 : 577 108 61 32 0
13 : 638 108 58 32 0
14 : 473 39 51 36 0
15 : 298 0 46 40 0
16 : 348 601 79 23 0
17 : 781 0 48 38 0
18 : 269 600 79 23 0
19 : 742 173 30 60 1
20 : 329 693 22 81 1
21 : 524 39 36 49 1
22 : 655 452 25 71 1
23 : 0 518 73 24 0
24 : 375 141 57 31 0
25 : 852 452 72 25 0
26 : 418 40 50 35 0
27 : 312 141 56 31 0
28 : 544 75 33 54 1
29 : 587 0 39 46 1
30 : 89 263 28 63 1
31 : 427 601 77 23 0
32 : 388 0 43 40 0
33 : 621 39 36 48 1
34 : 256 141 56 31 0
35 : 812 74 51 34 0
36 : 284 109 54 32 0
37 : 344 0 44 40 0
38 : 885 0 37 47 1
39 : 0 61 51 34 0
40 : 573 39 48 36 0
41 : 598 75 53 33 0
42 : 633 0 39 45 1
43 : 757 74 34 50 1
44 : 0 698 22 78 1
45 : 651 75 51 33 0
46 : 709 233 29 58 1
47 : 611 608 73 23 0
48 : 101 606 23 73 1
49 : 932 0 37 45 1
50 : 28 606 73 23 0
51 : 431 0 42 40 0
52 : 82 390 26 64 1
53 : 468 141 31 54 1
54 : 174 623 23 72 1
55 : 89 759 79 21 0
56 : 251 42 35 47 1
57 : 348 76 33 50 1
58 : 678 0 39 42 1
59 : 298 76 33 50 1
60 : 941 172 54 30 0
61 : 309 319 60 27 0
62 : 863 74 47 34 0
63 : 539 700 22 73 1
64 : 235 77 49 33 0
65 : 829 37 37 43 1
66 : 678 181 30 52 1
67 : 684 623 67 23 0
68 : 128 46 35 45 1
69 : 924 452 62 25 0
70 : 244 527 24 64 1
71 : 190 43 35 45 1
72 : 298 40 36 43 1
73 : 341 396 26 59 1
74 : 669 39 43 36 0
75 : 504 623 67 23 0
76 : 910 74 34 45 1
77 : 795 527 64 24 0
78 : 696 109 32 48 1
79 : 67 177 30 51 1
80 : 454 109 32 48 1
81 : 396 453 25 61 1
82 : 767 319 55 27 0
83 : 281 270 54 28 0
84 : 173 78 33 46 1
85 : 809 141 31 48 1
86 : 109 81 45 33 0
87 : 360 233 51 29 0
88 : 66 48 43 35 0
89 : 856 820 74 20 0
90 : 479 233 50 29 0
91 : 872 37 40 37 0
92 : 457 454 25 59 1
93 : 857 141 31 47 1
94 : 189 173 30 48 0
95 : 904 141 46 31 0
96 : 912 37 37 39 1
97 : 951 37 37 39 1
98 : 865 712 63 22 0
99 : 955 74 34 42 1
100 : 400 396 26 55 1
101 : 950 141 31 45 1
102 : 602 759 67 21 0
103 : 246 623 23 61 1
104 : 751 623 23 59 1
105 : 436 173 46 30 1
106 : 928 712 62 22 0
107 : 682 400 26 54 1
108 : 341 40 36 39 1
109 : 940 620 59 23 0
110 : 930 820 69 20 0
111 : 576 321 51 27 0
112 : 191 142 31 44 1
113 : 601 265 28 49 1
114 : 720 38 37 37 0
115 : 468 75 34 41 1
116 : 128 143 31 44 1
117 : 845 262 49 28 0
118 : 669 759 65 21 0
119 : 599 822 20 68 1
120 : 380 40 36 38 1
121 : 258 452 55 25 0
122 : 570 527 24 55 1
123 : 51 83 33 40 1
124 : 701 881 70 19 0
125 : 570 233 29 45 1
126 : 75 146 31 43 1
127 : 810 623 57 23 0
128 : 791 400 52 26 0
129 : 767 233 45 29 0
130 : 667 822 20 66 1
131 : 867 623 23 57 1
132 : 249 233 45 29 0
133 : 568 454 51 25 0
134 : 516 454 25 52 1
135 : 326 823 20 63 1
136 : 530 882 69 19 0
137 : 812 233 44 29 0
138 : 392 278 28 46 1
139 : 363 624 23 56 1
140 : 152 280 28 45 1
141 : 879 400 26 50 1
142 : 712 75 37 34 0
143 : 83 823 65 20 0
144 : 511 276 28 46 1
145 : 599 882 65 19 0
146 : 307 624 56 23 0
147 : 500 332 46 27 0
148 : 208 263 28 45 0
149 : 261 326 47 27 0
150 : 0 95 38 33 0
151 : 447 263 45 28 1
152 : 36 883 64 19 0
153 : 625 527 24 52 1
154 : 476 939 18 68 1
155 : 36 148 40 31 1
156 : 924 319 46 27 0
157 : 148 823 20 61 1
158 : 398 109 32 38 1
159 : 859 527 52 24 0
160 : 502 109 38 32 0
161 : 418 75 34 36 1
162 : 540 173 30 41 0
163 : 369 334 44 27 0
164 : 0 160 31 39 0
165 : 0 823 20 61 1
166 : 749 108 33 36 1
167 : 929 400 26 47 1
168 : 155 459 48 25 0
169 : 91 114 32 37 1
170 : 283 889 62 19 0
171 : 711 141 31 40 0
172 : 650 270 28 44 0
173 : 203 459 48 25 0
174 : 100 883 19 63 1
175 : 279 400 47 26 0
176 : 941 202 40 30 0
177 : 736 400 46 26 0
178 : 880 108 36 33 0
179 : 31 188 40 30 1
180 : 448 829 20 59 1
181 : 509 75 34 35 1
182 : 219 110 37 32 0
183 : 0 271 28 43 0
184 : 844 108 33 36 1
185 : 455 401 26 46 1
186 : 734 759 21 58 1
187 : 856 233 29 41 1
188 : 308 528 24 49 1
189 : 807 108 33 37 1
190 : 154 111 32 37 1
191 : 38 116 37 32 0
192 : 168 760 56 21 0
193 : 544 939 65 18 0
194 : 51 629 23 51 1
195 : 102 629 23 51 1
196 : 802 203 30 39 1
197 : 911 527 50 24 0
198 : 419 624 52 23 0
199 : 338 109 37 32 0
200 : 0 629 51 23 0
201 : 413 342 27 43 1
202 : 570 203 30 39 1
203 : 454 529 48 24 0
204 : 224 760 56 21 0
205 : 773 461 25 47 1
206 : 357 528 24 49 1
207 : 573 172 38 31 0
208 : 345 889 19 61 1
209 : 916 108 33 35 1
210 : 389 829 59 20 0
211 : 726 461 25 47 1
212 : 368 172 31 37 1
213 : 970 326 27 43 0
214 : 0 463 25 45 1
215 : 228 946 18 64 1
216 : 89 319 27 43 0
217 : 116 336 27 43 1
218 : 0 128 36 32 0
219 : 730 203 30 39 1
220 : 467 889 60 19 0
221 : 406 529 24 48 1
222 : 159 336 27 43 1
223 : 406 889 61 19 0
224 : 223 891 60 19 0
225 : 133 234 29 39 1
226 : 466 203 30 39 1
227 : 73 534 24 47 1
228 : 501 402 26 44 1
229 : 146 390 26 44 1
230 : 163 891 60 19 0
231 : 571 631 50 23 0
232 : 250 831 56 20 0
233 : 28 325 43 27 1
234 : 94 234 29 39 1
235 : 507 829 57 20 0
236 : 315 982 65 17 0
237 : 513 766 21 53 1
238 : 78 715 51 22 0
239 : 0 940 18 64 1
240 : 502 529 47 24 0
241 : 612 715 51 22 0
242 : 292 946 63 18 0
243 : 609 203 30 37 1
244 : 723 536 24 46 1
245 : 233 407 26 43 1
246 : 611 172 31 36 1
247 : 924 643 48 23 0
248 : 166 534 46 24 0
249 : 809 900 19 60 1
250 : 235 172 31 36 1
251 : 504 172 31 36 1
252 : 60 274 28 40 0
253 : 677 536 46 24 0
254 : 722 900 58 19 0
255 : 588 402 26 43 1
256 : 308 346 27 42 1
257 : 64 948 18 61 1
258 : 88 291 40 28 0
259 : 219 203 30 37 1
260 : 845 290 28 40 1
261 : 120 534 46 24 0
262 : 459 766 54 21 0
263 : 190 407 26 43 1
264 : 951 108 33 34 1
265 : 577 140 35 32 0
266 : 468 172 36 31 0
267 : 89 468 25 44 1
268 : 378 203 30 37 1
269 : 822 346 27 41 1
270 : 471 646 23 47 1
271 : 35 984 64 17 0
272 : 545 402 26 43 1
273 : 876 992 17 63 1
274 : 924 346 27 41 1
275 : 313 474 44 25 0
276 : 664 900 58 19 0
277 : 544 108 33 33 0
278 : 45 468 44 25 0
279 : 460 715 49 22 0
280 : 615 236 29 38 1
281 : 410 715 50 22 0
282 : 792 778 51 21 0
283 : 341 203 30 37 1
284 : 271 172 31 36 1
285 : 256 203 30 37 1
286 : 355 946 18 61 1
287 : 549 551 24 45 1
288 : 820 477 25 43 1
289 : 733 346 40 27 0
290 : 631 411 26 42 1
291 : 856 840 20 55 1
292 : 773 346 40 27 0
293 : 293 203 30 36 1
294 : 612 140 34 32 0
295 : 653 241 29 37 1
296 : 894 291 39 28 0
297 : 621 631 48 23 0
298 : 744 141 32 33 1
299 : 693 346 40 27 0
300 : 961 527 24 45 0
301 : 769 551 24 44 1
302 : 153 646 23 47 1
303 : 529 247 29 37 1
304 : 733 841 20 53 1
305 : 456 347 27 39 1
306 : 869 900 19 56 1
307 : 0 542 45 24 0
308 : 60 237 37 29 1
309 : 416 946 18 60 1
310 : 841 203 30 36 1
311 : 294 233 37 29 1
312 : 256 551 24 44 1
313 : 627 347 27 39 1
314 : 0 411 26 41 1
315 : 246 646 23 46 1
316 : 200 646 46 23 0
317 : 329 715 48 22 0
318 : 939 992 61 17 0
319 : 380 993 61 17 0
320 : 806 646 23 45 1
321 : 843 401 26 41 0
322 : 669 646 23 47 1
323 : 843 778 50 21 0
324 : 202 347 39 27 0
325 : 893 778 50 21 0
326 : 668 842 52 20 0
327 : 616 842 52 20 0
328 : 99 984 17 63 1
329 : 0 234 37 29 1
330 : 669 993 17 60 1
331 : 609 993 17 60 1
332 : 546 348 27 39 1
333 : 896 956 18 59 1
334 : 518 646 23 46 1
335 : 646 140 32 33 1
336 : 594 551 24 44 1
337 : 761 646 23 45 1
338 : 41 411 26 41 1
339 : 877 203 30 35 1
340 : 943 778 50 21 0
341 : 307 172 34 31 0
342 : 786 841 52 20 0
343 : 172 251 36 29 0
344 : 251 477 41 25 0
345 : 863 347 27 39 1
346 : 716 646 23 45 1
347 : 782 426 26 39 1
348 : 505 203 30 35 1
349 : 0 199 35 30 1
350 : 899 551 24 43 1
351 : 933 291 37 28 0
352 : 609 957 18 58 1
353 : 122 416 26 40 1
354 : 585 348 27 38 1
355 : 300 552 24 43 1
356 : 540 141 32 33 1
357 : 212 551 24 44 1
358 : 945 880 19 55 1
359 : 557 291 37 28 0
360 : 125 948 18 59 1
361 : 911 840 53 20 0
362 : 752 291 28 37 1
363 : 715 291 28 37 1
364 : 129 715 22 47 1
365 : 0 346 27 38 0
366 : 82 416 40 26 0
367 : 527 901 19 54 1
368 : 729 993 60 17 0
369 : 673 426 26 39 1
370 : 594 293 28 36 1
371 : 619 477 42 25 0
372 : 602 780 21 48 1
373 : 335 291 28 37 1
374 : 411 249 29 36 1
375 : 813 551 43 24 0
376 : 236 291 37 28 0
377 : 945 899 55 19 0
378 : 663 715 22 46 1
379 : 475 291 28 36 1
380 : 53 902 52 19 0
381 : 326 422 26 39 1
382 : 908 172 31 33 1
383 : 404 422 26 39 1
384 : 678 291 37 28 0
385 : 533 1027 63 16 0
386 : 176 715 47 22 0
387 : 564 842 52 20 0
388 : 548 993 17 61 1
389 : 427 553 24 42 1
390 : 904 477 25 41 1
391 : 875 172 33 31 0
392 : 777 141 32 32 0
393 : 749 957 18 55 1
394 : 566 262 35 29 0
395 : 0 902 53 19 0
396 : 661 477 25 41 1
397 : 470 1027 63 16 0
398 : 679 141 32 32 0
399 : 441 993 17 60 1
400 : 55 347 37 27 1
401 : 666 347 27 37 0
402 : 61 207 30 33 1
403 : 856 551 43 24 0
404 : 118 204 34 30 0
405 : 863 477 25 41 1
406 : 61 843 52 20 0
407 : 842 172 33 31 0
408 : 415 219 33 30 0
409 : 306 843 50 20 0
410 : 357 478 25 40 1
411 : 809 172 33 31 0
412 : 241 353 38 27 0
413 : 0 843 20 50 1
414 : 754 715 45 22 0
415 : 436 141 32 32 0
416 : 365 422 26 39 1
417 : 343 552 42 24 0
418 : 353 1027 63 16 0
419 : 89 780 48 21 0
420 : 722 1027 16 61 1
421 : 869 426 38 26 0
422 : 945 477 25 41 1
423 : 273 298 28 36 1
424 : 276 426 26 39 1
425 : 581 901 19 53 1
426 : 659 1027 63 16 0
427 : 851 646 23 44 1
428 : 650 780 21 47 1
429 : 350 361 37 27 0
430 : 495 359 37 27 0
431 : 897 262 29 34 1
432 : 28 289 28 36 0
433 : 397 478 25 40 1
434 : 152 204 30 34 1
435 : 789 291 36 28 0
436 : 336 647 23 43 1
437 : 155 363 36 27 0
438 : 339 781 21 47 1
439 : 385 553 24 42 1
440 : 144 1034 16 61 1
441 : 437 479 25 39 1
442 : 205 1034 61 16 0
443 : 945 426 38 26 0
444 : 292 647 23 44 1
445 : 540 214 30 33 0
446 : 596 1027 63 16 0
447 : 60 1035 60 16 0
448 : 676 211 30 33 1
449 : 280 781 46 21 0
450 : 744 780 21 47 1
451 : 709 715 22 45 1
452 : 279 353 27 37 0
453 : 42 652 23 42 1
454 : 804 957 18 54 1
455 : 113 843 49 20 0
456 : 162 843 20 48 1
457 : 137 781 21 47 1
458 : 372 306 28 35 1
459 : 127 558 24 41 1
460 : 469 553 41 24 0
461 : 379 647 43 23 0
462 : 697 780 21 47 1
463 : 82 363 27 37 1
464 : 334 908 19 51 1
465 : 105 902 19 52 1
466 : 638 560 24 40 1
467 : 970 291 28 35 0
468 : 30 228 32 30 1
469 : 646 203 30 33 0
470 : 422 647 23 42 1
471 : 385 908 19 51 1
472 : 45 558 41 24 0
473 : 119 363 27 36 1
474 : 511 304 28 35 1
475 : 476 479 25 39 1
476 : 86 558 41 24 0
477 : 554 479 25 39 1
478 : 219 1000 56 17 0
479 : 0 652 23 42 1
480 : 0 1001 17 55 1
481 : 769 203 30 33 1
482 : 55 1001 17 55 1
483 : 783 1027 16 59 1
484 : 606 654 23 42 1
485 : 667 957 54 18 0
486 : 907 426 26 38 1
487 : 283 908 51 19 0
488 : 0 720 44 22 0
489 : 266 1034 61 16 0
490 : 799 715 44 22 0
491 : 442 308 28 34 0
492 : 564 654 23 42 1
493 : 515 479 25 39 1
494 : 712 426 37 26 0
495 : 405 172 31 31 0
496 : 0 1035 16 60 1
497 : 648 669 23 41 1
498 : 356 849 48 20 0
499 : 407 306 28 35 1
500 : 186 221 30 32 1
501 : 168 558 40 24 0
502 : 184 964 52 18 0
503 : 315 999 57 17 0
504 : 133 484 25 39 1
505 : 84 652 23 42 1
506 : 0 781 21 45 1
507 : 799 919 49 19 0
508 : 912 232 31 30 0
509 : 267 716 22 44 1
510 : 972 643 23 41 0
511 : 210 484 38 25 0
512 : 740 486 25 38 1
513 : 789 993 57 17 0
514 : 443 427 26 36 1
515 : 825 318 28 33 1
516 : 464 669 23 41 1
517 : 436 908 50 19 0
518 : 306 373 27 35 1
519 : 965 369 27 35 1
520 : 717 560 24 39 1
521 : 197 308 28 34 1
522 : 162 1000 17 57 1
523 : 230 823 20 47 0
524 : 162 416 26 36 0
525 : 0 488 37 25 0
526 : 223 716 22 44 1
527 : 918 666 41 23 0
528 : 208 575 39 24 0
529 : 901 1009 17 55 1
530 : 172 484 25 38 1
531 : 157 910 50 19 0
532 : 236 964 18 51 1
533 : 690 262 29 33 1
534 : 448 233 31 30 0
535 : 931 262 29 33 1
536 : 647 172 31 31 0
537 : 207 910 50 19 0
538 : 634 919 49 19 0
539 : 723 262 32 29 0
540 : 678 560 24 39 1
541 : 509 722 22 43 1
542 : 386 781 45 21 0
543 : 630 314 34 28 0
544 : 210 823 47 20 1
545 : 377 715 22 42 0
546 : 928 734 22 42 1
547 : 702 486 25 38 1
548 : 846 1009 17 55 1
549 : 838 860 20 46 1
550 : 510 553 39 24 0
551 : 886 734 22 42 1
552 : 884 860 20 46 1
553 : 0 958 52 18 0
554 : 218 233 30 31 1
555 : 422 369 34 27 0
556 : 162 308 34 28 0
557 : 778 486 37 25 0
558 : 128 308 28 34 1
559 : 731 919 48 19 0
560 : 895 646 23 41 0
561 : 249 262 29 32 1
562 : 815 502 37 25 0
563 : 250 851 47 20 0
564 : 184 781 21 44 1
565 : 327 1043 57 16 0
566 : 891 319 28 33 1
567 : 756 575 39 24 0
568 : 229 669 40 23 0
569 : 858 318 28 33 1
570 : 479 262 29 32 1
571 : 404 849 47 20 0
572 : 74 493 25 37 1
573 : 387 369 35 27 0
574 : 505 669 23 40 1
575 : 942 572 24 39 1
576 : 315 1059 15 60 1
577 : 479 428 26 36 1
578 : 188 433 26 35 1
579 : 813 373 27 34 1
580 : 223 433 26 35 1
581 : 528 957 52 18 0
582 : 917 1058 60 15 0
583 : 833 575 38 24 0
584 : 549 575 38 24 0
585 : 587 575 38 24 0
586 : 360 262 29 32 1
587 : 720 861 45 20 0
588 : 287 964 18 51 1
589 : 552 722 22 43 1
590 : 434 1059 60 15 0
591 : 925 918 49 19 0
592 : 389 964 18 50 1
593 : 329 233 31 30 0
594 : 655 502 25 37 1
595 : 795 575 38 24 0
596 : 843 734 43 22 0
597 : 149 669 40 23 0
598 : 498 849 20 47 1
599 : 338 964 51 18 0
600 : 593 479 37 25 1
601 : 0 566 39 24 0
602 : 515 428 26 36 1
603 : 248 502 25 37 1
604 : 247 575 24 38 1
605 : 693 373 33 27 0
606 : 964 262 29 32 1
607 : 451 849 20 47 1
608 : 618 502 25 37 1
609 : 399 737 22 41 1
610 : 943 232 31 30 0
611 : 749 426 35 26 1
612 : 728 669 23 39 1
613 : 848 919 19 48 1
614 : 45 781 21 44 1
615 : 780 881 49 19 1
616 : 126 652 23 40 0
617 : 375 1059 15 59 1
618 : 902 373 27 34 1
619 : 189 669 23 40 1
620 : 551 428 26 35 1
621 : 431 787 21 43 1
622 : 683 919 19 48 1
623 : 29 260 31 29 0
624 : 755 262 31 29 0
625 : 586 428 26 35 1
626 : 228 781 43 21 0
627 : 476 957 52 18 0
628 : 292 499 25 37 1
629 : 871 575 37 24 0
630 : 595 737 41 22 0
631 : 56 319 33 28 0
632 : 0 314 28 32 0
633 : 930 860 20 46 1
634 : 311 737 41 22 0
635 : 765 861 44 20 0
636 : 37 493 25 37 1
637 : 533 920 19 47 1
638 : 726 373 27 33 1
639 : 558 787 41 21 0
640 : 285 576 37 24 0
641 : 486 920 47 19 0
642 : 689 669 39 23 0
643 : 532 375 27 32 1
644 : 852 502 35 25 0
645 : 621 437 26 34 1
646 : 474 787 42 21 0
647 : 456 374 27 32 1
648 : 322 576 36 24 0
649 : 847 374 27 32 1
650 : 191 374 32 27 0
651 : 440 737 22 39 1
652 : 545 862 20 43 1
653 : 546 319 30 28 0
654 : 623 374 32 27 0
655 : 372 1010 50 17 0
656 : 791 799 21 41 1
657 : 516 787 42 21 0
658 : 468 1043 52 16 0
659 : 110 1001 17 52 1
660 : 887 502 35 25 0
661 : 580 920 19 45 1
662 : 786 262 29 30 1
663 : 44 720 22 39 0
664 : 0 437 33 26 0
665 : 759 373 27 32 1
666 : 27 368 32 27 1
667 : 816 262 29 29 0
668 : 872 799 21 40 1
669 : 358 577 36 24 0
670 : 394 577 35 24 0
671 : 804 669 23 37 1
672 : 66 737 22 39 1
673 : 501 1010 17 50 1
674 : 767 669 23 37 1
675 : 33 437 26 32 1
676 : 832 799 40 21 0
677 : 305 670 36 23 0
678 : 269 670 23 36 1
679 : 944 1026 16 52 1
680 : 429 577 35 24 0
681 : 464 577 24 34 1
682 : 955 937 18 46 0
683 : 551 1059 57 15 0
684 : 0 675 35 23 0
685 : 494 1059 57 15 0
686 : 912 799 40 21 0
687 : 908 575 24 34 1
688 : 470 319 28 30 1
689 : 35 675 23 35 1
690 : 944 1042 52 16 0
691 : 608 1059 56 15 0
692 : 52 966 46 18 0
693 : 231 319 30 28 0
694 : 664 319 28 29 1
695 : 422 1010 17 48 1
696 : 776 1059 15 55 1
697 : 416 1027 52 16 0
698 : 653 1074 57 14 0
699 : 46 1081 56 14 0
700 : 664 1059 15 56 1
701 : 341 670 23 36 1
702 : 720 1059 56 15 0
703 : 384 1043 16 50 1
704 : 955 502 25 33 1
705 : 105 737 37 22 0
706 : 841 669 36 23 0
707 : 922 502 33 25 0
708 : 65 442 31 26 0
709 : 70 675 35 23 0
710 : 178 737 36 22 0
711 : 412 670 23 35 1
712 : 39 582 24 33 1
713 : 75 1066 52 15 0
714 : 96 442 26 30 1
715 : 377 670 35 23 0
716 : 822 1074 56 14 0
717 : 564 375 30 27 0
718 : 976 840 20 40 0
719 : 498 577 33 24 0
720 : 876 938 44 18 1
721 : 821 442 31 26 0
722 : 0 921 42 19 0
723 : 710 1074 56 14 0
724 : 142 737 36 22 0
725 : 588 862 20 39 1
726 : 391 503 31 25 0
727 : 766 1074 14 56 1
728 : 671 737 22 35 1
729 : 599 801 21 36 1
730 : 936 373 27 29 1
731 : 831 1059 53 15 0
732 : 636 737 35 22 0
733 : 42 921 42 19 0
734 : 594 375 27 28 1
735 : 706 737 34 22 0
736 : 360 503 31 25 0
737 : 952 799 21 36 1
738 : 329 503 31 25 0
739 : 520 1043 16 48 1
740 : 551 1010 17 45 1
741 : 223 380 28 27 0
742 : 126 442 29 26 0
743 : 452 504 30 25 0
744 : 482 504 25 30 1
745 : 545 677 33 23 0
746 : 664 862 37 20 0
747 : 251 380 27 28 1
748 : 774 737 22 34 1
749 : 635 801 21 35 1
750 : 740 737 34 22 0
751 : 422 504 25 30 1
752 : 578 677 33 23 0
753 : 54 384 27 28 1
754 : 808 737 34 22 0
755 : 297 863 37 20 0
756 : 877 687 23 32 1
757 : 615 1043 16 46 1
758 : 0 384 27 27 0
759 : 643 692 23 32 1
760 : 627 862 20 37 1
761 : 568 1043 16 47 1
762 : 247 738 22 33 1
763 : 84 921 40 19 0
764 : 127 1066 48 15 0
765 : 447 692 32 23 0
766 : 959 684 32 23 0
767 : 155 1081 52 14 0
768 : 214 738 22 33 1
769 : 207 1081 14 52 1
770 : 878 1088 14 51 1
771 : 0 863 36 20 0
772 : 956 1009 44 17 0
773 : 638 1010 42 17 0
774 : 223 1066 48 15 0
775 : 512 504 29 25 0
776 : 670 801 34 21 0
777 : 98 966 18 41 1
778 : 139 966 18 41 1
779 : 72 582 24 31 1
780 : 102 1081 53 14 0
781 : 479 744 33 22 0
782 : 973 952 40 18 1
783 : 655 384 27 27 0
784 : 257 927 38 19 0
785 : 909 689 32 23 0
786 : 704 801 34 21 0
787 : 259 1081 52 14 0
788 : 738 801 21 34 1
789 : 0 742 22 33 1
790 : 271 802 21 34 1
791 : 611 677 32 23 0
792 : 970 734 22 32 0
793 : 103 582 30 24 0
794 : 680 1010 17 41 1
795 : 703 1088 14 50 1
796 : 89 801 35 21 0
797 : 541 504 25 29 1
798 : 0 1067 46 15 0
799 : 50 863 20 36 1
800 : 315 448 28 26 0
801 : 124 802 34 21 0
802 : 295 927 19 37 1
803 : 721 975 18 38 1
804 : 894 974 18 39 1
805 : 479 692 23 30 1
806 : 175 1066 15 48 1
807 : 762 1010 17 41 1
808 : 280 738 31 22 0
809 : 929 1088 50 14 0
810 : 156 863 34 20 0
811 : 596 1010 17 42 1
812 : 453 1089 52 13 0
813 : 105 692 31 23 0
814 : 721 1010 41 17 0
815 : 86 863 20 35 1
816 : 358 802 21 32 1
817 : 332 927 37 19 0
818 : 275 1000 40 17 0
819 : 653 1088 14 50 1
820 : 512 744 31 22 0
821 : 661 1043 16 44 1
822 : 748 1043 16 43 1
823 : 705 1043 16 43 1
824 : 0 590 24 28 1
825 : 343 448 26 27 1
826 : 133 582 29 24 0
827 : 162 582 28 24 0
828 : 370 448 26 26 0
829 : 121 863 20 35 1
830 : 653 584 24 28 1
831 : 505 1089 13 52 1
832 : 97 1095 13 51 1
833 : 759 975 18 37 1
834 : 543 744 22 31 1
835 : 833 1043 16 42 1
836 : 369 927 19 36 1
837 : 271 1066 15 44 1
838 : 390 802 32 21 0
839 : 352 737 31 22 1
840 : 441 927 19 35 1
841 : 509 692 30 23 0
842 : 406 1089 47 14 0
843 : 194 692 23 29 1
844 : 111 509 27 25 0
845 : 842 756 31 22 0
846 : 796 975 18 37 1
847 : 801 1088 48 14 0
848 : 120 1050 41 16 0
849 : 970 596 28 24 0
850 : 439 975 18 38 1
851 : 803 1010 17 39 1
852 : 138 509 27 25 0
853 : 405 927 36 19 0
854 : 625 584 28 24 0
855 : 359 1089 14 47 1
856 : 326 802 21 32 1
857 : 148 1095 50 13 0
858 : 580 975 38 18 0
859 : 681 584 28 24 0
860 : 709 584 28 24 0
861 : 311 1089 14 48 1
862 : 875 1043 16 42 1
863 : 753 1088 14 48 1
864 : 358 1074 15 43 1
865 : 942 596 24 28 1
866 : 31 802 31 21 0
867 : 189 802 31 21 0
868 : 0 1082 14 46 1
869 : 744 511 25 26 1
870 : 367 869 33 20 0
871 : 190 599 24 27 1
872 : 218 509 26 25 0
873 : 165 692 29 23 0
874 : 477 975 36 18 0
875 : 974 918 34 19 1
876 : 791 1043 42 16 0
877 : 675 692 28 23 0
878 : 136 692 23 29 1
879 : 400 869 20 33 1
880 : 165 509 27 25 0
881 : 737 599 27 24 0
882 : 0 802 31 21 0
883 : 896 919 34 19 1
884 : 433 869 20 33 1
885 : 531 599 27 24 0
886 : 124 929 35 19 0
887 : 873 756 30 22 0
888 : 884 1073 15 44 1
889 : 903 756 22 30 1
890 : 334 869 33 20 0
891 : 159 929 35 19 0
892 : 569 1074 15 42 1
893 : 192 509 26 25 0
894 : 482 808 21 30 1
895 : 718 511 25 26 1
896 : 558 599 27 24 0
897 : 703 692 28 23 0
898 : 161 1050 16 39 1
899 : 46 1095 13 51 1
900 : 557 1089 13 51 1
901 : 220 802 30 21 0
902 : 315 1074 43 15 0
903 : 979 1058 14 45 0
904 : 158 802 31 21 0
905 : 928 1073 44 15 0
906 : 0 976 18 35 1
907 : 812 692 27 23 0
908 : 618 975 18 35 1
909 : 764 599 24 26 1
910 : 585 599 24 26 1
911 : 33 759 22 29 1
912 : 223 692 23 28 1
913 : 858 957 36 18 1
914 : 513 975 35 18 0
915 : 466 869 32 20 0
916 : 452 808 21 30 1
917 : 933 756 29 22 0
918 : 311 759 28 22 0
919 : 692 511 25 26 1
920 : 915 937 33 19 0
921 : 374 759 29 22 0
922 : 217 599 24 26 1
923 : 625 938 19 33 1
924 : 574 759 28 22 0
925 : 194 929 34 19 0
926 : 222 871 31 20 0
927 : 785 692 23 27 1
928 : 653 975 35 18 0
929 : 243 599 26 24 0
930 : 790 599 24 26 1
931 : 315 1016 17 38 1
932 : 816 599 24 26 1
933 : 611 1074 15 42 1
934 : 199 1017 37 17 0
935 : 758 692 27 23 0
936 : 401 1074 15 42 1
937 : 200 1050 16 39 1
938 : 273 1017 37 17 0
939 : 731 692 23 27 1
940 : 239 1050 38 16 0
941 : 443 1074 42 15 0
942 : 403 759 28 22 0
943 : 246 1095 13 47 1
944 : 190 870 20 32 1
945 : 770 511 25 25 0
946 : 214 982 34 18 0
947 : 812 938 32 19 0
948 : 485 1074 15 42 1
949 : 422 808 30 21 0
950 : 527 1074 15 42 1
951 : 844 938 32 19 0
952 : 0 1051 38 16 0
953 : 512 808 30 21 0
954 : 198 1095 48 13 0
955 : 162 1017 37 17 0
956 : 431 759 28 22 0
957 : 498 869 32 20 0
958 : 36 1018 36 17 0
959 : 236 1017 37 17 0
960 : 779 938 19 33 1
961 : 253 871 20 30 1
962 : 542 808 29 21 0
963 : 842 599 25 24 0
964 : 303 693 23 26 1
965 : 282 982 18 33 1
966 : 108 1018 36 17 0
967 : 828 820 21 28 1
968 : 277 693 26 23 0
969 : 867 599 25 24 0
970 : 38 1051 37 16 0
971 : 72 1018 36 17 0
972 : 809 861 20 30 0
973 : 180 982 18 34 1
974 : 251 693 23 26 1
975 : 571 808 21 28 1
976 : 248 982 34 18 0
977 : 277 1050 38 16 0
978 : 0 1018 17 36 1
979 : 250 802 29 21 1
980 : 839 692 26 23 0
981 : 876 1026 17 34 1
982 : 305 802 28 21 1
983 : 688 975 33 18 0
984 : 62 802 28 21 1
985 : 842 1026 17 34 1
986 : 829 880 30 20 0
987 : 859 880 29 20 0
988 : 772 820 21 28 1
989 : 719 938 30 19 0
990 : 916 599 24 24 0
991 : 910 1026 34 17 0
992 : 888 880 20 29 1
993 : 658 938 31 19 0
994 : 892 599 24 24 0
995 : 800 820 21 28 1
996 : 689 938 30 19 0
997 : 917 880 28 20 0
998 : 62 759 22 27 1
999 : 608 1089 13 44 1
