200 242
0 : 64 54 66 25 0
1 : 0 130 14 30 1
2 : 58 199 18 14 0
3 : 76 174 43 34 0
4 : 46 85 59 30 0
5 : 185 172 10 16 0
6 : 0 93 8 33 1
7 : 40 115 22 47 1
8 : 76 208 18 16 0
9 : 0 144 26 13 0
10 : 46 182 24 17 0
11 : 196 0 26 4 1
12 : 105 111 7 28 1
13 : 97 148 26 14 0
14 : 87 118 30 51 1
15 : 36 137 39 25 0
16 : 185 204 7 3 0
17 : 31 162 19 9 0
18 : 0 113 25 6 0
19 : 185 188 8 14 1
20 : 83 0 18 78 1
21 : 149 206 14 17 1
22 : 0 28 62 12 0
23 : 0 40 15 64 1
24 : 195 64 16 5 1
25 : 0 67 46 13 0
26 : 0 216 27 26 0
27 : 0 16 12 63 1
28 : 105 103 30 8 0
29 : 83 18 36 91 1
30 : 0 176 23 31 1
31 : 185 196 8 13 1
32 : 75 148 22 9 0
33 : 187 0 9 50 0
34 : 195 80 14 4 1
35 : 185 156 8 16 0
36 : 94 162 22 12 0
37 : 138 119 57 37 0
38 : 193 208 7 6 0
39 : 0 101 12 36 1
40 : 0 119 11 29 1
41 : 138 89 30 56 1
42 : 123 156 50 62 1
43 : 174 0 61 13 1
44 : 192 204 4 7 1
45 : 105 89 7 33 1
46 : 50 166 16 26 1
47 : 0 55 12 46 1
48 : 31 199 21 27 1
49 : 130 61 28 65 1
50 : 27 211 4 4 0
51 : 75 157 9 19 1
52 : 0 80 40 13 0
53 : 30 132 6 19 0
54 : 31 171 15 22 0
55 : 0 157 19 31 1
56 : 0 199 21 17 0
57 : 115 208 5 6 1
58 : 195 94 5 15 0
59 : 105 96 30 7 0
60 : 30 113 6 19 0
61 : 21 199 8 12 0
62 : 166 206 11 8 0
63 : 94 208 19 21 1
64 : 121 206 18 14 0
65 : 196 26 3 20 0
66 : 196 46 18 3 1
67 : 0 0 83 16 0
68 : 177 208 16 13 0
69 : 119 170 2 7 0
70 : 139 206 6 10 1
71 : 46 79 37 6 0
72 : 119 162 8 3 1
