100 27
0 : 42 19 5 4 0
1 : 34 3 3 13 1
2 : 0 0 49 3 0
3 : 67 13 3 5 1
4 : 86 21 5 5 0
5 : 77 13 3 5 1
6 : 31 22 5 5 0
7 : 28 20 3 3 0
8 : 94 0 4 10 0
9 : 55 19 3 4 1
10 : 82 5 4 11 1
11 : 67 10 3 7 1
12 : 19 18 9 8 0
13 : 49 0 7 33 1
14 : 72 22 5 5 0
15 : 0 15 5 3 0
16 : 5 18 4 5 1
17 : 92 18 5 4 0
18 : 82 13 5 3 0
19 : 5 15 3 5 1
20 : 82 0 12 5 0
21 : 72 19 3 3 0
22 : 47 19 3 4 1
23 : 78 19 3 3 0
24 : 97 13 3 5 0
25 : 72 13 5 3 0
26 : 30 15 3 5 0
27 : 67 7 3 7 1
28 : 81 19 5 5 0
29 : 15 15 5 3 0
30 : 10 15 5 3 0
31 : 74 7 3 7 1
32 : 25 15 5 3 0
33 : 10 21 3 3 0
34 : 64 19 3 4 1
35 : 0 18 5 4 0
36 : 68 19 4 4 0
37 : 33 19 3 4 1
38 : 75 19 3 3 0
39 : 81 9 4 8 1
40 : 59 19 5 4 0
41 : 67 16 5 3 0
42 : 89 9 4 3 0
43 : 34 7 12 33 1
44 : 72 16 3 5 1
45 : 16 22 3 3 0
46 : 64 22 4 4 0
47 : 20 15 3 5 1
48 : 91 22 5 5 0
49 : 14 18 5 4 0
50 : 74 10 7 3 0
51 : 77 16 5 3 0
52 : 37 19 5 4 0
53 : 87 18 5 3 0
54 : 97 18 3 4 0
55 : 10 18 3 4 1
56 : 82 16 3 5 1
57 : 13 22 3 3 0
58 : 51 19 3 4 1
59 : 93 10 7 3 0
60 : 89 13 5 8 1
61 : 0 3 34 12 0
62 : 0 22 5 5 0
