200 227
0 : 143 0 8 47 1
1 : 0 0 143 26 0
2 : 0 26 16 107 1
3 : 0 42 33 95 1
4 : 65 129 5 21 0
5 : 150 135 54 40 1
6 : 95 46 84 15 0
7 : 92 188 32 25 0
8 : 0 178 52 45 0
9 : 129 151 13 39 0
10 : 107 26 86 20 0
11 : 95 61 50 77 1
12 : 0 75 77 31 0
13 : 172 61 24 74 0
14 : 179 46 11 12 0
15 : 0 129 22 65 1
16 : 0 151 27 53 1
17 : 143 8 14 46 1
18 : 83 75 17 9 1
19 : 142 189 15 21 1
20 : 77 75 31 6 1
21 : 190 135 8 38 0
22 : 0 106 23 77 1
23 : 53 151 12 35 0
24 : 70 129 5 12 0
25 : 150 111 20 23 0
26 : 77 111 73 40 0
27 : 52 188 40 39 0
28 : 65 151 64 37 0
