1000 8665
0 : 0 5106 340 857 1
1 : 571 8474 104 178 1
2 : 0 2790 943 389 0
3 : 0 8217 189 491 1
4 : 0 8493 146 162 1
5 : 0 2672 33 963 1
6 : 789 7574 497 135 1
7 : 0 0 652 992 1
8 : 873 6384 121 598 0
9 : 886 4242 42 727 0
10 : 647 7574 142 505 0
11 : 776 5594 24 83 0
12 : 0 5446 150 776 1
13 : 947 2705 49 921 0
14 : 0 6609 493 677 1
15 : 0 4242 85 886 1
16 : 538 7559 421 99 1
17 : 0 1632 970 933 0
18 : 0 6357 252 738 1
19 : 677 7013 561 246 1
20 : 0 4327 882 779 0
21 : 736 6609 298 2 1
22 : 536 8079 452 169 0
23 : 947 3626 253 49 1
24 : 0 8406 338 87 0
25 : 776 5446 81 148 0
26 : 677 6609 59 375 0
27 : 0 7102 457 647 1
28 : 647 7102 12 189 0
29 : 637 7559 8 169 0
30 : 338 8474 191 233 1
31 : 0 2705 85 947 1
32 : 738 6384 629 135 1
33 : 0 2565 965 107 0
34 : 491 8365 359 109 0
35 : 931 4050 840 67 1
36 : 0 7559 538 142 0
37 : 882 4969 104 726 0
38 : 931 3179 15 871 0
39 : 850 8365 144 230 0
40 : 637 7728 10 114 0
41 : 0 5596 761 761 0
42 : 0 652 984 980 0
43 : 491 8248 408 117 0
44 : 647 7291 9 189 0
45 : 0 3179 931 913 0
46 : 0 7701 516 536 1
47 : 0 4092 150 906 1
48 : 761 5695 689 148 1
49 : 162 8493 103 146 1
