300 1010
0 : 0 0 90 36 0
1 : 90 0 79 15 0
2 : 169 0 90 36 0
3 : 90 15 244 70 1
4 : 259 0 39 15 0
5 : 0 36 55 15 0
6 : 169 36 53 14 0
7 : 259 15 90 36 1
8 : 55 36 80 32 1
9 : 222 36 101 36 1
10 : 169 50 62 31 1
11 : 0 51 40 16 0
12 : 0 67 38 15 0
13 : 0 82 24 32 1
14 : 169 137 300 95 1
15 : 0 106 80 32 1
16 : 200 50 38 15 1
17 : 200 88 40 16 1
18 : 90 259 209 33 1
19 : 123 259 101 36 1
20 : 40 51 47 15 1
21 : 264 105 40 16 1
22 : 55 116 60 24 1
23 : 123 360 90 36 1
24 : 40 98 39 15 1
25 : 280 105 39 15 1
26 : 40 137 51 15 1
27 : 280 144 40 15 1
28 : 169 437 101 36 1
29 : 55 176 60 18 1
30 : 264 145 55 15 1
31 : 280 184 60 15 1
32 : 0 186 66 15 1
33 : 205 437 24 32 1
34 : 123 450 90 36 1
35 : 55 236 51 18 1
36 : 169 538 90 36 1
37 : 123 540 90 36 1
38 : 55 287 60 18 1
39 : 169 628 90 36 1
40 : 169 112 17 16 0
41 : 15 186 59 14 1
42 : 40 188 163 15 1
43 : 123 630 101 36 1
44 : 169 718 90 36 1
45 : 264 200 52 15 1
46 : 123 731 90 36 1
47 : 280 244 50 15 1
48 : 0 252 40 15 1
49 : 15 245 54 14 1
50 : 169 808 101 36 1
51 : 123 821 90 36 1
52 : 169 909 101 36 1
53 : 123 911 90 36 1
54 : 205 461 78 78 0
55 : 205 539 90 36 1
56 : 241 539 90 36 1
57 : 264 252 80 15 1
