100 2979
0 : 24 993 38 90 0
1 : 0 543 24 82 0
2 : 35 651 18 75 0
3 : 0 2795 88 98 0
4 : 40 103 27 97 0
5 : 0 1 4 99 1
6 : 26 102 14 85 0
7 : 8 359 24 85 0
8 : 24 1152 28 76 0
9 : 0 2760 46 35 0
10 : 24 1083 20 69 0
11 : 0 625 21 79 0
12 : 24 552 41 99 0
13 : 21 1701 49 88 0
14 : 24 726 39 96 0
15 : 24 911 30 82 0
16 : 40 7 15 95 0
17 : 26 7 14 95 0
18 : 55 7 19 96 0
19 : 21 1539 50 93 0
20 : 0 0 1 99 1
21 : 21 1943 40 75 0
22 : 24 651 11 69 0
23 : 11 2431 82 66 1
24 : 21 2181 49 76 0
25 : 21 1789 85 47 1
26 : 11 2513 64 79 0
27 : 21 1632 27 69 0
28 : 0 7 8 97 0
29 : 40 295 28 94 0
30 : 21 1464 30 75 0
31 : 21 1874 32 69 0
32 : 8 269 29 90 0
33 : 0 444 39 99 0
34 : 24 543 7 11 1
35 : 8 7 100 18 1
36 : 11 2257 61 88 0
37 : 8 107 12 76 0
38 : 21 2018 45 79 0
39 : 40 200 28 95 0
40 : 20 107 6 67 0
41 : 0 2932 47 46 1
42 : 0 2893 45 39 0
43 : 40 389 19 84 0
44 : 74 7 12 85 0
45 : 21 1305 44 91 0
46 : 11 2592 56 70 0
47 : 8 187 21 82 0
48 : 24 1228 30 77 0
49 : 0 5 2 93 1
50 : 48 1632 31 14 1
51 : 24 822 35 89 0
52 : 74 92 9 76 0
53 : 21 1396 22 68 0
54 : 40 473 16 79 0
55 : 0 704 11 68 0
56 : 21 2097 50 84 0
57 : 93 5 3 87 0
58 : 11 2345 62 86 0
59 : 0 2662 98 86 1
