40400 52916
0 : 17783 31465 4629 1596 1
1 : 39404 24770 2919 783 1
2 : 7958 22521 8067 1832 1
3 : 34182 40115 7180 2974 1
4 : 7958 30588 1685 1708 1
5 : 17122 14684 2029 601 1
6 : 27910 0 15046 7040 1
7 : 10744 7958 6726 7039 1
8 : 0 22521 7958 5170 0
9 : 27910 34765 3621 4223 1
10 : 34182 30092 4358 6846 0
11 : 15836 24354 6272 1268 1
12 : 23529 35326 6171 1473 1
13 : 26378 14409 3448 1249 1
14 : 0 16132 6389 10170 1
15 : 10744 22733 7910 5092 1
16 : 0 27691 4629 11306 0
17 : 15836 22733 1279 1621 0
18 : 20000 35326 3529 6846 0
19 : 0 38997 3770 3117 0
20 : 34182 36938 3924 3177 0
21 : 10170 16132 2672 556 1
22 : 34182 15046 15046 5222 1
23 : 17783 19758 2050 2287 0
24 : 27910 20342 7958 5152 1
25 : 33062 24565 1063 2033 0
26 : 17783 25683 1823 5782 0
27 : 10744 30643 4047 5429 0
28 : 7958 32273 6416 1491 1
29 : 39404 17718 859 2104 0
30 : 20000 14409 6378 12850 0
31 : 20000 42172 10744 2912 1
32 : 27910 44935 4629 2353 1
33 : 39404 19822 2919 838 1
34 : 20000 27259 8067 5014 1
35 : 0 42114 3139 2974 0
36 : 17783 36094 1685 1469 1
37 : 39404 22741 2029 824 1
38 : 34950 0 15046 5406 1
39 : 4629 27691 6726 3329 1
40 : 10744 0 7958 9256 1
41 : 33062 20342 1080 4223 0
42 : 10744 43050 2407 6846 0
43 : 27910 15046 6272 5296 0
44 : 17783 37779 6171 1375 1
45 : 26378 17857 1253 1249 1
46 : 0 9743 6389 10729 1
47 : 20000 0 7910 7563 0
48 : 27910 28300 4629 6465 0
49 : 17122 16713 503 1621 0
50 : 20000 7563 7629 6846 0
51 : 27910 38386 6549 3117 1
52 : 10744 36072 6978 3177 1
53 : 39404 15046 2672 869 1
54 : 4629 34417 15046 3231 1
55 : 0 45088 4676 2287 1
56 : 17783 7958 7958 2142 1
57 : 17783 22045 3638 2033 1
58 : 26378 23157 1823 1064 1
59 : 26378 19110 4047 1135 1
60 : 25014 27259 6416 1357 1
61 : 17783 15916 3842 2104 1
62 : 10744 14684 6378 8049 0
63 : 0 0 10744 9743 0
