100 26
0 : 25 15 5 4 0
1 : 33 3 3 13 1
2 : 0 0 49 3 0
3 : 30 15 3 5 0
4 : 78 15 5 5 0
5 : 20 19 3 5 1
6 : 0 15 5 5 0
7 : 94 22 3 3 0
8 : 83 4 4 10 1
9 : 24 22 3 4 1
10 : 83 0 4 11 1
11 : 73 12 3 7 1
12 : 83 8 9 8 0
13 : 33 12 7 33 1
14 : 73 15 5 5 0
15 : 38 19 5 3 0
16 : 66 18 4 5 1
17 : 92 18 5 4 0
18 : 43 19 5 3 0
19 : 48 19 3 5 1
20 : 33 6 12 5 0
21 : 54 22 3 3 0
22 : 37 22 3 4 1
23 : 51 22 3 3 0
24 : 25 19 3 5 1
25 : 76 20 5 3 0
26 : 0 20 3 5 1
27 : 66 15 3 7 1
28 : 15 15 5 5 0
29 : 5 20 5 3 0
30 : 97 18 5 3 1
31 : 66 12 3 7 1
32 : 58 19 5 3 0
33 : 46 3 3 3 0
34 : 30 20 3 4 0
35 : 83 16 5 4 0
36 : 90 22 4 4 0
37 : 66 22 3 4 1
38 : 80 12 3 3 0
39 : 92 8 4 8 1
40 : 88 16 5 4 1
41 : 81 20 5 3 0
42 : 63 19 4 3 1
43 : 0 3 12 33 1
44 : 10 20 3 5 1
45 : 45 22 3 3 0
46 : 86 21 4 4 0
47 : 53 19 3 5 1
48 : 10 15 5 5 0
49 : 45 6 5 4 1
50 : 92 15 7 3 0
51 : 71 20 5 3 0
52 : 20 15 5 4 0
53 : 33 19 5 3 0
54 : 20 22 3 4 1
55 : 41 22 3 4 1
56 : 15 20 3 5 1
57 : 48 22 3 3 0
58 : 33 22 3 4 1
59 : 92 12 7 3 0
60 : 94 0 5 8 0
61 : 49 0 34 12 0
62 : 5 15 5 5 0
