100 28
0 : 10 18 5 4 0
1 : 83 0 3 13 1
2 : 0 0 49 3 0
3 : 80 17 3 5 0
4 : 26 15 5 5 0
5 : 46 19 3 5 1
6 : 83 16 5 5 0
7 : 81 24 3 3 0
8 : 83 8 4 10 1
9 : 66 23 3 4 1
10 : 96 0 4 11 0
11 : 0 15 3 7 1
12 : 66 12 9 8 0
13 : 33 12 7 33 1
14 : 21 15 5 5 0
15 : 61 19 5 3 0
16 : 36 19 4 5 1
17 : 41 19 5 4 0
18 : 20 20 5 3 0
19 : 25 20 3 5 1
20 : 83 3 12 5 0
21 : 73 25 3 3 0
22 : 24 23 3 4 1
23 : 87 25 3 3 0
24 : 51 19 3 5 1
25 : 88 22 5 3 0
26 : 0 22 3 5 1
27 : 14 15 3 7 1
28 : 75 17 5 5 0
29 : 5 22 5 3 0
30 : 76 22 5 3 0
31 : 91 14 3 7 1
32 : 83 21 5 3 0
33 : 38 23 3 3 0
34 : 58 22 3 4 1
35 : 15 18 5 4 0
36 : 50 22 4 4 0
37 : 62 22 3 4 1
38 : 41 23 3 3 0
39 : 83 12 4 8 1
40 : 31 19 5 4 0
41 : 93 22 5 3 0
42 : 54 22 4 3 0
43 : 0 3 12 33 1
44 : 10 22 3 5 1
45 : 84 24 3 3 0
46 : 46 22 4 4 0
47 : 66 20 3 5 1
48 : 93 17 5 5 0
49 : 0 18 5 4 0
50 : 7 15 7 3 0
51 : 71 22 5 3 0
52 : 5 18 5 4 0
53 : 56 19 5 3 0
54 : 30 23 3 4 1
55 : 34 23 3 4 1
56 : 15 22 3 5 1
57 : 70 25 3 3 0
58 : 20 23 3 4 1
59 : 93 11 7 3 0
60 : 75 12 5 8 1
61 : 49 0 34 12 0
62 : 88 17 5 5 0
