3000 9330
0 : 975 4359 365 185 1
1 : 975 3981 378 200 1
2 : 2462 3870 410 165 1
3 : 1175 3409 425 148 1
4 : 2462 3445 425 296 1
5 : 1590 1641 439 116 1
6 : 2462 0 464 1006 0
7 : 1590 1121 520 205 1
8 : 2462 2925 520 350 1
9 : 0 8800 540 530 0
10 : 1890 1690 549 1413 0
11 : 0 572 549 1882 1
12 : 0 8304 553 496 0
13 : 0 4553 555 755 1
14 : 0 7808 555 496 0
15 : 0 5598 555 659 1
16 : 0 7335 567 473 0
17 : 0 6763 572 592 1
18 : 0 3981 572 975 1
19 : 0 3409 572 1175 1
20 : 0 1693 572 1575 1
21 : 0 2837 572 1390 1
22 : 0 2265 572 1490 1
23 : 0 1121 572 1590 1
24 : 1890 0 572 1690 0
25 : 0 0 572 1890 1
26 : 0 6153 610 625 1
27 : 0 5108 660 490 0
28 : 1890 4052 690 447 1
29 : 2462 1976 949 445 1
30 : 1890 3103 949 478 1
31 : 2462 1006 970 463 1
