3000 9844
0 : 1175 3409 365 185 1
1 : 1590 1641 378 200 1
2 : 1590 2019 410 165 1
3 : 1590 2429 425 148 1
4 : 2462 3445 425 296 1
5 : 1590 2854 439 116 1
6 : 2462 0 464 1006 0
7 : 1590 1121 520 205 1
8 : 2462 2925 520 350 1
9 : 0 7629 540 530 1
10 : 1890 1690 549 1413 0
11 : 0 572 549 1882 1
12 : 0 8724 553 496 1
13 : 0 4553 555 755 1
14 : 0 8169 555 496 1
15 : 0 5718 555 659 0
16 : 0 9277 567 473 1
17 : 0 6377 572 592 0
18 : 0 3981 572 975 1
19 : 0 3409 572 1175 1
20 : 0 1693 572 1575 1
21 : 0 2837 572 1390 1
22 : 0 2265 572 1490 1
23 : 0 1121 572 1590 1
24 : 1890 0 572 1690 0
25 : 0 0 572 1890 1
26 : 0 5108 610 625 1
27 : 0 6969 660 490 1
28 : 1890 4052 690 447 1
29 : 2462 1976 949 445 1
30 : 1890 3103 949 478 1
31 : 2462 1006 970 463 1
