70 1153
0 : 0 0 43 31 0
1 : 0 31 43 31 0
2 : 0 62 43 31 0
3 : 0 93 43 31 0
4 : 0 124 41 30 0
5 : 0 154 41 30 0
6 : 0 1011 39 29 1
7 : 0 1050 39 29 1
8 : 0 184 39 29 0
9 : 0 213 39 29 0
10 : 0 242 38 28 0
11 : 0 270 38 28 0
12 : 0 298 38 28 0
13 : 0 326 38 28 0
14 : 0 354 37 27 0
15 : 0 381 37 27 0
16 : 0 408 37 27 0
17 : 0 435 36 26 0
18 : 0 461 36 26 0
19 : 0 487 36 26 0
20 : 0 513 36 26 0
21 : 0 539 35 25 0
22 : 0 564 35 25 0
23 : 0 589 35 25 0
24 : 0 755 34 24 1
25 : 0 614 34 24 0
26 : 0 638 34 24 0
27 : 0 662 34 24 0
28 : 0 686 23 33 1
29 : 0 709 23 33 1
30 : 0 732 23 33 1
31 : 0 978 23 33 0
32 : 0 789 32 22 1
33 : 0 821 32 22 1
34 : 0 853 32 22 1
35 : 0 885 21 31 0
36 : 0 916 21 31 0
37 : 0 947 21 31 0
38 : 43 0 18 29 0
39 : 43 29 18 29 0
40 : 43 58 18 29 0
41 : 43 87 27 17 1
42 : 43 114 27 17 1
43 : 43 141 24 15 1
44 : 43 165 24 15 1
45 : 0 1089 25 16 0
46 : 0 1105 25 16 0
47 : 0 1121 25 16 0
48 : 0 1137 25 16 0
49 : 43 189 24 15 1
50 : 43 213 14 23 0
51 : 43 236 14 23 0
52 : 43 259 14 23 0
53 : 43 282 14 23 0
54 : 43 305 12 21 0
55 : 43 326 12 21 0
56 : 43 347 12 21 0
57 : 43 368 11 19 0
58 : 43 387 11 19 0
59 : 43 406 11 19 0
60 : 43 425 11 19 0
61 : 61 0 17 9 1
