100 1673
0 : 0 786 38 90 1
1 : 0 1297 24 82 1
2 : 79 1492 18 75 0
3 : 0 0 88 98 1
4 : 0 929 27 97 1
5 : 88 174 4 99 0
6 : 84 1329 14 85 0
7 : 0 1243 24 85 1
8 : 0 1359 28 76 1
9 : 45 1623 46 35 0
10 : 0 1603 20 69 1
11 : 0 1459 21 79 1
12 : 0 477 41 99 1
13 : 0 557 49 88 1
14 : 0 606 39 96 1
15 : 0 1198 30 82 1
16 : 0 1228 15 95 1
17 : 76 824 14 95 0
18 : 0 1139 19 96 1
19 : 0 427 50 93 1
20 : 92 174 1 99 0
21 : 0 1158 40 75 1
22 : 82 1158 11 69 0
23 : 0 235 82 66 0
24 : 0 880 49 76 1
25 : 0 739 85 47 0
26 : 0 363 64 79 1
27 : 0 1492 27 69 1
28 : 0 1321 8 97 1
29 : 0 1064 28 94 1
30 : 0 1329 30 75 1
31 : 0 1427 32 69 1
32 : 0 1092 29 90 1
33 : 0 518 39 99 1
34 : 76 919 7 11 1
35 : 0 1121 100 18 0
36 : 0 174 61 88 1
37 : 85 1414 12 76 0
38 : 0 956 45 79 1
39 : 0 1036 28 95 1
40 : 89 956 6 67 0
41 : 0 1535 47 46 0
42 : 0 1623 45 39 0
43 : 0 1387 19 84 1
44 : 0 1480 12 85 1
45 : 0 645 44 91 1
46 : 0 824 56 70 1
47 : 0 1406 21 82 1
48 : 0 1267 30 77 1
49 : 95 956 2 93 0
50 : 0 1581 31 14 0
51 : 0 1001 35 89 1
52 : 85 1243 9 76 0
53 : 47 1535 22 68 0
54 : 0 1519 16 79 1
55 : 0 1662 11 68 1
56 : 0 689 50 84 1
57 : 85 689 3 87 0
58 : 0 301 62 86 1
59 : 0 88 98 86 0
