40400 72893
0 : 25790 18586 4629 1596 1
1 : 39382 2919 2919 783 1
2 : 11306 10271 8067 1832 1
3 : 30092 20917 7180 2974 1
4 : 11306 24120 1685 1708 1
5 : 29289 10628 2029 601 1
6 : 0 0 15046 7040 0
7 : 15046 43382 6726 7039 1
8 : 0 29247 7958 5170 0
9 : 0 66298 3621 4223 1
10 : 15046 50108 4358 6846 1
11 : 35106 12850 6272 1268 1
12 : 13138 16687 6171 1473 1
13 : 9256 21289 3448 1249 1
14 : 15046 20371 6389 10170 1
15 : 15046 38290 7910 5092 0
16 : 0 10271 4629 11306 1
17 : 36470 23761 1279 1621 0
18 : 0 52003 3529 6846 1
19 : 15046 69648 3770 3117 0
20 : 15046 66471 3924 3177 0
21 : 39382 5838 2672 556 1
22 : 15046 5406 15046 5222 0
23 : 23095 30602 2050 2287 0
24 : 15046 33138 7958 5152 0
25 : 27932 21267 1063 2033 0
26 : 11306 18338 1823 5782 0
27 : 15046 62424 4047 5429 1
28 : 13138 10271 6416 1491 1
29 : 37845 20262 859 2104 0
30 : 30092 0 6378 12850 0
31 : 36470 0 10744 2912 1
32 : 0 63945 4629 2353 0
33 : 39382 0 2919 838 1
34 : 30092 12850 8067 5014 1
35 : 0 69919 3139 2974 0
36 : 25790 23215 1685 1469 1
37 : 37845 22366 2029 824 1
38 : 15046 0 15046 5406 0
39 : 15046 54466 6726 3329 0
40 : 0 21289 7958 9256 1
41 : 27932 17044 1080 4223 0
42 : 36470 10744 2407 6846 0
43 : 0 58649 6272 5296 0
44 : 36470 17590 6171 1375 1
45 : 33066 24555 1253 1249 0
46 : 0 14900 6389 10729 1
47 : 0 34417 7910 7563 0
48 : 15046 57795 4629 6465 1
49 : 39382 8510 503 1621 0
50 : 0 41980 7629 6846 0
51 : 0 55532 6549 3117 0
52 : 0 48826 6978 3177 0
53 : 37845 17590 2672 869 1
54 : 0 7040 15046 3231 0
55 : 30092 28097 4676 2287 1
56 : 25790 10628 7958 2142 1
57 : 33066 20917 3638 2033 1
58 : 13138 22858 1823 1064 1
59 : 35106 19122 4047 1135 1
60 : 27932 10628 6416 1357 1
61 : 23095 26760 3842 2104 1
62 : 15046 26760 6378 8049 1
63 : 15046 10628 10744 9743 0
