200 208
0 : 175 0 15 72 0
1 : 119 106 15 47 1
2 : 99 74 67 11 0
3 : 110 0 56 39 0
4 : 34 178 6 35 1
5 : 159 189 11 17 1
6 : 176 192 8 20 1
7 : 99 185 22 8 0
8 : 138 199 8 12 1
9 : 113 137 3 16 0
10 : 89 199 11 9 0
11 : 58 116 9 61 1
12 : 192 0 47 7 1
13 : 116 197 11 11 0
14 : 170 126 5 18 1
15 : 94 193 6 22 1
16 : 163 200 5 7 1
17 : 102 163 6 14 0
18 : 109 157 25 21 0
19 : 166 74 22 4 1
20 : 73 196 16 11 0
21 : 76 146 33 17 0
22 : 69 169 8 7 1
23 : 64 102 4 8 1
24 : 0 0 26 110 1
25 : 40 156 11 4 1
26 : 58 125 58 12 0
27 : 99 85 56 21 0
28 : 0 44 21 102 1
29 : 192 125 6 25 0
30 : 48 137 9 51 1
31 : 39 194 16 11 0
32 : 69 179 30 5 0
33 : 14 193 12 9 1
34 : 28 180 4 6 1
35 : 151 173 26 16 0
36 : 102 62 68 12 0
37 : 155 85 20 10 1
38 : 179 151 21 26 0
39 : 74 184 20 12 0
40 : 50 86 49 16 0
41 : 0 180 6 28 1
42 : 27 113 11 3 0
43 : 0 156 37 12 0
44 : 55 194 9 18 1
45 : 99 65 2 9 0
46 : 100 199 5 14 1
47 : 109 137 15 4 1
48 : 166 0 39 9 1
49 : 50 106 64 10 0
50 : 102 178 32 7 0
51 : 76 163 16 26 1
52 : 0 65 99 21 0
53 : 152 132 38 19 0
54 : 44 146 23 32 1
55 : 192 88 6 37 0
56 : 170 72 22 54 0
57 : 116 132 25 36 1
58 : 0 86 50 27 0
59 : 152 151 27 22 0
60 : 192 47 8 41 0
61 : 109 39 66 23 0
62 : 23 186 8 5 1
63 : 0 113 15 3 0
64 : 121 185 18 12 0
65 : 94 184 9 4 1
66 : 69 177 6 2 0
67 : 48 130 9 6 0
68 : 170 62 5 8 0
69 : 166 96 4 18 0
70 : 177 177 15 19 1
71 : 114 106 8 5 1
72 : 50 102 14 4 0
73 : 0 130 48 13 0
74 : 0 193 14 14 0
75 : 28 184 23 10 0
76 : 102 44 5 18 0
77 : 51 184 10 23 1
78 : 119 121 51 11 0
79 : 0 116 58 14 0
80 : 139 182 7 12 1
81 : 99 137 10 9 0
82 : 23 194 16 12 0
83 : 37 156 13 3 1
84 : 34 169 35 9 0
85 : 0 168 34 12 0
86 : 134 157 17 25 0
87 : 44 143 3 3 0
88 : 0 186 7 23 1
89 : 139 189 10 20 1
90 : 0 26 109 18 0
91 : 150 199 7 7 0
92 : 157 200 6 6 0
93 : 0 143 44 13 0
94 : 34 168 3 1 0
95 : 15 113 3 12 1
96 : 127 197 10 11 1
