135 602
0 : 0 528 29 18 0
1 : 114 265 49 16 1
2 : 93 388 29 16 1
3 : 93 16 75 21 1
4 : 114 444 23 16 1
5 : 0 36 88 16 0
6 : 114 155 57 18 1
7 : 0 388 42 21 0
8 : 93 312 45 16 1
9 : 93 154 61 18 1
10 : 0 490 29 20 0
11 : 0 120 67 26 0
12 : 93 215 52 16 1
13 : 0 16 93 20 0
14 : 93 446 22 16 1
15 : 114 486 19 16 1
16 : 0 427 36 20 0
17 : 0 241 55 16 0
18 : 0 0 135 16 0
19 : 0 350 50 18 0
20 : 93 357 31 16 1
21 : 114 212 53 16 1
22 : 0 564 22 18 0
23 : 0 182 62 18 0
24 : 0 200 58 21 0
25 : 0 104 71 16 0
26 : 93 267 45 16 1
27 : 0 52 85 16 0
28 : 114 314 39 16 1
29 : 0 409 40 18 0
30 : 0 582 20 21 1
31 : 0 146 63 16 0
32 : 0 311 51 18 0
33 : 93 91 63 18 1
34 : 114 388 29 16 1
35 : 114 16 73 20 1
36 : 114 467 19 16 1
37 : 93 417 29 16 1
38 : 0 368 47 20 0
39 : 0 510 29 18 0
40 : 0 329 50 21 0
41 : 0 447 34 22 0
42 : 0 257 54 20 0
43 : 0 162 62 20 0
44 : 0 469 30 21 0
45 : 0 546 27 18 0
46 : 93 487 16 16 0
47 : 93 468 19 16 1
48 : 114 417 27 16 1
49 : 114 89 66 18 1
50 : 0 277 53 34 0
51 : 0 68 76 18 0
52 : 0 86 71 18 0
53 : 0 221 58 20 0
54 : 114 353 35 16 1
