300 565
0 : 180 351 90 36 0
1 : 285 351 79 15 1
2 : 202 279 90 36 0
3 : 0 95 244 70 0
4 : 163 198 39 15 0
5 : 0 497 55 15 0
6 : 0 512 53 14 0
7 : 90 393 90 36 0
8 : 0 465 80 32 0
9 : 101 285 101 36 0
10 : 244 95 62 31 1
11 : 140 465 40 16 0
12 : 39 549 38 15 0
13 : 53 525 24 32 1
14 : 0 0 300 95 0
15 : 180 459 80 32 0
16 : 188 550 38 15 0
17 : 278 496 40 16 1
18 : 0 165 209 33 0
19 : 0 213 101 36 0
20 : 263 491 47 15 1
21 : 0 526 40 16 0
22 : 80 465 60 24 0
23 : 90 321 90 36 0
24 : 0 542 39 15 0
25 : 228 538 39 15 0
26 : 212 520 51 15 0
27 : 188 535 40 15 0
28 : 0 285 101 36 0
29 : 80 489 60 18 0
30 : 200 505 55 15 0
31 : 270 431 60 15 1
32 : 285 430 66 15 1
33 : 156 535 24 32 1
34 : 0 357 90 36 0
35 : 55 507 51 18 0
36 : 0 321 90 36 0
37 : 90 357 90 36 0
38 : 140 491 60 18 0
39 : 180 387 90 36 0
40 : 180 321 17 16 0
41 : 200 491 59 14 0
42 : 0 198 163 15 0
43 : 0 249 101 36 0
44 : 0 393 90 36 0
45 : 160 520 52 15 0
46 : 180 423 90 36 0
47 : 106 523 50 15 0
48 : 85 538 40 15 0
49 : 106 509 54 14 0
50 : 101 249 101 36 0
51 : 0 429 90 36 0
52 : 101 213 101 36 0
53 : 90 429 90 36 0
54 : 209 165 78 78 0
55 : 202 243 90 36 0
56 : 202 315 90 36 0
57 : 270 351 80 15 1
