300 572
0 : 90 342 90 36 0
1 : 285 395 79 15 1
2 : 202 279 90 36 0
3 : 0 95 244 70 0
4 : 197 547 39 15 0
5 : 245 502 55 15 0
6 : 50 530 53 14 0
7 : 180 387 90 36 0
8 : 80 450 80 32 0
9 : 101 270 101 36 0
10 : 160 459 62 31 0
11 : 0 533 40 16 0
12 : 80 550 38 15 0
13 : 166 516 24 32 1
14 : 0 0 300 95 0
15 : 0 450 80 32 0
16 : 118 550 38 15 0
17 : 103 534 40 16 0
18 : 0 165 209 33 0
19 : 0 234 101 36 0
20 : 230 532 47 15 0
21 : 157 540 40 16 0
22 : 222 478 60 24 0
23 : 180 315 90 36 0
24 : 236 547 39 15 0
25 : 0 549 39 15 0
26 : 230 517 51 15 0
27 : 281 517 40 15 1
28 : 101 234 101 36 0
29 : 0 482 60 18 0
30 : 111 505 55 15 0
31 : 51 500 60 15 0
32 : 120 490 66 15 0
33 : 198 516 24 32 1
34 : 180 351 90 36 0
35 : 0 500 51 18 0
36 : 90 306 90 36 0
37 : 0 378 90 36 0
38 : 60 482 60 18 0
39 : 90 378 90 36 0
40 : 156 556 17 16 0
41 : 186 502 59 14 0
42 : 270 315 163 15 1
43 : 101 198 101 36 0
44 : 0 414 90 36 0
45 : 51 515 52 15 0
46 : 90 414 90 36 0
47 : 0 518 50 15 0
48 : 40 544 40 15 0
49 : 103 520 54 14 0
50 : 0 270 101 36 0
51 : 180 423 90 36 0
52 : 0 198 101 36 0
53 : 202 243 90 36 0
54 : 209 165 78 78 0
55 : 0 306 90 36 0
56 : 0 342 90 36 0
57 : 285 315 80 15 1
