411 541
0 : 0 0 200 200 0
1 : 285 421 26 14 1
2 : 364 326 30 30 0
3 : 321 200 64 63 0
4 : 364 356 22 22 0
5 : 169 400 24 18 0
6 : 200 321 100 100 0
7 : 200 0 200 200 0
8 : 300 389 58 58 0
9 : 165 479 164 56 0
10 : 321 263 64 63 0
11 : 386 356 24 18 0
12 : 0 535 411 6 0
13 : 386 374 24 18 0
14 : 169 421 58 58 0
15 : 300 447 27 23 0
16 : 200 200 121 121 0
17 : 0 458 165 56 0
18 : 0 200 200 200 0
19 : 300 326 64 63 0
20 : 285 447 26 14 1
21 : 358 389 26 14 0
22 : 227 421 58 58 0
23 : 0 400 169 58 0
