100 2035
0 : 0 58 1 74 1
1 : 0 302 24 88 1
2 : 0 358 16 77 1
3 : 0 1 98 7 0
4 : 0 78 9 81 1
5 : 0 748 22 71 1
6 : 0 501 29 88 1
7 : 0 413 100 39 0
8 : 0 942 85 45 0
9 : 0 206 31 98 1
10 : 0 583 68 11 0
11 : 0 108 16 88 1
12 : 0 33 9 86 1
13 : 0 1723 67 46 0
14 : 0 1579 41 66 1
15 : 0 1890 92 87 0
16 : 0 26 1 83 1
17 : 0 1198 35 70 1
18 : 0 1492 39 67 1
19 : 0 1115 31 68 1
20 : 0 17 5 88 1
21 : 0 594 30 86 1
22 : 0 1270 99 65 0
23 : 0 624 32 88 1
24 : 78 721 21 66 0
25 : 0 987 36 75 1
26 : 0 87 21 93 1
27 : 0 1071 44 81 1
28 : 0 1023 48 87 1
29 : 86 1474 4 10 1
30 : 0 1670 53 76 1
31 : 0 267 17 83 1
32 : 0 1838 37 24 0
33 : 0 770 33 78 1
34 : 0 1335 49 82 1
35 : 0 1146 52 88 1
36 : 37 1838 38 28 0
37 : 0 242 25 91 1
38 : 0 12 5 89 1
39 : 0 1620 50 75 1
40 : 0 0 1 96 1
41 : 0 721 27 78 1
42 : 0 42 82 6 0
43 : 99 452 8 1 1
44 : 0 656 25 80 1
45 : 0 1450 42 73 1
46 : 0 8 4 92 1
47 : 0 144 29 100 1
48 : 88 267 10 72 0
49 : 0 343 78 15 0
50 : 0 851 45 89 1
51 : 0 1977 60 58 0
52 : 0 294 8 73 1
53 : 0 27 6 87 1
54 : 0 803 48 93 1
55 : 0 22 4 87 1
56 : 0 326 17 81 1
57 : 0 237 5 71 1
58 : 0 570 13 71 1
59 : 0 284 10 75 1
60 : 0 452 38 98 1
61 : 0 1384 66 98 1
62 : 0 681 40 92 1
63 : 0 48 84 10 0
64 : 0 186 20 88 1
65 : 0 374 39 100 1
66 : 60 1977 28 30 1
67 : 0 73 5 77 1
68 : 0 59 14 86 1
69 : 86 1450 24 12 1
70 : 0 1862 28 33 1
71 : 0 896 46 90 1
72 : 0 124 20 92 1
73 : 0 1769 69 86 1
74 : 0 530 40 98 1
75 : 0 1531 48 76 1
76 : 0 1233 37 72 1
77 : 75 1838 28 22 1
78 : 0 173 13 82 1
79 : 0 490 11 70 1
