100 28
0 : 68 19 5 4 0
1 : 82 0 3 13 1
2 : 0 0 49 3 0
3 : 42 8 3 5 0
4 : 17 22 5 5 0
5 : 95 10 3 5 0
6 : 73 22 5 5 0
7 : 32 21 3 3 0
8 : 95 0 4 10 0
9 : 0 20 3 4 1
10 : 82 3 4 11 1
11 : 89 7 3 7 0
12 : 54 19 9 8 0
13 : 49 0 7 33 1
14 : 46 23 5 5 0
15 : 13 15 5 3 0
16 : 27 18 4 5 1
17 : 17 18 5 4 0
18 : 82 13 5 3 0
19 : 18 15 3 5 1
20 : 34 3 12 5 0
21 : 38 20 3 3 0
22 : 77 19 3 4 1
23 : 95 20 3 3 0
24 : 8 15 3 5 1
25 : 46 10 5 3 1
26 : 95 15 3 5 0
27 : 46 3 3 7 0
28 : 12 21 5 5 0
29 : 28 15 5 3 0
30 : 23 15 5 3 0
31 : 82 7 3 7 1
32 : 42 13 5 3 1
33 : 27 22 3 3 0
34 : 89 19 3 4 0
35 : 22 18 5 4 0
36 : 8 21 4 4 0
37 : 42 18 3 4 0
38 : 46 20 3 3 0
39 : 34 8 4 8 1
40 : 4 20 5 4 1
41 : 82 16 5 3 0
42 : 13 18 4 3 0
43 : 49 7 12 33 1
44 : 89 14 3 5 0
45 : 78 22 3 3 0
46 : 81 22 4 4 0
47 : 33 15 3 5 1
48 : 22 22 5 5 0
49 : 49 19 5 4 0
50 : 34 12 7 3 0
51 : 38 15 5 3 1
52 : 63 19 5 4 0
53 : 8 18 5 3 0
54 : 73 19 3 4 1
55 : 32 18 3 4 1
56 : 46 15 3 5 0
57 : 42 22 3 3 0
58 : 81 19 3 4 1
59 : 82 10 7 3 0
60 : 0 15 5 8 1
61 : 0 3 34 12 0
62 : 63 23 5 5 0
