100 1961
0 : 97 82 1 74 0
1 : 0 1665 24 88 1
2 : 0 1867 16 77 1
3 : 0 1954 98 7 0
4 : 0 1945 9 81 1
5 : 0 1713 22 71 1
6 : 0 1531 29 88 1
7 : 0 1082 100 39 0
8 : 0 830 85 45 0
9 : 0 1410 31 98 1
10 : 0 1925 68 11 0
11 : 0 1851 16 88 1
12 : 0 1936 9 86 1
13 : 0 739 67 46 0
14 : 0 961 41 66 1
15 : 0 0 92 87 0
16 : 98 0 1 83 0
17 : 0 1310 35 70 1
18 : 0 1160 39 67 1
19 : 0 1441 31 68 1
20 : 88 376 5 88 0
21 : 0 1472 30 86 1
22 : 0 222 99 65 0
23 : 0 1378 32 88 1
24 : 0 1756 21 66 1
25 : 0 1274 36 75 1
26 : 0 1735 21 93 1
27 : 0 875 44 81 1
28 : 0 597 48 87 1
29 : 63 1584 4 10 1
30 : 0 345 53 76 1
31 : 0 1817 17 83 1
32 : 0 1689 37 24 0
33 : 0 1345 33 78 1
34 : 0 500 49 82 1
35 : 0 398 52 88 1
36 : 67 1160 38 28 1
37 : 0 1615 25 91 1
38 : 88 287 5 89 0
39 : 0 450 50 75 1
40 : 92 1756 1 96 0
41 : 0 1588 27 78 1
42 : 92 0 82 6 1
43 : 92 1852 8 1 1
44 : 0 1640 25 80 1
45 : 0 919 42 73 1
46 : 81 875 4 92 0
47 : 0 1502 29 100 1
48 : 88 1312 10 72 0
49 : 0 1883 78 15 0
50 : 0 785 45 89 1
51 : 0 287 60 58 0
52 : 73 919 8 73 0
53 : 82 450 6 87 0
54 : 0 549 48 93 1
55 : 85 830 4 87 0
56 : 0 1834 17 81 1
57 : 92 82 5 71 0
58 : 86 1867 13 71 0
59 : 88 1237 10 75 0
60 : 0 1199 38 98 1
61 : 0 156 66 98 1
62 : 0 1042 40 92 1
63 : 78 1237 84 10 1
64 : 0 1797 20 88 1
65 : 0 1121 39 100 1
66 : 33 1560 28 30 1
67 : 88 464 5 77 0
68 : 0 1898 14 86 1
69 : 63 1560 24 12 1
70 : 0 1560 28 33 1
71 : 0 693 46 90 1
72 : 0 1777 20 92 1
73 : 0 87 69 86 1
74 : 0 1002 40 98 1
75 : 0 645 48 76 1
76 : 0 1237 37 72 1
77 : 37 1689 28 22 0
78 : 0 1912 13 82 1
79 : 76 287 11 70 0
