3000 5243
0 : 2215 4713 365 185 1
1 : 0 4774 378 200 0
2 : 1974 3864 410 165 0
3 : 1706 1121 425 148 1
4 : 2566 4661 425 296 0
5 : 1590 1121 439 116 1
6 : 2462 0 464 1006 0
7 : 2665 2814 520 205 1
8 : 2566 4141 520 350 1
9 : 1675 4713 540 530 0
10 : 1575 1693 549 1413 1
11 : 0 572 549 1882 1
12 : 1122 4474 553 496 0
13 : 2387 3386 555 755 0
14 : 567 4409 555 496 0
15 : 690 3854 555 659 1
16 : 0 4301 567 473 0
17 : 1974 4141 572 592 1
18 : 0 2837 572 975 1
19 : 1490 2814 572 1175 1
20 : 0 1693 572 1575 1
21 : 1575 2242 572 1390 1
22 : 0 2265 572 1490 1
23 : 0 1121 572 1590 1
24 : 1890 0 572 1690 0
25 : 0 0 572 1890 1
26 : 1349 3864 610 625 1
27 : 2462 1006 660 490 1
28 : 0 3854 690 447 0
29 : 0 3409 949 445 0
30 : 1438 3386 949 478 0
31 : 975 2837 970 463 1
