1000 9126
0 : 0 0 541 745 1
1 : 0 8528 344 301 0
2 : 540 8155 413 294 0
3 : 721 8785 266 341 0
4 : 0 5913 543 388 0
5 : 560 3581 367 701 0
6 : 0 541 526 707 1
7 : 0 6505 286 706 1
8 : 0 7680 614 289 0
9 : 543 5913 348 592 0
10 : 0 3150 673 431 0
11 : 614 7680 475 362 1
12 : 531 4282 562 439 1
13 : 0 1067 530 638 1
14 : 0 4557 609 375 1
15 : 0 7969 540 274 0
16 : 0 2664 486 634 1
17 : 344 8785 272 377 1
18 : 509 6791 623 306 1
19 : 0 7414 266 714 1
20 : 474 8449 341 336 0
21 : 0 8829 340 296 0
22 : 0 4078 531 479 0
23 : 0 1597 571 589 1
24 : 0 2168 674 496 0
25 : 0 3581 560 497 0
26 : 0 6791 509 389 0
27 : 375 4844 650 332 1
28 : 0 8243 474 285 0
29 : 375 5494 419 503 1
