300 633
0 : 0 387 90 36 0
1 : 80 574 79 15 0
2 : 0 315 90 36 0
3 : 0 173 244 70 0
4 : 87 604 39 15 0
5 : 0 582 55 15 0
6 : 113 619 53 14 0
7 : 0 423 90 36 0
8 : 0 495 80 32 0
9 : 244 95 101 36 1
10 : 160 510 62 31 0
11 : 282 510 40 16 1
12 : 242 604 38 15 0
13 : 32 527 24 32 1
14 : 0 0 300 95 0
15 : 80 510 80 32 0
16 : 204 604 38 15 0
17 : 115 542 40 16 0
18 : 90 477 209 33 0
19 : 101 279 101 36 0
20 : 0 597 47 15 0
21 : 0 551 40 16 0
22 : 222 510 60 24 0
23 : 90 351 90 36 0
24 : 126 604 39 15 0
25 : 165 604 39 15 0
26 : 162 589 51 15 0
27 : 285 566 40 15 1
28 : 0 243 101 36 0
29 : 160 541 60 18 0
30 : 55 589 55 15 0
31 : 225 574 60 15 0
32 : 159 574 66 15 0
33 : 0 527 24 32 1
34 : 90 387 90 36 0
35 : 64 542 51 18 0
36 : 0 351 90 36 0
37 : 180 405 90 36 0
38 : 222 534 60 18 0
39 : 90 423 90 36 0
40 : 282 550 17 16 0
41 : 0 619 59 14 0
42 : 115 559 163 15 0
43 : 244 196 101 36 1
44 : 180 441 90 36 0
45 : 110 589 52 15 0
46 : 0 459 90 36 0
47 : 213 589 50 15 0
48 : 47 604 40 15 0
49 : 59 619 54 14 0
50 : 0 279 101 36 0
51 : 202 297 90 36 0
52 : 101 243 101 36 0
53 : 90 315 90 36 0
54 : 0 95 78 78 0
55 : 180 333 90 36 0
56 : 180 369 90 36 0
57 : 0 567 80 15 0
