1000 11191
0 : 0 7625 340 857 0
1 : 389 6084 104 178 0
2 : 0 5358 943 389 1
3 : 252 9579 189 491 0
4 : 0 11029 146 162 0
5 : 457 6978 33 963 0
6 : 252 10522 497 135 1
7 : 0 3605 652 992 0
8 : 516 8358 121 598 0
9 : 407 7625 42 727 0
10 : 0 10294 142 505 0
11 : 652 4570 24 83 1
12 : 516 6264 150 776 0
13 : 882 2826 49 921 0
14 : 0 6301 493 677 0
15 : 761 4552 85 886 0
16 : 666 5671 421 99 1
17 : 0 980 970 933 0
18 : 0 9018 252 738 0
19 : 252 9018 561 246 1
20 : 0 2826 882 779 0
21 : 759 3605 298 2 1
22 : 252 10070 452 169 1
23 : 882 3747 253 49 1
24 : 765 5671 338 87 1
25 : 666 6092 81 148 0
26 : 765 6009 59 375 0
27 : 0 6978 457 647 0
28 : 457 7941 12 189 0
29 : 449 7625 8 169 0
30 : 666 5438 191 233 0
31 : 761 3605 85 947 0
32 : 516 7729 629 135 1
33 : 652 3605 965 107 1
34 : 516 9364 359 109 1
35 : 340 7625 840 67 1
36 : 0 9756 538 142 1
37 : 389 5358 104 726 0
38 : 493 5358 15 871 0
39 : 0 10799 144 230 0
40 : 457 8319 10 114 0
41 : 0 4597 761 761 0
42 : 0 0 984 980 0
43 : 516 8956 408 117 1
44 : 457 8130 9 189 0
45 : 0 1913 931 913 0
46 : 0 8482 516 536 0
47 : 516 5358 150 906 0
48 : 516 7040 689 148 1
49 : 516 9723 103 146 0
