1000 1090
0 : 451 27 66 61 0
1 : 517 71 62 48 0
2 : 644 78 62 46 0
3 : 879 81 61 43 0
4 : 944 47 39 62 0
5 : 319 82 38 61 1
6 : 311 22 30 71 1
7 : 494 164 56 37 0
8 : 54 230 52 39 0
9 : 56 194 36 55 1
10 : 473 0 74 27 0
11 : 397 373 42 47 1
12 : 772 82 61 32 0
13 : 630 140 58 32 0
14 : 562 263 51 36 0
15 : 833 82 46 40 0
16 : 160 0 79 23 0
17 : 0 331 48 38 0
18 : 81 0 79 23 0
19 : 940 109 30 60 1
20 : 0 0 22 81 1
21 : 361 327 36 49 1
22 : 913 22 25 71 1
23 : 621 0 73 24 0
24 : 421 156 57 31 0
25 : 547 20 72 25 0
26 : 724 274 50 35 1
27 : 824 169 56 31 0
28 : 352 202 33 54 1
29 : 949 408 39 46 1
30 : 130 61 28 63 1
31 : 396 0 77 23 0
32 : 89 509 43 40 0
33 : 48 337 36 48 1
34 : 353 171 56 31 0
35 : 0 263 51 34 0
36 : 935 207 54 32 0
37 : 326 479 44 40 0
38 : 48 373 37 47 1
39 : 384 264 51 34 0
40 : 512 336 48 36 0
41 : 821 217 53 33 0
42 : 583 447 39 45 1
43 : 0 297 34 50 1
44 : 318 0 22 78 1
45 : 817 268 51 33 0
46 : 827 140 29 58 1
47 : 694 0 73 23 0
48 : 767 0 23 73 1
49 : 92 448 37 45 1
50 : 840 0 73 23 0
51 : 129 549 42 40 0
52 : 517 45 26 64 1
53 : 0 214 31 54 1
54 : 239 21 23 72 1
55 : 239 0 79 21 0
56 : 144 373 35 47 1
57 : 868 297 33 50 1
58 : 671 549 39 42 1
59 : 153 297 33 50 1
60 : 605 215 54 30 0
61 : 767 114 60 27 0
62 : 855 373 47 34 0
63 : 913 0 22 73 1
64 : 563 328 49 33 0
65 : 44 510 37 43 1
66 : 406 234 30 52 1
67 : 829 23 67 23 0
68 : 481 448 35 45 1
69 : 63 79 62 25 0
70 : 752 46 24 64 1
71 : 0 448 35 45 1
72 : 525 510 36 43 1
73 : 500 138 26 59 1
74 : 568 510 43 36 0
75 : 762 23 67 23 0
76 : 281 448 34 45 1
77 : 581 45 64 24 0
78 : 96 337 32 48 1
79 : 51 269 30 51 1
80 : 253 337 32 48 1
81 : 193 83 25 61 1
82 : 172 194 55 27 0
83 : 520 215 54 28 0
84 : 189 408 33 46 1
85 : 199 338 31 48 1
86 : 848 448 45 33 0
87 : 102 273 51 29 0
88 : 370 512 43 35 0
89 : 547 0 74 20 0
90 : 363 298 50 29 0
91 : 774 617 40 37 0
92 : 304 139 25 59 1
93 : 458 374 31 47 1
94 : 759 338 30 48 1
95 : 235 409 46 31 0
96 : 634 649 37 39 1
97 : 961 647 37 39 1
98 : 193 61 63 22 0
99 : 307 550 34 42 1
100 : 880 194 26 55 1
101 : 137 448 31 45 1
102 : 619 24 67 21 0
103 : 579 85 23 61 1
104 : 559 139 23 59 1
105 : 898 409 46 30 0
106 : 0 80 62 22 0
107 : 111 215 26 54 1
108 : 370 650 36 39 1
109 : 887 139 59 23 0
110 : 70 23 69 20 0
111 : 210 273 51 27 0
112 : 370 481 31 44 1
113 : 612 328 28 49 1
114 : 271 728 37 37 0
115 : 670 588 34 41 1
116 : 526 479 31 44 1
117 : 970 290 49 28 1
118 : 0 41 65 21 0
119 : 139 23 20 68 1
120 : 776 684 36 38 0
121 : 227 195 55 25 0
122 : 282 195 24 55 1
123 : 385 617 33 40 1
124 : 0 22 70 19 0
125 : 419 449 29 45 1
126 : 309 519 31 43 1
127 : 59 157 57 23 0
128 : 713 234 52 26 0
129 : 737 449 45 29 0
130 : 686 41 20 66 1
131 : 239 158 23 57 1
132 : 326 450 45 29 0
133 : 763 274 51 25 0
134 : 335 235 25 52 1
135 : 324 62 20 63 1
136 : 382 23 69 19 0
137 : 45 481 44 29 0
138 : 47 410 28 46 1
139 : 672 173 23 56 1
140 : 526 451 28 45 1
141 : 261 298 26 50 1
142 : 852 725 37 34 1
143 : 382 42 65 20 0
144 : 696 409 28 46 1
145 : 65 43 65 19 0
146 : 616 172 56 23 0
147 : 389 415 46 27 0
148 : 628 450 28 45 1
149 : 295 374 47 27 0
150 : 812 692 38 33 0
151 : 782 450 45 28 0
152 : 816 46 64 19 0
153 : 765 235 24 52 1
154 : 694 23 18 68 1
155 : 514 617 40 31 0
156 : 93 421 46 27 0
157 : 706 86 20 61 1
158 : 850 693 32 38 1
159 : 165 235 52 24 0
160 : 318 692 38 32 0
161 : 730 788 34 36 1
162 : 626 588 30 41 1
163 : 848 481 44 27 0
164 : 0 650 31 39 1
165 : 254 86 20 61 1
166 : 74 788 33 36 1
167 : 608 376 26 47 1
168 : 459 349 48 25 0
169 : 153 728 32 37 1
170 : 387 81 62 19 0
171 : 337 617 31 40 1
172 : 673 481 28 44 1
173 : 807 338 48 25 0
174 : 387 62 19 63 1
175 : 555 381 47 26 0
176 : 881 617 40 30 0
177 : 281 422 46 26 0
178 : 419 788 36 33 0
179 : 970 607 40 30 1
180 : 0 139 20 59 1
181 : 0 831 34 35 1
182 : 659 732 37 32 0
183 : 132 521 28 43 1
184 : 468 788 33 36 1
185 : 0 422 26 46 1
186 : 766 141 21 58 1
187 : 391 588 29 41 1
188 : 918 328 24 49 1
189 : 554 728 33 37 1
190 : 0 732 32 37 1
191 : 394 732 37 32 0
192 : 0 176 56 21 0
193 : 130 43 65 18 0
194 : 673 274 23 51 1
195 : 261 275 23 51 1
196 : 774 654 30 39 1
197 : 50 299 50 24 0
198 : 659 236 52 23 0
199 : 116 728 37 32 0
200 : 321 274 51 23 0
201 : 761 521 27 43 1
202 : 80 651 30 39 1
203 : 144 349 48 24 0
204 : 550 177 56 21 0
205 : 342 382 25 47 1
206 : 303 329 24 49 1
207 : 195 693 38 31 0
208 : 449 88 19 61 1
209 : 540 831 33 35 1
210 : 180 139 59 20 0
211 : 806 382 25 47 1
212 : 478 732 31 37 1
213 : 611 521 27 43 1
214 : 893 457 25 45 1
215 : 260 52 18 64 1
216 : 413 522 27 43 1
217 : 654 522 27 43 1
218 : 264 788 36 32 0
219 : 744 636 30 39 0
220 : 380 118 60 19 0
221 : 855 349 24 48 1
222 : 697 522 27 43 1
223 : 125 89 61 19 0
224 : 0 120 60 19 0
225 : 465 657 29 39 1
226 : 894 651 30 39 1
227 : 95 384 24 47 1
228 : 226 481 26 44 1
229 : 182 481 26 44 1
230 : 315 120 60 19 0
231 : 561 299 50 23 0
232 : 746 177 56 20 0
233 : 807 523 43 27 0
234 : 162 657 29 39 1
235 : 176 159 57 20 0
236 : 195 44 65 17 0
237 : 946 139 21 53 1
238 : 153 275 51 22 0
239 : 880 47 18 64 1
240 : 0 384 47 24 0
241 : 868 275 51 22 0
242 : 0 62 63 18 0
243 : 591 733 30 37 1
244 : 491 424 24 46 1
245 : 221 527 26 43 1
246 : 886 788 31 36 1
247 : 410 350 48 23 0
248 : 537 427 46 24 0
249 : 510 119 19 60 1
250 : 504 788 31 36 1
251 : 185 789 31 36 1
252 : 425 617 28 40 1
253 : 435 425 46 24 0
254 : 118 141 58 19 0
255 : 0 523 26 43 1
256 : 804 550 27 42 1
257 : 0 102 18 61 1
258 : 814 617 40 28 0
259 : 515 733 30 37 1
260 : 206 617 28 40 1
261 : 599 423 46 24 0
262 : 659 215 54 21 0
263 : 936 523 26 43 1
264 : 70 867 33 34 1
265 : 958 831 35 32 0
266 : 587 788 36 31 0
267 : 0 483 25 44 1
268 : 886 733 30 37 1
269 : 972 566 27 41 0
270 : 902 386 23 47 1
271 : 645 61 64 17 0
272 : 265 523 26 43 1
273 : 63 62 17 63 1
274 : 479 589 27 41 1
275 : 892 482 44 25 0
276 : 363 152 58 19 0
277 : 639 898 33 33 0
278 : 270 482 44 25 0
279 : 661 329 49 22 0
280 : 930 690 29 38 0
281 : 759 299 50 22 0
282 : 979 239 51 21 1
283 : 439 733 30 37 1
284 : 382 788 31 36 1
285 : 76 733 30 37 1
286 : 380 100 18 61 1
287 : 182 457 24 45 1
288 : 175 528 25 43 1
289 : 624 618 40 27 0
290 : 846 552 26 42 1
291 : 606 195 20 55 1
292 : 664 622 40 27 0
293 : 766 789 30 36 1
294 : 255 867 34 32 0
295 : 738 733 29 37 1
296 : 39 658 39 28 0
297 : 710 349 48 23 0
298 : 68 900 32 33 1
299 : 290 622 40 27 0
300 : 371 457 24 45 1
301 : 936 484 24 44 1
302 : 191 385 23 47 1
303 : 923 733 29 37 1
304 : 282 219 20 53 1
305 : 933 651 27 39 0
306 : 116 177 19 56 1
307 : 673 457 45 24 0
308 : 230 733 37 29 0
309 : 60 121 18 60 1
310 : 221 789 30 36 1
311 : 347 733 37 29 0
312 : 570 486 24 44 1
313 : 673 659 27 39 1
314 : 520 591 26 41 1
315 : 645 427 23 46 1
316 : 802 427 46 23 0
317 : 661 351 48 22 0
318 : 254 106 61 17 0
319 : 706 106 61 17 0
320 : 227 458 23 45 1
321 : 736 589 26 41 1
322 : 238 386 23 47 1
323 : 203 300 50 21 0
324 : 545 658 39 27 0
325 : 814 301 50 21 0
326 : 280 239 52 20 0
327 : 458 238 52 20 0
328 : 816 65 17 63 1
329 : 960 733 37 29 0
330 : 440 123 17 60 1
331 : 120 124 17 60 1
332 : 119 659 27 39 1
333 : 239 140 18 59 1
334 : 327 427 23 46 1
335 : 138 899 32 33 1
336 : 481 483 24 44 1
337 : 938 461 23 45 1
338 : 126 589 26 41 1
339 : 109 832 30 35 1
340 : 100 302 50 21 0
341 : 214 867 34 31 0
342 : 217 239 52 20 0
343 : 844 789 36 29 0
344 : 561 591 41 25 0
345 : 245 658 27 39 1
346 : 45 458 23 45 1
347 : 409 666 26 39 1
348 : 612 832 30 35 1
349 : 910 832 35 30 0
350 : 850 528 24 43 1
351 : 308 740 37 28 0
352 : 688 155 18 58 1
353 : 82 625 26 40 1
354 : 888 706 27 38 1
355 : 893 528 24 43 1
356 : 244 899 32 33 1
357 : 89 485 24 44 1
358 : 661 196 19 55 1
359 : 696 734 37 28 0
360 : 59 139 18 59 1
361 : 464 218 53 20 0
362 : 775 741 28 37 1
363 : 628 733 28 37 0
364 : 505 386 22 47 1
365 : 0 705 27 38 1
366 : 921 625 40 26 0
367 : 713 215 19 54 1
368 : 706 123 60 17 0
369 : 284 666 26 39 1
370 : 922 804 28 36 1
371 : 888 552 42 25 0
372 : 913 352 21 48 1
373 : 812 741 28 37 1
374 : 338 789 29 36 1
375 : 456 529 43 24 0
376 : 37 734 37 28 0
377 : 111 196 55 19 0
378 : 742 427 22 46 1
379 : 663 788 28 36 0
380 : 106 241 52 19 0
381 : 813 666 26 39 1
382 : 0 904 31 33 1
383 : 584 666 26 39 1
384 : 190 741 37 28 0
385 : 709 70 63 16 0
386 : 708 387 47 22 0
387 : 927 239 52 20 0
388 : 61 104 17 61 1
389 : 218 553 24 42 1
390 : 344 592 25 41 1
391 : 827 905 33 31 0
392 : 814 936 32 32 0
393 : 716 197 18 55 1
394 : 695 830 35 29 1
395 : 227 220 53 19 0
396 : 888 592 25 41 1
397 : 581 69 63 16 0
398 : 893 936 32 32 0
399 : 244 123 17 60 1
400 : 552 761 37 27 0
401 : 345 762 27 37 1
402 : 465 906 30 33 1
403 : 499 546 43 24 0
404 : 759 867 34 30 0
405 : 42 592 25 41 1
406 : 874 239 52 20 0
407 : 860 906 33 31 0
408 : 672 906 33 30 0
409 : 918 308 50 20 0
410 : 554 633 25 40 1
411 : 936 905 33 31 0
412 : 78 706 38 27 0
413 : 611 308 20 50 1
414 : 416 478 45 22 0
415 : 959 936 32 32 0
416 : 504 666 26 39 1
417 : 438 553 42 24 0
418 : 256 70 63 16 0
419 : 301 353 48 21 0
420 : 579 108 16 61 1
421 : 662 706 38 26 0
422 : 255 591 25 41 1
423 : 802 789 28 36 1
424 : 852 667 26 39 1
425 : 874 220 19 53 1
426 : 984 22 63 16 1
427 : 763 498 23 44 1
428 : 655 387 21 47 1
429 : 849 762 37 27 0
430 : 150 760 37 27 0
431 : 717 867 29 34 1
432 : 623 804 28 36 1
433 : 0 625 25 40 1
434 : 571 867 30 34 1
435 : 300 790 36 28 0
436 : 43 547 23 43 1
437 : 37 804 36 27 0
438 : 602 402 21 47 1
439 : 171 553 24 42 1
440 : 122 108 16 61 1
441 : 891 681 25 39 1
442 : 441 107 61 16 0
443 : 700 708 38 26 0
444 : 133 498 23 44 1
445 : 101 906 30 33 1
446 : 879 65 63 16 0
447 : 640 124 60 16 0
448 : 970 897 30 33 0
449 : 848 427 46 21 0
450 : 285 401 21 47 1
451 : 718 478 22 45 1
452 : 227 762 27 37 1
453 : 930 564 23 42 1
454 : 406 216 18 54 1
455 : 710 329 49 20 0
456 : 560 361 20 48 1
457 : 757 387 21 47 1
458 : 257 839 28 35 1
459 : 208 593 24 41 1
460 : 818 593 41 24 0
461 : 542 546 43 23 0
462 : 949 387 21 47 1
463 : 113 760 27 37 1
464 : 613 275 19 51 1
465 : 517 243 19 52 1
466 : 246 634 24 40 1
467 : 763 839 28 35 1
468 : 200 938 32 30 0
469 : 171 906 30 33 1
470 : 395 565 23 42 1
471 : 919 276 19 51 1
472 : 777 593 41 24 0
473 : 958 804 27 36 1
474 : 724 839 28 35 1
475 : 323 667 25 39 1
476 : 167 593 41 24 0
477 : 78 681 25 39 1
478 : 296 178 56 17 0
479 : 349 569 23 42 1
480 : 816 200 17 55 1
481 : 893 906 30 33 1
482 : 550 198 17 55 1
483 : 435 140 16 59 1
484 : 0 564 23 42 1
485 : 767 217 54 18 0
486 : 38 708 26 38 1
487 : 510 275 51 19 0
488 : 717 500 44 22 0
489 : 183 108 61 16 0
490 : 614 499 44 22 0
491 : 397 867 28 34 1
492 : 713 549 23 42 0
493 : 201 668 25 39 1
494 : 733 762 37 26 0
495 : 32 968 31 31 0
496 : 827 124 16 60 1
497 : 296 599 23 41 1
498 : 612 356 48 20 0
499 : 408 839 28 35 1
500 : 846 937 30 32 1
501 : 40 634 40 24 0
502 : 0 245 52 18 0
503 : 885 162 57 17 0
504 : 712 659 25 39 0
505 : 628 565 23 42 1
506 : 628 478 21 45 1
507 : 864 330 49 19 0
508 : 264 968 31 30 0
509 : 458 507 22 44 1
510 : 929 602 23 41 1
511 : 440 708 38 25 0
512 : 738 708 25 38 1
513 : 116 160 57 17 0
514 : 540 805 26 36 1
515 : 601 910 28 33 1
516 : 432 594 23 41 1
517 : 413 312 50 19 0
518 : 72 840 27 35 1
519 : 443 839 27 35 1
520 : 117 686 24 39 1
521 : 645 870 28 34 1
522 : 0 159 17 57 1
523 : 851 407 20 47 1
524 : 110 806 26 36 1
525 : 37 762 37 25 0
526 : 414 500 22 44 1
527 : 0 602 41 23 0
528 : 737 684 39 24 0
529 : 0 197 17 55 1
530 : 621 708 25 38 1
531 : 661 310 50 19 0
532 : 486 294 18 51 1
533 : 531 906 29 33 1
534 : 388 968 31 30 0
535 : 498 906 29 33 1
536 : 764 967 31 31 0
537 : 311 310 50 19 0
538 : 463 330 49 19 0
539 : 302 939 32 29 0
540 : 240 685 24 39 1
541 : 585 548 22 43 1
542 : 827 450 45 21 1
543 : 289 867 34 28 0
544 : 552 407 47 20 0
545 : 42 570 22 42 1
546 : 542 569 22 42 1
547 : 959 708 25 38 1
548 : 465 201 17 55 1
549 : 691 437 20 46 1
550 : 960 684 39 24 0
551 : 260 569 22 42 1
552 : 46 438 20 46 1
553 : 569 245 52 18 0
554 : 957 968 30 31 1
555 : 323 884 34 27 0
556 : 142 871 34 28 0
557 : 696 762 37 25 0
558 : 793 867 28 34 1
559 : 758 368 48 19 0
560 : 83 602 23 41 1
561 : 270 939 29 32 1
562 : 513 763 37 25 0
563 : 332 407 47 20 0
564 : 177 507 21 44 1
565 : 942 162 57 16 0
566 : 357 908 28 33 1
567 : 0 681 39 24 0
568 : 122 636 40 23 0
569 : 425 908 28 33 1
570 : 597 938 29 32 1
571 : 444 405 47 20 0
572 : 886 763 25 37 1
573 : 220 840 35 27 0
574 : 465 634 23 40 1
575 : 156 686 24 39 1
576 : 180 124 15 60 1
577 : 0 805 26 36 1
578 : 292 841 26 35 1
579 : 35 871 27 34 1
580 : 575 841 26 35 1
581 : 458 258 52 18 0
582 : 570 124 60 15 0
583 : 516 709 38 24 0
584 : 233 709 38 24 0
585 : 401 708 38 24 0
586 : 564 939 29 32 1
587 : 763 478 45 20 0
588 : 435 276 18 51 1
589 : 740 548 22 43 1
590 : 375 137 60 15 0
591 : 410 331 49 19 0
592 : 463 312 18 50 1
593 : 574 215 31 30 0
594 : 431 763 25 37 1
595 : 356 709 38 24 0
596 : 352 547 43 22 0
597 : 165 634 40 23 0
598 : 142 408 20 47 1
599 : 435 294 51 18 0
600 : 476 763 37 25 0
601 : 543 685 39 24 0
602 : 148 805 26 36 1
603 : 74 763 25 37 1
604 : 478 708 24 38 1
605 : 390 914 33 27 0
606 : 33 939 29 32 1
607 : 804 407 20 47 1
608 : 960 762 25 37 1
609 : 602 591 22 41 0
610 : 196 968 31 30 0
611 : 182 840 35 26 0
612 : 362 686 23 39 1
613 : 807 363 19 48 1
614 : 892 507 21 44 1
615 : 150 330 49 19 0
616 : 704 636 23 40 1
617 : 700 140 15 59 1
618 : 973 863 27 34 0
619 : 205 645 23 40 1
620 : 478 840 26 35 1
621 : 979 523 21 43 0
622 : 349 363 19 48 1
623 : 795 968 31 29 0
624 : 553 968 31 29 0
625 : 798 841 26 35 1
626 : 86 549 43 21 0
627 : 817 250 52 18 0
628 : 589 763 25 37 1
629 : 656 764 37 24 0
630 : 859 593 41 22 1
631 : 323 911 33 28 0
632 : 738 939 28 32 1
633 : 139 428 20 46 1
634 : 711 591 41 22 1
635 : 221 507 44 20 0
636 : 923 762 25 37 1
637 : 649 408 19 47 1
638 : 781 913 27 33 1
639 : 733 615 41 21 0
640 : 382 764 37 24 0
641 : 755 408 47 19 0
642 : 502 507 39 23 1
643 : 925 954 27 32 1
644 : 833 841 35 25 0
645 : 605 884 26 34 1
646 : 783 548 42 21 1
647 : 770 940 27 32 1
648 : 691 806 36 24 0
649 : 700 940 27 32 1
650 : 389 941 32 27 0
651 : 448 686 22 39 1
652 : 264 549 20 43 1
653 : 692 986 30 28 0
654 : 232 953 32 27 0
655 : 759 321 50 17 0
656 : 124 615 21 41 1
657 : 584 570 42 21 0
658 : 869 259 52 16 0
659 : 926 259 17 52 1
660 : 327 841 35 25 0
661 : 137 479 19 45 1
662 : 909 981 29 30 1
663 : 39 686 22 39 1
664 : 705 914 33 26 0
665 : 629 953 27 32 1
666 : 65 954 32 27 0
667 : 614 1001 29 29 0
668 : 814 645 21 40 1
669 : 802 817 36 24 0
670 : 868 841 35 24 0
671 : 0 764 23 37 1
672 : 623 686 22 39 1
673 : 203 321 17 50 1
674 : 264 765 23 37 1
675 : 132 954 26 32 1
676 : 425 645 40 21 0
677 : 838 818 36 23 0
678 : 336 818 23 36 1
679 : 621 259 16 52 1
680 : 362 842 35 24 0
681 : 357 884 24 34 1
682 : 894 439 18 46 1
683 : 559 162 57 15 0
684 : 144 848 35 23 0
685 : 759 162 57 15 0
686 : 594 645 40 21 0
687 : 431 884 24 34 1
688 : 845 986 28 30 1
689 : 513 840 23 35 0
690 : 269 259 52 16 0
691 : 942 178 56 15 0
692 : 235 440 46 18 0
693 : 722 987 30 28 0
694 : 124 1001 28 29 1
695 : 247 369 17 48 1
696 : 409 201 15 55 1
697 : 158 259 52 16 0
698 : 296 164 57 14 0
699 : 228 181 56 14 0
700 : 172 179 15 56 1
701 : 300 818 23 36 1
702 : 880 179 56 15 0
703 : 809 322 16 50 1
704 : 738 914 25 33 1
705 : 301 768 37 22 0
706 : 372 819 36 23 0
707 : 277 914 33 25 0
708 : 295 968 31 26 0
709 : 35 848 35 23 0
710 : 874 819 36 22 0
711 : 107 862 23 35 1
712 : 33 915 24 33 1
713 : 765 259 52 15 0
714 : 875 994 26 30 1
715 : 647 847 35 23 0
716 : 409 187 56 14 0
717 : 584 987 30 27 0
718 : 854 647 20 40 1
719 : 564 915 33 24 0
720 : 808 478 44 18 1
721 : 878 968 31 26 0
722 : 736 570 42 19 0
723 : 56 180 56 14 0
724 : 576 819 36 22 0
725 : 662 686 20 39 1
726 : 0 977 31 25 0
727 : 936 193 14 56 1
728 : 610 862 22 35 1
729 : 504 819 21 36 1
730 : 325 1002 27 29 1
731 : 887 124 53 15 0
732 : 903 862 35 22 0
733 : 480 570 42 19 0
734 : 448 1020 27 28 1
735 : 868 884 34 22 0
736 : 357 977 31 25 0
737 : 221 819 21 36 1
738 : 326 977 31 25 0
739 : 192 369 16 48 1
740 : 464 449 17 45 0
741 : 153 1020 28 27 0
742 : 61 1002 29 26 0
743 : 295 994 30 25 0
744 : 547 997 25 30 1
745 : 134 931 33 23 0
746 : 807 769 37 20 0
747 : 225 1020 27 28 1
748 : 465 884 22 34 1
749 : 938 863 21 35 1
750 : 902 884 34 22 0
751 : 795 997 25 30 1
752 : 204 915 33 23 0
753 : 854 1020 27 28 1
754 : 499 884 34 22 0
755 : 770 769 37 20 0
756 : 421 955 23 32 1
757 : 185 441 16 46 1
758 : 699 1037 27 27 0
759 : 164 955 23 32 1
760 : 187 769 20 37 1
761 : 491 408 16 47 1
762 : 0 935 22 33 1
763 : 330 648 40 19 0
764 : 709 372 48 15 0
765 : 489 955 32 23 0
766 : 661 954 32 23 0
767 : 332 260 52 14 0
768 : 66 932 22 33 1
769 : 210 259 14 52 1
770 : 613 294 14 51 1
771 : 184 820 36 20 0
772 : 983 461 44 17 1
773 : 437 577 42 17 0
774 : 96 369 48 15 0
775 : 0 1002 29 25 0
776 : 679 885 34 21 0
777 : 473 616 18 41 1
778 : 249 616 18 41 1
779 : 97 977 24 31 1
780 : 165 221 53 14 0
781 : 634 931 33 22 0
782 : 505 648 40 18 0
783 : 933 1040 27 27 0
784 : 271 709 38 19 0
785 : 453 955 32 23 0
786 : 533 885 34 21 0
787 : 711 260 52 14 0
788 : 176 885 21 34 1
789 : 237 931 22 33 1
790 : 104 885 21 34 1
791 : 521 955 32 23 0
792 : 334 939 22 32 0
793 : 195 998 30 24 0
794 : 165 617 17 41 1
795 : 513 322 14 50 1
796 : 536 864 35 21 0
797 : 354 1002 25 29 1
798 : 373 442 46 15 0
799 : 766 819 20 36 1
800 : 511 1020 28 26 0
801 : 936 884 34 21 0
802 : 693 787 19 37 1
803 : 554 710 18 38 1
804 : 582 692 18 39 1
805 : 752 998 23 30 1
806 : 0 369 15 48 1
807 : 41 617 17 41 1
808 : 450 978 31 22 0
809 : 50 323 50 14 0
810 : 827 885 34 20 0
811 : 84 570 17 42 1
812 : 106 260 52 13 0
813 : 661 977 31 23 0
814 : 561 616 41 17 0
815 : 682 865 20 35 1
816 : 356 956 21 32 1
817 : 111 787 37 19 0
818 : 286 649 40 17 0
819 : 100 323 14 50 1
820 : 516 978 31 22 0
821 : 265 507 16 44 1
822 : 395 549 16 43 1
823 : 628 549 16 43 1
824 : 539 1022 24 28 1
825 : 86 1040 26 27 1
826 : 905 1010 29 24 0
827 : 643 1021 28 24 0
828 : 530 1046 26 26 0
829 : 0 865 20 35 1
830 : 537 294 24 28 0
831 : 510 262 13 52 1
832 : 919 295 13 51 1
833 : 148 787 18 37 1
834 : 485 978 22 31 1
835 : 804 577 16 42 1
836 : 73 821 19 36 1
837 : 826 508 15 44 1
838 : 207 23 32 21 0
839 : 419 978 31 22 0
840 : 868 865 19 35 1
841 : 258 998 30 23 0
842 : 0 408 47 14 0
843 : 689 1014 23 29 1
844 : 28 1041 27 25 0
845 : 164 978 31 22 0
846 : 0 787 18 37 1
847 : 660 373 48 14 0
848 : 645 45 41 16 0
849 : 747 1021 28 24 0
850 : 154 710 18 38 1
851 : 279 692 17 39 1
852 : 382 1041 27 25 0
853 : 257 820 36 19 0
854 : 412 1021 28 24 0
855 : 981 339 14 47 0
856 : 97 956 21 32 1
857 : 253 324 50 13 0
858 : 116 710 38 18 0
859 : 963 1020 28 24 0
860 : 476 1021 28 24 0
861 : 507 372 14 48 1
862 : 213 577 16 42 1
863 : 967 339 14 48 0
864 : 936 549 15 43 1
865 : 253 1021 24 28 1
866 : 128 980 31 21 0
867 : 628 980 31 21 0
868 : 940 447 14 46 1
869 : 217 1047 25 26 1
870 : 356 936 33 20 0
871 : 634 1045 24 27 1
872 : 879 1048 26 25 0
873 : 592 710 29 23 0
874 : 454 821 36 18 0
875 : 289 895 34 19 0
876 : 171 577 42 16 0
877 : 189 1022 28 23 0
878 : 825 1014 23 29 1
879 : 498 935 20 33 1
880 : 281 1040 27 25 0
881 : 181 1045 27 24 0
882 : 63 981 31 21 0
883 : 0 885 34 19 0
884 : 531 935 20 33 1
885 : 409 1045 27 24 0
886 : 833 866 35 19 0
887 : 939 998 30 22 0
888 : 0 508 15 44 1
889 : 969 998 22 30 1
890 : 99 936 33 20 0
891 : 179 866 35 19 0
892 : 302 584 15 42 1
893 : 436 1047 26 25 0
894 : 31 999 21 30 1
895 : 853 1047 25 26 1
896 : 960 1044 27 24 0
897 : 882 1020 28 23 1
898 : 401 692 16 39 1
899 : 312 297 13 51 1
900 : 664 297 13 51 1
901 : 388 998 30 21 0
902 : 0 549 43 15 0
903 : 478 156 14 45 0
904 : 227 980 31 21 0
905 : 936 508 44 15 0
906 : 362 866 18 35 1
907 : 753 1045 27 23 0
908 : 327 866 18 35 1
909 : 345 1049 24 26 1
910 : 0 1049 24 26 1
911 : 577 1014 22 29 1
912 : 775 1022 23 28 1
913 : 418 821 36 18 0
914 : 478 866 35 18 0
915 : 0 957 32 20 0
916 : 418 1000 21 30 1
917 : 718 1015 29 22 0
918 : 803 1022 28 22 1
919 : 147 1047 25 26 1
920 : 423 936 33 19 0
921 : 383 1019 29 22 0
922 : 308 1050 24 26 1
923 : 167 936 19 33 1
924 : 0 1027 28 22 0
925 : 391 895 34 19 0
926 : 771 197 31 20 0
927 : 726 1045 23 27 1
928 : 443 866 35 18 0
929 : 113 1050 26 24 0
930 : 780 1050 24 26 1
931 : 192 724 17 38 1
932 : 55 1050 24 26 1
933 : 930 587 15 42 1
934 : 923 787 37 17 0
935 : 476 1045 27 23 0
936 : 888 577 15 42 1
937 : 487 692 16 39 1
938 : 37 787 37 17 0
939 : 253 1045 23 27 1
940 : 776 725 38 16 0
941 : 846 578 42 15 0
942 : 354 1027 28 22 0
943 : 95 408 13 47 1
944 : 732 967 20 32 1
945 : 661 1058 25 25 0
946 : 793 895 34 18 0
947 : 693 967 32 19 0
948 : 0 587 15 42 1
949 : 481 1000 30 21 0
950 : 84 587 15 42 1
951 : 846 967 32 19 0
952 : 814 725 38 16 0
953 : 659 1000 30 21 0
954 : 903 373 48 13 0
955 : 550 788 37 17 0
956 : 58 1028 28 22 0
957 : 596 967 32 20 0
958 : 146 831 36 17 0
959 : 960 787 37 17 0
960 : 456 936 19 33 1
961 : 159 1000 20 30 1
962 : 29 1020 29 21 0
963 : 280 1065 25 24 0
964 : 556 1057 23 26 1
965 : 667 936 18 33 1
966 : 727 822 36 17 0
967 : 567 1036 21 28 1
968 : 806 1057 26 23 0
969 : 686 1064 25 24 0
970 : 626 788 37 16 0
971 : 36 831 36 17 0
972 : 511 1000 20 30 1
973 : 567 897 18 34 1
974 : 595 1051 23 26 1
975 : 317 1029 21 28 1
976 : 713 896 34 18 0
977 : 309 724 38 16 0
978 : 659 830 17 36 1
979 : 288 1019 29 21 0
980 : 905 1055 26 23 0
981 : 34 898 17 34 1
982 : 606 1030 28 21 0
983 : 926 936 33 18 0
984 : 905 1034 28 21 0
985 : 210 898 17 34 1
986 : 448 1000 30 20 0
987 : 934 1020 29 20 0
988 : 119 1029 21 28 1
989 : 225 1001 30 19 0
990 : 26 1066 24 24 0
991 : 747 897 34 17 0
992 : 90 1020 20 29 1
993 : 826 968 31 19 1
994 : 81 1066 24 24 0
995 : 671 1037 21 28 1
996 : 94 1001 30 19 0
997 : 825 1037 28 20 0
998 : 503 1046 22 27 1
999 : 658 509 13 44 1
