200 211
0 : 0 30 110 32 0
1 : 41 189 12 33 1
2 : 0 91 78 15 0
3 : 128 130 62 18 0
4 : 58 151 16 53 1
5 : 115 0 37 76 1
6 : 0 62 14 97 1
7 : 140 92 28 43 1
8 : 74 189 16 9 1
9 : 175 189 15 22 1
10 : 0 106 64 19 0
11 : 97 62 10 13 1
12 : 183 92 4 27 0
13 : 111 151 12 13 0
14 : 64 141 3 6 0
15 : 104 167 7 22 0
16 : 0 125 67 16 0
17 : 104 192 27 14 0
18 : 0 185 13 41 1
19 : 110 37 78 35 0
20 : 0 0 30 115 1
21 : 191 109 8 54 0
22 : 97 72 20 91 1
23 : 58 141 6 6 0
24 : 188 37 72 12 1
25 : 0 76 15 92 1
26 : 0 141 22 58 1
27 : 18 198 19 6 0
28 : 92 92 38 48 1
29 : 67 130 21 61 1
30 : 78 91 10 38 0
31 : 0 163 22 47 1
32 : 47 167 22 37 1
33 : 191 0 5 30 0
34 : 123 151 5 9 0
35 : 64 106 3 15 0
36 : 67 106 24 10 1
37 : 84 167 20 37 0
38 : 0 198 18 13 0
39 : 152 189 23 19 0
40 : 111 165 41 27 0
41 : 37 201 18 5 0
42 : 55 201 6 11 1
43 : 152 165 39 24 0
44 : 191 163 21 6 1
45 : 128 148 62 17 0
46 : 131 192 20 15 0
47 : 58 147 3 8 1
48 : 140 120 44 7 0
