100 1699
0 : 0 936 38 90 1
1 : 0 1353 24 82 1
2 : 0 1618 18 75 1
3 : 0 0 88 98 1
4 : 0 1105 27 97 1
5 : 88 477 4 99 0
6 : 0 1652 14 85 1
7 : 0 1329 24 85 1
8 : 69 1251 28 76 0
9 : 0 1522 46 35 0
10 : 0 1598 20 69 1
11 : 0 1501 21 79 1
12 : 0 576 41 99 1
13 : 0 477 49 88 1
14 : 0 803 39 96 1
15 : 0 1161 30 82 1
16 : 84 1441 15 95 0
17 : 84 1536 14 95 0
18 : 0 1404 19 96 1
19 : 0 427 50 93 1
20 : 92 477 1 99 0
21 : 0 1009 40 75 1
22 : 85 1327 11 69 0
23 : 0 174 82 66 0
24 : 0 842 49 76 1
25 : 0 661 85 47 0
26 : 0 363 64 79 1
27 : 0 1377 27 69 1
28 : 91 617 8 97 0
29 : 0 1077 28 94 1
30 : 0 1221 30 75 1
31 : 0 1251 32 69 1
32 : 0 1132 29 90 1
33 : 0 764 39 99 1
34 : 85 1396 7 11 1
35 : 0 1423 100 18 0
36 : 0 240 61 88 1
37 : 0 1678 12 76 1
38 : 0 891 45 79 1
39 : 0 1049 28 95 1
40 : 85 661 6 67 0
41 : 0 1283 47 46 0
42 : 0 1441 45 39 0
43 : 0 1557 19 84 1
44 : 0 1666 12 85 1
45 : 0 617 44 91 1
46 : 0 708 56 70 1
47 : 0 1480 21 82 1
48 : 0 1191 30 77 1
49 : 82 1441 2 93 0
50 : 75 1009 31 14 1
51 : 0 974 35 89 1
52 : 0 1690 9 76 1
53 : 0 1576 22 68 1
54 : 0 1636 16 79 1
55 : 79 842 11 68 0
56 : 0 526 50 84 1
57 : 82 1161 3 87 0
58 : 0 301 62 86 1
59 : 0 88 98 86 0
