1000 32079
0 : 0 10286 602 738 1
1 : 0 8449 897 620 0
2 : 0 3161 743 708 0
3 : 0 25762 308 409 1
4 : 0 19230 447 477 1
5 : 351 31800 421 71 0
6 : 0 30232 167 331 1
7 : 0 30703 667 149 0
8 : 0 15935 792 493 0
9 : 327 29127 190 567 1
10 : 0 25132 320 711 1
11 : 0 15417 891 518 0
12 : 0 13763 750 559 0
13 : 0 28278 220 428 1
14 : 988 31372 10 55 0
15 : 0 26671 990 287 0
16 : 0 0 986 840 0
17 : 0 20528 482 431 0
18 : 0 22099 393 471 0
19 : 0 31136 524 139 0
20 : 0 31404 963 110 0
21 : 0 14322 554 971 1
22 : 783 30232 143 657 0
23 : 0 7828 621 642 1
24 : 0 7200 628 649 1
25 : 0 6567 633 770 1
26 : 0 29512 473 184 0
27 : 0 31514 729 109 0
28 : 398 21863 601 395 0
29 : 0 30552 151 693 1
30 : 0 26958 342 281 0
31 : 0 31800 82 351 1
32 : 451 24065 531 361 0
33 : 307 31718 82 636 1
34 : 0 840 926 836 0
35 : 0 2426 844 735 0
36 : 0 28032 246 940 1
37 : 0 30057 867 175 0
38 : 0 13203 560 664 1
39 : 0 20090 896 438 0
40 : 0 9069 711 613 0
41 : 477 19230 860 446 1
42 : 0 29696 182 927 1
43 : 0 27774 579 258 0
44 : 0 23323 753 372 0
45 : 0 30399 153 759 1
46 : 451 24426 361 371 1
47 : 988 31427 519 5 1
48 : 0 31275 866 129 0
49 : 0 27514 826 260 0
50 : 733 28712 361 202 1
51 : 0 16918 475 664 1
52 : 866 30889 125 483 0
53 : 0 14876 541 953 1
54 : 0 30995 573 141 0
55 : 0 26377 294 360 1
56 : 307 31623 95 681 1
57 : 0 28923 733 204 0
58 : 0 26070 907 307 0
59 : 0 5250 677 787 1
60 : 0 24787 345 708 1
61 : 0 21487 398 612 0
62 : 0 16428 572 490 0
63 : 0 21075 587 412 0
64 : 0 27239 275 786 1
65 : 0 28498 861 214 0
66 : 0 12054 997 576 0
67 : 0 28712 300 211 0
68 : 0 29323 790 189 0
69 : 790 29317 274 183 1
70 : 0 3869 893 692 0
71 : 0 17393 470 908 1
72 : 0 18324 456 667 1
73 : 0 11476 578 743 1
74 : 0 29127 196 327 1
75 : 351 31871 68 404 1
76 : 331 30232 162 380 1
77 : 0 31939 563 59 0
78 : 0 12630 881 573 0
79 : 0 25452 910 310 0
80 : 0 24065 367 451 1
81 : 0 5927 898 640 0
82 : 0 31998 697 52 0
83 : 0 10888 588 646 1
84 : 0 9682 604 688 1
85 : 999 0 469 1 1
86 : 0 17863 673 461 0
87 : 0 31623 105 307 1
88 : 0 23695 842 370 0
89 : 587 21075 405 788 0
90 : 0 18780 450 912 1
91 : 0 1676 816 750 0
92 : 0 29878 881 179 0
93 : 0 32050 16 427 1
94 : 482 20528 547 413 1
95 : 0 4561 689 837 1
96 : 0 22570 380 786 1
97 : 0 32066 13 616 1
98 : 0 30852 783 143 0
99 : 0 22950 373 726 1
