200 229
0 : 0 30 110 32 0
1 : 38 179 12 33 0
2 : 0 91 78 15 0
3 : 128 130 62 18 0
4 : 0 163 16 53 1
5 : 115 0 37 76 1
6 : 0 62 14 97 1
7 : 58 151 28 43 1
8 : 190 207 16 9 1
9 : 129 205 15 22 1
10 : 0 106 64 19 0
11 : 59 217 10 13 1
12 : 77 212 4 27 1
13 : 46 217 12 13 1
14 : 72 217 3 6 0
15 : 24 212 7 22 1
16 : 0 125 67 16 0
17 : 50 203 27 14 0
18 : 129 192 13 41 1
19 : 110 37 78 35 0
20 : 0 0 30 115 1
21 : 190 109 8 54 0
22 : 97 72 20 91 1
23 : 39 219 6 6 0
24 : 188 37 72 12 1
25 : 0 76 15 92 1
26 : 0 141 22 58 1
27 : 77 216 19 6 0
28 : 92 92 38 48 1
29 : 67 130 21 61 1
30 : 0 201 10 38 1
31 : 101 165 22 47 1
32 : 0 179 22 37 1
33 : 77 207 5 30 1
34 : 127 220 5 9 1
35 : 24 219 3 15 1
36 : 0 211 24 10 0
37 : 92 187 20 37 1
38 : 151 205 18 13 0
39 : 170 192 23 19 1
40 : 148 165 41 27 0
41 : 151 218 18 5 0
42 : 96 216 6 11 1
43 : 53 179 39 24 0
44 : 169 215 21 6 0
45 : 128 148 62 17 0
46 : 107 207 20 15 0
47 : 136 220 3 8 1
48 : 190 163 44 7 1
