200 345
0 : 131 26 8 47 0
1 : 0 0 143 26 0
2 : 0 26 16 107 1
3 : 163 0 33 95 0
4 : 107 100 5 21 1
5 : 84 107 54 40 1
6 : 0 42 84 15 0
7 : 84 161 32 25 0
8 : 84 186 52 45 1
9 : 163 95 13 39 0
10 : 143 0 86 20 1
11 : 0 151 50 77 0
12 : 0 80 77 31 0
13 : 107 26 24 74 0
14 : 143 132 11 12 1
15 : 84 42 22 65 0
16 : 0 292 27 53 0
17 : 143 86 14 46 0
18 : 176 130 17 9 1
19 : 50 151 15 21 1
20 : 77 57 31 6 1
21 : 131 73 8 38 0
22 : 0 57 23 77 1
23 : 176 95 12 35 0
24 : 157 86 5 12 0
25 : 50 166 20 23 0
26 : 0 111 73 40 0
27 : 84 238 40 39 0
28 : 0 228 64 37 1
