200 245
0 : 49 150 15 72 1
1 : 135 151 15 47 1
2 : 54 191 67 11 0
3 : 0 0 56 39 0
4 : 74 230 6 35 1
5 : 172 191 11 17 1
6 : 0 222 8 20 1
7 : 166 221 22 8 0
8 : 188 221 8 12 1
9 : 182 241 3 16 1
10 : 104 221 11 9 0
11 : 81 212 9 61 1
12 : 20 222 47 7 0
13 : 70 202 11 11 0
14 : 45 236 5 18 1
15 : 176 235 6 22 1
16 : 116 236 5 7 1
17 : 109 230 6 14 1
18 : 125 96 25 21 0
19 : 14 241 22 4 0
20 : 189 191 16 11 1
21 : 109 117 33 17 0
22 : 52 229 8 7 0
23 : 168 241 4 8 1
24 : 56 27 26 110 1
25 : 0 241 11 4 0
26 : 68 179 58 12 0
27 : 168 59 56 21 1
28 : 66 75 21 102 1
29 : 67 236 6 25 1
30 : 142 212 9 51 1
31 : 54 202 16 11 0
32 : 15 236 30 5 0
33 : 92 221 12 9 0
34 : 176 241 4 6 1
35 : 167 134 26 16 0
36 : 0 179 68 12 0
37 : 23 203 20 10 0
38 : 99 96 21 26 1
39 : 0 191 20 12 0
40 : 0 135 49 16 0
41 : 148 235 6 28 1
42 : 65 242 11 3 0
43 : 126 179 37 12 0
44 : 74 221 9 18 1
45 : 198 229 2 9 0
46 : 0 236 5 14 1
47 : 36 241 15 4 0
48 : 0 213 39 9 0
49 : 81 202 64 10 0
50 : 20 229 32 7 0
51 : 109 134 16 26 1
52 : 0 96 99 21 0
53 : 150 115 38 19 0
54 : 166 36 23 32 1
55 : 148 229 6 37 1
56 : 66 53 22 54 1
57 : 166 0 25 36 0
58 : 56 0 50 27 0
59 : 120 53 27 22 0
60 : 125 221 8 41 1
61 : 0 53 66 23 0
62 : 108 236 8 5 0
63 : 92 241 15 3 0
64 : 20 191 18 12 0
65 : 159 241 9 4 0
66 : 132 241 6 2 0
67 : 0 230 9 6 0
68 : 100 236 5 8 1
69 : 141 241 4 18 1
70 : 0 151 15 19 1
71 : 92 236 8 5 0
72 : 51 241 14 4 0
73 : 77 165 48 13 0
74 : 182 150 14 14 0
75 : 145 202 23 10 0
76 : 123 236 5 18 1
77 : 0 203 10 23 1
78 : 121 191 51 11 0
79 : 19 165 58 14 0
80 : 67 222 7 12 0
81 : 115 221 10 9 0
82 : 38 191 16 12 0
83 : 107 241 13 3 0
84 : 39 213 35 9 0
85 : 163 179 34 12 0
86 : 142 134 17 25 1
87 : 11 241 3 3 0
88 : 125 229 7 23 1
89 : 168 202 10 20 1
90 : 0 117 109 18 0
91 : 60 229 7 7 0
92 : 9 230 6 6 0
93 : 125 166 44 13 0
94 : 198 238 3 1 1
95 : 120 241 3 12 1
96 : 43 203 10 11 1
