1000 11916
0 : 0 7625 340 857 0
1 : 516 9084 104 178 0
2 : 0 5358 943 389 1
3 : 252 9579 189 491 0
4 : 252 11754 146 162 0
5 : 931 1913 33 963 0
6 : 252 11027 497 135 1
7 : 0 3605 652 992 0
8 : 0 10294 121 598 0
9 : 882 3747 42 727 0
10 : 252 10522 142 505 0
11 : 931 2876 24 83 0
12 : 516 6264 150 776 0
13 : 882 2826 49 921 0
14 : 0 6301 493 677 0
15 : 666 5358 85 886 0
16 : 666 6590 421 99 1
17 : 0 980 970 933 0
18 : 0 9018 252 738 0
19 : 252 9018 561 246 1
20 : 0 2826 882 779 0
21 : 996 871 298 2 1
22 : 252 10070 452 169 1
23 : 666 7011 253 49 1
24 : 765 6590 338 87 1
25 : 516 9408 81 148 0
26 : 765 6928 59 375 0
27 : 0 6978 457 647 0
28 : 984 871 12 189 0
29 : 984 1060 8 169 0
30 : 666 6357 191 233 0
31 : 761 4570 85 947 0
32 : 516 7729 629 135 1
33 : 761 3605 965 107 1
34 : 142 9756 359 109 1
35 : 761 5517 840 67 1
36 : 0 9756 538 142 1
37 : 516 8358 104 726 0
38 : 984 0 15 871 0
39 : 252 11524 144 230 0
40 : 931 2959 10 114 0
41 : 0 4597 761 761 0
42 : 0 0 984 980 0
43 : 0 10892 408 117 1
44 : 970 980 9 189 0
45 : 0 1913 931 913 0
46 : 0 8482 516 536 0
47 : 516 5358 150 906 0
48 : 516 7040 689 148 1
49 : 516 9262 103 146 0
