70 723
0 : 0 0 43 31 0
1 : 0 31 43 31 0
2 : 0 62 43 31 0
3 : 0 93 43 31 0
4 : 0 124 41 30 0
5 : 0 154 41 30 0
6 : 41 124 39 29 1
7 : 41 163 39 29 1
8 : 0 184 39 29 0
9 : 39 202 39 29 1
10 : 0 213 38 28 0
11 : 0 241 38 28 0
12 : 38 241 38 28 1
13 : 0 269 38 28 0
14 : 38 279 37 27 1
15 : 0 297 37 27 0
16 : 0 324 37 27 0
17 : 37 316 36 26 1
18 : 0 351 36 26 0
19 : 36 352 36 26 1
20 : 0 377 36 26 0
21 : 36 388 35 25 1
22 : 0 403 35 25 0
23 : 35 423 35 25 0
24 : 0 428 34 24 0
25 : 34 448 34 24 0
26 : 0 452 34 24 0
27 : 34 472 34 24 0
28 : 0 476 23 33 1
29 : 33 496 23 33 1
30 : 0 499 23 33 1
31 : 33 519 23 33 1
32 : 0 522 32 22 0
33 : 32 542 32 22 0
34 : 0 544 32 22 0
35 : 32 564 21 31 1
36 : 0 566 21 31 1
37 : 31 585 21 31 1
38 : 0 587 18 29 1
39 : 0 605 18 29 1
40 : 29 606 18 29 1
41 : 0 623 27 17 0
42 : 27 624 27 17 0
43 : 25 657 24 15 0
44 : 50 649 24 15 1
45 : 54 624 25 16 1
46 : 0 640 25 16 0
47 : 25 641 25 16 0
48 : 0 656 25 16 0
49 : 0 672 24 15 0
50 : 24 672 14 23 1
51 : 47 673 14 23 1
52 : 24 686 14 23 1
53 : 47 687 14 23 1
54 : 0 687 12 21 1
55 : 0 699 12 21 1
56 : 21 700 12 21 1
57 : 42 701 11 19 1
58 : 0 711 11 19 1
59 : 19 712 11 19 1
60 : 38 712 11 19 1
61 : 61 701 17 9 1
