1000 31124
0 : 0 10582 602 738 1
1 : 0 5758 897 620 0
2 : 0 7609 743 708 0
3 : 371 28115 308 409 1
4 : 0 25445 447 477 1
5 : 0 31053 421 71 0
6 : 783 30506 167 331 0
7 : 0 29493 667 149 0
8 : 0 16145 792 493 0
9 : 0 28748 190 567 1
10 : 0 24399 320 711 1
11 : 0 10064 891 518 0
12 : 0 12845 750 559 0
13 : 693 29390 220 428 0
14 : 986 22201 10 55 0
15 : 0 20779 990 287 0
16 : 0 0 986 840 0
17 : 477 25445 482 431 0
18 : 531 25876 393 471 0
19 : 0 30219 524 139 0
20 : 0 28938 963 110 0
21 : 0 6378 554 971 1
22 : 0 29642 143 657 1
23 : 0 15086 621 642 1
24 : 0 14458 628 649 1
25 : 0 9431 633 770 1
26 : 0 29785 473 184 0
27 : 0 30110 729 109 0
28 : 587 23552 601 395 1
29 : 0 29342 151 693 1
30 : 693 29048 342 281 1
31 : 581 30948 82 351 1
32 : 0 25892 531 361 0
33 : 0 30740 82 636 1
34 : 0 840 926 836 0
35 : 0 1676 844 735 0
36 : 0 24153 246 940 1
37 : 0 27289 867 175 0
38 : 0 17672 560 664 1
39 : 0 15707 896 438 0
40 : 0 11184 711 613 0
41 : 0 16638 860 446 0
42 : 0 26561 182 927 1
43 : 0 27668 579 258 0
44 : 572 21376 753 372 1
45 : 790 27464 153 759 0
46 : 0 28115 361 371 1
47 : 986 21682 519 5 1
48 : 0 28619 866 129 0
49 : 0 25185 826 260 0
50 : 729 29818 361 202 1
51 : 0 18637 475 664 1
52 : 300 30615 125 483 1
53 : 0 8317 541 953 1
54 : 0 29969 573 141 0
55 : 0 29048 294 360 1
56 : 0 30358 95 681 1
57 : 0 27464 733 204 0
58 : 0 22129 907 307 0
59 : 0 6932 677 787 1
60 : 0 22809 345 708 1
61 : 0 23154 398 612 1
62 : 0 21376 572 490 0
63 : 0 23552 587 412 0
64 : 711 24399 275 786 0
65 : 0 26347 861 214 0
66 : 0 5182 997 576 0
67 : 0 30453 300 211 0
68 : 0 27926 790 189 0
69 : 0 30822 274 183 0
70 : 0 2411 893 692 0
71 : 0 12375 470 908 1
72 : 0 19943 456 667 1
73 : 0 11797 578 743 1
74 : 729 30179 196 327 0
75 : 581 31030 68 404 1
76 : 300 30453 162 380 1
77 : 274 30889 563 59 0
78 : 0 8858 881 573 0
79 : 0 21066 910 310 0
80 : 0 26743 367 451 1
81 : 0 4542 898 640 0
82 : 274 30837 697 52 0
83 : 0 17084 588 646 1
84 : 0 13404 604 688 1
85 : 999 0 469 1 1
86 : 0 19482 673 461 0
87 : 274 30948 105 307 1
88 : 0 19112 842 370 0
89 : 0 18232 405 788 1
90 : 0 14008 450 912 1
91 : 0 3103 816 750 0
92 : 0 27110 881 179 0
93 : 421 31098 16 427 1
94 : 0 24719 547 413 0
95 : 0 3853 689 837 1
96 : 0 20399 380 786 1
97 : 986 21066 13 616 0
98 : 0 28476 783 143 0
99 : 0 22436 373 726 1
