1000 29090
0 : 0 18406 602 738 1
1 : 0 6349 897 620 0
2 : 0 17120 743 708 0
3 : 428 27905 308 409 1
4 : 0 27016 447 477 1
5 : 922 27538 421 71 1
6 : 751 28256 167 331 0
7 : 770 15973 667 149 1
8 : 0 13137 792 493 0
9 : 726 19558 190 567 0
10 : 0 19994 320 711 1
11 : 0 8099 891 518 0
12 : 0 16561 750 559 0
13 : 0 27856 220 428 1
14 : 919 27959 10 55 1
15 : 0 576 990 287 0
16 : 0 863 986 840 0
17 : 483 26923 482 431 0
18 : 0 27463 393 471 1
19 : 0 26747 524 139 0
20 : 0 2257 963 110 0
21 : 0 1703 554 971 1
22 : 750 16640 143 657 0
23 : 0 24431 621 642 1
24 : 0 23215 628 649 1
25 : 0 15556 633 770 1
26 : 477 27354 473 184 0
27 : 788 13870 729 109 1
28 : 0 25450 601 395 0
29 : 787 14599 151 693 0
30 : 360 28574 342 281 0
31 : 837 27905 82 351 0
32 : 572 26392 531 361 1
33 : 893 16640 82 636 0
34 : 0 3336 926 836 0
35 : 0 10333 844 735 0
36 : 0 2908 246 940 1
37 : 0 9369 867 175 0
38 : 0 22180 560 664 1
39 : 0 6969 896 438 0
40 : 0 19381 711 613 0
41 : 0 9887 860 446 0
42 : 0 3154 182 927 1
43 : 738 18406 579 258 1
44 : 0 16189 753 372 0
45 : 842 11116 153 759 0
46 : 380 28213 361 371 1
47 : 0 26886 519 5 0
48 : 0 9544 866 129 0
49 : 0 12127 826 260 0
50 : 0 28306 361 202 0
51 : 0 22740 475 664 1
52 : 0 26891 125 483 1
53 : 0 2367 541 953 1
54 : 738 18985 573 141 1
55 : 0 28508 294 360 1
56 : 786 15292 95 681 0
57 : 792 13137 733 204 1
58 : 0 5402 907 307 0
59 : 0 14224 677 787 1
60 : 0 20314 345 708 1
61 : 0 25052 398 612 1
62 : 0 26257 572 490 0
63 : 0 25845 587 412 0
64 : 0 15281 275 786 1
65 : 0 9673 861 214 0
66 : 0 0 997 576 0
67 : 307 28855 300 211 0
68 : 0 13630 790 189 0
69 : 0 28907 274 183 0
70 : 0 7407 893 692 0
71 : 0 4932 470 908 1
72 : 0 21724 456 667 1
73 : 0 17828 578 743 1
74 : 702 28587 196 327 0
75 : 0 28076 68 404 1
76 : 0 28144 162 380 1
77 : 916 18985 563 59 1
78 : 0 8617 881 573 0
79 : 0 4622 910 310 0
80 : 471 27538 367 451 1
81 : 0 5709 898 640 0
82 : 897 13870 697 52 1
83 : 0 23843 588 646 1
84 : 0 20659 604 688 1
85 : 965 26392 469 1 1
86 : 0 21263 673 461 0
87 : 0 28802 105 307 1
88 : 0 11068 842 370 0
89 : 0 13819 405 788 1
90 : 0 4172 450 912 1
91 : 0 12387 816 750 0
92 : 0 9190 881 179 0
93 : 966 26392 16 427 0
94 : 587 25845 547 413 1
95 : 0 11438 689 837 1
96 : 0 14901 380 786 1
97 : 975 13870 13 616 0
98 : 844 10333 783 143 1
99 : 0 19008 373 726 1
