135 761
0 : 0 0 29 18 0
1 : 29 0 49 16 0
2 : 78 0 29 16 0
3 : 29 16 75 21 0
4 : 107 0 23 16 0
5 : 104 16 88 16 1
6 : 29 37 57 18 0
7 : 0 18 42 21 1
8 : 29 55 45 16 0
9 : 86 37 61 18 1
10 : 0 60 29 20 1
11 : 29 71 67 26 1
12 : 55 71 52 16 1
13 : 0 89 93 20 1
14 : 86 98 22 16 1
15 : 104 104 19 16 1
16 : 29 138 36 20 1
17 : 86 120 55 16 1
18 : 55 123 135 16 1
19 : 29 174 50 18 1
20 : 104 123 31 16 1
21 : 104 154 53 16 1
22 : 0 182 22 18 1
23 : 0 204 62 18 1
24 : 29 224 58 21 1
25 : 86 175 71 16 1
26 : 104 207 45 16 1
27 : 86 246 85 16 1
28 : 104 252 39 16 1
29 : 0 266 40 18 1
30 : 29 282 20 21 1
31 : 55 258 63 16 1
32 : 29 302 51 18 1
33 : 0 306 63 18 1
34 : 104 291 29 16 1
35 : 29 353 73 20 1
36 : 104 320 19 16 1
37 : 55 321 29 16 1
38 : 29 426 47 20 1
39 : 0 369 29 18 1
40 : 29 473 50 21 1
41 : 29 523 34 22 1
42 : 29 557 54 20 1
43 : 29 611 62 20 1
44 : 29 673 30 21 1
45 : 0 398 27 18 1
46 : 86 331 16 16 0
47 : 104 339 19 16 1
48 : 86 347 27 16 1
49 : 0 425 66 18 1
50 : 86 374 53 34 1
51 : 86 427 76 18 1
52 : 0 491 71 18 1
53 : 29 703 58 20 1
54 : 55 350 35 16 1
