300 561
0 : 90 342 90 36 0
1 : 285 395 79 15 1
2 : 202 279 90 36 0
3 : 0 95 244 70 0
4 : 285 510 39 15 1
5 : 60 497 55 15 0
6 : 106 516 53 14 0
7 : 180 387 90 36 0
8 : 80 450 80 32 0
9 : 101 270 101 36 0
10 : 244 95 62 31 1
11 : 0 529 40 16 0
12 : 199 511 38 15 0
13 : 237 510 24 32 1
14 : 0 0 300 95 0
15 : 0 450 80 32 0
16 : 79 546 38 15 0
17 : 101 530 40 16 0
18 : 0 165 209 33 0
19 : 0 234 101 36 0
20 : 54 527 47 15 0
21 : 269 510 40 16 1
22 : 160 459 60 24 0
23 : 180 315 90 36 0
24 : 40 542 39 15 0
25 : 0 545 39 15 0
26 : 55 512 51 15 0
27 : 199 534 40 15 0
28 : 101 234 101 36 0
29 : 220 478 60 18 0
30 : 0 500 55 15 0
31 : 177 496 60 15 0
32 : 60 482 66 15 0
33 : 167 511 24 32 1
34 : 180 351 90 36 0
35 : 126 483 51 18 0
36 : 90 306 90 36 0
37 : 0 378 90 36 0
38 : 0 482 60 18 0
39 : 90 378 90 36 0
40 : 141 530 17 16 0
41 : 237 496 59 14 0
42 : 270 315 163 15 1
43 : 101 198 101 36 0
44 : 0 414 90 36 0
45 : 115 501 52 15 0
46 : 90 414 90 36 0
47 : 220 459 50 15 0
48 : 159 535 40 15 0
49 : 0 515 54 14 0
50 : 0 270 101 36 0
51 : 180 423 90 36 0
52 : 0 198 101 36 0
53 : 202 243 90 36 0
54 : 209 165 78 78 0
55 : 0 306 90 36 0
56 : 0 342 90 36 0
57 : 285 315 80 15 1
