200 358
0 : 135 0 15 72 0
1 : 135 72 15 47 0
2 : 150 0 67 11 1
3 : 150 103 56 39 1
4 : 192 47 6 35 0
5 : 58 197 11 17 1
6 : 109 164 8 20 1
7 : 81 145 22 8 1
8 : 81 167 8 12 0
9 : 99 39 3 16 0
10 : 135 176 11 9 1
11 : 183 0 9 61 0
12 : 192 0 47 7 1
13 : 109 219 11 11 0
14 : 102 85 5 18 0
15 : 192 110 6 22 0
16 : 51 149 5 7 0
17 : 192 132 6 14 0
18 : 0 333 25 21 1
19 : 94 60 22 4 1
20 : 150 203 16 11 0
21 : 58 164 33 17 1
22 : 81 179 8 7 0
23 : 131 124 4 8 0
24 : 109 0 26 110 0
25 : 94 115 11 4 1
26 : 0 60 58 12 0
27 : 0 106 56 21 1
28 : 0 18 21 102 1
29 : 51 86 6 25 0
30 : 0 86 9 51 1
31 : 150 192 16 11 0
32 : 102 55 30 5 1
33 : 27 175 12 9 1
34 : 77 126 4 6 0
35 : 173 159 26 16 1
36 : 161 0 68 12 1
37 : 27 155 20 10 1
38 : 0 307 21 26 0
39 : 109 182 20 12 0
40 : 21 106 49 16 1
41 : 192 82 6 28 0
42 : 99 95 11 3 1
43 : 81 108 37 12 1
44 : 37 173 9 18 0
45 : 189 102 2 9 0
46 : 51 111 5 14 0
47 : 94 100 15 4 1
48 : 173 64 39 9 1
49 : 173 0 64 10 1
50 : 161 68 32 7 1
51 : 150 166 16 26 0
52 : 0 39 99 21 0
53 : 58 126 38 19 1
54 : 0 248 23 32 0
55 : 102 18 6 37 0
56 : 109 110 22 54 0
57 : 0 212 25 36 0
58 : 0 162 50 27 1
59 : 0 280 27 22 1
60 : 183 61 8 41 0
61 : 58 60 66 23 1
62 : 51 125 8 5 1
63 : 99 55 15 3 1
64 : 173 185 18 12 1
65 : 102 121 9 4 1
66 : 99 106 6 2 1
67 : 192 146 9 6 1
68 : 51 133 5 8 0
69 : 94 82 4 18 0
70 : 58 208 15 19 0
71 : 51 141 8 5 1
72 : 131 110 14 4 1
73 : 81 60 48 13 1
74 : 58 227 14 14 0
75 : 135 153 23 10 1
76 : 102 103 5 18 0
77 : 37 150 10 23 0
78 : 0 95 51 11 0
79 : 0 72 58 14 0
80 : 166 166 7 12 0
81 : 27 187 10 9 1
82 : 173 203 16 12 1
83 : 99 70 13 3 1
84 : 150 67 35 9 1
85 : 135 119 34 12 1
86 : 109 194 17 25 0
87 : 147 119 3 3 0
88 : 150 159 7 23 1
89 : 109 172 10 20 1
90 : 0 0 109 18 0
91 : 166 178 7 7 0
92 : 192 155 6 6 0
93 : 37 106 44 13 1
94 : 199 0 3 1 1
95 : 99 83 3 12 0
96 : 150 214 10 11 1
