1000 1123
0 : 575 939 66 61 0
1 : 251 655 62 48 0
2 : 282 586 62 46 0
3 : 88 521 61 43 0
4 : 555 384 39 62 1
5 : 922 375 38 61 1
6 : 735 101 30 71 1
7 : 170 484 56 37 0
8 : 634 697 52 39 0
9 : 712 488 36 55 1
10 : 614 38 74 27 0
11 : 458 954 42 47 1
12 : 614 245 61 32 0
13 : 307 311 58 32 0
14 : 210 617 51 36 0
15 : 100 926 46 40 0
16 : 239 0 79 23 0
17 : 541 796 48 38 0
18 : 160 0 79 23 0
19 : 840 235 30 60 1
20 : 0 0 22 81 1
21 : 117 691 36 49 1
22 : 420 40 25 71 1
23 : 81 21 73 24 0
24 : 200 307 57 31 0
25 : 219 23 72 25 0
26 : 462 623 50 35 0
27 : 190 338 56 31 0
28 : 52 420 33 54 1
29 : 129 887 39 46 1
30 : 627 169 28 63 1
31 : 396 0 77 23 0
32 : 207 1020 43 40 0
33 : 455 706 36 48 1
34 : 407 330 56 31 0
35 : 35 552 51 34 0
36 : 849 393 54 32 0
37 : 182 968 44 40 0
38 : 350 795 37 47 1
39 : 285 552 51 34 0
40 : 622 736 48 36 0
41 : 195 451 53 33 0
42 : 268 918 39 45 1
43 : 149 567 34 50 1
44 : 318 0 22 78 1
45 : 267 509 51 33 0
46 : 51 253 29 58 1
47 : 763 0 73 23 0
48 : 690 0 23 73 1
49 : 702 861 37 45 1
50 : 904 0 73 23 0
51 : 924 1031 42 40 0
52 : 731 131 26 64 1
53 : 453 375 31 54 1
54 : 542 22 23 72 1
55 : 81 0 79 21 0
56 : 791 711 35 47 1
57 : 480 558 33 50 1
58 : 489 1017 39 42 1
59 : 336 552 33 50 1
60 : 826 355 54 30 0
61 : 841 208 60 27 0
62 : 840 687 47 34 0
63 : 547 0 22 73 1
64 : 512 591 49 33 0
65 : 341 921 37 43 1
66 : 0 402 30 52 1
67 : 878 61 67 23 0
68 : 231 773 35 45 1
69 : 795 145 62 25 0
70 : 294 112 24 64 1
71 : 769 772 35 45 1
72 : 71 885 36 43 1
73 : 152 196 26 59 1
74 : 336 885 43 36 0
75 : 491 64 67 23 0
76 : 524 759 34 45 1
77 : 552 114 64 24 0
78 : 464 591 32 48 1
79 : 745 415 30 51 1
80 : 35 586 32 48 1
81 : 510 155 25 61 1
82 : 396 273 55 27 0
83 : 685 312 54 28 0
84 : 71 680 33 46 1
85 : 707 552 31 48 1
86 : 0 740 45 33 0
87 : 217 406 51 29 0
88 : 761 837 43 35 0
89 : 473 0 74 20 0
90 : 167 415 50 29 0
91 : 639 1016 40 37 0
92 : 376 185 25 59 1
93 : 781 595 31 47 1
94 : 412 509 30 48 1
95 : 847 629 46 31 0
96 : 100 1048 37 39 1
97 : 316 1050 37 39 1
98 : 806 103 63 22 0
99 : 136 853 34 42 1
100 : 746 251 26 55 1
101 : 512 648 31 45 1
102 : 878 40 67 21 0
103 : 340 137 23 61 1
104 : 391 162 23 59 1
105 : 561 593 46 30 0
106 : 118 116 62 22 0
107 : 109 265 26 54 1
108 : 325 1014 36 39 1
109 : 857 153 59 23 0
110 : 473 20 69 20 0
111 : 679 340 51 27 0
112 : 40 666 31 44 0
113 : 0 432 28 49 1
114 : 35 1086 37 37 0
115 : 906 878 34 41 1
116 : 539 679 31 44 1
117 : 947 413 49 28 0
118 : 188 64 65 21 0
119 : 836 18 20 68 1
120 : 419 1051 36 38 1
121 : 149 240 55 25 0
122 : 354 230 24 55 1
123 : 783 872 33 40 1
124 : 620 0 70 19 0
125 : 830 574 29 45 1
126 : 955 713 31 43 1
127 : 877 185 57 23 0
128 : 739 317 52 26 0
129 : 83 591 45 29 0
130 : 354 39 20 66 1
131 : 934 185 23 57 1
132 : 649 591 45 29 0
133 : 435 305 51 25 0
134 : 148 297 25 52 1
135 : 122 78 20 63 1
136 : 620 19 69 19 0
137 : 561 623 44 29 0
138 : 535 507 28 46 1
139 : 599 197 23 56 1
140 : 565 538 28 45 1
141 : 345 347 26 50 1
142 : 602 1000 37 34 0
143 : 0 57 65 20 0
144 : 0 495 28 46 1
145 : 0 38 65 19 0
146 : 655 206 56 23 0
147 : 581 488 46 27 0
148 : 35 524 28 45 1
149 : 148 444 47 27 0
150 : 799 940 38 33 0
151 : 710 524 45 28 0
152 : 491 45 64 19 0
153 : 827 265 24 52 1
154 : 836 0 18 68 1
155 : 919 818 40 31 0
156 : 122 494 46 27 0
157 : 242 91 20 61 1
158 : 697 898 32 38 1
159 : 946 275 52 24 0
160 : 735 901 38 32 0
161 : 888 1028 34 36 1
162 : 358 765 30 41 1
163 : 834 547 44 27 0
164 : 90 854 31 39 1
165 : 869 103 20 61 1
166 : 289 1000 33 36 1
167 : 404 431 26 47 1
168 : 291 360 48 25 0
169 : 505 938 32 37 1
170 : 253 72 62 19 0
171 : 96 823 31 40 1
172 : 875 579 28 44 1
173 : 507 377 48 25 0
174 : 125 59 19 63 1
175 : 268 431 47 26 0
176 : 178 793 40 30 0
177 : 404 457 46 26 0
178 : 566 1000 36 33 0
179 : 138 770 40 30 0
180 : 416 122 20 59 1
181 : 0 1058 34 35 1
182 : 762 933 37 32 0
183 : 128 601 28 43 1
184 : 926 997 33 36 1
185 : 781 446 26 46 1
186 : 107 138 21 58 1
187 : 572 743 29 41 1
188 : 791 326 24 49 1
189 : 83 991 33 37 1
190 : 725 933 32 37 1
191 : 421 931 37 32 0
192 : 571 165 56 21 0
193 : 154 23 65 18 0
194 : 0 274 23 51 1
195 : 163 274 23 51 1
196 : 166 823 30 39 1
197 : 584 312 50 24 0
198 : 694 242 52 23 0
199 : 688 930 37 32 0
200 : 248 264 51 23 0
201 : 565 566 27 43 1
202 : 589 824 30 39 1
203 : 730 343 48 24 0
204 : 916 164 56 21 0
205 : 755 390 25 47 1
206 : 583 336 24 49 1
207 : 205 862 38 31 0
208 : 60 90 19 61 1
209 : 679 1024 33 35 1
210 : 806 125 59 20 0
211 : 431 406 25 47 1
212 : 384 924 31 37 1
213 : 650 564 27 43 1
214 : 359 442 25 45 1
215 : 688 39 18 64 1
216 : 919 564 27 43 1
217 : 86 564 27 43 1
218 : 856 989 36 32 0
219 : 0 826 30 39 1
220 : 303 93 60 19 0
221 : 778 350 24 48 1
222 : 386 563 27 43 1
223 : 873 84 61 19 0
224 : 934 101 60 19 0
225 : 613 772 29 39 1
226 : 959 827 30 39 1
227 : 406 361 24 47 1
228 : 811 495 26 44 1
229 : 767 495 26 44 1
230 : 363 99 60 19 0
231 : 0 297 50 23 0
232 : 641 149 56 20 0
233 : 239 565 43 27 0
234 : 814 773 29 39 1
235 : 401 142 57 20 0
236 : 318 22 65 17 0
237 : 462 214 21 53 1
238 : 949 253 51 22 0
239 : 154 41 18 64 1
240 : 576 360 47 24 0
241 : 0 252 51 22 0
242 : 815 54 63 18 0
243 : 473 897 30 37 1
244 : 233 382 24 46 1
245 : 802 521 26 43 1
246 : 146 963 31 36 1
247 : 528 331 48 23 0
248 : 286 385 46 24 0
249 : 0 94 19 60 1
250 : 64 949 31 36 1
251 : 898 942 31 36 1
252 : 686 716 28 40 0
253 : 385 385 46 24 0
254 : 358 118 58 19 0
255 : 168 521 26 43 1
256 : 945 624 27 42 1
257 : 315 75 18 61 1
258 : 838 721 40 28 0
259 : 379 891 30 37 1
260 : 281 703 28 40 0
261 : 126 389 46 24 0
262 : 541 205 54 21 0
263 : 880 529 26 43 1
264 : 747 1068 33 34 1
265 : 0 994 35 32 0
266 : 28 939 36 31 0
267 : 450 467 25 44 1
268 : 278 888 30 37 1
269 : 210 653 27 41 1
270 : 510 354 23 47 1
271 : 904 23 64 17 0
272 : 355 525 26 43 1
273 : 752 39 17 63 1
274 : 349 642 27 41 1
275 : 495 462 44 25 0
276 : 673 117 58 19 0
277 : 94 1085 33 33 0
278 : 727 463 44 25 0
279 : 99 291 49 22 0
280 : 458 828 29 38 1
281 : 346 269 50 22 0
282 : 459 235 51 21 0
283 : 660 885 30 37 1
284 : 231 937 31 36 1
285 : 29 886 30 37 1
286 : 945 40 18 61 0
287 : 839 425 24 45 1
288 : 627 502 25 43 1
289 : 0 666 40 27 0
290 : 385 590 26 42 1
291 : 770 170 20 55 1
292 : 143 664 40 27 0
293 : 510 908 30 36 1
294 : 0 1026 34 32 0
295 : 665 856 29 37 1
296 : 319 757 39 28 0
297 : 45 323 48 23 0
298 : 61 1054 32 33 1
299 : 719 655 40 27 0
300 : 700 411 24 45 1
301 : 451 443 24 44 1
302 : 463 352 23 47 1
303 : 406 862 29 37 1
304 : 435 193 20 53 1
305 : 109 727 27 39 1
306 : 585 146 19 56 1
307 : 552 423 45 24 0
308 : 912 849 37 29 0
309 : 436 87 18 60 1
310 : 901 912 30 36 1
311 : 623 857 37 29 0
312 : 597 440 24 44 1
313 : 242 725 27 39 1
314 : 383 616 26 41 1
315 : 187 369 23 46 1
316 : 339 373 46 23 0
317 : 798 304 48 22 0
318 : 558 65 61 17 0
319 : 401 65 61 17 0
320 : 507 402 23 45 1
321 : 647 620 26 41 1
322 : 140 343 23 47 1
323 : 510 245 50 21 0
324 : 410 719 39 27 0
325 : 560 259 50 21 0
326 : 359 210 52 20 0
327 : 98 213 52 20 0
328 : 291 39 17 63 1
329 : 875 842 37 29 0
330 : 558 82 17 60 1
331 : 619 81 17 60 1
332 : 34 713 27 39 1
333 : 121 98 18 59 1
334 : 131 366 23 46 1
335 : 906 1071 32 33 1
336 : 248 457 24 44 1
337 : 79 397 23 45 1
338 : 904 616 26 41 1
339 : 267 957 30 35 1
340 : 409 252 50 21 0
341 : 892 997 34 31 0
342 : 711 222 52 20 0
343 : 747 872 36 29 0
344 : 919 591 41 25 0
345 : 346 730 27 39 1
346 : 172 392 23 45 1
347 : 595 671 26 39 1
348 : 704 965 30 35 1
349 : 934 967 35 30 0
350 : 292 463 24 43 1
351 : 687 828 37 28 0
352 : 60 109 18 58 1
353 : 767 644 26 40 1
354 : 670 756 27 38 1
355 : 590 464 24 43 1
356 : 207 1060 32 33 1
357 : 315 439 24 44 1
358 : 282 149 19 55 1
359 : 628 829 37 28 0
360 : 618 98 18 59 1
361 : 488 194 53 20 0
362 : 341 832 28 37 1
363 : 378 832 28 37 1
364 : 632 336 22 47 1
365 : 486 748 27 38 1
366 : 145 638 40 26 0
367 : 270 168 19 54 1
368 : 0 77 60 17 0
369 : 583 697 26 39 1
370 : 0 856 28 36 1
371 : 483 533 42 25 0
372 : 51 282 21 48 1
373 : 724 833 28 37 1
374 : 586 882 29 36 1
375 : 335 467 43 24 0
376 : 205 834 37 28 0
377 : 52 155 55 19 0
378 : 85 356 22 46 1
379 : 304 838 28 36 1
380 : 250 204 52 19 0
381 : 461 658 26 39 1
382 : 714 1046 31 33 1
383 : 845 660 26 39 1
384 : 276 826 37 28 1
385 : 0 22 63 16 0
386 : 93 334 47 22 0
387 : 595 220 52 20 0
388 : 812 72 17 61 1
389 : 974 500 24 42 0
390 : 789 570 25 41 1
391 : 457 1025 33 31 1
392 : 166 1080 32 32 0
393 : 165 147 18 55 1
394 : 622 909 35 29 0
395 : 0 174 53 19 0
396 : 238 592 25 41 1
397 : 689 23 63 16 0
398 : 648 1084 32 32 0
399 : 376 82 17 60 1
400 : 313 785 37 27 0
401 : 71 779 27 37 0
402 : 67 1024 30 33 1
403 : 37 471 43 24 0
404 : 532 989 34 30 0
405 : 344 585 25 41 1
406 : 302 211 52 20 0
407 : 966 1031 33 31 0
408 : 396 1021 33 30 0
409 : 409 232 50 20 0
410 : 607 597 25 40 1
411 : 564 1033 33 31 0
412 : 281 751 38 27 0
413 : 99 233 20 50 1
414 : 721 367 45 22 0
415 : 265 1085 32 32 0
416 : 500 679 26 39 1
417 : 488 509 42 24 0
418 : 752 23 63 16 0
419 : 493 298 48 21 0
420 : 340 59 16 61 1
421 : 204 722 38 26 0
422 : 608 572 25 41 1
423 : 443 857 28 36 1
424 : 382 682 26 39 1
425 : 546 186 19 53 1
426 : 815 38 63 16 0
427 : 657 435 23 44 1
428 : 96 313 21 47 1
429 : 0 773 37 27 0
430 : 276 778 37 27 0
431 : 416 963 29 34 1
432 : 839 838 28 36 1
433 : 688 627 25 40 1
434 : 120 994 30 34 1
435 : 587 854 36 28 0
436 : 684 458 23 43 1
437 : 687 797 36 27 0
438 : 938 315 21 47 1
439 : 46 500 24 42 1
440 : 218 48 16 61 1
441 : 185 638 25 39 0
442 : 279 56 61 16 0
443 : 313 700 38 26 0
444 : 903 413 23 44 1
445 : 855 1021 30 33 1
446 : 383 23 63 16 0
447 : 619 65 60 16 0
448 : 531 1019 30 33 1
449 : 938 336 46 21 0
450 : 143 322 21 47 1
451 : 676 367 22 45 1
452 : 468 775 27 37 1
453 : 128 471 23 42 1
454 : 107 159 18 54 1
455 : 900 244 49 20 0
456 : 656 281 20 48 1
457 : 257 323 21 47 1
458 : 947 884 28 35 1
459 : 398 539 24 41 1
460 : 661 540 41 24 0
461 : 641 458 43 23 0
462 : 846 317 21 47 1
463 : 431 767 27 37 1
464 : 789 213 19 51 1
465 : 789 194 19 52 1
466 : 702 583 24 40 1
467 : 479 869 28 35 1
468 : 597 1034 32 30 0
469 : 729 1016 30 33 1
470 : 771 472 23 42 1
471 : 411 213 19 51 1
472 : 439 549 41 24 0
473 : 960 800 27 36 1
474 : 838 866 28 35 1
475 : 728 630 25 39 1
476 : 878 555 41 24 0
477 : 106 629 25 39 1
478 : 180 116 56 17 0
479 : 80 477 23 42 1
480 : 865 136 17 55 1
481 : 253 1011 30 33 1
482 : 475 130 17 55 1
483 : 679 72 16 59 1
484 : 329 491 23 42 1
485 : 337 160 54 18 0
486 : 166 699 26 38 1
487 : 0 211 51 19 0
488 : 279 409 44 22 0
489 : 977 0 61 16 1
490 : 711 389 44 22 0
491 : 66 921 28 34 1
492 : 539 467 23 42 1
493 : 33 641 25 39 1
494 : 788 746 37 26 0
495 : 417 1087 31 31 0
496 : 65 60 16 60 1
497 : 226 502 23 41 1
498 : 762 277 48 20 0
499 : 243 863 28 35 1
500 : 762 1038 30 32 1
501 : 199 567 40 24 0
502 : 103 177 52 18 0
503 : 423 105 57 17 0
504 : 605 646 25 39 1
505 : 813 472 23 42 1
506 : 882 353 21 45 1
507 : 763 232 49 19 0
508 : 386 1076 31 30 0
509 : 805 385 22 44 1
510 : 371 502 23 41 1
511 : 759 670 38 25 0
512 : 644 670 25 38 1
513 : 237 111 57 17 0
514 : 924 792 26 36 1
515 : 869 956 28 33 0
516 : 933 502 23 41 1
517 : 901 225 50 19 0
518 : 36 859 27 35 1
519 : 949 857 27 35 1
520 : 512 624 24 39 1
521 : 773 905 28 34 1
522 : 616 116 17 57 1
523 : 299 283 20 47 1
524 : 98 796 26 36 1
525 : 535 734 37 25 0
526 : 667 389 22 44 1
527 : 581 515 41 23 0
528 : 344 610 39 24 0
529 : 530 138 17 55 1
530 : 967 651 25 38 0
531 : 0 230 50 19 0
532 : 101 195 18 51 1
533 : 331 985 29 33 1
534 : 823 1070 31 30 0
535 : 401 992 29 33 1
536 : 781 1078 31 31 0
537 : 515 226 50 19 0
538 : 50 233 49 19 0
539 : 457 996 32 29 0
540 : 828 603 24 39 1
541 : 796 424 22 43 1
542 : 246 344 45 21 0
543 : 937 912 34 28 0
544 : 704 292 47 20 0
545 : 901 462 22 42 1
546 : 967 441 22 42 0
547 : 719 682 25 38 1
548 : 921 133 17 55 1
549 : 634 316 20 46 1
550 : 171 614 39 24 0
551 : 884 436 22 42 1
552 : 50 303 20 46 1
553 : 825 176 52 18 0
554 : 709 1077 30 31 1
555 : 514 881 34 27 0
556 : 576 911 34 28 0
557 : 714 732 37 25 0
558 : 838 918 28 34 1
559 : 459 256 48 19 0
560 : 891 506 23 41 1
561 : 35 1004 29 32 1
562 : 947 744 37 25 0
563 : 346 291 47 20 0
564 : 632 358 21 44 1
565 : 180 100 57 16 0
566 : 0 928 28 33 0
567 : 742 606 39 24 0
568 : 245 542 40 23 0
569 : 542 939 28 33 1
570 : 797 1022 29 32 1
571 : 214 287 47 20 0
572 : 751 741 25 37 1
573 : 496 842 35 27 0
574 : 525 535 23 40 1
575 : 607 622 24 39 1
576 : 752 56 15 60 1
577 : 429 794 26 36 1
578 : 754 807 26 35 1
579 : 203 893 27 34 1
580 : 218 808 26 35 1
581 : 690 173 52 18 0
582 : 65 45 60 15 0
583 : 105 654 38 24 0
584 : 929 651 38 24 0
585 : 646 646 38 24 0
586 : 697 995 29 32 1
587 : 893 333 45 20 0
588 : 738 204 18 51 1
589 : 124 413 22 43 1
590 : 688 57 60 15 0
591 : 565 240 49 19 0
592 : 150 222 18 50 1
593 : 355 1062 31 30 0
594 : 449 742 25 37 1
595 : 807 645 38 24 0
596 : 323 417 43 22 0
597 : 794 547 40 23 0
598 : 751 297 20 47 1
599 : 0 193 51 18 0
600 : 309 726 37 25 0
601 : 960 600 39 24 0
602 : 505 793 26 36 1
603 : 754 716 25 37 1
604 : 557 652 24 38 1
605 : 472 927 33 27 0
606 : 364 1007 29 32 1
607 : 879 282 20 47 1
608 : 717 707 25 37 1
609 : 288 487 22 41 1
610 : 488 1056 31 30 0
611 : 306 812 35 26 0
612 : 742 583 23 39 1
613 : 301 245 19 48 1
614 : 623 379 21 44 1
615 : 204 240 49 19 0
616 : 610 549 23 40 1
617 : 748 71 15 59 1
618 : 178 853 27 34 0
619 : 460 509 23 40 0
620 : 846 812 26 35 1
621 : 617 400 21 43 1
622 : 253 245 19 48 1
623 : 152 1042 31 29 1
624 : 250 1041 31 29 0
625 : 465 802 26 35 1
626 : 332 396 43 21 0
627 : 324 178 52 18 0
628 : 887 719 25 37 1
629 : 956 689 37 24 0
630 : 494 487 41 22 0
631 : 641 940 33 28 0
632 : 229 968 28 32 1
633 : 261 303 20 46 1
634 : 892 484 41 22 0
635 : 41 346 44 20 0
636 : 351 689 25 37 0
637 : 299 264 19 47 1
638 : 416 891 27 33 0
639 : 87 456 41 21 0
640 : 682 673 37 24 0
641 : 552 280 47 19 0
642 : 199 591 39 23 0
643 : 937 940 27 32 1
644 : 652 783 35 25 0
645 : 804 845 26 34 1
646 : 701 435 42 21 0
647 : 837 946 27 32 1
648 : 73 713 36 24 0
649 : 313 943 27 32 0
650 : 384 955 32 27 0
651 : 622 527 22 39 1
652 : 41 366 20 43 1
653 : 429 1021 30 28 1
654 : 340 958 32 27 0
655 : 261 187 50 17 0
656 : 926 441 21 41 1
657 : 106 435 42 21 0
658 : 458 147 52 16 0
659 : 161 165 17 52 1
660 : 853 787 35 25 0
661 : 0 320 19 45 1
662 : 561 1064 29 30 1
663 : 755 539 22 39 1
664 : 873 871 33 26 0
665 : 739 965 27 32 1
666 : 0 961 32 27 1
667 : 457 1083 29 29 0
668 : 633 481 21 40 1
669 : 538 710 36 24 0
670 : 825 749 35 24 0
671 : 279 632 23 37 1
672 : 923 542 22 39 1
673 : 901 208 17 50 1
674 : 424 631 23 37 1
675 : 175 908 26 32 0
676 : 943 462 40 21 1
677 : 423 675 36 23 0
678 : 920 675 23 36 1
679 : 0 157 16 52 1
680 : 201 748 35 24 0
681 : 37 779 24 34 1
682 : 900 264 18 46 1
683 : 185 85 57 15 0
684 : 204 699 35 23 0
685 : 738 86 57 15 0
686 : 248 481 40 21 0
687 : 569 772 24 34 1
688 : 286 1033 28 30 1
689 : 385 730 23 35 0
690 : 718 157 52 16 0
691 : 496 101 56 15 0
692 : 610 277 46 18 0
693 : 531 1049 30 28 0
694 : 591 1064 28 29 1
695 : 246 223 17 48 1
696 : 0 113 15 55 1
697 : 450 163 52 16 0
698 : 65 76 57 14 0
699 : 807 89 56 14 0
700 : 677 102 15 56 1
701 : 313 677 23 36 1
702 : 552 99 56 15 0
703 : 53 174 16 50 1
704 : 340 860 25 33 1
705 : 867 607 37 22 0
706 : 884 664 36 23 0
707 : 373 860 33 25 0
708 : 872 925 31 26 1
709 : 503 705 35 23 0
710 : 893 642 36 22 0
711 : 924 719 23 35 0
712 : 532 834 24 33 1
713 : 0 142 52 15 0
714 : 799 973 26 30 1
715 : 166 725 35 23 0
716 : 679 88 56 14 0
717 : 767 1011 30 27 0
718 : 550 447 20 40 1
719 : 0 800 33 24 0
720 : 894 315 44 18 0
721 : 146 926 31 26 1
722 : 880 374 42 19 0
723 : 496 87 56 14 0
724 : 313 655 36 22 0
725 : 673 481 20 39 1
726 : 237 912 31 25 0
727 : 963 40 14 56 0
728 : 459 684 22 35 1
729 : 34 618 21 36 1
730 : 794 1051 27 29 1
731 : 236 128 53 15 0
732 : 797 689 35 22 0
733 : 84 378 42 19 0
734 : 939 1071 27 28 0
735 : 0 714 34 22 0
736 : 657 915 31 25 0
737 : 70 620 21 36 1
738 : 807 915 31 25 0
739 : 951 208 16 48 1
740 : 507 266 17 45 1
741 : 655 1057 28 27 0
742 : 962 1005 29 26 0
743 : 969 957 30 25 0
744 : 674 962 25 30 1
745 : 891 776 33 23 0
746 : 670 520 37 20 0
747 : 620 1077 27 28 1
748 : 376 708 22 34 1
749 : 424 654 21 35 1
750 : 247 703 34 22 0
751 : 100 966 25 30 1
752 : 945 769 33 23 0
753 : 966 1062 27 28 1
754 : 878 744 34 22 0
755 : 962 542 37 20 0
756 : 603 801 23 32 1
757 : 951 237 16 46 1
758 : 519 1077 27 27 0
759 : 814 802 23 32 1
760 : 166 547 20 37 1
761 : 647 229 16 47 1
762 : 66 757 22 33 1
763 : 617 421 40 19 0
764 : 53 190 48 15 0
765 : 253 808 32 23 1
766 : 500 819 32 23 0
767 : 0 128 52 14 0
768 : 148 748 22 33 1
769 : 180 133 14 52 1
770 : 52 141 14 51 1
771 : 962 580 36 20 0
772 : 599 295 44 17 0
773 : 840 338 42 17 0
774 : 311 196 48 15 0
775 : 372 982 29 25 0
776 : 0 693 34 21 0
777 : 0 373 18 41 1
778 : 927 357 18 41 1
779 : 562 864 24 31 0
780 : 480 116 53 14 0
781 : 912 754 33 22 0
782 : 660 411 40 18 0
783 : 486 1086 27 27 0
784 : 378 483 38 19 0
785 : 134 800 32 23 0
786 : 757 695 34 21 0
787 : 55 127 52 14 0
788 : 421 698 21 34 1
789 : 105 754 22 33 1
790 : 887 698 21 34 1
791 : 33 803 32 23 0
792 : 399 767 22 32 1
793 : 201 920 30 24 0
794 : 304 343 17 41 1
795 : 982 120 14 50 0
796 : 684 652 35 21 0
797 : 302 975 25 29 1
798 : 200 222 46 15 0
799 : 129 564 20 36 0
800 : 364 1036 28 26 0
801 : 921 698 34 21 0
802 : 318 514 19 37 1
803 : 495 443 18 38 1
804 : 478 425 18 39 1
805 : 443 885 23 30 1
806 : 690 191 15 48 1
807 : 0 356 17 41 1
808 : 427 820 31 22 0
809 : 220 156 50 14 0
810 : 390 642 34 20 0
811 : 463 335 17 42 1
812 : 930 120 52 13 0
813 : 531 858 31 23 0
814 : 0 339 41 17 0
815 : 427 611 20 35 1
816 : 236 752 21 32 1
817 : 673 501 37 19 0
818 : 246 365 40 17 0
819 : 920 150 14 50 1
820 : 888 799 31 22 0
821 : 675 265 16 44 1
822 : 541 299 16 43 1
823 : 926 299 16 43 1
824 : 897 973 24 28 1
825 : 139 1073 26 27 1
826 : 200 944 29 24 0
827 : 739 992 28 24 0
828 : 879 1087 26 26 0
829 : 694 607 20 35 1
830 : 669 987 24 28 1
831 : 869 123 13 52 1
832 : 667 136 13 51 1
833 : 855 475 18 37 1
834 : 723 806 22 31 1
835 : 365 315 16 42 1
836 : 203 547 19 36 1
837 : 812 232 15 44 0
838 : 45 740 32 21 1
839 : 65 816 31 22 0
840 : 530 558 19 35 1
841 : 622 886 30 23 0
842 : 742 190 47 14 0
843 : 546 916 23 29 1
844 : 392 1051 27 25 0
845 : 665 808 31 22 1
846 : 0 477 18 37 1
847 : 450 179 48 14 0
848 : 365 331 41 16 0
849 : 261 987 28 24 0
850 : 743 445 18 38 1
851 : 802 407 17 39 1
852 : 829 1043 27 25 1
853 : 318 533 36 19 0
854 : 641 992 28 24 0
855 : 51 205 14 47 1
856 : 408 746 21 32 1
857 : 232 143 50 13 0
858 : 49 453 38 18 0
859 : 641 968 28 24 0
860 : 27 970 28 24 0
861 : 498 180 14 48 1
862 : 486 319 16 42 1
863 : 155 182 14 48 1
864 : 451 275 15 43 1
865 : 55 980 24 28 1
866 : 978 769 31 21 1
867 : 738 785 31 21 0
868 : 51 219 14 46 1
869 : 457 1058 25 26 1
870 : 72 660 33 20 0
871 : 154 1018 24 27 1
872 : 181 1055 26 25 0
873 : 28 916 29 23 0
874 : 855 511 36 18 0
875 : 427 592 34 19 0
876 : 541 315 42 16 0
877 : 971 934 28 23 0
878 : 443 908 23 29 1
879 : 390 662 20 33 1
880 : 34 1033 27 25 0
881 : 505 993 27 24 0
882 : 860 766 31 21 0
883 : 0 596 34 19 0
884 : 807 669 20 33 1
885 : 154 994 27 24 0
886 : 0 577 35 19 0
887 : 39 826 30 22 1
888 : 349 254 15 44 1
889 : 565 834 22 30 0
890 : 349 669 33 20 0
891 : 429 573 35 19 0
892 : 810 289 15 42 1
893 : 35 1058 26 25 0
894 : 397 809 21 30 1
895 : 683 1057 25 26 1
896 : 226 996 27 24 0
897 : 771 965 28 23 0
898 : 984 336 16 39 0
899 : 289 136 13 51 1
900 : 616 133 13 51 1
901 : 789 807 30 21 1
902 : 719 277 43 15 0
903 : 294 231 14 45 1
904 : 200 772 31 21 0
905 : 204 259 44 15 0
906 : 845 529 18 35 1
907 : 969 982 27 23 0
908 : 0 523 18 35 1
909 : 126 1024 24 26 1
910 : 181 1031 24 26 1
911 : 278 866 22 29 1
912 : 172 940 23 28 1
913 : 855 493 36 18 0
914 : 767 521 35 18 0
915 : 73 737 32 20 0
916 : 881 821 21 30 1
917 : 0 884 29 22 0
918 : 971 912 28 22 0
919 : 880 1062 25 26 1
920 : 316 634 33 19 0
921 : 307 866 29 22 0
922 : 854 1051 24 26 1
923 : 0 634 19 33 1
924 : 313 921 28 22 0
925 : 0 615 34 19 0
926 : 708 757 31 20 0
927 : 771 988 23 27 1
928 : 0 541 35 18 0
929 : 629 1053 26 24 0
930 : 829 1019 24 26 1
931 : 366 425 17 38 1
932 : 100 1024 24 26 1
933 : 451 290 15 42 1
934 : 533 425 37 17 1
935 : 505 970 27 23 0
936 : 393 300 15 42 1
937 : 766 374 16 39 1
938 : 827 449 37 17 0
939 : 829 973 23 27 1
940 : 983 375 38 16 1
941 : 643 301 42 15 0
942 : 879 897 28 22 1
943 : 203 183 13 47 1
944 : 574 723 20 32 1
945 : 854 1075 25 25 0
946 : 962 562 34 18 0
947 : 183 680 32 19 0
948 : 852 302 15 42 1
949 : 276 805 30 21 0
950 : 494 283 15 42 1
951 : 215 680 32 19 0
952 : 375 409 38 16 0
953 : 635 808 30 21 0
954 : 213 170 48 13 0
955 : 864 458 37 17 0
956 : 0 906 28 22 0
957 : 503 728 32 20 0
958 : 964 483 36 17 0
959 : 0 460 37 17 0
960 : 72 641 19 33 1
961 : 99 776 20 30 1
962 : 242 840 29 21 0
963 : 240 1070 25 24 0
964 : 434 992 23 26 0
965 : 781 626 18 33 1
966 : 535 490 36 17 0
967 : 175 887 21 28 1
968 : 829 996 26 23 0
969 : 281 1061 25 24 0
970 : 217 435 37 16 0
971 : 416 492 36 17 0
972 : 708 777 20 30 1
973 : 755 561 18 34 1
974 : 798 999 23 26 1
975 : 243 891 21 28 1
976 : 0 559 34 18 0
977 : 41 386 38 16 0
978 : 452 492 17 36 1
979 : 61 838 29 21 0
980 : 181 1008 26 23 0
981 : 932 525 17 34 1
982 : 823 894 28 21 0
983 : 814 627 33 18 0
984 : 548 895 28 21 0
985 : 211 525 17 34 1
986 : 399 789 30 20 0
987 : 136 823 29 20 0
988 : 315 888 21 28 0
989 : 181 748 30 19 1
990 : 297 1087 24 24 0
991 : 149 521 34 17 1
992 : 810 825 20 29 1
993 : 686 697 31 19 0
994 : 683 1082 24 24 0
995 : 851 897 21 28 1
996 : 739 766 30 19 0
997 : 415 842 28 20 0
998 : 542 967 22 27 1
999 : 951 224 13 44 1
