100 26
0 : 72 16 5 4 0
1 : 49 12 3 13 1
2 : 0 12 49 3 0
3 : 58 21 3 5 1
4 : 67 15 5 5 0
5 : 28 18 3 5 1
6 : 0 15 5 5 0
7 : 96 22 3 3 0
8 : 76 12 4 10 1
9 : 96 19 3 4 1
10 : 88 7 4 11 1
11 : 34 15 3 7 1
12 : 67 7 9 8 0
13 : 67 0 7 33 1
14 : 62 12 5 5 0
15 : 43 18 5 3 0
16 : 60 17 4 5 1
17 : 82 16 5 4 1
18 : 48 18 5 3 0
19 : 53 19 3 5 1
20 : 76 7 12 5 0
21 : 91 23 3 3 0
22 : 48 21 3 4 1
23 : 88 23 3 3 0
24 : 0 20 3 5 1
25 : 38 18 5 3 0
26 : 33 18 3 5 1
27 : 48 15 3 7 1
28 : 15 15 5 5 0
29 : 5 20 5 3 0
30 : 91 20 5 3 0
31 : 27 15 3 7 1
32 : 86 20 5 3 0
33 : 23 22 3 3 0
34 : 36 21 3 4 1
35 : 91 16 5 4 0
36 : 24 18 4 4 0
37 : 28 21 3 4 1
38 : 20 22 3 3 0
39 : 96 11 4 8 0
40 : 77 16 5 4 0
41 : 75 20 5 3 0
42 : 32 21 4 3 0
43 : 34 0 12 33 1
44 : 10 20 3 5 1
45 : 85 23 3 3 0
46 : 20 18 4 4 0
47 : 80 21 3 5 1
48 : 10 15 5 5 0
49 : 55 15 5 4 0
50 : 41 15 7 3 0
51 : 65 20 5 3 0
52 : 86 16 5 4 0
53 : 70 20 5 3 0
54 : 40 21 3 4 1
55 : 52 22 3 4 1
56 : 15 20 3 5 1
57 : 63 23 3 3 0
58 : 44 21 3 4 1
59 : 20 15 7 3 0
60 : 88 11 5 8 1
61 : 0 0 34 12 0
62 : 5 15 5 5 0
