247 669
0 : 0 0 39 27 0
1 : 39 0 41 33 0
2 : 80 0 46 17 0
3 : 126 0 33 17 0
4 : 159 0 27 17 0
5 : 80 17 88 17 0
6 : 186 0 31 17 0
7 : 168 17 43 17 0
8 : 0 34 213 40 0
9 : 217 0 33 17 1
10 : 213 33 29 17 0
11 : 213 50 45 27 1
12 : 0 74 57 27 0
13 : 57 74 36 17 0
14 : 93 74 102 17 0
15 : 57 91 39 17 0
16 : 0 108 240 40 0
17 : 0 148 25 27 1
18 : 96 91 82 17 0
19 : 27 148 54 17 0
20 : 195 74 24 17 1
21 : 81 148 33 17 0
22 : 114 148 117 33 0
23 : 27 165 67 17 0
24 : 94 181 99 27 0
25 : 193 181 40 17 0
26 : 0 208 244 42 0
27 : 27 182 38 17 0
28 : 0 250 146 33 0
29 : 146 250 82 17 0
30 : 146 267 50 17 0
31 : 0 173 31 17 1
32 : 0 284 224 44 0
33 : 228 250 37 17 1
34 : 0 328 88 38 0
35 : 0 366 207 44 0
36 : 0 410 152 65 0
37 : 88 328 103 27 0
38 : 207 328 58 27 1
39 : 152 410 61 27 0
40 : 213 386 71 27 1
41 : 152 437 47 17 0
42 : 0 475 98 27 0
43 : 152 457 76 17 0
44 : 152 474 50 27 0
45 : 152 501 67 17 0
46 : 0 518 247 39 0
47 : 178 91 17 17 0
48 : 98 475 39 17 0
49 : 98 492 31 17 0
50 : 137 475 15 17 0
51 : 0 557 53 17 0
52 : 53 557 112 49 0
53 : 165 557 76 17 0
54 : 0 574 46 17 0
55 : 165 574 43 17 0
56 : 165 591 69 17 0
57 : 0 591 45 17 0
58 : 65 182 29 17 0
59 : 45 606 71 27 0
60 : 116 606 44 17 0
61 : 160 608 60 17 0
62 : 116 625 56 17 0
63 : 208 574 20 17 0
64 : 172 625 50 17 0
65 : 0 633 60 17 0
66 : 60 642 63 17 0
67 : 0 608 42 17 0
68 : 123 642 34 27 0
69 : 157 642 52 17 0
