1000 56285
0 : 0 15364 602 738 0
1 : 0 7622 897 620 1
2 : 0 11140 743 708 1
3 : 0 50893 308 409 0
4 : 0 44138 447 477 0
5 : 633 11883 421 71 1
6 : 0 55329 167 331 0
7 : 0 48617 667 149 1
8 : 0 20750 792 493 1
9 : 149 49955 190 567 0
10 : 0 39431 320 711 0
11 : 0 11883 891 518 1
12 : 0 18452 750 559 1
13 : 0 52708 220 428 0
14 : 942 1537 10 55 0
15 : 0 22191 990 287 1
16 : 0 0 986 840 0
17 : 0 44615 482 431 1
18 : 0 46387 393 471 0
19 : 141 51302 524 139 1
20 : 260 34716 963 110 1
21 : 0 6651 554 971 0
22 : 149 48617 143 657 0
23 : 0 23181 621 642 0
24 : 0 21542 628 649 0
25 : 0 12774 633 770 0
26 : 0 51875 473 184 1
27 : 151 46858 729 109 1
28 : 0 41341 601 395 1
29 : 0 46858 151 693 0
30 : 0 53136 342 281 1
31 : 0 55934 82 351 0
32 : 0 45856 531 361 1
33 : 750 3103 82 636 0
34 : 0 840 926 836 0
35 : 0 2368 844 735 0
36 : 0 28580 246 940 0
37 : 0 38564 867 175 1
38 : 0 24469 560 664 0
39 : 0 16102 896 438 1
40 : 0 16998 711 613 1
41 : 0 19202 860 446 1
42 : 0 33063 182 927 0
43 : 0 47587 579 258 1
44 : 0 31643 753 372 1
45 : 0 45097 153 759 0
46 : 0 50522 361 371 0
47 : 986 616 519 5 1
48 : 0 41942 866 129 1
49 : 0 34716 826 260 1
50 : 0 53961 361 202 1
51 : 0 30306 475 664 0
52 : 0 53478 125 483 0
53 : 0 8519 541 953 0
54 : 0 51302 573 141 1
55 : 0 52348 294 360 0
56 : 149 49274 95 681 0
57 : 0 43355 733 204 1
58 : 0 26043 907 307 1
59 : 0 9472 677 787 0
60 : 0 37856 345 708 0
61 : 0 40142 398 612 0
62 : 0 36403 572 490 1
63 : 0 40754 587 412 1
64 : 0 36975 275 786 0
65 : 0 35542 861 214 1
66 : 0 3103 997 576 1
67 : 0 55029 300 211 1
68 : 129 41942 790 189 1
69 : 0 55660 274 183 1
70 : 0 1676 893 692 0
71 : 0 13544 470 908 0
72 : 0 32396 456 667 0
73 : 0 17709 578 743 0
74 : 0 54702 196 327 0
75 : 633 12304 68 404 0
76 : 0 54322 162 380 0
77 : 750 3739 563 59 1
78 : 0 10259 881 573 1
79 : 0 25133 910 310 1
80 : 0 48166 367 451 0
81 : 0 4916 898 640 1
82 : 926 840 697 52 1
83 : 0 23823 588 646 0
84 : 0 20062 604 688 0
85 : 999 0 469 1 1
86 : 0 30970 673 461 1
87 : 82 55934 105 307 0
88 : 0 26950 842 370 1
89 : 0 27792 405 788 0
90 : 0 14452 450 912 0
91 : 0 4100 816 750 1
92 : 275 36975 881 179 1
93 : 926 1537 16 427 0
94 : 0 42808 547 413 1
95 : 0 5814 689 837 0
96 : 0 29520 380 786 0
97 : 986 0 13 616 0
98 : 204 43355 783 143 1
99 : 0 33990 373 726 0
