1000 8837
0 : 0 571 541 745 1
1 : 623 7049 344 301 0
2 : 0 7355 413 294 0
3 : 714 8496 266 341 0
4 : 0 5149 543 388 0
5 : 0 5758 367 701 1
6 : 0 1642 526 707 1
7 : 0 7938 286 706 1
8 : 0 7649 614 289 0
9 : 475 6125 348 592 0
10 : 0 4209 673 431 0
11 : 0 6125 475 362 0
12 : 531 3647 562 439 1
13 : 0 1112 530 638 1
14 : 543 5149 609 375 1
15 : 0 8224 540 274 0
16 : 0 3161 486 634 1
17 : 540 8224 272 377 1
18 : 0 7049 623 306 0
19 : 0 8498 266 714 1
20 : 0 6487 341 336 0
21 : 623 7350 340 296 0
22 : 0 3647 531 479 0
23 : 0 0 571 589 1
24 : 0 2665 674 496 0
25 : 0 2168 560 497 0
26 : 503 4640 509 389 1
27 : 341 6717 650 332 0
28 : 706 7646 474 285 1
29 : 0 4640 419 503 1
