1000 8645
0 : 0 0 541 745 1
1 : 377 8266 344 301 0
2 : 0 7783 413 294 0
3 : 721 8266 266 341 0
4 : 592 6126 543 388 1
5 : 0 3581 367 701 1
6 : 0 541 526 707 1
7 : 0 4924 286 706 1
8 : 623 6669 614 289 1
9 : 0 6126 348 592 1
10 : 0 3150 673 431 0
11 : 509 7283 475 362 0
12 : 560 3948 562 439 1
13 : 0 1563 530 638 1
14 : 0 5210 609 375 0
15 : 0 5585 540 274 0
16 : 0 2664 486 634 1
17 : 0 8077 272 377 1
18 : 0 6669 623 306 0
19 : 0 5860 266 714 1
20 : 413 7930 341 336 0
21 : 0 8349 340 296 0
22 : 0 4445 531 479 0
23 : 0 2093 571 589 1
24 : 0 1067 674 496 0
25 : 0 3948 560 497 0
26 : 0 7394 509 389 0
27 : 609 5210 650 332 1
28 : 509 7645 474 285 0
29 : 0 6975 419 503 1
