92 227
0 : 53 217 11 9 0
1 : 48 219 1 1 0
2 : 66 207 9 11 0
3 : 0 221 1 29 1
4 : 75 211 9 11 1
5 : 37 192 19 15 0
6 : 0 101 50 29 0
7 : 29 221 1 19 1
8 : 0 192 18 18 0
9 : 0 154 12 45 1
10 : 56 192 19 15 0
11 : 39 207 14 12 0
12 : 45 154 12 45 1
13 : 31 179 27 13 0
14 : 79 101 43 13 1
15 : 0 141 55 13 0
16 : 0 179 31 13 0
17 : 18 192 19 15 0
18 : 0 130 11 79 1
19 : 0 0 50 50 0
20 : 90 179 2 37 0
21 : 33 166 31 13 0
22 : 0 50 92 17 0
23 : 18 207 21 13 0
24 : 64 218 11 9 0
25 : 0 166 33 13 0
26 : 64 166 28 13 0
27 : 0 222 1 29 1
28 : 53 207 13 10 0
29 : 58 179 27 13 0
30 : 0 67 17 88 1
31 : 75 192 19 15 1
32 : 29 222 1 19 1
33 : 0 84 86 17 0
34 : 0 220 1 48 1
35 : 86 211 4 6 0
36 : 0 210 13 10 0
37 : 86 217 4 6 1
