247 627
0 : 213 282 39 27 1
1 : 88 65 41 33 0
2 : 50 553 46 17 0
3 : 220 576 33 17 1
4 : 108 610 27 17 0
5 : 224 0 88 17 1
6 : 0 601 31 17 0
7 : 203 559 43 17 0
8 : 0 282 213 40 0
9 : 160 593 33 17 0
10 : 210 609 29 17 0
11 : 57 454 45 27 1
12 : 0 454 57 27 0
13 : 124 593 36 17 0
14 : 201 0 102 17 1
15 : 181 576 39 17 0
16 : 0 242 240 40 0
17 : 118 475 25 27 1
18 : 145 482 82 17 0
19 : 0 533 54 17 0
20 : 135 610 24 17 0
21 : 75 601 33 17 0
22 : 0 394 117 33 0
23 : 145 516 67 17 0
24 : 117 421 99 27 0
25 : 141 576 40 17 0
26 : 0 200 244 42 0
27 : 0 584 38 17 0
28 : 0 361 146 33 0
29 : 224 88 82 17 1
30 : 107 550 50 17 0
31 : 31 604 31 17 0
32 : 0 112 224 44 0
33 : 38 587 37 17 0
34 : 0 65 88 38 0
35 : 0 156 207 44 0
36 : 0 0 152 65 0
37 : 117 394 103 27 0
38 : 159 448 58 27 0
39 : 98 448 61 27 0
40 : 220 361 71 27 1
41 : 129 65 47 17 1
42 : 0 427 98 27 0
43 : 0 499 76 17 0
44 : 217 432 50 27 1
45 : 0 516 67 17 0
46 : 0 322 247 39 0
47 : 159 610 17 17 0
48 : 85 584 39 17 0
49 : 193 593 31 17 1
50 : 176 610 15 17 1
51 : 54 536 53 17 0
52 : 152 0 112 49 1
53 : 145 499 76 17 0
54 : 157 559 46 17 0
55 : 0 567 43 17 0
56 : 76 502 69 17 0
57 : 96 567 45 17 0
58 : 224 170 29 17 1
59 : 146 361 71 27 0
60 : 207 156 44 17 1
61 : 227 482 60 17 1
62 : 0 481 56 17 0
63 : 98 427 20 17 1
64 : 0 550 50 17 0
65 : 130 533 60 17 0
66 : 67 519 63 17 0
67 : 43 570 42 17 0
68 : 84 475 34 27 0
69 : 190 542 52 17 0
