200 269
0 : 117 108 8 47 0
1 : 169 77 143 26 1
2 : 0 162 16 107 0
3 : 77 84 33 95 0
4 : 195 77 5 21 0
5 : 0 50 54 40 0
6 : 77 179 84 15 1
7 : 0 117 32 25 0
8 : 77 0 52 45 0
9 : 153 137 13 39 0
10 : 32 117 86 20 1
11 : 0 0 50 77 1
12 : 169 0 77 31 1
13 : 129 137 24 74 0
14 : 117 80 11 12 1
15 : 54 127 22 65 0
16 : 0 90 27 53 1
17 : 54 192 14 46 0
18 : 117 91 17 9 1
19 : 92 179 15 21 0
20 : 110 84 31 6 1
21 : 23 142 8 38 0
22 : 54 50 23 77 0
23 : 117 45 12 35 0
24 : 195 98 5 12 0
25 : 0 142 20 23 1
26 : 129 0 73 40 1
27 : 77 45 40 39 0
28 : 129 73 64 37 1
