200 239
0 : 0 44 110 32 0
1 : 158 153 12 33 1
2 : 135 0 78 15 1
3 : 62 91 62 18 0
4 : 0 144 16 53 1
5 : 78 118 37 76 1
6 : 0 30 14 97 1
7 : 37 177 28 43 1
8 : 27 180 16 9 1
9 : 181 194 15 22 0
10 : 135 78 64 19 0
11 : 128 198 10 13 0
12 : 195 125 4 27 0
13 : 18 204 12 13 1
14 : 196 185 3 6 0
15 : 158 165 7 22 1
16 : 162 0 67 16 1
17 : 0 190 27 14 0
18 : 154 125 13 41 1
19 : 0 109 78 35 0
20 : 0 0 30 115 1
21 : 178 0 8 54 0
22 : 115 0 20 91 0
23 : 128 211 6 6 0
24 : 150 0 72 12 1
25 : 0 76 15 92 1
26 : 53 155 22 58 1
27 : 119 183 19 6 0
28 : 80 201 38 48 1
29 : 124 97 21 61 1
30 : 154 138 10 38 1
31 : 111 155 22 47 1
32 : 158 172 22 37 1
33 : 158 148 5 30 1
34 : 27 196 5 9 1
35 : 195 170 3 15 0
36 : 0 180 24 10 0
37 : 0 160 20 37 1
38 : 0 204 18 13 0
39 : 56 205 23 19 0
40 : 140 194 41 27 0
41 : 195 152 18 5 1
42 : 128 192 6 11 1
43 : 80 177 39 24 0
44 : 119 177 21 6 0
45 : 0 91 62 17 0
46 : 36 205 20 15 0
47 : 128 189 3 8 1
48 : 154 118 44 7 0
