92 241
0 : 48 164 11 9 0
1 : 90 46 1 1 0
2 : 29 167 9 11 1
3 : 90 17 1 29 0
4 : 29 158 9 11 1
5 : 0 178 19 15 0
6 : 0 100 50 29 1
7 : 86 34 1 19 0
8 : 0 223 18 18 0
9 : 0 63 12 45 1
10 : 0 193 19 15 0
11 : 61 163 14 12 1
12 : 0 75 12 45 1
13 : 61 126 27 13 1
14 : 0 87 43 13 0
15 : 48 62 55 13 1
16 : 29 100 31 13 1
17 : 0 163 19 15 0
18 : 0 51 11 79 1
19 : 21 177 50 50 0
20 : 88 17 2 37 0
21 : 61 95 31 13 1
22 : 0 0 92 17 0
23 : 0 150 21 13 0
24 : 48 155 11 9 0
25 : 61 62 33 13 1
26 : 48 117 28 13 1
27 : 91 17 1 29 0
28 : 48 145 13 10 0
29 : 29 131 27 13 1
30 : 0 17 17 88 1
31 : 0 208 19 15 0
32 : 87 34 1 19 0
33 : 0 34 86 17 0
34 : 0 62 1 48 1
35 : 79 55 4 6 1
36 : 61 153 13 10 0
37 : 79 51 4 6 1
