247 635
0 : 53 537 39 27 0
1 : 204 506 41 33 0
2 : 153 550 46 17 0
3 : 115 601 33 17 0
4 : 58 608 27 17 1
5 : 0 401 88 17 0
6 : 214 601 31 17 0
7 : 137 567 43 17 0
8 : 0 165 213 40 0
9 : 181 601 33 17 0
10 : 107 618 29 17 0
11 : 56 510 45 27 0
12 : 206 449 57 27 1
13 : 40 591 36 17 0
14 : 98 388 102 17 0
15 : 159 584 39 17 0
16 : 0 81 240 40 0
17 : 0 595 25 27 1
18 : 0 418 82 17 0
19 : 101 517 54 17 0
20 : 165 618 24 17 0
21 : 148 601 33 17 0
22 : 0 314 117 33 0
23 : 137 466 67 17 0
24 : 103 361 99 27 0
25 : 0 578 40 17 0
26 : 0 39 244 42 0
27 : 198 584 38 17 0
28 : 213 165 146 33 1
29 : 88 405 82 17 0
30 : 170 500 50 17 1
31 : 27 608 31 17 0
32 : 0 121 224 44 0
33 : 78 585 37 17 0
34 : 202 311 88 38 1
35 : 0 205 207 44 0
36 : 0 249 152 65 0
37 : 0 347 103 27 0
38 : 0 452 58 27 0
39 : 76 449 61 27 0
40 : 82 422 71 27 0
41 : 0 544 47 17 0
42 : 0 374 98 27 0
43 : 0 435 76 17 0
44 : 0 479 50 27 0
45 : 58 476 67 17 0
46 : 0 0 247 39 0
47 : 209 618 17 17 0
48 : 120 584 39 17 0
49 : 76 602 31 17 0
50 : 226 618 15 17 1
51 : 0 527 53 17 0
52 : 152 249 112 49 1
53 : 153 432 76 17 0
54 : 199 550 46 17 0
55 : 180 567 43 17 0
56 : 137 449 69 17 0
57 : 92 551 45 17 0
58 : 136 618 29 17 0
59 : 170 405 71 27 0
60 : 0 561 44 17 0
61 : 110 500 60 17 0
62 : 0 510 56 17 0
63 : 189 618 20 17 0
64 : 187 500 50 17 1
65 : 50 493 60 17 0
66 : 125 483 63 17 0
67 : 78 568 42 17 0
68 : 44 564 34 27 0
69 : 101 534 52 17 0
