200 239
0 : 167 73 8 47 0
1 : 77 0 143 26 1
2 : 176 119 16 107 0
3 : 103 0 33 95 1
4 : 157 148 5 21 0
5 : 103 110 54 40 0
6 : 52 155 84 15 1
7 : 23 179 32 25 1
8 : 0 81 52 45 0
9 : 103 189 13 39 1
10 : 176 33 86 20 1
11 : 0 0 50 77 1
12 : 0 50 77 31 0
13 : 52 81 24 74 0
14 : 126 202 11 12 1
15 : 77 143 22 65 0
16 : 23 126 27 53 0
17 : 143 150 14 46 0
18 : 67 155 17 9 1
19 : 0 203 15 21 1
20 : 167 120 31 6 1
21 : 157 110 8 38 0
22 : 0 126 23 77 0
23 : 143 196 12 35 0
24 : 167 151 5 12 0
25 : 103 202 20 23 1
26 : 103 33 73 40 0
27 : 103 150 40 39 0
28 : 103 73 64 37 0
