40400 42925
0 : 12587 41204 4629 1596 0
1 : 10729 24743 2919 783 0
2 : 17618 40206 8067 1832 0
3 : 21185 37232 7180 2974 0
4 : 28365 37232 1685 1708 0
5 : 36323 39408 2029 601 1
6 : 0 0 15046 7040 0
7 : 29945 20725 6726 7039 1
8 : 15046 25972 7958 5170 0
9 : 13395 37583 3621 4223 1
10 : 0 33926 4358 6846 1
11 : 31856 41550 6272 1268 0
12 : 0 40107 6171 1473 0
13 : 17618 37583 3448 1249 0
14 : 30092 14336 6389 10170 1
15 : 34646 27451 7910 5092 1
16 : 18639 14965 4629 11306 1
17 : 17618 38832 1279 1621 1
18 : 14339 34054 3529 6846 1
19 : 21185 34054 3770 3117 0
20 : 25790 6378 3924 3177 0
21 : 13572 34208 2672 556 1
22 : 15046 9743 15046 5222 0
23 : 36984 25354 2050 2287 1
24 : 26688 27451 7958 5152 0
25 : 30050 37232 1063 2033 0
26 : 0 38284 1823 5782 1
27 : 31548 35361 4047 5429 1
28 : 25083 25972 6416 1491 1
29 : 31548 32603 859 2104 0
30 : 25790 0 6378 12850 1
31 : 14339 31142 10744 2912 0
32 : 36984 20725 4629 2353 1
33 : 26688 26572 2919 838 0
34 : 0 28912 8067 5014 0
35 : 15046 22528 3139 2974 0
36 : 23004 29610 1685 1469 0
37 : 32407 32603 2029 824 0
38 : 0 7040 15046 5406 0
39 : 6846 34208 6726 3329 0
40 : 30092 6378 7958 9256 1
41 : 10729 23663 1080 4223 1
42 : 7629 18835 2407 6846 0
43 : 8067 28912 6272 5296 0
44 : 25685 41550 6171 1375 0
45 : 32407 33427 1253 1249 0
46 : 0 12446 6389 10729 1
47 : 10729 14965 7910 7563 0
48 : 25083 32603 4629 6465 1
49 : 14339 28912 503 1621 0
50 : 0 18835 7629 6846 0
51 : 6846 37537 6549 3117 0
52 : 26688 19594 6978 3177 1
53 : 25685 40206 2672 869 0
54 : 0 25681 15046 3231 0
55 : 36977 35361 4676 2287 1
56 : 28365 39408 7958 2142 0
57 : 23004 25972 3638 2033 1
58 : 19239 38832 1823 1064 0
59 : 10729 22528 4047 1135 0
60 : 6171 40654 6416 1357 0
61 : 10729 12446 3842 2104 0
62 : 18639 19594 6378 8049 1
63 : 15046 0 10744 9743 0
