247 636
0 : 124 594 39 27 0
1 : 190 594 41 33 1
2 : 47 517 46 17 0
3 : 128 577 33 17 0
4 : 163 594 27 17 0
5 : 152 352 88 17 0
6 : 0 581 31 17 0
7 : 0 537 43 17 0
8 : 0 165 213 40 0
9 : 161 577 33 17 0
10 : 95 594 29 17 0
11 : 50 577 45 27 0
12 : 171 516 57 27 0
13 : 203 560 36 17 0
14 : 224 121 102 17 1
15 : 89 560 39 17 0
16 : 0 81 240 40 0
17 : 82 611 25 27 1
18 : 98 369 82 17 0
19 : 127 482 54 17 0
20 : 0 598 24 17 0
21 : 95 577 33 17 0
22 : 207 223 117 33 1
23 : 211 369 67 17 1
24 : 179 249 99 27 1
25 : 175 543 40 17 0
26 : 0 39 244 42 0
27 : 128 560 38 17 0
28 : 0 249 146 33 0
29 : 0 374 82 17 0
30 : 163 499 50 17 0
31 : 225 577 31 17 1
32 : 0 121 224 44 0
33 : 166 560 37 17 0
34 : 76 435 88 38 0
35 : 0 205 207 44 0
36 : 0 282 152 65 0
37 : 152 249 103 27 1
38 : 113 516 58 27 0
39 : 52 490 61 27 0
40 : 0 442 71 27 0
41 : 0 503 47 17 0
42 : 0 347 98 27 0
43 : 0 391 76 17 0
44 : 0 554 50 27 0
45 : 228 369 67 17 1
46 : 0 0 247 39 0
47 : 163 611 17 17 0
48 : 50 551 39 17 0
49 : 194 577 31 17 0
50 : 24 610 15 17 1
51 : 181 482 53 17 0
52 : 82 386 112 49 0
53 : 0 408 76 17 0
54 : 0 520 46 17 0
55 : 90 543 43 17 0
56 : 194 369 69 17 1
57 : 228 499 45 17 1
58 : 31 581 29 17 1
59 : 164 438 71 27 0
60 : 46 534 44 17 0
61 : 0 469 60 17 0
62 : 71 473 56 17 0
63 : 223 608 20 17 0
64 : 113 499 50 17 0
65 : 164 465 60 17 0
66 : 0 425 63 17 0
67 : 133 543 42 17 0
68 : 48 604 34 27 0
69 : 0 486 52 17 0
