1000 4375
0 : 198 854 66 61 1
1 : 855 353 62 48 1
2 : 780 374 62 46 1
3 : 949 259 61 43 1
4 : 690 519 39 62 0
5 : 690 356 38 61 0
6 : 396 100 30 71 0
7 : 904 745 56 37 1
8 : 836 994 52 39 1
9 : 904 801 36 55 0
10 : 288 23 74 27 1
11 : 198 1327 42 47 0
12 : 754 289 61 32 1
13 : 318 538 58 32 1
14 : 754 1259 51 36 1
15 : 199 670 46 40 1
16 : 239 0 79 23 0
17 : 160 1419 48 38 1
18 : 160 0 79 23 0
19 : 81 264 30 60 0
20 : 0 0 22 81 1
21 : 836 924 36 49 0
22 : 0 45 25 71 1
23 : 81 21 73 24 0
24 : 318 481 57 31 1
25 : 904 23 72 25 0
26 : 754 1351 50 35 1
27 : 473 505 56 31 1
28 : 547 1049 33 54 0
29 : 0 1680 39 46 0
30 : 396 171 28 63 0
31 : 396 0 77 23 0
32 : 0 3043 43 40 1
33 : 836 1208 36 48 0
34 : 318 702 56 31 1
35 : 949 716 51 34 1
36 : 547 565 54 32 1
37 : 191 1858 44 40 1
38 : 160 1346 37 47 0
39 : 949 574 51 34 1
40 : 180 343 48 36 1
41 : 904 571 53 33 1
42 : 207 436 39 45 0
43 : 949 1073 34 50 0
44 : 318 0 22 78 1
45 : 904 1068 51 33 1
46 : 81 324 29 58 0
47 : 763 0 73 23 0
48 : 690 0 23 73 1
49 : 0 965 37 45 0
50 : 904 0 73 23 0
51 : 0 3374 42 40 1
52 : 904 125 26 64 0
53 : 690 417 31 54 0
54 : 0 22 23 72 1
55 : 81 0 79 21 0
56 : 836 1350 35 47 0
57 : 949 808 33 50 0
58 : 0 3001 39 42 0
59 : 949 666 33 50 0
60 : 904 385 54 30 1
61 : 0 229 60 27 1
62 : 836 806 47 34 1
63 : 547 0 22 73 1
64 : 777 761 49 33 1
65 : 200 596 37 43 0
66 : 547 664 30 52 0
67 : 81 66 67 23 0
68 : 160 1052 35 45 0
69 : 836 147 62 25 1
70 : 426 100 24 64 0
71 : 160 1007 35 45 0
72 : 0 1518 36 43 0
73 : 160 203 26 59 0
74 : 0 1475 43 36 1
75 : 0 70 67 23 0
76 : 160 742 34 45 0
77 : 690 106 64 24 1
78 : 780 632 32 48 0
79 : 547 998 30 51 0
80 : 780 461 32 48 0
81 : 547 156 25 61 0
82 : 318 375 55 27 1
83 : 318 596 54 28 1
84 : 836 692 33 46 0
85 : 949 526 31 48 0
86 : 180 391 45 33 1
87 : 547 716 51 29 1
88 : 20 448 43 35 1
89 : 473 0 74 20 0
90 : 547 948 50 29 1
91 : 0 2931 40 37 1
92 : 904 189 25 59 0
93 : 777 895 31 47 0
94 : 904 979 30 48 0
95 : 754 1566 46 31 1
96 : 0 3629 37 39 0
97 : 0 3668 37 39 0
98 : 288 97 63 22 1
99 : 0 709 34 42 0
100 : 473 302 26 55 0
101 : 754 1810 31 45 0
102 : 81 45 67 21 0
103 : 930 125 23 61 0
104 : 572 156 23 59 0
105 : 777 849 46 30 1
106 : 714 106 62 22 1
107 : 754 350 26 54 0
108 : 0 2865 36 39 0
109 : 861 147 59 23 1
110 : 473 20 69 20 0
111 : 473 561 51 27 1
112 : 836 648 31 44 0
113 : 547 1242 28 49 0
114 : 0 4307 37 37 0
115 : 0 1336 34 41 0
116 : 836 604 31 44 0
117 : 547 899 49 28 1
118 : 473 60 65 21 0
119 : 836 18 20 68 1
120 : 0 3707 36 38 0
121 : 0 289 55 25 1
122 : 640 243 24 55 0
123 : 0 1272 33 40 0
124 : 620 0 70 19 0
125 : 949 1206 29 45 0
126 : 836 1397 31 43 0
127 : 930 186 57 23 1
128 : 318 650 52 26 1
129 : 780 680 45 29 1
130 : 473 40 20 66 1
131 : 223 190 23 57 0
132 : 780 587 45 29 1
133 : 318 430 51 25 1
134 : 754 404 25 52 0
135 : 620 77 20 63 1
136 : 620 19 69 19 0
137 : 754 1440 44 29 1
138 : 547 1876 28 46 0
139 : 861 206 23 56 0
140 : 547 2139 28 45 0
141 : 473 707 26 50 0
142 : 0 2741 37 34 1
143 : 620 57 65 20 0
144 : 547 1787 28 46 0
145 : 620 38 65 19 0
146 : 547 217 56 23 1
147 : 547 1607 46 27 1
148 : 547 2009 28 45 0
149 : 547 1336 47 27 1
150 : 198 1174 38 33 1
151 : 547 1964 45 28 1
152 : 223 41 64 19 0
153 : 0 344 24 52 0
154 : 836 0 18 68 1
155 : 160 1731 40 31 1
156 : 547 1653 46 27 1
157 : 318 94 20 61 1
158 : 0 1934 32 38 0
159 : 81 382 52 24 1
160 : 0 1972 38 32 1
161 : 0 3338 34 36 0
162 : 160 787 30 41 0
163 : 547 2266 44 27 1
164 : 0 787 31 39 0
165 : 318 114 20 61 1
166 : 0 2705 33 36 0
167 : 547 1148 26 47 0
168 : 754 646 48 25 1
169 : 198 1068 32 37 0
170 : 318 75 62 19 0
171 : 160 1834 31 40 0
172 : 949 1251 28 44 0
173 : 690 471 48 25 1
174 : 318 56 19 63 1
175 : 547 1195 47 26 1
176 : 160 1270 40 30 1
177 : 547 1429 46 26 1
178 : 0 2669 36 33 1
179 : 160 897 40 30 1
180 : 0 131 20 59 1
181 : 0 3807 34 35 0
182 : 198 920 37 32 0
183 : 949 1374 28 43 0
184 : 0 2633 33 36 0
185 : 547 1383 26 46 0
186 : 0 151 21 58 1
187 : 178 505 29 41 0
188 : 318 806 24 49 0
189 : 0 2406 33 37 0
190 : 199 817 32 37 0
191 : 199 780 37 32 1
192 : 318 194 56 21 0
193 : 223 23 65 18 0
194 : 345 375 23 51 0
195 : 473 357 23 51 0
196 : 160 1874 30 39 0
197 : 81 434 50 24 1
198 : 547 273 52 23 1
199 : 199 743 37 32 1
200 : 547 325 51 23 1
201 : 949 1123 27 43 0
202 : 160 1913 30 39 0
203 : 473 659 48 24 1
204 : 0 191 56 21 0
205 : 318 950 25 47 0
206 : 754 503 24 49 0
207 : 0 1106 38 31 1
208 : 0 93 19 61 1
209 : 0 3236 33 35 0
210 : 318 134 59 20 0
211 : 318 997 25 47 0
212 : 200 639 31 37 1
213 : 949 987 27 43 0
214 : 547 1291 25 45 0
215 : 836 38 18 64 1
216 : 949 944 27 43 0
217 : 949 901 27 43 0
218 : 0 2370 36 32 1
219 : 160 1952 30 39 0
220 : 223 93 60 19 0
221 : 473 757 24 48 0
222 : 949 858 27 43 0
223 : 547 87 61 19 0
224 : 0 112 60 19 0
225 : 160 968 29 39 0
226 : 160 1991 30 39 0
227 : 754 694 24 47 0
228 : 547 1743 26 44 0
229 : 547 1699 26 44 0
230 : 81 107 60 19 0
231 : 473 408 50 23 1
232 : 318 174 56 20 0
233 : 949 1030 43 27 1
234 : 160 1097 29 39 0
235 : 318 154 57 20 0
236 : 318 22 65 17 0
237 : 396 234 21 53 0
238 : 499 302 51 22 1
239 : 690 40 18 64 1
240 : 754 599 47 24 1
241 : 640 298 51 22 1
242 : 904 48 63 18 0
243 : 0 1864 30 37 0
244 : 690 581 24 46 0
245 : 904 1162 26 43 0
246 : 198 1613 31 36 0
247 : 318 855 48 23 1
248 : 690 627 46 24 1
249 : 620 97 19 60 1
250 : 198 1374 31 36 1
251 : 198 1267 31 36 0
252 : 836 1895 28 40 0
253 : 690 673 46 24 1
254 : 81 126 58 19 0
255 : 904 1119 26 43 0
256 : 754 1484 27 42 0
257 : 160 72 18 61 1
258 : 836 1702 40 28 1
259 : 0 1786 30 37 1
260 : 836 1515 28 40 0
261 : 690 763 46 24 1
262 : 572 215 54 21 1
263 : 547 2054 26 43 0
264 : 0 3961 33 34 0
265 : 0 2506 35 32 1
266 : 198 1138 36 31 1
267 : 547 1563 25 44 0
268 : 0 1756 30 37 1
269 : 754 1894 27 41 0
270 : 473 852 23 47 0
271 : 690 23 64 17 0
272 : 904 1205 26 43 0
273 : 318 39 17 63 1
274 : 754 1690 27 41 0
275 : 547 1475 44 25 1
276 : 547 124 58 19 0
277 : 0 4213 33 33 0
278 : 547 1519 44 25 1
279 : 547 376 49 22 1
280 : 160 2030 29 38 0
281 : 318 353 50 22 0
282 : 160 262 51 21 1
283 : 0 1561 30 37 0
284 : 198 952 31 36 1
285 : 0 1726 30 37 1
286 : 473 81 18 61 1
287 : 547 1103 24 45 0
288 : 547 1833 25 43 0
289 : 754 2131 40 27 1
290 : 780 509 26 42 0
291 : 426 164 20 55 0
292 : 754 2053 40 27 1
293 : 0 2044 30 36 0
294 : 0 3271 34 32 1
295 : 0 826 29 37 0
296 : 547 2543 39 28 1
297 : 318 758 48 23 1
298 : 0 3745 32 33 1
299 : 754 1935 40 27 1
300 : 318 1044 24 45 0
301 : 318 1222 24 44 0
302 : 473 805 23 47 0
303 : 0 1035 29 37 0
304 : 318 215 20 53 1
305 : 836 1856 27 39 0
306 : 0 172 19 56 1
307 : 318 1089 45 24 1
308 : 160 2433 37 29 1
309 : 81 89 18 60 1
310 : 0 2149 30 36 0
311 : 160 2470 37 29 1
312 : 318 1178 24 44 0
313 : 836 1780 27 39 0
314 : 949 1417 26 41 0
315 : 473 899 23 46 0
316 : 473 945 46 23 1
317 : 547 425 48 22 1
318 : 690 58 61 17 0
319 : 836 56 61 17 0
320 : 547 767 23 45 0
321 : 754 1310 26 41 0
322 : 473 612 23 47 0
323 : 318 311 50 21 0
324 : 836 1589 39 27 1
325 : 318 332 50 21 0
326 : 473 244 52 20 0
327 : 27 229 52 20 1
328 : 160 39 17 63 1
329 : 160 2362 37 29 1
330 : 223 76 17 60 1
331 : 836 73 17 60 1
332 : 836 1440 27 39 0
333 : 473 99 18 59 1
334 : 754 741 23 46 0
335 : 0 4025 32 33 0
336 : 318 1266 24 44 0
337 : 547 619 23 45 0
338 : 949 1458 26 41 0
339 : 198 1486 30 35 0
340 : 396 287 50 21 1
341 : 0 2599 34 31 1
342 : 620 243 52 20 1
343 : 160 2646 36 29 1
344 : 777 942 41 25 1
345 : 836 1935 27 39 0
346 : 473 991 23 45 0
347 : 754 2247 26 39 0
348 : 198 1649 30 35 0
349 : 198 1778 35 30 1
350 : 318 1310 24 43 0
351 : 160 2068 37 28 1
352 : 620 116 18 58 1
353 : 754 1731 26 40 0
354 : 547 2505 27 38 0
355 : 318 1353 24 43 0
356 : 0 3842 32 33 1
357 : 318 1134 24 44 0
358 : 81 162 19 55 1
359 : 160 2105 37 28 1
360 : 547 106 18 59 1
361 : 246 190 53 20 1
362 : 160 2142 28 37 0
363 : 160 2179 28 37 0
364 : 754 552 22 47 0
365 : 547 2429 27 38 0
366 : 949 1538 40 26 1
367 : 288 160 19 54 0
368 : 754 70 60 17 0
369 : 836 1067 26 39 0
370 : 0 863 28 36 0
371 : 547 2097 42 25 1
372 : 640 349 21 48 0
373 : 160 2216 28 37 0
374 : 0 1404 29 36 0
375 : 318 1396 43 24 1
376 : 160 2253 37 28 1
377 : 473 169 55 19 0
378 : 904 439 22 46 0
379 : 20 513 28 36 0
380 : 836 209 52 19 1
381 : 754 1975 26 39 0
382 : 0 3567 31 33 0
383 : 754 2014 26 39 0
384 : 160 2290 37 28 1
385 : 547 22 63 16 0
386 : 318 903 47 22 1
387 : 246 243 52 20 1
388 : 547 70 17 61 1
389 : 949 343 24 42 0
390 : 547 2310 25 41 0
391 : 0 3305 33 31 1
392 : 0 4149 32 32 0
393 : 473 151 18 55 1
394 : 0 2080 35 29 1
395 : 81 199 53 19 0
396 : 777 983 25 41 0
397 : 160 23 63 16 0
398 : 0 4181 32 32 0
399 : 690 75 17 60 1
400 : 547 2656 37 27 1
401 : 547 2693 27 37 0
402 : 0 3206 30 33 1
403 : 318 1439 43 24 1
404 : 0 2336 34 30 1
405 : 780 436 25 41 1
406 : 426 219 52 20 1
407 : 0 3416 33 31 0
408 : 0 3176 33 30 0
409 : 223 247 50 20 1
410 : 777 1024 25 40 0
411 : 0 3447 33 31 0
412 : 547 2467 38 27 1
413 : 318 291 20 50 1
414 : 754 832 45 22 1
415 : 0 4246 32 32 0
416 : 754 2286 26 39 0
417 : 547 1922 42 24 1
418 : 754 23 63 16 0
419 : 640 397 48 21 1
420 : 160 56 16 61 1
421 : 836 1742 38 26 1
422 : 547 2351 25 41 0
423 : 160 2507 28 36 0
424 : 836 853 26 39 0
425 : 473 206 19 53 1
426 : 547 38 63 16 0
427 : 473 1080 23 44 0
428 : 640 445 21 47 0
429 : 160 1136 37 27 1
430 : 547 2619 37 27 1
431 : 160 2815 29 34 0
432 : 20 549 28 36 0
433 : 754 1526 25 40 0
434 : 0 2472 30 34 0
435 : 0 751 36 28 1
436 : 473 1167 23 43 0
437 : 160 1493 36 27 0
438 : 754 456 21 47 0
439 : 318 1482 24 42 0
440 : 977 0 16 61 0
441 : 754 1855 25 39 0
442 : 547 54 61 16 0
443 : 754 2401 38 26 1
444 : 473 1036 23 44 0
445 : 0 3146 30 33 1
446 : 396 23 63 16 0
447 : 904 66 60 16 0
448 : 0 3116 30 33 1
449 : 640 492 46 21 1
450 : 547 473 21 47 0
451 : 754 787 22 45 0
452 : 160 1173 27 37 0
453 : 473 1252 23 42 0
454 : 81 181 18 54 1
455 : 572 269 49 20 1
456 : 572 318 20 48 0
457 : 81 484 21 47 0
458 : 0 1440 28 35 0
459 : 547 2184 24 41 0
460 : 547 2225 41 24 1
461 : 473 1124 43 23 1
462 : 473 458 21 47 0
463 : 547 2582 27 37 0
464 : 473 264 19 51 1
465 : 473 225 19 52 1
466 : 949 1295 24 40 0
467 : 160 2578 28 35 0
468 : 0 3478 32 30 0
469 : 0 3086 30 33 1
470 : 473 1294 23 42 0
471 : 318 253 19 51 1
472 : 949 625 41 24 1
473 : 547 2766 27 36 0
474 : 0 1179 28 35 0
475 : 754 1651 25 39 0
476 : 949 767 41 24 1
477 : 754 1612 25 39 0
478 : 160 119 56 17 0
479 : 473 1378 23 42 0
480 : 754 135 17 55 1
481 : 0 2971 30 33 1
482 : 223 129 17 55 1
483 : 396 69 16 59 1
484 : 473 1420 23 42 0
485 : 473 188 54 18 0
486 : 754 2363 26 38 0
487 : 288 214 51 19 1
488 : 547 812 44 22 1
489 : 754 39 61 16 0
490 : 690 853 44 22 1
491 : 160 2748 28 34 0
492 : 473 1210 23 42 0
493 : 949 1578 25 39 0
494 : 754 2439 37 26 1
495 : 0 4344 31 31 0
496 : 223 60 16 60 1
497 : 318 1524 23 41 0
498 : 160 313 48 20 1
499 : 0 1144 28 35 0
500 : 0 3508 30 32 1
501 : 949 1166 40 24 1
502 : 714 168 52 18 1
503 : 223 112 57 17 0
504 : 754 1771 25 39 0
505 : 473 1336 23 42 0
506 : 81 531 21 45 0
507 : 904 248 49 19 1
508 : 0 4058 31 30 0
509 : 690 719 22 44 0
510 : 473 1462 23 41 0
511 : 754 2209 38 25 1
512 : 754 2171 25 38 0
513 : 473 117 57 17 0
514 : 547 2730 26 36 0
515 : 160 2782 28 33 0
516 : 473 1503 23 41 0
517 : 754 254 50 19 0
518 : 160 2543 27 35 0
519 : 0 899 27 35 0
520 : 949 1499 24 39 0
521 : 0 2010 28 34 0
522 : 754 118 17 57 1
523 : 499 353 20 47 0
524 : 160 1467 26 36 1
525 : 180 436 37 25 1
526 : 690 809 22 44 0
527 : 949 320 41 23 0
528 : 777 1181 39 24 1
529 : 81 145 17 55 1
530 : 754 2093 25 38 0
531 : 930 243 50 19 1
532 : 318 235 18 51 1
533 : 160 2879 29 33 0
534 : 0 3995 31 30 0
535 : 0 2443 29 33 1
536 : 0 4118 31 31 0
537 : 318 272 50 19 0
538 : 473 283 49 19 0
539 : 0 2570 32 29 0
540 : 777 1103 24 39 0
541 : 690 897 22 43 0
542 : 547 520 45 21 1
543 : 160 2682 34 28 1
544 : 396 384 47 20 1
545 : 754 962 22 42 0
546 : 690 940 22 42 0
547 : 754 2325 25 38 0
548 : 473 134 17 55 1
549 : 572 413 20 46 0
550 : 777 1220 39 24 1
551 : 754 920 22 42 0
552 : 499 400 20 46 0
553 : 754 201 52 18 0
554 : 0 4088 30 31 1
555 : 0 1377 34 27 0
556 : 0 2115 34 28 1
557 : 836 1974 37 25 1
558 : 207 504 28 34 0
559 : 27 281 48 19 1
560 : 904 1027 23 41 0
561 : 0 2778 29 32 1
562 : 836 2085 37 25 1
563 : 572 366 47 20 1
564 : 904 485 21 44 0
565 : 754 102 57 16 0
566 : 198 1035 28 33 0
567 : 777 1142 39 24 1
568 : 904 1328 40 23 1
569 : 198 1105 28 33 0
570 : 160 2912 29 32 0
571 : 160 361 47 20 1
572 : 836 2011 25 37 0
573 : 160 2327 35 27 1
574 : 904 1288 23 40 0
575 : 754 1401 24 39 0
576 : 396 54 15 60 1
577 : 160 1393 26 36 1
578 : 547 2837 26 35 0
579 : 0 1816 27 34 1
580 : 547 2872 26 35 0
581 : 620 195 52 18 0
582 : 396 39 60 15 0
583 : 949 1769 38 24 1
584 : 949 1693 38 24 1
585 : 949 1655 38 24 1
586 : 0 2541 29 32 1
587 : 396 431 45 20 1
588 : 186 203 18 51 0
589 : 547 856 22 43 0
590 : 754 55 60 15 0
591 : 836 261 49 19 1
592 : 714 220 18 50 0
593 : 0 3874 31 30 0
594 : 836 2048 25 37 0
595 : 949 1617 38 24 1
596 : 754 877 43 22 1
597 : 904 1368 40 23 1
598 : 0 396 20 47 0
599 : 754 219 51 18 0
600 : 836 1819 37 25 1
601 : 777 1064 39 24 1
602 : 160 1310 26 36 0
603 : 836 1628 25 37 0
604 : 949 1731 24 38 0
605 : 199 716 33 27 0
606 : 0 2833 29 32 0
607 : 396 337 20 47 0
608 : 836 1279 25 37 0
609 : 904 938 22 41 0
610 : 0 3777 31 30 0
611 : 547 2907 35 26 1
612 : 949 1335 23 39 0
613 : 426 271 19 48 0
614 : 640 538 21 44 0
615 : 861 262 49 19 1
616 : 904 1408 23 40 0
617 : 817 23 15 59 0
618 : 0 1072 27 34 0
619 : 904 1248 23 40 0
620 : 547 2942 26 35 0
621 : 640 582 21 43 0
622 : 288 265 19 48 0
623 : 0 3600 31 29 0
624 : 0 3538 31 29 0
625 : 547 2802 26 35 0
626 : 81 576 43 21 1
627 : 690 170 52 18 1
628 : 836 1665 25 37 0
629 : 949 1844 37 24 1
630 : 904 897 41 22 1
631 : 198 1212 33 28 0
632 : 191 1902 28 32 1
633 : 160 408 20 46 0
634 : 904 856 41 22 1
635 : 0 443 44 20 1
636 : 547 2392 25 37 0
637 : 246 295 19 47 0
638 : 0 1901 27 33 0
639 : 904 624 41 21 1
640 : 949 1807 37 24 1
641 : 836 310 47 19 1
642 : 777 810 39 23 1
643 : 198 1240 27 32 1
644 : 754 2476 35 25 1
645 : 160 2399 26 34 0
646 : 640 625 42 21 1
647 : 198 1405 27 32 1
648 : 836 1479 36 24 1
649 : 198 1432 27 32 1
650 : 198 1459 32 27 0
651 : 754 1004 22 39 0
652 : 396 476 20 43 0
653 : 160 2944 30 28 1
654 : 198 1521 32 27 1
655 : 0 212 50 17 0
656 : 81 661 21 41 0
657 : 81 619 42 21 1
658 : 754 152 52 16 0
659 : 754 184 17 52 1
660 : 754 2511 35 25 1
661 : 836 357 19 45 0
662 : 0 3904 29 30 1
663 : 754 1043 22 39 0
664 : 160 2613 33 26 1
665 : 198 1684 27 32 0
666 : 198 1716 32 27 1
667 : 0 4278 29 29 0
668 : 904 665 21 40 0
669 : 949 1881 36 24 1
670 : 949 1952 35 24 1
671 : 904 1485 23 37 0
672 : 754 1082 22 39 0
673 : 754 237 17 50 1
674 : 904 1448 23 37 0
675 : 160 2716 26 32 0
676 : 81 702 40 21 1
677 : 318 1601 36 23 1
678 : 318 1637 23 36 0
679 : 754 168 16 52 1
680 : 949 1917 35 24 1
681 : 836 2156 24 34 0
682 : 930 293 18 46 0
683 : 396 85 57 15 0
684 : 318 1673 35 23 1
685 : 754 87 57 15 0
686 : 904 705 40 21 1
687 : 836 2122 24 34 0
688 : 160 2974 28 30 0
689 : 178 546 23 35 0
690 : 620 163 52 16 0
691 : 977 61 56 15 1
692 : 904 297 46 18 1
693 : 160 3004 30 28 1
694 : 0 3933 28 29 1
695 : 690 222 17 48 0
696 : 836 104 15 55 1
697 : 620 179 52 16 0
698 : 459 23 57 14 1
699 : 690 92 56 14 0
700 : 160 104 15 56 1
701 : 836 738 23 36 0
702 : 904 96 56 15 0
703 : 223 174 16 50 1
704 : 754 2546 25 33 0
705 : 754 1121 37 22 1
706 : 318 1565 36 23 1
707 : 0 1010 33 25 0
708 : 198 983 31 26 0
709 : 836 1256 35 23 0
710 : 904 1522 36 22 1
711 : 318 1743 23 35 0
712 : 836 2223 24 33 0
713 : 620 148 52 15 0
714 : 160 2849 26 30 0
715 : 318 1708 35 23 1
716 : 836 90 56 14 0
717 : 0 2904 30 27 0
718 : 640 667 20 40 0
719 : 836 2190 33 24 1
720 : 246 342 44 18 1
721 : 198 1009 31 26 0
722 : 396 519 42 19 1
723 : 160 90 56 14 0
724 : 855 436 36 22 1
725 : 640 707 20 39 0
726 : 0 2185 31 25 1
727 : 904 82 14 56 1
728 : 904 1558 22 35 0
729 : 754 1158 21 36 0
730 : 160 3034 27 29 0
731 : 836 119 53 15 0
732 : 904 1593 35 22 1
733 : 904 529 42 19 1
734 : 160 3119 27 28 0
735 : 836 1555 34 22 1
736 : 0 2216 31 25 1
737 : 754 1194 21 36 0
738 : 0 2247 31 25 1
739 : 81 233 16 48 1
740 : 223 297 17 45 0
741 : 160 3063 28 27 1
742 : 0 2807 29 26 0
743 : 198 1553 30 25 1
744 : 198 1583 25 30 0
745 : 949 2020 33 23 1
746 : 690 982 37 20 1
747 : 160 3147 27 28 0
748 : 836 1316 22 34 0
749 : 855 415 21 35 1
750 : 904 1628 34 22 1
751 : 198 1748 25 30 0
752 : 949 1987 33 23 1
753 : 160 3091 27 28 0
754 : 178 581 34 22 1
755 : 690 1019 37 20 1
756 : 160 1574 23 32 0
757 : 186 254 16 46 0
758 : 160 3175 27 27 0
759 : 160 1606 23 32 0
760 : 690 1056 20 37 0
761 : 754 273 16 47 1
762 : 904 1761 22 33 0
763 : 396 561 40 19 1
764 : 620 213 48 15 0
765 : 160 1771 32 23 1
766 : 949 2053 32 23 1
767 : 817 82 52 14 1
768 : 904 1662 22 33 0
769 : 620 134 14 52 1
770 : 223 146 14 51 1
771 : 780 725 36 20 1
772 : 288 313 44 17 1
773 : 836 402 42 17 1
774 : 620 228 48 15 0
775 : 0 2307 29 25 1
776 : 836 973 34 21 0
777 : 0 487 18 41 0
778 : 160 454 18 41 0
779 : 0 1312 24 31 1
780 : 904 111 53 14 0
781 : 904 1728 33 22 1
782 : 160 495 40 18 1
783 : 160 3202 27 27 0
784 : 81 742 38 19 1
785 : 160 1542 32 23 1
786 : 836 1046 34 21 0
787 : 459 80 52 14 1
788 : 836 1106 21 34 0
789 : 904 1695 22 33 0
790 : 836 1140 21 34 0
791 : 160 1638 32 23 1
792 : 318 1778 22 32 0
793 : 207 538 30 24 1
794 : 246 428 17 41 0
795 : 160 162 14 50 1
796 : 473 1544 35 21 1
797 : 0 2278 25 29 0
798 : 81 249 46 15 0
799 : 780 551 20 36 0
800 : 547 2977 28 26 1
801 : 836 1174 34 21 1
802 : 81 780 19 37 0
803 : 160 535 18 38 0
804 : 0 528 18 39 0
805 : 0 1620 23 30 0
806 : 81 218 15 48 1
807 : 836 444 17 41 0
808 : 318 1810 31 22 1
809 : 223 160 50 14 0
810 : 690 1163 34 20 1
811 : 246 386 17 42 0
812 : 383 22 52 13 1
813 : 0 934 31 23 1
814 : 350 426 41 17 1
815 : 690 1128 20 35 0
816 : 178 679 21 32 0
817 : 640 746 37 19 1
818 : 572 459 40 17 1
819 : 977 117 14 50 0
820 : 160 1520 31 22 0
821 : 620 295 16 44 0
822 : 426 319 16 43 0
823 : 27 329 16 43 0
824 : 191 2001 24 28 0
825 : 547 3005 26 27 0
826 : 198 1303 29 24 0
827 : 836 2368 28 24 1
828 : 547 3032 26 26 0
829 : 690 1093 20 35 0
830 : 836 2284 24 28 0
831 : 383 74 13 52 0
832 : 547 143 13 51 1
833 : 396 601 18 37 0
834 : 160 1670 22 31 0
835 : 930 339 16 42 0
836 : 81 817 19 36 0
837 : 714 270 15 44 0
838 : 178 647 32 21 1
839 : 904 1794 31 22 1
840 : 640 819 19 35 0
841 : 0 1650 30 23 1
842 : 977 167 47 14 1
843 : 207 481 23 29 1
844 : 754 2633 27 25 1
845 : 160 1803 31 22 1
846 : 0 605 18 37 0
847 : 459 132 48 14 1
848 : 288 357 41 16 1
849 : 836 2312 28 24 1
850 : 0 567 18 38 0
851 : 350 467 17 39 0
852 : 754 2606 27 25 1
853 : 640 783 36 19 1
854 : 836 2340 28 24 1
855 : 459 180 14 47 0
856 : 178 615 21 32 0
857 : 160 149 50 13 0
858 : 160 573 38 18 1
859 : 191 1930 28 24 0
860 : 191 1954 28 24 0
861 : 817 134 14 48 0
862 : 904 343 16 42 0
863 : 160 176 14 48 1
864 : 786 289 15 43 0
865 : 836 2256 24 28 0
866 : 473 1579 31 21 1
867 : 473 1610 31 21 1
868 : 817 182 14 46 0
869 : 754 2712 25 26 0
870 : 855 472 33 20 1
871 : 836 2477 24 27 0
872 : 754 2660 26 25 1
873 : 949 2114 29 23 1
874 : 949 385 36 18 1
875 : 81 888 34 19 1
876 : 223 342 42 16 1
877 : 235 920 28 23 1
878 : 949 2085 23 29 0
879 : 855 505 20 33 0
880 : 754 2579 27 25 1
881 : 836 2396 27 24 1
882 : 160 866 31 21 1
883 : 640 889 34 19 1
884 : 855 538 20 33 0
885 : 836 2423 27 24 1
886 : 640 854 35 19 1
887 : 20 491 30 22 0
888 : 111 264 15 44 0
889 : 904 1825 22 30 0
890 : 855 571 33 20 1
891 : 81 853 35 19 1
892 : 861 311 15 42 0
893 : 754 2738 26 25 1
894 : 160 1701 21 30 0
895 : 754 2686 25 26 0
896 : 836 2450 27 24 1
897 : 198 1813 28 23 0
898 : 426 362 16 39 0
899 : 160 136 13 51 1
900 : 836 134 13 51 1
901 : 473 1701 30 21 1
902 : 186 300 43 15 1
903 : 977 214 14 45 0
904 : 160 937 31 21 1
905 : 690 270 44 15 1
906 : 949 491 18 35 0
907 : 191 2056 27 23 1
908 : 949 456 18 35 0
909 : 836 2556 24 26 0
910 : 836 2582 24 26 0
911 : 0 1214 22 29 0
912 : 235 948 23 28 0
913 : 160 611 36 18 1
914 : 949 421 35 18 1
915 : 180 473 32 20 1
916 : 473 1731 21 30 0
917 : 0 1598 29 22 0
918 : 904 1911 28 22 1
919 : 754 2764 25 26 0
920 : 640 923 33 19 1
921 : 0 1243 29 22 1
922 : 836 2608 24 26 0
923 : 81 956 19 33 0
924 : 207 568 28 22 1
925 : 81 922 34 19 1
926 : 178 711 31 20 1
927 : 191 2083 23 27 0
928 : 396 638 35 18 1
929 : 836 2634 26 24 1
930 : 836 2504 24 26 0
931 : 246 469 17 38 0
932 : 836 2530 24 26 0
933 : 690 314 15 42 0
934 : 836 485 37 17 1
935 : 191 1978 27 23 0
936 : 714 314 15 42 0
937 : 27 372 16 39 0
938 : 350 506 37 17 1
939 : 191 2029 23 27 0
940 : 288 398 38 16 1
941 : 786 332 42 15 1
942 : 904 1855 28 22 1
943 : 160 190 13 47 1
944 : 690 1197 20 32 0
945 : 754 2790 25 25 0
946 : 396 673 34 18 1
947 : 836 774 32 19 1
948 : 620 339 15 42 0
949 : 473 1641 30 21 1
950 : 111 308 15 42 0
951 : 836 892 32 19 1
952 : 426 401 38 16 1
953 : 473 1671 30 21 1
954 : 383 126 48 13 1
955 : 246 507 37 17 1
956 : 904 1883 28 22 1
957 : 690 1229 32 20 1
958 : 350 543 36 17 1
959 : 836 522 37 17 1
960 : 640 956 19 33 0
961 : 160 1210 20 30 0
962 : 20 614 29 21 1
963 : 836 2685 25 24 1
964 : 191 2110 23 26 0
965 : 0 676 18 33 0
966 : 246 544 36 17 1
967 : 473 1761 21 28 0
968 : 191 2136 26 23 1
969 : 836 2660 25 24 1
970 : 27 411 37 16 1
971 : 836 559 36 17 1
972 : 160 1240 20 30 0
973 : 160 647 18 34 0
974 : 949 2143 23 26 0
975 : 473 1789 21 28 0
976 : 0 642 34 18 1
977 : 223 384 38 16 1
978 : 350 579 17 36 0
979 : 20 585 29 21 1
980 : 191 2162 26 23 1
981 : 973 343 17 34 0
982 : 473 1817 28 21 1
983 : 160 681 33 18 1
984 : 0 1843 28 21 0
985 : 973 377 17 34 0
986 : 690 1261 30 20 1
987 : 754 1230 29 20 1
988 : 318 1841 21 28 0
989 : 160 828 30 19 0
990 : 836 2734 24 24 0
991 : 973 411 34 17 1
992 : 690 1291 20 29 0
993 : 81 989 31 19 1
994 : 836 2710 24 24 0
995 : 473 1845 21 28 0
996 : 160 847 30 19 0
997 : 20 643 28 20 1
998 : 198 1836 22 27 1
999 : 383 174 13 44 0
