300 625
0 : 0 0 90 36 0
1 : 90 0 79 15 0
2 : 169 0 90 36 0
3 : 0 36 244 70 0
4 : 259 0 39 15 0
5 : 244 36 55 15 0
6 : 244 51 53 14 0
7 : 0 106 90 36 0
8 : 90 106 80 32 0
9 : 170 106 101 36 0
10 : 90 138 62 31 0
11 : 271 65 40 16 1
12 : 271 105 38 15 1
13 : 152 142 24 32 1
14 : 0 169 300 95 0
15 : 0 264 80 32 0
16 : 80 264 38 15 0
17 : 118 264 40 16 0
18 : 80 280 209 33 0
19 : 0 313 101 36 0
20 : 101 313 47 15 0
21 : 148 313 40 16 0
22 : 188 313 60 24 0
23 : 148 337 90 36 0
24 : 248 313 39 15 0
25 : 248 328 39 15 0
26 : 238 343 51 15 0
27 : 101 328 40 15 0
28 : 0 349 101 36 0
29 : 238 358 60 18 0
30 : 141 373 55 15 0
31 : 196 376 60 15 0
32 : 0 385 66 15 0
33 : 101 343 24 32 1
34 : 101 388 90 36 0
35 : 191 391 51 18 0
36 : 0 400 90 36 0
37 : 191 409 90 36 0
38 : 281 376 60 18 1
39 : 90 424 90 36 0
40 : 281 436 17 16 0
41 : 0 436 59 14 0
42 : 59 460 163 15 0
43 : 0 475 101 36 0
44 : 101 475 90 36 0
45 : 222 445 52 15 0
46 : 191 475 90 36 0
47 : 281 452 50 15 1
48 : 0 511 40 15 0
49 : 40 511 54 14 0
50 : 94 511 101 36 0
51 : 195 511 90 36 0
52 : 0 547 101 36 0
53 : 101 547 90 36 0
54 : 191 547 78 78 0
55 : 0 583 90 36 0
56 : 90 583 90 36 0
57 : 285 502 80 15 1
