40400 44089
0 : 7958 21289 4629 1596 1
1 : 21193 23290 2919 783 1
2 : 37793 10744 8067 1832 1
3 : 18219 20371 7180 2974 1
4 : 4223 38757 1685 1708 0
5 : 24640 37040 2029 601 1
6 : 0 0 15046 7040 0
7 : 21193 27197 6726 7039 1
8 : 31306 20917 7958 5170 0
9 : 0 38757 3621 4223 1
10 : 0 31533 4358 6846 1
11 : 18716 27551 6272 1268 1
12 : 6416 37124 6171 1473 0
13 : 4223 40950 3448 1249 0
14 : 0 14900 6389 10170 1
15 : 0 26441 7910 5092 0
16 : 0 10271 4629 11306 1
17 : 31306 19239 1279 1621 0
18 : 6846 33595 3529 6846 1
19 : 24640 40508 3770 3117 0
20 : 19964 39327 3924 3177 0
21 : 15539 26749 2672 556 0
22 : 15046 5406 15046 5222 0
23 : 15539 34529 2050 2287 0
24 : 0 21289 7958 5152 0
25 : 6846 31533 1063 2033 0
26 : 37365 33650 1823 5782 0
27 : 29894 38336 4047 5429 1
28 : 0 35891 6416 1491 0
29 : 36310 36979 859 2104 0
30 : 30092 0 6378 12850 0
31 : 36470 0 10744 2912 1
32 : 6171 38597 4629 2353 0
33 : 21193 20371 2919 838 1
34 : 32779 12850 8067 5014 1
35 : 7671 40950 3139 2974 1
36 : 37793 18811 1685 1469 1
37 : 36470 10744 2029 824 1
38 : 15046 0 15046 5406 0
39 : 30639 33650 6726 3329 0
40 : 22050 19239 7958 9256 1
41 : 10170 14900 1080 4223 0
42 : 28232 27197 2407 6846 0
43 : 13692 37040 6272 5296 0
44 : 0 37382 6171 1375 0
45 : 28410 40508 1253 1249 0
46 : 22050 12850 6389 10729 1
47 : 31306 26087 7910 7563 0
48 : 25265 34043 4629 6465 0
49 : 29894 34043 503 1621 0
50 : 7910 26749 7629 6846 0
51 : 18716 33923 6549 3117 0
52 : 15539 27551 6978 3177 1
53 : 13692 33595 2672 869 1
54 : 0 7040 15046 3231 0
55 : 19964 37040 4676 2287 0
56 : 22050 10628 7958 2142 0
57 : 10800 38597 3638 2033 1
58 : 19984 31598 1823 1064 1
59 : 19984 27551 4047 1135 1
60 : 29894 36979 6416 1357 0
61 : 35323 39432 3842 2104 0
62 : 10170 20371 6378 8049 1
63 : 11306 10628 10744 9743 0
