123 370
0 : 0 242 54 15 0
1 : 0 325 39 15 0
2 : 105 204 51 17 1
3 : 0 80 90 21 0
4 : 97 48 84 25 1
5 : 45 321 43 17 0
6 : 0 48 97 17 0
7 : 0 257 49 15 0
8 : 0 308 45 17 0
9 : 0 21 120 27 0
10 : 0 183 64 17 0
11 : 0 217 67 25 0
12 : 91 355 25 15 0
13 : 0 137 65 15 0
14 : 0 355 23 15 0
15 : 67 186 59 17 1
16 : 0 291 50 17 0
17 : 0 340 33 15 0
18 : 84 204 56 21 1
19 : 0 65 92 15 0
20 : 0 122 67 15 0
21 : 50 291 46 15 0
22 : 0 200 63 17 0
23 : 95 132 72 25 1
24 : 0 152 80 31 0
25 : 39 338 38 15 0
26 : 33 353 32 15 0
27 : 80 122 64 15 1
28 : 77 338 37 17 0
29 : 49 260 65 31 0
30 : 65 355 26 15 0
31 : 0 101 89 21 0
32 : 96 291 45 17 1
33 : 0 0 123 21 0
34 : 50 306 46 15 0
