123 522
0 : 82 228 54 15 1
1 : 82 328 39 15 1
2 : 21 307 51 17 1
3 : 21 44 90 21 0
4 : 42 96 84 25 1
5 : 21 453 43 17 1
6 : 21 27 97 17 0
7 : 0 278 49 15 1
8 : 21 408 45 17 1
9 : 0 0 120 27 0
10 : 0 150 64 17 1
11 : 42 317 67 25 1
12 : 0 432 25 15 1
13 : 82 163 65 15 1
14 : 82 437 23 15 1
15 : 21 248 59 17 1
16 : 21 358 50 17 1
17 : 0 373 33 15 1
18 : 42 384 56 21 1
19 : 67 96 92 15 1
20 : 82 96 67 15 1
21 : 82 282 46 15 1
22 : 21 185 63 17 1
23 : 42 180 72 25 1
24 : 21 65 80 31 0
25 : 82 367 38 15 1
26 : 82 405 32 15 1
27 : 0 214 64 15 1
28 : 42 485 37 17 1
29 : 42 252 65 31 1
30 : 0 406 26 15 1
31 : 21 96 89 21 1
32 : 42 440 45 17 1
33 : 0 27 123 21 1
34 : 0 327 46 15 1
