100 27
0 : 95 16 5 4 1
1 : 92 0 3 13 0
2 : 0 0 49 3 0
3 : 92 13 3 5 0
4 : 38 12 5 5 0
5 : 49 19 3 5 1
6 : 0 15 5 5 0
7 : 4 23 3 3 0
8 : 33 8 4 10 1
9 : 33 22 3 4 1
10 : 95 0 4 11 0
11 : 17 15 3 7 1
12 : 83 0 9 8 0
13 : 49 12 7 33 1
14 : 33 12 5 5 0
15 : 64 19 5 3 0
16 : 20 18 4 5 1
17 : 25 18 5 4 0
18 : 69 19 5 3 0
19 : 74 19 3 5 1
20 : 33 3 12 5 0
21 : 83 24 3 3 0
22 : 69 22 3 4 1
23 : 79 24 3 3 0
24 : 83 21 3 5 1
25 : 59 19 5 3 0
26 : 54 19 3 5 1
27 : 45 11 3 7 0
28 : 33 17 5 5 0
29 : 10 22 5 3 0
30 : 92 18 5 3 1
31 : 10 15 3 7 1
32 : 45 18 5 3 1
33 : 92 23 3 3 0
34 : 57 22 3 4 1
35 : 10 18 5 4 0
36 : 0 20 4 4 0
37 : 49 22 3 4 1
38 : 45 23 3 3 0
39 : 45 3 4 8 0
40 : 15 18 5 4 0
41 : 79 19 5 3 1
42 : 53 22 4 3 0
43 : 0 3 12 33 1
44 : 15 22 3 5 1
45 : 0 24 3 3 0
46 : 95 21 4 4 0
47 : 25 22 3 5 1
48 : 83 16 5 5 0
49 : 95 11 5 4 1
50 : 24 15 7 3 0
51 : 4 20 5 3 0
52 : 38 17 5 4 0
53 : 38 21 5 3 0
54 : 61 22 3 4 1
55 : 73 22 3 4 1
56 : 20 22 3 5 1
57 : 38 24 3 3 0
58 : 65 22 3 4 1
59 : 83 13 7 3 0
60 : 83 8 5 8 1
61 : 49 0 34 12 0
62 : 5 15 5 5 0
