1000 43946
0 : 0 31716 602 738 1
1 : 0 20160 897 620 1
2 : 0 41104 743 708 1
3 : 0 35118 308 409 1
4 : 0 41847 447 477 1
5 : 446 9981 421 71 1
6 : 461 21955 167 331 0
7 : 310 2862 667 149 1
8 : 0 19184 792 493 1
9 : 0 14832 190 567 0
10 : 0 12580 320 711 0
11 : 0 15399 891 518 1
12 : 0 25783 750 559 1
13 : 0 24069 220 428 1
14 : 446 10806 10 55 1
15 : 0 421 990 287 1
16 : 0 30097 986 840 1
17 : 0 40673 482 431 0
18 : 0 38524 393 471 1
19 : 0 6119 524 139 1
20 : 0 0 963 110 0
21 : 0 9010 554 971 0
22 : 466 3012 143 657 0
23 : 0 42943 621 642 0
24 : 0 42294 628 649 0
25 : 0 31083 633 770 1
26 : 0 19976 473 184 0
27 : 712 1204 729 109 1
28 : 0 24289 601 395 1
29 : 310 2169 151 693 0
30 : 360 39733 342 281 0
31 : 258 17724 82 351 0
32 : 0 27784 531 361 1
33 : 712 1933 82 636 0
34 : 0 36137 926 836 1
35 : 0 33714 844 735 1
36 : 466 421 246 940 0
37 : 287 1302 867 175 1
38 : 0 34558 560 664 1
39 : 204 6209 896 438 1
40 : 0 35426 711 613 1
41 : 0 9981 860 446 1
42 : 0 110 182 927 1
43 : 0 17724 579 258 1
44 : 0 14079 753 372 1
45 : 0 1411 153 759 0
46 : 0 43585 361 371 1
47 : 248 1411 519 5 1
48 : 0 292 866 129 0
49 : 0 3987 826 260 1
50 : 0 29058 361 202 0
51 : 0 26533 475 664 0
52 : 190 14832 125 483 0
53 : 0 10841 541 953 0
54 : 0 5546 573 141 1
55 : 0 39733 294 360 1
56 : 153 1411 95 681 0
57 : 0 4813 733 204 1
58 : 0 3080 907 307 1
59 : 0 32927 677 787 0
60 : 0 16290 345 708 0
61 : 0 22117 398 612 0
62 : 0 38034 572 490 0
63 : 0 27197 587 412 1
64 : 310 3669 275 786 0
65 : 466 1361 861 214 1
66 : 0 8013 997 576 1
67 : 0 37063 300 211 0
68 : 466 2222 790 189 1
69 : 409 35118 274 183 1
70 : 0 24890 893 692 1
71 : 204 7105 470 908 0
72 : 0 23402 456 667 0
73 : 0 28315 578 743 0
74 : 0 32731 196 327 1
75 : 446 10402 68 404 0
76 : 0 21955 162 380 1
77 : 712 2569 563 59 1
78 : 0 18303 881 573 1
79 : 0 2170 910 310 1
80 : 300 37063 367 451 1
81 : 0 21057 898 640 1
82 : 866 292 697 52 1
83 : 0 40027 588 646 0
84 : 0 37430 604 688 1
85 : 461 2169 469 1 1
86 : 0 22729 673 461 1
87 : 0 6643 105 307 0
88 : 260 4455 842 370 1
89 : 0 13291 405 788 0
90 : 204 5297 450 912 0
91 : 0 38917 816 750 1
92 : 287 421 881 179 1
93 : 585 3669 16 427 0
94 : 0 32318 547 413 0
95 : 0 29260 689 837 0
96 : 0 11794 380 786 0
97 : 963 0 13 616 0
98 : 712 421 783 143 1
99 : 0 16998 373 726 0
