300 590
0 : 249 286 90 36 1
1 : 285 338 79 15 1
2 : 148 239 90 36 0
3 : 78 95 244 70 1
4 : 0 529 39 15 1
5 : 285 483 55 15 1
6 : 18 537 53 14 1
7 : 78 339 90 36 1
8 : 249 376 80 32 1
9 : 148 95 101 36 0
10 : 78 429 62 31 1
11 : 249 480 40 16 1
12 : 129 548 38 15 1
13 : 249 456 24 32 1
14 : 0 0 300 95 0
15 : 148 455 80 32 0
16 : 114 548 38 15 1
17 : 265 480 40 16 1
18 : 114 339 209 33 1
19 : 0 173 101 36 1
20 : 249 520 47 15 1
21 : 208 487 40 16 1
22 : 36 443 60 24 1
23 : 36 263 90 36 1
24 : 285 538 39 15 1
25 : 148 568 39 15 0
26 : 78 507 51 15 1
27 : 264 520 40 15 1
28 : 148 131 101 36 0
29 : 148 505 60 18 0
30 : 148 538 55 15 0
31 : 148 523 60 15 0
32 : 285 417 66 15 1
33 : 0 454 24 32 1
34 : 148 347 90 36 0
35 : 0 478 51 18 1
36 : 148 311 90 36 0
37 : 148 383 90 36 0
38 : 148 487 60 18 0
39 : 36 353 90 36 1
40 : 78 491 17 16 0
41 : 18 478 59 14 1
42 : 285 95 163 15 1
43 : 148 167 101 36 0
44 : 0 364 90 36 1
45 : 36 503 52 15 1
46 : 148 419 90 36 0
47 : 148 553 50 15 0
48 : 208 527 40 15 1
49 : 95 491 54 14 1
50 : 148 203 101 36 0
51 : 36 173 90 36 1
52 : 249 95 101 36 1
53 : 249 196 90 36 1
54 : 0 95 78 78 0
55 : 148 275 90 36 0
56 : 0 274 90 36 1
57 : 285 258 80 15 1
