200 205
0 : 26 126 15 72 1
1 : 98 141 15 47 1
2 : 0 167 67 11 0
3 : 0 0 56 39 0
4 : 37 195 6 35 1
5 : 167 108 11 17 0
6 : 41 187 8 20 1
7 : 175 179 22 8 0
8 : 175 187 8 12 1
9 : 145 141 3 16 1
10 : 84 141 11 9 0
11 : 0 178 9 61 1
12 : 61 188 47 7 0
13 : 98 126 11 11 0
14 : 122 200 5 18 1
15 : 100 195 6 22 1
16 : 164 200 5 7 1
17 : 84 150 6 14 1
18 : 155 87 25 21 0
19 : 0 83 22 4 0
20 : 68 155 16 11 0
21 : 109 108 33 17 0
22 : 163 188 8 7 0
23 : 15 201 4 8 1
24 : 56 27 26 110 1
25 : 98 137 11 4 0
26 : 84 156 58 12 0
27 : 99 87 56 21 0
28 : 86 66 21 102 1
29 : 26 62 6 25 0
30 : 61 179 9 51 1
31 : 189 144 16 11 1
32 : 122 195 30 5 0
33 : 152 53 12 9 0
34 : 20 151 4 6 1
35 : 158 125 26 16 0
36 : 0 155 68 12 0
37 : 138 169 20 10 0
38 : 0 62 21 26 1
39 : 0 142 20 12 0
40 : 109 125 49 16 0
41 : 72 195 6 28 1
42 : 35 201 11 3 0
43 : 32 75 37 12 0
44 : 147 179 9 18 1
45 : 164 53 2 9 0
46 : 170 195 5 14 1
47 : 0 201 15 4 0
48 : 158 170 39 9 0
49 : 189 0 64 10 1
50 : 108 188 32 7 0
51 : 0 126 16 26 1
52 : 0 87 99 21 0
53 : 180 87 38 19 1
54 : 0 39 23 32 1
55 : 0 195 6 37 1
56 : 32 53 22 54 1
57 : 106 0 25 36 1
58 : 56 0 50 27 0
59 : 142 0 27 22 1
60 : 0 187 8 41 1
61 : 166 0 66 23 1
62 : 156 200 8 5 0
63 : 161 141 15 3 0
64 : 134 53 18 12 0
65 : 189 201 9 4 0
66 : 184 195 6 2 1
67 : 20 142 9 6 1
68 : 148 200 5 8 1
69 : 171 201 4 18 1
70 : 184 125 15 19 0
71 : 140 200 8 5 0
72 : 152 62 14 4 0
73 : 86 53 48 13 0
74 : 32 39 14 14 0
75 : 189 64 23 10 1
76 : 152 195 5 18 1
77 : 176 160 10 23 1
78 : 67 168 51 11 0
79 : 26 141 58 14 0
80 : 187 187 7 12 1
81 : 165 179 10 9 0
82 : 69 75 16 12 0
83 : 176 157 13 3 0
84 : 112 179 35 9 0
85 : 142 157 34 12 0
86 : 142 108 17 25 1
87 : 22 83 3 3 0
88 : 140 188 7 23 1
89 : 118 168 10 20 1
90 : 0 108 109 18 0
91 : 187 194 7 7 0
92 : 194 194 6 6 0
93 : 145 144 44 13 0
94 : 142 156 3 1 0
95 : 23 201 3 12 1
96 : 46 39 10 11 0
