1000 55160
0 : 0 13745 602 738 0
1 : 0 6852 897 620 1
2 : 0 9507 743 708 1
3 : 0 47494 308 409 0
4 : 0 39940 447 477 0
5 : 190 47903 421 71 1
6 : 0 54555 167 331 0
7 : 0 49523 667 149 1
8 : 0 21382 792 493 1
9 : 0 47903 190 567 0
10 : 0 37070 320 711 0
11 : 0 12854 891 518 1
12 : 0 16845 750 559 1
13 : 0 50532 220 428 0
14 : 438 26574 10 55 0
15 : 0 28764 990 287 1
16 : 0 0 986 840 0
17 : 0 40417 482 431 1
18 : 0 41430 393 471 0
19 : 0 53024 524 139 1
20 : 275 38328 963 110 1
21 : 0 7749 554 971 0
22 : 0 50960 143 657 0
23 : 0 19844 621 642 0
24 : 0 19195 628 649 0
25 : 0 12084 633 770 0
26 : 0 51617 473 184 1
27 : 151 48830 729 109 1
28 : 0 35529 601 395 1
29 : 0 48830 151 693 0
30 : 0 50190 342 281 1
31 : 370 25796 82 351 0
32 : 0 40899 531 361 1
33 : 518 12854 82 636 0
34 : 0 840 926 836 0
35 : 0 1676 844 735 0
36 : 0 36130 246 940 0
37 : 179 44140 867 175 1
38 : 0 23680 560 664 0
39 : 0 20486 896 438 1
40 : 0 14483 711 613 1
41 : 0 22174 860 446 1
42 : 0 42762 182 927 0
43 : 0 45754 579 258 1
44 : 0 31236 753 372 1
45 : 450 18283 153 759 0
46 : 0 47123 361 371 0
47 : 196 53024 519 5 1
48 : 214 42684 866 129 1
49 : 0 39114 826 260 1
50 : 0 52663 361 202 1
51 : 0 25132 475 664 0
52 : 151 49559 125 483 0
53 : 0 10250 541 953 0
54 : 0 52090 573 141 1
55 : 0 48470 294 360 0
56 : 258 45007 95 681 0
57 : 0 45021 733 204 1
58 : 0 31989 907 307 1
59 : 0 8720 677 787 0
60 : 0 33622 345 708 0
61 : 0 34330 398 612 0
62 : 0 30664 572 490 1
63 : 0 34942 587 412 1
64 : 0 38328 275 786 0
65 : 0 41901 861 214 1
66 : 0 5855 997 576 1
67 : 0 53875 300 211 1
68 : 0 46333 790 189 1
69 : 0 54886 274 183 1
70 : 0 2411 893 692 1
71 : 0 15937 470 908 0
72 : 0 27311 456 667 0
73 : 0 15194 578 743 0
74 : 0 53548 196 327 0
75 : 370 26147 68 404 0
76 : 0 54175 162 380 0
77 : 189 46333 563 59 1
78 : 0 11203 881 573 1
79 : 0 29754 910 310 1
80 : 0 43689 367 451 0
81 : 0 4957 898 640 1
82 : 204 45007 697 52 1
83 : 0 23034 588 646 0
84 : 0 17595 604 688 0
85 : 201 53024 469 1 1
86 : 0 26638 673 461 1
87 : 275 39291 105 307 0
88 : 0 25796 842 370 1
89 : 0 24344 405 788 0
90 : 0 18283 450 912 0
91 : 0 3304 816 750 1
92 : 0 44140 881 179 1
93 : 438 26147 16 427 0
94 : 0 37781 547 413 1
95 : 0 4120 689 837 0
96 : 0 27978 380 786 0
97 : 167 54175 13 616 0
98 : 214 41901 783 143 1
99 : 0 32896 373 726 0
