1000 8683
0 : 0 0 541 745 1
1 : 0 541 344 301 0
2 : 344 541 413 294 0
3 : 344 835 266 341 1
4 : 344 1101 543 388 0
5 : 0 1489 367 701 1
6 : 0 1856 526 707 1
7 : 707 1489 286 706 0
8 : 0 2382 614 289 0
9 : 614 2382 348 592 0
10 : 0 2671 673 431 1
11 : 431 2974 475 362 0
12 : 431 3336 562 439 0
13 : 0 3775 530 638 1
14 : 0 4305 609 375 0
15 : 638 3775 540 274 1
16 : 0 4680 486 634 1
17 : 634 4315 272 377 0
18 : 634 4692 623 306 1
19 : 0 5315 266 714 1
20 : 0 5581 341 336 0
21 : 341 5581 340 296 0
22 : 341 5877 531 479 0
23 : 0 6356 571 589 1
24 : 0 6927 674 496 0
25 : 0 7423 560 497 0
26 : 560 7423 509 389 1
27 : 0 7932 650 332 0
28 : 650 7932 474 285 1
29 : 0 8264 419 503 1
