200 234
0 : 190 135 8 47 0
1 : 0 0 143 26 0
2 : 0 26 16 107 1
3 : 0 42 33 95 1
4 : 144 214 5 21 1
5 : 150 135 54 40 1
6 : 95 46 84 15 0
7 : 165 202 32 25 0
8 : 0 178 52 45 0
9 : 143 189 13 39 1
10 : 107 26 86 20 0
11 : 95 61 50 77 1
12 : 0 75 77 31 0
13 : 172 61 24 74 0
14 : 0 223 11 12 1
15 : 0 129 22 65 1
16 : 0 151 27 53 1
17 : 129 151 14 46 0
18 : 144 219 17 9 0
19 : 123 214 15 21 1
20 : 92 205 31 6 0
21 : 92 197 8 38 1
22 : 0 106 23 77 1
23 : 130 202 12 35 1
24 : 115 211 5 12 0
25 : 92 211 20 23 1
26 : 77 111 73 40 0
27 : 52 188 40 39 0
28 : 65 151 64 37 0
