200 224
0 : 0 0 66 25 0
1 : 66 0 14 30 1
2 : 96 0 18 14 0
3 : 114 0 43 34 0
4 : 0 25 59 30 0
5 : 157 0 10 16 1
6 : 157 10 8 33 1
7 : 66 14 22 47 1
8 : 157 18 18 16 0
9 : 175 18 26 13 1
10 : 113 34 24 17 0
11 : 190 0 26 4 1
12 : 137 34 7 28 1
13 : 59 36 26 14 0
14 : 137 44 30 51 1
15 : 59 50 39 25 0
16 : 59 25 7 3 0
17 : 188 26 19 9 1
18 : 98 51 25 6 0
19 : 173 0 8 14 1
20 : 98 74 18 78 1
21 : 123 51 14 17 0
22 : 0 75 62 12 0
23 : 0 87 15 64 1
24 : 98 57 16 5 0
25 : 0 55 46 13 0
26 : 64 75 27 26 0
27 : 91 92 12 63 1
28 : 188 45 30 8 1
29 : 0 102 36 91 1
30 : 176 75 23 31 0
31 : 46 55 8 13 0
32 : 98 62 22 9 0
33 : 91 104 9 50 1
34 : 123 68 14 4 0
35 : 154 92 8 16 1
36 : 154 100 22 12 0
37 : 141 112 57 37 0
38 : 170 92 7 6 1
39 : 91 113 12 36 1
40 : 91 125 11 29 1
41 : 0 138 30 56 1
42 : 56 138 50 62 1
43 : 118 149 61 13 0
44 : 114 57 4 7 1
45 : 0 68 7 33 1
46 : 179 149 16 26 0
47 : 118 162 12 46 1
48 : 0 168 21 27 1
49 : 118 175 28 65 1
50 : 59 28 4 4 0
51 : 127 113 9 19 0
52 : 27 188 40 13 0
53 : 176 106 6 19 1
54 : 27 168 15 22 1
55 : 67 188 19 31 1
56 : 183 175 21 17 1
57 : 54 55 5 6 0
58 : 136 113 5 15 0
59 : 0 201 30 7 0
60 : 120 125 6 19 0
61 : 141 104 8 12 1
62 : 85 36 11 8 0
63 : 98 188 19 21 0
64 : 183 196 18 14 1
65 : 98 71 3 20 1
66 : 194 0 18 3 1
67 : 0 208 83 16 0
68 : 127 132 16 13 1
69 : 188 18 2 7 0
70 : 85 44 6 10 1
71 : 30 201 37 6 0
72 : 187 0 8 3 1
