200 228
0 : 65 68 66 25 0
1 : 125 167 14 30 1
2 : 56 203 18 14 0
3 : 0 110 43 34 0
4 : 131 68 59 30 0
5 : 185 205 10 16 0
6 : 155 180 8 33 1
7 : 171 98 22 47 0
8 : 110 201 18 16 0
9 : 115 188 26 13 0
10 : 37 179 24 17 0
11 : 153 214 26 4 0
12 : 82 199 7 28 1
13 : 0 185 26 14 0
14 : 56 93 30 51 1
15 : 43 135 39 25 0
16 : 193 221 7 3 0
17 : 91 206 19 9 0
18 : 128 214 25 6 0
19 : 56 217 8 14 1
20 : 83 50 18 78 1
21 : 74 206 14 17 1
22 : 43 123 62 12 0
23 : 107 98 15 64 1
24 : 195 205 16 5 1
25 : 82 138 46 13 0
26 : 168 154 27 26 0
27 : 107 113 12 63 1
28 : 82 191 30 8 0
29 : 0 0 36 91 1
30 : 0 144 23 31 1
31 : 110 217 8 13 1
32 : 163 205 22 9 0
33 : 128 145 9 50 1
34 : 0 220 14 4 0
35 : 40 216 8 16 1
36 : 0 199 22 12 0
37 : 161 0 57 37 1
38 : 149 221 7 6 0
39 : 89 163 12 36 1
40 : 148 188 11 29 1
41 : 0 80 30 56 1
42 : 91 0 50 62 1
43 : 105 125 61 13 0
44 : 98 221 4 7 1
45 : 115 181 7 33 1
46 : 89 175 16 26 1
47 : 82 151 12 46 1
48 : 62 163 21 27 1
49 : 0 52 28 65 1
50 : 105 221 4 4 0
51 : 0 211 9 19 1
52 : 128 154 40 13 0
53 : 91 215 6 19 1
54 : 141 199 15 22 1
55 : 31 160 19 31 1
56 : 177 188 21 17 0
57 : 14 220 5 6 0
58 : 123 220 5 15 1
59 : 26 196 30 7 0
60 : 19 217 6 19 1
61 : 173 218 8 12 1
62 : 138 220 11 8 0
63 : 61 184 19 21 1
64 : 22 203 18 14 0
65 : 153 218 3 20 1
66 : 70 220 18 3 0
67 : 0 36 83 16 0
68 : 40 203 16 13 0
69 : 156 221 2 7 1
70 : 88 221 6 10 1
71 : 0 179 37 6 0
72 : 185 221 8 3 0
