200 210
0 : 91 34 66 25 0
1 : 70 155 14 30 1
2 : 27 195 18 14 0
3 : 116 144 43 34 0
4 : 0 76 59 30 0
5 : 97 198 10 16 1
6 : 190 50 8 33 0
7 : 56 121 22 47 1
8 : 98 180 18 16 1
9 : 159 177 26 13 0
10 : 114 178 24 17 0
11 : 110 121 26 4 1
12 : 190 150 7 28 0
13 : 100 154 26 14 1
14 : 123 114 30 51 1
15 : 0 149 39 25 0
16 : 62 64 7 3 1
17 : 138 178 19 9 0
18 : 65 52 25 6 0
19 : 62 195 8 14 1
20 : 91 16 18 78 1
21 : 45 195 14 17 1
22 : 0 64 62 12 0
23 : 174 0 15 64 0
24 : 54 174 16 5 0
25 : 0 136 46 13 0
26 : 0 174 27 26 0
27 : 65 59 12 63 1
28 : 190 83 30 8 1
29 : 0 0 36 91 1
30 : 159 154 23 31 1
31 : 0 200 8 13 1
32 : 138 190 22 9 0
33 : 190 0 9 50 0
34 : 159 149 14 4 0
35 : 132 199 8 16 1
36 : 76 180 22 12 0
37 : 59 84 57 37 0
38 : 39 149 7 6 0
39 : 187 114 12 36 0
40 : 70 169 11 29 1
41 : 0 106 30 56 1
42 : 128 64 50 62 1
43 : 62 71 61 13 0
44 : 110 147 4 7 0
45 : 103 121 7 33 0
46 : 65 36 16 26 1
47 : 46 143 12 46 1
48 : 27 174 21 27 1
49 : 0 36 28 65 1
50 : 132 195 4 4 0
51 : 185 178 9 19 0
52 : 174 114 40 13 1
53 : 194 178 6 19 0
54 : 54 180 15 22 1
55 : 39 155 19 31 1
56 : 76 192 21 17 0
57 : 164 34 5 6 0
58 : 159 144 5 15 1
59 : 157 34 30 7 1
60 : 116 121 6 19 0
61 : 92 143 8 12 0
62 : 148 199 11 8 0
63 : 160 190 19 21 1
64 : 114 195 18 14 0
65 : 128 59 3 20 1
66 : 138 187 18 3 0
67 : 91 0 83 16 0
68 : 181 197 16 13 0
69 : 157 178 2 7 0
70 : 46 136 6 10 1
71 : 116 84 37 6 1
72 : 59 76 8 3 1
