100 26
0 : 96 16 5 4 1
1 : 83 5 3 13 1
2 : 0 0 49 3 0
3 : 10 18 3 5 1
4 : 74 12 5 5 0
5 : 15 18 3 5 1
6 : 86 12 5 5 0
7 : 93 8 3 3 0
8 : 83 8 4 10 1
9 : 25 22 3 4 1
10 : 96 0 4 11 0
11 : 7 15 3 7 1
12 : 33 3 9 8 0
13 : 33 12 7 33 1
14 : 93 11 5 5 0
15 : 36 19 5 3 0
16 : 0 18 4 5 1
17 : 5 18 5 4 0
18 : 41 19 5 3 0
19 : 46 19 3 5 1
20 : 83 0 12 5 0
21 : 49 23 3 3 0
22 : 29 22 3 4 1
23 : 19 23 3 3 0
24 : 70 21 3 5 1
25 : 76 17 5 3 1
26 : 31 19 3 5 1
27 : 26 15 3 7 1
28 : 91 16 5 5 0
29 : 89 21 5 3 0
30 : 20 20 5 3 0
31 : 0 15 3 7 1
32 : 60 19 5 3 0
33 : 40 22 3 3 0
34 : 4 22 3 4 1
35 : 71 17 5 4 0
36 : 51 19 4 4 0
37 : 75 22 3 4 1
38 : 37 22 3 3 0
39 : 66 12 4 8 1
40 : 26 18 5 4 0
41 : 79 20 5 3 0
42 : 0 22 4 3 0
43 : 0 3 12 33 1
44 : 84 21 3 5 1
45 : 43 22 3 3 0
46 : 10 21 4 4 0
47 : 14 21 3 5 1
48 : 21 15 5 5 0
49 : 66 16 5 4 0
50 : 14 15 7 3 0
51 : 55 19 5 3 0
52 : 84 17 5 4 0
53 : 65 20 5 3 0
54 : 55 22 3 4 1
55 : 33 22 3 4 1
56 : 94 21 3 5 1
57 : 46 22 3 3 0
58 : 59 22 3 4 1
59 : 79 12 7 3 0
60 : 42 3 5 8 0
61 : 49 0 34 12 0
62 : 79 15 5 5 0
