100 29
0 : 50 16 5 4 0
1 : 13 17 3 13 1
2 : 50 20 49 3 0
3 : 47 17 3 5 0
4 : 30 12 5 5 0
5 : 27 20 3 5 1
6 : 35 12 5 5 0
7 : 9 26 3 3 0
8 : 61 15 4 10 1
9 : 70 23 3 4 1
10 : 50 12 4 11 1
11 : 26 17 3 7 1
12 : 67 0 9 8 0
13 : 67 8 7 33 1
14 : 20 12 5 5 0
15 : 37 20 5 3 0
16 : 84 15 4 5 1
17 : 89 15 5 4 0
18 : 42 20 5 3 0
19 : 0 21 3 5 1
20 : 0 12 12 5 0
21 : 6 24 3 3 0
22 : 78 23 3 4 1
23 : 3 24 3 3 0
24 : 35 23 3 5 1
25 : 57 23 5 3 0
26 : 52 23 3 5 1
27 : 33 17 3 7 1
28 : 25 12 5 5 0
29 : 10 23 5 3 0
30 : 32 20 5 3 0
31 : 40 17 3 7 1
32 : 25 23 5 3 0
33 : 45 26 3 3 0
34 : 66 23 3 4 1
35 : 55 16 5 4 0
36 : 9 17 4 4 0
37 : 82 23 3 4 1
38 : 94 23 3 3 0
39 : 71 15 4 8 1
40 : 0 17 5 4 0
41 : 47 23 5 3 0
42 : 86 23 4 3 0
43 : 34 0 12 33 1
44 : 15 23 3 5 1
45 : 0 24 3 3 0
46 : 5 17 4 4 0
47 : 5 21 3 5 1
48 : 45 12 5 5 0
49 : 79 15 5 4 0
50 : 13 20 7 3 0
51 : 20 23 5 3 0
52 : 94 15 5 4 0
53 : 30 23 5 3 0
54 : 62 23 3 4 1
55 : 90 23 3 4 1
56 : 40 23 3 5 1
57 : 97 23 3 3 0
58 : 74 23 3 4 1
59 : 20 20 7 3 0
60 : 12 12 5 8 1
61 : 0 0 34 12 0
62 : 40 12 5 5 0
